#
# There is insufficient memory for the Java Runtime Environment to continue.
# Native memory allocation (mmap) failed to map 68157440 bytes for committing reserved memory.
# Possible reasons:
#   The system is out of physical RAM or swap space
#   In 32 bit mode, the process size limit was hit
# Possible solutions:
#   Reduce memory load on the system
#   Increase physical memory or swap space
#   Check if swap backing store is full
#   Use 64 bit Java on a 64 bit OS
#   Decrease Java heap size (-Xmx/-Xms)
#   Decrease number of Java threads
#   Decrease Java thread stack sizes (-Xss)
#   Set larger code cache with -XX:ReservedCodeCacheSize=
# This output file may be truncated or incomplete.
#
#  Out of Memory Error (os_linux.cpp:2640), pid=39372, tid=0x00007fa991f2d700
#
# JRE version: Java(TM) SE Runtime Environment (8.0_181-b13) (build 1.8.0_181-b13)
# Java VM: Java HotSpot(TM) 64-Bit Server VM (25.181-b13 mixed mode linux-amd64 compressed oops)
# Failed to write core dump. Core dumps have been disabled. To enable core dumping, try "ulimit -c unlimited" before starting Java again
#

---------------  T H R E A D  ---------------

Current thread (0x00007fa9a80fb800):  VMThread [stack: 0x00007fa991e2d000,0x00007fa991f2e000] [id=39401]

Stack: [0x00007fa991e2d000,0x00007fa991f2e000],  sp=0x00007fa991f2c020,  free space=1020k
Native frames: (J=compiled Java code, j=interpreted, Vv=VM code, C=native code)
V  [libjvm.so+0xad21aa]  VMError::report_and_die()+0x2ba
V  [libjvm.so+0x5022db]  report_vm_out_of_memory(char const*, int, unsigned long, VMErrorType, char const*)+0x8b
V  [libjvm.so+0x92fe33]  os::Linux::commit_memory_impl(char*, unsigned long, bool)+0x123
V  [libjvm.so+0x930059]  os::pd_commit_memory(char*, unsigned long, unsigned long, bool)+0x29
V  [libjvm.so+0x9272ba]  os::commit_memory(char*, unsigned long, unsigned long, bool)+0x2a
V  [libjvm.so+0x99d2e3]  PSVirtualSpace::expand_by(unsigned long)+0x53
V  [libjvm.so+0x99e6e8]  PSYoungGen::resize_generation(unsigned long, unsigned long)+0xf8
V  [libjvm.so+0x99d842]  PSYoungGen::resize(unsigned long, unsigned long)+0x22
V  [libjvm.so+0x99ab1b]  PSScavenge::invoke_no_policy()+0xf3b
V  [libjvm.so+0x99b2a1]  PSScavenge::invoke()+0x41
V  [libjvm.so+0x951d70]  ParallelScavengeHeap::failed_mem_allocate(unsigned long)+0x70
V  [libjvm.so+0xad3c27]  VM_ParallelGCFailedAllocation::doit()+0x97
V  [libjvm.so+0xadb745]  VM_Operation::evaluate()+0x55
V  [libjvm.so+0xad9b0a]  VMThread::evaluate_operation(VM_Operation*)+0xba
V  [libjvm.so+0xad9e8e]  VMThread::loop()+0x1ce
V  [libjvm.so+0xada300]  VMThread::run()+0x70
V  [libjvm.so+0x930198]  java_start(Thread*)+0x108

VM_Operation (0x00007fa9685ea9c0): ParallelGCFailedAllocation, mode: safepoint, requested by thread 0x00000000024bd800


---------------  P R O C E S S  ---------------

Java Threads: ( => current thread )
  0x00000000024bf000 JavaThread "RMI TCP Connection(6)-127.0.0.1" daemon [_thread_in_native, id=39840, stack(0x00007fa9683f3000,0x00007fa9684f4000)]
  0x00000000024bd800 JavaThread "RMI TCP Connection(5)-127.0.0.1" daemon [_thread_blocked, id=39768, stack(0x00007fa9684f4000,0x00007fa9685f5000)]
  0x00007fa980068000 JavaThread "RMI Scheduler(0)" daemon [_thread_blocked, id=39760, stack(0x00007fa9685f5000,0x00007fa9686f6000)]
  0x00007fa980062800 JavaThread "RMI RenewClean-[127.0.0.1:16902]" daemon [_thread_blocked, id=39745, stack(0x00007fa9686f6000,0x00007fa9687f7000)]
  0x00007fa958005800 JavaThread "pool-3-thread-3" [_thread_in_native, id=39699, stack(0x00007fa9688f8000,0x00007fa9689f9000)]
  0x00007fa958004000 JavaThread "pool-3-thread-2" [_thread_in_native, id=39696, stack(0x00007fa9689f9000,0x00007fa968afa000)]
  0x00007fa958003000 JavaThread "pool-3-thread-1" [_thread_in_native, id=39691, stack(0x00007fa968afa000,0x00007fa968bfb000)]
  0x00007fa9a8371800 JavaThread "Thread-3" [_thread_in_native, id=39572, stack(0x00007fa968bfb000,0x00007fa968cfc000)]
  0x00007fa9a8370000 JavaThread "Thread-2" [_thread_in_native, id=39569, stack(0x00007fa968cfc000,0x00007fa968dfd000)]
  0x00007fa9a836e800 JavaThread "process reaper" daemon [_thread_in_native, id=39566, stack(0x00007fa990055000,0x00007fa99008e000)]
  0x00007fa9a8368800 JavaThread "pool-2-thread-1" [_thread_in_native, id=39530, stack(0x00007fa968dfd000,0x00007fa968efe000)]
  0x00007fa9a8366000 JavaThread "GC Daemon" daemon [_thread_blocked, id=39524, stack(0x00007fa968efe000,0x00007fa968fff000)]
  0x00007fa9a8363800 JavaThread "RMI Reaper" [_thread_blocked, id=39522, stack(0x00007fa99008e000,0x00007fa99018f000)]
  0x00007fa9a835a800 JavaThread "RMI TCP Accept-12820" daemon [_thread_in_native, id=39516, stack(0x00007fa99018f000,0x00007fa990290000)]
  0x00007fa9a8355800 JavaThread "RMI TCP Accept-3388" daemon [_thread_in_native, id=39501, stack(0x00007fa990290000,0x00007fa990391000)]
  0x00007fa9a8294000 JavaThread "logback-3" daemon [_thread_blocked, id=39481, stack(0x00007fa99061c000,0x00007fa99071d000)]
  0x00007fa9a8292000 JavaThread "logback-2" daemon [_thread_blocked, id=39477, stack(0x00007fa99071d000,0x00007fa99081e000)]
  0x00007fa9a8290800 JavaThread "logback-1" daemon [_thread_blocked, id=39474, stack(0x00007fa99081e000,0x00007fa99091f000)]
  0x00007fa9a8142000 JavaThread "Service Thread" daemon [_thread_blocked, id=39448, stack(0x00007fa990e68000,0x00007fa990f69000)]
  0x00007fa9a813f000 JavaThread "C1 CompilerThread1" daemon [_thread_blocked, id=39439, stack(0x00007fa990f69000,0x00007fa99106a000)]
  0x00007fa9a813c000 JavaThread "C2 CompilerThread0" daemon [_thread_in_native, id=39428, stack(0x00007fa99106a000,0x00007fa99116b000)]
  0x00007fa9a813a800 JavaThread "Signal Dispatcher" daemon [_thread_blocked, id=39426, stack(0x00007fa99116b000,0x00007fa99126c000)]
  0x00007fa9a8107800 JavaThread "Finalizer" daemon [_thread_blocked, id=39419, stack(0x00007fa991c2b000,0x00007fa991d2c000)]
  0x00007fa9a8105000 JavaThread "Reference Handler" daemon [_thread_blocked, id=39405, stack(0x00007fa991d2c000,0x00007fa991e2d000)]
  0x00007fa9a800a800 JavaThread "main" [_thread_in_native, id=39380, stack(0x00007fa9adf8e000,0x00007fa9ae08f000)]

Other Threads:
=>0x00007fa9a80fb800 VMThread [stack: 0x00007fa991e2d000,0x00007fa991f2e000] [id=39401]
  0x00007fa9a8146800 WatcherThread [stack: 0x00007fa990d67000,0x00007fa990e68000] [id=39455]

VM state:at safepoint (normal execution)

VM Mutex/Monitor currently owned by a thread:  ([mutex/lock_event])
[0x00007fa9a8006ce0] Threads_lock - owner thread: 0x00007fa9a80fb800
[0x00007fa9a80071e0] Heap_lock - owner thread: 0x00000000024bd800

Heap:
 PSYoungGen      total 70656K, used 6132K [0x00000000d6900000, 0x00000000db500000, 0x0000000100000000)
  eden space 64512K, 0% used [0x00000000d6900000,0x00000000d6900000,0x00000000da800000)
  from space 6144K, 99% used [0x00000000da800000,0x00000000dadfd1a0,0x00000000dae00000)
  to   space 5120K, 0% used [0x00000000dae00000,0x00000000dae00000,0x00000000db300000)
 ParOldGen       total 86016K, used 7722K [0x0000000083a00000, 0x0000000088e00000, 0x00000000d6900000)
  object space 86016K, 8% used [0x0000000083a00000,0x000000008418ab38,0x0000000088e00000)
 Metaspace       used 14042K, capacity 14378K, committed 14592K, reserved 1062912K
  class space    used 1577K, capacity 1668K, committed 1792K, reserved 1048576K

Card table byte_map: [0x00007fa9977bd000,0x00007fa997ba1000] byte_map_base: 0x00007fa9973a0000

Marking Bits: (ParMarkBitMap*) 0x00007fa9ad4590a0
 Begin Bits: [0x00007fa9935f4000, 0x00007fa99550c000)
 End Bits:   [0x00007fa99550c000, 0x00007fa997424000)

Polling page: 0x00007fa9ae0ab000

CodeCache: size=245760Kb used=6249Kb max_used=6249Kb free=239510Kb
 bounds [0x00007fa997f61000, 0x00007fa998581000, 0x00007fa9a6f61000]
 total_blobs=2161 nmethods=1814 adapters=260
 compilation: enabled

Compilation events (10 events):
Event: 102.647 Thread 0x00007fa9a813f000 nmethod 1851 0x00007fa99855bb90 code [0x00007fa99855c020, 0x00007fa99855e748]
Event: 102.647 Thread 0x00007fa9a813f000 1852       2       org.evosuite.runtime.instrumentation.AnnotatedClassNode::visitMethod (31 bytes)
Event: 102.648 Thread 0x00007fa9a813f000 nmethod 1852 0x00007fa9985615d0 code [0x00007fa998561740, 0x00007fa998561998]
Event: 102.648 Thread 0x00007fa9a813f000 1853       2       org.evosuite.shaded.org.objectweb.asm.tree.MethodNode::visitCode (1 bytes)
Event: 102.648 Thread 0x00007fa9a813f000 nmethod 1853 0x00007fa998561ad0 code [0x00007fa998561c20, 0x00007fa998561d70]
Event: 102.648 Thread 0x00007fa9a813f000 1854       2       org.evosuite.shaded.org.objectweb.asm.tree.MethodNode::visitMaxs (11 bytes)
Event: 102.648 Thread 0x00007fa9a813f000 nmethod 1854 0x00007fa998561e10 code [0x00007fa998561f60, 0x00007fa9985620b0]
Event: 102.653 Thread 0x00007fa9a813f000 1855       2       org.evosuite.shaded.org.objectweb.asm.tree.MethodNode::visitLocalVariable (35 bytes)
Event: 102.653 Thread 0x00007fa9a813f000 nmethod 1855 0x00007fa998562150 code [0x00007fa9985622e0, 0x00007fa998562598]
Event: 102.653 Thread 0x00007fa9a813f000 1856       2       org.evosuite.shaded.org.objectweb.asm.ClassReader::readCode (3575 bytes)

GC Heap History (10 events):
Event: 100.146 GC heap after
Heap after GC invocations=3 (full 1):
 PSYoungGen      total 37888K, used 5115K [0x00000000d6900000, 0x00000000d9300000, 0x0000000100000000)
  eden space 32768K, 0% used [0x00000000d6900000,0x00000000d6900000,0x00000000d8900000)
  from space 5120K, 99% used [0x00000000d8e00000,0x00000000d92fee30,0x00000000d9300000)
  to   space 5120K, 0% used [0x00000000d8900000,0x00000000d8900000,0x00000000d8e00000)
 ParOldGen       total 86016K, used 4606K [0x0000000083a00000, 0x0000000088e00000, 0x00000000d6900000)
  object space 86016K, 5% used [0x0000000083a00000,0x0000000083e7f8e8,0x0000000088e00000)
 Metaspace       used 13615K, capacity 13926K, committed 14080K, reserved 1060864K
  class space    used 1574K, capacity 1668K, committed 1792K, reserved 1048576K
}
Event: 100.817 GC heap before
{Heap before GC invocations=4 (full 1):
 PSYoungGen      total 37888K, used 37883K [0x00000000d6900000, 0x00000000d9300000, 0x0000000100000000)
  eden space 32768K, 100% used [0x00000000d6900000,0x00000000d8900000,0x00000000d8900000)
  from space 5120K, 99% used [0x00000000d8e00000,0x00000000d92fee30,0x00000000d9300000)
  to   space 5120K, 0% used [0x00000000d8900000,0x00000000d8900000,0x00000000d8e00000)
 ParOldGen       total 86016K, used 4606K [0x0000000083a00000, 0x0000000088e00000, 0x00000000d6900000)
  object space 86016K, 5% used [0x0000000083a00000,0x0000000083e7f8e8,0x0000000088e00000)
 Metaspace       used 13736K, capacity 14054K, committed 14336K, reserved 1062912K
  class space    used 1575K, capacity 1668K, committed 1792K, reserved 1048576K
Event: 100.824 GC heap after
Heap after GC invocations=4 (full 1):
 PSYoungGen      total 37888K, used 4896K [0x00000000d6900000, 0x00000000d9300000, 0x0000000100000000)
  eden space 32768K, 0% used [0x00000000d6900000,0x00000000d6900000,0x00000000d8900000)
  from space 5120K, 95% used [0x00000000d8900000,0x00000000d8dc8348,0x00000000d8e00000)
  to   space 5120K, 0% used [0x00000000d8e00000,0x00000000d8e00000,0x00000000d9300000)
 ParOldGen       total 86016K, used 4606K [0x0000000083a00000, 0x0000000088e00000, 0x00000000d6900000)
  object space 86016K, 5% used [0x0000000083a00000,0x0000000083e7f8e8,0x0000000088e00000)
 Metaspace       used 13736K, capacity 14054K, committed 14336K, reserved 1062912K
  class space    used 1575K, capacity 1668K, committed 1792K, reserved 1048576K
}
Event: 101.302 GC heap before
{Heap before GC invocations=5 (full 1):
 PSYoungGen      total 37888K, used 37664K [0x00000000d6900000, 0x00000000d9300000, 0x0000000100000000)
  eden space 32768K, 100% used [0x00000000d6900000,0x00000000d8900000,0x00000000d8900000)
  from space 5120K, 95% used [0x00000000d8900000,0x00000000d8dc8348,0x00000000d8e00000)
  to   space 5120K, 0% used [0x00000000d8e00000,0x00000000d8e00000,0x00000000d9300000)
 ParOldGen       total 86016K, used 4606K [0x0000000083a00000, 0x0000000088e00000, 0x00000000d6900000)
  object space 86016K, 5% used [0x0000000083a00000,0x0000000083e7f8e8,0x0000000088e00000)
 Metaspace       used 13755K, capacity 14054K, committed 14336K, reserved 1062912K
  class space    used 1575K, capacity 1668K, committed 1792K, reserved 1048576K
Event: 101.310 GC heap after
Heap after GC invocations=5 (full 1):
 PSYoungGen      total 37888K, used 5100K [0x00000000d6900000, 0x00000000d9300000, 0x0000000100000000)
  eden space 32768K, 0% used [0x00000000d6900000,0x00000000d6900000,0x00000000d8900000)
  from space 5120K, 99% used [0x00000000d8e00000,0x00000000d92fb258,0x00000000d9300000)
  to   space 5120K, 0% used [0x00000000d8900000,0x00000000d8900000,0x00000000d8e00000)
 ParOldGen       total 86016K, used 5270K [0x0000000083a00000, 0x0000000088e00000, 0x00000000d6900000)
  object space 86016K, 6% used [0x0000000083a00000,0x0000000083f25988,0x0000000088e00000)
 Metaspace       used 13755K, capacity 14054K, committed 14336K, reserved 1062912K
  class space    used 1575K, capacity 1668K, committed 1792K, reserved 1048576K
}
Event: 101.553 GC heap before
{Heap before GC invocations=6 (full 1):
 PSYoungGen      total 37888K, used 37868K [0x00000000d6900000, 0x00000000d9300000, 0x0000000100000000)
  eden space 32768K, 100% used [0x00000000d6900000,0x00000000d8900000,0x00000000d8900000)
  from space 5120K, 99% used [0x00000000d8e00000,0x00000000d92fb258,0x00000000d9300000)
  to   space 5120K, 0% used [0x00000000d8900000,0x00000000d8900000,0x00000000d8e00000)
 ParOldGen       total 86016K, used 5270K [0x0000000083a00000, 0x0000000088e00000, 0x00000000d6900000)
  object space 86016K, 6% used [0x0000000083a00000,0x0000000083f25988,0x0000000088e00000)
 Metaspace       used 13774K, capacity 14118K, committed 14336K, reserved 1062912K
  class space    used 1575K, capacity 1668K, committed 1792K, reserved 1048576K
Event: 101.561 GC heap after
Heap after GC invocations=6 (full 1):
 PSYoungGen      total 37888K, used 5104K [0x00000000d6900000, 0x00000000db300000, 0x0000000100000000)
  eden space 32768K, 0% used [0x00000000d6900000,0x00000000d6900000,0x00000000d8900000)
  from space 5120K, 99% used [0x00000000d8900000,0x00000000d8dfc238,0x00000000d8e00000)
  to   space 5120K, 0% used [0x00000000dae00000,0x00000000dae00000,0x00000000db300000)
 ParOldGen       total 86016K, used 5594K [0x0000000083a00000, 0x0000000088e00000, 0x00000000d6900000)
  object space 86016K, 6% used [0x0000000083a00000,0x0000000083f769a8,0x0000000088e00000)
 Metaspace       used 13774K, capacity 14118K, committed 14336K, reserved 1062912K
  class space    used 1575K, capacity 1668K, committed 1792K, reserved 1048576K
}
Event: 101.793 GC heap before
{Heap before GC invocations=7 (full 1):
 PSYoungGen      total 37888K, used 37872K [0x00000000d6900000, 0x00000000db300000, 0x0000000100000000)
  eden space 32768K, 100% used [0x00000000d6900000,0x00000000d8900000,0x00000000d8900000)
  from space 5120K, 99% used [0x00000000d8900000,0x00000000d8dfc238,0x00000000d8e00000)
  to   space 5120K, 0% used [0x00000000dae00000,0x00000000dae00000,0x00000000db300000)
 ParOldGen       total 86016K, used 5594K [0x0000000083a00000, 0x0000000088e00000, 0x00000000d6900000)
  object space 86016K, 6% used [0x0000000083a00000,0x0000000083f769a8,0x0000000088e00000)
 Metaspace       used 13809K, capacity 14118K, committed 14336K, reserved 1062912K
  class space    used 1575K, capacity 1668K, committed 1792K, reserved 1048576K
Event: 101.804 GC heap after
Heap after GC invocations=7 (full 1):
 PSYoungGen      total 69632K, used 5088K [0x00000000d6900000, 0x00000000db500000, 0x0000000100000000)
  eden space 64512K, 0% used [0x00000000d6900000,0x00000000d6900000,0x00000000da800000)
  from space 5120K, 99% used [0x00000000dae00000,0x00000000db2f8288,0x00000000db300000)
  to   space 6144K, 0% used [0x00000000da800000,0x00000000da800000,0x00000000dae00000)
 ParOldGen       total 86016K, used 5770K [0x0000000083a00000, 0x0000000088e00000, 0x00000000d6900000)
  object space 86016K, 6% used [0x0000000083a00000,0x0000000083fa29a8,0x0000000088e00000)
 Metaspace       used 13809K, capacity 14118K, committed 14336K, reserved 1062912K
  class space    used 1575K, capacity 1668K, committed 1792K, reserved 1048576K
}
Event: 102.724 GC heap before
{Heap before GC invocations=8 (full 1):
 PSYoungGen      total 69632K, used 69600K [0x00000000d6900000, 0x00000000db500000, 0x0000000100000000)
  eden space 64512K, 100% used [0x00000000d6900000,0x00000000da800000,0x00000000da800000)
  from space 5120K, 99% used [0x00000000dae00000,0x00000000db2f8288,0x00000000db300000)
  to   space 6144K, 0% used [0x00000000da800000,0x00000000da800000,0x00000000dae00000)
 ParOldGen       total 86016K, used 5770K [0x0000000083a00000, 0x0000000088e00000, 0x00000000d6900000)
  object space 86016K, 6% used [0x0000000083a00000,0x0000000083fa29a8,0x0000000088e00000)
 Metaspace       used 14042K, capacity 14378K, committed 14592K, reserved 1062912K
  class space    used 1577K, capacity 1668K, committed 1792K, reserved 1048576K

Deoptimization events (10 events):
Event: 98.252 Thread 0x00000000024bd800 Uncommon trap: reason=bimorphic action=maybe_recompile pc=0x00007fa9981c00d4 method=java.util.HashMap.putVal(ILjava/lang/Object;Ljava/lang/Object;ZZ)Ljava/lang/Object; @ 91
Event: 98.252 Thread 0x00000000024bd800 Uncommon trap: reason=bimorphic action=maybe_recompile pc=0x00007fa9981c00d4 method=java.util.HashMap.putVal(ILjava/lang/Object;Ljava/lang/Object;ZZ)Ljava/lang/Object; @ 91
Event: 98.252 Thread 0x00000000024bd800 Uncommon trap: reason=bimorphic action=maybe_recompile pc=0x00007fa9981c00d4 method=java.util.HashMap.putVal(ILjava/lang/Object;Ljava/lang/Object;ZZ)Ljava/lang/Object; @ 91
Event: 99.547 Thread 0x00000000024bd800 Uncommon trap: reason=class_check action=maybe_recompile pc=0x00007fa9983626d4 method=java.util.HashMap.putVal(ILjava/lang/Object;Ljava/lang/Object;ZZ)Ljava/lang/Object; @ 203
Event: 99.548 Thread 0x00000000024bd800 Uncommon trap: reason=class_check action=maybe_recompile pc=0x00007fa9983626d4 method=java.util.HashMap.putVal(ILjava/lang/Object;Ljava/lang/Object;ZZ)Ljava/lang/Object; @ 203
Event: 99.548 Thread 0x00000000024bd800 Uncommon trap: reason=class_check action=maybe_recompile pc=0x00007fa9983626d4 method=java.util.HashMap.putVal(ILjava/lang/Object;Ljava/lang/Object;ZZ)Ljava/lang/Object; @ 203
Event: 99.548 Thread 0x00000000024bd800 Uncommon trap: reason=class_check action=maybe_recompile pc=0x00007fa9983626d4 method=java.util.HashMap.putVal(ILjava/lang/Object;Ljava/lang/Object;ZZ)Ljava/lang/Object; @ 203
Event: 99.848 Thread 0x00000000024bd800 Uncommon trap: reason=bimorphic action=maybe_recompile pc=0x00007fa99838ee18 method=java.util.HashMap.putVal(ILjava/lang/Object;Ljava/lang/Object;ZZ)Ljava/lang/Object; @ 203
Event: 99.849 Thread 0x00000000024bd800 Uncommon trap: reason=bimorphic action=maybe_recompile pc=0x00007fa99838ee18 method=java.util.HashMap.putVal(ILjava/lang/Object;Ljava/lang/Object;ZZ)Ljava/lang/Object; @ 203
Event: 100.235 Thread 0x00000000024bd800 Uncommon trap: reason=unstable_if action=reinterpret pc=0x00007fa9981428a8 method=java.lang.AbstractStringBuilder.append(Ljava/lang/String;)Ljava/lang/AbstractStringBuilder; @ 1

Classes redefined (0 events):
No events

Internal exceptions (10 events):
Event: 81.642 Thread 0x00007fa9a8292000 Exception <a 'java/net/ConnectException'> (0x00000000d6d4d3b0) thrown at [/HUDSON/workspace/8-2-build-linux-amd64/jdk8u181/11358/hotspot/src/share/vm/prims/jni.cpp, line 709]
Event: 81.655 Thread 0x00007fa9a8294000 Exception <a 'java/net/ConnectException'> (0x00000000d6d9f330) thrown at [/HUDSON/workspace/8-2-build-linux-amd64/jdk8u181/11358/hotspot/src/share/vm/prims/jni.cpp, line 709]
Event: 91.638 Thread 0x00007fa9a8290800 Exception <a 'java/net/ConnectException'> (0x00000000d6cfc090) thrown at [/HUDSON/workspace/8-2-build-linux-amd64/jdk8u181/11358/hotspot/src/share/vm/prims/jni.cpp, line 709]
Event: 91.642 Thread 0x00007fa9a8292000 Exception <a 'java/net/ConnectException'> (0x00000000d6d4ded8) thrown at [/HUDSON/workspace/8-2-build-linux-amd64/jdk8u181/11358/hotspot/src/share/vm/prims/jni.cpp, line 709]
Event: 91.656 Thread 0x00007fa9a8294000 Exception <a 'java/net/ConnectException'> (0x00000000d6d9fe58) thrown at [/HUDSON/workspace/8-2-build-linux-amd64/jdk8u181/11358/hotspot/src/share/vm/prims/jni.cpp, line 709]
Event: 98.607 Thread 0x00000000024bd800 Exception <a 'java/lang/NoSuchMethodError': <clinit>> (0x00000000d7470728) thrown at [/HUDSON/workspace/8-2-build-linux-amd64/jdk8u181/11358/hotspot/src/share/vm/prims/jni.cpp, line 1613]
Event: 100.235 Thread 0x00000000024bd800 Implicit null exception at 0x00007fa9981424b6 to 0x00007fa998142891
Event: 101.639 Thread 0x00007fa9a8290800 Exception <a 'java/net/ConnectException'> (0x00000000d79bb780) thrown at [/HUDSON/workspace/8-2-build-linux-amd64/jdk8u181/11358/hotspot/src/share/vm/prims/jni.cpp, line 709]
Event: 101.643 Thread 0x00007fa9a8292000 Exception <a 'java/net/ConnectException'> (0x00000000d79f0c40) thrown at [/HUDSON/workspace/8-2-build-linux-amd64/jdk8u181/11358/hotspot/src/share/vm/prims/jni.cpp, line 709]
Event: 101.657 Thread 0x00007fa9a8294000 Exception <a 'java/net/ConnectException'> (0x00000000d81665d0) thrown at [/HUDSON/workspace/8-2-build-linux-amd64/jdk8u181/11358/hotspot/src/share/vm/prims/jni.cpp, line 709]

Events (10 events):
Event: 102.332 Thread 0x00000000024bd800 DEOPT UNPACKING pc=0x00007fa997fa8784 sp=0x00007fa9685ebc40 mode 0
Event: 102.477 Thread 0x00000000024bd800 DEOPT PACKING pc=0x00007fa99842ec6d sp=0x00007fa9685ebc30
Event: 102.477 Thread 0x00000000024bd800 DEOPT UNPACKING pc=0x00007fa997fa8784 sp=0x00007fa9685eba20 mode 0
Event: 102.621 Thread 0x00000000024bd800 DEOPT PACKING pc=0x00007fa998327a61 sp=0x00007fa9685ea350
Event: 102.621 Thread 0x00000000024bd800 DEOPT UNPACKING pc=0x00007fa997fa8784 sp=0x00007fa9685ea0c8 mode 0
Event: 102.657 loading class org/evosuite/shaded/org/objectweb/asm/tree/TryCatchBlockNode
Event: 102.657 loading class org/evosuite/shaded/org/objectweb/asm/tree/TryCatchBlockNode done
Event: 102.665 loading class org/evosuite/runtime/instrumentation/CreateClassResetClassAdapter$StaticField
Event: 102.665 loading class org/evosuite/runtime/instrumentation/CreateClassResetClassAdapter$StaticField done
Event: 102.724 Executing VM operation: ParallelGCFailedAllocation


Dynamic libraries:
00400000-00401000 r-xp 00000000 08:01 1448396                            /usr/lib/jvm/jdk1.8.0_181/bin/java
00600000-00601000 rw-p 00000000 08:01 1448396                            /usr/lib/jvm/jdk1.8.0_181/bin/java
024bb000-024dc000 rw-p 00000000 00:00 0                                  [heap]
83a00000-88e00000 rw-p 00000000 00:00 0 
88e00000-d6900000 ---p 00000000 00:00 0 
d6900000-db500000 rw-p 00000000 00:00 0 
df600000-100000000 ---p 00000000 00:00 0 
100000000-1001c0000 rw-p 00000000 00:00 0 
1001c0000-140000000 ---p 00000000 00:00 0 
7fa950000000-7fa950021000 rw-p 00000000 00:00 0 
7fa950021000-7fa954000000 ---p 00000000 00:00 0 
7fa957e00000-7fa957e80000 rw-p 00000000 00:00 0 
7fa957e80000-7fa958000000 ---p 00000000 00:00 0 
7fa958000000-7fa958021000 rw-p 00000000 00:00 0 
7fa958021000-7fa95c000000 ---p 00000000 00:00 0 
7fa95c000000-7fa95c021000 rw-p 00000000 00:00 0 
7fa95c021000-7fa960000000 ---p 00000000 00:00 0 
7fa960000000-7fa960021000 rw-p 00000000 00:00 0 
7fa960021000-7fa964000000 ---p 00000000 00:00 0 
7fa964000000-7fa964021000 rw-p 00000000 00:00 0 
7fa964021000-7fa968000000 ---p 00000000 00:00 0 
7fa9681f3000-7fa9683f3000 rw-p 00000000 00:00 0 
7fa9683f3000-7fa9683f6000 ---p 00000000 00:00 0 
7fa9683f6000-7fa9684f4000 rw-p 00000000 00:00 0 
7fa9684f4000-7fa9684f7000 ---p 00000000 00:00 0 
7fa9684f7000-7fa9685f5000 rw-p 00000000 00:00 0 
7fa9685f5000-7fa9685f8000 ---p 00000000 00:00 0 
7fa9685f8000-7fa9686f6000 rw-p 00000000 00:00 0 
7fa9686f6000-7fa9686f9000 ---p 00000000 00:00 0 
7fa9686f9000-7fa9687f7000 rw-p 00000000 00:00 0 
7fa9687f7000-7fa9687fa000 ---p 00000000 00:00 0 
7fa9687fa000-7fa9688f8000 rw-p 00000000 00:00 0 
7fa9688f8000-7fa9688fb000 ---p 00000000 00:00 0 
7fa9688fb000-7fa9689f9000 rw-p 00000000 00:00 0 
7fa9689f9000-7fa9689fc000 ---p 00000000 00:00 0 
7fa9689fc000-7fa968afa000 rw-p 00000000 00:00 0 
7fa968afa000-7fa968afd000 ---p 00000000 00:00 0 
7fa968afd000-7fa968bfb000 rw-p 00000000 00:00 0 
7fa968bfb000-7fa968bfe000 ---p 00000000 00:00 0 
7fa968bfe000-7fa968cfc000 rw-p 00000000 00:00 0 
7fa968cfc000-7fa968cff000 ---p 00000000 00:00 0 
7fa968cff000-7fa968dfd000 rw-p 00000000 00:00 0 
7fa968dfd000-7fa968e00000 ---p 00000000 00:00 0 
7fa968e00000-7fa968efe000 rw-p 00000000 00:00 0 
7fa968efe000-7fa968f01000 ---p 00000000 00:00 0 
7fa968f01000-7fa96c000000 rw-p 00000000 00:00 0 
7fa96c000000-7fa96c9d5000 rw-p 00000000 00:00 0 
7fa96c9d5000-7fa970000000 ---p 00000000 00:00 0 
7fa970000000-7fa970021000 rw-p 00000000 00:00 0 
7fa970021000-7fa974000000 ---p 00000000 00:00 0 
7fa974000000-7fa974021000 rw-p 00000000 00:00 0 
7fa974021000-7fa978000000 ---p 00000000 00:00 0 
7fa978000000-7fa978be6000 rw-p 00000000 00:00 0 
7fa978be6000-7fa97c000000 ---p 00000000 00:00 0 
7fa97c000000-7fa97c021000 rw-p 00000000 00:00 0 
7fa97c021000-7fa980000000 ---p 00000000 00:00 0 
7fa980000000-7fa98006b000 rw-p 00000000 00:00 0 
7fa98006b000-7fa984000000 ---p 00000000 00:00 0 
7fa984000000-7fa984173000 rw-p 00000000 00:00 0 
7fa984173000-7fa988000000 ---p 00000000 00:00 0 
7fa988000000-7fa98829a000 rw-p 00000000 00:00 0 
7fa98829a000-7fa98c000000 ---p 00000000 00:00 0 
7fa98c000000-7fa98c031000 rw-p 00000000 00:00 0 
7fa98c031000-7fa990000000 ---p 00000000 00:00 0 
7fa990026000-7fa990039000 r--s 00345000 08:01 2756119                    /usr/lib/jvm/jdk1.8.0_181/jre/lib/resources.jar
7fa990039000-7fa990055000 r--s 00393000 08:01 2756136                    /usr/lib/jvm/jdk1.8.0_181/jre/lib/ext/cldrdata.jar
7fa990055000-7fa990058000 ---p 00000000 00:00 0 
7fa990058000-7fa99008e000 rw-p 00000000 00:00 0 
7fa99008e000-7fa990091000 ---p 00000000 00:00 0 
7fa990091000-7fa99018f000 rw-p 00000000 00:00 0 
7fa99018f000-7fa990192000 ---p 00000000 00:00 0 
7fa990192000-7fa990290000 rw-p 00000000 00:00 0 
7fa990290000-7fa990293000 ---p 00000000 00:00 0 
7fa990293000-7fa990591000 rw-p 00000000 00:00 0 
7fa990591000-7fa9905a3000 r--s 00169000 08:01 3026787                    /home/whj/dowork/DiffTGen/extra_output/Chart_1_2-plausible_sketchfix/target/build/classes/all0.jar
7fa9905a3000-7fa99061c000 r--s 010f9000 08:01 1448503                    /usr/lib/jvm/jdk1.8.0_181/lib/tools.jar
7fa99061c000-7fa99061f000 ---p 00000000 00:00 0 
7fa99061f000-7fa99071d000 rw-p 00000000 00:00 0 
7fa99071d000-7fa990720000 ---p 00000000 00:00 0 
7fa990720000-7fa99081e000 rw-p 00000000 00:00 0 
7fa99081e000-7fa990821000 ---p 00000000 00:00 0 
7fa990821000-7fa99091f000 rw-p 00000000 00:00 0 
7fa99091f000-7fa990935000 r-xp 00000000 08:01 2756237                    /usr/lib/jvm/jdk1.8.0_181/jre/lib/amd64/libnet.so
7fa990935000-7fa990b35000 ---p 00016000 08:01 2756237                    /usr/lib/jvm/jdk1.8.0_181/jre/lib/amd64/libnet.so
7fa990b35000-7fa990b36000 rw-p 00016000 08:01 2756237                    /usr/lib/jvm/jdk1.8.0_181/jre/lib/amd64/libnet.so
7fa990b36000-7fa990d67000 r--s 01bb1000 08:01 1706762                    /home/whj/dowork/DiffTGen/lib/evosuite-1.0.6.jar
7fa990d67000-7fa990d68000 ---p 00000000 00:00 0 
7fa990d68000-7fa990e68000 rw-p 00000000 00:00 0 
7fa990e68000-7fa990e6b000 ---p 00000000 00:00 0 
7fa990e6b000-7fa990f69000 rw-p 00000000 00:00 0 
7fa990f69000-7fa990f6c000 ---p 00000000 00:00 0 
7fa990f6c000-7fa99106a000 rw-p 00000000 00:00 0 
7fa99106a000-7fa99106d000 ---p 00000000 00:00 0 
7fa99106d000-7fa99116b000 rw-p 00000000 00:00 0 
7fa99116b000-7fa99116e000 ---p 00000000 00:00 0 
7fa99116e000-7fa99126c000 rw-p 00000000 00:00 0 
7fa99126c000-7fa991c2b000 r--p 00000000 08:01 1316108                    /usr/lib/locale/locale-archive
7fa991c2b000-7fa991c2e000 ---p 00000000 00:00 0 
7fa991c2e000-7fa991d2c000 rw-p 00000000 00:00 0 
7fa991d2c000-7fa991d2f000 ---p 00000000 00:00 0 
7fa991d2f000-7fa991e2d000 rw-p 00000000 00:00 0 
7fa991e2d000-7fa991e2e000 ---p 00000000 00:00 0 
7fa991e2e000-7fa992837000 rw-p 00000000 00:00 0 
7fa992837000-7fa992a11000 r--s 03d6b000 08:01 2756084                    /usr/lib/jvm/jdk1.8.0_181/jre/lib/rt.jar
7fa992a11000-7fa997424000 rw-p 00000000 00:00 0 
7fa997424000-7fa997425000 ---p 00000000 00:00 0 
7fa997425000-7fa99754f000 rw-p 00000000 00:00 0 
7fa99754f000-7fa9977bd000 ---p 00000000 00:00 0 
7fa9977bd000-7fa9977e7000 rw-p 00000000 00:00 0 
7fa9977e7000-7fa997a54000 ---p 00000000 00:00 0 
7fa997a54000-7fa997a7b000 rw-p 00000000 00:00 0 
7fa997a7b000-7fa997ba0000 ---p 00000000 00:00 0 
7fa997ba0000-7fa997bba000 rw-p 00000000 00:00 0 
7fa997bba000-7fa997f61000 ---p 00000000 00:00 0 
7fa997f61000-7fa998581000 rwxp 00000000 00:00 0 
7fa998581000-7fa9a6f61000 ---p 00000000 00:00 0 
7fa9a6f61000-7fa9a6f7c000 r-xp 00000000 08:01 2756233                    /usr/lib/jvm/jdk1.8.0_181/jre/lib/amd64/libzip.so
7fa9a6f7c000-7fa9a717c000 ---p 0001b000 08:01 2756233                    /usr/lib/jvm/jdk1.8.0_181/jre/lib/amd64/libzip.so
7fa9a717c000-7fa9a717d000 rw-p 0001b000 08:01 2756233                    /usr/lib/jvm/jdk1.8.0_181/jre/lib/amd64/libzip.so
7fa9a717d000-7fa9a7188000 r-xp 00000000 08:01 1054188                    /lib/x86_64-linux-gnu/libnss_files-2.23.so
7fa9a7188000-7fa9a7387000 ---p 0000b000 08:01 1054188                    /lib/x86_64-linux-gnu/libnss_files-2.23.so
7fa9a7387000-7fa9a7388000 r--p 0000a000 08:01 1054188                    /lib/x86_64-linux-gnu/libnss_files-2.23.so
7fa9a7388000-7fa9a7389000 rw-p 0000b000 08:01 1054188                    /lib/x86_64-linux-gnu/libnss_files-2.23.so
7fa9a7389000-7fa9a738f000 rw-p 00000000 00:00 0 
7fa9a738f000-7fa9a739a000 r-xp 00000000 08:01 1054198                    /lib/x86_64-linux-gnu/libnss_nis-2.23.so
7fa9a739a000-7fa9a7599000 ---p 0000b000 08:01 1054198                    /lib/x86_64-linux-gnu/libnss_nis-2.23.so
7fa9a7599000-7fa9a759a000 r--p 0000a000 08:01 1054198                    /lib/x86_64-linux-gnu/libnss_nis-2.23.so
7fa9a759a000-7fa9a759b000 rw-p 0000b000 08:01 1054198                    /lib/x86_64-linux-gnu/libnss_nis-2.23.so
7fa9a759b000-7fa9a75b1000 r-xp 00000000 08:01 1054182                    /lib/x86_64-linux-gnu/libnsl-2.23.so
7fa9a75b1000-7fa9a77b0000 ---p 00016000 08:01 1054182                    /lib/x86_64-linux-gnu/libnsl-2.23.so
7fa9a77b0000-7fa9a77b1000 r--p 00015000 08:01 1054182                    /lib/x86_64-linux-gnu/libnsl-2.23.so
7fa9a77b1000-7fa9a77b2000 rw-p 00016000 08:01 1054182                    /lib/x86_64-linux-gnu/libnsl-2.23.so
7fa9a77b2000-7fa9a77b4000 rw-p 00000000 00:00 0 
7fa9a77b4000-7fa9a77bc000 r-xp 00000000 08:01 1054184                    /lib/x86_64-linux-gnu/libnss_compat-2.23.so
7fa9a77bc000-7fa9a79bb000 ---p 00008000 08:01 1054184                    /lib/x86_64-linux-gnu/libnss_compat-2.23.so
7fa9a79bb000-7fa9a79bc000 r--p 00007000 08:01 1054184                    /lib/x86_64-linux-gnu/libnss_compat-2.23.so
7fa9a79bc000-7fa9a79bd000 rw-p 00008000 08:01 1054184                    /lib/x86_64-linux-gnu/libnss_compat-2.23.so
7fa9a79bd000-7fa9a79e8000 r-xp 00000000 08:01 2756227                    /usr/lib/jvm/jdk1.8.0_181/jre/lib/amd64/libjava.so
7fa9a79e8000-7fa9a7be7000 ---p 0002b000 08:01 2756227                    /usr/lib/jvm/jdk1.8.0_181/jre/lib/amd64/libjava.so
7fa9a7be7000-7fa9a7be9000 rw-p 0002a000 08:01 2756227                    /usr/lib/jvm/jdk1.8.0_181/jre/lib/amd64/libjava.so
7fa9a7be9000-7fa9a7bf6000 r-xp 00000000 08:01 2756232                    /usr/lib/jvm/jdk1.8.0_181/jre/lib/amd64/libverify.so
7fa9a7bf6000-7fa9a7df6000 ---p 0000d000 08:01 2756232                    /usr/lib/jvm/jdk1.8.0_181/jre/lib/amd64/libverify.so
7fa9a7df6000-7fa9a7df8000 rw-p 0000d000 08:01 2756232                    /usr/lib/jvm/jdk1.8.0_181/jre/lib/amd64/libverify.so
7fa9a7df8000-7fa9a7dff000 r-xp 00000000 08:01 1054243                    /lib/x86_64-linux-gnu/librt-2.23.so
7fa9a7dff000-7fa9a7ffe000 ---p 00007000 08:01 1054243                    /lib/x86_64-linux-gnu/librt-2.23.so
7fa9a7ffe000-7fa9a7fff000 r--p 00006000 08:01 1054243                    /lib/x86_64-linux-gnu/librt-2.23.so
7fa9a7fff000-7fa9a8000000 rw-p 00007000 08:01 1054243                    /lib/x86_64-linux-gnu/librt-2.23.so
7fa9a8000000-7fa9a846c000 rw-p 00000000 00:00 0 
7fa9a846c000-7fa9ac000000 ---p 00000000 00:00 0 
7fa9ac005000-7fa9ac07b000 rw-p 00000000 00:00 0 
7fa9ac07b000-7fa9ac07c000 ---p 00000000 00:00 0 
7fa9ac07c000-7fa9ac17c000 rw-p 00000000 00:00 0 
7fa9ac17c000-7fa9ac284000 r-xp 00000000 08:01 1054159                    /lib/x86_64-linux-gnu/libm-2.23.so
7fa9ac284000-7fa9ac483000 ---p 00108000 08:01 1054159                    /lib/x86_64-linux-gnu/libm-2.23.so
7fa9ac483000-7fa9ac484000 r--p 00107000 08:01 1054159                    /lib/x86_64-linux-gnu/libm-2.23.so
7fa9ac484000-7fa9ac485000 rw-p 00108000 08:01 1054159                    /lib/x86_64-linux-gnu/libm-2.23.so
7fa9ac485000-7fa9ad161000 r-xp 00000000 08:01 2756209                    /usr/lib/jvm/jdk1.8.0_181/jre/lib/amd64/server/libjvm.so
7fa9ad161000-7fa9ad361000 ---p 00cdc000 08:01 2756209                    /usr/lib/jvm/jdk1.8.0_181/jre/lib/amd64/server/libjvm.so
7fa9ad361000-7fa9ad43b000 rw-p 00cdc000 08:01 2756209                    /usr/lib/jvm/jdk1.8.0_181/jre/lib/amd64/server/libjvm.so
7fa9ad43b000-7fa9ad486000 rw-p 00000000 00:00 0 
7fa9ad486000-7fa9ad646000 r-xp 00000000 08:01 1054089                    /lib/x86_64-linux-gnu/libc-2.23.so
7fa9ad646000-7fa9ad846000 ---p 001c0000 08:01 1054089                    /lib/x86_64-linux-gnu/libc-2.23.so
7fa9ad846000-7fa9ad84a000 r--p 001c0000 08:01 1054089                    /lib/x86_64-linux-gnu/libc-2.23.so
7fa9ad84a000-7fa9ad84c000 rw-p 001c4000 08:01 1054089                    /lib/x86_64-linux-gnu/libc-2.23.so
7fa9ad84c000-7fa9ad850000 rw-p 00000000 00:00 0 
7fa9ad850000-7fa9ad853000 r-xp 00000000 08:01 1054113                    /lib/x86_64-linux-gnu/libdl-2.23.so
7fa9ad853000-7fa9ada52000 ---p 00003000 08:01 1054113                    /lib/x86_64-linux-gnu/libdl-2.23.so
7fa9ada52000-7fa9ada53000 r--p 00002000 08:01 1054113                    /lib/x86_64-linux-gnu/libdl-2.23.so
7fa9ada53000-7fa9ada54000 rw-p 00003000 08:01 1054113                    /lib/x86_64-linux-gnu/libdl-2.23.so
7fa9ada54000-7fa9ada6a000 r-xp 00000000 08:01 1449032                    /usr/lib/jvm/jdk1.8.0_181/lib/amd64/jli/libjli.so
7fa9ada6a000-7fa9adc69000 ---p 00016000 08:01 1449032                    /usr/lib/jvm/jdk1.8.0_181/lib/amd64/jli/libjli.so
7fa9adc69000-7fa9adc6a000 rw-p 00015000 08:01 1449032                    /usr/lib/jvm/jdk1.8.0_181/lib/amd64/jli/libjli.so
7fa9adc6a000-7fa9adc82000 r-xp 00000000 08:01 1054235                    /lib/x86_64-linux-gnu/libpthread-2.23.so
7fa9adc82000-7fa9ade81000 ---p 00018000 08:01 1054235                    /lib/x86_64-linux-gnu/libpthread-2.23.so
7fa9ade81000-7fa9ade82000 r--p 00017000 08:01 1054235                    /lib/x86_64-linux-gnu/libpthread-2.23.so
7fa9ade82000-7fa9ade83000 rw-p 00018000 08:01 1054235                    /lib/x86_64-linux-gnu/libpthread-2.23.so
7fa9ade83000-7fa9ade87000 rw-p 00000000 00:00 0 
7fa9ade87000-7fa9adead000 r-xp 00000000 08:01 1054061                    /lib/x86_64-linux-gnu/ld-2.23.so
7fa9adeb3000-7fa9adebd000 r--s 00116000 08:01 2756143                    /usr/lib/jvm/jdk1.8.0_181/jre/lib/ext/localedata.jar
7fa9adebd000-7fa9adf8e000 rw-p 00000000 00:00 0 
7fa9adf8e000-7fa9adf91000 ---p 00000000 00:00 0 
7fa9adf91000-7fa9ae094000 rw-p 00000000 00:00 0 
7fa9ae094000-7fa9ae099000 r--s 0009d000 08:01 2756133                    /usr/lib/jvm/jdk1.8.0_181/jre/lib/jsse.jar
7fa9ae099000-7fa9ae0a1000 r--s 0006e000 08:01 2248917                    /home/whj/dowork/DiffTGen/lib/commons-lang3-3.5.jar
7fa9ae0a1000-7fa9ae0a2000 r--s 00000000 08:01 2248922                    /home/whj/dowork/DiffTGen/lib/myprinter.jar
7fa9ae0a2000-7fa9ae0aa000 rw-s 00000000 08:01 1984689                    /tmp/hsperfdata_whj/39372
7fa9ae0aa000-7fa9ae0ab000 rw-p 00000000 00:00 0 
7fa9ae0ab000-7fa9ae0ac000 ---p 00000000 00:00 0 
7fa9ae0ac000-7fa9ae0ad000 r--p 00025000 08:01 1054061                    /lib/x86_64-linux-gnu/ld-2.23.so
7fa9ae0ad000-7fa9ae0ae000 rw-p 00026000 08:01 1054061                    /lib/x86_64-linux-gnu/ld-2.23.so
7fa9ae0ae000-7fa9ae0af000 rw-p 00000000 00:00 0 
7ffd7ba10000-7ffd7ba32000 rw-p 00000000 00:00 0                          [stack]
7ffd7bbbe000-7ffd7bbc1000 r--p 00000000 00:00 0                          [vvar]
7ffd7bbc1000-7ffd7bbc3000 r-xp 00000000 00:00 0                          [vdso]
ffffffffff600000-ffffffffff601000 r-xp 00000000 00:00 0                  [vsyscall]

VM Arguments:
java_command: /home/whj/dowork/DiffTGen/lib/evosuite-1.0.6.jar -base_dir /home/whj/dowork/DiffTGen/extra_output/Chart_1_2-plausible_sketchfix/target/0/23 -projectCP /home/whj/dowork/DiffTGen/extra_output/Chart_1_2-plausible_sketchfix/target/build/classes/all0.jar:/home/whj/dowork/DiffTGen/lib/myprinter.jar:/home/whj/dowork/DiffTGen/lib/commons-lang3-3.5.jar -class org.jfree.chart.renderer.category.AbstractCategoryItemRenderer -Dassertions=false -Dsearch_budget=60
java_class_path (initial): /home/whj/dowork/DiffTGen/lib/evosuite-1.0.6.jar
Launcher Type: SUN_STANDARD

Environment Variables:
JAVA_HOME=/usr/lib/jvm/jdk1.8.0_181
JRE_HOME=/usr/lib/jvm/jdk1.8.0_181/jre
CLASSPATH=.:/usr/lib/jvm/jdk1.8.0_181/lib:/usr/lib/jvm/jdk1.8.0_181/jre/lib
PATH=/home/whj/perl5/bin:/home/whj/dowork/defects4j-1.2.0/framework/bin:/usr/lib/jvm/jdk1.8.0_181/bin:/usr/lib/jvm/jdk1.8.0_181/jre/bin:/home/whj/bin:/home/whj/.local/bin:/usr/local/sbin:/usr/local/bin:/usr/sbin:/usr/bin:/sbin:/bin:/usr/games:/usr/local/games" :/snap/bin:/home/whj/bin
SHELL=/bin/bash
DISPLAY=:0

Signal Handlers:
SIGSEGV: [libjvm.so+0xad2a40], sa_mask[0]=11111111011111111101111111111110, sa_flags=SA_RESTART|SA_SIGINFO
SIGBUS: [libjvm.so+0xad2a40], sa_mask[0]=11111111011111111101111111111110, sa_flags=SA_RESTART|SA_SIGINFO
SIGFPE: [libjvm.so+0x92a610], sa_mask[0]=11111111011111111101111111111110, sa_flags=SA_RESTART|SA_SIGINFO
SIGPIPE: [libjvm.so+0x92a610], sa_mask[0]=11111111011111111101111111111110, sa_flags=SA_RESTART|SA_SIGINFO
SIGXFSZ: [libjvm.so+0x92a610], sa_mask[0]=11111111011111111101111111111110, sa_flags=SA_RESTART|SA_SIGINFO
SIGILL: [libjvm.so+0x92a610], sa_mask[0]=11111111011111111101111111111110, sa_flags=SA_RESTART|SA_SIGINFO
SIGUSR1: SIG_DFL, sa_mask[0]=00000000000000000000000000000000, sa_flags=none
SIGUSR2: [libjvm.so+0x92be70], sa_mask[0]=00100000000000000000000000000000, sa_flags=SA_RESTART|SA_SIGINFO
SIGHUP: [libjvm.so+0x92d270], sa_mask[0]=11111111011111111101111111111110, sa_flags=SA_RESTART|SA_SIGINFO
SIGINT: [libjvm.so+0x92d270], sa_mask[0]=11111111011111111101111111111110, sa_flags=SA_RESTART|SA_SIGINFO
SIGTERM: [libjvm.so+0x92d270], sa_mask[0]=11111111011111111101111111111110, sa_flags=SA_RESTART|SA_SIGINFO
SIGQUIT: [libjvm.so+0x92d270], sa_mask[0]=11111111011111111101111111111110, sa_flags=SA_RESTART|SA_SIGINFO


---------------  S Y S T E M  ---------------

OS:DISTRIB_ID=Ubuntu
DISTRIB_RELEASE=16.04
DISTRIB_CODENAME=xenial
DISTRIB_DESCRIPTION="Ubuntu 16.04.6 LTS"

uname:Linux 4.15.0-91-generic #92~16.04.1-Ubuntu SMP Fri Feb 28 14:57:22 UTC 2020 x86_64
libc:glibc 2.23 NPTL 2.23 
rlimit: STACK 8192k, CORE 0k, NPROC 31576, NOFILE 1048576, AS infinity
load average:14.45 12.10 6.69

/proc/meminfo:
MemTotal:        8144704 kB
MemFree:          107840 kB
MemAvailable:          0 kB
Buffers:             140 kB
Cached:            27288 kB
SwapCached:        22308 kB
Active:          6486868 kB
Inactive:         927848 kB
Active(anon):    6481056 kB
Inactive(anon):   916604 kB
Active(file):       5812 kB
Inactive(file):    11244 kB
Unevictable:          48 kB
Mlocked:              48 kB
SwapTotal:        998396 kB
SwapFree:              0 kB
Dirty:                60 kB
Writeback:           156 kB
AnonPages:       7365536 kB
Mapped:            16956 kB
Shmem:             10148 kB
Slab:             112492 kB
SReclaimable:      35668 kB
SUnreclaim:        76824 kB
KernelStack:       16960 kB
PageTables:        57912 kB
NFS_Unstable:          0 kB
Bounce:                0 kB
WritebackTmp:          0 kB
CommitLimit:     5070748 kB
Committed_AS:   14720060 kB
VmallocTotal:   34359738367 kB
VmallocUsed:           0 kB
VmallocChunk:          0 kB
HardwareCorrupted:     0 kB
AnonHugePages:         0 kB
ShmemHugePages:        0 kB
ShmemPmdMapped:        0 kB
CmaTotal:              0 kB
CmaFree:               0 kB
HugePages_Total:       0
HugePages_Free:        0
HugePages_Rsvd:        0
HugePages_Surp:        0
Hugepagesize:       2048 kB
DirectMap4k:      143168 kB
DirectMap2M:     8245248 kB
DirectMap1G:     2097152 kB


CPU:total 2 (initial active 2) (2 cores per cpu, 1 threads per core) family 6 model 158 stepping 10, cmov, cx8, fxsr, mmx, sse, sse2, sse3, ssse3, sse4.1, sse4.2, popcnt, avx, avx2, aes, clmul, erms, 3dnowpref, lzcnt, tsc, tscinvbit, bmi1, bmi2, adx

/proc/cpuinfo:
processor	: 0
vendor_id	: GenuineIntel
cpu family	: 6
model		: 158
model name	: Intel(R) Core(TM) i7-8750H CPU @ 2.20GHz
stepping	: 10
microcode	: 0x96
cpu MHz		: 2207.999
cache size	: 9216 KB
physical id	: 0
siblings	: 2
core id		: 0
cpu cores	: 2
apicid		: 0
initial apicid	: 0
fpu		: yes
fpu_exception	: yes
cpuid level	: 22
wp		: yes
flags		: fpu vme de pse tsc msr pae mce cx8 apic sep mtrr pge mca cmov pat pse36 clflush mmx fxsr sse sse2 ss ht syscall nx pdpe1gb rdtscp lm constant_tsc arch_perfmon nopl xtopology tsc_reliable nonstop_tsc cpuid pni pclmulqdq ssse3 fma cx16 pcid sse4_1 sse4_2 x2apic movbe popcnt tsc_deadline_timer aes xsave avx f16c rdrand hypervisor lahf_lm abm 3dnowprefetch cpuid_fault invpcid_single pti ssbd ibrs ibpb stibp fsgsbase tsc_adjust bmi1 avx2 smep bmi2 invpcid rdseed adx smap xsaveopt arat flush_l1d arch_capabilities
bugs		: cpu_meltdown spectre_v1 spectre_v2 spec_store_bypass l1tf mds swapgs itlb_multihit
bogomips	: 4415.99
clflush size	: 64
cache_alignment	: 64
address sizes	: 42 bits physical, 48 bits virtual
power management:

processor	: 1
vendor_id	: GenuineIntel
cpu family	: 6
model		: 158
model name	: Intel(R) Core(TM) i7-8750H CPU @ 2.20GHz
stepping	: 10
microcode	: 0x96
cpu MHz		: 2207.999
cache size	: 9216 KB
physical id	: 0
siblings	: 2
core id		: 1
cpu cores	: 2
apicid		: 1
initial apicid	: 1
fpu		: yes
fpu_exception	: yes
cpuid level	: 22
wp		: yes
flags		: fpu vme de pse tsc msr pae mce cx8 apic sep mtrr pge mca cmov pat pse36 clflush mmx fxsr sse sse2 ss ht syscall nx pdpe1gb rdtscp lm constant_tsc arch_perfmon nopl xtopology tsc_reliable nonstop_tsc cpuid pni pclmulqdq ssse3 fma cx16 pcid sse4_1 sse4_2 x2apic movbe popcnt tsc_deadline_timer aes xsave avx f16c rdrand hypervisor lahf_lm abm 3dnowprefetch cpuid_fault invpcid_single pti ssbd ibrs ibpb stibp fsgsbase tsc_adjust bmi1 avx2 smep bmi2 invpcid rdseed adx smap xsaveopt arat flush_l1d arch_capabilities
bugs		: cpu_meltdown spectre_v1 spectre_v2 spec_store_bypass l1tf mds swapgs itlb_multihit
bogomips	: 4415.99
clflush size	: 64
cache_alignment	: 64
address sizes	: 42 bits physical, 48 bits virtual
power management:



Memory: 4k page, physical 8144704k(107220k free), swap 998396k(0k free)

vm_info: Java HotSpot(TM) 64-Bit Server VM (25.181-b13) for linux-amd64 JRE (1.8.0_181-b13), built on Jul  7 2018 00:56:38 by "java_re" with gcc 4.3.0 20080428 (Red Hat 4.3.0-8)

time: Sat Mar 28 15:54:09 2020
elapsed time: 103 seconds (0d 0h 1m 43s)

