#
# There is insufficient memory for the Java Runtime Environment to continue.
# Native memory allocation (mmap) failed to map 55574528 bytes for committing reserved memory.
# Possible reasons:
#   The system is out of physical RAM or swap space
#   In 32 bit mode, the process size limit was hit
# Possible solutions:
#   Reduce memory load on the system
#   Increase physical memory or swap space
#   Check if swap backing store is full
#   Use 64 bit Java on a 64 bit OS
#   Decrease Java heap size (-Xmx/-Xms)
#   Decrease number of Java threads
#   Decrease Java thread stack sizes (-Xss)
#   Set larger code cache with -XX:ReservedCodeCacheSize=
# This output file may be truncated or incomplete.
#
#  Out of Memory Error (os_linux.cpp:2640), pid=31969, tid=0x00007f795ecaf700
#
# JRE version: Java(TM) SE Runtime Environment (8.0_181-b13) (build 1.8.0_181-b13)
# Java VM: Java HotSpot(TM) 64-Bit Server VM (25.181-b13 mixed mode linux-amd64 compressed oops)
# Failed to write core dump. Core dumps have been disabled. To enable core dumping, try "ulimit -c unlimited" before starting Java again
#

---------------  T H R E A D  ---------------

Current thread (0x00007f79740fb800):  VMThread [stack: 0x00007f795ebaf000,0x00007f795ecb0000] [id=31990]

Stack: [0x00007f795ebaf000,0x00007f795ecb0000],  sp=0x00007f795ecae1a0,  free space=1020k
Native frames: (J=compiled Java code, j=interpreted, Vv=VM code, C=native code)
V  [libjvm.so+0xad21aa]  VMError::report_and_die()+0x2ba
V  [libjvm.so+0x5022db]  report_vm_out_of_memory(char const*, int, unsigned long, VMErrorType, char const*)+0x8b
V  [libjvm.so+0x92fe33]  os::Linux::commit_memory_impl(char*, unsigned long, bool)+0x123
V  [libjvm.so+0x930059]  os::pd_commit_memory(char*, unsigned long, unsigned long, bool)+0x29
V  [libjvm.so+0x9272ba]  os::commit_memory(char*, unsigned long, unsigned long, bool)+0x2a
V  [libjvm.so+0x99d2e3]  PSVirtualSpace::expand_by(unsigned long)+0x53
V  [libjvm.so+0x99e6e8]  PSYoungGen::resize_generation(unsigned long, unsigned long)+0xf8
V  [libjvm.so+0x99d842]  PSYoungGen::resize(unsigned long, unsigned long)+0x22
V  [libjvm.so+0x99ab1b]  PSScavenge::invoke_no_policy()+0xf3b
V  [libjvm.so+0x99b2a1]  PSScavenge::invoke()+0x41
V  [libjvm.so+0x951d70]  ParallelScavengeHeap::failed_mem_allocate(unsigned long)+0x70
V  [libjvm.so+0xad3c27]  VM_ParallelGCFailedAllocation::doit()+0x97
V  [libjvm.so+0xadb745]  VM_Operation::evaluate()+0x55
V  [libjvm.so+0xad9b0a]  VMThread::evaluate_operation(VM_Operation*)+0xba
V  [libjvm.so+0xad9e8e]  VMThread::loop()+0x1ce
V  [libjvm.so+0xada300]  VMThread::run()+0x70
V  [libjvm.so+0x930198]  java_start(Thread*)+0x108

VM_Operation (0x00007f795c3dda60): ParallelGCFailedAllocation, mode: safepoint, requested by thread 0x00007f791c001800


---------------  P R O C E S S  ---------------

Java Threads: ( => current thread )
  0x0000000001857000 JavaThread "RMI TCP Connection(idle)" daemon [_thread_blocked, id=32316, stack(0x00007f79349fd000,0x00007f7934afe000)]
  0x0000000001855800 JavaThread "RMI TCP Connection(5)-127.0.0.1" daemon [_thread_in_native, id=32311, stack(0x00007f7934efe000,0x00007f7934fff000)]
  0x00007f794c038800 JavaThread "RMI Scheduler(0)" daemon [_thread_blocked, id=32243, stack(0x00007f795c0c6000,0x00007f795c1c7000)]
  0x00007f794c035000 JavaThread "RMI RenewClean-[127.0.0.1:9597]" daemon [_thread_blocked, id=32236, stack(0x00007f795c1c7000,0x00007f795c2c8000)]
  0x00007f791c001800 JavaThread "RMI TCP Connection(4)-127.0.0.1" daemon [_thread_blocked, id=32227, stack(0x00007f795c2e4000,0x00007f795c3e5000)]
  0x00007f7924006000 JavaThread "pool-3-thread-3" [_thread_in_native, id=32190, stack(0x00007f795c3e5000,0x00007f795c4e6000)]
  0x00007f7924004000 JavaThread "pool-3-thread-2" [_thread_in_native, id=32188, stack(0x00007f795c4e6000,0x00007f795c5e7000)]
  0x00007f7924003000 JavaThread "pool-3-thread-1" [_thread_in_native, id=32185, stack(0x00007f795c5e7000,0x00007f795c6e8000)]
  0x00007f7974434800 JavaThread "Thread-3" [_thread_in_native, id=32090, stack(0x00007f795c6e8000,0x00007f795c7e9000)]
  0x00007f7974432800 JavaThread "Thread-2" [_thread_in_native, id=32088, stack(0x00007f795c7e9000,0x00007f795c8ea000)]
  0x00007f7974431000 JavaThread "process reaper" daemon [_thread_in_native, id=32086, stack(0x00007f795c8ea000,0x00007f795c923000)]
  0x00007f797442d800 JavaThread "pool-2-thread-1" [_thread_in_native, id=32066, stack(0x00007f795c923000,0x00007f795ca24000)]
  0x00007f797442b000 JavaThread "GC Daemon" daemon [_thread_blocked, id=32065, stack(0x00007f795ca24000,0x00007f795cb25000)]
  0x00007f7974426800 JavaThread "RMI Reaper" [_thread_blocked, id=32064, stack(0x00007f795cb25000,0x00007f795cc26000)]
  0x00007f797441d800 JavaThread "RMI TCP Accept-3914" daemon [_thread_in_native, id=32062, stack(0x00007f795cc26000,0x00007f795cd27000)]
  0x00007f7974418000 JavaThread "RMI TCP Accept-19561" daemon [_thread_in_native, id=32058, stack(0x00007f795cd27000,0x00007f795ce28000)]
  0x00007f79742a4000 JavaThread "logback-3" daemon [_thread_blocked, id=32055, stack(0x00007f795d39e000,0x00007f795d49f000)]
  0x00007f79742a2800 JavaThread "logback-2" daemon [_thread_blocked, id=32054, stack(0x00007f795d49f000,0x00007f795d5a0000)]
  0x00007f79742a1000 JavaThread "logback-1" daemon [_thread_blocked, id=32049, stack(0x00007f795d5a0000,0x00007f795d6a1000)]
  0x00007f7974154000 JavaThread "Service Thread" daemon [_thread_blocked, id=32027, stack(0x00007f795dbea000,0x00007f795dceb000)]
  0x00007f797413f000 JavaThread "C1 CompilerThread1" daemon [_thread_blocked, id=32021, stack(0x00007f795dceb000,0x00007f795ddec000)]
  0x00007f797413c000 JavaThread "C2 CompilerThread0" daemon [_thread_blocked, id=32016, stack(0x00007f795ddec000,0x00007f795deed000)]
  0x00007f797413a800 JavaThread "Signal Dispatcher" daemon [_thread_blocked, id=32008, stack(0x00007f795deed000,0x00007f795dfee000)]
  0x00007f7974107800 JavaThread "Finalizer" daemon [_thread_blocked, id=32007, stack(0x00007f795e9ad000,0x00007f795eaae000)]
  0x00007f7974105000 JavaThread "Reference Handler" daemon [_thread_blocked, id=31999, stack(0x00007f795eaae000,0x00007f795ebaf000)]
  0x00007f797400a800 JavaThread "main" [_thread_in_native, id=31976, stack(0x00007f797ad92000,0x00007f797ae93000)]

Other Threads:
=>0x00007f79740fb800 VMThread [stack: 0x00007f795ebaf000,0x00007f795ecb0000] [id=31990]
  0x00007f7974159000 WatcherThread [stack: 0x00007f795dae9000,0x00007f795dbea000] [id=32036]

VM state:at safepoint (normal execution)

VM Mutex/Monitor currently owned by a thread:  ([mutex/lock_event])
[0x00007f7974006ca0] Threads_lock - owner thread: 0x00007f79740fb800
[0x00007f79740071a0] Heap_lock - owner thread: 0x00007f791c001800

Heap:
 PSYoungGen      total 70656K, used 6160K [0x00000000d6900000, 0x00000000dbe00000, 0x0000000100000000)
  eden space 59904K, 0% used [0x00000000d6900000,0x00000000d6900000,0x00000000da380000)
  from space 10752K, 57% used [0x00000000da380000,0x00000000da984290,0x00000000dae00000)
  to   space 5120K, 0% used [0x00000000dae00000,0x00000000dae00000,0x00000000db300000)
 ParOldGen       total 86016K, used 16093K [0x0000000083a00000, 0x0000000088e00000, 0x00000000d6900000)
  object space 86016K, 18% used [0x0000000083a00000,0x00000000849b77d8,0x0000000088e00000)
 Metaspace       used 14560K, capacity 15012K, committed 15232K, reserved 1062912K
  class space    used 1646K, capacity 1796K, committed 1920K, reserved 1048576K

Card table byte_map: [0x00007f7964640000,0x00007f7964a24000] byte_map_base: 0x00007f7964223000

Marking Bits: (ParMarkBitMap*) 0x00007f797a25d0a0
 Begin Bits: [0x00007f7960376000, 0x00007f796228e000)
 End Bits:   [0x00007f796228e000, 0x00007f79641a6000)

Polling page: 0x00007f797aeaf000

CodeCache: size=245760Kb used=6533Kb max_used=6540Kb free=239226Kb
 bounds [0x00007f7964de4000, 0x00007f7965454000, 0x00007f7973de4000]
 total_blobs=2238 nmethods=1890 adapters=261
 compilation: enabled

Compilation events (10 events):
Event: 107.382 Thread 0x00007f797413f000 1943       2       org.evosuite.graphs.cfg.ActualControlFlowGraph::addRawEdge (31 bytes)
Event: 107.382 Thread 0x00007f797413f000 nmethod 1943 0x00007f7964f86f10 code [0x00007f7964f870a0, 0x00007f7964f87398]
Event: 107.382 Thread 0x00007f797413f000 1945       2       java.util.HashMap::afterNodeRemoval (1 bytes)
Event: 107.382 Thread 0x00007f797413f000 nmethod 1945 0x00007f7964f4bd50 code [0x00007f7964f4bea0, 0x00007f7964f4bff0]
Event: 107.382 Thread 0x00007f797413f000 1946       2       org.evosuite.graphs.cdg.DominatorTree::computeDominatorFrontiers (349 bytes)
Event: 107.388 Thread 0x00007f797413f000 nmethod 1946 0x00007f796544af90 code [0x00007f796544b3e0, 0x00007f796544c828]
Event: 107.388 Thread 0x00007f797413f000 1944       2       org.evosuite.graphs.cfg.ActualControlFlowGraph::addRawEdge (31 bytes)
Event: 107.388 Thread 0x00007f797413f000 nmethod 1944 0x00007f7964ef4a90 code [0x00007f7964ef4c20, 0x00007f7964ef4f18]
Event: 107.388 Thread 0x00007f797413f000 1947       2       org.evosuite.graphs.cfg.ControlFlowEdge::<init> (25 bytes)
Event: 107.389 Thread 0x00007f797413f000 nmethod 1947 0x00007f7964f81150 code [0x00007f7964f812a0, 0x00007f7964f81430]

GC Heap History (10 events):
Event: 2.716 GC heap after
Heap after GC invocations=3 (full 1):
 PSYoungGen      total 37888K, used 0K [0x00000000d6900000, 0x00000000d9300000, 0x0000000100000000)
  eden space 32768K, 0% used [0x00000000d6900000,0x00000000d6900000,0x00000000d8900000)
  from space 5120K, 0% used [0x00000000d8e00000,0x00000000d8e00000,0x00000000d9300000)
  to   space 5120K, 0% used [0x00000000d8900000,0x00000000d8900000,0x00000000d8e00000)
 ParOldGen       total 86016K, used 10631K [0x0000000083a00000, 0x0000000088e00000, 0x00000000d6900000)
  object space 86016K, 12% used [0x0000000083a00000,0x0000000084461c50,0x0000000088e00000)
 Metaspace       used 10204K, capacity 10386K, committed 10624K, reserved 1058816K
  class space    used 1236K, capacity 1317K, committed 1408K, reserved 1048576K
}
Event: 104.451 GC heap before
{Heap before GC invocations=4 (full 1):
 PSYoungGen      total 37888K, used 32768K [0x00000000d6900000, 0x00000000d9300000, 0x0000000100000000)
  eden space 32768K, 100% used [0x00000000d6900000,0x00000000d8900000,0x00000000d8900000)
  from space 5120K, 0% used [0x00000000d8e00000,0x00000000d8e00000,0x00000000d9300000)
  to   space 5120K, 0% used [0x00000000d8900000,0x00000000d8900000,0x00000000d8e00000)
 ParOldGen       total 86016K, used 10631K [0x0000000083a00000, 0x0000000088e00000, 0x00000000d6900000)
  object space 86016K, 12% used [0x0000000083a00000,0x0000000084461c50,0x0000000088e00000)
 Metaspace       used 13511K, capacity 13994K, committed 14080K, reserved 1060864K
  class space    used 1566K, capacity 1721K, committed 1792K, reserved 1048576K
Event: 104.602 GC heap after
Heap after GC invocations=4 (full 1):
 PSYoungGen      total 37888K, used 5114K [0x00000000d6900000, 0x00000000d9300000, 0x0000000100000000)
  eden space 32768K, 0% used [0x00000000d6900000,0x00000000d6900000,0x00000000d8900000)
  from space 5120K, 99% used [0x00000000d8900000,0x00000000d8dfeb30,0x00000000d8e00000)
  to   space 5120K, 0% used [0x00000000d8e00000,0x00000000d8e00000,0x00000000d9300000)
 ParOldGen       total 86016K, used 13352K [0x0000000083a00000, 0x0000000088e00000, 0x00000000d6900000)
  object space 86016K, 15% used [0x0000000083a00000,0x000000008470a030,0x0000000088e00000)
 Metaspace       used 13511K, capacity 13994K, committed 14080K, reserved 1060864K
  class space    used 1566K, capacity 1721K, committed 1792K, reserved 1048576K
}
Event: 106.215 GC heap before
{Heap before GC invocations=5 (full 1):
 PSYoungGen      total 37888K, used 37882K [0x00000000d6900000, 0x00000000d9300000, 0x0000000100000000)
  eden space 32768K, 100% used [0x00000000d6900000,0x00000000d8900000,0x00000000d8900000)
  from space 5120K, 99% used [0x00000000d8900000,0x00000000d8dfeb30,0x00000000d8e00000)
  to   space 5120K, 0% used [0x00000000d8e00000,0x00000000d8e00000,0x00000000d9300000)
 ParOldGen       total 86016K, used 13352K [0x0000000083a00000, 0x0000000088e00000, 0x00000000d6900000)
  object space 86016K, 15% used [0x0000000083a00000,0x000000008470a030,0x0000000088e00000)
 Metaspace       used 14430K, capacity 14902K, committed 15104K, reserved 1062912K
  class space    used 1638K, capacity 1787K, committed 1792K, reserved 1048576K
Event: 106.305 GC heap after
Heap after GC invocations=5 (full 1):
 PSYoungGen      total 37888K, used 5088K [0x00000000d6900000, 0x00000000db300000, 0x0000000100000000)
  eden space 32768K, 0% used [0x00000000d6900000,0x00000000d6900000,0x00000000d8900000)
  from space 5120K, 99% used [0x00000000d8e00000,0x00000000d92f8280,0x00000000d9300000)
  to   space 5120K, 0% used [0x00000000d8900000,0x00000000d8900000,0x00000000d8e00000)
 ParOldGen       total 86016K, used 15613K [0x0000000083a00000, 0x0000000088e00000, 0x00000000d6900000)
  object space 86016K, 18% used [0x0000000083a00000,0x000000008493f778,0x0000000088e00000)
 Metaspace       used 14430K, capacity 14902K, committed 15104K, reserved 1062912K
  class space    used 1638K, capacity 1787K, committed 1792K, reserved 1048576K
}
Event: 106.522 GC heap before
{Heap before GC invocations=6 (full 1):
 PSYoungGen      total 37888K, used 37856K [0x00000000d6900000, 0x00000000db300000, 0x0000000100000000)
  eden space 32768K, 100% used [0x00000000d6900000,0x00000000d8900000,0x00000000d8900000)
  from space 5120K, 99% used [0x00000000d8e00000,0x00000000d92f8280,0x00000000d9300000)
  to   space 5120K, 0% used [0x00000000d8900000,0x00000000d8900000,0x00000000d8e00000)
 ParOldGen       total 86016K, used 15613K [0x0000000083a00000, 0x0000000088e00000, 0x00000000d6900000)
  object space 86016K, 18% used [0x0000000083a00000,0x000000008493f778,0x0000000088e00000)
 Metaspace       used 14435K, capacity 14902K, committed 15104K, reserved 1062912K
  class space    used 1638K, capacity 1787K, committed 1792K, reserved 1048576K
Event: 106.532 GC heap after
Heap after GC invocations=6 (full 1):
 PSYoungGen      total 37888K, used 5104K [0x00000000d6900000, 0x00000000db300000, 0x0000000100000000)
  eden space 32768K, 0% used [0x00000000d6900000,0x00000000d6900000,0x00000000d8900000)
  from space 5120K, 99% used [0x00000000d8900000,0x00000000d8dfc290,0x00000000d8e00000)
  to   space 5120K, 0% used [0x00000000dae00000,0x00000000dae00000,0x00000000db300000)
 ParOldGen       total 86016K, used 15829K [0x0000000083a00000, 0x0000000088e00000, 0x00000000d6900000)
  object space 86016K, 18% used [0x0000000083a00000,0x0000000084975788,0x0000000088e00000)
 Metaspace       used 14435K, capacity 14902K, committed 15104K, reserved 1062912K
  class space    used 1638K, capacity 1787K, committed 1792K, reserved 1048576K
}
Event: 106.827 GC heap before
{Heap before GC invocations=7 (full 1):
 PSYoungGen      total 37888K, used 37872K [0x00000000d6900000, 0x00000000db300000, 0x0000000100000000)
  eden space 32768K, 100% used [0x00000000d6900000,0x00000000d8900000,0x00000000d8900000)
  from space 5120K, 99% used [0x00000000d8900000,0x00000000d8dfc290,0x00000000d8e00000)
  to   space 5120K, 0% used [0x00000000dae00000,0x00000000dae00000,0x00000000db300000)
 ParOldGen       total 86016K, used 15829K [0x0000000083a00000, 0x0000000088e00000, 0x00000000d6900000)
  object space 86016K, 18% used [0x0000000083a00000,0x0000000084975788,0x0000000088e00000)
 Metaspace       used 14456K, capacity 14902K, committed 15104K, reserved 1062912K
  class space    used 1638K, capacity 1787K, committed 1792K, reserved 1048576K
Event: 106.867 GC heap after
Heap after GC invocations=7 (full 1):
 PSYoungGen      total 65024K, used 5104K [0x00000000d6900000, 0x00000000dbe00000, 0x0000000100000000)
  eden space 59904K, 0% used [0x00000000d6900000,0x00000000d6900000,0x00000000da380000)
  from space 5120K, 99% used [0x00000000dae00000,0x00000000db2fc290,0x00000000db300000)
  to   space 10752K, 0% used [0x00000000da380000,0x00000000da380000,0x00000000dae00000)
 ParOldGen       total 86016K, used 16093K [0x0000000083a00000, 0x0000000088e00000, 0x00000000d6900000)
  object space 86016K, 18% used [0x0000000083a00000,0x00000000849b77d8,0x0000000088e00000)
 Metaspace       used 14456K, capacity 14902K, committed 15104K, reserved 1062912K
  class space    used 1638K, capacity 1787K, committed 1792K, reserved 1048576K
}
Event: 107.422 GC heap before
{Heap before GC invocations=8 (full 1):
 PSYoungGen      total 65024K, used 65008K [0x00000000d6900000, 0x00000000dbe00000, 0x0000000100000000)
  eden space 59904K, 100% used [0x00000000d6900000,0x00000000da380000,0x00000000da380000)
  from space 5120K, 99% used [0x00000000dae00000,0x00000000db2fc290,0x00000000db300000)
  to   space 10752K, 0% used [0x00000000da380000,0x00000000da380000,0x00000000dae00000)
 ParOldGen       total 86016K, used 16093K [0x0000000083a00000, 0x0000000088e00000, 0x00000000d6900000)
  object space 86016K, 18% used [0x0000000083a00000,0x00000000849b77d8,0x0000000088e00000)
 Metaspace       used 14560K, capacity 15012K, committed 15232K, reserved 1062912K
  class space    used 1646K, capacity 1796K, committed 1920K, reserved 1048576K

Deoptimization events (10 events):
Event: 105.013 Thread 0x00007f791c001800 Uncommon trap: reason=bimorphic action=maybe_recompile pc=0x00007f79652b72f8 method=java.util.HashMap.putVal(ILjava/lang/Object;Ljava/lang/Object;ZZ)Ljava/lang/Object; @ 203
Event: 106.308 Thread 0x00007f791c001800 Uncommon trap: reason=unstable_if action=reinterpret pc=0x00007f7964fba9e8 method=java.lang.AbstractStringBuilder.append(Ljava/lang/String;)Ljava/lang/AbstractStringBuilder; @ 1
Event: 107.237 Thread 0x0000000001857000 Uncommon trap: reason=bimorphic action=maybe_recompile pc=0x00007f79653e31c4 method=java.util.AbstractCollection.addAll(Ljava/util/Collection;)Z @ 3
Event: 107.319 Thread 0x0000000001857000 Uncommon trap: reason=bimorphic action=maybe_recompile pc=0x00007f7965363658 method=java.util.Collections$UnmodifiableCollection$1.next()Ljava/lang/Object; @ 4
Event: 107.319 Thread 0x0000000001857000 Uncommon trap: reason=bimorphic action=maybe_recompile pc=0x00007f7965363658 method=java.util.Collections$UnmodifiableCollection$1.next()Ljava/lang/Object; @ 4
Event: 107.319 Thread 0x0000000001857000 Uncommon trap: reason=bimorphic action=maybe_recompile pc=0x00007f7965363658 method=java.util.Collections$UnmodifiableCollection$1.next()Ljava/lang/Object; @ 4
Event: 107.319 Thread 0x0000000001857000 Uncommon trap: reason=bimorphic action=maybe_recompile pc=0x00007f7965363658 method=java.util.Collections$UnmodifiableCollection$1.next()Ljava/lang/Object; @ 4
Event: 107.321 Thread 0x0000000001857000 Uncommon trap: reason=bimorphic action=maybe_recompile pc=0x00007f79653e31c4 method=java.util.AbstractCollection.addAll(Ljava/util/Collection;)Z @ 3
Event: 107.321 Thread 0x0000000001857000 Uncommon trap: reason=bimorphic action=maybe_recompile pc=0x00007f79653e31c4 method=java.util.AbstractCollection.addAll(Ljava/util/Collection;)Z @ 3
Event: 107.321 Thread 0x0000000001857000 Uncommon trap: reason=bimorphic action=maybe_recompile pc=0x00007f79653e31c4 method=java.util.AbstractCollection.addAll(Ljava/util/Collection;)Z @ 3

Classes redefined (0 events):
No events

Internal exceptions (10 events):
Event: 91.208 Thread 0x00007f79742a2800 Exception <a 'java/net/ConnectException'> (0x00000000d6c422c8) thrown at [/HUDSON/workspace/8-2-build-linux-amd64/jdk8u181/11358/hotspot/src/share/vm/prims/jni.cpp, line 709]
Event: 91.216 Thread 0x00007f79742a4000 Exception <a 'java/net/ConnectException'> (0x00000000d6c94110) thrown at [/HUDSON/workspace/8-2-build-linux-amd64/jdk8u181/11358/hotspot/src/share/vm/prims/jni.cpp, line 709]
Event: 91.223 Thread 0x00007f79742a1000 Exception <a 'java/net/ConnectException'> (0x00000000d6ce6090) thrown at [/HUDSON/workspace/8-2-build-linux-amd64/jdk8u181/11358/hotspot/src/share/vm/prims/jni.cpp, line 709]
Event: 101.209 Thread 0x00007f79742a2800 Exception <a 'java/net/ConnectException'> (0x00000000d6c42df0) thrown at [/HUDSON/workspace/8-2-build-linux-amd64/jdk8u181/11358/hotspot/src/share/vm/prims/jni.cpp, line 709]
Event: 101.217 Thread 0x00007f79742a4000 Exception <a 'java/net/ConnectException'> (0x00000000d6c94c38) thrown at [/HUDSON/workspace/8-2-build-linux-amd64/jdk8u181/11358/hotspot/src/share/vm/prims/jni.cpp, line 709]
Event: 101.224 Thread 0x00007f79742a1000 Exception <a 'java/net/ConnectException'> (0x00000000d6ce6bb8) thrown at [/HUDSON/workspace/8-2-build-linux-amd64/jdk8u181/11358/hotspot/src/share/vm/prims/jni.cpp, line 709]
Event: 101.639 Thread 0x00007f791c001800 Implicit null exception at 0x00007f796518ae6d to 0x00007f796518bd3d
Event: 102.306 Thread 0x00007f791c001800 Exception <a 'java/lang/NoSuchMethodError': <clinit>> (0x00000000d7849bc8) thrown at [/HUDSON/workspace/8-2-build-linux-amd64/jdk8u181/11358/hotspot/src/share/vm/prims/jni.cpp, line 1613]
Event: 106.308 Thread 0x00007f791c001800 Implicit null exception at 0x00007f7964fba5f6 to 0x00007f7964fba9d1
Event: 107.373 Thread 0x0000000001857000 Exception <a 'java/lang/NoSuchMethodError': <clinit>> (0x00000000d9e6cd30) thrown at [/HUDSON/workspace/8-2-build-linux-amd64/jdk8u181/11358/hotspot/src/share/vm/prims/jni.cpp, line 1613]

Events (10 events):
Event: 107.372 Thread 0x00007f797413f000 flushing nmethod 0x00007f7964f4bd50
Event: 107.372 Thread 0x00007f797413f000 flushing nmethod 0x00007f7964f6a450
Event: 107.372 Thread 0x00007f797413f000 flushing nmethod 0x00007f7964f6add0
Event: 107.372 Thread 0x00007f797413f000 flushing nmethod 0x00007f7964f81150
Event: 107.372 Thread 0x00007f797413f000 flushing nmethod 0x00007f7964f86990
Event: 107.373 Executing VM operation: RevokeBias
Event: 107.373 Executing VM operation: RevokeBias done
Event: 107.373 Executing VM operation: BulkRevokeBias
Event: 107.373 Executing VM operation: BulkRevokeBias done
Event: 107.422 Executing VM operation: ParallelGCFailedAllocation


Dynamic libraries:
00400000-00401000 r-xp 00000000 08:01 1448396                            /usr/lib/jvm/jdk1.8.0_181/bin/java
00600000-00601000 rw-p 00000000 08:01 1448396                            /usr/lib/jvm/jdk1.8.0_181/bin/java
01853000-01874000 rw-p 00000000 00:00 0                                  [heap]
83a00000-88e00000 rw-p 00000000 00:00 0 
88e00000-d6900000 ---p 00000000 00:00 0 
d6900000-dbe00000 rw-p 00000000 00:00 0 
df300000-100000000 ---p 00000000 00:00 0 
100000000-1001e0000 rw-p 00000000 00:00 0 
1001e0000-140000000 ---p 00000000 00:00 0 
7f791c000000-7f791c021000 rw-p 00000000 00:00 0 
7f791c021000-7f7920000000 ---p 00000000 00:00 0 
7f7924000000-7f7924021000 rw-p 00000000 00:00 0 
7f7924021000-7f7928000000 ---p 00000000 00:00 0 
7f7928000000-7f7928021000 rw-p 00000000 00:00 0 
7f7928021000-7f792c000000 ---p 00000000 00:00 0 
7f792c000000-7f792c021000 rw-p 00000000 00:00 0 
7f792c021000-7f7930000000 ---p 00000000 00:00 0 
7f7930000000-7f7930021000 rw-p 00000000 00:00 0 
7f7930021000-7f7934000000 ---p 00000000 00:00 0 
7f79349fd000-7f7934a00000 ---p 00000000 00:00 0 
7f7934a00000-7f7934bfe000 rw-p 00000000 00:00 0 
7f7934bfe000-7f7934cfe000 ---p 00000000 00:00 0 
7f7934cfe000-7f7934efe000 rw-p 00000000 00:00 0 
7f7934efe000-7f7934f01000 ---p 00000000 00:00 0 
7f7934f01000-7f7938000000 rw-p 00000000 00:00 0 
7f7938000000-7f7938834000 rw-p 00000000 00:00 0 
7f7938834000-7f793c000000 ---p 00000000 00:00 0 
7f793c000000-7f793c021000 rw-p 00000000 00:00 0 
7f793c021000-7f7940000000 ---p 00000000 00:00 0 
7f7940000000-7f7940021000 rw-p 00000000 00:00 0 
7f7940021000-7f7944000000 ---p 00000000 00:00 0 
7f7944000000-7f7944a09000 rw-p 00000000 00:00 0 
7f7944a09000-7f7948000000 ---p 00000000 00:00 0 
7f7948000000-7f7948021000 rw-p 00000000 00:00 0 
7f7948021000-7f794c000000 ---p 00000000 00:00 0 
7f794c000000-7f794c1dc000 rw-p 00000000 00:00 0 
7f794c1dc000-7f7950000000 ---p 00000000 00:00 0 
7f7950000000-7f7950021000 rw-p 00000000 00:00 0 
7f7950021000-7f7954000000 ---p 00000000 00:00 0 
7f7954000000-7f795429a000 rw-p 00000000 00:00 0 
7f795429a000-7f7958000000 ---p 00000000 00:00 0 
7f7958000000-7f7958021000 rw-p 00000000 00:00 0 
7f7958021000-7f795c000000 ---p 00000000 00:00 0 
7f795c0b3000-7f795c0c6000 r--s 00345000 08:01 2756119                    /usr/lib/jvm/jdk1.8.0_181/jre/lib/resources.jar
7f795c0c6000-7f795c0c9000 ---p 00000000 00:00 0 
7f795c0c9000-7f795c1c7000 rw-p 00000000 00:00 0 
7f795c1c7000-7f795c1ca000 ---p 00000000 00:00 0 
7f795c1ca000-7f795c2c8000 rw-p 00000000 00:00 0 
7f795c2c8000-7f795c2e4000 r--s 00393000 08:01 2756136                    /usr/lib/jvm/jdk1.8.0_181/jre/lib/ext/cldrdata.jar
7f795c2e4000-7f795c2e7000 ---p 00000000 00:00 0 
7f795c2e7000-7f795c3e5000 rw-p 00000000 00:00 0 
7f795c3e5000-7f795c3e8000 ---p 00000000 00:00 0 
7f795c3e8000-7f795c4e6000 rw-p 00000000 00:00 0 
7f795c4e6000-7f795c4e9000 ---p 00000000 00:00 0 
7f795c4e9000-7f795c5e7000 rw-p 00000000 00:00 0 
7f795c5e7000-7f795c5ea000 ---p 00000000 00:00 0 
7f795c5ea000-7f795c6e8000 rw-p 00000000 00:00 0 
7f795c6e8000-7f795c6eb000 ---p 00000000 00:00 0 
7f795c6eb000-7f795c7e9000 rw-p 00000000 00:00 0 
7f795c7e9000-7f795c7ec000 ---p 00000000 00:00 0 
7f795c7ec000-7f795c8ea000 rw-p 00000000 00:00 0 
7f795c8ea000-7f795c8ed000 ---p 00000000 00:00 0 
7f795c8ed000-7f795c923000 rw-p 00000000 00:00 0 
7f795c923000-7f795c926000 ---p 00000000 00:00 0 
7f795c926000-7f795ca24000 rw-p 00000000 00:00 0 
7f795ca24000-7f795ca27000 ---p 00000000 00:00 0 
7f795ca27000-7f795cb25000 rw-p 00000000 00:00 0 
7f795cb25000-7f795cb28000 ---p 00000000 00:00 0 
7f795cb28000-7f795cc26000 rw-p 00000000 00:00 0 
7f795cc26000-7f795cc29000 ---p 00000000 00:00 0 
7f795cc29000-7f795cd27000 rw-p 00000000 00:00 0 
7f795cd27000-7f795cd2a000 ---p 00000000 00:00 0 
7f795cd2a000-7f795d028000 rw-p 00000000 00:00 0 
7f795d028000-7f795d39e000 r--s 0331d000 08:01 2107894                    /home/whj/dowork/DiffTGen/extra_output/Closure_86_5_sequencer/target/build/classes/all0.jar
7f795d39e000-7f795d3a1000 ---p 00000000 00:00 0 
7f795d3a1000-7f795d49f000 rw-p 00000000 00:00 0 
7f795d49f000-7f795d4a2000 ---p 00000000 00:00 0 
7f795d4a2000-7f795d5a0000 rw-p 00000000 00:00 0 
7f795d5a0000-7f795d5a3000 ---p 00000000 00:00 0 
7f795d5a3000-7f795d6a1000 rw-p 00000000 00:00 0 
7f795d6a1000-7f795d6b7000 r-xp 00000000 08:01 2756237                    /usr/lib/jvm/jdk1.8.0_181/jre/lib/amd64/libnet.so
7f795d6b7000-7f795d8b7000 ---p 00016000 08:01 2756237                    /usr/lib/jvm/jdk1.8.0_181/jre/lib/amd64/libnet.so
7f795d8b7000-7f795d8b8000 rw-p 00016000 08:01 2756237                    /usr/lib/jvm/jdk1.8.0_181/jre/lib/amd64/libnet.so
7f795d8b8000-7f795dae9000 r--s 01bb1000 08:01 1706762                    /home/whj/dowork/DiffTGen/lib/evosuite-1.0.6.jar
7f795dae9000-7f795daea000 ---p 00000000 00:00 0 
7f795daea000-7f795dbea000 rw-p 00000000 00:00 0 
7f795dbea000-7f795dbed000 ---p 00000000 00:00 0 
7f795dbed000-7f795dceb000 rw-p 00000000 00:00 0 
7f795dceb000-7f795dcee000 ---p 00000000 00:00 0 
7f795dcee000-7f795ddec000 rw-p 00000000 00:00 0 
7f795ddec000-7f795ddef000 ---p 00000000 00:00 0 
7f795ddef000-7f795deed000 rw-p 00000000 00:00 0 
7f795deed000-7f795def0000 ---p 00000000 00:00 0 
7f795def0000-7f795dfee000 rw-p 00000000 00:00 0 
7f795dfee000-7f795e9ad000 r--p 00000000 08:01 1316108                    /usr/lib/locale/locale-archive
7f795e9ad000-7f795e9b0000 ---p 00000000 00:00 0 
7f795e9b0000-7f795eaae000 rw-p 00000000 00:00 0 
7f795eaae000-7f795eab1000 ---p 00000000 00:00 0 
7f795eab1000-7f795ebaf000 rw-p 00000000 00:00 0 
7f795ebaf000-7f795ebb0000 ---p 00000000 00:00 0 
7f795ebb0000-7f795f5b9000 rw-p 00000000 00:00 0 
7f795f5b9000-7f795f793000 r--s 03d6b000 08:01 2756084                    /usr/lib/jvm/jdk1.8.0_181/jre/lib/rt.jar
7f795f793000-7f79641a6000 rw-p 00000000 00:00 0 
7f79641a6000-7f79641a7000 ---p 00000000 00:00 0 
7f79641a7000-7f79642a7000 rw-p 00000000 00:00 0 
7f79642a7000-7f79642a8000 ---p 00000000 00:00 0 
7f79642a8000-7f79643d2000 rw-p 00000000 00:00 0 
7f79643d2000-7f7964640000 ---p 00000000 00:00 0 
7f7964640000-7f796466a000 rw-p 00000000 00:00 0 
7f796466a000-7f79648d7000 ---p 00000000 00:00 0 
7f79648d7000-7f7964902000 rw-p 00000000 00:00 0 
7f7964902000-7f7964a23000 ---p 00000000 00:00 0 
7f7964a23000-7f7964a3e000 rw-p 00000000 00:00 0 
7f7964a3e000-7f7964de4000 ---p 00000000 00:00 0 
7f7964de4000-7f7965454000 rwxp 00000000 00:00 0 
7f7965454000-7f7973de4000 ---p 00000000 00:00 0 
7f7973de4000-7f7973dff000 r-xp 00000000 08:01 2756233                    /usr/lib/jvm/jdk1.8.0_181/jre/lib/amd64/libzip.so
7f7973dff000-7f7973fff000 ---p 0001b000 08:01 2756233                    /usr/lib/jvm/jdk1.8.0_181/jre/lib/amd64/libzip.so
7f7973fff000-7f7974000000 rw-p 0001b000 08:01 2756233                    /usr/lib/jvm/jdk1.8.0_181/jre/lib/amd64/libzip.so
7f7974000000-7f797447c000 rw-p 00000000 00:00 0 
7f797447c000-7f7978000000 ---p 00000000 00:00 0 
7f797800e000-7f7978087000 r--s 010f9000 08:01 1448503                    /usr/lib/jvm/jdk1.8.0_181/lib/tools.jar
7f7978087000-7f79780fd000 rw-p 00000000 00:00 0 
7f79780fd000-7f7978108000 r-xp 00000000 08:01 1054188                    /lib/x86_64-linux-gnu/libnss_files-2.23.so
7f7978108000-7f7978307000 ---p 0000b000 08:01 1054188                    /lib/x86_64-linux-gnu/libnss_files-2.23.so
7f7978307000-7f7978308000 r--p 0000a000 08:01 1054188                    /lib/x86_64-linux-gnu/libnss_files-2.23.so
7f7978308000-7f7978309000 rw-p 0000b000 08:01 1054188                    /lib/x86_64-linux-gnu/libnss_files-2.23.so
7f7978309000-7f797830f000 rw-p 00000000 00:00 0 
7f797830f000-7f797831a000 r-xp 00000000 08:01 1054198                    /lib/x86_64-linux-gnu/libnss_nis-2.23.so
7f797831a000-7f7978519000 ---p 0000b000 08:01 1054198                    /lib/x86_64-linux-gnu/libnss_nis-2.23.so
7f7978519000-7f797851a000 r--p 0000a000 08:01 1054198                    /lib/x86_64-linux-gnu/libnss_nis-2.23.so
7f797851a000-7f797851b000 rw-p 0000b000 08:01 1054198                    /lib/x86_64-linux-gnu/libnss_nis-2.23.so
7f797851b000-7f7978531000 r-xp 00000000 08:01 1054182                    /lib/x86_64-linux-gnu/libnsl-2.23.so
7f7978531000-7f7978730000 ---p 00016000 08:01 1054182                    /lib/x86_64-linux-gnu/libnsl-2.23.so
7f7978730000-7f7978731000 r--p 00015000 08:01 1054182                    /lib/x86_64-linux-gnu/libnsl-2.23.so
7f7978731000-7f7978732000 rw-p 00016000 08:01 1054182                    /lib/x86_64-linux-gnu/libnsl-2.23.so
7f7978732000-7f7978734000 rw-p 00000000 00:00 0 
7f7978734000-7f797873c000 r-xp 00000000 08:01 1054184                    /lib/x86_64-linux-gnu/libnss_compat-2.23.so
7f797873c000-7f797893b000 ---p 00008000 08:01 1054184                    /lib/x86_64-linux-gnu/libnss_compat-2.23.so
7f797893b000-7f797893c000 r--p 00007000 08:01 1054184                    /lib/x86_64-linux-gnu/libnss_compat-2.23.so
7f797893c000-7f797893d000 rw-p 00008000 08:01 1054184                    /lib/x86_64-linux-gnu/libnss_compat-2.23.so
7f797893d000-7f7978968000 r-xp 00000000 08:01 2756227                    /usr/lib/jvm/jdk1.8.0_181/jre/lib/amd64/libjava.so
7f7978968000-7f7978b67000 ---p 0002b000 08:01 2756227                    /usr/lib/jvm/jdk1.8.0_181/jre/lib/amd64/libjava.so
7f7978b67000-7f7978b69000 rw-p 0002a000 08:01 2756227                    /usr/lib/jvm/jdk1.8.0_181/jre/lib/amd64/libjava.so
7f7978b69000-7f7978b76000 r-xp 00000000 08:01 2756232                    /usr/lib/jvm/jdk1.8.0_181/jre/lib/amd64/libverify.so
7f7978b76000-7f7978d76000 ---p 0000d000 08:01 2756232                    /usr/lib/jvm/jdk1.8.0_181/jre/lib/amd64/libverify.so
7f7978d76000-7f7978d78000 rw-p 0000d000 08:01 2756232                    /usr/lib/jvm/jdk1.8.0_181/jre/lib/amd64/libverify.so
7f7978d78000-7f7978d7f000 r-xp 00000000 08:01 1054243                    /lib/x86_64-linux-gnu/librt-2.23.so
7f7978d7f000-7f7978f7e000 ---p 00007000 08:01 1054243                    /lib/x86_64-linux-gnu/librt-2.23.so
7f7978f7e000-7f7978f7f000 r--p 00006000 08:01 1054243                    /lib/x86_64-linux-gnu/librt-2.23.so
7f7978f7f000-7f7978f80000 rw-p 00007000 08:01 1054243                    /lib/x86_64-linux-gnu/librt-2.23.so
7f7978f80000-7f7979088000 r-xp 00000000 08:01 1054159                    /lib/x86_64-linux-gnu/libm-2.23.so
7f7979088000-7f7979287000 ---p 00108000 08:01 1054159                    /lib/x86_64-linux-gnu/libm-2.23.so
7f7979287000-7f7979288000 r--p 00107000 08:01 1054159                    /lib/x86_64-linux-gnu/libm-2.23.so
7f7979288000-7f7979289000 rw-p 00108000 08:01 1054159                    /lib/x86_64-linux-gnu/libm-2.23.so
7f7979289000-7f7979f65000 r-xp 00000000 08:01 2756209                    /usr/lib/jvm/jdk1.8.0_181/jre/lib/amd64/server/libjvm.so
7f7979f65000-7f797a165000 ---p 00cdc000 08:01 2756209                    /usr/lib/jvm/jdk1.8.0_181/jre/lib/amd64/server/libjvm.so
7f797a165000-7f797a23f000 rw-p 00cdc000 08:01 2756209                    /usr/lib/jvm/jdk1.8.0_181/jre/lib/amd64/server/libjvm.so
7f797a23f000-7f797a28a000 rw-p 00000000 00:00 0 
7f797a28a000-7f797a44a000 r-xp 00000000 08:01 1054089                    /lib/x86_64-linux-gnu/libc-2.23.so
7f797a44a000-7f797a64a000 ---p 001c0000 08:01 1054089                    /lib/x86_64-linux-gnu/libc-2.23.so
7f797a64a000-7f797a64e000 r--p 001c0000 08:01 1054089                    /lib/x86_64-linux-gnu/libc-2.23.so
7f797a64e000-7f797a650000 rw-p 001c4000 08:01 1054089                    /lib/x86_64-linux-gnu/libc-2.23.so
7f797a650000-7f797a654000 rw-p 00000000 00:00 0 
7f797a654000-7f797a657000 r-xp 00000000 08:01 1054113                    /lib/x86_64-linux-gnu/libdl-2.23.so
7f797a657000-7f797a856000 ---p 00003000 08:01 1054113                    /lib/x86_64-linux-gnu/libdl-2.23.so
7f797a856000-7f797a857000 r--p 00002000 08:01 1054113                    /lib/x86_64-linux-gnu/libdl-2.23.so
7f797a857000-7f797a858000 rw-p 00003000 08:01 1054113                    /lib/x86_64-linux-gnu/libdl-2.23.so
7f797a858000-7f797a86e000 r-xp 00000000 08:01 1449032                    /usr/lib/jvm/jdk1.8.0_181/lib/amd64/jli/libjli.so
7f797a86e000-7f797aa6d000 ---p 00016000 08:01 1449032                    /usr/lib/jvm/jdk1.8.0_181/lib/amd64/jli/libjli.so
7f797aa6d000-7f797aa6e000 rw-p 00015000 08:01 1449032                    /usr/lib/jvm/jdk1.8.0_181/lib/amd64/jli/libjli.so
7f797aa6e000-7f797aa86000 r-xp 00000000 08:01 1054235                    /lib/x86_64-linux-gnu/libpthread-2.23.so
7f797aa86000-7f797ac85000 ---p 00018000 08:01 1054235                    /lib/x86_64-linux-gnu/libpthread-2.23.so
7f797ac85000-7f797ac86000 r--p 00017000 08:01 1054235                    /lib/x86_64-linux-gnu/libpthread-2.23.so
7f797ac86000-7f797ac87000 rw-p 00018000 08:01 1054235                    /lib/x86_64-linux-gnu/libpthread-2.23.so
7f797ac87000-7f797ac8b000 rw-p 00000000 00:00 0 
7f797ac8b000-7f797acb1000 r-xp 00000000 08:01 1054061                    /lib/x86_64-linux-gnu/ld-2.23.so
7f797acb7000-7f797acc1000 r--s 00116000 08:01 2756143                    /usr/lib/jvm/jdk1.8.0_181/jre/lib/ext/localedata.jar
7f797acc1000-7f797ad92000 rw-p 00000000 00:00 0 
7f797ad92000-7f797ad95000 ---p 00000000 00:00 0 
7f797ad95000-7f797ae98000 rw-p 00000000 00:00 0 
7f797ae98000-7f797ae9d000 r--s 0009d000 08:01 2756133                    /usr/lib/jvm/jdk1.8.0_181/jre/lib/jsse.jar
7f797ae9d000-7f797aea5000 r--s 0006e000 08:01 2248917                    /home/whj/dowork/DiffTGen/lib/commons-lang3-3.5.jar
7f797aea5000-7f797aea6000 r--s 00000000 08:01 2248922                    /home/whj/dowork/DiffTGen/lib/myprinter.jar
7f797aea6000-7f797aeae000 rw-s 00000000 08:01 1984650                    /tmp/hsperfdata_whj/31969
7f797aeae000-7f797aeaf000 rw-p 00000000 00:00 0 
7f797aeaf000-7f797aeb0000 ---p 00000000 00:00 0 
7f797aeb0000-7f797aeb1000 r--p 00025000 08:01 1054061                    /lib/x86_64-linux-gnu/ld-2.23.so
7f797aeb1000-7f797aeb2000 rw-p 00026000 08:01 1054061                    /lib/x86_64-linux-gnu/ld-2.23.so
7f797aeb2000-7f797aeb3000 rw-p 00000000 00:00 0 
7ffd6a7d7000-7ffd6a7f9000 rw-p 00000000 00:00 0                          [stack]
7ffd6a7fa000-7ffd6a7fd000 r--p 00000000 00:00 0                          [vvar]
7ffd6a7fd000-7ffd6a7ff000 r-xp 00000000 00:00 0                          [vdso]
ffffffffff600000-ffffffffff601000 r-xp 00000000 00:00 0                  [vsyscall]

VM Arguments:
java_command: /home/whj/dowork/DiffTGen/lib/evosuite-1.0.6.jar -base_dir /home/whj/dowork/DiffTGen/extra_output/Closure_86_5_sequencer/target/0/26 -projectCP /home/whj/dowork/DiffTGen/extra_output/Closure_86_5_sequencer/target/build/classes/all0.jar:/home/whj/dowork/DiffTGen/lib/myprinter.jar:/home/whj/dowork/DiffTGen/lib/commons-lang3-3.5.jar -class com.google.javascript.jscomp.NodeUtil -Dassertions=false -Dsearch_budget=60
java_class_path (initial): /home/whj/dowork/DiffTGen/lib/evosuite-1.0.6.jar
Launcher Type: SUN_STANDARD

Environment Variables:
JAVA_HOME=/usr/lib/jvm/jdk1.8.0_181
JRE_HOME=/usr/lib/jvm/jdk1.8.0_181/jre
CLASSPATH=.:/usr/lib/jvm/jdk1.8.0_181/lib:/usr/lib/jvm/jdk1.8.0_181/jre/lib
PATH=/home/whj/perl5/bin:/home/whj/dowork/defects4j-1.2.0/framework/bin:/usr/lib/jvm/jdk1.8.0_181/bin:/usr/lib/jvm/jdk1.8.0_181/jre/bin:/home/whj/bin:/home/whj/.local/bin:/usr/local/sbin:/usr/local/bin:/usr/sbin:/usr/bin:/sbin:/bin:/usr/games:/usr/local/games" :/snap/bin:/home/whj/bin
SHELL=/bin/bash
DISPLAY=:0

Signal Handlers:
SIGSEGV: [libjvm.so+0xad2a40], sa_mask[0]=11111111011111111101111111111110, sa_flags=SA_RESTART|SA_SIGINFO
SIGBUS: [libjvm.so+0xad2a40], sa_mask[0]=11111111011111111101111111111110, sa_flags=SA_RESTART|SA_SIGINFO
SIGFPE: [libjvm.so+0x92a610], sa_mask[0]=11111111011111111101111111111110, sa_flags=SA_RESTART|SA_SIGINFO
SIGPIPE: [libjvm.so+0x92a610], sa_mask[0]=11111111011111111101111111111110, sa_flags=SA_RESTART|SA_SIGINFO
SIGXFSZ: [libjvm.so+0x92a610], sa_mask[0]=11111111011111111101111111111110, sa_flags=SA_RESTART|SA_SIGINFO
SIGILL: [libjvm.so+0x92a610], sa_mask[0]=11111111011111111101111111111110, sa_flags=SA_RESTART|SA_SIGINFO
SIGUSR1: SIG_DFL, sa_mask[0]=00000000000000000000000000000000, sa_flags=none
SIGUSR2: [libjvm.so+0x92be70], sa_mask[0]=00100000000000000000000000000000, sa_flags=SA_RESTART|SA_SIGINFO
SIGHUP: [libjvm.so+0x92d270], sa_mask[0]=11111111011111111101111111111110, sa_flags=SA_RESTART|SA_SIGINFO
SIGINT: [libjvm.so+0x92d270], sa_mask[0]=11111111011111111101111111111110, sa_flags=SA_RESTART|SA_SIGINFO
SIGTERM: [libjvm.so+0x92d270], sa_mask[0]=11111111011111111101111111111110, sa_flags=SA_RESTART|SA_SIGINFO
SIGQUIT: [libjvm.so+0x92d270], sa_mask[0]=11111111011111111101111111111110, sa_flags=SA_RESTART|SA_SIGINFO


---------------  S Y S T E M  ---------------

OS:DISTRIB_ID=Ubuntu
DISTRIB_RELEASE=16.04
DISTRIB_CODENAME=xenial
DISTRIB_DESCRIPTION="Ubuntu 16.04.6 LTS"

uname:Linux 4.15.0-91-generic #92~16.04.1-Ubuntu SMP Fri Feb 28 14:57:22 UTC 2020 x86_64
libc:glibc 2.23 NPTL 2.23 
rlimit: STACK 8192k, CORE 0k, NPROC 31576, NOFILE 1048576, AS infinity
load average:12.41 10.41 11.39

/proc/meminfo:
MemTotal:        8144704 kB
MemFree:          104308 kB
MemAvailable:          0 kB
Buffers:             276 kB
Cached:            13964 kB
SwapCached:         5972 kB
Active:          6919336 kB
Inactive:         667588 kB
Active(anon):    6913496 kB
Inactive(anon):   659484 kB
Active(file):       5840 kB
Inactive(file):     8104 kB
Unevictable:          32 kB
Mlocked:              32 kB
SwapTotal:        998396 kB
SwapFree:             60 kB
Dirty:               104 kB
Writeback:           204 kB
AnonPages:       7567108 kB
Mapped:            11924 kB
Shmem:                 4 kB
Slab:              87636 kB
SReclaimable:      31452 kB
SUnreclaim:        56184 kB
KernelStack:       14560 kB
PageTables:        47812 kB
NFS_Unstable:          0 kB
Bounce:                0 kB
WritebackTmp:          0 kB
CommitLimit:     5070748 kB
Committed_AS:   13849148 kB
VmallocTotal:   34359738367 kB
VmallocUsed:           0 kB
VmallocChunk:          0 kB
HardwareCorrupted:     0 kB
AnonHugePages:         0 kB
ShmemHugePages:        0 kB
ShmemPmdMapped:        0 kB
CmaTotal:              0 kB
CmaFree:               0 kB
HugePages_Total:       0
HugePages_Free:        0
HugePages_Rsvd:        0
HugePages_Surp:        0
Hugepagesize:       2048 kB
DirectMap4k:      114496 kB
DirectMap2M:     6176768 kB
DirectMap1G:     4194304 kB


CPU:total 2 (initial active 2) (2 cores per cpu, 1 threads per core) family 6 model 158 stepping 10, cmov, cx8, fxsr, mmx, sse, sse2, sse3, ssse3, sse4.1, sse4.2, popcnt, avx, avx2, aes, clmul, erms, 3dnowpref, lzcnt, tsc, tscinvbit, bmi1, bmi2, adx

/proc/cpuinfo:
processor	: 0
vendor_id	: GenuineIntel
cpu family	: 6
model		: 158
model name	: Intel(R) Core(TM) i7-8750H CPU @ 2.20GHz
stepping	: 10
microcode	: 0x96
cpu MHz		: 2207.999
cache size	: 9216 KB
physical id	: 0
siblings	: 2
core id		: 0
cpu cores	: 2
apicid		: 0
initial apicid	: 0
fpu		: yes
fpu_exception	: yes
cpuid level	: 22
wp		: yes
flags		: fpu vme de pse tsc msr pae mce cx8 apic sep mtrr pge mca cmov pat pse36 clflush mmx fxsr sse sse2 ss ht syscall nx pdpe1gb rdtscp lm constant_tsc arch_perfmon nopl xtopology tsc_reliable nonstop_tsc cpuid pni pclmulqdq ssse3 fma cx16 pcid sse4_1 sse4_2 x2apic movbe popcnt tsc_deadline_timer aes xsave avx f16c rdrand hypervisor lahf_lm abm 3dnowprefetch cpuid_fault invpcid_single pti ssbd ibrs ibpb stibp fsgsbase tsc_adjust bmi1 avx2 smep bmi2 invpcid rdseed adx smap xsaveopt arat flush_l1d arch_capabilities
bugs		: cpu_meltdown spectre_v1 spectre_v2 spec_store_bypass l1tf mds swapgs itlb_multihit
bogomips	: 4415.99
clflush size	: 64
cache_alignment	: 64
address sizes	: 42 bits physical, 48 bits virtual
power management:

processor	: 1
vendor_id	: GenuineIntel
cpu family	: 6
model		: 158
model name	: Intel(R) Core(TM) i7-8750H CPU @ 2.20GHz
stepping	: 10
microcode	: 0x96
cpu MHz		: 2207.999
cache size	: 9216 KB
physical id	: 0
siblings	: 2
core id		: 1
cpu cores	: 2
apicid		: 1
initial apicid	: 1
fpu		: yes
fpu_exception	: yes
cpuid level	: 22
wp		: yes
flags		: fpu vme de pse tsc msr pae mce cx8 apic sep mtrr pge mca cmov pat pse36 clflush mmx fxsr sse sse2 ss ht syscall nx pdpe1gb rdtscp lm constant_tsc arch_perfmon nopl xtopology tsc_reliable nonstop_tsc cpuid pni pclmulqdq ssse3 fma cx16 pcid sse4_1 sse4_2 x2apic movbe popcnt tsc_deadline_timer aes xsave avx f16c rdrand hypervisor lahf_lm abm 3dnowprefetch cpuid_fault invpcid_single pti ssbd ibrs ibpb stibp fsgsbase tsc_adjust bmi1 avx2 smep bmi2 invpcid rdseed adx smap xsaveopt arat flush_l1d arch_capabilities
bugs		: cpu_meltdown spectre_v1 spectre_v2 spec_store_bypass l1tf mds swapgs itlb_multihit
bogomips	: 4415.99
clflush size	: 64
cache_alignment	: 64
address sizes	: 42 bits physical, 48 bits virtual
power management:



Memory: 4k page, physical 8144704k(104308k free), swap 998396k(60k free)

vm_info: Java HotSpot(TM) 64-Bit Server VM (25.181-b13) for linux-amd64 JRE (1.8.0_181-b13), built on Jul  7 2018 00:56:38 by "java_re" with gcc 4.3.0 20080428 (Red Hat 4.3.0-8)

time: Fri Mar 27 13:35:11 2020
elapsed time: 108 seconds (0d 0h 1m 48s)

