#
# There is insufficient memory for the Java Runtime Environment to continue.
# Native memory allocation (mmap) failed to map 128974848 bytes for committing reserved memory.
# Possible reasons:
#   The system is out of physical RAM or swap space
#   In 32 bit mode, the process size limit was hit
# Possible solutions:
#   Reduce memory load on the system
#   Increase physical memory or swap space
#   Check if swap backing store is full
#   Use 64 bit Java on a 64 bit OS
#   Decrease Java heap size (-Xmx/-Xms)
#   Decrease number of Java threads
#   Decrease Java thread stack sizes (-Xss)
#   Set larger code cache with -XX:ReservedCodeCacheSize=
# This output file may be truncated or incomplete.
#
#  Out of Memory Error (os_linux.cpp:2640), pid=14228, tid=0x00007f4f62992700
#
# JRE version: Java(TM) SE Runtime Environment (8.0_181-b13) (build 1.8.0_181-b13)
# Java VM: Java HotSpot(TM) 64-Bit Server VM (25.181-b13 mixed mode linux-amd64 compressed oops)
# Failed to write core dump. Core dumps have been disabled. To enable core dumping, try "ulimit -c unlimited" before starting Java again
#

---------------  T H R E A D  ---------------

Current thread (0x00007f4f780fb800):  VMThread [stack: 0x00007f4f62892000,0x00007f4f62993000] [id=14261]

Stack: [0x00007f4f62892000,0x00007f4f62993000],  sp=0x00007f4f62991020,  free space=1020k
Native frames: (J=compiled Java code, j=interpreted, Vv=VM code, C=native code)
V  [libjvm.so+0xad21aa]  VMError::report_and_die()+0x2ba
V  [libjvm.so+0x5022db]  report_vm_out_of_memory(char const*, int, unsigned long, VMErrorType, char const*)+0x8b
V  [libjvm.so+0x92fe33]  os::Linux::commit_memory_impl(char*, unsigned long, bool)+0x123
V  [libjvm.so+0x930059]  os::pd_commit_memory(char*, unsigned long, unsigned long, bool)+0x29
V  [libjvm.so+0x9272ba]  os::commit_memory(char*, unsigned long, unsigned long, bool)+0x2a
V  [libjvm.so+0x99d2e3]  PSVirtualSpace::expand_by(unsigned long)+0x53
V  [libjvm.so+0x99e6e8]  PSYoungGen::resize_generation(unsigned long, unsigned long)+0xf8
V  [libjvm.so+0x99d842]  PSYoungGen::resize(unsigned long, unsigned long)+0x22
V  [libjvm.so+0x99ab1b]  PSScavenge::invoke_no_policy()+0xf3b
V  [libjvm.so+0x99b2a1]  PSScavenge::invoke()+0x41
V  [libjvm.so+0x951d70]  ParallelScavengeHeap::failed_mem_allocate(unsigned long)+0x70
V  [libjvm.so+0xad3c27]  VM_ParallelGCFailedAllocation::doit()+0x97
V  [libjvm.so+0xadb745]  VM_Operation::evaluate()+0x55
V  [libjvm.so+0xad9b0a]  VMThread::evaluate_operation(VM_Operation*)+0xba
V  [libjvm.so+0xad9e8e]  VMThread::loop()+0x1ce
V  [libjvm.so+0xada300]  VMThread::run()+0x70
V  [libjvm.so+0x930198]  java_start(Thread*)+0x108

VM_Operation (0x00007f4f38ff72d0): ParallelGCFailedAllocation, mode: safepoint, requested by thread 0x00000000009e8800


---------------  P R O C E S S  ---------------

Java Threads: ( => current thread )
  0x00000000009e8800 JavaThread "RMI TCP Connection(2)-127.0.0.1" daemon [_thread_blocked, id=14545, stack(0x00007f4f38efe000,0x00007f4f38fff000)]
  0x00007f4f50044800 JavaThread "RMI Scheduler(0)" daemon [_thread_blocked, id=14543, stack(0x00007f4f600fc000,0x00007f4f601fd000)]
  0x00007f4f50031000 JavaThread "RMI RenewClean-[127.0.0.1:14675]" daemon [_thread_blocked, id=14537, stack(0x00007f4f601fd000,0x00007f4f602fe000)]
  0x00007f4f20003800 JavaThread "RMI TCP Connection(3)-127.0.0.1" daemon [_thread_in_native, id=14517, stack(0x00007f4f6031a000,0x00007f4f6041b000)]
  0x00007f4f28006000 JavaThread "pool-3-thread-3" [_thread_in_native, id=14477, stack(0x00007f4f6041b000,0x00007f4f6051c000)]
  0x00007f4f28004800 JavaThread "pool-3-thread-2" [_thread_in_native, id=14476, stack(0x00007f4f6051c000,0x00007f4f6061d000)]
  0x00007f4f28003000 JavaThread "pool-3-thread-1" [_thread_in_native, id=14475, stack(0x00007f4f6061d000,0x00007f4f6071e000)]
  0x00007f4f78350000 JavaThread "Thread-3" [_thread_in_native, id=14379, stack(0x00007f4f6071e000,0x00007f4f6081f000)]
  0x00007f4f7834e800 JavaThread "Thread-2" [_thread_in_native, id=14376, stack(0x00007f4f6081f000,0x00007f4f60920000)]
  0x00007f4f7834d000 JavaThread "process reaper" daemon [_thread_in_native, id=14372, stack(0x00007f4f60920000,0x00007f4f60959000)]
  0x00007f4f78347800 JavaThread "pool-2-thread-1" [_thread_in_native, id=14348, stack(0x00007f4f60959000,0x00007f4f60a5a000)]
  0x00007f4f78345000 JavaThread "GC Daemon" daemon [_thread_blocked, id=14344, stack(0x00007f4f60a5a000,0x00007f4f60b5b000)]
  0x00007f4f78342000 JavaThread "RMI Reaper" [_thread_blocked, id=14339, stack(0x00007f4f60b5b000,0x00007f4f60c5c000)]
  0x00007f4f78339800 JavaThread "RMI TCP Accept-15676" daemon [_thread_in_native, id=14330, stack(0x00007f4f60c5c000,0x00007f4f60d5d000)]
  0x00007f4f78332800 JavaThread "RMI TCP Accept-2088" daemon [_thread_in_native, id=14326, stack(0x00007f4f60d5d000,0x00007f4f60e5e000)]
  0x00007f4f78284800 JavaThread "logback-3" daemon [_thread_blocked, id=14313, stack(0x00007f4f610e9000,0x00007f4f611ea000)]
  0x00007f4f78283000 JavaThread "logback-2" daemon [_thread_blocked, id=14310, stack(0x00007f4f611ea000,0x00007f4f612eb000)]
  0x00007f4f78281800 JavaThread "logback-1" daemon [_thread_blocked, id=14306, stack(0x00007f4f612eb000,0x00007f4f613ec000)]
  0x00007f4f78142000 JavaThread "Service Thread" daemon [_thread_blocked, id=14292, stack(0x00007f4f618cd000,0x00007f4f619ce000)]
  0x00007f4f7813f000 JavaThread "C1 CompilerThread1" daemon [_thread_blocked, id=14289, stack(0x00007f4f619ce000,0x00007f4f61acf000)]
  0x00007f4f7813c000 JavaThread "C2 CompilerThread0" daemon [_thread_blocked, id=14284, stack(0x00007f4f61acf000,0x00007f4f61bd0000)]
  0x00007f4f7813a800 JavaThread "Signal Dispatcher" daemon [_thread_blocked, id=14282, stack(0x00007f4f61bd0000,0x00007f4f61cd1000)]
  0x00007f4f78107800 JavaThread "Finalizer" daemon [_thread_blocked, id=14269, stack(0x00007f4f62690000,0x00007f4f62791000)]
  0x00007f4f78105000 JavaThread "Reference Handler" daemon [_thread_blocked, id=14267, stack(0x00007f4f62791000,0x00007f4f62892000)]
  0x00007f4f7800a800 JavaThread "main" [_thread_in_native, id=14233, stack(0x00007f4f7e9fb000,0x00007f4f7eafc000)]

Other Threads:
=>0x00007f4f780fb800 VMThread [stack: 0x00007f4f62892000,0x00007f4f62993000] [id=14261]
  0x00007f4f78146800 WatcherThread [stack: 0x00007f4f617cc000,0x00007f4f618cd000] [id=14299]

VM state:at safepoint (normal execution)

VM Mutex/Monitor currently owned by a thread:  ([mutex/lock_event])
[0x00007f4f78006c60] Threads_lock - owner thread: 0x00007f4f780fb800
[0x00007f4f78007160] Heap_lock - owner thread: 0x00000000009e8800

Heap:
 PSYoungGen      total 134656K, used 9680K [0x00000000d6900000, 0x00000000df700000, 0x0000000100000000)
  eden space 124928K, 0% used [0x00000000d6900000,0x00000000d6900000,0x00000000de300000)
  from space 9728K, 99% used [0x00000000de300000,0x00000000dec740b0,0x00000000dec80000)
  to   space 8704K, 0% used [0x00000000dec80000,0x00000000dec80000,0x00000000df500000)
 ParOldGen       total 86016K, used 11195K [0x0000000083a00000, 0x0000000088e00000, 0x00000000d6900000)
  object space 86016K, 13% used [0x0000000083a00000,0x00000000844eefc8,0x0000000088e00000)
 Metaspace       used 13725K, capacity 14066K, committed 14336K, reserved 1062912K
  class space    used 1570K, capacity 1663K, committed 1792K, reserved 1048576K

Card table byte_map: [0x00007f4f68222000,0x00007f4f68606000] byte_map_base: 0x00007f4f67e05000

Marking Bits: (ParMarkBitMap*) 0x00007f4f7dec60a0
 Begin Bits: [0x00007f4f64059000, 0x00007f4f65f71000)
 End Bits:   [0x00007f4f65f71000, 0x00007f4f67e89000)

Polling page: 0x00007f4f7eb18000

CodeCache: size=245760Kb used=5826Kb max_used=5826Kb free=239933Kb
 bounds [0x00007f4f689c6000, 0x00007f4f68f86000, 0x00007f4f779c6000]
 total_blobs=2112 nmethods=1765 adapters=260
 compilation: enabled

Compilation events (10 events):
Event: 41.041 Thread 0x00007f4f7813f000 1801       2       java.util.AbstractCollection::containsAll (38 bytes)
Event: 41.042 Thread 0x00007f4f7813f000 nmethod 1801 0x00007f4f68f772d0 code [0x00007f4f68f77460, 0x00007f4f68f776d8]
Event: 41.242 Thread 0x00007f4f7813f000 1803       2       org.evosuite.graphs.cfg.RawControlFlowGraph::addBranchEdge (52 bytes)
Event: 41.243 Thread 0x00007f4f7813f000 nmethod 1803 0x00007f4f68f77810 code [0x00007f4f68f779c0, 0x00007f4f68f77dd8]
Event: 41.355 Thread 0x00007f4f7813f000 1805       2       org.evosuite.graphs.cfg.BasicBlock::getFirstInstruction (28 bytes)
Event: 41.355 Thread 0x00007f4f7813f000 nmethod 1805 0x00007f4f68f78190 code [0x00007f4f68f78320, 0x00007f4f68f78518]
Event: 41.356 Thread 0x00007f4f7813f000 1806       2       org.evosuite.graphs.cdg.DominatorTree::getDominatorNodeById (34 bytes)
Event: 41.356 Thread 0x00007f4f7813f000 nmethod 1806 0x00007f4f68f785d0 code [0x00007f4f68f78760, 0x00007f4f68f78a58]
Event: 41.805 Thread 0x00007f4f7813f000 1807       2       org.evosuite.instrumentation.mutation.ReplaceComparisonOperator::getOp (255 bytes)
Event: 41.806 Thread 0x00007f4f7813f000 nmethod 1807 0x00007f4f68f78c50 code [0x00007f4f68f78e20, 0x00007f4f68f79358]

GC Heap History (10 events):
Event: 37.242 GC heap after
Heap after GC invocations=5 (full 1):
 PSYoungGen      total 37888K, used 5102K [0x00000000d6900000, 0x00000000d9300000, 0x0000000100000000)
  eden space 32768K, 0% used [0x00000000d6900000,0x00000000d6900000,0x00000000d8900000)
  from space 5120K, 99% used [0x00000000d8e00000,0x00000000d92fba60,0x00000000d9300000)
  to   space 5120K, 0% used [0x00000000d8900000,0x00000000d8900000,0x00000000d8e00000)
 ParOldGen       total 86016K, used 4956K [0x0000000083a00000, 0x0000000088e00000, 0x00000000d6900000)
  object space 86016K, 5% used [0x0000000083a00000,0x0000000083ed7360,0x0000000088e00000)
 Metaspace       used 13625K, capacity 14002K, committed 14336K, reserved 1062912K
  class space    used 1570K, capacity 1663K, committed 1792K, reserved 1048576K
}
Event: 37.485 GC heap before
{Heap before GC invocations=6 (full 1):
 PSYoungGen      total 37888K, used 37870K [0x00000000d6900000, 0x00000000d9300000, 0x0000000100000000)
  eden space 32768K, 100% used [0x00000000d6900000,0x00000000d8900000,0x00000000d8900000)
  from space 5120K, 99% used [0x00000000d8e00000,0x00000000d92fba60,0x00000000d9300000)
  to   space 5120K, 0% used [0x00000000d8900000,0x00000000d8900000,0x00000000d8e00000)
 ParOldGen       total 86016K, used 4956K [0x0000000083a00000, 0x0000000088e00000, 0x00000000d6900000)
  object space 86016K, 5% used [0x0000000083a00000,0x0000000083ed7360,0x0000000088e00000)
 Metaspace       used 13646K, capacity 14002K, committed 14336K, reserved 1062912K
  class space    used 1570K, capacity 1663K, committed 1792K, reserved 1048576K
Event: 37.505 GC heap after
Heap after GC invocations=6 (full 1):
 PSYoungGen      total 37888K, used 5112K [0x00000000d6900000, 0x00000000db300000, 0x0000000100000000)
  eden space 32768K, 0% used [0x00000000d6900000,0x00000000d6900000,0x00000000d8900000)
  from space 5120K, 99% used [0x00000000d8900000,0x00000000d8dfe220,0x00000000d8e00000)
  to   space 5120K, 0% used [0x00000000dae00000,0x00000000dae00000,0x00000000db300000)
 ParOldGen       total 86016K, used 5530K [0x0000000083a00000, 0x0000000088e00000, 0x00000000d6900000)
  object space 86016K, 6% used [0x0000000083a00000,0x0000000083f66bb0,0x0000000088e00000)
 Metaspace       used 13646K, capacity 14002K, committed 14336K, reserved 1062912K
  class space    used 1570K, capacity 1663K, committed 1792K, reserved 1048576K
}
Event: 38.000 GC heap before
{Heap before GC invocations=7 (full 1):
 PSYoungGen      total 37888K, used 37880K [0x00000000d6900000, 0x00000000db300000, 0x0000000100000000)
  eden space 32768K, 100% used [0x00000000d6900000,0x00000000d8900000,0x00000000d8900000)
  from space 5120K, 99% used [0x00000000d8900000,0x00000000d8dfe220,0x00000000d8e00000)
  to   space 5120K, 0% used [0x00000000dae00000,0x00000000dae00000,0x00000000db300000)
 ParOldGen       total 86016K, used 5530K [0x0000000083a00000, 0x0000000088e00000, 0x00000000d6900000)
  object space 86016K, 6% used [0x0000000083a00000,0x0000000083f66bb0,0x0000000088e00000)
 Metaspace       used 13653K, capacity 14002K, committed 14336K, reserved 1062912K
  class space    used 1570K, capacity 1663K, committed 1792K, reserved 1048576K
Event: 38.057 GC heap after
Heap after GC invocations=7 (full 1):
 PSYoungGen      total 68096K, used 5116K [0x00000000d6900000, 0x00000000db800000, 0x0000000100000000)
  eden space 62976K, 0% used [0x00000000d6900000,0x00000000d6900000,0x00000000da680000)
  from space 5120K, 99% used [0x00000000dae00000,0x00000000db2ff110,0x00000000db300000)
  to   space 7680K, 0% used [0x00000000da680000,0x00000000da680000,0x00000000dae00000)
 ParOldGen       total 86016K, used 7578K [0x0000000083a00000, 0x0000000088e00000, 0x00000000d6900000)
  object space 86016K, 8% used [0x0000000083a00000,0x00000000841669f8,0x0000000088e00000)
 Metaspace       used 13653K, capacity 14002K, committed 14336K, reserved 1062912K
  class space    used 1570K, capacity 1663K, committed 1792K, reserved 1048576K
}
Event: 39.297 GC heap before
{Heap before GC invocations=8 (full 1):
 PSYoungGen      total 68096K, used 68092K [0x00000000d6900000, 0x00000000db800000, 0x0000000100000000)
  eden space 62976K, 100% used [0x00000000d6900000,0x00000000da680000,0x00000000da680000)
  from space 5120K, 99% used [0x00000000dae00000,0x00000000db2ff110,0x00000000db300000)
  to   space 7680K, 0% used [0x00000000da680000,0x00000000da680000,0x00000000dae00000)
 ParOldGen       total 86016K, used 7578K [0x0000000083a00000, 0x0000000088e00000, 0x00000000d6900000)
  object space 86016K, 8% used [0x0000000083a00000,0x00000000841669f8,0x0000000088e00000)
 Metaspace       used 13691K, capacity 14066K, committed 14336K, reserved 1062912K
  class space    used 1570K, capacity 1663K, committed 1792K, reserved 1048576K
Event: 39.333 GC heap after
Heap after GC invocations=8 (full 1):
 PSYoungGen      total 70656K, used 7676K [0x00000000d6900000, 0x00000000df500000, 0x0000000100000000)
  eden space 62976K, 0% used [0x00000000d6900000,0x00000000d6900000,0x00000000da680000)
  from space 7680K, 99% used [0x00000000da680000,0x00000000dadff110,0x00000000dae00000)
  to   space 8704K, 0% used [0x00000000dec80000,0x00000000dec80000,0x00000000df500000)
 ParOldGen       total 86016K, used 8130K [0x0000000083a00000, 0x0000000088e00000, 0x00000000d6900000)
  object space 86016K, 9% used [0x0000000083a00000,0x00000000841f0a38,0x0000000088e00000)
 Metaspace       used 13691K, capacity 14066K, committed 14336K, reserved 1062912K
  class space    used 1570K, capacity 1663K, committed 1792K, reserved 1048576K
}
Event: 39.993 GC heap before
{Heap before GC invocations=9 (full 1):
 PSYoungGen      total 70656K, used 70652K [0x00000000d6900000, 0x00000000df500000, 0x0000000100000000)
  eden space 62976K, 100% used [0x00000000d6900000,0x00000000da680000,0x00000000da680000)
  from space 7680K, 99% used [0x00000000da680000,0x00000000dadff110,0x00000000dae00000)
  to   space 8704K, 0% used [0x00000000dec80000,0x00000000dec80000,0x00000000df500000)
 ParOldGen       total 86016K, used 8130K [0x0000000083a00000, 0x0000000088e00000, 0x00000000d6900000)
  object space 86016K, 9% used [0x0000000083a00000,0x00000000841f0a38,0x0000000088e00000)
 Metaspace       used 13714K, capacity 14066K, committed 14336K, reserved 1062912K
  class space    used 1570K, capacity 1663K, committed 1792K, reserved 1048576K
Event: 40.058 GC heap after
Heap after GC invocations=9 (full 1):
 PSYoungGen      total 133632K, used 8272K [0x00000000d6900000, 0x00000000df700000, 0x0000000100000000)
  eden space 124928K, 0% used [0x00000000d6900000,0x00000000d6900000,0x00000000de300000)
  from space 8704K, 95% used [0x00000000dec80000,0x00000000df4940b0,0x00000000df500000)
  to   space 9728K, 0% used [0x00000000de300000,0x00000000de300000,0x00000000dec80000)
 ParOldGen       total 86016K, used 10067K [0x0000000083a00000, 0x0000000088e00000, 0x00000000d6900000)
  object space 86016K, 11% used [0x0000000083a00000,0x00000000843d4fc8,0x0000000088e00000)
 Metaspace       used 13714K, capacity 14066K, committed 14336K, reserved 1062912K
  class space    used 1570K, capacity 1663K, committed 1792K, reserved 1048576K
}
Event: 42.285 GC heap before
{Heap before GC invocations=10 (full 1):
 PSYoungGen      total 133632K, used 133200K [0x00000000d6900000, 0x00000000df700000, 0x0000000100000000)
  eden space 124928K, 100% used [0x00000000d6900000,0x00000000de300000,0x00000000de300000)
  from space 8704K, 95% used [0x00000000dec80000,0x00000000df4940b0,0x00000000df500000)
  to   space 9728K, 0% used [0x00000000de300000,0x00000000de300000,0x00000000dec80000)
 ParOldGen       total 86016K, used 10067K [0x0000000083a00000, 0x0000000088e00000, 0x00000000d6900000)
  object space 86016K, 11% used [0x0000000083a00000,0x00000000843d4fc8,0x0000000088e00000)
 Metaspace       used 13725K, capacity 14066K, committed 14336K, reserved 1062912K
  class space    used 1570K, capacity 1663K, committed 1792K, reserved 1048576K

Deoptimization events (10 events):
Event: 32.238 Thread 0x00000000009e8800 Uncommon trap: reason=bimorphic action=maybe_recompile pc=0x00007f4f68c2a050 method=java.util.HashMap.putVal(ILjava/lang/Object;Ljava/lang/Object;ZZ)Ljava/lang/Object; @ 91
Event: 32.716 Thread 0x00000000009e8800 Uncommon trap: reason=class_check action=maybe_recompile pc=0x00007f4f68d747f4 method=java.util.HashMap.putVal(ILjava/lang/Object;Ljava/lang/Object;ZZ)Ljava/lang/Object; @ 203
Event: 32.716 Thread 0x00000000009e8800 Uncommon trap: reason=class_check action=maybe_recompile pc=0x00007f4f68d747f4 method=java.util.HashMap.putVal(ILjava/lang/Object;Ljava/lang/Object;ZZ)Ljava/lang/Object; @ 203
Event: 32.716 Thread 0x00000000009e8800 Uncommon trap: reason=class_check action=maybe_recompile pc=0x00007f4f68d747f4 method=java.util.HashMap.putVal(ILjava/lang/Object;Ljava/lang/Object;ZZ)Ljava/lang/Object; @ 203
Event: 32.716 Thread 0x00000000009e8800 Uncommon trap: reason=class_check action=maybe_recompile pc=0x00007f4f68d747f4 method=java.util.HashMap.putVal(ILjava/lang/Object;Ljava/lang/Object;ZZ)Ljava/lang/Object; @ 203
Event: 32.718 Thread 0x00000000009e8800 Uncommon trap: reason=unstable_if action=reinterpret pc=0x00007f4f68d6c6d4 method=java.io.ObjectStreamClass$FieldReflector.setObjFieldValues(Ljava/lang/Object;[Ljava/lang/Object;)V @ 92
Event: 34.197 Thread 0x00000000009e8800 Uncommon trap: reason=unstable_if action=reinterpret pc=0x00007f4f68bc13f0 method=java.lang.AbstractStringBuilder.append(Ljava/lang/String;)Ljava/lang/AbstractStringBuilder; @ 1
Event: 34.444 Thread 0x00000000009e8800 Uncommon trap: reason=unstable_if action=reinterpret pc=0x00007f4f68ba86ec method=java.lang.AbstractStringBuilder.append(Ljava/lang/String;)Ljava/lang/AbstractStringBuilder; @ 1
Event: 36.488 Thread 0x00000000009e8800 Uncommon trap: reason=bimorphic action=maybe_recompile pc=0x00007f4f68ea00a8 method=java.util.HashMap.putVal(ILjava/lang/Object;Ljava/lang/Object;ZZ)Ljava/lang/Object; @ 203
Event: 36.488 Thread 0x00000000009e8800 Uncommon trap: reason=bimorphic action=maybe_recompile pc=0x00007f4f68ea00a8 method=java.util.HashMap.putVal(ILjava/lang/Object;Ljava/lang/Object;ZZ)Ljava/lang/Object; @ 203

Classes redefined (0 events):
No events

Internal exceptions (10 events):
Event: 21.173 Thread 0x00007f4f78284800 Exception <a 'java/net/ConnectException'> (0x00000000d6d76038) thrown at [/HUDSON/workspace/8-2-build-linux-amd64/jdk8u181/11358/hotspot/src/share/vm/prims/jni.cpp, line 709]
Event: 31.105 Thread 0x00007f4f78283000 Exception <a 'java/net/ConnectException'> (0x00000000d6cd2c60) thrown at [/HUDSON/workspace/8-2-build-linux-amd64/jdk8u181/11358/hotspot/src/share/vm/prims/jni.cpp, line 709]
Event: 31.121 Thread 0x00007f4f78281800 Exception <a 'java/net/ConnectException'> (0x00000000d6d24be0) thrown at [/HUDSON/workspace/8-2-build-linux-amd64/jdk8u181/11358/hotspot/src/share/vm/prims/jni.cpp, line 709]
Event: 31.173 Thread 0x00007f4f78284800 Exception <a 'java/net/ConnectException'> (0x00000000d6d76b60) thrown at [/HUDSON/workspace/8-2-build-linux-amd64/jdk8u181/11358/hotspot/src/share/vm/prims/jni.cpp, line 709]
Event: 32.718 Thread 0x00000000009e8800 Implicit null exception at 0x00007f4f68d6ba2d to 0x00007f4f68d6c6a1
Event: 34.197 Thread 0x00000000009e8800 Implicit null exception at 0x00007f4f68bc1035 to 0x00007f4f68bc13dd
Event: 34.444 Thread 0x00000000009e8800 Implicit null exception at 0x00007f4f68ba82f4 to 0x00007f4f68ba86d5
Event: 41.107 Thread 0x00007f4f78283000 Exception <a 'java/net/ConnectException'> (0x00000000d9114f20) thrown at [/HUDSON/workspace/8-2-build-linux-amd64/jdk8u181/11358/hotspot/src/share/vm/prims/jni.cpp, line 709]
Event: 41.122 Thread 0x00007f4f78281800 Exception <a 'java/net/ConnectException'> (0x00000000d91e0010) thrown at [/HUDSON/workspace/8-2-build-linux-amd64/jdk8u181/11358/hotspot/src/share/vm/prims/jni.cpp, line 709]
Event: 41.175 Thread 0x00007f4f78284800 Exception <a 'java/net/ConnectException'> (0x00000000d92ab0f8) thrown at [/HUDSON/workspace/8-2-build-linux-amd64/jdk8u181/11358/hotspot/src/share/vm/prims/jni.cpp, line 709]

Events (10 events):
Event: 41.311 Thread 0x00000000009e8800 DEOPT UNPACKING pc=0x00007f4f68a0d784 sp=0x00007f4f38ff70b8 mode 0
Event: 41.312 Thread 0x00000000009e8800 DEOPT PACKING pc=0x00007f4f68e375d7 sp=0x00007f4f38ff73f0
Event: 41.312 Thread 0x00000000009e8800 DEOPT UNPACKING pc=0x00007f4f68a0d784 sp=0x00007f4f38ff7138 mode 0
Event: 41.313 Thread 0x00000000009e8800 DEOPT PACKING pc=0x00007f4f68e375d7 sp=0x00007f4f38ff7370
Event: 41.313 Thread 0x00000000009e8800 DEOPT UNPACKING pc=0x00007f4f68a0d784 sp=0x00007f4f38ff70b8 mode 0
Event: 41.313 Thread 0x00000000009e8800 DEOPT PACKING pc=0x00007f4f68e375d7 sp=0x00007f4f38ff7370
Event: 41.313 Thread 0x00000000009e8800 DEOPT UNPACKING pc=0x00007f4f68a0d784 sp=0x00007f4f38ff70b8 mode 0
Event: 41.355 Thread 0x00000000009e8800 DEOPT PACKING pc=0x00007f4f68e375d7 sp=0x00007f4f38ff73f0
Event: 41.355 Thread 0x00000000009e8800 DEOPT UNPACKING pc=0x00007f4f68a0d784 sp=0x00007f4f38ff7138 mode 0
Event: 42.285 Executing VM operation: ParallelGCFailedAllocation


Dynamic libraries:
00400000-00401000 r-xp 00000000 08:01 1448396                            /usr/lib/jvm/jdk1.8.0_181/bin/java
00600000-00601000 rw-p 00000000 08:01 1448396                            /usr/lib/jvm/jdk1.8.0_181/bin/java
009e6000-00a07000 rw-p 00000000 00:00 0                                  [heap]
83a00000-88e00000 rw-p 00000000 00:00 0 
88e00000-d6900000 ---p 00000000 00:00 0 
d6900000-df700000 rw-p 00000000 00:00 0 
e7200000-100000000 ---p 00000000 00:00 0 
100000000-1001c0000 rw-p 00000000 00:00 0 
1001c0000-140000000 ---p 00000000 00:00 0 
7f4f20000000-7f4f20021000 rw-p 00000000 00:00 0 
7f4f20021000-7f4f24000000 ---p 00000000 00:00 0 
7f4f28000000-7f4f28021000 rw-p 00000000 00:00 0 
7f4f28021000-7f4f2c000000 ---p 00000000 00:00 0 
7f4f2c000000-7f4f2c021000 rw-p 00000000 00:00 0 
7f4f2c021000-7f4f30000000 ---p 00000000 00:00 0 
7f4f30000000-7f4f30021000 rw-p 00000000 00:00 0 
7f4f30021000-7f4f34000000 ---p 00000000 00:00 0 
7f4f34000000-7f4f34021000 rw-p 00000000 00:00 0 
7f4f34021000-7f4f38000000 ---p 00000000 00:00 0 
7f4f38afe000-7f4f38b3e000 rw-p 00000000 00:00 0 
7f4f38b3e000-7f4f38cfe000 ---p 00000000 00:00 0 
7f4f38cfe000-7f4f38efe000 rw-p 00000000 00:00 0 
7f4f38efe000-7f4f38f01000 ---p 00000000 00:00 0 
7f4f38f01000-7f4f3c000000 rw-p 00000000 00:00 0 
7f4f3c000000-7f4f3c9f0000 rw-p 00000000 00:00 0 
7f4f3c9f0000-7f4f40000000 ---p 00000000 00:00 0 
7f4f40000000-7f4f40021000 rw-p 00000000 00:00 0 
7f4f40021000-7f4f44000000 ---p 00000000 00:00 0 
7f4f44000000-7f4f44021000 rw-p 00000000 00:00 0 
7f4f44021000-7f4f48000000 ---p 00000000 00:00 0 
7f4f48000000-7f4f48fed000 rw-p 00000000 00:00 0 
7f4f48fed000-7f4f4c000000 ---p 00000000 00:00 0 
7f4f4c000000-7f4f4c021000 rw-p 00000000 00:00 0 
7f4f4c021000-7f4f50000000 ---p 00000000 00:00 0 
7f4f50000000-7f4f50047000 rw-p 00000000 00:00 0 
7f4f50047000-7f4f54000000 ---p 00000000 00:00 0 
7f4f54000000-7f4f5418a000 rw-p 00000000 00:00 0 
7f4f5418a000-7f4f58000000 ---p 00000000 00:00 0 
7f4f58000000-7f4f5829c000 rw-p 00000000 00:00 0 
7f4f5829c000-7f4f5c000000 ---p 00000000 00:00 0 
7f4f5c000000-7f4f5c021000 rw-p 00000000 00:00 0 
7f4f5c021000-7f4f60000000 ---p 00000000 00:00 0 
7f4f600fc000-7f4f600ff000 ---p 00000000 00:00 0 
7f4f600ff000-7f4f601fd000 rw-p 00000000 00:00 0 
7f4f601fd000-7f4f60200000 ---p 00000000 00:00 0 
7f4f60200000-7f4f602fe000 rw-p 00000000 00:00 0 
7f4f602fe000-7f4f6031a000 r--s 00393000 08:01 2756136                    /usr/lib/jvm/jdk1.8.0_181/jre/lib/ext/cldrdata.jar
7f4f6031a000-7f4f6031d000 ---p 00000000 00:00 0 
7f4f6031d000-7f4f6041b000 rw-p 00000000 00:00 0 
7f4f6041b000-7f4f6041e000 ---p 00000000 00:00 0 
7f4f6041e000-7f4f6051c000 rw-p 00000000 00:00 0 
7f4f6051c000-7f4f6051f000 ---p 00000000 00:00 0 
7f4f6051f000-7f4f6061d000 rw-p 00000000 00:00 0 
7f4f6061d000-7f4f60620000 ---p 00000000 00:00 0 
7f4f60620000-7f4f6071e000 rw-p 00000000 00:00 0 
7f4f6071e000-7f4f60721000 ---p 00000000 00:00 0 
7f4f60721000-7f4f6081f000 rw-p 00000000 00:00 0 
7f4f6081f000-7f4f60822000 ---p 00000000 00:00 0 
7f4f60822000-7f4f60920000 rw-p 00000000 00:00 0 
7f4f60920000-7f4f60923000 ---p 00000000 00:00 0 
7f4f60923000-7f4f60959000 rw-p 00000000 00:00 0 
7f4f60959000-7f4f6095c000 ---p 00000000 00:00 0 
7f4f6095c000-7f4f60a5a000 rw-p 00000000 00:00 0 
7f4f60a5a000-7f4f60a5d000 ---p 00000000 00:00 0 
7f4f60a5d000-7f4f60b5b000 rw-p 00000000 00:00 0 
7f4f60b5b000-7f4f60b5e000 ---p 00000000 00:00 0 
7f4f60b5e000-7f4f60c5c000 rw-p 00000000 00:00 0 
7f4f60c5c000-7f4f60c5f000 ---p 00000000 00:00 0 
7f4f60c5f000-7f4f60d5d000 rw-p 00000000 00:00 0 
7f4f60d5d000-7f4f60d60000 ---p 00000000 00:00 0 
7f4f60d60000-7f4f6105e000 rw-p 00000000 00:00 0 
7f4f6105e000-7f4f61070000 r--s 000d1000 08:01 982475                     /home/whj/dowork/DiffTGen/output/Math_59_simfix/target/build/classes/all0.jar
7f4f61070000-7f4f610e9000 r--s 010f9000 08:01 1448503                    /usr/lib/jvm/jdk1.8.0_181/lib/tools.jar
7f4f610e9000-7f4f610ec000 ---p 00000000 00:00 0 
7f4f610ec000-7f4f611ea000 rw-p 00000000 00:00 0 
7f4f611ea000-7f4f611ed000 ---p 00000000 00:00 0 
7f4f611ed000-7f4f612eb000 rw-p 00000000 00:00 0 
7f4f612eb000-7f4f612ee000 ---p 00000000 00:00 0 
7f4f612ee000-7f4f613ec000 rw-p 00000000 00:00 0 
7f4f613ec000-7f4f61402000 r-xp 00000000 08:01 2756237                    /usr/lib/jvm/jdk1.8.0_181/jre/lib/amd64/libnet.so
7f4f61402000-7f4f61602000 ---p 00016000 08:01 2756237                    /usr/lib/jvm/jdk1.8.0_181/jre/lib/amd64/libnet.so
7f4f61602000-7f4f61603000 rw-p 00016000 08:01 2756237                    /usr/lib/jvm/jdk1.8.0_181/jre/lib/amd64/libnet.so
7f4f61603000-7f4f617cc000 r--s 01695000 08:01 2248918                    /home/whj/dowork/DiffTGen/lib/evosuite-1.0.2.jar
7f4f617cc000-7f4f617cd000 ---p 00000000 00:00 0 
7f4f617cd000-7f4f618cd000 rw-p 00000000 00:00 0 
7f4f618cd000-7f4f618d0000 ---p 00000000 00:00 0 
7f4f618d0000-7f4f619ce000 rw-p 00000000 00:00 0 
7f4f619ce000-7f4f619d1000 ---p 00000000 00:00 0 
7f4f619d1000-7f4f61acf000 rw-p 00000000 00:00 0 
7f4f61acf000-7f4f61ad2000 ---p 00000000 00:00 0 
7f4f61ad2000-7f4f61bd0000 rw-p 00000000 00:00 0 
7f4f61bd0000-7f4f61bd3000 ---p 00000000 00:00 0 
7f4f61bd3000-7f4f61cd1000 rw-p 00000000 00:00 0 
7f4f61cd1000-7f4f62690000 r--p 00000000 08:01 1316108                    /usr/lib/locale/locale-archive
7f4f62690000-7f4f62693000 ---p 00000000 00:00 0 
7f4f62693000-7f4f62791000 rw-p 00000000 00:00 0 
7f4f62791000-7f4f62794000 ---p 00000000 00:00 0 
7f4f62794000-7f4f62892000 rw-p 00000000 00:00 0 
7f4f62892000-7f4f62893000 ---p 00000000 00:00 0 
7f4f62893000-7f4f6329c000 rw-p 00000000 00:00 0 
7f4f6329c000-7f4f63476000 r--s 03d6b000 08:01 2756084                    /usr/lib/jvm/jdk1.8.0_181/jre/lib/rt.jar
7f4f63476000-7f4f67e89000 rw-p 00000000 00:00 0 
7f4f67e89000-7f4f67e8a000 ---p 00000000 00:00 0 
7f4f67e8a000-7f4f67fb4000 rw-p 00000000 00:00 0 
7f4f67fb4000-7f4f68222000 ---p 00000000 00:00 0 
7f4f68222000-7f4f6824c000 rw-p 00000000 00:00 0 
7f4f6824c000-7f4f684b9000 ---p 00000000 00:00 0 
7f4f684b9000-7f4f68501000 rw-p 00000000 00:00 0 
7f4f68501000-7f4f68605000 ---p 00000000 00:00 0 
7f4f68605000-7f4f6861d000 rw-p 00000000 00:00 0 
7f4f6861d000-7f4f689c6000 ---p 00000000 00:00 0 
7f4f689c6000-7f4f68f86000 rwxp 00000000 00:00 0 
7f4f68f86000-7f4f779c6000 ---p 00000000 00:00 0 
7f4f779c6000-7f4f779e1000 r-xp 00000000 08:01 2756233                    /usr/lib/jvm/jdk1.8.0_181/jre/lib/amd64/libzip.so
7f4f779e1000-7f4f77be1000 ---p 0001b000 08:01 2756233                    /usr/lib/jvm/jdk1.8.0_181/jre/lib/amd64/libzip.so
7f4f77be1000-7f4f77be2000 rw-p 0001b000 08:01 2756233                    /usr/lib/jvm/jdk1.8.0_181/jre/lib/amd64/libzip.so
7f4f77be2000-7f4f77bed000 r-xp 00000000 08:01 1054188                    /lib/x86_64-linux-gnu/libnss_files-2.23.so
7f4f77bed000-7f4f77dec000 ---p 0000b000 08:01 1054188                    /lib/x86_64-linux-gnu/libnss_files-2.23.so
7f4f77dec000-7f4f77ded000 r--p 0000a000 08:01 1054188                    /lib/x86_64-linux-gnu/libnss_files-2.23.so
7f4f77ded000-7f4f77dee000 rw-p 0000b000 08:01 1054188                    /lib/x86_64-linux-gnu/libnss_files-2.23.so
7f4f77dee000-7f4f77df4000 rw-p 00000000 00:00 0 
7f4f77df4000-7f4f77dff000 r-xp 00000000 08:01 1054198                    /lib/x86_64-linux-gnu/libnss_nis-2.23.so
7f4f77dff000-7f4f77ffe000 ---p 0000b000 08:01 1054198                    /lib/x86_64-linux-gnu/libnss_nis-2.23.so
7f4f77ffe000-7f4f77fff000 r--p 0000a000 08:01 1054198                    /lib/x86_64-linux-gnu/libnss_nis-2.23.so
7f4f77fff000-7f4f78000000 rw-p 0000b000 08:01 1054198                    /lib/x86_64-linux-gnu/libnss_nis-2.23.so
7f4f78000000-7f4f78461000 rw-p 00000000 00:00 0 
7f4f78461000-7f4f7c000000 ---p 00000000 00:00 0 
7f4f7c00d000-7f4f7c083000 rw-p 00000000 00:00 0 
7f4f7c083000-7f4f7c084000 ---p 00000000 00:00 0 
7f4f7c084000-7f4f7c184000 rw-p 00000000 00:00 0 
7f4f7c184000-7f4f7c19a000 r-xp 00000000 08:01 1054182                    /lib/x86_64-linux-gnu/libnsl-2.23.so
7f4f7c19a000-7f4f7c399000 ---p 00016000 08:01 1054182                    /lib/x86_64-linux-gnu/libnsl-2.23.so
7f4f7c399000-7f4f7c39a000 r--p 00015000 08:01 1054182                    /lib/x86_64-linux-gnu/libnsl-2.23.so
7f4f7c39a000-7f4f7c39b000 rw-p 00016000 08:01 1054182                    /lib/x86_64-linux-gnu/libnsl-2.23.so
7f4f7c39b000-7f4f7c39d000 rw-p 00000000 00:00 0 
7f4f7c39d000-7f4f7c3a5000 r-xp 00000000 08:01 1054184                    /lib/x86_64-linux-gnu/libnss_compat-2.23.so
7f4f7c3a5000-7f4f7c5a4000 ---p 00008000 08:01 1054184                    /lib/x86_64-linux-gnu/libnss_compat-2.23.so
7f4f7c5a4000-7f4f7c5a5000 r--p 00007000 08:01 1054184                    /lib/x86_64-linux-gnu/libnss_compat-2.23.so
7f4f7c5a5000-7f4f7c5a6000 rw-p 00008000 08:01 1054184                    /lib/x86_64-linux-gnu/libnss_compat-2.23.so
7f4f7c5a6000-7f4f7c5d1000 r-xp 00000000 08:01 2756227                    /usr/lib/jvm/jdk1.8.0_181/jre/lib/amd64/libjava.so
7f4f7c5d1000-7f4f7c7d0000 ---p 0002b000 08:01 2756227                    /usr/lib/jvm/jdk1.8.0_181/jre/lib/amd64/libjava.so
7f4f7c7d0000-7f4f7c7d2000 rw-p 0002a000 08:01 2756227                    /usr/lib/jvm/jdk1.8.0_181/jre/lib/amd64/libjava.so
7f4f7c7d2000-7f4f7c7df000 r-xp 00000000 08:01 2756232                    /usr/lib/jvm/jdk1.8.0_181/jre/lib/amd64/libverify.so
7f4f7c7df000-7f4f7c9df000 ---p 0000d000 08:01 2756232                    /usr/lib/jvm/jdk1.8.0_181/jre/lib/amd64/libverify.so
7f4f7c9df000-7f4f7c9e1000 rw-p 0000d000 08:01 2756232                    /usr/lib/jvm/jdk1.8.0_181/jre/lib/amd64/libverify.so
7f4f7c9e1000-7f4f7c9e8000 r-xp 00000000 08:01 1054243                    /lib/x86_64-linux-gnu/librt-2.23.so
7f4f7c9e8000-7f4f7cbe7000 ---p 00007000 08:01 1054243                    /lib/x86_64-linux-gnu/librt-2.23.so
7f4f7cbe7000-7f4f7cbe8000 r--p 00006000 08:01 1054243                    /lib/x86_64-linux-gnu/librt-2.23.so
7f4f7cbe8000-7f4f7cbe9000 rw-p 00007000 08:01 1054243                    /lib/x86_64-linux-gnu/librt-2.23.so
7f4f7cbe9000-7f4f7ccf1000 r-xp 00000000 08:01 1054159                    /lib/x86_64-linux-gnu/libm-2.23.so
7f4f7ccf1000-7f4f7cef0000 ---p 00108000 08:01 1054159                    /lib/x86_64-linux-gnu/libm-2.23.so
7f4f7cef0000-7f4f7cef1000 r--p 00107000 08:01 1054159                    /lib/x86_64-linux-gnu/libm-2.23.so
7f4f7cef1000-7f4f7cef2000 rw-p 00108000 08:01 1054159                    /lib/x86_64-linux-gnu/libm-2.23.so
7f4f7cef2000-7f4f7dbce000 r-xp 00000000 08:01 2756209                    /usr/lib/jvm/jdk1.8.0_181/jre/lib/amd64/server/libjvm.so
7f4f7dbce000-7f4f7ddce000 ---p 00cdc000 08:01 2756209                    /usr/lib/jvm/jdk1.8.0_181/jre/lib/amd64/server/libjvm.so
7f4f7ddce000-7f4f7dea8000 rw-p 00cdc000 08:01 2756209                    /usr/lib/jvm/jdk1.8.0_181/jre/lib/amd64/server/libjvm.so
7f4f7dea8000-7f4f7def3000 rw-p 00000000 00:00 0 
7f4f7def3000-7f4f7e0b3000 r-xp 00000000 08:01 1054089                    /lib/x86_64-linux-gnu/libc-2.23.so
7f4f7e0b3000-7f4f7e2b3000 ---p 001c0000 08:01 1054089                    /lib/x86_64-linux-gnu/libc-2.23.so
7f4f7e2b3000-7f4f7e2b7000 r--p 001c0000 08:01 1054089                    /lib/x86_64-linux-gnu/libc-2.23.so
7f4f7e2b7000-7f4f7e2b9000 rw-p 001c4000 08:01 1054089                    /lib/x86_64-linux-gnu/libc-2.23.so
7f4f7e2b9000-7f4f7e2bd000 rw-p 00000000 00:00 0 
7f4f7e2bd000-7f4f7e2c0000 r-xp 00000000 08:01 1054113                    /lib/x86_64-linux-gnu/libdl-2.23.so
7f4f7e2c0000-7f4f7e4bf000 ---p 00003000 08:01 1054113                    /lib/x86_64-linux-gnu/libdl-2.23.so
7f4f7e4bf000-7f4f7e4c0000 r--p 00002000 08:01 1054113                    /lib/x86_64-linux-gnu/libdl-2.23.so
7f4f7e4c0000-7f4f7e4c1000 rw-p 00003000 08:01 1054113                    /lib/x86_64-linux-gnu/libdl-2.23.so
7f4f7e4c1000-7f4f7e4d7000 r-xp 00000000 08:01 1449032                    /usr/lib/jvm/jdk1.8.0_181/lib/amd64/jli/libjli.so
7f4f7e4d7000-7f4f7e6d6000 ---p 00016000 08:01 1449032                    /usr/lib/jvm/jdk1.8.0_181/lib/amd64/jli/libjli.so
7f4f7e6d6000-7f4f7e6d7000 rw-p 00015000 08:01 1449032                    /usr/lib/jvm/jdk1.8.0_181/lib/amd64/jli/libjli.so
7f4f7e6d7000-7f4f7e6ef000 r-xp 00000000 08:01 1054235                    /lib/x86_64-linux-gnu/libpthread-2.23.so
7f4f7e6ef000-7f4f7e8ee000 ---p 00018000 08:01 1054235                    /lib/x86_64-linux-gnu/libpthread-2.23.so
7f4f7e8ee000-7f4f7e8ef000 r--p 00017000 08:01 1054235                    /lib/x86_64-linux-gnu/libpthread-2.23.so
7f4f7e8ef000-7f4f7e8f0000 rw-p 00018000 08:01 1054235                    /lib/x86_64-linux-gnu/libpthread-2.23.so
7f4f7e8f0000-7f4f7e8f4000 rw-p 00000000 00:00 0 
7f4f7e8f4000-7f4f7e91a000 r-xp 00000000 08:01 1054061                    /lib/x86_64-linux-gnu/ld-2.23.so
7f4f7e920000-7f4f7e92a000 r--s 00116000 08:01 2756143                    /usr/lib/jvm/jdk1.8.0_181/jre/lib/ext/localedata.jar
7f4f7e92a000-7f4f7e9fb000 rw-p 00000000 00:00 0 
7f4f7e9fb000-7f4f7e9fe000 ---p 00000000 00:00 0 
7f4f7e9fe000-7f4f7eb01000 rw-p 00000000 00:00 0 
7f4f7eb01000-7f4f7eb06000 r--s 0009d000 08:01 2756133                    /usr/lib/jvm/jdk1.8.0_181/jre/lib/jsse.jar
7f4f7eb06000-7f4f7eb0e000 r--s 0006e000 08:01 2248917                    /home/whj/dowork/DiffTGen/lib/commons-lang3-3.5.jar
7f4f7eb0e000-7f4f7eb0f000 r--s 00000000 08:01 2248922                    /home/whj/dowork/DiffTGen/lib/myprinter.jar
7f4f7eb0f000-7f4f7eb17000 rw-s 00000000 08:01 1710016                    /tmp/hsperfdata_whj/14228
7f4f7eb17000-7f4f7eb18000 rw-p 00000000 00:00 0 
7f4f7eb18000-7f4f7eb19000 ---p 00000000 00:00 0 
7f4f7eb19000-7f4f7eb1a000 r--p 00025000 08:01 1054061                    /lib/x86_64-linux-gnu/ld-2.23.so
7f4f7eb1a000-7f4f7eb1b000 rw-p 00026000 08:01 1054061                    /lib/x86_64-linux-gnu/ld-2.23.so
7f4f7eb1b000-7f4f7eb1c000 rw-p 00000000 00:00 0 
7ffeb2fb8000-7ffeb2fda000 rw-p 00000000 00:00 0                          [stack]
7ffeb2fde000-7ffeb2fe1000 r--p 00000000 00:00 0                          [vvar]
7ffeb2fe1000-7ffeb2fe3000 r-xp 00000000 00:00 0                          [vdso]
ffffffffff600000-ffffffffff601000 r-xp 00000000 00:00 0                  [vsyscall]

VM Arguments:
java_command: /home/whj/dowork/DiffTGen/lib/evosuite-1.0.2.jar -base_dir /home/whj/dowork/DiffTGen/output/Math_59_simfix/target/0/25 -projectCP /home/whj/dowork/DiffTGen/output/Math_59_simfix/target/build/classes/all0.jar:/home/whj/dowork/DiffTGen/lib/myprinter.jar:/home/whj/dowork/DiffTGen/lib/commons-lang3-3.5.jar -class org.apache.commons.math.util.FastMath -Dassertions=false -Dsearch_budget=60
java_class_path (initial): /home/whj/dowork/DiffTGen/lib/evosuite-1.0.2.jar
Launcher Type: SUN_STANDARD

Environment Variables:
JAVA_HOME=/usr/lib/jvm/jdk1.8.0_181
JRE_HOME=/usr/lib/jvm/jdk1.8.0_181/jre
CLASSPATH=.:/usr/lib/jvm/jdk1.8.0_181/lib:/usr/lib/jvm/jdk1.8.0_181/jre/lib
PATH=/home/whj/perl5/bin:/home/whj/dowork/defects4j-1.2.0/framework/bin:/usr/lib/jvm/jdk1.8.0_181/bin:/usr/lib/jvm/jdk1.8.0_181/jre/bin:/home/whj/bin:/home/whj/.local/bin:/usr/local/sbin:/usr/local/bin:/usr/sbin:/usr/bin:/sbin:/bin:/usr/games:/usr/local/games" :/snap/bin:/home/whj/bin
SHELL=/bin/bash
DISPLAY=:0

Signal Handlers:
SIGSEGV: [libjvm.so+0xad2a40], sa_mask[0]=11111111011111111101111111111110, sa_flags=SA_RESTART|SA_SIGINFO
SIGBUS: [libjvm.so+0xad2a40], sa_mask[0]=11111111011111111101111111111110, sa_flags=SA_RESTART|SA_SIGINFO
SIGFPE: [libjvm.so+0x92a610], sa_mask[0]=11111111011111111101111111111110, sa_flags=SA_RESTART|SA_SIGINFO
SIGPIPE: [libjvm.so+0x92a610], sa_mask[0]=11111111011111111101111111111110, sa_flags=SA_RESTART|SA_SIGINFO
SIGXFSZ: [libjvm.so+0x92a610], sa_mask[0]=11111111011111111101111111111110, sa_flags=SA_RESTART|SA_SIGINFO
SIGILL: [libjvm.so+0x92a610], sa_mask[0]=11111111011111111101111111111110, sa_flags=SA_RESTART|SA_SIGINFO
SIGUSR1: SIG_DFL, sa_mask[0]=00000000000000000000000000000000, sa_flags=none
SIGUSR2: [libjvm.so+0x92be70], sa_mask[0]=00100000000000000000000000000000, sa_flags=SA_RESTART|SA_SIGINFO
SIGHUP: [libjvm.so+0x92d270], sa_mask[0]=11111111011111111101111111111110, sa_flags=SA_RESTART|SA_SIGINFO
SIGINT: [libjvm.so+0x92d270], sa_mask[0]=11111111011111111101111111111110, sa_flags=SA_RESTART|SA_SIGINFO
SIGTERM: [libjvm.so+0x92d270], sa_mask[0]=11111111011111111101111111111110, sa_flags=SA_RESTART|SA_SIGINFO
SIGQUIT: [libjvm.so+0x92d270], sa_mask[0]=11111111011111111101111111111110, sa_flags=SA_RESTART|SA_SIGINFO


---------------  S Y S T E M  ---------------

OS:DISTRIB_ID=Ubuntu
DISTRIB_RELEASE=16.04
DISTRIB_CODENAME=xenial
DISTRIB_DESCRIPTION="Ubuntu 16.04.6 LTS"

uname:Linux 4.15.0-91-generic #92~16.04.1-Ubuntu SMP Fri Feb 28 14:57:22 UTC 2020 x86_64
libc:glibc 2.23 NPTL 2.23 
rlimit: STACK 8192k, CORE 0k, NPROC 31576, NOFILE 1048576, AS infinity
load average:11.01 9.49 5.90

/proc/meminfo:
MemTotal:        8144704 kB
MemFree:          801136 kB
MemAvailable:     706316 kB
Buffers:             432 kB
Cached:            63256 kB
SwapCached:        23676 kB
Active:          5363268 kB
Inactive:         896060 kB
Active(anon):    5349316 kB
Inactive(anon):   867588 kB
Active(file):      13952 kB
Inactive(file):    28472 kB
Unevictable:          48 kB
Mlocked:              48 kB
SwapTotal:        998396 kB
SwapFree:             32 kB
Dirty:               124 kB
Writeback:             8 kB
AnonPages:       6172212 kB
Mapped:            50100 kB
Shmem:             20996 kB
Slab:             136880 kB
SReclaimable:      41568 kB
SUnreclaim:        95312 kB
KernelStack:       16192 kB
PageTables:        53712 kB
NFS_Unstable:          0 kB
Bounce:                0 kB
WritebackTmp:          0 kB
CommitLimit:     5070748 kB
Committed_AS:   13661392 kB
VmallocTotal:   34359738367 kB
VmallocUsed:           0 kB
VmallocChunk:          0 kB
HardwareCorrupted:     0 kB
AnonHugePages:         0 kB
ShmemHugePages:        0 kB
ShmemPmdMapped:        0 kB
CmaTotal:              0 kB
CmaFree:               0 kB
HugePages_Total:       0
HugePages_Free:        0
HugePages_Rsvd:        0
HugePages_Surp:        0
Hugepagesize:       2048 kB
DirectMap4k:      132928 kB
DirectMap2M:     5109760 kB
DirectMap1G:     5242880 kB


CPU:total 2 (initial active 2) (2 cores per cpu, 1 threads per core) family 6 model 158 stepping 10, cmov, cx8, fxsr, mmx, sse, sse2, sse3, ssse3, sse4.1, sse4.2, popcnt, avx, avx2, aes, clmul, erms, 3dnowpref, lzcnt, tsc, tscinvbit, bmi1, bmi2, adx

/proc/cpuinfo:
processor	: 0
vendor_id	: GenuineIntel
cpu family	: 6
model		: 158
model name	: Intel(R) Core(TM) i7-8750H CPU @ 2.20GHz
stepping	: 10
microcode	: 0x96
cpu MHz		: 2208.003
cache size	: 9216 KB
physical id	: 0
siblings	: 2
core id		: 0
cpu cores	: 2
apicid		: 0
initial apicid	: 0
fpu		: yes
fpu_exception	: yes
cpuid level	: 22
wp		: yes
flags		: fpu vme de pse tsc msr pae mce cx8 apic sep mtrr pge mca cmov pat pse36 clflush mmx fxsr sse sse2 ss ht syscall nx pdpe1gb rdtscp lm constant_tsc arch_perfmon nopl xtopology tsc_reliable nonstop_tsc cpuid pni pclmulqdq ssse3 fma cx16 pcid sse4_1 sse4_2 x2apic movbe popcnt tsc_deadline_timer aes xsave avx f16c rdrand hypervisor lahf_lm abm 3dnowprefetch cpuid_fault invpcid_single pti ssbd ibrs ibpb stibp fsgsbase tsc_adjust bmi1 avx2 smep bmi2 invpcid rdseed adx smap xsaveopt arat flush_l1d arch_capabilities
bugs		: cpu_meltdown spectre_v1 spectre_v2 spec_store_bypass l1tf mds swapgs itlb_multihit
bogomips	: 4416.00
clflush size	: 64
cache_alignment	: 64
address sizes	: 42 bits physical, 48 bits virtual
power management:

processor	: 1
vendor_id	: GenuineIntel
cpu family	: 6
model		: 158
model name	: Intel(R) Core(TM) i7-8750H CPU @ 2.20GHz
stepping	: 10
microcode	: 0x96
cpu MHz		: 2208.003
cache size	: 9216 KB
physical id	: 0
siblings	: 2
core id		: 1
cpu cores	: 2
apicid		: 1
initial apicid	: 1
fpu		: yes
fpu_exception	: yes
cpuid level	: 22
wp		: yes
flags		: fpu vme de pse tsc msr pae mce cx8 apic sep mtrr pge mca cmov pat pse36 clflush mmx fxsr sse sse2 ss ht syscall nx pdpe1gb rdtscp lm constant_tsc arch_perfmon nopl xtopology tsc_reliable nonstop_tsc cpuid pni pclmulqdq ssse3 fma cx16 pcid sse4_1 sse4_2 x2apic movbe popcnt tsc_deadline_timer aes xsave avx f16c rdrand hypervisor lahf_lm abm 3dnowprefetch cpuid_fault invpcid_single pti ssbd ibrs ibpb stibp fsgsbase tsc_adjust bmi1 avx2 smep bmi2 invpcid rdseed adx smap xsaveopt arat flush_l1d arch_capabilities
bugs		: cpu_meltdown spectre_v1 spectre_v2 spec_store_bypass l1tf mds swapgs itlb_multihit
bogomips	: 4416.00
clflush size	: 64
cache_alignment	: 64
address sizes	: 42 bits physical, 48 bits virtual
power management:



Memory: 4k page, physical 8144704k(792084k free), swap 998396k(32k free)

vm_info: Java HotSpot(TM) 64-Bit Server VM (25.181-b13) for linux-amd64 JRE (1.8.0_181-b13), built on Jul  7 2018 00:56:38 by "java_re" with gcc 4.3.0 20080428 (Red Hat 4.3.0-8)

time: Mon Mar 23 12:03:35 2020
elapsed time: 43 seconds (0d 0h 0m 43s)

