#
# There is insufficient memory for the Java Runtime Environment to continue.
# Native memory allocation (mmap) failed to map 131072 bytes for committing reserved memory.
# Possible reasons:
#   The system is out of physical RAM or swap space
#   In 32 bit mode, the process size limit was hit
# Possible solutions:
#   Reduce memory load on the system
#   Increase physical memory or swap space
#   Check if swap backing store is full
#   Use 64 bit Java on a 64 bit OS
#   Decrease Java heap size (-Xmx/-Xms)
#   Decrease number of Java threads
#   Decrease Java thread stack sizes (-Xss)
#   Set larger code cache with -XX:ReservedCodeCacheSize=
# This output file may be truncated or incomplete.
#
#  Out of Memory Error (os_linux.cpp:2640), pid=57305, tid=0x00007f031454e700
#
# JRE version: Java(TM) SE Runtime Environment (8.0_181-b13) (build 1.8.0_181-b13)
# Java VM: Java HotSpot(TM) 64-Bit Server VM (25.181-b13 mixed mode linux-amd64 compressed oops)
# Failed to write core dump. Core dumps have been disabled. To enable core dumping, try "ulimit -c unlimited" before starting Java again
#

---------------  T H R E A D  ---------------

Current thread (0x0000000001fcd800):  JavaThread "RMI TCP Connection(4)-127.0.0.1" daemon [_thread_in_vm, id=57713, stack(0x00007f031444e000,0x00007f031454f000)]

Stack: [0x00007f031444e000,0x00007f031454f000],  sp=0x00007f0314546ac0,  free space=994k
Native frames: (J=compiled Java code, j=interpreted, Vv=VM code, C=native code)
V  [libjvm.so+0xad21aa]  VMError::report_and_die()+0x2ba
V  [libjvm.so+0x5022db]  report_vm_out_of_memory(char const*, int, unsigned long, VMErrorType, char const*)+0x8b
V  [libjvm.so+0x92fe33]  os::Linux::commit_memory_impl(char*, unsigned long, bool)+0x123
V  [libjvm.so+0x930059]  os::pd_commit_memory(char*, unsigned long, unsigned long, bool)+0x29
V  [libjvm.so+0x9272ba]  os::commit_memory(char*, unsigned long, unsigned long, bool)+0x2a
V  [libjvm.so+0xacde89]  VirtualSpace::expand_by(unsigned long, bool)+0x199
V  [libjvm.so+0x8ab626]  VirtualSpaceList::expand_node_by(VirtualSpaceNode*, unsigned long, unsigned long)+0x76
V  [libjvm.so+0x8ae250]  VirtualSpaceList::expand_by(unsigned long, unsigned long)+0xf0
V  [libjvm.so+0x8ae3e3]  VirtualSpaceList::get_new_chunk(unsigned long, unsigned long)+0xb3
V  [libjvm.so+0x8ae6ef]  Metaspace::get_initialization_chunk(Metaspace::MetaspaceType, Metaspace::MetadataType)+0x2df
V  [libjvm.so+0x8b0c05]  Metaspace::initialize(Mutex*, Metaspace::MetaspaceType)+0x135
V  [libjvm.so+0x46dd06]  ClassLoaderData::metaspace_non_null()+0x136
V  [libjvm.so+0x8af310]  Metaspace::allocate(ClassLoaderData*, unsigned long, bool, MetaspaceObj::Type, Thread*)+0x170
V  [libjvm.so+0x4f7784]  ConstantPool::allocate(ClassLoaderData*, int, Thread*)+0x44
V  [libjvm.so+0x4639c7]  ClassFileParser::parse_constant_pool(Thread*)+0x377
V  [libjvm.so+0x464e1b]  ClassFileParser::parseClassFile(Symbol*, ClassLoaderData*, Handle, KlassHandle, GrowableArray<Handle>*, TempNewSymbol&, bool, Thread*)+0x6bb
V  [libjvm.so+0xa4230f]  SystemDictionary::resolve_from_stream(Symbol*, Handle, Handle, ClassFileStream*, bool, Thread*)+0x14f
V  [libjvm.so+0x71800e]  jvm_define_class_common(JNIEnv_*, char const*, _jobject*, signed char const*, int, _jobject*, char const*, unsigned char, Thread*)+0x2ae
V  [libjvm.so+0x71bf61]  JVM_DefineClass+0xe1
V  [libjvm.so+0xa9c702]  Unsafe_DefineClass_impl(JNIEnv_*, _jstring*, _jbyteArray*, int, int, _jobject*, _jobject*)+0x302
V  [libjvm.so+0xaa566f]  Unsafe_DefineClass+0x10f
j  sun.misc.Unsafe.defineClass(Ljava/lang/String;[BIILjava/lang/ClassLoader;Ljava/security/ProtectionDomain;)Ljava/lang/Class;+0
j  sun.reflect.ClassDefiner.defineClass(Ljava/lang/String;[BIILjava/lang/ClassLoader;)Ljava/lang/Class;+27
j  sun.reflect.MethodAccessorGenerator$1.run()Lsun/reflect/MagicAccessorImpl;+21
j  sun.reflect.MethodAccessorGenerator$1.run()Ljava/lang/Object;+1
v  ~StubRoutines::call_stub
V  [libjvm.so+0x697a76]  JavaCalls::call_helper(JavaValue*, methodHandle*, JavaCallArguments*, Thread*)+0x1056
V  [libjvm.so+0x73107c]  JVM_DoPrivileged+0x27c
J 453  java.security.AccessController.doPrivileged(Ljava/security/PrivilegedAction;)Ljava/lang/Object; (0 bytes) @ 0x00007f031cfecd7f [0x00007f031cfeccc0+0xbf]
j  sun.reflect.MethodAccessorGenerator.generate(Ljava/lang/Class;Ljava/lang/String;[Ljava/lang/Class;Ljava/lang/Class;[Ljava/lang/Class;IZZLjava/lang/Class;)Lsun/reflect/MagicAccessorImpl;+755
J 1954 C1 sun.reflect.NativeMethodAccessorImpl.invoke(Ljava/lang/Object;[Ljava/lang/Object;)Ljava/lang/Object; (104 bytes) @ 0x00007f031cf87084 [0x00007f031cf86da0+0x2e4]
J 1048 C1 sun.reflect.DelegatingMethodAccessorImpl.invoke(Ljava/lang/Object;[Ljava/lang/Object;)Ljava/lang/Object; (10 bytes) @ 0x00007f031d16bec4 [0x00007f031d16bdc0+0x104]
J 1030 C1 java.lang.reflect.Method.invoke(Ljava/lang/Object;[Ljava/lang/Object;)Ljava/lang/Object; (62 bytes) @ 0x00007f031d15980c [0x00007f031d159420+0x3ec]
J 1036 C1 java.io.ObjectStreamClass.invokeReadObject(Ljava/lang/Object;Ljava/io/ObjectInputStream;)V (93 bytes) @ 0x00007f031d15ee2c [0x00007f031d15eac0+0x36c]
J 1017 C1 java.io.ObjectInputStream.readSerialData(Ljava/lang/Object;Ljava/io/ObjectStreamClass;)V (367 bytes) @ 0x00007f031d14886c [0x00007f031d147fc0+0x8ac]
J 999 C1 java.io.ObjectInputStream.readOrdinaryObject(Z)Ljava/lang/Object; (322 bytes) @ 0x00007f031d13f314 [0x00007f031d13ea40+0x8d4]
J 953 C1 java.io.ObjectInputStream.readObject0(Z)Ljava/lang/Object; (566 bytes) @ 0x00007f031d11a914 [0x00007f031d119ce0+0xc34]
J 1001 C1 java.io.ObjectInputStream.defaultReadFields(Ljava/lang/Object;Ljava/io/ObjectStreamClass;)V (199 bytes) @ 0x00007f031d14256c [0x00007f031d141fc0+0x5ac]
J 1017 C1 java.io.ObjectInputStream.readSerialData(Ljava/lang/Object;Ljava/io/ObjectStreamClass;)V (367 bytes) @ 0x00007f031d148bc4 [0x00007f031d147fc0+0xc04]
J 999 C1 java.io.ObjectInputStream.readOrdinaryObject(Z)Ljava/lang/Object; (322 bytes) @ 0x00007f031d13f314 [0x00007f031d13ea40+0x8d4]
J 953 C1 java.io.ObjectInputStream.readObject0(Z)Ljava/lang/Object; (566 bytes) @ 0x00007f031d11a914 [0x00007f031d119ce0+0xc34]
J 1013 C1 java.io.ObjectInputStream.readObject()Ljava/lang/Object; (130 bytes) @ 0x00007f031d14f354 [0x00007f031d14f280+0xd4]
J 1916 C1 java.util.ArrayList.readObject(Ljava/io/ObjectInputStream;)V (87 bytes) @ 0x00007f031d409c4c [0x00007f031d4093a0+0x8ac]
j  sun.reflect.GeneratedMethodAccessor6.invoke(Ljava/lang/Object;[Ljava/lang/Object;)Ljava/lang/Object;+40
J 1048 C1 sun.reflect.DelegatingMethodAccessorImpl.invoke(Ljava/lang/Object;[Ljava/lang/Object;)Ljava/lang/Object; (10 bytes) @ 0x00007f031d16bec4 [0x00007f031d16bdc0+0x104]
J 1030 C1 java.lang.reflect.Method.invoke(Ljava/lang/Object;[Ljava/lang/Object;)Ljava/lang/Object; (62 bytes) @ 0x00007f031d15980c [0x00007f031d159420+0x3ec]
J 1036 C1 java.io.ObjectStreamClass.invokeReadObject(Ljava/lang/Object;Ljava/io/ObjectInputStream;)V (93 bytes) @ 0x00007f031d15ee2c [0x00007f031d15eac0+0x36c]
J 1017 C1 java.io.ObjectInputStream.readSerialData(Ljava/lang/Object;Ljava/io/ObjectStreamClass;)V (367 bytes) @ 0x00007f031d14886c [0x00007f031d147fc0+0x8ac]
J 999 C1 java.io.ObjectInputStream.readOrdinaryObject(Z)Ljava/lang/Object; (322 bytes) @ 0x00007f031d13f314 [0x00007f031d13ea40+0x8d4]
J 953 C1 java.io.ObjectInputStream.readObject0(Z)Ljava/lang/Object; (566 bytes) @ 0x00007f031d11a914 [0x00007f031d119ce0+0xc34]
J 1001 C1 java.io.ObjectInputStream.defaultReadFields(Ljava/lang/Object;Ljava/io/ObjectStreamClass;)V (199 bytes) @ 0x00007f031d14256c [0x00007f031d141fc0+0x5ac]
J 1017 C1 java.io.ObjectInputStream.readSerialData(Ljava/lang/Object;Ljava/io/ObjectStreamClass;)V (367 bytes) @ 0x00007f031d148bc4 [0x00007f031d147fc0+0xc04]
J 999 C1 java.io.ObjectInputStream.readOrdinaryObject(Z)Ljava/lang/Object; (322 bytes) @ 0x00007f031d13f314 [0x00007f031d13ea40+0x8d4]
J 953 C1 java.io.ObjectInputStream.readObject0(Z)Ljava/lang/Object; (566 bytes) @ 0x00007f031d11a914 [0x00007f031d119ce0+0xc34]
J 1001 C1 java.io.ObjectInputStream.defaultReadFields(Ljava/lang/Object;Ljava/io/ObjectStreamClass;)V (199 bytes) @ 0x00007f031d14256c [0x00007f031d141fc0+0x5ac]
J 1021 C1 java.io.ObjectInputStream.defaultReadObject()V (87 bytes) @ 0x00007f031d15586c [0x00007f031d155540+0x32c]
j  org.evosuite.testcase.DefaultTestCase.readObject(Ljava/io/ObjectInputStream;)V+1
v  ~StubRoutines::call_stub
V  [libjvm.so+0x697a76]  JavaCalls::call_helper(JavaValue*, methodHandle*, JavaCallArguments*, Thread*)+0x1056
V  [libjvm.so+0x9a6737]  Reflection::invoke(instanceKlassHandle, methodHandle, Handle, bool, objArrayHandle, BasicType, objArrayHandle, bool, Thread*)+0x5d7
V  [libjvm.so+0x9a9e47]  Reflection::invoke_method(oopDesc*, Handle, objArrayHandle, Thread*)+0x147
V  [libjvm.so+0x729c7b]  JVM_InvokeMethod+0x26b
J 1955  sun.reflect.NativeMethodAccessorImpl.invoke0(Ljava/lang/reflect/Method;Ljava/lang/Object;[Ljava/lang/Object;)Ljava/lang/Object; (0 bytes) @ 0x00007f031cf940ad [0x00007f031cf93fc0+0xed]
J 1954 C1 sun.reflect.NativeMethodAccessorImpl.invoke(Ljava/lang/Object;[Ljava/lang/Object;)Ljava/lang/Object; (104 bytes) @ 0x00007f031cf8713c [0x00007f031cf86da0+0x39c]
J 1048 C1 sun.reflect.DelegatingMethodAccessorImpl.invoke(Ljava/lang/Object;[Ljava/lang/Object;)Ljava/lang/Object; (10 bytes) @ 0x00007f031d16bec4 [0x00007f031d16bdc0+0x104]
J 1030 C1 java.lang.reflect.Method.invoke(Ljava/lang/Object;[Ljava/lang/Object;)Ljava/lang/Object; (62 bytes) @ 0x00007f031d15980c [0x00007f031d159420+0x3ec]
J 1036 C1 java.io.ObjectStreamClass.invokeReadObject(Ljava/lang/Object;Ljava/io/ObjectInputStream;)V (93 bytes) @ 0x00007f031d15ee2c [0x00007f031d15eac0+0x36c]
J 1017 C1 java.io.ObjectInputStream.readSerialData(Ljava/lang/Object;Ljava/io/ObjectStreamClass;)V (367 bytes) @ 0x00007f031d14886c [0x00007f031d147fc0+0x8ac]
J 999 C1 java.io.ObjectInputStream.readOrdinaryObject(Z)Ljava/lang/Object; (322 bytes) @ 0x00007f031d13f314 [0x00007f031d13ea40+0x8d4]
J 953 C1 java.io.ObjectInputStream.readObject0(Z)Ljava/lang/Object; (566 bytes) @ 0x00007f031d11a914 [0x00007f031d119ce0+0xc34]
J 1001 C1 java.io.ObjectInputStream.defaultReadFields(Ljava/lang/Object;Ljava/io/ObjectStreamClass;)V (199 bytes) @ 0x00007f031d14256c [0x00007f031d141fc0+0x5ac]
J 1017 C1 java.io.ObjectInputStream.readSerialData(Ljava/lang/Object;Ljava/io/ObjectStreamClass;)V (367 bytes) @ 0x00007f031d148bc4 [0x00007f031d147fc0+0xc04]
J 999 C1 java.io.ObjectInputStream.readOrdinaryObject(Z)Ljava/lang/Object; (322 bytes) @ 0x00007f031d13f314 [0x00007f031d13ea40+0x8d4]
J 953 C1 java.io.ObjectInputStream.readObject0(Z)Ljava/lang/Object; (566 bytes) @ 0x00007f031d11a914 [0x00007f031d119ce0+0xc34]
J 1013 C1 java.io.ObjectInputStream.readObject()Ljava/lang/Object; (130 bytes) @ 0x00007f031d14f354 [0x00007f031d14f280+0xd4]
J 1916 C1 java.util.ArrayList.readObject(Ljava/io/ObjectInputStream;)V (87 bytes) @ 0x00007f031d409c4c [0x00007f031d4093a0+0x8ac]
j  sun.reflect.GeneratedMethodAccessor6.invoke(Ljava/lang/Object;[Ljava/lang/Object;)Ljava/lang/Object;+40
J 1048 C1 sun.reflect.DelegatingMethodAccessorImpl.invoke(Ljava/lang/Object;[Ljava/lang/Object;)Ljava/lang/Object; (10 bytes) @ 0x00007f031d16bec4 [0x00007f031d16bdc0+0x104]
J 1030 C1 java.lang.reflect.Method.invoke(Ljava/lang/Object;[Ljava/lang/Object;)Ljava/lang/Object; (62 bytes) @ 0x00007f031d15980c [0x00007f031d159420+0x3ec]
J 1036 C1 java.io.ObjectStreamClass.invokeReadObject(Ljava/lang/Object;Ljava/io/ObjectInputStream;)V (93 bytes) @ 0x00007f031d15ee2c [0x00007f031d15eac0+0x36c]
J 1017 C1 java.io.ObjectInputStream.readSerialData(Ljava/lang/Object;Ljava/io/ObjectStreamClass;)V (367 bytes) @ 0x00007f031d14886c [0x00007f031d147fc0+0x8ac]
J 999 C1 java.io.ObjectInputStream.readOrdinaryObject(Z)Ljava/lang/Object; (322 bytes) @ 0x00007f031d13f314 [0x00007f031d13ea40+0x8d4]
J 953 C1 java.io.ObjectInputStream.readObject0(Z)Ljava/lang/Object; (566 bytes) @ 0x00007f031d11a914 [0x00007f031d119ce0+0xc34]
J 1001 C1 java.io.ObjectInputStream.defaultReadFields(Ljava/lang/Object;Ljava/io/ObjectStreamClass;)V (199 bytes) @ 0x00007f031d14256c [0x00007f031d141fc0+0x5ac]
J 1017 C1 java.io.ObjectInputStream.readSerialData(Ljava/lang/Object;Ljava/io/ObjectStreamClass;)V (367 bytes) @ 0x00007f031d148bc4 [0x00007f031d147fc0+0xc04]
J 999 C1 java.io.ObjectInputStream.readOrdinaryObject(Z)Ljava/lang/Object; (322 bytes) @ 0x00007f031d13f314 [0x00007f031d13ea40+0x8d4]
J 953 C1 java.io.ObjectInputStream.readObject0(Z)Ljava/lang/Object; (566 bytes) @ 0x00007f031d11a914 [0x00007f031d119ce0+0xc34]
J 1013 C1 java.io.ObjectInputStream.readObject()Ljava/lang/Object; (130 bytes) @ 0x00007f031d14f354 [0x00007f031d14f280+0xd4]
j  sun.rmi.server.UnicastRef.unmarshalValue(Ljava/lang/Class;Ljava/io/ObjectInput;)Ljava/lang/Object;+171
j  sun.rmi.server.UnicastServerRef.unmarshalParametersUnchecked(Ljava/lang/reflect/Method;Ljava/io/ObjectInput;)[Ljava/lang/Object;+31
j  sun.rmi.server.UnicastServerRef.unmarshalParameters(Ljava/lang/Object;Ljava/lang/reflect/Method;Lsun/rmi/server/MarshalInputStream;)[Ljava/lang/Object;+23
j  sun.rmi.server.UnicastServerRef.dispatch(Ljava/rmi/Remote;Ljava/rmi/server/RemoteCall;)V+168
j  sun.rmi.transport.Transport$1.run()Ljava/lang/Void;+23
j  sun.rmi.transport.Transport$1.run()Ljava/lang/Object;+1
v  ~StubRoutines::call_stub
V  [libjvm.so+0x697a76]  JavaCalls::call_helper(JavaValue*, methodHandle*, JavaCallArguments*, Thread*)+0x1056
V  [libjvm.so+0x73107c]  JVM_DoPrivileged+0x27c
J 141  java.security.AccessController.doPrivileged(Ljava/security/PrivilegedExceptionAction;Ljava/security/AccessControlContext;)Ljava/lang/Object; (0 bytes) @ 0x00007f031cf3d755 [0x00007f031cf3d680+0xd5]
j  sun.rmi.transport.Transport.serviceCall(Ljava/rmi/server/RemoteCall;)Z+157
j  sun.rmi.transport.tcp.TCPTransport.handleMessages(Lsun/rmi/transport/Connection;Z)V+185
...<more frames>...

Java frames: (J=compiled Java code, j=interpreted, Vv=VM code)
j  sun.misc.Unsafe.defineClass(Ljava/lang/String;[BIILjava/lang/ClassLoader;Ljava/security/ProtectionDomain;)Ljava/lang/Class;+0
j  sun.reflect.ClassDefiner.defineClass(Ljava/lang/String;[BIILjava/lang/ClassLoader;)Ljava/lang/Class;+27
j  sun.reflect.MethodAccessorGenerator$1.run()Lsun/reflect/MagicAccessorImpl;+21
j  sun.reflect.MethodAccessorGenerator$1.run()Ljava/lang/Object;+1
v  ~StubRoutines::call_stub
J 453  java.security.AccessController.doPrivileged(Ljava/security/PrivilegedAction;)Ljava/lang/Object; (0 bytes) @ 0x00007f031cfecd0f [0x00007f031cfeccc0+0x4f]
j  sun.reflect.MethodAccessorGenerator.generate(Ljava/lang/Class;Ljava/lang/String;[Ljava/lang/Class;Ljava/lang/Class;[Ljava/lang/Class;IZZLjava/lang/Class;)Lsun/reflect/MagicAccessorImpl;+755
J 1954 C1 sun.reflect.NativeMethodAccessorImpl.invoke(Ljava/lang/Object;[Ljava/lang/Object;)Ljava/lang/Object; (104 bytes) @ 0x00007f031cf87084 [0x00007f031cf86da0+0x2e4]
J 1048 C1 sun.reflect.DelegatingMethodAccessorImpl.invoke(Ljava/lang/Object;[Ljava/lang/Object;)Ljava/lang/Object; (10 bytes) @ 0x00007f031d16bec4 [0x00007f031d16bdc0+0x104]
J 1030 C1 java.lang.reflect.Method.invoke(Ljava/lang/Object;[Ljava/lang/Object;)Ljava/lang/Object; (62 bytes) @ 0x00007f031d15980c [0x00007f031d159420+0x3ec]
J 1036 C1 java.io.ObjectStreamClass.invokeReadObject(Ljava/lang/Object;Ljava/io/ObjectInputStream;)V (93 bytes) @ 0x00007f031d15ee2c [0x00007f031d15eac0+0x36c]
J 1017 C1 java.io.ObjectInputStream.readSerialData(Ljava/lang/Object;Ljava/io/ObjectStreamClass;)V (367 bytes) @ 0x00007f031d14886c [0x00007f031d147fc0+0x8ac]
J 999 C1 java.io.ObjectInputStream.readOrdinaryObject(Z)Ljava/lang/Object; (322 bytes) @ 0x00007f031d13f314 [0x00007f031d13ea40+0x8d4]
J 953 C1 java.io.ObjectInputStream.readObject0(Z)Ljava/lang/Object; (566 bytes) @ 0x00007f031d11a914 [0x00007f031d119ce0+0xc34]
J 1001 C1 java.io.ObjectInputStream.defaultReadFields(Ljava/lang/Object;Ljava/io/ObjectStreamClass;)V (199 bytes) @ 0x00007f031d14256c [0x00007f031d141fc0+0x5ac]
J 1017 C1 java.io.ObjectInputStream.readSerialData(Ljava/lang/Object;Ljava/io/ObjectStreamClass;)V (367 bytes) @ 0x00007f031d148bc4 [0x00007f031d147fc0+0xc04]
J 999 C1 java.io.ObjectInputStream.readOrdinaryObject(Z)Ljava/lang/Object; (322 bytes) @ 0x00007f031d13f314 [0x00007f031d13ea40+0x8d4]
J 953 C1 java.io.ObjectInputStream.readObject0(Z)Ljava/lang/Object; (566 bytes) @ 0x00007f031d11a914 [0x00007f031d119ce0+0xc34]
J 1013 C1 java.io.ObjectInputStream.readObject()Ljava/lang/Object; (130 bytes) @ 0x00007f031d14f354 [0x00007f031d14f280+0xd4]
J 1916 C1 java.util.ArrayList.readObject(Ljava/io/ObjectInputStream;)V (87 bytes) @ 0x00007f031d409c4c [0x00007f031d4093a0+0x8ac]
j  sun.reflect.GeneratedMethodAccessor6.invoke(Ljava/lang/Object;[Ljava/lang/Object;)Ljava/lang/Object;+40
J 1048 C1 sun.reflect.DelegatingMethodAccessorImpl.invoke(Ljava/lang/Object;[Ljava/lang/Object;)Ljava/lang/Object; (10 bytes) @ 0x00007f031d16bec4 [0x00007f031d16bdc0+0x104]
J 1030 C1 java.lang.reflect.Method.invoke(Ljava/lang/Object;[Ljava/lang/Object;)Ljava/lang/Object; (62 bytes) @ 0x00007f031d15980c [0x00007f031d159420+0x3ec]
J 1036 C1 java.io.ObjectStreamClass.invokeReadObject(Ljava/lang/Object;Ljava/io/ObjectInputStream;)V (93 bytes) @ 0x00007f031d15ee2c [0x00007f031d15eac0+0x36c]
J 1017 C1 java.io.ObjectInputStream.readSerialData(Ljava/lang/Object;Ljava/io/ObjectStreamClass;)V (367 bytes) @ 0x00007f031d14886c [0x00007f031d147fc0+0x8ac]
J 999 C1 java.io.ObjectInputStream.readOrdinaryObject(Z)Ljava/lang/Object; (322 bytes) @ 0x00007f031d13f314 [0x00007f031d13ea40+0x8d4]
J 953 C1 java.io.ObjectInputStream.readObject0(Z)Ljava/lang/Object; (566 bytes) @ 0x00007f031d11a914 [0x00007f031d119ce0+0xc34]
J 1001 C1 java.io.ObjectInputStream.defaultReadFields(Ljava/lang/Object;Ljava/io/ObjectStreamClass;)V (199 bytes) @ 0x00007f031d14256c [0x00007f031d141fc0+0x5ac]
J 1017 C1 java.io.ObjectInputStream.readSerialData(Ljava/lang/Object;Ljava/io/ObjectStreamClass;)V (367 bytes) @ 0x00007f031d148bc4 [0x00007f031d147fc0+0xc04]
J 999 C1 java.io.ObjectInputStream.readOrdinaryObject(Z)Ljava/lang/Object; (322 bytes) @ 0x00007f031d13f314 [0x00007f031d13ea40+0x8d4]
J 953 C1 java.io.ObjectInputStream.readObject0(Z)Ljava/lang/Object; (566 bytes) @ 0x00007f031d11a914 [0x00007f031d119ce0+0xc34]
J 1001 C1 java.io.ObjectInputStream.defaultReadFields(Ljava/lang/Object;Ljava/io/ObjectStreamClass;)V (199 bytes) @ 0x00007f031d14256c [0x00007f031d141fc0+0x5ac]
J 1021 C1 java.io.ObjectInputStream.defaultReadObject()V (87 bytes) @ 0x00007f031d15586c [0x00007f031d155540+0x32c]
j  org.evosuite.testcase.DefaultTestCase.readObject(Ljava/io/ObjectInputStream;)V+1
v  ~StubRoutines::call_stub
J 1955  sun.reflect.NativeMethodAccessorImpl.invoke0(Ljava/lang/reflect/Method;Ljava/lang/Object;[Ljava/lang/Object;)Ljava/lang/Object; (0 bytes) @ 0x00007f031cf94037 [0x00007f031cf93fc0+0x77]
J 1954 C1 sun.reflect.NativeMethodAccessorImpl.invoke(Ljava/lang/Object;[Ljava/lang/Object;)Ljava/lang/Object; (104 bytes) @ 0x00007f031cf8713c [0x00007f031cf86da0+0x39c]
J 1048 C1 sun.reflect.DelegatingMethodAccessorImpl.invoke(Ljava/lang/Object;[Ljava/lang/Object;)Ljava/lang/Object; (10 bytes) @ 0x00007f031d16bec4 [0x00007f031d16bdc0+0x104]
J 1030 C1 java.lang.reflect.Method.invoke(Ljava/lang/Object;[Ljava/lang/Object;)Ljava/lang/Object; (62 bytes) @ 0x00007f031d15980c [0x00007f031d159420+0x3ec]
J 1036 C1 java.io.ObjectStreamClass.invokeReadObject(Ljava/lang/Object;Ljava/io/ObjectInputStream;)V (93 bytes) @ 0x00007f031d15ee2c [0x00007f031d15eac0+0x36c]
J 1017 C1 java.io.ObjectInputStream.readSerialData(Ljava/lang/Object;Ljava/io/ObjectStreamClass;)V (367 bytes) @ 0x00007f031d14886c [0x00007f031d147fc0+0x8ac]
J 999 C1 java.io.ObjectInputStream.readOrdinaryObject(Z)Ljava/lang/Object; (322 bytes) @ 0x00007f031d13f314 [0x00007f031d13ea40+0x8d4]
J 953 C1 java.io.ObjectInputStream.readObject0(Z)Ljava/lang/Object; (566 bytes) @ 0x00007f031d11a914 [0x00007f031d119ce0+0xc34]
J 1001 C1 java.io.ObjectInputStream.defaultReadFields(Ljava/lang/Object;Ljava/io/ObjectStreamClass;)V (199 bytes) @ 0x00007f031d14256c [0x00007f031d141fc0+0x5ac]
J 1017 C1 java.io.ObjectInputStream.readSerialData(Ljava/lang/Object;Ljava/io/ObjectStreamClass;)V (367 bytes) @ 0x00007f031d148bc4 [0x00007f031d147fc0+0xc04]
J 999 C1 java.io.ObjectInputStream.readOrdinaryObject(Z)Ljava/lang/Object; (322 bytes) @ 0x00007f031d13f314 [0x00007f031d13ea40+0x8d4]
J 953 C1 java.io.ObjectInputStream.readObject0(Z)Ljava/lang/Object; (566 bytes) @ 0x00007f031d11a914 [0x00007f031d119ce0+0xc34]
J 1013 C1 java.io.ObjectInputStream.readObject()Ljava/lang/Object; (130 bytes) @ 0x00007f031d14f354 [0x00007f031d14f280+0xd4]
J 1916 C1 java.util.ArrayList.readObject(Ljava/io/ObjectInputStream;)V (87 bytes) @ 0x00007f031d409c4c [0x00007f031d4093a0+0x8ac]
j  sun.reflect.GeneratedMethodAccessor6.invoke(Ljava/lang/Object;[Ljava/lang/Object;)Ljava/lang/Object;+40
J 1048 C1 sun.reflect.DelegatingMethodAccessorImpl.invoke(Ljava/lang/Object;[Ljava/lang/Object;)Ljava/lang/Object; (10 bytes) @ 0x00007f031d16bec4 [0x00007f031d16bdc0+0x104]
J 1030 C1 java.lang.reflect.Method.invoke(Ljava/lang/Object;[Ljava/lang/Object;)Ljava/lang/Object; (62 bytes) @ 0x00007f031d15980c [0x00007f031d159420+0x3ec]
J 1036 C1 java.io.ObjectStreamClass.invokeReadObject(Ljava/lang/Object;Ljava/io/ObjectInputStream;)V (93 bytes) @ 0x00007f031d15ee2c [0x00007f031d15eac0+0x36c]
J 1017 C1 java.io.ObjectInputStream.readSerialData(Ljava/lang/Object;Ljava/io/ObjectStreamClass;)V (367 bytes) @ 0x00007f031d14886c [0x00007f031d147fc0+0x8ac]
J 999 C1 java.io.ObjectInputStream.readOrdinaryObject(Z)Ljava/lang/Object; (322 bytes) @ 0x00007f031d13f314 [0x00007f031d13ea40+0x8d4]
J 953 C1 java.io.ObjectInputStream.readObject0(Z)Ljava/lang/Object; (566 bytes) @ 0x00007f031d11a914 [0x00007f031d119ce0+0xc34]
J 1001 C1 java.io.ObjectInputStream.defaultReadFields(Ljava/lang/Object;Ljava/io/ObjectStreamClass;)V (199 bytes) @ 0x00007f031d14256c [0x00007f031d141fc0+0x5ac]
J 1017 C1 java.io.ObjectInputStream.readSerialData(Ljava/lang/Object;Ljava/io/ObjectStreamClass;)V (367 bytes) @ 0x00007f031d148bc4 [0x00007f031d147fc0+0xc04]
J 999 C1 java.io.ObjectInputStream.readOrdinaryObject(Z)Ljava/lang/Object; (322 bytes) @ 0x00007f031d13f314 [0x00007f031d13ea40+0x8d4]
J 953 C1 java.io.ObjectInputStream.readObject0(Z)Ljava/lang/Object; (566 bytes) @ 0x00007f031d11a914 [0x00007f031d119ce0+0xc34]
J 1013 C1 java.io.ObjectInputStream.readObject()Ljava/lang/Object; (130 bytes) @ 0x00007f031d14f354 [0x00007f031d14f280+0xd4]
j  sun.rmi.server.UnicastRef.unmarshalValue(Ljava/lang/Class;Ljava/io/ObjectInput;)Ljava/lang/Object;+171
j  sun.rmi.server.UnicastServerRef.unmarshalParametersUnchecked(Ljava/lang/reflect/Method;Ljava/io/ObjectInput;)[Ljava/lang/Object;+31
j  sun.rmi.server.UnicastServerRef.unmarshalParameters(Ljava/lang/Object;Ljava/lang/reflect/Method;Lsun/rmi/server/MarshalInputStream;)[Ljava/lang/Object;+23
j  sun.rmi.server.UnicastServerRef.dispatch(Ljava/rmi/Remote;Ljava/rmi/server/RemoteCall;)V+168
j  sun.rmi.transport.Transport$1.run()Ljava/lang/Void;+23
j  sun.rmi.transport.Transport$1.run()Ljava/lang/Object;+1
v  ~StubRoutines::call_stub
J 141  java.security.AccessController.doPrivileged(Ljava/security/PrivilegedExceptionAction;Ljava/security/AccessControlContext;)Ljava/lang/Object; (0 bytes) @ 0x00007f031cf3d6e3 [0x00007f031cf3d680+0x63]
j  sun.rmi.transport.Transport.serviceCall(Ljava/rmi/server/RemoteCall;)Z+157
j  sun.rmi.transport.tcp.TCPTransport.handleMessages(Lsun/rmi/transport/Connection;Z)V+185
j  sun.rmi.transport.tcp.TCPTransport$ConnectionHandler.run0()V+696
j  sun.rmi.transport.tcp.TCPTransport$ConnectionHandler.lambda$run$0()Ljava/lang/Void;+1
j  sun.rmi.transport.tcp.TCPTransport$ConnectionHandler$$Lambda$19.run()Ljava/lang/Object;+4
v  ~StubRoutines::call_stub
j  java.security.AccessController.doPrivileged(Ljava/security/PrivilegedAction;Ljava/security/AccessControlContext;)Ljava/lang/Object;+0
j  sun.rmi.transport.tcp.TCPTransport$ConnectionHandler.run()V+58
j  java.util.concurrent.ThreadPoolExecutor.runWorker(Ljava/util/concurrent/ThreadPoolExecutor$Worker;)V+95
j  java.util.concurrent.ThreadPoolExecutor$Worker.run()V+5
j  java.lang.Thread.run()V+11
v  ~StubRoutines::call_stub

---------------  P R O C E S S  ---------------

Java Threads: ( => current thread )
  0x0000000001fcf000 JavaThread "RMI TCP Connection(5)-127.0.0.1" daemon [_thread_in_native, id=57789, stack(0x00007f031476d000,0x00007f031486e000)]
=>0x0000000001fcd800 JavaThread "RMI TCP Connection(4)-127.0.0.1" daemon [_thread_in_vm, id=57713, stack(0x00007f031444e000,0x00007f031454f000)]
  0x00007f0304068000 JavaThread "RMI Scheduler(0)" daemon [_thread_blocked, id=57707, stack(0x00007f031454f000,0x00007f0314650000)]
  0x00007f0304063000 JavaThread "RMI RenewClean-[127.0.0.1:12102]" daemon [_thread_blocked, id=57692, stack(0x00007f0314650000,0x00007f0314751000)]
  0x00007f02dc005000 JavaThread "pool-3-thread-3" [_thread_in_native, id=57635, stack(0x00007f031486e000,0x00007f031496f000)]
  0x00007f02dc003800 JavaThread "pool-3-thread-2" [_thread_in_native, id=57630, stack(0x00007f031496f000,0x00007f0314a70000)]
  0x00007f02dc002800 JavaThread "pool-3-thread-1" [_thread_in_native, id=57622, stack(0x00007f0314a70000,0x00007f0314b71000)]
  0x00007f032c36c000 JavaThread "Thread-3" [_thread_in_native, id=57499, stack(0x00007f0314b71000,0x00007f0314c72000)]
  0x00007f032c36a800 JavaThread "Thread-2" [_thread_in_native, id=57492, stack(0x00007f0314c72000,0x00007f0314d73000)]
  0x00007f032c369000 JavaThread "process reaper" daemon [_thread_in_native, id=57487, stack(0x00007f0314d73000,0x00007f0314dac000)]
  0x00007f032c363000 JavaThread "pool-2-thread-1" [_thread_in_native, id=57441, stack(0x00007f0314dac000,0x00007f0314ead000)]
  0x00007f032c361000 JavaThread "GC Daemon" daemon [_thread_blocked, id=57436, stack(0x00007f0314ead000,0x00007f0314fae000)]
  0x00007f032c35e000 JavaThread "RMI Reaper" [_thread_blocked, id=57433, stack(0x00007f0314fae000,0x00007f03150af000)]
  0x00007f032c355000 JavaThread "RMI TCP Accept-3350" daemon [_thread_in_native, id=57426, stack(0x00007f03150af000,0x00007f03151b0000)]
  0x00007f032c350000 JavaThread "RMI TCP Accept-4947" daemon [_thread_in_native, id=57422, stack(0x00007f03151b0000,0x00007f03152b1000)]
  0x00007f032c294000 JavaThread "logback-3" daemon [_thread_blocked, id=57419, stack(0x00007f031552a000,0x00007f031562b000)]
  0x00007f032c292800 JavaThread "logback-2" daemon [_thread_blocked, id=57418, stack(0x00007f031562b000,0x00007f031572c000)]
  0x00007f032c290800 JavaThread "logback-1" daemon [_thread_blocked, id=57413, stack(0x00007f031572c000,0x00007f031582d000)]
  0x00007f032c142000 JavaThread "Service Thread" daemon [_thread_blocked, id=57388, stack(0x00007f0315d76000,0x00007f0315e77000)]
  0x00007f032c13f000 JavaThread "C1 CompilerThread1" daemon [_thread_blocked, id=57387, stack(0x00007f0315e77000,0x00007f0315f78000)]
  0x00007f032c13c000 JavaThread "C2 CompilerThread0" daemon [_thread_in_native, id=57384, stack(0x00007f0315f78000,0x00007f0316079000)]
  0x00007f032c13a800 JavaThread "Signal Dispatcher" daemon [_thread_blocked, id=57375, stack(0x00007f0316079000,0x00007f031617a000)]
  0x00007f032c107800 JavaThread "Finalizer" daemon [_thread_blocked, id=57350, stack(0x00007f0316b39000,0x00007f0316c3a000)]
  0x00007f032c105000 JavaThread "Reference Handler" daemon [_thread_blocked, id=57343, stack(0x00007f0316c3a000,0x00007f0316d3b000)]
  0x00007f032c00a800 JavaThread "main" [_thread_in_native, id=57311, stack(0x00007f0332ea1000,0x00007f0332fa2000)]

Other Threads:
  0x00007f032c0fb800 VMThread [stack: 0x00007f0316d3b000,0x00007f0316e3c000] [id=57337]
  0x00007f032c147000 WatcherThread [stack: 0x00007f0315c75000,0x00007f0315d76000] [id=57395]

VM state:not at safepoint (normal execution)

VM Mutex/Monitor currently owned by a thread: None

Heap:
 PSYoungGen      total 37888K, used 36546K [0x00000000d6900000, 0x00000000d9300000, 0x0000000100000000)
  eden space 32768K, 96% used [0x00000000d6900000,0x00000000d87f16d0,0x00000000d8900000)
  from space 5120K, 94% used [0x00000000d8900000,0x00000000d8dbf468,0x00000000d8e00000)
  to   space 5120K, 0% used [0x00000000d8e00000,0x00000000d8e00000,0x00000000d9300000)
 ParOldGen       total 86016K, used 4080K [0x0000000083a00000, 0x0000000088e00000, 0x00000000d6900000)
  object space 86016K, 4% used [0x0000000083a00000,0x0000000083dfc1e0,0x0000000088e00000)
 Metaspace       used 15977K, capacity 16389K, committed 16512K, reserved 1064960K
  class space    used 1808K, capacity 1920K, committed 1920K, reserved 1048576K

Card table byte_map: [0x00007f031c640000,0x00007f031ca24000] byte_map_base: 0x00007f031c223000

Marking Bits: (ParMarkBitMap*) 0x00007f033236c0a0
 Begin Bits: [0x00007f0318578000, 0x00007f031a490000)
 End Bits:   [0x00007f031a490000, 0x00007f031c3a8000)

Polling page: 0x00007f0332fbe000

CodeCache: size=245760Kb used=6501Kb max_used=6537Kb free=239258Kb
 bounds [0x00007f031cde4000, 0x00007f031d454000, 0x00007f032bde4000]
 total_blobs=2271 nmethods=1903 adapters=281
 compilation: enabled

Compilation events (10 events):
Event: 109.457 Thread 0x00007f032c13f000 nmethod 1980 0x00007f031d431c10 code [0x00007f031d431d80, 0x00007f031d431f98]
Event: 109.457 Thread 0x00007f032c13f000 1982   !   2       sun.reflect.GeneratedMethodAccessor2::invoke (66 bytes)
Event: 109.458 Thread 0x00007f032c13f000 nmethod 1982 0x00007f031d432090 code [0x00007f031d432280, 0x00007f031d432848]
Event: 109.458 Thread 0x00007f032c13f000 1978       2       org.evosuite.graphs.GraphPool::getInstance (43 bytes)
Event: 109.458 Thread 0x00007f032c13f000 nmethod 1978 0x00007f031d432d90 code [0x00007f031d432f20, 0x00007f031d4331b8]
Event: 109.458 Thread 0x00007f032c13f000 1985       1       org.evosuite.coverage.branch.Branch::getInstruction (5 bytes)
Event: 109.458 Thread 0x00007f032c13f000 nmethod 1985 0x00007f031cf0afd0 code [0x00007f031cf0b120, 0x00007f031cf0b230]
Event: 109.462 Thread 0x00007f032c13f000 1991       3       org.evosuite.graphs.cfg.BytecodeInstructionPool::getFirstInstructionAtLineNumber (139 bytes)
Event: 109.869 Thread 0x00007f032c13f000 nmethod 1991 0x00007f031d4332d0 code [0x00007f031d433580, 0x00007f031d434a98]
Event: 110.321 Thread 0x00007f032c13f000 1996       2       java.util.HashSet::readObject (226 bytes)

GC Heap History (10 events):
Event: 2.808 GC heap before
{Heap before GC invocations=2 (full 1):
 PSYoungGen      total 37888K, used 4222K [0x00000000d6900000, 0x00000000d9300000, 0x0000000100000000)
  eden space 32768K, 0% used [0x00000000d6900000,0x00000000d6900000,0x00000000d8900000)
  from space 5120K, 82% used [0x00000000d8900000,0x00000000d8d1f898,0x00000000d8e00000)
  to   space 5120K, 0% used [0x00000000d8e00000,0x00000000d8e00000,0x00000000d9300000)
 ParOldGen       total 86016K, used 0K [0x0000000083a00000, 0x0000000088e00000, 0x00000000d6900000)
  object space 86016K, 0% used [0x0000000083a00000,0x0000000083a00000,0x0000000088e00000)
 Metaspace       used 10232K, capacity 10396K, committed 10624K, reserved 1058816K
  class space    used 1238K, capacity 1319K, committed 1408K, reserved 1048576K
Event: 2.958 GC heap after
Heap after GC invocations=2 (full 1):
 PSYoungGen      total 37888K, used 0K [0x00000000d6900000, 0x00000000d9300000, 0x0000000100000000)
  eden space 32768K, 0% used [0x00000000d6900000,0x00000000d6900000,0x00000000d8900000)
  from space 5120K, 0% used [0x00000000d8900000,0x00000000d8900000,0x00000000d8e00000)
  to   space 5120K, 0% used [0x00000000d8e00000,0x00000000d8e00000,0x00000000d9300000)
 ParOldGen       total 86016K, used 4064K [0x0000000083a00000, 0x0000000088e00000, 0x00000000d6900000)
  object space 86016K, 4% used [0x0000000083a00000,0x0000000083df81e0,0x0000000088e00000)
 Metaspace       used 10224K, capacity 10386K, committed 10624K, reserved 1058816K
  class space    used 1237K, capacity 1317K, committed 1408K, reserved 1048576K
}
Event: 101.386 GC heap before
{Heap before GC invocations=3 (full 1):
 PSYoungGen      total 37888K, used 32768K [0x00000000d6900000, 0x00000000d9300000, 0x0000000100000000)
  eden space 32768K, 100% used [0x00000000d6900000,0x00000000d8900000,0x00000000d8900000)
  from space 5120K, 0% used [0x00000000d8900000,0x00000000d8900000,0x00000000d8e00000)
  to   space 5120K, 0% used [0x00000000d8e00000,0x00000000d8e00000,0x00000000d9300000)
 ParOldGen       total 86016K, used 4064K [0x0000000083a00000, 0x0000000088e00000, 0x00000000d6900000)
  object space 86016K, 4% used [0x0000000083a00000,0x0000000083df81e0,0x0000000088e00000)
 Metaspace       used 13763K, capacity 14160K, committed 14336K, reserved 1062912K
  class space    used 1594K, capacity 1703K, committed 1792K, reserved 1048576K
Event: 101.394 GC heap after
Heap after GC invocations=3 (full 1):
 PSYoungGen      total 37888K, used 4919K [0x00000000d6900000, 0x00000000d9300000, 0x0000000100000000)
  eden space 32768K, 0% used [0x00000000d6900000,0x00000000d6900000,0x00000000d8900000)
  from space 5120K, 96% used [0x00000000d8e00000,0x00000000d92cde08,0x00000000d9300000)
  to   space 5120K, 0% used [0x00000000d8900000,0x00000000d8900000,0x00000000d8e00000)
 ParOldGen       total 86016K, used 4064K [0x0000000083a00000, 0x0000000088e00000, 0x00000000d6900000)
  object space 86016K, 4% used [0x0000000083a00000,0x0000000083df81e0,0x0000000088e00000)
 Metaspace       used 13763K, capacity 14160K, committed 14336K, reserved 1062912K
  class space    used 1594K, capacity 1703K, committed 1792K, reserved 1048576K
}
Event: 102.480 GC heap before
{Heap before GC invocations=4 (full 1):
 PSYoungGen      total 37888K, used 37687K [0x00000000d6900000, 0x00000000d9300000, 0x0000000100000000)
  eden space 32768K, 100% used [0x00000000d6900000,0x00000000d8900000,0x00000000d8900000)
  from space 5120K, 96% used [0x00000000d8e00000,0x00000000d92cde08,0x00000000d9300000)
  to   space 5120K, 0% used [0x00000000d8900000,0x00000000d8900000,0x00000000d8e00000)
 ParOldGen       total 86016K, used 4064K [0x0000000083a00000, 0x0000000088e00000, 0x00000000d6900000)
  object space 86016K, 4% used [0x0000000083a00000,0x0000000083df81e0,0x0000000088e00000)
 Metaspace       used 13869K, capacity 14288K, committed 14592K, reserved 1062912K
  class space    used 1594K, capacity 1703K, committed 1792K, reserved 1048576K
Event: 102.486 GC heap after
Heap after GC invocations=4 (full 1):
 PSYoungGen      total 37888K, used 4137K [0x00000000d6900000, 0x00000000d9300000, 0x0000000100000000)
  eden space 32768K, 0% used [0x00000000d6900000,0x00000000d6900000,0x00000000d8900000)
  from space 5120K, 80% used [0x00000000d8900000,0x00000000d8d0a608,0x00000000d8e00000)
  to   space 5120K, 0% used [0x00000000d8e00000,0x00000000d8e00000,0x00000000d9300000)
 ParOldGen       total 86016K, used 4072K [0x0000000083a00000, 0x0000000088e00000, 0x00000000d6900000)
  object space 86016K, 4% used [0x0000000083a00000,0x0000000083dfa1e0,0x0000000088e00000)
 Metaspace       used 13869K, capacity 14288K, committed 14592K, reserved 1062912K
  class space    used 1594K, capacity 1703K, committed 1792K, reserved 1048576K
}
Event: 103.230 GC heap before
{Heap before GC invocations=5 (full 1):
 PSYoungGen      total 37888K, used 36905K [0x00000000d6900000, 0x00000000d9300000, 0x0000000100000000)
  eden space 32768K, 100% used [0x00000000d6900000,0x00000000d8900000,0x00000000d8900000)
  from space 5120K, 80% used [0x00000000d8900000,0x00000000d8d0a608,0x00000000d8e00000)
  to   space 5120K, 0% used [0x00000000d8e00000,0x00000000d8e00000,0x00000000d9300000)
 ParOldGen       total 86016K, used 4072K [0x0000000083a00000, 0x0000000088e00000, 0x00000000d6900000)
  object space 86016K, 4% used [0x0000000083a00000,0x0000000083dfa1e0,0x0000000088e00000)
 Metaspace       used 13897K, capacity 14288K, committed 14592K, reserved 1062912K
  class space    used 1594K, capacity 1703K, committed 1792K, reserved 1048576K
Event: 103.237 GC heap after
Heap after GC invocations=5 (full 1):
 PSYoungGen      total 37888K, used 4233K [0x00000000d6900000, 0x00000000d9300000, 0x0000000100000000)
  eden space 32768K, 0% used [0x00000000d6900000,0x00000000d6900000,0x00000000d8900000)
  from space 5120K, 82% used [0x00000000d8e00000,0x00000000d9222608,0x00000000d9300000)
  to   space 5120K, 0% used [0x00000000d8900000,0x00000000d8900000,0x00000000d8e00000)
 ParOldGen       total 86016K, used 4072K [0x0000000083a00000, 0x0000000088e00000, 0x00000000d6900000)
  object space 86016K, 4% used [0x0000000083a00000,0x0000000083dfa1e0,0x0000000088e00000)
 Metaspace       used 13897K, capacity 14288K, committed 14592K, reserved 1062912K
  class space    used 1594K, capacity 1703K, committed 1792K, reserved 1048576K
}
Event: 104.503 GC heap before
{Heap before GC invocations=6 (full 1):
 PSYoungGen      total 37888K, used 37001K [0x00000000d6900000, 0x00000000d9300000, 0x0000000100000000)
  eden space 32768K, 100% used [0x00000000d6900000,0x00000000d8900000,0x00000000d8900000)
  from space 5120K, 82% used [0x00000000d8e00000,0x00000000d9222608,0x00000000d9300000)
  to   space 5120K, 0% used [0x00000000d8900000,0x00000000d8900000,0x00000000d8e00000)
 ParOldGen       total 86016K, used 4072K [0x0000000083a00000, 0x0000000088e00000, 0x00000000d6900000)
  object space 86016K, 4% used [0x0000000083a00000,0x0000000083dfa1e0,0x0000000088e00000)
 Metaspace       used 14354K, capacity 14848K, committed 15104K, reserved 1062912K
  class space    used 1626K, capacity 1780K, committed 1792K, reserved 1048576K
Event: 104.511 GC heap after
Heap after GC invocations=6 (full 1):
 PSYoungGen      total 37888K, used 4861K [0x00000000d6900000, 0x00000000d9300000, 0x0000000100000000)
  eden space 32768K, 0% used [0x00000000d6900000,0x00000000d6900000,0x00000000d8900000)
  from space 5120K, 94% used [0x00000000d8900000,0x00000000d8dbf468,0x00000000d8e00000)
  to   space 5120K, 0% used [0x00000000d8e00000,0x00000000d8e00000,0x00000000d9300000)
 ParOldGen       total 86016K, used 4080K [0x0000000083a00000, 0x0000000088e00000, 0x00000000d6900000)
  object space 86016K, 4% used [0x0000000083a00000,0x0000000083dfc1e0,0x0000000088e00000)
 Metaspace       used 14354K, capacity 14848K, committed 15104K, reserved 1062912K
  class space    used 1626K, capacity 1780K, committed 1792K, reserved 1048576K
}

Deoptimization events (10 events):
Event: 99.403 Thread 0x0000000001fcd800 Uncommon trap: reason=bimorphic action=maybe_recompile pc=0x00007f031d02be90 method=java.util.HashMap.putVal(ILjava/lang/Object;Ljava/lang/Object;ZZ)Ljava/lang/Object; @ 91
Event: 99.403 Thread 0x0000000001fcd800 Uncommon trap: reason=bimorphic action=maybe_recompile pc=0x00007f031d02be90 method=java.util.HashMap.putVal(ILjava/lang/Object;Ljava/lang/Object;ZZ)Ljava/lang/Object; @ 91
Event: 99.550 Thread 0x0000000001fcd800 Uncommon trap: reason=bimorphic action=maybe_recompile pc=0x00007f031d1b34b0 method=java.util.HashMap.putVal(ILjava/lang/Object;Ljava/lang/Object;ZZ)Ljava/lang/Object; @ 203
Event: 99.553 Thread 0x0000000001fcd800 Uncommon trap: reason=bimorphic action=maybe_recompile pc=0x00007f031d1b34b0 method=java.util.HashMap.putVal(ILjava/lang/Object;Ljava/lang/Object;ZZ)Ljava/lang/Object; @ 203
Event: 102.152 Thread 0x0000000001fcd800 Uncommon trap: reason=bimorphic action=maybe_recompile pc=0x00007f031d2a8f08 method=java.util.AbstractCollection.addAll(Ljava/util/Collection;)Z @ 3
Event: 102.152 Thread 0x0000000001fcd800 Uncommon trap: reason=bimorphic action=maybe_recompile pc=0x00007f031d2a8f08 method=java.util.AbstractCollection.addAll(Ljava/util/Collection;)Z @ 3
Event: 102.152 Thread 0x0000000001fcd800 Uncommon trap: reason=bimorphic action=maybe_recompile pc=0x00007f031d2a8f08 method=java.util.AbstractCollection.addAll(Ljava/util/Collection;)Z @ 3
Event: 102.152 Thread 0x0000000001fcd800 Uncommon trap: reason=bimorphic action=maybe_recompile pc=0x00007f031d2a8f08 method=java.util.AbstractCollection.addAll(Ljava/util/Collection;)Z @ 3
Event: 103.728 Thread 0x0000000001fcd800 Uncommon trap: reason=predicate action=maybe_recompile pc=0x00007f031d2d3c50 method=java.util.ArrayList.indexOf(Ljava/lang/Object;)I @ 44
Event: 106.255 Thread 0x0000000001fcd800 Uncommon trap: reason=unstable_if action=reinterpret pc=0x00007f031d3fe168 method=org.evosuite.shaded.org.objectweb.asm.ClassReader.readUTF8(I[C)Ljava/lang/String; @ 11

Classes redefined (0 events):
No events

Internal exceptions (10 events):
Event: 81.607 Thread 0x00007f032c292800 Exception <a 'java/net/ConnectException'> (0x00000000d6cd6698) thrown at [/HUDSON/workspace/8-2-build-linux-amd64/jdk8u181/11358/hotspot/src/share/vm/prims/jni.cpp, line 709]
Event: 81.609 Thread 0x00007f032c290800 Exception <a 'java/net/ConnectException'> (0x00000000d6d284e0) thrown at [/HUDSON/workspace/8-2-build-linux-amd64/jdk8u181/11358/hotspot/src/share/vm/prims/jni.cpp, line 709]
Event: 81.619 Thread 0x00007f032c294000 Exception <a 'java/net/ConnectException'> (0x00000000d6d7a460) thrown at [/HUDSON/workspace/8-2-build-linux-amd64/jdk8u181/11358/hotspot/src/share/vm/prims/jni.cpp, line 709]
Event: 91.608 Thread 0x00007f032c292800 Exception <a 'java/net/ConnectException'> (0x00000000d6cd71c0) thrown at [/HUDSON/workspace/8-2-build-linux-amd64/jdk8u181/11358/hotspot/src/share/vm/prims/jni.cpp, line 709]
Event: 91.610 Thread 0x00007f032c290800 Exception <a 'java/net/ConnectException'> (0x00000000d6d29008) thrown at [/HUDSON/workspace/8-2-build-linux-amd64/jdk8u181/11358/hotspot/src/share/vm/prims/jni.cpp, line 709]
Event: 91.620 Thread 0x00007f032c294000 Exception <a 'java/net/ConnectException'> (0x00000000d6d7af88) thrown at [/HUDSON/workspace/8-2-build-linux-amd64/jdk8u181/11358/hotspot/src/share/vm/prims/jni.cpp, line 709]
Event: 98.457 Thread 0x0000000001fcd800 Exception <a 'java/lang/NoSuchMethodError': <clinit>> (0x00000000d738e7a0) thrown at [/HUDSON/workspace/8-2-build-linux-amd64/jdk8u181/11358/hotspot/src/share/vm/prims/jni.cpp, line 1613]
Event: 101.608 Thread 0x00007f032c292800 Exception <a 'java/net/ConnectException'> (0x00000000d6de9768) thrown at [/HUDSON/workspace/8-2-build-linux-amd64/jdk8u181/11358/hotspot/src/share/vm/prims/jni.cpp, line 709]
Event: 101.610 Thread 0x00007f032c290800 Exception <a 'java/net/ConnectException'> (0x00000000d6e1ec28) thrown at [/HUDSON/workspace/8-2-build-linux-amd64/jdk8u181/11358/hotspot/src/share/vm/prims/jni.cpp, line 709]
Event: 101.620 Thread 0x00007f032c294000 Exception <a 'java/net/ConnectException'> (0x00000000d6e540e8) thrown at [/HUDSON/workspace/8-2-build-linux-amd64/jdk8u181/11358/hotspot/src/share/vm/prims/jni.cpp, line 709]

Events (10 events):
Event: 108.961 loading class org/evosuite/testsuite/AbstractFitnessFactory
Event: 108.961 loading class org/evosuite/testsuite/AbstractFitnessFactory done
Event: 109.025 loading class org/evosuite/coverage/TestFitnessFactory
Event: 109.025 loading class org/evosuite/coverage/TestFitnessFactory done
Event: 109.199 loading class org/evosuite/coverage/branch/BranchCoverageTestFitness
Event: 109.199 loading class org/evosuite/coverage/branch/BranchCoverageTestFitness done
Event: 109.204 loading class org/evosuite/coverage/branch/BranchCoverageTestFitness
Event: 109.204 loading class org/evosuite/coverage/branch/BranchCoverageTestFitness done
Event: 109.459 Thread 0x0000000001fcd800 DEOPT PACKING pc=0x00007f031cf4e43c sp=0x00007f0314549dd0
Event: 109.459 Thread 0x0000000001fcd800 DEOPT UNPACKING pc=0x00007f031ce2b784 sp=0x00007f0314549b40 mode 0


Dynamic libraries:
00400000-00401000 r-xp 00000000 08:01 1448396                            /usr/lib/jvm/jdk1.8.0_181/bin/java
00600000-00601000 rw-p 00000000 08:01 1448396                            /usr/lib/jvm/jdk1.8.0_181/bin/java
01fcb000-01fec000 rw-p 00000000 00:00 0                                  [heap]
83a00000-88e00000 rw-p 00000000 00:00 0 
88e00000-d6900000 ---p 00000000 00:00 0 
d6900000-d9300000 rw-p 00000000 00:00 0 
d9300000-100000000 ---p 00000000 00:00 0 
100000000-1001e0000 rw-p 00000000 00:00 0 
100200000-140000000 ---p 00000000 00:00 0 
7f02d4000000-7f02d4021000 rw-p 00000000 00:00 0 
7f02d4021000-7f02d8000000 ---p 00000000 00:00 0 
7f02dc000000-7f02dc021000 rw-p 00000000 00:00 0 
7f02dc021000-7f02e0000000 ---p 00000000 00:00 0 
7f02e0000000-7f02e0021000 rw-p 00000000 00:00 0 
7f02e0021000-7f02e4000000 ---p 00000000 00:00 0 
7f02e4000000-7f02e4021000 rw-p 00000000 00:00 0 
7f02e4021000-7f02e8000000 ---p 00000000 00:00 0 
7f02e8000000-7f02e8021000 rw-p 00000000 00:00 0 
7f02e8021000-7f02ec000000 ---p 00000000 00:00 0 
7f02ecdff000-7f02ece3f000 rw-p 00000000 00:00 0 
7f02ece3f000-7f02ecfff000 ---p 00000000 00:00 0 
7f02ecfff000-7f02f0000000 rw-p 00000000 00:00 0 
7f02f0000000-7f02f0781000 rw-p 00000000 00:00 0 
7f02f0781000-7f02f4000000 ---p 00000000 00:00 0 
7f02f4000000-7f02f4021000 rw-p 00000000 00:00 0 
7f02f4021000-7f02f8000000 ---p 00000000 00:00 0 
7f02f8000000-7f02f8021000 rw-p 00000000 00:00 0 
7f02f8021000-7f02fc000000 ---p 00000000 00:00 0 
7f02fc000000-7f02fcd41000 rw-p 00000000 00:00 0 
7f02fcd41000-7f0300000000 ---p 00000000 00:00 0 
7f0300000000-7f0300021000 rw-p 00000000 00:00 0 
7f0300021000-7f0304000000 ---p 00000000 00:00 0 
7f0304000000-7f030406b000 rw-p 00000000 00:00 0 
7f030406b000-7f0308000000 ---p 00000000 00:00 0 
7f0308000000-7f03084be000 rw-p 00000000 00:00 0 
7f03084be000-7f030c000000 ---p 00000000 00:00 0 
7f030c000000-7f030c021000 rw-p 00000000 00:00 0 
7f030c021000-7f0310000000 ---p 00000000 00:00 0 
7f0310000000-7f0310021000 rw-p 00000000 00:00 0 
7f0310021000-7f0314000000 ---p 00000000 00:00 0 
7f031403b000-7f031404e000 r--s 00345000 08:01 2756119                    /usr/lib/jvm/jdk1.8.0_181/jre/lib/resources.jar
7f031404e000-7f031424e000 rw-p 00000000 00:00 0 
7f031424e000-7f031444e000 rw-p 00000000 00:00 0 
7f031444e000-7f0314451000 ---p 00000000 00:00 0 
7f0314451000-7f031454f000 rw-p 00000000 00:00 0 
7f031454f000-7f0314552000 ---p 00000000 00:00 0 
7f0314552000-7f0314650000 rw-p 00000000 00:00 0 
7f0314650000-7f0314653000 ---p 00000000 00:00 0 
7f0314653000-7f0314751000 rw-p 00000000 00:00 0 
7f0314751000-7f031476d000 r--s 00393000 08:01 2756136                    /usr/lib/jvm/jdk1.8.0_181/jre/lib/ext/cldrdata.jar
7f031476d000-7f0314770000 ---p 00000000 00:00 0 
7f0314770000-7f031486e000 rw-p 00000000 00:00 0 
7f031486e000-7f0314871000 ---p 00000000 00:00 0 
7f0314871000-7f031496f000 rw-p 00000000 00:00 0 
7f031496f000-7f0314972000 ---p 00000000 00:00 0 
7f0314972000-7f0314a70000 rw-p 00000000 00:00 0 
7f0314a70000-7f0314a73000 ---p 00000000 00:00 0 
7f0314a73000-7f0314b71000 rw-p 00000000 00:00 0 
7f0314b71000-7f0314b74000 ---p 00000000 00:00 0 
7f0314b74000-7f0314c72000 rw-p 00000000 00:00 0 
7f0314c72000-7f0314c75000 ---p 00000000 00:00 0 
7f0314c75000-7f0314d73000 rw-p 00000000 00:00 0 
7f0314d73000-7f0314d76000 ---p 00000000 00:00 0 
7f0314d76000-7f0314dac000 rw-p 00000000 00:00 0 
7f0314dac000-7f0314daf000 ---p 00000000 00:00 0 
7f0314daf000-7f0314ead000 rw-p 00000000 00:00 0 
7f0314ead000-7f0314eb0000 ---p 00000000 00:00 0 
7f0314eb0000-7f0314fae000 rw-p 00000000 00:00 0 
7f0314fae000-7f0314fb1000 ---p 00000000 00:00 0 
7f0314fb1000-7f03150af000 rw-p 00000000 00:00 0 
7f03150af000-7f03150b2000 ---p 00000000 00:00 0 
7f03150b2000-7f03151b0000 rw-p 00000000 00:00 0 
7f03151b0000-7f03151b3000 ---p 00000000 00:00 0 
7f03151b3000-7f03154b1000 rw-p 00000000 00:00 0 
7f03154b1000-7f031552a000 r--s 010f9000 08:01 1448503                    /usr/lib/jvm/jdk1.8.0_181/lib/tools.jar
7f031552a000-7f031552d000 ---p 00000000 00:00 0 
7f031552d000-7f031562b000 rw-p 00000000 00:00 0 
7f031562b000-7f031562e000 ---p 00000000 00:00 0 
7f031562e000-7f031572c000 rw-p 00000000 00:00 0 
7f031572c000-7f031572f000 ---p 00000000 00:00 0 
7f031572f000-7f031582d000 rw-p 00000000 00:00 0 
7f031582d000-7f0315843000 r-xp 00000000 08:01 2756237                    /usr/lib/jvm/jdk1.8.0_181/jre/lib/amd64/libnet.so
7f0315843000-7f0315a43000 ---p 00016000 08:01 2756237                    /usr/lib/jvm/jdk1.8.0_181/jre/lib/amd64/libnet.so
7f0315a43000-7f0315a44000 rw-p 00016000 08:01 2756237                    /usr/lib/jvm/jdk1.8.0_181/jre/lib/amd64/libnet.so
7f0315a44000-7f0315c75000 r--s 01bb1000 08:01 1706762                    /home/whj/dowork/DiffTGen/lib/evosuite-1.0.6.jar
7f0315c75000-7f0315c76000 ---p 00000000 00:00 0 
7f0315c76000-7f0315d76000 rw-p 00000000 00:00 0 
7f0315d76000-7f0315d79000 ---p 00000000 00:00 0 
7f0315d79000-7f0315e77000 rw-p 00000000 00:00 0 
7f0315e77000-7f0315e7a000 ---p 00000000 00:00 0 
7f0315e7a000-7f0315f78000 rw-p 00000000 00:00 0 
7f0315f78000-7f0315f7b000 ---p 00000000 00:00 0 
7f0315f7b000-7f0316079000 rw-p 00000000 00:00 0 
7f0316079000-7f031607c000 ---p 00000000 00:00 0 
7f031607c000-7f031617a000 rw-p 00000000 00:00 0 
7f031617a000-7f0316b39000 r--p 00000000 08:01 1316108                    /usr/lib/locale/locale-archive
7f0316b39000-7f0316b3c000 ---p 00000000 00:00 0 
7f0316b3c000-7f0316c3a000 rw-p 00000000 00:00 0 
7f0316c3a000-7f0316c3d000 ---p 00000000 00:00 0 
7f0316c3d000-7f0316d3b000 rw-p 00000000 00:00 0 
7f0316d3b000-7f0316d3c000 ---p 00000000 00:00 0 
7f0316d3c000-7f0317745000 rw-p 00000000 00:00 0 
7f0317745000-7f031791f000 r--s 03d6b000 08:01 2756084                    /usr/lib/jvm/jdk1.8.0_181/jre/lib/rt.jar
7f031791f000-7f0318195000 rw-p 00000000 00:00 0 
7f0318195000-7f031c3d2000 rw-p 00000000 00:00 0 
7f031c3d2000-7f031c640000 ---p 00000000 00:00 0 
7f031c640000-7f031c66a000 rw-p 00000000 00:00 0 
7f031c66a000-7f031c8d7000 ---p 00000000 00:00 0 
7f031c8d7000-7f031c8ed000 rw-p 00000000 00:00 0 
7f031c8ed000-7f031ca23000 ---p 00000000 00:00 0 
7f031ca23000-7f031ca3e000 rw-p 00000000 00:00 0 
7f031ca3e000-7f031cde4000 ---p 00000000 00:00 0 
7f031cde4000-7f031d454000 rwxp 00000000 00:00 0 
7f031d454000-7f032bde4000 ---p 00000000 00:00 0 
7f032bde4000-7f032bdff000 r-xp 00000000 08:01 2756233                    /usr/lib/jvm/jdk1.8.0_181/jre/lib/amd64/libzip.so
7f032bdff000-7f032bfff000 ---p 0001b000 08:01 2756233                    /usr/lib/jvm/jdk1.8.0_181/jre/lib/amd64/libzip.so
7f032bfff000-7f032c000000 rw-p 0001b000 08:01 2756233                    /usr/lib/jvm/jdk1.8.0_181/jre/lib/amd64/libzip.so
7f032c000000-7f032c46c000 rw-p 00000000 00:00 0 
7f032c46c000-7f0330000000 ---p 00000000 00:00 0 
7f0330000000-7f033000a000 r--s 00116000 08:01 2756143                    /usr/lib/jvm/jdk1.8.0_181/jre/lib/ext/localedata.jar
7f033000a000-7f033000b000 ---p 00000000 00:00 0 
7f033000b000-7f033010b000 rw-p 00000000 00:00 0 
7f033010b000-7f033010c000 ---p 00000000 00:00 0 
7f033010c000-7f033020c000 rw-p 00000000 00:00 0 
7f033020c000-7f0330217000 r-xp 00000000 08:01 1054188                    /lib/x86_64-linux-gnu/libnss_files-2.23.so
7f0330217000-7f0330416000 ---p 0000b000 08:01 1054188                    /lib/x86_64-linux-gnu/libnss_files-2.23.so
7f0330416000-7f0330417000 r--p 0000a000 08:01 1054188                    /lib/x86_64-linux-gnu/libnss_files-2.23.so
7f0330417000-7f0330418000 rw-p 0000b000 08:01 1054188                    /lib/x86_64-linux-gnu/libnss_files-2.23.so
7f0330418000-7f033041e000 rw-p 00000000 00:00 0 
7f033041e000-7f0330429000 r-xp 00000000 08:01 1054198                    /lib/x86_64-linux-gnu/libnss_nis-2.23.so
7f0330429000-7f0330628000 ---p 0000b000 08:01 1054198                    /lib/x86_64-linux-gnu/libnss_nis-2.23.so
7f0330628000-7f0330629000 r--p 0000a000 08:01 1054198                    /lib/x86_64-linux-gnu/libnss_nis-2.23.so
7f0330629000-7f033062a000 rw-p 0000b000 08:01 1054198                    /lib/x86_64-linux-gnu/libnss_nis-2.23.so
7f033062a000-7f0330640000 r-xp 00000000 08:01 1054182                    /lib/x86_64-linux-gnu/libnsl-2.23.so
7f0330640000-7f033083f000 ---p 00016000 08:01 1054182                    /lib/x86_64-linux-gnu/libnsl-2.23.so
7f033083f000-7f0330840000 r--p 00015000 08:01 1054182                    /lib/x86_64-linux-gnu/libnsl-2.23.so
7f0330840000-7f0330841000 rw-p 00016000 08:01 1054182                    /lib/x86_64-linux-gnu/libnsl-2.23.so
7f0330841000-7f0330843000 rw-p 00000000 00:00 0 
7f0330843000-7f033084b000 r-xp 00000000 08:01 1054184                    /lib/x86_64-linux-gnu/libnss_compat-2.23.so
7f033084b000-7f0330a4a000 ---p 00008000 08:01 1054184                    /lib/x86_64-linux-gnu/libnss_compat-2.23.so
7f0330a4a000-7f0330a4b000 r--p 00007000 08:01 1054184                    /lib/x86_64-linux-gnu/libnss_compat-2.23.so
7f0330a4b000-7f0330a4c000 rw-p 00008000 08:01 1054184                    /lib/x86_64-linux-gnu/libnss_compat-2.23.so
7f0330a4c000-7f0330a77000 r-xp 00000000 08:01 2756227                    /usr/lib/jvm/jdk1.8.0_181/jre/lib/amd64/libjava.so
7f0330a77000-7f0330c76000 ---p 0002b000 08:01 2756227                    /usr/lib/jvm/jdk1.8.0_181/jre/lib/amd64/libjava.so
7f0330c76000-7f0330c78000 rw-p 0002a000 08:01 2756227                    /usr/lib/jvm/jdk1.8.0_181/jre/lib/amd64/libjava.so
7f0330c78000-7f0330c85000 r-xp 00000000 08:01 2756232                    /usr/lib/jvm/jdk1.8.0_181/jre/lib/amd64/libverify.so
7f0330c85000-7f0330e85000 ---p 0000d000 08:01 2756232                    /usr/lib/jvm/jdk1.8.0_181/jre/lib/amd64/libverify.so
7f0330e85000-7f0330e87000 rw-p 0000d000 08:01 2756232                    /usr/lib/jvm/jdk1.8.0_181/jre/lib/amd64/libverify.so
7f0330e87000-7f0330e8e000 r-xp 00000000 08:01 1054243                    /lib/x86_64-linux-gnu/librt-2.23.so
7f0330e8e000-7f033108d000 ---p 00007000 08:01 1054243                    /lib/x86_64-linux-gnu/librt-2.23.so
7f033108d000-7f033108e000 r--p 00006000 08:01 1054243                    /lib/x86_64-linux-gnu/librt-2.23.so
7f033108e000-7f033108f000 rw-p 00007000 08:01 1054243                    /lib/x86_64-linux-gnu/librt-2.23.so
7f033108f000-7f0331197000 r-xp 00000000 08:01 1054159                    /lib/x86_64-linux-gnu/libm-2.23.so
7f0331197000-7f0331396000 ---p 00108000 08:01 1054159                    /lib/x86_64-linux-gnu/libm-2.23.so
7f0331396000-7f0331397000 r--p 00107000 08:01 1054159                    /lib/x86_64-linux-gnu/libm-2.23.so
7f0331397000-7f0331398000 rw-p 00108000 08:01 1054159                    /lib/x86_64-linux-gnu/libm-2.23.so
7f0331398000-7f0332074000 r-xp 00000000 08:01 2756209                    /usr/lib/jvm/jdk1.8.0_181/jre/lib/amd64/server/libjvm.so
7f0332074000-7f0332274000 ---p 00cdc000 08:01 2756209                    /usr/lib/jvm/jdk1.8.0_181/jre/lib/amd64/server/libjvm.so
7f0332274000-7f033234e000 rw-p 00cdc000 08:01 2756209                    /usr/lib/jvm/jdk1.8.0_181/jre/lib/amd64/server/libjvm.so
7f033234e000-7f0332399000 rw-p 00000000 00:00 0 
7f0332399000-7f0332559000 r-xp 00000000 08:01 1054089                    /lib/x86_64-linux-gnu/libc-2.23.so
7f0332559000-7f0332759000 ---p 001c0000 08:01 1054089                    /lib/x86_64-linux-gnu/libc-2.23.so
7f0332759000-7f033275d000 r--p 001c0000 08:01 1054089                    /lib/x86_64-linux-gnu/libc-2.23.so
7f033275d000-7f033275f000 rw-p 001c4000 08:01 1054089                    /lib/x86_64-linux-gnu/libc-2.23.so
7f033275f000-7f0332763000 rw-p 00000000 00:00 0 
7f0332763000-7f0332766000 r-xp 00000000 08:01 1054113                    /lib/x86_64-linux-gnu/libdl-2.23.so
7f0332766000-7f0332965000 ---p 00003000 08:01 1054113                    /lib/x86_64-linux-gnu/libdl-2.23.so
7f0332965000-7f0332966000 r--p 00002000 08:01 1054113                    /lib/x86_64-linux-gnu/libdl-2.23.so
7f0332966000-7f0332967000 rw-p 00003000 08:01 1054113                    /lib/x86_64-linux-gnu/libdl-2.23.so
7f0332967000-7f033297d000 r-xp 00000000 08:01 1449032                    /usr/lib/jvm/jdk1.8.0_181/lib/amd64/jli/libjli.so
7f033297d000-7f0332b7c000 ---p 00016000 08:01 1449032                    /usr/lib/jvm/jdk1.8.0_181/lib/amd64/jli/libjli.so
7f0332b7c000-7f0332b7d000 rw-p 00015000 08:01 1449032                    /usr/lib/jvm/jdk1.8.0_181/lib/amd64/jli/libjli.so
7f0332b7d000-7f0332b95000 r-xp 00000000 08:01 1054235                    /lib/x86_64-linux-gnu/libpthread-2.23.so
7f0332b95000-7f0332d94000 ---p 00018000 08:01 1054235                    /lib/x86_64-linux-gnu/libpthread-2.23.so
7f0332d94000-7f0332d95000 r--p 00017000 08:01 1054235                    /lib/x86_64-linux-gnu/libpthread-2.23.so
7f0332d95000-7f0332d96000 rw-p 00018000 08:01 1054235                    /lib/x86_64-linux-gnu/libpthread-2.23.so
7f0332d96000-7f0332d9a000 rw-p 00000000 00:00 0 
7f0332d9a000-7f0332dc0000 r-xp 00000000 08:01 1054061                    /lib/x86_64-linux-gnu/ld-2.23.so
7f0332dc0000-7f0332dd0000 r--s 00139000 08:01 3146020                    /home/whj/dowork/DiffTGen/extra_output/Chart_26_1-plausible_jaid/target/build/classes/all0.jar
7f0332dd0000-7f0332ea1000 rw-p 00000000 00:00 0 
7f0332ea1000-7f0332ea4000 ---p 00000000 00:00 0 
7f0332ea4000-7f0332fa7000 rw-p 00000000 00:00 0 
7f0332fa7000-7f0332fac000 r--s 0009d000 08:01 2756133                    /usr/lib/jvm/jdk1.8.0_181/jre/lib/jsse.jar
7f0332fac000-7f0332fb4000 r--s 0006e000 08:01 2248917                    /home/whj/dowork/DiffTGen/lib/commons-lang3-3.5.jar
7f0332fb4000-7f0332fb5000 r--s 00000000 08:01 2248922                    /home/whj/dowork/DiffTGen/lib/myprinter.jar
7f0332fb5000-7f0332fbd000 rw-s 00000000 08:01 1984675                    /tmp/hsperfdata_whj/57305
7f0332fbd000-7f0332fbe000 rw-p 00000000 00:00 0 
7f0332fbe000-7f0332fbf000 r--p 00000000 00:00 0 
7f0332fbf000-7f0332fc0000 r--p 00025000 08:01 1054061                    /lib/x86_64-linux-gnu/ld-2.23.so
7f0332fc0000-7f0332fc1000 rw-p 00026000 08:01 1054061                    /lib/x86_64-linux-gnu/ld-2.23.so
7f0332fc1000-7f0332fc2000 rw-p 00000000 00:00 0 
7ffc1fd1c000-7ffc1fd3e000 rw-p 00000000 00:00 0                          [stack]
7ffc1fddb000-7ffc1fdde000 r--p 00000000 00:00 0                          [vvar]
7ffc1fdde000-7ffc1fde0000 r-xp 00000000 00:00 0                          [vdso]
ffffffffff600000-ffffffffff601000 r-xp 00000000 00:00 0                  [vsyscall]

VM Arguments:
java_command: /home/whj/dowork/DiffTGen/lib/evosuite-1.0.6.jar -base_dir /home/whj/dowork/DiffTGen/extra_output/Chart_26_1-plausible_jaid/target/0/23 -projectCP /home/whj/dowork/DiffTGen/extra_output/Chart_26_1-plausible_jaid/target/build/classes/all0.jar:/home/whj/dowork/DiffTGen/lib/myprinter.jar:/home/whj/dowork/DiffTGen/lib/commons-lang3-3.5.jar -class org.jfree.chart.axis.Axis -Dassertions=false -Dsearch_budget=60
java_class_path (initial): /home/whj/dowork/DiffTGen/lib/evosuite-1.0.6.jar
Launcher Type: SUN_STANDARD

Environment Variables:
JAVA_HOME=/usr/lib/jvm/jdk1.8.0_181
JRE_HOME=/usr/lib/jvm/jdk1.8.0_181/jre
CLASSPATH=.:/usr/lib/jvm/jdk1.8.0_181/lib:/usr/lib/jvm/jdk1.8.0_181/jre/lib
PATH=/home/whj/perl5/bin:/home/whj/dowork/defects4j-1.2.0/framework/bin:/usr/lib/jvm/jdk1.8.0_181/bin:/usr/lib/jvm/jdk1.8.0_181/jre/bin:/home/whj/bin:/home/whj/.local/bin:/usr/local/sbin:/usr/local/bin:/usr/sbin:/usr/bin:/sbin:/bin:/usr/games:/usr/local/games" :/snap/bin:/home/whj/bin
SHELL=/bin/bash
DISPLAY=:0

Signal Handlers:
SIGSEGV: [libjvm.so+0xad2a40], sa_mask[0]=11111111011111111101111111111110, sa_flags=SA_RESTART|SA_SIGINFO
SIGBUS: [libjvm.so+0xad2a40], sa_mask[0]=11111111011111111101111111111110, sa_flags=SA_RESTART|SA_SIGINFO
SIGFPE: [libjvm.so+0x92a610], sa_mask[0]=11111111011111111101111111111110, sa_flags=SA_RESTART|SA_SIGINFO
SIGPIPE: [libjvm.so+0x92a610], sa_mask[0]=11111111011111111101111111111110, sa_flags=SA_RESTART|SA_SIGINFO
SIGXFSZ: [libjvm.so+0x92a610], sa_mask[0]=11111111011111111101111111111110, sa_flags=SA_RESTART|SA_SIGINFO
SIGILL: [libjvm.so+0x92a610], sa_mask[0]=11111111011111111101111111111110, sa_flags=SA_RESTART|SA_SIGINFO
SIGUSR1: SIG_DFL, sa_mask[0]=00000000000000000000000000000000, sa_flags=none
SIGUSR2: [libjvm.so+0x92be70], sa_mask[0]=00100000000000000000000000000000, sa_flags=SA_RESTART|SA_SIGINFO
SIGHUP: [libjvm.so+0x92d270], sa_mask[0]=11111111011111111101111111111110, sa_flags=SA_RESTART|SA_SIGINFO
SIGINT: [libjvm.so+0x92d270], sa_mask[0]=11111111011111111101111111111110, sa_flags=SA_RESTART|SA_SIGINFO
SIGTERM: [libjvm.so+0x92d270], sa_mask[0]=11111111011111111101111111111110, sa_flags=SA_RESTART|SA_SIGINFO
SIGQUIT: [libjvm.so+0x92d270], sa_mask[0]=11111111011111111101111111111110, sa_flags=SA_RESTART|SA_SIGINFO


---------------  S Y S T E M  ---------------

OS:DISTRIB_ID=Ubuntu
DISTRIB_RELEASE=16.04
DISTRIB_CODENAME=xenial
DISTRIB_DESCRIPTION="Ubuntu 16.04.6 LTS"

uname:Linux 4.15.0-91-generic #92~16.04.1-Ubuntu SMP Fri Feb 28 14:57:22 UTC 2020 x86_64
libc:glibc 2.23 NPTL 2.23 
rlimit: STACK 8192k, CORE 0k, NPROC 31576, NOFILE 1048576, AS infinity
load average:25.27 17.21 15.20

/proc/meminfo:
MemTotal:        8144704 kB
MemFree:         1004000 kB
MemAvailable:     888372 kB
Buffers:             144 kB
Cached:            10748 kB
SwapCached:          524 kB
Active:          5925848 kB
Inactive:         757336 kB
Active(anon):    5918416 kB
Inactive(anon):   754100 kB
Active(file):       7432 kB
Inactive(file):     3236 kB
Unevictable:          32 kB
Mlocked:              32 kB
SwapTotal:        998396 kB
SwapFree:              4 kB
Dirty:                44 kB
Writeback:            12 kB
AnonPages:       6672140 kB
Mapped:             9796 kB
Shmem:                 4 kB
Slab:              88584 kB
SReclaimable:      31716 kB
SUnreclaim:        56868 kB
KernelStack:       16176 kB
PageTables:        49576 kB
NFS_Unstable:          0 kB
Bounce:                0 kB
WritebackTmp:          0 kB
CommitLimit:     5070748 kB
Committed_AS:   14895328 kB
VmallocTotal:   34359738367 kB
VmallocUsed:           0 kB
VmallocChunk:          0 kB
HardwareCorrupted:     0 kB
AnonHugePages:         0 kB
ShmemHugePages:        0 kB
ShmemPmdMapped:        0 kB
CmaTotal:              0 kB
CmaFree:               0 kB
HugePages_Total:       0
HugePages_Free:        0
HugePages_Rsvd:        0
HugePages_Surp:        0
Hugepagesize:       2048 kB
DirectMap4k:      126784 kB
DirectMap2M:     7213056 kB
DirectMap1G:     3145728 kB


CPU:total 2 (initial active 2) (2 cores per cpu, 1 threads per core) family 6 model 158 stepping 10, cmov, cx8, fxsr, mmx, sse, sse2, sse3, ssse3, sse4.1, sse4.2, popcnt, avx, avx2, aes, clmul, erms, 3dnowpref, lzcnt, tsc, tscinvbit, bmi1, bmi2, adx

/proc/cpuinfo:
processor	: 0
vendor_id	: GenuineIntel
cpu family	: 6
model		: 158
model name	: Intel(R) Core(TM) i7-8750H CPU @ 2.20GHz
stepping	: 10
microcode	: 0x96
cpu MHz		: 2207.999
cache size	: 9216 KB
physical id	: 0
siblings	: 2
core id		: 0
cpu cores	: 2
apicid		: 0
initial apicid	: 0
fpu		: yes
fpu_exception	: yes
cpuid level	: 22
wp		: yes
flags		: fpu vme de pse tsc msr pae mce cx8 apic sep mtrr pge mca cmov pat pse36 clflush mmx fxsr sse sse2 ss ht syscall nx pdpe1gb rdtscp lm constant_tsc arch_perfmon nopl xtopology tsc_reliable nonstop_tsc cpuid pni pclmulqdq ssse3 fma cx16 pcid sse4_1 sse4_2 x2apic movbe popcnt tsc_deadline_timer aes xsave avx f16c rdrand hypervisor lahf_lm abm 3dnowprefetch cpuid_fault invpcid_single pti ssbd ibrs ibpb stibp fsgsbase tsc_adjust bmi1 avx2 smep bmi2 invpcid rdseed adx smap xsaveopt arat flush_l1d arch_capabilities
bugs		: cpu_meltdown spectre_v1 spectre_v2 spec_store_bypass l1tf mds swapgs itlb_multihit
bogomips	: 4415.99
clflush size	: 64
cache_alignment	: 64
address sizes	: 42 bits physical, 48 bits virtual
power management:

processor	: 1
vendor_id	: GenuineIntel
cpu family	: 6
model		: 158
model name	: Intel(R) Core(TM) i7-8750H CPU @ 2.20GHz
stepping	: 10
microcode	: 0x96
cpu MHz		: 2207.999
cache size	: 9216 KB
physical id	: 0
siblings	: 2
core id		: 1
cpu cores	: 2
apicid		: 1
initial apicid	: 1
fpu		: yes
fpu_exception	: yes
cpuid level	: 22
wp		: yes
flags		: fpu vme de pse tsc msr pae mce cx8 apic sep mtrr pge mca cmov pat pse36 clflush mmx fxsr sse sse2 ss ht syscall nx pdpe1gb rdtscp lm constant_tsc arch_perfmon nopl xtopology tsc_reliable nonstop_tsc cpuid pni pclmulqdq ssse3 fma cx16 pcid sse4_1 sse4_2 x2apic movbe popcnt tsc_deadline_timer aes xsave avx f16c rdrand hypervisor lahf_lm abm 3dnowprefetch cpuid_fault invpcid_single pti ssbd ibrs ibpb stibp fsgsbase tsc_adjust bmi1 avx2 smep bmi2 invpcid rdseed adx smap xsaveopt arat flush_l1d arch_capabilities
bugs		: cpu_meltdown spectre_v1 spectre_v2 spec_store_bypass l1tf mds swapgs itlb_multihit
bogomips	: 4415.99
clflush size	: 64
cache_alignment	: 64
address sizes	: 42 bits physical, 48 bits virtual
power management:



Memory: 4k page, physical 8144704k(1004000k free), swap 998396k(4k free)

vm_info: Java HotSpot(TM) 64-Bit Server VM (25.181-b13) for linux-amd64 JRE (1.8.0_181-b13), built on Jul  7 2018 00:56:38 by "java_re" with gcc 4.3.0 20080428 (Red Hat 4.3.0-8)

time: Fri Mar 27 15:39:16 2020
elapsed time: 115 seconds (0d 0h 1m 55s)

