#
# There is insufficient memory for the Java Runtime Environment to continue.
# Native memory allocation (mmap) failed to map 99090432 bytes for committing reserved memory.
# Possible reasons:
#   The system is out of physical RAM or swap space
#   In 32 bit mode, the process size limit was hit
# Possible solutions:
#   Reduce memory load on the system
#   Increase physical memory or swap space
#   Check if swap backing store is full
#   Use 64 bit Java on a 64 bit OS
#   Decrease Java heap size (-Xmx/-Xms)
#   Decrease number of Java threads
#   Decrease Java thread stack sizes (-Xss)
#   Set larger code cache with -XX:ReservedCodeCacheSize=
# This output file may be truncated or incomplete.
#
#  Out of Memory Error (os_linux.cpp:2640), pid=50425, tid=0x00007fac7bafa700
#
# JRE version: Java(TM) SE Runtime Environment (8.0_181-b13) (build 1.8.0_181-b13)
# Java VM: Java HotSpot(TM) 64-Bit Server VM (25.181-b13 mixed mode linux-amd64 compressed oops)
# Failed to write core dump. Core dumps have been disabled. To enable core dumping, try "ulimit -c unlimited" before starting Java again
#

---------------  T H R E A D  ---------------

Current thread (0x00007fac940fb800):  VMThread [stack: 0x00007fac7b9fa000,0x00007fac7bafb000] [id=50451]

Stack: [0x00007fac7b9fa000,0x00007fac7bafb000],  sp=0x00007fac7baf9180,  free space=1020k
Native frames: (J=compiled Java code, j=interpreted, Vv=VM code, C=native code)
V  [libjvm.so+0xad21aa]  VMError::report_and_die()+0x2ba
V  [libjvm.so+0x5022db]  report_vm_out_of_memory(char const*, int, unsigned long, VMErrorType, char const*)+0x8b
V  [libjvm.so+0x92fe33]  os::Linux::commit_memory_impl(char*, unsigned long, bool)+0x123
V  [libjvm.so+0x930059]  os::pd_commit_memory(char*, unsigned long, unsigned long, bool)+0x29
V  [libjvm.so+0x9272ba]  os::commit_memory(char*, unsigned long, unsigned long, bool)+0x2a
V  [libjvm.so+0x99d2e3]  PSVirtualSpace::expand_by(unsigned long)+0x53
V  [libjvm.so+0x99e6e8]  PSYoungGen::resize_generation(unsigned long, unsigned long)+0xf8
V  [libjvm.so+0x99d842]  PSYoungGen::resize(unsigned long, unsigned long)+0x22
V  [libjvm.so+0x99ab1b]  PSScavenge::invoke_no_policy()+0xf3b
V  [libjvm.so+0x995dc5]  PSParallelCompact::invoke(bool)+0x85
V  [libjvm.so+0x488e34]  CollectedHeap::collect_as_vm_thread(GCCause::Cause)+0x114
V  [libjvm.so+0xad3631]  VM_CollectForMetadataAllocation::doit()+0x161
V  [libjvm.so+0xadb745]  VM_Operation::evaluate()+0x55
V  [libjvm.so+0xad9b0a]  VMThread::evaluate_operation(VM_Operation*)+0xba
V  [libjvm.so+0xad9e8e]  VMThread::loop()+0x1ce
V  [libjvm.so+0xada300]  VMThread::run()+0x70
V  [libjvm.so+0x930198]  java_start(Thread*)+0x108

VM_Operation (0x00007fac7ac34f70): CollectForMetadataAllocation, mode: safepoint, requested by thread 0x00007fac9413f000


---------------  P R O C E S S  ---------------

Java Threads: ( => current thread )
  0x000000000090c000 JavaThread "RMI TCP Connection(6)-127.0.0.1" daemon [_thread_in_native, id=50806, stack(0x00007fac79493000,0x00007fac79594000)]
  0x000000000090a800 JavaThread "RMI TCP Connection(4)-127.0.0.1" daemon [_thread_blocked, id=50742, stack(0x00007fac79174000,0x00007fac79275000)]
  0x00007fac6c038000 JavaThread "RMI Scheduler(0)" daemon [_thread_blocked, id=50738, stack(0x00007fac79275000,0x00007fac79376000)]
  0x00007fac6c032800 JavaThread "RMI RenewClean-[127.0.0.1:19810]" daemon [_thread_blocked, id=50731, stack(0x00007fac79376000,0x00007fac79477000)]
  0x00007fac44005000 JavaThread "pool-3-thread-3" [_thread_in_native, id=50668, stack(0x00007fac79594000,0x00007fac79695000)]
  0x00007fac44003800 JavaThread "pool-3-thread-2" [_thread_in_native, id=50667, stack(0x00007fac79695000,0x00007fac79796000)]
  0x00007fac44002800 JavaThread "pool-3-thread-1" [_thread_in_native, id=50663, stack(0x00007fac79796000,0x00007fac79897000)]
  0x00007fac94381800 JavaThread "Thread-3" [_thread_in_native, id=50558, stack(0x00007fac79897000,0x00007fac79998000)]
  0x00007fac9437f800 JavaThread "Thread-2" [_thread_in_native, id=50554, stack(0x00007fac79998000,0x00007fac79a99000)]
  0x00007fac9437e000 JavaThread "process reaper" daemon [_thread_in_native, id=50549, stack(0x00007fac79a99000,0x00007fac79ad2000)]
  0x00007fac94378800 JavaThread "pool-2-thread-1" [_thread_in_native, id=50534, stack(0x00007fac79ad2000,0x00007fac79bd3000)]
  0x00007fac94376000 JavaThread "GC Daemon" daemon [_thread_blocked, id=50531, stack(0x00007fac79bd3000,0x00007fac79cd4000)]
  0x00007fac94373800 JavaThread "RMI Reaper" [_thread_blocked, id=50529, stack(0x00007fac79cd4000,0x00007fac79dd5000)]
  0x00007fac9436a800 JavaThread "RMI TCP Accept-9927" daemon [_thread_in_native, id=50526, stack(0x00007fac79dd5000,0x00007fac79ed6000)]
  0x00007fac94365000 JavaThread "RMI TCP Accept-2030" daemon [_thread_in_native, id=50522, stack(0x00007fac79ed6000,0x00007fac79fd7000)]
  0x00007fac942a3800 JavaThread "logback-3" daemon [_thread_blocked, id=50516, stack(0x00007fac7a1e9000,0x00007fac7a2ea000)]
  0x00007fac942a2000 JavaThread "logback-2" daemon [_thread_blocked, id=50514, stack(0x00007fac7a2ea000,0x00007fac7a3eb000)]
  0x00007fac942a0800 JavaThread "logback-1" daemon [_thread_blocked, id=50510, stack(0x00007fac7a3eb000,0x00007fac7a4ec000)]
  0x00007fac94142000 JavaThread "Service Thread" daemon [_thread_blocked, id=50492, stack(0x00007fac7aa35000,0x00007fac7ab36000)]
  0x00007fac9413f000 JavaThread "C1 CompilerThread1" daemon [_thread_blocked, id=50488, stack(0x00007fac7ab36000,0x00007fac7ac37000)]
  0x00007fac9413c000 JavaThread "C2 CompilerThread0" daemon [_thread_blocked, id=50481, stack(0x00007fac7ac37000,0x00007fac7ad38000)]
  0x00007fac9413a800 JavaThread "Signal Dispatcher" daemon [_thread_blocked, id=50472, stack(0x00007fac7ad38000,0x00007fac7ae39000)]
  0x00007fac94107800 JavaThread "Finalizer" daemon [_thread_blocked, id=50463, stack(0x00007fac7b7f8000,0x00007fac7b8f9000)]
  0x00007fac94105000 JavaThread "Reference Handler" daemon [_thread_blocked, id=50459, stack(0x00007fac7b8f9000,0x00007fac7b9fa000)]
  0x00007fac9400a800 JavaThread "main" [_thread_in_native, id=50434, stack(0x00007fac9bbef000,0x00007fac9bcf0000)]

Other Threads:
=>0x00007fac940fb800 VMThread [stack: 0x00007fac7b9fa000,0x00007fac7bafb000] [id=50451]
  0x00007fac94146800 WatcherThread [stack: 0x00007fac7a934000,0x00007fac7aa35000] [id=50497]

VM state:at safepoint (normal execution)

VM Mutex/Monitor currently owned by a thread:  ([mutex/lock_event])
[0x00007fac94006cc0] Threads_lock - owner thread: 0x00007fac940fb800
[0x00007fac940071c0] Heap_lock - owner thread: 0x00007fac9413f000
[0x00007fac94007740] MethodData_lock - owner thread: 0x00007fac9413f000

Heap:
 PSYoungGen      total 229376K, used 21952K [0x00000000d6900000, 0x00000000e8000000, 0x0000000100000000)
  eden space 199168K, 0% used [0x00000000d6900000,0x00000000d6900000,0x00000000e2b80000)
  from space 30208K, 72% used [0x00000000e4500000,0x00000000e5a70170,0x00000000e6280000)
  to   space 18432K, 0% used [0x00000000e6e00000,0x00000000e6e00000,0x00000000e8000000)
 ParOldGen       total 86016K, used 59398K [0x0000000083a00000, 0x0000000088e00000, 0x00000000d6900000)
  object space 86016K, 69% used [0x0000000083a00000,0x0000000087401a68,0x0000000088e00000)
 Metaspace       used 20694K, capacity 21200K, committed 21248K, reserved 1069056K
  class space    used 2385K, capacity 2550K, committed 2560K, reserved 1048576K

Card table byte_map: [0x00007fac9859a000,0x00007fac9897e000] byte_map_base: 0x00007fac9817d000

Marking Bits: (ParMarkBitMap*) 0x00007fac9b0ba0a0
 Begin Bits: [0x00007fac811d0000, 0x00007fac830e8000)
 End Bits:   [0x00007fac830e8000, 0x00007fac85000000)

Polling page: 0x00007fac9bd0c000

CodeCache: size=245760Kb used=8805Kb max_used=8816Kb free=236954Kb
 bounds [0x00007fac85000000, 0x00007fac858b0000, 0x00007fac94000000]
 total_blobs=2789 nmethods=2315 adapters=387
 compilation: enabled

Compilation events (10 events):
Event: 147.355 Thread 0x00007fac9413c000 2692   !   4       sun.reflect.GeneratedSerializationConstructorAccessor29::newInstance (49 bytes)
Event: 147.356 Thread 0x00007fac9413c000 nmethod 2692 0x00007fac85443750 code [0x00007fac854438c0, 0x00007fac854439f8]
Event: 147.364 Thread 0x00007fac9413c000 2693   !   4       java.io.ObjectInputStream::readObject0 (566 bytes)
Event: 147.382 Thread 0x00007fac9413f000 2695       2       java.io.ObjectInputStream::readArray (453 bytes)
Event: 147.383 Thread 0x00007fac9413f000 nmethod 2695 0x00007fac85616b50 code [0x00007fac85616e80, 0x00007fac85617bb8]
Event: 147.421 Thread 0x00007fac9413f000 2698       3       org.evosuite.coverage.mutation.MutationTestFitness::hashCode (53 bytes)
Event: 147.421 Thread 0x00007fac9413f000 nmethod 2698 0x00007fac85616650 code [0x00007fac856167c0, 0x00007fac85616a68]
Event: 147.510 Thread 0x00007fac9413c000 nmethod 2693 0x00007fac85607190 code [0x00007fac856075a0, 0x00007fac85609460]
Event: 147.510 Thread 0x00007fac9413c000 2697       4       java.util.AbstractSet::hashCode (39 bytes)
Event: 147.556 Thread 0x00007fac9413f000 2700       3       org.evosuite.coverage.method.MethodNoExceptionCoverageTestFitness::equals (65 bytes)

GC Heap History (10 events):
Event: 87.723 GC heap after
Heap after GC invocations=7 (full 1):
 PSYoungGen      total 69120K, used 5111K [0x00000000d6900000, 0x00000000db600000, 0x0000000100000000)
  eden space 64000K, 0% used [0x00000000d6900000,0x00000000d6900000,0x00000000da780000)
  from space 5120K, 99% used [0x00000000dae00000,0x00000000db2fdcb0,0x00000000db300000)
  to   space 6656K, 0% used [0x00000000da780000,0x00000000da780000,0x00000000dae00000)
 ParOldGen       total 86016K, used 6128K [0x0000000083a00000, 0x0000000088e00000, 0x00000000d6900000)
  object space 86016K, 7% used [0x0000000083a00000,0x0000000083ffc2f0,0x0000000088e00000)
 Metaspace       used 13894K, capacity 14306K, committed 14592K, reserved 1062912K
  class space    used 1594K, capacity 1704K, committed 1792K, reserved 1048576K
}
Event: 88.323 GC heap before
{Heap before GC invocations=8 (full 1):
 PSYoungGen      total 69120K, used 69111K [0x00000000d6900000, 0x00000000db600000, 0x0000000100000000)
  eden space 64000K, 100% used [0x00000000d6900000,0x00000000da780000,0x00000000da780000)
  from space 5120K, 99% used [0x00000000dae00000,0x00000000db2fdcb0,0x00000000db300000)
  to   space 6656K, 0% used [0x00000000da780000,0x00000000da780000,0x00000000dae00000)
 ParOldGen       total 86016K, used 6128K [0x0000000083a00000, 0x0000000088e00000, 0x00000000d6900000)
  object space 86016K, 7% used [0x0000000083a00000,0x0000000083ffc2f0,0x0000000088e00000)
 Metaspace       used 13939K, capacity 14370K, committed 14592K, reserved 1062912K
  class space    used 1594K, capacity 1704K, committed 1792K, reserved 1048576K
Event: 88.366 GC heap after
Heap after GC invocations=8 (full 1):
 PSYoungGen      total 70656K, used 6647K [0x00000000d6900000, 0x00000000df400000, 0x0000000100000000)
  eden space 64000K, 0% used [0x00000000d6900000,0x00000000d6900000,0x00000000da780000)
  from space 6656K, 99% used [0x00000000da780000,0x00000000dadfdca0,0x00000000dae00000)
  to   space 7168K, 0% used [0x00000000ded00000,0x00000000ded00000,0x00000000df400000)
 ParOldGen       total 86016K, used 6926K [0x0000000083a00000, 0x0000000088e00000, 0x00000000d6900000)
  object space 86016K, 8% used [0x0000000083a00000,0x00000000840c39e8,0x0000000088e00000)
 Metaspace       used 13939K, capacity 14370K, committed 14592K, reserved 1062912K
  class space    used 1594K, capacity 1704K, committed 1792K, reserved 1048576K
}
Event: 90.628 GC heap before
{Heap before GC invocations=9 (full 1):
 PSYoungGen      total 70656K, used 70647K [0x00000000d6900000, 0x00000000df400000, 0x0000000100000000)
  eden space 64000K, 100% used [0x00000000d6900000,0x00000000da780000,0x00000000da780000)
  from space 6656K, 99% used [0x00000000da780000,0x00000000dadfdca0,0x00000000dae00000)
  to   space 7168K, 0% used [0x00000000ded00000,0x00000000ded00000,0x00000000df400000)
 ParOldGen       total 86016K, used 6926K [0x0000000083a00000, 0x0000000088e00000, 0x00000000d6900000)
  object space 86016K, 8% used [0x0000000083a00000,0x00000000840c39e8,0x0000000088e00000)
 Metaspace       used 16493K, capacity 16968K, committed 17152K, reserved 1064960K
  class space    used 1831K, capacity 1952K, committed 2048K, reserved 1048576K
Event: 90.684 GC heap after
Heap after GC invocations=9 (full 1):
 PSYoungGen      total 131584K, used 7159K [0x00000000d6900000, 0x00000000dfb00000, 0x0000000100000000)
  eden space 124416K, 0% used [0x00000000d6900000,0x00000000d6900000,0x00000000de280000)
  from space 7168K, 99% used [0x00000000ded00000,0x00000000df3fdf50,0x00000000df400000)
  to   space 10752K, 0% used [0x00000000de280000,0x00000000de280000,0x00000000ded00000)
 ParOldGen       total 86016K, used 12984K [0x0000000083a00000, 0x0000000088e00000, 0x00000000d6900000)
  object space 86016K, 15% used [0x0000000083a00000,0x00000000846ae2e0,0x0000000088e00000)
 Metaspace       used 16493K, capacity 16968K, committed 17152K, reserved 1064960K
  class space    used 1831K, capacity 1952K, committed 2048K, reserved 1048576K
}
Event: 105.653 GC heap before
{Heap before GC invocations=10 (full 1):
 PSYoungGen      total 131584K, used 131575K [0x00000000d6900000, 0x00000000dfb00000, 0x0000000100000000)
  eden space 124416K, 100% used [0x00000000d6900000,0x00000000de280000,0x00000000de280000)
  from space 7168K, 99% used [0x00000000ded00000,0x00000000df3fdf50,0x00000000df400000)
  to   space 10752K, 0% used [0x00000000de280000,0x00000000de280000,0x00000000ded00000)
 ParOldGen       total 86016K, used 12984K [0x0000000083a00000, 0x0000000088e00000, 0x00000000d6900000)
  object space 86016K, 15% used [0x0000000083a00000,0x00000000846ae2e0,0x0000000088e00000)
 Metaspace       used 19600K, capacity 20138K, committed 20352K, reserved 1067008K
  class space    used 2250K, capacity 2417K, committed 2432K, reserved 1048576K
Event: 105.816 GC heap after
Heap after GC invocations=10 (full 1):
 PSYoungGen      total 135168K, used 10738K [0x00000000d6900000, 0x00000000e8000000, 0x0000000100000000)
  eden space 124416K, 0% used [0x00000000d6900000,0x00000000d6900000,0x00000000de280000)
  from space 10752K, 99% used [0x00000000de280000,0x00000000decfcb88,0x00000000ded00000)
  to   space 18432K, 0% used [0x00000000e6e00000,0x00000000e6e00000,0x00000000e8000000)
 ParOldGen       total 86016K, used 29647K [0x0000000083a00000, 0x0000000088e00000, 0x00000000d6900000)
  object space 86016K, 34% used [0x0000000083a00000,0x00000000856f3e30,0x0000000088e00000)
 Metaspace       used 19600K, capacity 20138K, committed 20352K, reserved 1067008K
  class space    used 2250K, capacity 2417K, committed 2432K, reserved 1048576K
}
Event: 116.769 GC heap before
{Heap before GC invocations=11 (full 1):
 PSYoungGen      total 135168K, used 135154K [0x00000000d6900000, 0x00000000e8000000, 0x0000000100000000)
  eden space 124416K, 100% used [0x00000000d6900000,0x00000000de280000,0x00000000de280000)
  from space 10752K, 99% used [0x00000000de280000,0x00000000decfcb88,0x00000000ded00000)
  to   space 18432K, 0% used [0x00000000e6e00000,0x00000000e6e00000,0x00000000e8000000)
 ParOldGen       total 86016K, used 29647K [0x0000000083a00000, 0x0000000088e00000, 0x00000000d6900000)
  object space 86016K, 34% used [0x0000000083a00000,0x00000000856f3e30,0x0000000088e00000)
 Metaspace       used 20591K, capacity 21122K, committed 21248K, reserved 1069056K
  class space    used 2383K, capacity 2549K, committed 2560K, reserved 1048576K
Event: 117.298 GC heap after
Heap after GC invocations=11 (full 1):
 PSYoungGen      total 217600K, used 18415K [0x00000000d6900000, 0x00000000e8000000, 0x0000000100000000)
  eden space 199168K, 0% used [0x00000000d6900000,0x00000000d6900000,0x00000000e2b80000)
  from space 18432K, 99% used [0x00000000e6e00000,0x00000000e7ffbfb8,0x00000000e8000000)
  to   space 30208K, 0% used [0x00000000e4500000,0x00000000e4500000,0x00000000e6280000)
 ParOldGen       total 86016K, used 53496K [0x0000000083a00000, 0x0000000088e00000, 0x00000000d6900000)
  object space 86016K, 62% used [0x0000000083a00000,0x0000000086e3e158,0x0000000088e00000)
 Metaspace       used 20591K, capacity 21122K, committed 21248K, reserved 1069056K
  class space    used 2383K, capacity 2549K, committed 2560K, reserved 1048576K
}
Event: 147.557 GC heap before
{Heap before GC invocations=12 (full 1):
 PSYoungGen      total 217600K, used 77865K [0x00000000d6900000, 0x00000000e8000000, 0x0000000100000000)
  eden space 199168K, 29% used [0x00000000d6900000,0x00000000da30e690,0x00000000e2b80000)
  from space 18432K, 99% used [0x00000000e6e00000,0x00000000e7ffbfb8,0x00000000e8000000)
  to   space 30208K, 0% used [0x00000000e4500000,0x00000000e4500000,0x00000000e6280000)
 ParOldGen       total 86016K, used 53496K [0x0000000083a00000, 0x0000000088e00000, 0x00000000d6900000)
  object space 86016K, 62% used [0x0000000083a00000,0x0000000086e3e158,0x0000000088e00000)
 Metaspace       used 20694K, capacity 21200K, committed 21248K, reserved 1069056K
  class space    used 2385K, capacity 2550K, committed 2560K, reserved 1048576K

Deoptimization events (10 events):
Event: 113.863 Thread 0x000000000090c000 Uncommon trap: reason=predicate action=maybe_recompile pc=0x00007fac8587e70c method=java.io.ObjectInputStream.readArray(Z)Ljava/lang/Object; @ 406
Event: 146.559 Thread 0x000000000090c000 Uncommon trap: reason=unstable_if action=reinterpret pc=0x00007fac857a6c5c method=java.lang.Math.min(JJ)J @ 3
Event: 146.737 Thread 0x000000000090c000 Uncommon trap: reason=unstable_if action=reinterpret pc=0x00007fac853409b4 method=java.lang.Math.min(JJ)J @ 3
Event: 147.340 Thread 0x000000000090a800 Uncommon trap: reason=unstable_if action=reinterpret pc=0x00007fac855f1ff4 method=java.io.ObjectStreamClass.computeFieldOffsets()V @ 251
Event: 147.381 Thread 0x000000000090a800 Uncommon trap: reason=array_check action=maybe_recompile pc=0x00007fac8574ae20 method=java.io.ObjectInputStream.readArray(Z)Ljava/lang/Object; @ 415
Event: 147.381 Thread 0x000000000090a800 Uncommon trap: reason=array_check action=maybe_recompile pc=0x00007fac8574ae20 method=java.io.ObjectInputStream.readArray(Z)Ljava/lang/Object; @ 415
Event: 147.381 Thread 0x000000000090a800 Uncommon trap: reason=array_check action=maybe_recompile pc=0x00007fac8574ae20 method=java.io.ObjectInputStream.readArray(Z)Ljava/lang/Object; @ 415
Event: 147.381 Thread 0x000000000090a800 Uncommon trap: reason=array_check action=maybe_recompile pc=0x00007fac8574ae20 method=java.io.ObjectInputStream.readArray(Z)Ljava/lang/Object; @ 415
Event: 147.485 Thread 0x000000000090a800 Uncommon trap: reason=null_check action=make_not_entrant pc=0x00007fac8554ee9c method=java.io.ObjectStreamClass.lookup(Ljava/lang/Class;Z)Ljava/io/ObjectStreamClass; @ 45
Event: 147.486 Thread 0x000000000090a800 Uncommon trap: reason=null_check action=make_not_entrant pc=0x00007fac85613100 method=java.io.ObjectStreamClass.getReflector([Ljava/io/ObjectStreamField;Ljava/io/ObjectStreamClass;)Ljava/io/ObjectStreamClass$FieldReflector; @ 49

Classes redefined (0 events):
No events

Internal exceptions (10 events):
Event: 121.854 Thread 0x00007fac942a2000 Exception <a 'java/net/ConnectException'> (0x00000000d82f5c60) thrown at [/HUDSON/workspace/8-2-build-linux-amd64/jdk8u181/11358/hotspot/src/share/vm/prims/jni.cpp, line 709]
Event: 121.916 Thread 0x00007fac942a3800 Exception <a 'java/net/ConnectException'> (0x00000000d837e948) thrown at [/HUDSON/workspace/8-2-build-linux-amd64/jdk8u181/11358/hotspot/src/share/vm/prims/jni.cpp, line 709]
Event: 131.838 Thread 0x00007fac942a0800 Exception <a 'java/net/ConnectException'> (0x00000000d826dc68) thrown at [/HUDSON/workspace/8-2-build-linux-amd64/jdk8u181/11358/hotspot/src/share/vm/prims/jni.cpp, line 709]
Event: 131.855 Thread 0x00007fac942a2000 Exception <a 'java/net/ConnectException'> (0x00000000d82f6788) thrown at [/HUDSON/workspace/8-2-build-linux-amd64/jdk8u181/11358/hotspot/src/share/vm/prims/jni.cpp, line 709]
Event: 131.917 Thread 0x00007fac942a3800 Exception <a 'java/net/ConnectException'> (0x00000000d837f470) thrown at [/HUDSON/workspace/8-2-build-linux-amd64/jdk8u181/11358/hotspot/src/share/vm/prims/jni.cpp, line 709]
Event: 141.839 Thread 0x00007fac942a0800 Exception <a 'java/net/ConnectException'> (0x00000000d826e790) thrown at [/HUDSON/workspace/8-2-build-linux-amd64/jdk8u181/11358/hotspot/src/share/vm/prims/jni.cpp, line 709]
Event: 141.856 Thread 0x00007fac942a2000 Exception <a 'java/net/ConnectException'> (0x00000000d82f72b0) thrown at [/HUDSON/workspace/8-2-build-linux-amd64/jdk8u181/11358/hotspot/src/share/vm/prims/jni.cpp, line 709]
Event: 141.918 Thread 0x00007fac942a3800 Exception <a 'java/net/ConnectException'> (0x00000000d837ff98) thrown at [/HUDSON/workspace/8-2-build-linux-amd64/jdk8u181/11358/hotspot/src/share/vm/prims/jni.cpp, line 709]
Event: 147.485 Thread 0x000000000090a800 Implicit null exception at 0x00007fac8554ed45 to 0x00007fac8554ee8e
Event: 147.486 Thread 0x000000000090a800 Implicit null exception at 0x00007fac85612a41 to 0x00007fac856130f2

Events (10 events):
Event: 147.381 Thread 0x000000000090a800 DEOPT UNPACKING pc=0x00007fac8504573a sp=0x00007fac79270510 mode 2
Event: 147.483 loading class org/evosuite/testcase/variable/ConstantValue
Event: 147.483 loading class org/evosuite/testcase/variable/ConstantValue done
Event: 147.485 Thread 0x000000000090a800 Uncommon trap: trap_request=0xfffffff4 fr.pc=0x00007fac8554ee9c
Event: 147.485 Thread 0x000000000090a800 DEOPT PACKING pc=0x00007fac8554ee9c sp=0x00007fac7926fb70
Event: 147.485 Thread 0x000000000090a800 DEOPT UNPACKING pc=0x00007fac8504573a sp=0x00007fac7926fb28 mode 2
Event: 147.486 Thread 0x000000000090a800 Uncommon trap: trap_request=0xfffffff4 fr.pc=0x00007fac85613100
Event: 147.486 Thread 0x000000000090a800 DEOPT PACKING pc=0x00007fac85613100 sp=0x00007fac7926f9f0
Event: 147.486 Thread 0x000000000090a800 DEOPT UNPACKING pc=0x00007fac8504573a sp=0x00007fac7926fa00 mode 2
Event: 147.557 Executing VM operation: CollectForMetadataAllocation


Dynamic libraries:
00400000-00401000 r-xp 00000000 08:01 1448396                            /usr/lib/jvm/jdk1.8.0_181/bin/java
00600000-00601000 rw-p 00000000 08:01 1448396                            /usr/lib/jvm/jdk1.8.0_181/bin/java
00908000-00929000 rw-p 00000000 00:00 0                                  [heap]
83a00000-88e00000 rw-p 00000000 00:00 0 
88e00000-d6900000 ---p 00000000 00:00 0 
d6900000-e8000000 rw-p 00000000 00:00 0 
ede80000-100000000 ---p 00000000 00:00 0 
100000000-100280000 rw-p 00000000 00:00 0 
100280000-140000000 ---p 00000000 00:00 0 
7fac3c000000-7fac3c021000 rw-p 00000000 00:00 0 
7fac3c021000-7fac40000000 ---p 00000000 00:00 0 
7fac44000000-7fac44021000 rw-p 00000000 00:00 0 
7fac44021000-7fac48000000 ---p 00000000 00:00 0 
7fac48000000-7fac48021000 rw-p 00000000 00:00 0 
7fac48021000-7fac4c000000 ---p 00000000 00:00 0 
7fac4c000000-7fac4c021000 rw-p 00000000 00:00 0 
7fac4c021000-7fac50000000 ---p 00000000 00:00 0 
7fac50000000-7fac50021000 rw-p 00000000 00:00 0 
7fac50021000-7fac54000000 ---p 00000000 00:00 0 
7fac54fff000-7fac58000000 rw-p 00000000 00:00 0 
7fac58000000-7fac58d92000 rw-p 00000000 00:00 0 
7fac58d92000-7fac5c000000 ---p 00000000 00:00 0 
7fac5c000000-7fac5c021000 rw-p 00000000 00:00 0 
7fac5c021000-7fac60000000 ---p 00000000 00:00 0 
7fac60000000-7fac60021000 rw-p 00000000 00:00 0 
7fac60021000-7fac64000000 ---p 00000000 00:00 0 
7fac64000000-7fac66944000 rw-p 00000000 00:00 0 
7fac66944000-7fac68000000 ---p 00000000 00:00 0 
7fac68000000-7fac68021000 rw-p 00000000 00:00 0 
7fac68021000-7fac6c000000 ---p 00000000 00:00 0 
7fac6c000000-7fac6c03b000 rw-p 00000000 00:00 0 
7fac6c03b000-7fac70000000 ---p 00000000 00:00 0 
7fac70000000-7fac70292000 rw-p 00000000 00:00 0 
7fac70292000-7fac74000000 ---p 00000000 00:00 0 
7fac74000000-7fac7445c000 rw-p 00000000 00:00 0 
7fac7445c000-7fac78000000 ---p 00000000 00:00 0 
7fac78761000-7fac787a1000 rw-p 00000000 00:00 0 
7fac787a1000-7fac78961000 ---p 00000000 00:00 0 
7fac78961000-7fac78b61000 rw-p 00000000 00:00 0 
7fac78b61000-7fac78d61000 rw-p 00000000 00:00 0 
7fac78d61000-7fac78d74000 r--s 00345000 08:01 2756119                    /usr/lib/jvm/jdk1.8.0_181/jre/lib/resources.jar
7fac78d74000-7fac78f74000 rw-p 00000000 00:00 0 
7fac78f74000-7fac79174000 rw-p 00000000 00:00 0 
7fac79174000-7fac79177000 ---p 00000000 00:00 0 
7fac79177000-7fac79275000 rw-p 00000000 00:00 0 
7fac79275000-7fac79278000 ---p 00000000 00:00 0 
7fac79278000-7fac79376000 rw-p 00000000 00:00 0 
7fac79376000-7fac79379000 ---p 00000000 00:00 0 
7fac79379000-7fac79477000 rw-p 00000000 00:00 0 
7fac79477000-7fac79493000 r--s 00393000 08:01 2756136                    /usr/lib/jvm/jdk1.8.0_181/jre/lib/ext/cldrdata.jar
7fac79493000-7fac79496000 ---p 00000000 00:00 0 
7fac79496000-7fac79594000 rw-p 00000000 00:00 0 
7fac79594000-7fac79597000 ---p 00000000 00:00 0 
7fac79597000-7fac79695000 rw-p 00000000 00:00 0 
7fac79695000-7fac79698000 ---p 00000000 00:00 0 
7fac79698000-7fac79796000 rw-p 00000000 00:00 0 
7fac79796000-7fac79799000 ---p 00000000 00:00 0 
7fac79799000-7fac79897000 rw-p 00000000 00:00 0 
7fac79897000-7fac7989a000 ---p 00000000 00:00 0 
7fac7989a000-7fac79998000 rw-p 00000000 00:00 0 
7fac79998000-7fac7999b000 ---p 00000000 00:00 0 
7fac7999b000-7fac79a99000 rw-p 00000000 00:00 0 
7fac79a99000-7fac79a9c000 ---p 00000000 00:00 0 
7fac79a9c000-7fac79ad2000 rw-p 00000000 00:00 0 
7fac79ad2000-7fac79ad5000 ---p 00000000 00:00 0 
7fac79ad5000-7fac79bd3000 rw-p 00000000 00:00 0 
7fac79bd3000-7fac79bd6000 ---p 00000000 00:00 0 
7fac79bd6000-7fac79cd4000 rw-p 00000000 00:00 0 
7fac79cd4000-7fac79cd7000 ---p 00000000 00:00 0 
7fac79cd7000-7fac79dd5000 rw-p 00000000 00:00 0 
7fac79dd5000-7fac79dd8000 ---p 00000000 00:00 0 
7fac79dd8000-7fac79ed6000 rw-p 00000000 00:00 0 
7fac79ed6000-7fac79ed9000 ---p 00000000 00:00 0 
7fac79ed9000-7fac7a1d7000 rw-p 00000000 00:00 0 
7fac7a1d7000-7fac7a1e9000 r--s 00169000 08:01 3032675                    /home/whj/dowork/DiffTGen/extra_output/Chart_1_2_sequencer/target/build/classes/all0.jar
7fac7a1e9000-7fac7a1ec000 ---p 00000000 00:00 0 
7fac7a1ec000-7fac7a2ea000 rw-p 00000000 00:00 0 
7fac7a2ea000-7fac7a2ed000 ---p 00000000 00:00 0 
7fac7a2ed000-7fac7a3eb000 rw-p 00000000 00:00 0 
7fac7a3eb000-7fac7a3ee000 ---p 00000000 00:00 0 
7fac7a3ee000-7fac7a4ec000 rw-p 00000000 00:00 0 
7fac7a4ec000-7fac7a502000 r-xp 00000000 08:01 2756237                    /usr/lib/jvm/jdk1.8.0_181/jre/lib/amd64/libnet.so
7fac7a502000-7fac7a702000 ---p 00016000 08:01 2756237                    /usr/lib/jvm/jdk1.8.0_181/jre/lib/amd64/libnet.so
7fac7a702000-7fac7a703000 rw-p 00016000 08:01 2756237                    /usr/lib/jvm/jdk1.8.0_181/jre/lib/amd64/libnet.so
7fac7a703000-7fac7a934000 r--s 01bb1000 08:01 1706762                    /home/whj/dowork/DiffTGen/lib/evosuite-1.0.6.jar
7fac7a934000-7fac7a935000 ---p 00000000 00:00 0 
7fac7a935000-7fac7aa35000 rw-p 00000000 00:00 0 
7fac7aa35000-7fac7aa38000 ---p 00000000 00:00 0 
7fac7aa38000-7fac7ab36000 rw-p 00000000 00:00 0 
7fac7ab36000-7fac7ab39000 ---p 00000000 00:00 0 
7fac7ab39000-7fac7ac37000 rw-p 00000000 00:00 0 
7fac7ac37000-7fac7ac3a000 ---p 00000000 00:00 0 
7fac7ac3a000-7fac7ad38000 rw-p 00000000 00:00 0 
7fac7ad38000-7fac7ad3b000 ---p 00000000 00:00 0 
7fac7ad3b000-7fac7ae39000 rw-p 00000000 00:00 0 
7fac7ae39000-7fac7b7f8000 r--p 00000000 08:01 1316108                    /usr/lib/locale/locale-archive
7fac7b7f8000-7fac7b7fb000 ---p 00000000 00:00 0 
7fac7b7fb000-7fac7b8f9000 rw-p 00000000 00:00 0 
7fac7b8f9000-7fac7b8fc000 ---p 00000000 00:00 0 
7fac7b8fc000-7fac7b9fa000 rw-p 00000000 00:00 0 
7fac7b9fa000-7fac7b9fb000 ---p 00000000 00:00 0 
7fac7b9fb000-7fac7c000000 rw-p 00000000 00:00 0 
7fac7c000000-7fac7c094000 rw-p 00000000 00:00 0 
7fac7c094000-7fac80000000 ---p 00000000 00:00 0 
7fac8000f000-7fac80413000 rw-p 00000000 00:00 0 
7fac80413000-7fac805ed000 r--s 03d6b000 08:01 2756084                    /usr/lib/jvm/jdk1.8.0_181/jre/lib/rt.jar
7fac805ed000-7fac85000000 rw-p 00000000 00:00 0 
7fac85000000-7fac858b0000 rwxp 00000000 00:00 0 
7fac858b0000-7fac94000000 ---p 00000000 00:00 0 
7fac94000000-7fac9447c000 rw-p 00000000 00:00 0 
7fac9447c000-7fac98000000 ---p 00000000 00:00 0 
7fac98011000-7fac9808a000 r--s 010f9000 08:01 1448503                    /usr/lib/jvm/jdk1.8.0_181/lib/tools.jar
7fac9808a000-7fac98100000 rw-p 00000000 00:00 0 
7fac98100000-7fac98101000 ---p 00000000 00:00 0 
7fac98101000-7fac98201000 rw-p 00000000 00:00 0 
7fac98201000-7fac98202000 ---p 00000000 00:00 0 
7fac98202000-7fac9832c000 rw-p 00000000 00:00 0 
7fac9832c000-7fac9859a000 ---p 00000000 00:00 0 
7fac9859a000-7fac985c4000 rw-p 00000000 00:00 0 
7fac985c4000-7fac98831000 ---p 00000000 00:00 0 
7fac98831000-7fac988bd000 rw-p 00000000 00:00 0 
7fac988bd000-7fac9897d000 ---p 00000000 00:00 0 
7fac9897d000-7fac989a1000 rw-p 00000000 00:00 0 
7fac989a1000-7fac98d3e000 ---p 00000000 00:00 0 
7fac98d3e000-7fac98d59000 r-xp 00000000 08:01 2756233                    /usr/lib/jvm/jdk1.8.0_181/jre/lib/amd64/libzip.so
7fac98d59000-7fac98f59000 ---p 0001b000 08:01 2756233                    /usr/lib/jvm/jdk1.8.0_181/jre/lib/amd64/libzip.so
7fac98f59000-7fac98f5a000 rw-p 0001b000 08:01 2756233                    /usr/lib/jvm/jdk1.8.0_181/jre/lib/amd64/libzip.so
7fac98f5a000-7fac98f65000 r-xp 00000000 08:01 1054188                    /lib/x86_64-linux-gnu/libnss_files-2.23.so
7fac98f65000-7fac99164000 ---p 0000b000 08:01 1054188                    /lib/x86_64-linux-gnu/libnss_files-2.23.so
7fac99164000-7fac99165000 r--p 0000a000 08:01 1054188                    /lib/x86_64-linux-gnu/libnss_files-2.23.so
7fac99165000-7fac99166000 rw-p 0000b000 08:01 1054188                    /lib/x86_64-linux-gnu/libnss_files-2.23.so
7fac99166000-7fac9916c000 rw-p 00000000 00:00 0 
7fac9916c000-7fac99177000 r-xp 00000000 08:01 1054198                    /lib/x86_64-linux-gnu/libnss_nis-2.23.so
7fac99177000-7fac99376000 ---p 0000b000 08:01 1054198                    /lib/x86_64-linux-gnu/libnss_nis-2.23.so
7fac99376000-7fac99377000 r--p 0000a000 08:01 1054198                    /lib/x86_64-linux-gnu/libnss_nis-2.23.so
7fac99377000-7fac99378000 rw-p 0000b000 08:01 1054198                    /lib/x86_64-linux-gnu/libnss_nis-2.23.so
7fac99378000-7fac9938e000 r-xp 00000000 08:01 1054182                    /lib/x86_64-linux-gnu/libnsl-2.23.so
7fac9938e000-7fac9958d000 ---p 00016000 08:01 1054182                    /lib/x86_64-linux-gnu/libnsl-2.23.so
7fac9958d000-7fac9958e000 r--p 00015000 08:01 1054182                    /lib/x86_64-linux-gnu/libnsl-2.23.so
7fac9958e000-7fac9958f000 rw-p 00016000 08:01 1054182                    /lib/x86_64-linux-gnu/libnsl-2.23.so
7fac9958f000-7fac99591000 rw-p 00000000 00:00 0 
7fac99591000-7fac99599000 r-xp 00000000 08:01 1054184                    /lib/x86_64-linux-gnu/libnss_compat-2.23.so
7fac99599000-7fac99798000 ---p 00008000 08:01 1054184                    /lib/x86_64-linux-gnu/libnss_compat-2.23.so
7fac99798000-7fac99799000 r--p 00007000 08:01 1054184                    /lib/x86_64-linux-gnu/libnss_compat-2.23.so
7fac99799000-7fac9979a000 rw-p 00008000 08:01 1054184                    /lib/x86_64-linux-gnu/libnss_compat-2.23.so
7fac9979a000-7fac997c5000 r-xp 00000000 08:01 2756227                    /usr/lib/jvm/jdk1.8.0_181/jre/lib/amd64/libjava.so
7fac997c5000-7fac999c4000 ---p 0002b000 08:01 2756227                    /usr/lib/jvm/jdk1.8.0_181/jre/lib/amd64/libjava.so
7fac999c4000-7fac999c6000 rw-p 0002a000 08:01 2756227                    /usr/lib/jvm/jdk1.8.0_181/jre/lib/amd64/libjava.so
7fac999c6000-7fac999d3000 r-xp 00000000 08:01 2756232                    /usr/lib/jvm/jdk1.8.0_181/jre/lib/amd64/libverify.so
7fac999d3000-7fac99bd3000 ---p 0000d000 08:01 2756232                    /usr/lib/jvm/jdk1.8.0_181/jre/lib/amd64/libverify.so
7fac99bd3000-7fac99bd5000 rw-p 0000d000 08:01 2756232                    /usr/lib/jvm/jdk1.8.0_181/jre/lib/amd64/libverify.so
7fac99bd5000-7fac99bdc000 r-xp 00000000 08:01 1054243                    /lib/x86_64-linux-gnu/librt-2.23.so
7fac99bdc000-7fac99ddb000 ---p 00007000 08:01 1054243                    /lib/x86_64-linux-gnu/librt-2.23.so
7fac99ddb000-7fac99ddc000 r--p 00006000 08:01 1054243                    /lib/x86_64-linux-gnu/librt-2.23.so
7fac99ddc000-7fac99ddd000 rw-p 00007000 08:01 1054243                    /lib/x86_64-linux-gnu/librt-2.23.so
7fac99ddd000-7fac99ee5000 r-xp 00000000 08:01 1054159                    /lib/x86_64-linux-gnu/libm-2.23.so
7fac99ee5000-7fac9a0e4000 ---p 00108000 08:01 1054159                    /lib/x86_64-linux-gnu/libm-2.23.so
7fac9a0e4000-7fac9a0e5000 r--p 00107000 08:01 1054159                    /lib/x86_64-linux-gnu/libm-2.23.so
7fac9a0e5000-7fac9a0e6000 rw-p 00108000 08:01 1054159                    /lib/x86_64-linux-gnu/libm-2.23.so
7fac9a0e6000-7fac9adc2000 r-xp 00000000 08:01 2756209                    /usr/lib/jvm/jdk1.8.0_181/jre/lib/amd64/server/libjvm.so
7fac9adc2000-7fac9afc2000 ---p 00cdc000 08:01 2756209                    /usr/lib/jvm/jdk1.8.0_181/jre/lib/amd64/server/libjvm.so
7fac9afc2000-7fac9b09c000 rw-p 00cdc000 08:01 2756209                    /usr/lib/jvm/jdk1.8.0_181/jre/lib/amd64/server/libjvm.so
7fac9b09c000-7fac9b0e7000 rw-p 00000000 00:00 0 
7fac9b0e7000-7fac9b2a7000 r-xp 00000000 08:01 1054089                    /lib/x86_64-linux-gnu/libc-2.23.so
7fac9b2a7000-7fac9b4a7000 ---p 001c0000 08:01 1054089                    /lib/x86_64-linux-gnu/libc-2.23.so
7fac9b4a7000-7fac9b4ab000 r--p 001c0000 08:01 1054089                    /lib/x86_64-linux-gnu/libc-2.23.so
7fac9b4ab000-7fac9b4ad000 rw-p 001c4000 08:01 1054089                    /lib/x86_64-linux-gnu/libc-2.23.so
7fac9b4ad000-7fac9b4b1000 rw-p 00000000 00:00 0 
7fac9b4b1000-7fac9b4b4000 r-xp 00000000 08:01 1054113                    /lib/x86_64-linux-gnu/libdl-2.23.so
7fac9b4b4000-7fac9b6b3000 ---p 00003000 08:01 1054113                    /lib/x86_64-linux-gnu/libdl-2.23.so
7fac9b6b3000-7fac9b6b4000 r--p 00002000 08:01 1054113                    /lib/x86_64-linux-gnu/libdl-2.23.so
7fac9b6b4000-7fac9b6b5000 rw-p 00003000 08:01 1054113                    /lib/x86_64-linux-gnu/libdl-2.23.so
7fac9b6b5000-7fac9b6cb000 r-xp 00000000 08:01 1449032                    /usr/lib/jvm/jdk1.8.0_181/lib/amd64/jli/libjli.so
7fac9b6cb000-7fac9b8ca000 ---p 00016000 08:01 1449032                    /usr/lib/jvm/jdk1.8.0_181/lib/amd64/jli/libjli.so
7fac9b8ca000-7fac9b8cb000 rw-p 00015000 08:01 1449032                    /usr/lib/jvm/jdk1.8.0_181/lib/amd64/jli/libjli.so
7fac9b8cb000-7fac9b8e3000 r-xp 00000000 08:01 1054235                    /lib/x86_64-linux-gnu/libpthread-2.23.so
7fac9b8e3000-7fac9bae2000 ---p 00018000 08:01 1054235                    /lib/x86_64-linux-gnu/libpthread-2.23.so
7fac9bae2000-7fac9bae3000 r--p 00017000 08:01 1054235                    /lib/x86_64-linux-gnu/libpthread-2.23.so
7fac9bae3000-7fac9bae4000 rw-p 00018000 08:01 1054235                    /lib/x86_64-linux-gnu/libpthread-2.23.so
7fac9bae4000-7fac9bae8000 rw-p 00000000 00:00 0 
7fac9bae8000-7fac9bb0e000 r-xp 00000000 08:01 1054061                    /lib/x86_64-linux-gnu/ld-2.23.so
7fac9bb14000-7fac9bb1e000 r--s 00116000 08:01 2756143                    /usr/lib/jvm/jdk1.8.0_181/jre/lib/ext/localedata.jar
7fac9bb1e000-7fac9bbef000 rw-p 00000000 00:00 0 
7fac9bbef000-7fac9bbf2000 ---p 00000000 00:00 0 
7fac9bbf2000-7fac9bcf5000 rw-p 00000000 00:00 0 
7fac9bcf5000-7fac9bcfa000 r--s 0009d000 08:01 2756133                    /usr/lib/jvm/jdk1.8.0_181/jre/lib/jsse.jar
7fac9bcfa000-7fac9bd02000 r--s 0006e000 08:01 2248917                    /home/whj/dowork/DiffTGen/lib/commons-lang3-3.5.jar
7fac9bd02000-7fac9bd03000 r--s 00000000 08:01 2248922                    /home/whj/dowork/DiffTGen/lib/myprinter.jar
7fac9bd03000-7fac9bd0b000 rw-s 00000000 08:01 1984669                    /tmp/hsperfdata_whj/50425
7fac9bd0b000-7fac9bd0c000 rw-p 00000000 00:00 0 
7fac9bd0c000-7fac9bd0d000 ---p 00000000 00:00 0 
7fac9bd0d000-7fac9bd0e000 r--p 00025000 08:01 1054061                    /lib/x86_64-linux-gnu/ld-2.23.so
7fac9bd0e000-7fac9bd0f000 rw-p 00026000 08:01 1054061                    /lib/x86_64-linux-gnu/ld-2.23.so
7fac9bd0f000-7fac9bd10000 rw-p 00000000 00:00 0 
7ffd5cc81000-7ffd5cca3000 rw-p 00000000 00:00 0                          [stack]
7ffd5ccd3000-7ffd5ccd6000 r--p 00000000 00:00 0                          [vvar]
7ffd5ccd6000-7ffd5ccd8000 r-xp 00000000 00:00 0                          [vdso]
ffffffffff600000-ffffffffff601000 r-xp 00000000 00:00 0                  [vsyscall]

VM Arguments:
java_command: /home/whj/dowork/DiffTGen/lib/evosuite-1.0.6.jar -base_dir /home/whj/dowork/DiffTGen/extra_output/Chart_1_2_sequencer/target/0/28 -projectCP /home/whj/dowork/DiffTGen/extra_output/Chart_1_2_sequencer/target/build/classes/all0.jar:/home/whj/dowork/DiffTGen/lib/myprinter.jar:/home/whj/dowork/DiffTGen/lib/commons-lang3-3.5.jar -class org.jfree.chart.renderer.category.AbstractCategoryItemRenderer -Dassertions=false -Dsearch_budget=60
java_class_path (initial): /home/whj/dowork/DiffTGen/lib/evosuite-1.0.6.jar
Launcher Type: SUN_STANDARD

Environment Variables:
JAVA_HOME=/usr/lib/jvm/jdk1.8.0_181
JRE_HOME=/usr/lib/jvm/jdk1.8.0_181/jre
CLASSPATH=.:/usr/lib/jvm/jdk1.8.0_181/lib:/usr/lib/jvm/jdk1.8.0_181/jre/lib
PATH=/home/whj/perl5/bin:/home/whj/dowork/defects4j-1.2.0/framework/bin:/usr/lib/jvm/jdk1.8.0_181/bin:/usr/lib/jvm/jdk1.8.0_181/jre/bin:/home/whj/bin:/home/whj/.local/bin:/usr/local/sbin:/usr/local/bin:/usr/sbin:/usr/bin:/sbin:/bin:/usr/games:/usr/local/games" :/snap/bin:/home/whj/bin
SHELL=/bin/bash
DISPLAY=:0

Signal Handlers:
SIGSEGV: [libjvm.so+0xad2a40], sa_mask[0]=11111111011111111101111111111110, sa_flags=SA_RESTART|SA_SIGINFO
SIGBUS: [libjvm.so+0xad2a40], sa_mask[0]=11111111011111111101111111111110, sa_flags=SA_RESTART|SA_SIGINFO
SIGFPE: [libjvm.so+0x92a610], sa_mask[0]=11111111011111111101111111111110, sa_flags=SA_RESTART|SA_SIGINFO
SIGPIPE: [libjvm.so+0x92a610], sa_mask[0]=11111111011111111101111111111110, sa_flags=SA_RESTART|SA_SIGINFO
SIGXFSZ: [libjvm.so+0x92a610], sa_mask[0]=11111111011111111101111111111110, sa_flags=SA_RESTART|SA_SIGINFO
SIGILL: [libjvm.so+0x92a610], sa_mask[0]=11111111011111111101111111111110, sa_flags=SA_RESTART|SA_SIGINFO
SIGUSR1: SIG_DFL, sa_mask[0]=00000000000000000000000000000000, sa_flags=none
SIGUSR2: [libjvm.so+0x92be70], sa_mask[0]=00100000000000000000000000000000, sa_flags=SA_RESTART|SA_SIGINFO
SIGHUP: [libjvm.so+0x92d270], sa_mask[0]=11111111011111111101111111111110, sa_flags=SA_RESTART|SA_SIGINFO
SIGINT: [libjvm.so+0x92d270], sa_mask[0]=11111111011111111101111111111110, sa_flags=SA_RESTART|SA_SIGINFO
SIGTERM: [libjvm.so+0x92d270], sa_mask[0]=11111111011111111101111111111110, sa_flags=SA_RESTART|SA_SIGINFO
SIGQUIT: [libjvm.so+0x92d270], sa_mask[0]=11111111011111111101111111111110, sa_flags=SA_RESTART|SA_SIGINFO


---------------  S Y S T E M  ---------------

OS:DISTRIB_ID=Ubuntu
DISTRIB_RELEASE=16.04
DISTRIB_CODENAME=xenial
DISTRIB_DESCRIPTION="Ubuntu 16.04.6 LTS"

uname:Linux 4.15.0-91-generic #92~16.04.1-Ubuntu SMP Fri Feb 28 14:57:22 UTC 2020 x86_64
libc:glibc 2.23 NPTL 2.23 
rlimit: STACK 8192k, CORE 0k, NPROC 31576, NOFILE 1048576, AS infinity
load average:15.08 14.55 14.52

/proc/meminfo:
MemTotal:        8144704 kB
MemFree:          124864 kB
MemAvailable:      20576 kB
Buffers:             168 kB
Cached:            33636 kB
SwapCached:        22908 kB
Active:          7067892 kB
Inactive:         500896 kB
Active(anon):    7046324 kB
Inactive(anon):   488780 kB
Active(file):      21568 kB
Inactive(file):    12116 kB
Unevictable:          32 kB
Mlocked:              32 kB
SwapTotal:        998396 kB
SwapFree:          15312 kB
Dirty:               256 kB
Writeback:             0 kB
AnonPages:       7512476 kB
Mapped:            30632 kB
Shmem:                 8 kB
Slab:              87604 kB
SReclaimable:      31384 kB
SUnreclaim:        56220 kB
KernelStack:       14016 kB
PageTables:        47588 kB
NFS_Unstable:          0 kB
Bounce:                0 kB
WritebackTmp:          0 kB
CommitLimit:     5070748 kB
Committed_AS:   13645960 kB
VmallocTotal:   34359738367 kB
VmallocUsed:           0 kB
VmallocChunk:          0 kB
HardwareCorrupted:     0 kB
AnonHugePages:         0 kB
ShmemHugePages:        0 kB
ShmemPmdMapped:        0 kB
CmaTotal:              0 kB
CmaFree:               0 kB
HugePages_Total:       0
HugePages_Free:        0
HugePages_Rsvd:        0
HugePages_Surp:        0
Hugepagesize:       2048 kB
DirectMap4k:      126784 kB
DirectMap2M:     7213056 kB
DirectMap1G:     3145728 kB


CPU:total 2 (initial active 2) (2 cores per cpu, 1 threads per core) family 6 model 158 stepping 10, cmov, cx8, fxsr, mmx, sse, sse2, sse3, ssse3, sse4.1, sse4.2, popcnt, avx, avx2, aes, clmul, erms, 3dnowpref, lzcnt, tsc, tscinvbit, bmi1, bmi2, adx

/proc/cpuinfo:
processor	: 0
vendor_id	: GenuineIntel
cpu family	: 6
model		: 158
model name	: Intel(R) Core(TM) i7-8750H CPU @ 2.20GHz
stepping	: 10
microcode	: 0x96
cpu MHz		: 2207.999
cache size	: 9216 KB
physical id	: 0
siblings	: 2
core id		: 0
cpu cores	: 2
apicid		: 0
initial apicid	: 0
fpu		: yes
fpu_exception	: yes
cpuid level	: 22
wp		: yes
flags		: fpu vme de pse tsc msr pae mce cx8 apic sep mtrr pge mca cmov pat pse36 clflush mmx fxsr sse sse2 ss ht syscall nx pdpe1gb rdtscp lm constant_tsc arch_perfmon nopl xtopology tsc_reliable nonstop_tsc cpuid pni pclmulqdq ssse3 fma cx16 pcid sse4_1 sse4_2 x2apic movbe popcnt tsc_deadline_timer aes xsave avx f16c rdrand hypervisor lahf_lm abm 3dnowprefetch cpuid_fault invpcid_single pti ssbd ibrs ibpb stibp fsgsbase tsc_adjust bmi1 avx2 smep bmi2 invpcid rdseed adx smap xsaveopt arat flush_l1d arch_capabilities
bugs		: cpu_meltdown spectre_v1 spectre_v2 spec_store_bypass l1tf mds swapgs itlb_multihit
bogomips	: 4415.99
clflush size	: 64
cache_alignment	: 64
address sizes	: 42 bits physical, 48 bits virtual
power management:

processor	: 1
vendor_id	: GenuineIntel
cpu family	: 6
model		: 158
model name	: Intel(R) Core(TM) i7-8750H CPU @ 2.20GHz
stepping	: 10
microcode	: 0x96
cpu MHz		: 2207.999
cache size	: 9216 KB
physical id	: 0
siblings	: 2
core id		: 1
cpu cores	: 2
apicid		: 1
initial apicid	: 1
fpu		: yes
fpu_exception	: yes
cpuid level	: 22
wp		: yes
flags		: fpu vme de pse tsc msr pae mce cx8 apic sep mtrr pge mca cmov pat pse36 clflush mmx fxsr sse sse2 ss ht syscall nx pdpe1gb rdtscp lm constant_tsc arch_perfmon nopl xtopology tsc_reliable nonstop_tsc cpuid pni pclmulqdq ssse3 fma cx16 pcid sse4_1 sse4_2 x2apic movbe popcnt tsc_deadline_timer aes xsave avx f16c rdrand hypervisor lahf_lm abm 3dnowprefetch cpuid_fault invpcid_single pti ssbd ibrs ibpb stibp fsgsbase tsc_adjust bmi1 avx2 smep bmi2 invpcid rdseed adx smap xsaveopt arat flush_l1d arch_capabilities
bugs		: cpu_meltdown spectre_v1 spectre_v2 spec_store_bypass l1tf mds swapgs itlb_multihit
bogomips	: 4415.99
clflush size	: 64
cache_alignment	: 64
address sizes	: 42 bits physical, 48 bits virtual
power management:



Memory: 4k page, physical 8144704k(124864k free), swap 998396k(15312k free)

vm_info: Java HotSpot(TM) 64-Bit Server VM (25.181-b13) for linux-amd64 JRE (1.8.0_181-b13), built on Jul  7 2018 00:56:38 by "java_re" with gcc 4.3.0 20080428 (Red Hat 4.3.0-8)

time: Fri Mar 27 15:02:04 2020
elapsed time: 147 seconds (0d 0h 2m 27s)

