#
# There is insufficient memory for the Java Runtime Environment to continue.
# Native memory allocation (mmap) failed to map 6291456 bytes for committing reserved memory.
# Possible reasons:
#   The system is out of physical RAM or swap space
#   In 32 bit mode, the process size limit was hit
# Possible solutions:
#   Reduce memory load on the system
#   Increase physical memory or swap space
#   Check if swap backing store is full
#   Use 64 bit Java on a 64 bit OS
#   Decrease Java heap size (-Xmx/-Xms)
#   Decrease number of Java threads
#   Decrease Java thread stack sizes (-Xss)
#   Set larger code cache with -XX:ReservedCodeCacheSize=
# This output file may be truncated or incomplete.
#
#  Out of Memory Error (os_linux.cpp:2640), pid=93429, tid=0x00007fa46fafa700
#
# JRE version: Java(TM) SE Runtime Environment (8.0_181-b13) (build 1.8.0_181-b13)
# Java VM: Java HotSpot(TM) 64-Bit Server VM (25.181-b13 mixed mode linux-amd64 compressed oops)
# Failed to write core dump. Core dumps have been disabled. To enable core dumping, try "ulimit -c unlimited" before starting Java again
#

---------------  T H R E A D  ---------------

Current thread (0x00007fa4880fb800):  VMThread [stack: 0x00007fa46f9fa000,0x00007fa46fafb000] [id=93463]

Stack: [0x00007fa46f9fa000,0x00007fa46fafb000],  sp=0x00007fa46faf8fa0,  free space=1019k
Native frames: (J=compiled Java code, j=interpreted, Vv=VM code, C=native code)
V  [libjvm.so+0xad21aa]  VMError::report_and_die()+0x2ba
V  [libjvm.so+0x5022db]  report_vm_out_of_memory(char const*, int, unsigned long, VMErrorType, char const*)+0x8b
V  [libjvm.so+0x92fe33]  os::Linux::commit_memory_impl(char*, unsigned long, bool)+0x123
V  [libjvm.so+0x930059]  os::pd_commit_memory(char*, unsigned long, unsigned long, bool)+0x29
V  [libjvm.so+0x9272ba]  os::commit_memory(char*, unsigned long, unsigned long, bool)+0x2a
V  [libjvm.so+0x99d2e3]  PSVirtualSpace::expand_by(unsigned long)+0x53
V  [libjvm.so+0x99e6e8]  PSYoungGen::resize_generation(unsigned long, unsigned long)+0xf8
V  [libjvm.so+0x99d842]  PSYoungGen::resize(unsigned long, unsigned long)+0x22
V  [libjvm.so+0x99ab1b]  PSScavenge::invoke_no_policy()+0xf3b
V  [libjvm.so+0x99b2a1]  PSScavenge::invoke()+0x41
V  [libjvm.so+0x951d70]  ParallelScavengeHeap::failed_mem_allocate(unsigned long)+0x70
V  [libjvm.so+0xad3c27]  VM_ParallelGCFailedAllocation::doit()+0x97
V  [libjvm.so+0xadb745]  VM_Operation::evaluate()+0x55
V  [libjvm.so+0xad9b0a]  VMThread::evaluate_operation(VM_Operation*)+0xba
V  [libjvm.so+0xad9e8e]  VMThread::loop()+0x1ce
V  [libjvm.so+0xada300]  VMThread::run()+0x70
V  [libjvm.so+0x930198]  java_start(Thread*)+0x108

VM_Operation (0x00007fa46d19a270): ParallelGCFailedAllocation, mode: safepoint, requested by thread 0x000000000080f000


---------------  P R O C E S S  ---------------

Java Threads: ( => current thread )
  0x000000000080d800 JavaThread "RMI TCP Connection(6)-127.0.0.1" daemon [_thread_blocked, id=93918, stack(0x00007fa46d1a2000,0x00007fa46d2a3000)]
  0x000000000080f000 JavaThread "RMI TCP Connection(5)-127.0.0.1" daemon [_thread_blocked, id=93849, stack(0x00007fa46d0a1000,0x00007fa46d1a2000)]
  0x00007fa458038000 JavaThread "RMI Scheduler(0)" daemon [_thread_blocked, id=93833, stack(0x00007fa46d2a3000,0x00007fa46d3a4000)]
  0x00007fa458032800 JavaThread "RMI RenewClean-[127.0.0.1:20511]" daemon [_thread_blocked, id=93813, stack(0x00007fa46d3a4000,0x00007fa46d4a5000)]
  0x00007fa438005000 JavaThread "pool-3-thread-3" [_thread_blocked, id=93736, stack(0x00007fa46d5a6000,0x00007fa46d6a7000)]
  0x00007fa438003800 JavaThread "pool-3-thread-2" [_thread_blocked, id=93734, stack(0x00007fa46d6a7000,0x00007fa46d7a8000)]
  0x00007fa438002800 JavaThread "pool-3-thread-1" [_thread_blocked, id=93729, stack(0x00007fa46d7a8000,0x00007fa46d8a9000)]
  0x00007fa488369800 JavaThread "Thread-3" [_thread_blocked, id=93591, stack(0x00007fa46d8a9000,0x00007fa46d9aa000)]
  0x00007fa488368000 JavaThread "Thread-2" [_thread_blocked, id=93590, stack(0x00007fa46d9aa000,0x00007fa46daab000)]
  0x00007fa488366800 JavaThread "process reaper" daemon [_thread_blocked, id=93586, stack(0x00007fa46daab000,0x00007fa46dae4000)]
  0x00007fa488360800 JavaThread "pool-2-thread-1" [_thread_in_native, id=93568, stack(0x00007fa46dae4000,0x00007fa46dbe5000)]
  0x00007fa48835e800 JavaThread "GC Daemon" daemon [_thread_blocked, id=93563, stack(0x00007fa46dbe5000,0x00007fa46dce6000)]
  0x00007fa48835b800 JavaThread "RMI Reaper" [_thread_blocked, id=93558, stack(0x00007fa46dce6000,0x00007fa46dde7000)]
  0x00007fa488352800 JavaThread "RMI TCP Accept-7360" daemon [_thread_in_native, id=93553, stack(0x00007fa46dde7000,0x00007fa46dee8000)]
  0x00007fa48834d800 JavaThread "RMI TCP Accept-13408" daemon [_thread_in_native, id=93551, stack(0x00007fa46dee8000,0x00007fa46dfe9000)]
  0x00007fa488293800 JavaThread "logback-3" daemon [_thread_blocked, id=93546, stack(0x00007fa46e1e9000,0x00007fa46e2ea000)]
  0x00007fa488292000 JavaThread "logback-2" daemon [_thread_blocked, id=93543, stack(0x00007fa46e2ea000,0x00007fa46e3eb000)]
  0x00007fa488290800 JavaThread "logback-1" daemon [_thread_blocked, id=93540, stack(0x00007fa46e3eb000,0x00007fa46e4ec000)]
  0x00007fa488142000 JavaThread "Service Thread" daemon [_thread_blocked, id=93499, stack(0x00007fa46ea35000,0x00007fa46eb36000)]
  0x00007fa48813f000 JavaThread "C1 CompilerThread1" daemon [_thread_blocked, id=93496, stack(0x00007fa46eb36000,0x00007fa46ec37000)]
  0x00007fa48813c000 JavaThread "C2 CompilerThread0" daemon [_thread_blocked, id=93488, stack(0x00007fa46ec37000,0x00007fa46ed38000)]
  0x00007fa48813a800 JavaThread "Signal Dispatcher" daemon [_thread_blocked, id=93484, stack(0x00007fa46ed38000,0x00007fa46ee39000)]
  0x00007fa488107800 JavaThread "Finalizer" daemon [_thread_blocked, id=93479, stack(0x00007fa46f7f8000,0x00007fa46f8f9000)]
  0x00007fa488105000 JavaThread "Reference Handler" daemon [_thread_blocked, id=93475, stack(0x00007fa46f8f9000,0x00007fa46f9fa000)]
  0x00007fa48800a800 JavaThread "main" [_thread_blocked, id=93431, stack(0x00007fa48fc1b000,0x00007fa48fd1c000)]

Other Threads:
=>0x00007fa4880fb800 VMThread [stack: 0x00007fa46f9fa000,0x00007fa46fafb000] [id=93463]
  0x00007fa488147000 WatcherThread [stack: 0x00007fa46e934000,0x00007fa46ea35000] [id=93506]

VM state:at safepoint (normal execution)

VM Mutex/Monitor currently owned by a thread:  ([mutex/lock_event])
[0x00007fa488006cc0] Threads_lock - owner thread: 0x00007fa4880fb800
[0x00007fa4880071c0] Heap_lock - owner thread: 0x000000000080f000

Heap:
 PSYoungGen      total 71168K, used 7151K [0x00000000d6900000, 0x00000000df400000, 0x0000000100000000)
  eden space 64000K, 0% used [0x00000000d6900000,0x00000000d6900000,0x00000000da780000)
  from space 7168K, 99% used [0x00000000ded00000,0x00000000df3fbd00,0x00000000df400000)
  to   space 6656K, 0% used [0x00000000da780000,0x00000000da780000,0x00000000dae00000)
 ParOldGen       total 86016K, used 12717K [0x0000000083a00000, 0x0000000088e00000, 0x00000000d6900000)
  object space 86016K, 14% used [0x0000000083a00000,0x000000008466b6b0,0x0000000088e00000)
 Metaspace       used 16606K, capacity 17048K, committed 17152K, reserved 1064960K
  class space    used 1842K, capacity 1954K, committed 2048K, reserved 1048576K

Card table byte_map: [0x00007fa48c5c6000,0x00007fa48c9aa000] byte_map_base: 0x00007fa48c1a9000

Marking Bits: (ParMarkBitMap*) 0x00007fa48f0e60a0
 Begin Bits: [0x00007fa4751d0000, 0x00007fa4770e8000)
 End Bits:   [0x00007fa4770e8000, 0x00007fa479000000)

Polling page: 0x00007fa48fd38000

CodeCache: size=245760Kb used=7171Kb max_used=7193Kb free=238588Kb
 bounds [0x00007fa479000000, 0x00007fa479710000, 0x00007fa488000000]
 total_blobs=2435 nmethods=2036 adapters=312
 compilation: enabled

Compilation events (10 events):
Event: 126.321 Thread 0x00007fa48813f000 2100       2       org.evosuite.runtime.instrumentation.MultiMethodVisitor::getLabel (49 bytes)
Event: 126.321 Thread 0x00007fa48813f000 nmethod 2100 0x00007fa4796f4590 code [0x00007fa4796f4720, 0x00007fa4796f49c8]
Event: 126.321 Thread 0x00007fa48813f000 2101       2       org.evosuite.instrumentation.PurityAnalysisClassVisitor::visitEnd (72 bytes)
Event: 126.321 Thread 0x00007fa48813f000 nmethod 2101 0x00007fa4796f4ad0 code [0x00007fa4796f4cc0, 0x00007fa4796f5198]
Event: 126.643 Thread 0x00007fa48813c000 nmethod 1792% 0x00007fa4796fd010 code [0x00007fa4796fd7e0, 0x00007fa479702498]
Event: 126.644 Thread 0x00007fa48813f000 2102       2       org.evosuite.shaded.org.objectweb.asm.ClassReader::getAttributes (133 bytes)
Event: 126.644 Thread 0x00007fa48813f000 nmethod 2102 0x00007fa4796fc390 code [0x00007fa4796fc540, 0x00007fa4796fca78]
Event: 126.647 Thread 0x00007fa48813c000 1930       4       java.util.ArrayList::indexOf (67 bytes)
Event: 127.023 Thread 0x00007fa48813c000 nmethod 1930 0x00007fa4796f7350 code [0x00007fa4796f74e0, 0x00007fa4796f80f8]
Event: 127.023 Thread 0x00007fa48813c000 1967       4       org.evosuite.shaded.org.objectweb.asm.ByteVector::putUTF8 (142 bytes)

GC Heap History (10 events):
Event: 118.494 GC heap after
Heap after GC invocations=4 (full 1):
 PSYoungGen      total 37888K, used 5102K [0x00000000d6900000, 0x00000000d9300000, 0x0000000100000000)
  eden space 32768K, 0% used [0x00000000d6900000,0x00000000d6900000,0x00000000d8900000)
  from space 5120K, 99% used [0x00000000d8900000,0x00000000d8dfbb80,0x00000000d8e00000)
  to   space 5120K, 0% used [0x00000000d8e00000,0x00000000d8e00000,0x00000000d9300000)
 ParOldGen       total 86016K, used 4999K [0x0000000083a00000, 0x0000000088e00000, 0x00000000d6900000)
  object space 86016K, 5% used [0x0000000083a00000,0x0000000083ee1c50,0x0000000088e00000)
 Metaspace       used 13872K, capacity 14348K, committed 14592K, reserved 1062912K
  class space    used 1597K, capacity 1737K, committed 1792K, reserved 1048576K
}
Event: 119.462 GC heap before
{Heap before GC invocations=5 (full 1):
 PSYoungGen      total 37888K, used 37870K [0x00000000d6900000, 0x00000000d9300000, 0x0000000100000000)
  eden space 32768K, 100% used [0x00000000d6900000,0x00000000d8900000,0x00000000d8900000)
  from space 5120K, 99% used [0x00000000d8900000,0x00000000d8dfbb80,0x00000000d8e00000)
  to   space 5120K, 0% used [0x00000000d8e00000,0x00000000d8e00000,0x00000000d9300000)
 ParOldGen       total 86016K, used 4999K [0x0000000083a00000, 0x0000000088e00000, 0x00000000d6900000)
  object space 86016K, 5% used [0x0000000083a00000,0x0000000083ee1c50,0x0000000088e00000)
 Metaspace       used 13893K, capacity 14348K, committed 14592K, reserved 1062912K
  class space    used 1597K, capacity 1737K, committed 1792K, reserved 1048576K
Event: 119.479 GC heap after
Heap after GC invocations=5 (full 1):
 PSYoungGen      total 37888K, used 5090K [0x00000000d6900000, 0x00000000d9300000, 0x0000000100000000)
  eden space 32768K, 0% used [0x00000000d6900000,0x00000000d6900000,0x00000000d8900000)
  from space 5120K, 99% used [0x00000000d8e00000,0x00000000d92f8b30,0x00000000d9300000)
  to   space 5120K, 0% used [0x00000000d8900000,0x00000000d8900000,0x00000000d8e00000)
 ParOldGen       total 86016K, used 5931K [0x0000000083a00000, 0x0000000088e00000, 0x00000000d6900000)
  object space 86016K, 6% used [0x0000000083a00000,0x0000000083fcad20,0x0000000088e00000)
 Metaspace       used 13893K, capacity 14348K, committed 14592K, reserved 1062912K
  class space    used 1597K, capacity 1737K, committed 1792K, reserved 1048576K
}
Event: 119.944 GC heap before
{Heap before GC invocations=6 (full 1):
 PSYoungGen      total 37888K, used 37858K [0x00000000d6900000, 0x00000000d9300000, 0x0000000100000000)
  eden space 32768K, 100% used [0x00000000d6900000,0x00000000d8900000,0x00000000d8900000)
  from space 5120K, 99% used [0x00000000d8e00000,0x00000000d92f8b30,0x00000000d9300000)
  to   space 5120K, 0% used [0x00000000d8900000,0x00000000d8900000,0x00000000d8e00000)
 ParOldGen       total 86016K, used 5931K [0x0000000083a00000, 0x0000000088e00000, 0x00000000d6900000)
  object space 86016K, 6% used [0x0000000083a00000,0x0000000083fcad20,0x0000000088e00000)
 Metaspace       used 13913K, capacity 14412K, committed 14592K, reserved 1062912K
  class space    used 1597K, capacity 1737K, committed 1792K, reserved 1048576K
Event: 119.966 GC heap after
Heap after GC invocations=6 (full 1):
 PSYoungGen      total 37888K, used 5090K [0x00000000d6900000, 0x00000000db300000, 0x0000000100000000)
  eden space 32768K, 0% used [0x00000000d6900000,0x00000000d6900000,0x00000000d8900000)
  from space 5120K, 99% used [0x00000000d8900000,0x00000000d8df8b30,0x00000000d8e00000)
  to   space 5120K, 0% used [0x00000000dae00000,0x00000000dae00000,0x00000000db300000)
 ParOldGen       total 86016K, used 6187K [0x0000000083a00000, 0x0000000088e00000, 0x00000000d6900000)
  object space 86016K, 7% used [0x0000000083a00000,0x000000008400ad20,0x0000000088e00000)
 Metaspace       used 13913K, capacity 14412K, committed 14592K, reserved 1062912K
  class space    used 1597K, capacity 1737K, committed 1792K, reserved 1048576K
}
Event: 120.329 GC heap before
{Heap before GC invocations=7 (full 1):
 PSYoungGen      total 37888K, used 37858K [0x00000000d6900000, 0x00000000db300000, 0x0000000100000000)
  eden space 32768K, 100% used [0x00000000d6900000,0x00000000d8900000,0x00000000d8900000)
  from space 5120K, 99% used [0x00000000d8900000,0x00000000d8df8b30,0x00000000d8e00000)
  to   space 5120K, 0% used [0x00000000dae00000,0x00000000dae00000,0x00000000db300000)
 ParOldGen       total 86016K, used 6187K [0x0000000083a00000, 0x0000000088e00000, 0x00000000d6900000)
  object space 86016K, 7% used [0x0000000083a00000,0x000000008400ad20,0x0000000088e00000)
 Metaspace       used 13940K, capacity 14412K, committed 14592K, reserved 1062912K
  class space    used 1597K, capacity 1737K, committed 1792K, reserved 1048576K
Event: 120.348 GC heap after
Heap after GC invocations=7 (full 1):
 PSYoungGen      total 69120K, used 5091K [0x00000000d6900000, 0x00000000db600000, 0x0000000100000000)
  eden space 64000K, 0% used [0x00000000d6900000,0x00000000d6900000,0x00000000da780000)
  from space 5120K, 99% used [0x00000000dae00000,0x00000000db2f8d28,0x00000000db300000)
  to   space 6656K, 0% used [0x00000000da780000,0x00000000da780000,0x00000000dae00000)
 ParOldGen       total 86016K, used 6360K [0x0000000083a00000, 0x0000000088e00000, 0x00000000d6900000)
  object space 86016K, 7% used [0x0000000083a00000,0x0000000084036130,0x0000000088e00000)
 Metaspace       used 13940K, capacity 14412K, committed 14592K, reserved 1062912K
  class space    used 1597K, capacity 1737K, committed 1792K, reserved 1048576K
}
Event: 121.452 GC heap before
{Heap before GC invocations=8 (full 1):
 PSYoungGen      total 69120K, used 69091K [0x00000000d6900000, 0x00000000db600000, 0x0000000100000000)
  eden space 64000K, 100% used [0x00000000d6900000,0x00000000da780000,0x00000000da780000)
  from space 5120K, 99% used [0x00000000dae00000,0x00000000db2f8d28,0x00000000db300000)
  to   space 6656K, 0% used [0x00000000da780000,0x00000000da780000,0x00000000dae00000)
 ParOldGen       total 86016K, used 6360K [0x0000000083a00000, 0x0000000088e00000, 0x00000000d6900000)
  object space 86016K, 7% used [0x0000000083a00000,0x0000000084036130,0x0000000088e00000)
 Metaspace       used 14001K, capacity 14476K, committed 14592K, reserved 1062912K
  class space    used 1597K, capacity 1737K, committed 1792K, reserved 1048576K
Event: 121.468 GC heap after
Heap after GC invocations=8 (full 1):
 PSYoungGen      total 70656K, used 6631K [0x00000000d6900000, 0x00000000df400000, 0x0000000100000000)
  eden space 64000K, 0% used [0x00000000d6900000,0x00000000d6900000,0x00000000da780000)
  from space 6656K, 99% used [0x00000000da780000,0x00000000dadf9dd8,0x00000000dae00000)
  to   space 7168K, 0% used [0x00000000ded00000,0x00000000ded00000,0x00000000df400000)
 ParOldGen       total 86016K, used 7112K [0x0000000083a00000, 0x0000000088e00000, 0x00000000d6900000)
  object space 86016K, 8% used [0x0000000083a00000,0x00000000840f2260,0x0000000088e00000)
 Metaspace       used 14001K, capacity 14476K, committed 14592K, reserved 1062912K
  class space    used 1597K, capacity 1737K, committed 1792K, reserved 1048576K
}
Event: 127.027 GC heap before
{Heap before GC invocations=9 (full 1):
 PSYoungGen      total 70656K, used 70631K [0x00000000d6900000, 0x00000000df400000, 0x0000000100000000)
  eden space 64000K, 100% used [0x00000000d6900000,0x00000000da780000,0x00000000da780000)
  from space 6656K, 99% used [0x00000000da780000,0x00000000dadf9dd8,0x00000000dae00000)
  to   space 7168K, 0% used [0x00000000ded00000,0x00000000ded00000,0x00000000df400000)
 ParOldGen       total 86016K, used 7112K [0x0000000083a00000, 0x0000000088e00000, 0x00000000d6900000)
  object space 86016K, 8% used [0x0000000083a00000,0x00000000840f2260,0x0000000088e00000)
 Metaspace       used 16606K, capacity 17048K, committed 17152K, reserved 1064960K
  class space    used 1842K, capacity 1954K, committed 2048K, reserved 1048576K

Deoptimization events (10 events):
Event: 117.567 Thread 0x000000000080f000 Uncommon trap: reason=class_check action=maybe_recompile pc=0x00007fa479474c14 method=java.util.HashMap.putVal(ILjava/lang/Object;Ljava/lang/Object;ZZ)Ljava/lang/Object; @ 203
Event: 117.567 Thread 0x000000000080f000 Uncommon trap: reason=class_check action=maybe_recompile pc=0x00007fa479474c14 method=java.util.HashMap.putVal(ILjava/lang/Object;Ljava/lang/Object;ZZ)Ljava/lang/Object; @ 203
Event: 117.567 Thread 0x000000000080f000 Uncommon trap: reason=class_check action=maybe_recompile pc=0x00007fa479474c14 method=java.util.HashMap.putVal(ILjava/lang/Object;Ljava/lang/Object;ZZ)Ljava/lang/Object; @ 203
Event: 117.567 Thread 0x000000000080f000 Uncommon trap: reason=class_check action=maybe_recompile pc=0x00007fa479474c14 method=java.util.HashMap.putVal(ILjava/lang/Object;Ljava/lang/Object;ZZ)Ljava/lang/Object; @ 203
Event: 117.660 Thread 0x000000000080f000 Uncommon trap: reason=unstable_if action=reinterpret pc=0x00007fa4791db3a8 method=java.lang.AbstractStringBuilder.append(Ljava/lang/String;)Ljava/lang/AbstractStringBuilder; @ 1
Event: 117.816 Thread 0x000000000080f000 Uncommon trap: reason=bimorphic action=maybe_recompile pc=0x00007fa4794a8670 method=java.util.HashMap.putVal(ILjava/lang/Object;Ljava/lang/Object;ZZ)Ljava/lang/Object; @ 203
Event: 117.922 Thread 0x000000000080f000 Uncommon trap: reason=bimorphic action=maybe_recompile pc=0x00007fa4794a8670 method=java.util.HashMap.putVal(ILjava/lang/Object;Ljava/lang/Object;ZZ)Ljava/lang/Object; @ 203
Event: 121.764 Thread 0x000000000080f000 Uncommon trap: reason=predicate action=maybe_recompile pc=0x00007fa47955d410 method=java.util.ArrayList.indexOf(Ljava/lang/Object;)I @ 44
Event: 121.765 Thread 0x000000000080f000 Uncommon trap: reason=unstable_if action=reinterpret pc=0x00007fa4794869d4 method=java.io.ObjectInputStream$HandleTable.finish(I)V @ 4
Event: 123.909 Thread 0x000000000080f000 Uncommon trap: reason=unstable_if action=reinterpret pc=0x00007fa47950ac0c method=java.util.HashMap.putVal(ILjava/lang/Object;Ljava/lang/Object;ZZ)Ljava/lang/Object; @ 162

Classes redefined (0 events):
No events

Internal exceptions (10 events):
Event: 102.240 Thread 0x00007fa488292000 Exception <a 'java/net/ConnectException'> (0x00000000d6d4c970) thrown at [/HUDSON/workspace/8-2-build-linux-amd64/jdk8u181/11358/hotspot/src/share/vm/prims/jni.cpp, line 709]
Event: 102.263 Thread 0x00007fa488293800 Exception <a 'java/net/ConnectException'> (0x00000000d6d9e8f0) thrown at [/HUDSON/workspace/8-2-build-linux-amd64/jdk8u181/11358/hotspot/src/share/vm/prims/jni.cpp, line 709]
Event: 112.220 Thread 0x00007fa488290800 Exception <a 'java/net/ConnectException'> (0x00000000d6cfb650) thrown at [/HUDSON/workspace/8-2-build-linux-amd64/jdk8u181/11358/hotspot/src/share/vm/prims/jni.cpp, line 709]
Event: 112.268 Thread 0x00007fa488293800 Exception <a 'java/net/ConnectException'> (0x00000000d6d9f418) thrown at [/HUDSON/workspace/8-2-build-linux-amd64/jdk8u181/11358/hotspot/src/share/vm/prims/jni.cpp, line 709]
Event: 112.278 Thread 0x00007fa488292000 Exception <a 'java/net/ConnectException'> (0x00000000d6d4d498) thrown at [/HUDSON/workspace/8-2-build-linux-amd64/jdk8u181/11358/hotspot/src/share/vm/prims/jni.cpp, line 709]
Event: 114.433 Thread 0x000000000080f000 Exception <a 'java/lang/NoSuchMethodError': <clinit>> (0x00000000d7494198) thrown at [/HUDSON/workspace/8-2-build-linux-amd64/jdk8u181/11358/hotspot/src/share/vm/prims/jni.cpp, line 1613]
Event: 117.660 Thread 0x000000000080f000 Implicit null exception at 0x00007fa4791dafb6 to 0x00007fa4791db391
Event: 122.223 Thread 0x00007fa488290800 Exception <a 'java/net/ConnectException'> (0x00000000d74e9148) thrown at [/HUDSON/workspace/8-2-build-linux-amd64/jdk8u181/11358/hotspot/src/share/vm/prims/jni.cpp, line 709]
Event: 122.269 Thread 0x00007fa488293800 Exception <a 'java/net/ConnectException'> (0x00000000d7551210) thrown at [/HUDSON/workspace/8-2-build-linux-amd64/jdk8u181/11358/hotspot/src/share/vm/prims/jni.cpp, line 709]
Event: 122.279 Thread 0x00007fa488292000 Exception <a 'java/net/ConnectException'> (0x00000000d75b92d8) thrown at [/HUDSON/workspace/8-2-build-linux-amd64/jdk8u181/11358/hotspot/src/share/vm/prims/jni.cpp, line 709]

Events (10 events):
Event: 126.648 loading class java/awt/event/ComponentEvent done
Event: 126.648 loading class java/awt/event/InputEvent done
Event: 126.648 loading class java/awt/event/MouseEvent done
Event: 126.650 loading class java/awt/event/ActionEvent
Event: 126.650 loading class java/awt/event/ActionEvent done
Event: 126.650 loading class java/awt/print/PageFormat
Event: 126.650 loading class java/awt/print/PageFormat done
Event: 126.828 loading class org/evosuite/testcase/statements/FunctionalMockStatement
Event: 126.828 loading class org/evosuite/testcase/statements/FunctionalMockStatement done
Event: 127.023 Executing VM operation: ParallelGCFailedAllocation


Dynamic libraries:
00400000-00401000 r-xp 00000000 08:01 1448396                            /usr/lib/jvm/jdk1.8.0_181/bin/java
00600000-00601000 rw-p 00000000 08:01 1448396                            /usr/lib/jvm/jdk1.8.0_181/bin/java
0080b000-0082c000 rw-p 00000000 00:00 0                                  [heap]
83a00000-88e00000 rw-p 00000000 00:00 0 
88e00000-d6900000 ---p 00000000 00:00 0 
d6900000-df400000 rw-p 00000000 00:00 0 
dfa00000-100000000 ---p 00000000 00:00 0 
100000000-100200000 rw-p 00000000 00:00 0 
100200000-140000000 ---p 00000000 00:00 0 
7fa430000000-7fa430021000 rw-p 00000000 00:00 0 
7fa430021000-7fa434000000 ---p 00000000 00:00 0 
7fa438000000-7fa438021000 rw-p 00000000 00:00 0 
7fa438021000-7fa43c000000 ---p 00000000 00:00 0 
7fa43c000000-7fa43c021000 rw-p 00000000 00:00 0 
7fa43c021000-7fa440000000 ---p 00000000 00:00 0 
7fa440000000-7fa440021000 rw-p 00000000 00:00 0 
7fa440021000-7fa444000000 ---p 00000000 00:00 0 
7fa444fff000-7fa448000000 rw-p 00000000 00:00 0 
7fa448000000-7fa448021000 rw-p 00000000 00:00 0 
7fa448021000-7fa44c000000 ---p 00000000 00:00 0 
7fa44c000000-7fa44c021000 rw-p 00000000 00:00 0 
7fa44c021000-7fa450000000 ---p 00000000 00:00 0 
7fa450000000-7fa45112d000 rw-p 00000000 00:00 0 
7fa45112d000-7fa454000000 ---p 00000000 00:00 0 
7fa454000000-7fa454aac000 rw-p 00000000 00:00 0 
7fa454aac000-7fa458000000 ---p 00000000 00:00 0 
7fa458000000-7fa45804b000 rw-p 00000000 00:00 0 
7fa45804b000-7fa45c000000 ---p 00000000 00:00 0 
7fa45c000000-7fa45c021000 rw-p 00000000 00:00 0 
7fa45c021000-7fa460000000 ---p 00000000 00:00 0 
7fa460000000-7fa460292000 rw-p 00000000 00:00 0 
7fa460292000-7fa464000000 ---p 00000000 00:00 0 
7fa464000000-7fa464021000 rw-p 00000000 00:00 0 
7fa464021000-7fa468000000 ---p 00000000 00:00 0 
7fa468000000-7fa46849b000 rw-p 00000000 00:00 0 
7fa46849b000-7fa46c000000 ---p 00000000 00:00 0 
7fa46ca8e000-7fa46cb4e000 rw-p 00000000 00:00 0 
7fa46cb4e000-7fa46cc8e000 ---p 00000000 00:00 0 
7fa46cc8e000-7fa46cca1000 r--s 00345000 08:01 2756119                    /usr/lib/jvm/jdk1.8.0_181/jre/lib/resources.jar
7fa46cca1000-7fa46cea1000 rw-p 00000000 00:00 0 
7fa46cea1000-7fa46d0a1000 rw-p 00000000 00:00 0 
7fa46d0a1000-7fa46d0a4000 ---p 00000000 00:00 0 
7fa46d0a4000-7fa46d1a2000 rw-p 00000000 00:00 0 
7fa46d1a2000-7fa46d1a5000 ---p 00000000 00:00 0 
7fa46d1a5000-7fa46d2a3000 rw-p 00000000 00:00 0 
7fa46d2a3000-7fa46d2a6000 ---p 00000000 00:00 0 
7fa46d2a6000-7fa46d3a4000 rw-p 00000000 00:00 0 
7fa46d3a4000-7fa46d3a7000 ---p 00000000 00:00 0 
7fa46d3a7000-7fa46d4a5000 rw-p 00000000 00:00 0 
7fa46d4a5000-7fa46d4a8000 ---p 00000000 00:00 0 
7fa46d4a8000-7fa46d5a6000 rw-p 00000000 00:00 0 
7fa46d5a6000-7fa46d5a9000 ---p 00000000 00:00 0 
7fa46d5a9000-7fa46d6a7000 rw-p 00000000 00:00 0 
7fa46d6a7000-7fa46d6aa000 ---p 00000000 00:00 0 
7fa46d6aa000-7fa46d7a8000 rw-p 00000000 00:00 0 
7fa46d7a8000-7fa46d7ab000 ---p 00000000 00:00 0 
7fa46d7ab000-7fa46d8a9000 rw-p 00000000 00:00 0 
7fa46d8a9000-7fa46d8ac000 ---p 00000000 00:00 0 
7fa46d8ac000-7fa46d9aa000 rw-p 00000000 00:00 0 
7fa46d9aa000-7fa46d9ad000 ---p 00000000 00:00 0 
7fa46d9ad000-7fa46daab000 rw-p 00000000 00:00 0 
7fa46daab000-7fa46daae000 ---p 00000000 00:00 0 
7fa46daae000-7fa46dae4000 rw-p 00000000 00:00 0 
7fa46dae4000-7fa46dae7000 ---p 00000000 00:00 0 
7fa46dae7000-7fa46dbe5000 rw-p 00000000 00:00 0 
7fa46dbe5000-7fa46dbe8000 ---p 00000000 00:00 0 
7fa46dbe8000-7fa46dce6000 rw-p 00000000 00:00 0 
7fa46dce6000-7fa46dce9000 ---p 00000000 00:00 0 
7fa46dce9000-7fa46dde7000 rw-p 00000000 00:00 0 
7fa46dde7000-7fa46ddea000 ---p 00000000 00:00 0 
7fa46ddea000-7fa46dee8000 rw-p 00000000 00:00 0 
7fa46dee8000-7fa46deeb000 ---p 00000000 00:00 0 
7fa46deeb000-7fa46e1e9000 rw-p 00000000 00:00 0 
7fa46e1e9000-7fa46e1ec000 ---p 00000000 00:00 0 
7fa46e1ec000-7fa46e2ea000 rw-p 00000000 00:00 0 
7fa46e2ea000-7fa46e2ed000 ---p 00000000 00:00 0 
7fa46e2ed000-7fa46e3eb000 rw-p 00000000 00:00 0 
7fa46e3eb000-7fa46e3ee000 ---p 00000000 00:00 0 
7fa46e3ee000-7fa46e4ec000 rw-p 00000000 00:00 0 
7fa46e4ec000-7fa46e502000 r-xp 00000000 08:01 2756237                    /usr/lib/jvm/jdk1.8.0_181/jre/lib/amd64/libnet.so
7fa46e502000-7fa46e702000 ---p 00016000 08:01 2756237                    /usr/lib/jvm/jdk1.8.0_181/jre/lib/amd64/libnet.so
7fa46e702000-7fa46e703000 rw-p 00016000 08:01 2756237                    /usr/lib/jvm/jdk1.8.0_181/jre/lib/amd64/libnet.so
7fa46e703000-7fa46e934000 r--s 01bb1000 08:01 1706762                    /home/whj/dowork/DiffTGen/lib/evosuite-1.0.6.jar
7fa46e934000-7fa46e935000 ---p 00000000 00:00 0 
7fa46e935000-7fa46ea35000 rw-p 00000000 00:00 0 
7fa46ea35000-7fa46ea38000 ---p 00000000 00:00 0 
7fa46ea38000-7fa46eb36000 rw-p 00000000 00:00 0 
7fa46eb36000-7fa46eb39000 ---p 00000000 00:00 0 
7fa46eb39000-7fa46ec37000 rw-p 00000000 00:00 0 
7fa46ec37000-7fa46ec3a000 ---p 00000000 00:00 0 
7fa46ec3a000-7fa46ed38000 rw-p 00000000 00:00 0 
7fa46ed38000-7fa46ed3b000 ---p 00000000 00:00 0 
7fa46ed3b000-7fa46ee39000 rw-p 00000000 00:00 0 
7fa46ee39000-7fa46f7f8000 r--p 00000000 08:01 1316108                    /usr/lib/locale/locale-archive
7fa46f7f8000-7fa46f7fb000 ---p 00000000 00:00 0 
7fa46f7fb000-7fa46f8f9000 rw-p 00000000 00:00 0 
7fa46f8f9000-7fa46f8fc000 ---p 00000000 00:00 0 
7fa46f8fc000-7fa46f9fa000 rw-p 00000000 00:00 0 
7fa46f9fa000-7fa46f9fb000 ---p 00000000 00:00 0 
7fa46f9fb000-7fa470000000 rw-p 00000000 00:00 0 
7fa470000000-7fa470021000 rw-p 00000000 00:00 0 
7fa470021000-7fa474000000 ---p 00000000 00:00 0 
7fa47400f000-7fa474413000 rw-p 00000000 00:00 0 
7fa474413000-7fa4745ed000 r--s 03d6b000 08:01 2756084                    /usr/lib/jvm/jdk1.8.0_181/jre/lib/rt.jar
7fa4745ed000-7fa479000000 rw-p 00000000 00:00 0 
7fa479000000-7fa479710000 rwxp 00000000 00:00 0 
7fa479710000-7fa488000000 ---p 00000000 00:00 0 
7fa488000000-7fa48846c000 rw-p 00000000 00:00 0 
7fa48846c000-7fa48c000000 ---p 00000000 00:00 0 
7fa48c00f000-7fa48c02b000 r--s 00393000 08:01 2756136                    /usr/lib/jvm/jdk1.8.0_181/jre/lib/ext/cldrdata.jar
7fa48c02b000-7fa48c03d000 r--s 00169000 08:01 3151510                    /home/whj/dowork/DiffTGen/extra_output/Chart_1_1_capgen/target/build/classes/all0.jar
7fa48c03d000-7fa48c0b6000 r--s 010f9000 08:01 1448503                    /usr/lib/jvm/jdk1.8.0_181/lib/tools.jar
7fa48c0b6000-7fa48c12c000 rw-p 00000000 00:00 0 
7fa48c12c000-7fa48c12d000 ---p 00000000 00:00 0 
7fa48c12d000-7fa48c22d000 rw-p 00000000 00:00 0 
7fa48c22d000-7fa48c22e000 ---p 00000000 00:00 0 
7fa48c22e000-7fa48c358000 rw-p 00000000 00:00 0 
7fa48c358000-7fa48c5c6000 ---p 00000000 00:00 0 
7fa48c5c6000-7fa48c5f0000 rw-p 00000000 00:00 0 
7fa48c5f0000-7fa48c85d000 ---p 00000000 00:00 0 
7fa48c85d000-7fa48c8a3000 rw-p 00000000 00:00 0 
7fa48c8a3000-7fa48c9a9000 ---p 00000000 00:00 0 
7fa48c9a9000-7fa48c9c7000 rw-p 00000000 00:00 0 
7fa48c9c7000-7fa48cd6a000 ---p 00000000 00:00 0 
7fa48cd6a000-7fa48cd85000 r-xp 00000000 08:01 2756233                    /usr/lib/jvm/jdk1.8.0_181/jre/lib/amd64/libzip.so
7fa48cd85000-7fa48cf85000 ---p 0001b000 08:01 2756233                    /usr/lib/jvm/jdk1.8.0_181/jre/lib/amd64/libzip.so
7fa48cf85000-7fa48cf86000 rw-p 0001b000 08:01 2756233                    /usr/lib/jvm/jdk1.8.0_181/jre/lib/amd64/libzip.so
7fa48cf86000-7fa48cf91000 r-xp 00000000 08:01 1054188                    /lib/x86_64-linux-gnu/libnss_files-2.23.so
7fa48cf91000-7fa48d190000 ---p 0000b000 08:01 1054188                    /lib/x86_64-linux-gnu/libnss_files-2.23.so
7fa48d190000-7fa48d191000 r--p 0000a000 08:01 1054188                    /lib/x86_64-linux-gnu/libnss_files-2.23.so
7fa48d191000-7fa48d192000 rw-p 0000b000 08:01 1054188                    /lib/x86_64-linux-gnu/libnss_files-2.23.so
7fa48d192000-7fa48d198000 rw-p 00000000 00:00 0 
7fa48d198000-7fa48d1a3000 r-xp 00000000 08:01 1054198                    /lib/x86_64-linux-gnu/libnss_nis-2.23.so
7fa48d1a3000-7fa48d3a2000 ---p 0000b000 08:01 1054198                    /lib/x86_64-linux-gnu/libnss_nis-2.23.so
7fa48d3a2000-7fa48d3a3000 r--p 0000a000 08:01 1054198                    /lib/x86_64-linux-gnu/libnss_nis-2.23.so
7fa48d3a3000-7fa48d3a4000 rw-p 0000b000 08:01 1054198                    /lib/x86_64-linux-gnu/libnss_nis-2.23.so
7fa48d3a4000-7fa48d3ba000 r-xp 00000000 08:01 1054182                    /lib/x86_64-linux-gnu/libnsl-2.23.so
7fa48d3ba000-7fa48d5b9000 ---p 00016000 08:01 1054182                    /lib/x86_64-linux-gnu/libnsl-2.23.so
7fa48d5b9000-7fa48d5ba000 r--p 00015000 08:01 1054182                    /lib/x86_64-linux-gnu/libnsl-2.23.so
7fa48d5ba000-7fa48d5bb000 rw-p 00016000 08:01 1054182                    /lib/x86_64-linux-gnu/libnsl-2.23.so
7fa48d5bb000-7fa48d5bd000 rw-p 00000000 00:00 0 
7fa48d5bd000-7fa48d5c5000 r-xp 00000000 08:01 1054184                    /lib/x86_64-linux-gnu/libnss_compat-2.23.so
7fa48d5c5000-7fa48d7c4000 ---p 00008000 08:01 1054184                    /lib/x86_64-linux-gnu/libnss_compat-2.23.so
7fa48d7c4000-7fa48d7c5000 r--p 00007000 08:01 1054184                    /lib/x86_64-linux-gnu/libnss_compat-2.23.so
7fa48d7c5000-7fa48d7c6000 rw-p 00008000 08:01 1054184                    /lib/x86_64-linux-gnu/libnss_compat-2.23.so
7fa48d7c6000-7fa48d7f1000 r-xp 00000000 08:01 2756227                    /usr/lib/jvm/jdk1.8.0_181/jre/lib/amd64/libjava.so
7fa48d7f1000-7fa48d9f0000 ---p 0002b000 08:01 2756227                    /usr/lib/jvm/jdk1.8.0_181/jre/lib/amd64/libjava.so
7fa48d9f0000-7fa48d9f2000 rw-p 0002a000 08:01 2756227                    /usr/lib/jvm/jdk1.8.0_181/jre/lib/amd64/libjava.so
7fa48d9f2000-7fa48d9ff000 r-xp 00000000 08:01 2756232                    /usr/lib/jvm/jdk1.8.0_181/jre/lib/amd64/libverify.so
7fa48d9ff000-7fa48dbff000 ---p 0000d000 08:01 2756232                    /usr/lib/jvm/jdk1.8.0_181/jre/lib/amd64/libverify.so
7fa48dbff000-7fa48dc01000 rw-p 0000d000 08:01 2756232                    /usr/lib/jvm/jdk1.8.0_181/jre/lib/amd64/libverify.so
7fa48dc01000-7fa48dc08000 r-xp 00000000 08:01 1054243                    /lib/x86_64-linux-gnu/librt-2.23.so
7fa48dc08000-7fa48de07000 ---p 00007000 08:01 1054243                    /lib/x86_64-linux-gnu/librt-2.23.so
7fa48de07000-7fa48de08000 r--p 00006000 08:01 1054243                    /lib/x86_64-linux-gnu/librt-2.23.so
7fa48de08000-7fa48de09000 rw-p 00007000 08:01 1054243                    /lib/x86_64-linux-gnu/librt-2.23.so
7fa48de09000-7fa48df11000 r-xp 00000000 08:01 1054159                    /lib/x86_64-linux-gnu/libm-2.23.so
7fa48df11000-7fa48e110000 ---p 00108000 08:01 1054159                    /lib/x86_64-linux-gnu/libm-2.23.so
7fa48e110000-7fa48e111000 r--p 00107000 08:01 1054159                    /lib/x86_64-linux-gnu/libm-2.23.so
7fa48e111000-7fa48e112000 rw-p 00108000 08:01 1054159                    /lib/x86_64-linux-gnu/libm-2.23.so
7fa48e112000-7fa48edee000 r-xp 00000000 08:01 2756209                    /usr/lib/jvm/jdk1.8.0_181/jre/lib/amd64/server/libjvm.so
7fa48edee000-7fa48efee000 ---p 00cdc000 08:01 2756209                    /usr/lib/jvm/jdk1.8.0_181/jre/lib/amd64/server/libjvm.so
7fa48efee000-7fa48f0c8000 rw-p 00cdc000 08:01 2756209                    /usr/lib/jvm/jdk1.8.0_181/jre/lib/amd64/server/libjvm.so
7fa48f0c8000-7fa48f113000 rw-p 00000000 00:00 0 
7fa48f113000-7fa48f2d3000 r-xp 00000000 08:01 1054089                    /lib/x86_64-linux-gnu/libc-2.23.so
7fa48f2d3000-7fa48f4d3000 ---p 001c0000 08:01 1054089                    /lib/x86_64-linux-gnu/libc-2.23.so
7fa48f4d3000-7fa48f4d7000 r--p 001c0000 08:01 1054089                    /lib/x86_64-linux-gnu/libc-2.23.so
7fa48f4d7000-7fa48f4d9000 rw-p 001c4000 08:01 1054089                    /lib/x86_64-linux-gnu/libc-2.23.so
7fa48f4d9000-7fa48f4dd000 rw-p 00000000 00:00 0 
7fa48f4dd000-7fa48f4e0000 r-xp 00000000 08:01 1054113                    /lib/x86_64-linux-gnu/libdl-2.23.so
7fa48f4e0000-7fa48f6df000 ---p 00003000 08:01 1054113                    /lib/x86_64-linux-gnu/libdl-2.23.so
7fa48f6df000-7fa48f6e0000 r--p 00002000 08:01 1054113                    /lib/x86_64-linux-gnu/libdl-2.23.so
7fa48f6e0000-7fa48f6e1000 rw-p 00003000 08:01 1054113                    /lib/x86_64-linux-gnu/libdl-2.23.so
7fa48f6e1000-7fa48f6f7000 r-xp 00000000 08:01 1449032                    /usr/lib/jvm/jdk1.8.0_181/lib/amd64/jli/libjli.so
7fa48f6f7000-7fa48f8f6000 ---p 00016000 08:01 1449032                    /usr/lib/jvm/jdk1.8.0_181/lib/amd64/jli/libjli.so
7fa48f8f6000-7fa48f8f7000 rw-p 00015000 08:01 1449032                    /usr/lib/jvm/jdk1.8.0_181/lib/amd64/jli/libjli.so
7fa48f8f7000-7fa48f90f000 r-xp 00000000 08:01 1054235                    /lib/x86_64-linux-gnu/libpthread-2.23.so
7fa48f90f000-7fa48fb0e000 ---p 00018000 08:01 1054235                    /lib/x86_64-linux-gnu/libpthread-2.23.so
7fa48fb0e000-7fa48fb0f000 r--p 00017000 08:01 1054235                    /lib/x86_64-linux-gnu/libpthread-2.23.so
7fa48fb0f000-7fa48fb10000 rw-p 00018000 08:01 1054235                    /lib/x86_64-linux-gnu/libpthread-2.23.so
7fa48fb10000-7fa48fb14000 rw-p 00000000 00:00 0 
7fa48fb14000-7fa48fb3a000 r-xp 00000000 08:01 1054061                    /lib/x86_64-linux-gnu/ld-2.23.so
7fa48fb40000-7fa48fb4a000 r--s 00116000 08:01 2756143                    /usr/lib/jvm/jdk1.8.0_181/jre/lib/ext/localedata.jar
7fa48fb4a000-7fa48fc1b000 rw-p 00000000 00:00 0 
7fa48fc1b000-7fa48fc1e000 ---p 00000000 00:00 0 
7fa48fc1e000-7fa48fd21000 rw-p 00000000 00:00 0 
7fa48fd21000-7fa48fd26000 r--s 0009d000 08:01 2756133                    /usr/lib/jvm/jdk1.8.0_181/jre/lib/jsse.jar
7fa48fd26000-7fa48fd2e000 r--s 0006e000 08:01 2248917                    /home/whj/dowork/DiffTGen/lib/commons-lang3-3.5.jar
7fa48fd2e000-7fa48fd2f000 r--s 00000000 08:01 2248922                    /home/whj/dowork/DiffTGen/lib/myprinter.jar
7fa48fd2f000-7fa48fd37000 rw-s 00000000 08:01 1984678                    /tmp/hsperfdata_whj/93429
7fa48fd37000-7fa48fd38000 rw-p 00000000 00:00 0 
7fa48fd38000-7fa48fd39000 ---p 00000000 00:00 0 
7fa48fd39000-7fa48fd3a000 r--p 00025000 08:01 1054061                    /lib/x86_64-linux-gnu/ld-2.23.so
7fa48fd3a000-7fa48fd3b000 rw-p 00026000 08:01 1054061                    /lib/x86_64-linux-gnu/ld-2.23.so
7fa48fd3b000-7fa48fd3c000 rw-p 00000000 00:00 0 
7ffd8a0f3000-7ffd8a115000 rw-p 00000000 00:00 0                          [stack]
7ffd8a1cf000-7ffd8a1d2000 r--p 00000000 00:00 0                          [vvar]
7ffd8a1d2000-7ffd8a1d4000 r-xp 00000000 00:00 0                          [vdso]
ffffffffff600000-ffffffffff601000 r-xp 00000000 00:00 0                  [vsyscall]

VM Arguments:
java_command: /home/whj/dowork/DiffTGen/lib/evosuite-1.0.6.jar -base_dir /home/whj/dowork/DiffTGen/extra_output/Chart_1_1_capgen/target/0/21 -projectCP /home/whj/dowork/DiffTGen/extra_output/Chart_1_1_capgen/target/build/classes/all0.jar:/home/whj/dowork/DiffTGen/lib/myprinter.jar:/home/whj/dowork/DiffTGen/lib/commons-lang3-3.5.jar -class org.jfree.chart.renderer.category.AbstractCategoryItemRenderer -Dassertions=false -Dsearch_budget=60
java_class_path (initial): /home/whj/dowork/DiffTGen/lib/evosuite-1.0.6.jar
Launcher Type: SUN_STANDARD

Environment Variables:
JAVA_HOME=/usr/lib/jvm/jdk1.8.0_181
JRE_HOME=/usr/lib/jvm/jdk1.8.0_181/jre
CLASSPATH=.:/usr/lib/jvm/jdk1.8.0_181/lib:/usr/lib/jvm/jdk1.8.0_181/jre/lib
PATH=/home/whj/perl5/bin:/home/whj/dowork/defects4j-1.2.0/framework/bin:/usr/lib/jvm/jdk1.8.0_181/bin:/usr/lib/jvm/jdk1.8.0_181/jre/bin:/home/whj/bin:/home/whj/.local/bin:/usr/local/sbin:/usr/local/bin:/usr/sbin:/usr/bin:/sbin:/bin:/usr/games:/usr/local/games" :/snap/bin:/home/whj/bin
SHELL=/bin/bash
DISPLAY=:0

Signal Handlers:
SIGSEGV: [libjvm.so+0xad2a40], sa_mask[0]=11111111011111111101111111111110, sa_flags=SA_RESTART|SA_SIGINFO
SIGBUS: [libjvm.so+0xad2a40], sa_mask[0]=11111111011111111101111111111110, sa_flags=SA_RESTART|SA_SIGINFO
SIGFPE: [libjvm.so+0x92a610], sa_mask[0]=11111111011111111101111111111110, sa_flags=SA_RESTART|SA_SIGINFO
SIGPIPE: [libjvm.so+0x92a610], sa_mask[0]=11111111011111111101111111111110, sa_flags=SA_RESTART|SA_SIGINFO
SIGXFSZ: [libjvm.so+0x92a610], sa_mask[0]=11111111011111111101111111111110, sa_flags=SA_RESTART|SA_SIGINFO
SIGILL: [libjvm.so+0x92a610], sa_mask[0]=11111111011111111101111111111110, sa_flags=SA_RESTART|SA_SIGINFO
SIGUSR1: SIG_DFL, sa_mask[0]=00000000000000000000000000000000, sa_flags=none
SIGUSR2: [libjvm.so+0x92be70], sa_mask[0]=00100000000000000000000000000000, sa_flags=SA_RESTART|SA_SIGINFO
SIGHUP: [libjvm.so+0x92d270], sa_mask[0]=11111111011111111101111111111110, sa_flags=SA_RESTART|SA_SIGINFO
SIGINT: [libjvm.so+0x92d270], sa_mask[0]=11111111011111111101111111111110, sa_flags=SA_RESTART|SA_SIGINFO
SIGTERM: [libjvm.so+0x92d270], sa_mask[0]=11111111011111111101111111111110, sa_flags=SA_RESTART|SA_SIGINFO
SIGQUIT: [libjvm.so+0x92d270], sa_mask[0]=11111111011111111101111111111110, sa_flags=SA_RESTART|SA_SIGINFO


---------------  S Y S T E M  ---------------

OS:DISTRIB_ID=Ubuntu
DISTRIB_RELEASE=16.04
DISTRIB_CODENAME=xenial
DISTRIB_DESCRIPTION="Ubuntu 16.04.6 LTS"

uname:Linux 4.15.0-91-generic #92~16.04.1-Ubuntu SMP Fri Feb 28 14:57:22 UTC 2020 x86_64
libc:glibc 2.23 NPTL 2.23 
rlimit: STACK 8192k, CORE 0k, NPROC 31576, NOFILE 1048576, AS infinity
load average:19.24 16.05 15.35

/proc/meminfo:
MemTotal:        8144704 kB
MemFree:         1052168 kB
MemAvailable:     941068 kB
Buffers:             252 kB
Cached:            20472 kB
SwapCached:         6328 kB
Active:          5914908 kB
Inactive:         753404 kB
Active(anon):    5907676 kB
Inactive(anon):   740648 kB
Active(file):       7232 kB
Inactive(file):    12756 kB
Unevictable:          32 kB
Mlocked:              32 kB
SwapTotal:        998396 kB
SwapFree:           4020 kB
Dirty:                20 kB
Writeback:          2092 kB
AnonPages:       6643028 kB
Mapped:            14956 kB
Shmem:               564 kB
Slab:              88540 kB
SReclaimable:      31452 kB
SUnreclaim:        57088 kB
KernelStack:       15136 kB
PageTables:        46140 kB
NFS_Unstable:          0 kB
Bounce:                0 kB
WritebackTmp:          0 kB
CommitLimit:     5070748 kB
Committed_AS:   13085324 kB
VmallocTotal:   34359738367 kB
VmallocUsed:           0 kB
VmallocChunk:          0 kB
HardwareCorrupted:     0 kB
AnonHugePages:         0 kB
ShmemHugePages:        0 kB
ShmemPmdMapped:        0 kB
CmaTotal:              0 kB
CmaFree:               0 kB
HugePages_Total:       0
HugePages_Free:        0
HugePages_Rsvd:        0
HugePages_Surp:        0
Hugepagesize:       2048 kB
DirectMap4k:      128832 kB
DirectMap2M:     7211008 kB
DirectMap1G:     3145728 kB


CPU:total 2 (initial active 2) (2 cores per cpu, 1 threads per core) family 6 model 158 stepping 10, cmov, cx8, fxsr, mmx, sse, sse2, sse3, ssse3, sse4.1, sse4.2, popcnt, avx, avx2, aes, clmul, erms, 3dnowpref, lzcnt, tsc, tscinvbit, bmi1, bmi2, adx

/proc/cpuinfo:
processor	: 0
vendor_id	: GenuineIntel
cpu family	: 6
model		: 158
model name	: Intel(R) Core(TM) i7-8750H CPU @ 2.20GHz
stepping	: 10
microcode	: 0x96
cpu MHz		: 2207.999
cache size	: 9216 KB
physical id	: 0
siblings	: 2
core id		: 0
cpu cores	: 2
apicid		: 0
initial apicid	: 0
fpu		: yes
fpu_exception	: yes
cpuid level	: 22
wp		: yes
flags		: fpu vme de pse tsc msr pae mce cx8 apic sep mtrr pge mca cmov pat pse36 clflush mmx fxsr sse sse2 ss ht syscall nx pdpe1gb rdtscp lm constant_tsc arch_perfmon nopl xtopology tsc_reliable nonstop_tsc cpuid pni pclmulqdq ssse3 fma cx16 pcid sse4_1 sse4_2 x2apic movbe popcnt tsc_deadline_timer aes xsave avx f16c rdrand hypervisor lahf_lm abm 3dnowprefetch cpuid_fault invpcid_single pti ssbd ibrs ibpb stibp fsgsbase tsc_adjust bmi1 avx2 smep bmi2 invpcid rdseed adx smap xsaveopt arat flush_l1d arch_capabilities
bugs		: cpu_meltdown spectre_v1 spectre_v2 spec_store_bypass l1tf mds swapgs itlb_multihit
bogomips	: 4415.99
clflush size	: 64
cache_alignment	: 64
address sizes	: 42 bits physical, 48 bits virtual
power management:

processor	: 1
vendor_id	: GenuineIntel
cpu family	: 6
model		: 158
model name	: Intel(R) Core(TM) i7-8750H CPU @ 2.20GHz
stepping	: 10
microcode	: 0x96
cpu MHz		: 2207.999
cache size	: 9216 KB
physical id	: 0
siblings	: 2
core id		: 1
cpu cores	: 2
apicid		: 1
initial apicid	: 1
fpu		: yes
fpu_exception	: yes
cpuid level	: 22
wp		: yes
flags		: fpu vme de pse tsc msr pae mce cx8 apic sep mtrr pge mca cmov pat pse36 clflush mmx fxsr sse sse2 ss ht syscall nx pdpe1gb rdtscp lm constant_tsc arch_perfmon nopl xtopology tsc_reliable nonstop_tsc cpuid pni pclmulqdq ssse3 fma cx16 pcid sse4_1 sse4_2 x2apic movbe popcnt tsc_deadline_timer aes xsave avx f16c rdrand hypervisor lahf_lm abm 3dnowprefetch cpuid_fault invpcid_single pti ssbd ibrs ibpb stibp fsgsbase tsc_adjust bmi1 avx2 smep bmi2 invpcid rdseed adx smap xsaveopt arat flush_l1d arch_capabilities
bugs		: cpu_meltdown spectre_v1 spectre_v2 spec_store_bypass l1tf mds swapgs itlb_multihit
bogomips	: 4415.99
clflush size	: 64
cache_alignment	: 64
address sizes	: 42 bits physical, 48 bits virtual
power management:



Memory: 4k page, physical 8144704k(1052168k free), swap 998396k(4020k free)

vm_info: Java HotSpot(TM) 64-Bit Server VM (25.181-b13) for linux-amd64 JRE (1.8.0_181-b13), built on Jul  7 2018 00:56:38 by "java_re" with gcc 4.3.0 20080428 (Red Hat 4.3.0-8)

time: Fri Mar 27 18:09:05 2020
elapsed time: 129 seconds (0d 0h 2m 9s)

