#
# There is insufficient memory for the Java Runtime Environment to continue.
# Native memory allocation (mmap) failed to map 264241152 bytes for committing reserved memory.
# Possible reasons:
#   The system is out of physical RAM or swap space
#   In 32 bit mode, the process size limit was hit
# Possible solutions:
#   Reduce memory load on the system
#   Increase physical memory or swap space
#   Check if swap backing store is full
#   Use 64 bit Java on a 64 bit OS
#   Decrease Java heap size (-Xmx/-Xms)
#   Decrease number of Java threads
#   Decrease Java thread stack sizes (-Xss)
#   Set larger code cache with -XX:ReservedCodeCacheSize=
# This output file may be truncated or incomplete.
#
#  Out of Memory Error (os_linux.cpp:2640), pid=121411, tid=0x00007f7027efe700
#
# JRE version: Java(TM) SE Runtime Environment (8.0_181-b13) (build 1.8.0_181-b13)
# Java VM: Java HotSpot(TM) 64-Bit Server VM (25.181-b13 mixed mode linux-amd64 compressed oops)
# Failed to write core dump. Core dumps have been disabled. To enable core dumping, try "ulimit -c unlimited" before starting Java again
#

---------------  T H R E A D  ---------------

Current thread (0x00007f70400fb800):  VMThread [stack: 0x00007f7027dfe000,0x00007f7027eff000] [id=121448]

Stack: [0x00007f7027dfe000,0x00007f7027eff000],  sp=0x00007f7027efd280,  free space=1020k
Native frames: (J=compiled Java code, j=interpreted, Vv=VM code, C=native code)
V  [libjvm.so+0xad21aa]  VMError::report_and_die()+0x2ba
V  [libjvm.so+0x5022db]  report_vm_out_of_memory(char const*, int, unsigned long, VMErrorType, char const*)+0x8b
V  [libjvm.so+0x92fe33]  os::Linux::commit_memory_impl(char*, unsigned long, bool)+0x123
V  [libjvm.so+0x930059]  os::pd_commit_memory(char*, unsigned long, unsigned long, bool)+0x29
V  [libjvm.so+0x9272ba]  os::commit_memory(char*, unsigned long, unsigned long, bool)+0x2a
V  [libjvm.so+0x99d2e3]  PSVirtualSpace::expand_by(unsigned long)+0x53
V  [libjvm.so+0x99e6e8]  PSYoungGen::resize_generation(unsigned long, unsigned long)+0xf8
V  [libjvm.so+0x99d842]  PSYoungGen::resize(unsigned long, unsigned long)+0x22
V  [libjvm.so+0x99ab1b]  PSScavenge::invoke_no_policy()+0xf3b
V  [libjvm.so+0x995dc5]  PSParallelCompact::invoke(bool)+0x85
V  [libjvm.so+0x488e34]  CollectedHeap::collect_as_vm_thread(GCCause::Cause)+0x114
V  [libjvm.so+0xad3631]  VM_CollectForMetadataAllocation::doit()+0x161
V  [libjvm.so+0xadb745]  VM_Operation::evaluate()+0x55
V  [libjvm.so+0xad9b0a]  VMThread::evaluate_operation(VM_Operation*)+0xba
V  [libjvm.so+0xad9e8e]  VMThread::loop()+0x1ce
V  [libjvm.so+0xada300]  VMThread::run()+0x70
V  [libjvm.so+0x930198]  java_start(Thread*)+0x108

VM_Operation (0x00007f7027039070): CollectForMetadataAllocation, mode: safepoint, requested by thread 0x00007f704013f000


---------------  P R O C E S S  ---------------

Java Threads: ( => current thread )
  0x00000000011b3000 JavaThread "RMI TCP Connection(idle)" daemon [_thread_blocked, id=121893, stack(0x00007f7024ede000,0x00007f7024fdf000)]
  0x00000000011b2000 JavaThread "RMI TCP Connection(5)-127.0.0.1" daemon [_thread_blocked, id=121871, stack(0x00007f70258e2000,0x00007f70259e3000)]
  0x00000000011b0800 JavaThread "RMI TCP Connection(4)-127.0.0.1" daemon [_thread_in_native, id=121808, stack(0x00007f70255df000,0x00007f70256e0000)]
  0x00007f7018050000 JavaThread "RMI Scheduler(0)" daemon [_thread_blocked, id=121803, stack(0x00007f70256e0000,0x00007f70257e1000)]
  0x00007f701803a800 JavaThread "RMI RenewClean-[127.0.0.1:16537]" daemon [_thread_blocked, id=121784, stack(0x00007f70257e1000,0x00007f70258e2000)]
  0x00007f6ff0005000 JavaThread "pool-3-thread-3" [_thread_in_native, id=121736, stack(0x00007f70259e3000,0x00007f7025ae4000)]
  0x00007f6ff0003800 JavaThread "pool-3-thread-2" [_thread_in_native, id=121734, stack(0x00007f7025ae4000,0x00007f7025be5000)]
  0x00007f6ff0002800 JavaThread "pool-3-thread-1" [_thread_in_native, id=121725, stack(0x00007f7025be5000,0x00007f7025ce6000)]
  0x00007f7040369800 JavaThread "Thread-3" [_thread_in_native, id=121617, stack(0x00007f7025ce6000,0x00007f7025de7000)]
  0x00007f7040368000 JavaThread "Thread-2" [_thread_in_native, id=121613, stack(0x00007f7025de7000,0x00007f7025ee8000)]
  0x00007f7040366800 JavaThread "process reaper" daemon [_thread_in_native, id=121612, stack(0x00007f702c0b6000,0x00007f702c0ef000)]
  0x00007f7040360800 JavaThread "pool-2-thread-1" [_thread_in_native, id=121567, stack(0x00007f7025ee8000,0x00007f7025fe9000)]
  0x00007f704035e000 JavaThread "GC Daemon" daemon [_thread_blocked, id=121564, stack(0x00007f7025fe9000,0x00007f70260ea000)]
  0x00007f704035b800 JavaThread "RMI Reaper" [_thread_blocked, id=121556, stack(0x00007f70260ea000,0x00007f70261eb000)]
  0x00007f7040354800 JavaThread "RMI TCP Accept-14086" daemon [_thread_in_native, id=121552, stack(0x00007f70261eb000,0x00007f70262ec000)]
  0x00007f704034d800 JavaThread "RMI TCP Accept-13129" daemon [_thread_in_native, id=121539, stack(0x00007f70262ec000,0x00007f70263ed000)]
  0x00007f7040294000 JavaThread "logback-3" daemon [_thread_blocked, id=121531, stack(0x00007f70265ed000,0x00007f70266ee000)]
  0x00007f7040292000 JavaThread "logback-2" daemon [_thread_blocked, id=121528, stack(0x00007f70266ee000,0x00007f70267ef000)]
  0x00007f7040290800 JavaThread "logback-1" daemon [_thread_blocked, id=121521, stack(0x00007f70267ef000,0x00007f70268f0000)]
  0x00007f7040142000 JavaThread "Service Thread" daemon [_thread_blocked, id=121498, stack(0x00007f7026e39000,0x00007f7026f3a000)]
  0x00007f704013f000 JavaThread "C1 CompilerThread1" daemon [_thread_blocked, id=121488, stack(0x00007f7026f3a000,0x00007f702703b000)]
  0x00007f704013c000 JavaThread "C2 CompilerThread0" daemon [_thread_blocked, id=121486, stack(0x00007f702703b000,0x00007f702713c000)]
  0x00007f704013a800 JavaThread "Signal Dispatcher" daemon [_thread_blocked, id=121479, stack(0x00007f702713c000,0x00007f702723d000)]
  0x00007f7040107800 JavaThread "Finalizer" daemon [_thread_blocked, id=121460, stack(0x00007f7027bfc000,0x00007f7027cfd000)]
  0x00007f7040105000 JavaThread "Reference Handler" daemon [_thread_blocked, id=121458, stack(0x00007f7027cfd000,0x00007f7027dfe000)]
  0x00007f704000a800 JavaThread "main" [_thread_in_native, id=121426, stack(0x00007f7048108000,0x00007f7048209000)]

Other Threads:
=>0x00007f70400fb800 VMThread [stack: 0x00007f7027dfe000,0x00007f7027eff000] [id=121448]
  0x00007f7040146800 WatcherThread [stack: 0x00007f7026d38000,0x00007f7026e39000] [id=121507]

VM state:at safepoint (normal execution)

VM Mutex/Monitor currently owned by a thread:  ([mutex/lock_event])
[0x00007f7040006cc0] Threads_lock - owner thread: 0x00007f70400fb800
[0x00007f70400071c0] Heap_lock - owner thread: 0x00007f704013f000
[0x00007f7040007740] MethodData_lock - owner thread: 0x00007f704013f000

Heap:
 PSYoungGen      total 272384K, used 30196K [0x00000000d6900000, 0x00000000e9f00000, 0x0000000100000000)
  eden space 242176K, 0% used [0x00000000d6900000,0x00000000d6900000,0x00000000e5580000)
  from space 30208K, 99% used [0x00000000e5580000,0x00000000e72fd088,0x00000000e7300000)
  to   space 15360K, 0% used [0x00000000e7300000,0x00000000e7300000,0x00000000e8200000)
 ParOldGen       total 86016K, used 74725K [0x0000000083a00000, 0x0000000088e00000, 0x00000000d6900000)
  object space 86016K, 86% used [0x0000000083a00000,0x00000000882f9668,0x0000000088e00000)
 Metaspace       used 20763K, capacity 21188K, committed 21248K, reserved 1069056K
  class space    used 2404K, capacity 2548K, committed 2560K, reserved 1048576K

Card table byte_map: [0x00007f7044ab3000,0x00007f7044e97000] byte_map_base: 0x00007f7044696000

Marking Bits: (ParMarkBitMap*) 0x00007f70475d30a0
 Begin Bits: [0x00007f702d1d0000, 0x00007f702f0e8000)
 End Bits:   [0x00007f702f0e8000, 0x00007f7031000000)

Polling page: 0x00007f7048225000

CodeCache: size=245760Kb used=9094Kb max_used=9102Kb free=236665Kb
 bounds [0x00007f7031000000, 0x00007f70318f0000, 0x00007f7040000000]
 total_blobs=2833 nmethods=2349 adapters=397
 compilation: enabled

Compilation events (10 events):
Event: 146.519 Thread 0x00007f704013f000 nmethod 2505 0x00007f70318deb10 code [0x00007f70318deca0, 0x00007f70318def58]
Event: 146.519 Thread 0x00007f704013f000 2506       3       java.io.DataInputStream::<init> (30 bytes)
Event: 146.519 Thread 0x00007f704013f000 nmethod 2506 0x00007f70318e4a10 code [0x00007f70318e4ba0, 0x00007f70318e4ff0]
Event: 146.532 Thread 0x00007f704013c000 2507       4       java.lang.ref.SoftReference::get (29 bytes)
Event: 146.532 Thread 0x00007f704013c000 nmethod 2507 0x00007f70318cec90 code [0x00007f70318cede0, 0x00007f70318cee78]
Event: 146.534 Thread 0x00007f704013f000 2508       3       java.util.HashMap::clear (50 bytes)
Event: 146.534 Thread 0x00007f704013f000 nmethod 2508 0x00007f70318de410 code [0x00007f70318de5a0, 0x00007f70318de970]
Event: 146.534 Thread 0x00007f704013f000 2509       3       java.io.ObjectOutputStream::writeShort (9 bytes)
Event: 146.534 Thread 0x00007f704013f000 nmethod 2509 0x00007f70318e4610 code [0x00007f70318e4780, 0x00007f70318e4928]
Event: 146.542 Thread 0x00007f704013f000 2510       3       java.io.ObjectOutputStream$BlockDataOutputStream::writeInt (46 bytes)

GC Heap History (10 events):
Event: 94.819 GC heap after
Heap after GC invocations=5 (full 1):
 PSYoungGen      total 70656K, used 5117K [0x00000000d6900000, 0x00000000db300000, 0x0000000100000000)
  eden space 65536K, 0% used [0x00000000d6900000,0x00000000d6900000,0x00000000da900000)
  from space 5120K, 99% used [0x00000000dae00000,0x00000000db2ff510,0x00000000db300000)
  to   space 5120K, 0% used [0x00000000da900000,0x00000000da900000,0x00000000dae00000)
 ParOldGen       total 86016K, used 4994K [0x0000000083a00000, 0x0000000088e00000, 0x00000000d6900000)
  object space 86016K, 5% used [0x0000000083a00000,0x0000000083ee0a80,0x0000000088e00000)
 Metaspace       used 13799K, capacity 14218K, committed 14336K, reserved 1062912K
  class space    used 1580K, capacity 1700K, committed 1792K, reserved 1048576K
}
Event: 95.322 GC heap before
{Heap before GC invocations=6 (full 1):
 PSYoungGen      total 70656K, used 70653K [0x00000000d6900000, 0x00000000db300000, 0x0000000100000000)
  eden space 65536K, 100% used [0x00000000d6900000,0x00000000da900000,0x00000000da900000)
  from space 5120K, 99% used [0x00000000dae00000,0x00000000db2ff510,0x00000000db300000)
  to   space 5120K, 0% used [0x00000000da900000,0x00000000da900000,0x00000000dae00000)
 ParOldGen       total 86016K, used 4994K [0x0000000083a00000, 0x0000000088e00000, 0x00000000d6900000)
  object space 86016K, 5% used [0x0000000083a00000,0x0000000083ee0a80,0x0000000088e00000)
 Metaspace       used 13841K, capacity 14282K, committed 14592K, reserved 1062912K
  class space    used 1580K, capacity 1700K, committed 1792K, reserved 1048576K
Event: 95.360 GC heap after
Heap after GC invocations=6 (full 1):
 PSYoungGen      total 70656K, used 5110K [0x00000000d6900000, 0x00000000df300000, 0x0000000100000000)
  eden space 65536K, 0% used [0x00000000d6900000,0x00000000d6900000,0x00000000da900000)
  from space 5120K, 99% used [0x00000000da900000,0x00000000dadfdb58,0x00000000dae00000)
  to   space 5120K, 0% used [0x00000000dee00000,0x00000000dee00000,0x00000000df300000)
 ParOldGen       total 86016K, used 5432K [0x0000000083a00000, 0x0000000088e00000, 0x00000000d6900000)
  object space 86016K, 6% used [0x0000000083a00000,0x0000000083f4e2b0,0x0000000088e00000)
 Metaspace       used 13841K, capacity 14282K, committed 14592K, reserved 1062912K
  class space    used 1580K, capacity 1700K, committed 1792K, reserved 1048576K
}
Event: 96.223 GC heap before
{Heap before GC invocations=7 (full 1):
 PSYoungGen      total 70656K, used 70646K [0x00000000d6900000, 0x00000000df300000, 0x0000000100000000)
  eden space 65536K, 100% used [0x00000000d6900000,0x00000000da900000,0x00000000da900000)
  from space 5120K, 99% used [0x00000000da900000,0x00000000dadfdb58,0x00000000dae00000)
  to   space 5120K, 0% used [0x00000000dee00000,0x00000000dee00000,0x00000000df300000)
 ParOldGen       total 86016K, used 5432K [0x0000000083a00000, 0x0000000088e00000, 0x00000000d6900000)
  object space 86016K, 6% used [0x0000000083a00000,0x0000000083f4e2b0,0x0000000088e00000)
 Metaspace       used 14073K, capacity 14474K, committed 14592K, reserved 1062912K
  class space    used 1582K, capacity 1700K, committed 1792K, reserved 1048576K
Event: 96.283 GC heap after
Heap after GC invocations=7 (full 1):
 PSYoungGen      total 133632K, used 5115K [0x00000000d6900000, 0x00000000df800000, 0x0000000100000000)
  eden space 128512K, 0% used [0x00000000d6900000,0x00000000d6900000,0x00000000de680000)
  from space 5120K, 99% used [0x00000000dee00000,0x00000000df2fedd8,0x00000000df300000)
  to   space 7680K, 0% used [0x00000000de680000,0x00000000de680000,0x00000000dee00000)
 ParOldGen       total 86016K, used 8030K [0x0000000083a00000, 0x0000000088e00000, 0x00000000d6900000)
  object space 86016K, 9% used [0x0000000083a00000,0x00000000841d79c8,0x0000000088e00000)
 Metaspace       used 14073K, capacity 14474K, committed 14592K, reserved 1062912K
  class space    used 1582K, capacity 1700K, committed 1792K, reserved 1048576K
}
Event: 106.040 GC heap before
{Heap before GC invocations=8 (full 1):
 PSYoungGen      total 133632K, used 133627K [0x00000000d6900000, 0x00000000df800000, 0x0000000100000000)
  eden space 128512K, 100% used [0x00000000d6900000,0x00000000de680000,0x00000000de680000)
  from space 5120K, 99% used [0x00000000dee00000,0x00000000df2fedd8,0x00000000df300000)
  to   space 7680K, 0% used [0x00000000de680000,0x00000000de680000,0x00000000dee00000)
 ParOldGen       total 86016K, used 8030K [0x0000000083a00000, 0x0000000088e00000, 0x00000000d6900000)
  object space 86016K, 9% used [0x0000000083a00000,0x00000000841d79c8,0x0000000088e00000)
 Metaspace       used 18968K, capacity 19482K, committed 19840K, reserved 1067008K
  class space    used 2165K, capacity 2313K, committed 2432K, reserved 1048576K
Event: 106.278 GC heap after
Heap after GC invocations=8 (full 1):
 PSYoungGen      total 136192K, used 7668K [0x00000000d6900000, 0x00000000e8200000, 0x0000000100000000)
  eden space 128512K, 0% used [0x00000000d6900000,0x00000000d6900000,0x00000000de680000)
  from space 7680K, 99% used [0x00000000de680000,0x00000000dedfd298,0x00000000dee00000)
  to   space 15360K, 0% used [0x00000000e7300000,0x00000000e7300000,0x00000000e8200000)
 ParOldGen       total 86016K, used 21160K [0x0000000083a00000, 0x0000000088e00000, 0x00000000d6900000)
  object space 86016K, 24% used [0x0000000083a00000,0x0000000084eaa2d0,0x0000000088e00000)
 Metaspace       used 18968K, capacity 19482K, committed 19840K, reserved 1067008K
  class space    used 2165K, capacity 2313K, committed 2432K, reserved 1048576K
}
Event: 129.411 GC heap before
{Heap before GC invocations=9 (full 1):
 PSYoungGen      total 136192K, used 136180K [0x00000000d6900000, 0x00000000e8200000, 0x0000000100000000)
  eden space 128512K, 100% used [0x00000000d6900000,0x00000000de680000,0x00000000de680000)
  from space 7680K, 99% used [0x00000000de680000,0x00000000dedfd298,0x00000000dee00000)
  to   space 15360K, 0% used [0x00000000e7300000,0x00000000e7300000,0x00000000e8200000)
 ParOldGen       total 86016K, used 21160K [0x0000000083a00000, 0x0000000088e00000, 0x00000000d6900000)
  object space 86016K, 24% used [0x0000000083a00000,0x0000000084eaa2d0,0x0000000088e00000)
 Metaspace       used 20661K, capacity 21180K, committed 21248K, reserved 1069056K
  class space    used 2386K, capacity 2548K, committed 2560K, reserved 1048576K
Event: 129.753 GC heap after
Heap after GC invocations=9 (full 1):
 PSYoungGen      total 257536K, used 15356K [0x00000000d6900000, 0x00000000e9f00000, 0x0000000100000000)
  eden space 242176K, 0% used [0x00000000d6900000,0x00000000d6900000,0x00000000e5580000)
  from space 15360K, 99% used [0x00000000e7300000,0x00000000e81ff190,0x00000000e8200000)
  to   space 30208K, 0% used [0x00000000e5580000,0x00000000e5580000,0x00000000e7300000)
 ParOldGen       total 86016K, used 50249K [0x0000000083a00000, 0x0000000088e00000, 0x00000000d6900000)
  object space 86016K, 58% used [0x0000000083a00000,0x0000000086b12538,0x0000000088e00000)
 Metaspace       used 20661K, capacity 21180K, committed 21248K, reserved 1069056K
  class space    used 2386K, capacity 2548K, committed 2560K, reserved 1048576K
}
Event: 146.542 GC heap before
{Heap before GC invocations=10 (full 1):
 PSYoungGen      total 257536K, used 99300K [0x00000000d6900000, 0x00000000e9f00000, 0x0000000100000000)
  eden space 242176K, 34% used [0x00000000d6900000,0x00000000dbafa060,0x00000000e5580000)
  from space 15360K, 99% used [0x00000000e7300000,0x00000000e81ff190,0x00000000e8200000)
  to   space 30208K, 0% used [0x00000000e5580000,0x00000000e5580000,0x00000000e7300000)
 ParOldGen       total 86016K, used 50249K [0x0000000083a00000, 0x0000000088e00000, 0x00000000d6900000)
  object space 86016K, 58% used [0x0000000083a00000,0x0000000086b12538,0x0000000088e00000)
 Metaspace       used 20763K, capacity 21188K, committed 21248K, reserved 1069056K
  class space    used 2404K, capacity 2548K, committed 2560K, reserved 1048576K

Deoptimization events (10 events):
Event: 99.978 Thread 0x00000000011b0800 Uncommon trap: reason=unstable_if action=reinterpret pc=0x00007f7031474530 method=java.util.HashMap.putVal(ILjava/lang/Object;Ljava/lang/Object;ZZ)Ljava/lang/Object; @ 162
Event: 100.464 Thread 0x00000000011b0800 Uncommon trap: reason=unstable_if action=reinterpret pc=0x00007f703140f748 method=org.evosuite.shaded.org.objectweb.asm.ClassReader.readUTF(II[C)Ljava/lang/String; @ 77
Event: 100.808 Thread 0x00000000011b0800 Uncommon trap: reason=bimorphic action=maybe_recompile pc=0x00007f70314756f0 method=java.util.Collections$UnmodifiableCollection$1.next()Ljava/lang/Object; @ 4
Event: 100.808 Thread 0x00000000011b0800 Uncommon trap: reason=bimorphic action=maybe_recompile pc=0x00007f70314756f0 method=java.util.Collections$UnmodifiableCollection$1.next()Ljava/lang/Object; @ 4
Event: 100.808 Thread 0x00000000011b0800 Uncommon trap: reason=bimorphic action=maybe_recompile pc=0x00007f70314756f0 method=java.util.Collections$UnmodifiableCollection$1.next()Ljava/lang/Object; @ 4
Event: 100.808 Thread 0x00000000011b0800 Uncommon trap: reason=bimorphic action=maybe_recompile pc=0x00007f70314756f0 method=java.util.Collections$UnmodifiableCollection$1.next()Ljava/lang/Object; @ 4
Event: 101.781 Thread 0x00000000011b0800 Uncommon trap: reason=unstable_if action=reinterpret pc=0x00007f70315a0560 method=java.util.HashMap.putVal(ILjava/lang/Object;Ljava/lang/Object;ZZ)Ljava/lang/Object; @ 162
Event: 111.561 Thread 0x00000000011b2000 Uncommon trap: reason=unstable_if action=reinterpret pc=0x00007f7031802c84 method=java.io.ObjectInputStream.defaultReadFields(Ljava/lang/Object;Ljava/io/ObjectStreamClass;)V @ 49
Event: 123.853 Thread 0x00000000011b2000 Uncommon trap: reason=unstable_if action=reinterpret pc=0x00007f7031810364 method=java.io.ObjectInputStream.defaultReadFields(Ljava/lang/Object;Ljava/io/ObjectStreamClass;)V @ 49
Event: 124.435 Thread 0x00000000011b0800 Uncommon trap: reason=range_check action=make_not_entrant pc=0x00007f7031844340 method=java.lang.String.charAt(I)C @ 27

Classes redefined (0 events):
No events

Internal exceptions (10 events):
Event: 111.625 Thread 0x00007f7040294000 Exception <a 'java/net/ConnectException'> (0x00000000d7f2fa08) thrown at [/HUDSON/workspace/8-2-build-linux-amd64/jdk8u181/11358/hotspot/src/share/vm/prims/jni.cpp, line 709]
Event: 121.554 Thread 0x00007f7040290800 Exception <a 'java/net/ConnectException'> (0x00000000d7da0370) thrown at [/HUDSON/workspace/8-2-build-linux-amd64/jdk8u181/11358/hotspot/src/share/vm/prims/jni.cpp, line 709]
Event: 121.584 Thread 0x00007f7040292000 Exception <a 'java/net/ConnectException'> (0x00000000d7ea8888) thrown at [/HUDSON/workspace/8-2-build-linux-amd64/jdk8u181/11358/hotspot/src/share/vm/prims/jni.cpp, line 709]
Event: 121.626 Thread 0x00007f7040294000 Exception <a 'java/net/ConnectException'> (0x00000000d7f30530) thrown at [/HUDSON/workspace/8-2-build-linux-amd64/jdk8u181/11358/hotspot/src/share/vm/prims/jni.cpp, line 709]
Event: 131.555 Thread 0x00007f7040290800 Exception <a 'java/net/ConnectException'> (0x00000000d8999dc8) thrown at [/HUDSON/workspace/8-2-build-linux-amd64/jdk8u181/11358/hotspot/src/share/vm/prims/jni.cpp, line 709]
Event: 131.584 Thread 0x00007f7040292000 Exception <a 'java/net/ConnectException'> (0x00000000d8a40308) thrown at [/HUDSON/workspace/8-2-build-linux-amd64/jdk8u181/11358/hotspot/src/share/vm/prims/jni.cpp, line 709]
Event: 131.627 Thread 0x00007f7040294000 Exception <a 'java/net/ConnectException'> (0x00000000d8ae6848) thrown at [/HUDSON/workspace/8-2-build-linux-amd64/jdk8u181/11358/hotspot/src/share/vm/prims/jni.cpp, line 709]
Event: 141.555 Thread 0x00007f7040290800 Exception <a 'java/net/ConnectException'> (0x00000000d899a8f0) thrown at [/HUDSON/workspace/8-2-build-linux-amd64/jdk8u181/11358/hotspot/src/share/vm/prims/jni.cpp, line 709]
Event: 141.586 Thread 0x00007f7040292000 Exception <a 'java/net/ConnectException'> (0x00000000d8a40e30) thrown at [/HUDSON/workspace/8-2-build-linux-amd64/jdk8u181/11358/hotspot/src/share/vm/prims/jni.cpp, line 709]
Event: 141.628 Thread 0x00007f7040294000 Exception <a 'java/net/ConnectException'> (0x00000000d8ae7370) thrown at [/HUDSON/workspace/8-2-build-linux-amd64/jdk8u181/11358/hotspot/src/share/vm/prims/jni.cpp, line 709]

Events (10 events):
Event: 131.178 loading class javax/swing/plaf/multi/MultiTabbedPaneUI
Event: 131.178 loading class javax/swing/plaf/multi/MultiTabbedPaneUI done
Event: 131.219 Thread 0x00007f704013c000 flushing nmethod 0x00007f703128e290
Event: 131.351 Thread 0x00007f704013c000 flushing nmethod 0x00007f7031316c50
Event: 131.351 Thread 0x00007f704013c000 flushing nmethod 0x00007f7031317ed0
Event: 132.050 Thread 0x00000000011b2000 DEOPT PACKING pc=0x00007f70316e405b sp=0x00007f70259de1a0
Event: 132.050 Thread 0x00000000011b2000 DEOPT UNPACKING pc=0x00007f7031047784 sp=0x00007f70259ddf58 mode 0
Event: 132.075 Thread 0x00000000011b2000 DEOPT PACKING pc=0x00007f70316e405b sp=0x00007f70259de1a0
Event: 132.075 Thread 0x00000000011b2000 DEOPT UNPACKING pc=0x00007f7031047784 sp=0x00007f70259ddf58 mode 0
Event: 146.542 Executing VM operation: CollectForMetadataAllocation


Dynamic libraries:
00400000-00401000 r-xp 00000000 08:01 1448396                            /usr/lib/jvm/jdk1.8.0_181/bin/java
00600000-00601000 rw-p 00000000 08:01 1448396                            /usr/lib/jvm/jdk1.8.0_181/bin/java
011ae000-011cf000 rw-p 00000000 00:00 0                                  [heap]
83a00000-88e00000 rw-p 00000000 00:00 0 
88e00000-d6900000 ---p 00000000 00:00 0 
d6900000-e9f00000 rw-p 00000000 00:00 0 
f9b00000-100000000 ---p 00000000 00:00 0 
100000000-100280000 rw-p 00000000 00:00 0 
100280000-140000000 ---p 00000000 00:00 0 
7f6fe8000000-7f6fe8021000 rw-p 00000000 00:00 0 
7f6fe8021000-7f6fec000000 ---p 00000000 00:00 0 
7f6ff0000000-7f6ff0021000 rw-p 00000000 00:00 0 
7f6ff0021000-7f6ff4000000 ---p 00000000 00:00 0 
7f6ff4000000-7f6ff4021000 rw-p 00000000 00:00 0 
7f6ff4021000-7f6ff8000000 ---p 00000000 00:00 0 
7f6ff8000000-7f6ff8021000 rw-p 00000000 00:00 0 
7f6ff8021000-7f6ffc000000 ---p 00000000 00:00 0 
7f6ffc000000-7f6ffc021000 rw-p 00000000 00:00 0 
7f6ffc021000-7f7000000000 ---p 00000000 00:00 0 
7f7000fff000-7f7004000000 rw-p 00000000 00:00 0 
7f7004000000-7f7005129000 rw-p 00000000 00:00 0 
7f7005129000-7f7008000000 ---p 00000000 00:00 0 
7f7008000000-7f7008021000 rw-p 00000000 00:00 0 
7f7008021000-7f700c000000 ---p 00000000 00:00 0 
7f700c000000-7f700c021000 rw-p 00000000 00:00 0 
7f700c021000-7f7010000000 ---p 00000000 00:00 0 
7f7010000000-7f70114a6000 rw-p 00000000 00:00 0 
7f70114a6000-7f7014000000 ---p 00000000 00:00 0 
7f7014000000-7f7014021000 rw-p 00000000 00:00 0 
7f7014021000-7f7018000000 ---p 00000000 00:00 0 
7f7018000000-7f7018053000 rw-p 00000000 00:00 0 
7f7018053000-7f701c000000 ---p 00000000 00:00 0 
7f701c000000-7f701c292000 rw-p 00000000 00:00 0 
7f701c292000-7f7020000000 ---p 00000000 00:00 0 
7f7020000000-7f7020469000 rw-p 00000000 00:00 0 
7f7020469000-7f7024000000 ---p 00000000 00:00 0 
7f7024959000-7f7024999000 rw-p 00000000 00:00 0 
7f7024999000-7f7024b59000 ---p 00000000 00:00 0 
7f7024b59000-7f7024d59000 rw-p 00000000 00:00 0 
7f7024ede000-7f7024ee1000 ---p 00000000 00:00 0 
7f7024ee1000-7f70251df000 rw-p 00000000 00:00 0 
7f70251df000-7f70253df000 rw-p 00000000 00:00 0 
7f70253df000-7f70255df000 rw-p 00000000 00:00 0 
7f70255df000-7f70255e2000 ---p 00000000 00:00 0 
7f70255e2000-7f70256e0000 rw-p 00000000 00:00 0 
7f70256e0000-7f70256e3000 ---p 00000000 00:00 0 
7f70256e3000-7f70257e1000 rw-p 00000000 00:00 0 
7f70257e1000-7f70257e4000 ---p 00000000 00:00 0 
7f70257e4000-7f70258e2000 rw-p 00000000 00:00 0 
7f70258e2000-7f70258e5000 ---p 00000000 00:00 0 
7f70258e5000-7f70259e3000 rw-p 00000000 00:00 0 
7f70259e3000-7f70259e6000 ---p 00000000 00:00 0 
7f70259e6000-7f7025ae4000 rw-p 00000000 00:00 0 
7f7025ae4000-7f7025ae7000 ---p 00000000 00:00 0 
7f7025ae7000-7f7025be5000 rw-p 00000000 00:00 0 
7f7025be5000-7f7025be8000 ---p 00000000 00:00 0 
7f7025be8000-7f7025ce6000 rw-p 00000000 00:00 0 
7f7025ce6000-7f7025ce9000 ---p 00000000 00:00 0 
7f7025ce9000-7f7025de7000 rw-p 00000000 00:00 0 
7f7025de7000-7f7025dea000 ---p 00000000 00:00 0 
7f7025dea000-7f7025ee8000 rw-p 00000000 00:00 0 
7f7025ee8000-7f7025eeb000 ---p 00000000 00:00 0 
7f7025eeb000-7f7025fe9000 rw-p 00000000 00:00 0 
7f7025fe9000-7f7025fec000 ---p 00000000 00:00 0 
7f7025fec000-7f70260ea000 rw-p 00000000 00:00 0 
7f70260ea000-7f70260ed000 ---p 00000000 00:00 0 
7f70260ed000-7f70261eb000 rw-p 00000000 00:00 0 
7f70261eb000-7f70261ee000 ---p 00000000 00:00 0 
7f70261ee000-7f70262ec000 rw-p 00000000 00:00 0 
7f70262ec000-7f70262ef000 ---p 00000000 00:00 0 
7f70262ef000-7f70265ed000 rw-p 00000000 00:00 0 
7f70265ed000-7f70265f0000 ---p 00000000 00:00 0 
7f70265f0000-7f70266ee000 rw-p 00000000 00:00 0 
7f70266ee000-7f70266f1000 ---p 00000000 00:00 0 
7f70266f1000-7f70267ef000 rw-p 00000000 00:00 0 
7f70267ef000-7f70267f2000 ---p 00000000 00:00 0 
7f70267f2000-7f70268f0000 rw-p 00000000 00:00 0 
7f70268f0000-7f7026906000 r-xp 00000000 08:01 2756237                    /usr/lib/jvm/jdk1.8.0_181/jre/lib/amd64/libnet.so
7f7026906000-7f7026b06000 ---p 00016000 08:01 2756237                    /usr/lib/jvm/jdk1.8.0_181/jre/lib/amd64/libnet.so
7f7026b06000-7f7026b07000 rw-p 00016000 08:01 2756237                    /usr/lib/jvm/jdk1.8.0_181/jre/lib/amd64/libnet.so
7f7026b07000-7f7026d38000 r--s 01bb1000 08:01 1706762                    /home/whj/dowork/DiffTGen/lib/evosuite-1.0.6.jar
7f7026d38000-7f7026d39000 ---p 00000000 00:00 0 
7f7026d39000-7f7026e39000 rw-p 00000000 00:00 0 
7f7026e39000-7f7026e3c000 ---p 00000000 00:00 0 
7f7026e3c000-7f7026f3a000 rw-p 00000000 00:00 0 
7f7026f3a000-7f7026f3d000 ---p 00000000 00:00 0 
7f7026f3d000-7f702703b000 rw-p 00000000 00:00 0 
7f702703b000-7f702703e000 ---p 00000000 00:00 0 
7f702703e000-7f702713c000 rw-p 00000000 00:00 0 
7f702713c000-7f702713f000 ---p 00000000 00:00 0 
7f702713f000-7f702723d000 rw-p 00000000 00:00 0 
7f702723d000-7f7027bfc000 r--p 00000000 08:01 1316108                    /usr/lib/locale/locale-archive
7f7027bfc000-7f7027bff000 ---p 00000000 00:00 0 
7f7027bff000-7f7027cfd000 rw-p 00000000 00:00 0 
7f7027cfd000-7f7027d00000 ---p 00000000 00:00 0 
7f7027d00000-7f7027dfe000 rw-p 00000000 00:00 0 
7f7027dfe000-7f7027dff000 ---p 00000000 00:00 0 
7f7027dff000-7f7028000000 rw-p 00000000 00:00 0 
7f7028000000-7f70280a8000 rw-p 00000000 00:00 0 
7f70280a8000-7f702c000000 ---p 00000000 00:00 0 
7f702c0b6000-7f702c0b9000 ---p 00000000 00:00 0 
7f702c0b9000-7f702c7f6000 rw-p 00000000 00:00 0 
7f702c7f6000-7f702c9d0000 r--s 03d6b000 08:01 2756084                    /usr/lib/jvm/jdk1.8.0_181/jre/lib/rt.jar
7f702c9d0000-7f7031000000 rw-p 00000000 00:00 0 
7f7031000000-7f70318f0000 rwxp 00000000 00:00 0 
7f70318f0000-7f7040000000 ---p 00000000 00:00 0 
7f7040000000-7f704046c000 rw-p 00000000 00:00 0 
7f704046c000-7f7044000000 ---p 00000000 00:00 0 
7f7044005000-7f7044018000 r--s 00345000 08:01 2756119                    /usr/lib/jvm/jdk1.8.0_181/jre/lib/resources.jar
7f7044018000-7f7044034000 r--s 00393000 08:01 2756136                    /usr/lib/jvm/jdk1.8.0_181/jre/lib/ext/cldrdata.jar
7f7044034000-7f7044046000 r--s 00169000 08:01 713                        /home/whj/dowork/DiffTGen/extra_output/Chart_1_1_sofix/target/build/classes/all0.jar
7f7044046000-7f70440bf000 r--s 010f9000 08:01 1448503                    /usr/lib/jvm/jdk1.8.0_181/lib/tools.jar
7f70440bf000-7f7044619000 rw-p 00000000 00:00 0 
7f7044619000-7f704461a000 ---p 00000000 00:00 0 
7f704461a000-7f704471a000 rw-p 00000000 00:00 0 
7f704471a000-7f704471b000 ---p 00000000 00:00 0 
7f704471b000-7f7044845000 rw-p 00000000 00:00 0 
7f7044845000-7f7044ab3000 ---p 00000000 00:00 0 
7f7044ab3000-7f7044add000 rw-p 00000000 00:00 0 
7f7044add000-7f7044d4a000 ---p 00000000 00:00 0 
7f7044d4a000-7f7044de6000 rw-p 00000000 00:00 0 
7f7044de6000-7f7044e96000 ---p 00000000 00:00 0 
7f7044e96000-7f7044ebb000 rw-p 00000000 00:00 0 
7f7044ebb000-7f7045257000 ---p 00000000 00:00 0 
7f7045257000-7f7045272000 r-xp 00000000 08:01 2756233                    /usr/lib/jvm/jdk1.8.0_181/jre/lib/amd64/libzip.so
7f7045272000-7f7045472000 ---p 0001b000 08:01 2756233                    /usr/lib/jvm/jdk1.8.0_181/jre/lib/amd64/libzip.so
7f7045472000-7f7045473000 rw-p 0001b000 08:01 2756233                    /usr/lib/jvm/jdk1.8.0_181/jre/lib/amd64/libzip.so
7f7045473000-7f704547e000 r-xp 00000000 08:01 1054188                    /lib/x86_64-linux-gnu/libnss_files-2.23.so
7f704547e000-7f704567d000 ---p 0000b000 08:01 1054188                    /lib/x86_64-linux-gnu/libnss_files-2.23.so
7f704567d000-7f704567e000 r--p 0000a000 08:01 1054188                    /lib/x86_64-linux-gnu/libnss_files-2.23.so
7f704567e000-7f704567f000 rw-p 0000b000 08:01 1054188                    /lib/x86_64-linux-gnu/libnss_files-2.23.so
7f704567f000-7f7045685000 rw-p 00000000 00:00 0 
7f7045685000-7f7045690000 r-xp 00000000 08:01 1054198                    /lib/x86_64-linux-gnu/libnss_nis-2.23.so
7f7045690000-7f704588f000 ---p 0000b000 08:01 1054198                    /lib/x86_64-linux-gnu/libnss_nis-2.23.so
7f704588f000-7f7045890000 r--p 0000a000 08:01 1054198                    /lib/x86_64-linux-gnu/libnss_nis-2.23.so
7f7045890000-7f7045891000 rw-p 0000b000 08:01 1054198                    /lib/x86_64-linux-gnu/libnss_nis-2.23.so
7f7045891000-7f70458a7000 r-xp 00000000 08:01 1054182                    /lib/x86_64-linux-gnu/libnsl-2.23.so
7f70458a7000-7f7045aa6000 ---p 00016000 08:01 1054182                    /lib/x86_64-linux-gnu/libnsl-2.23.so
7f7045aa6000-7f7045aa7000 r--p 00015000 08:01 1054182                    /lib/x86_64-linux-gnu/libnsl-2.23.so
7f7045aa7000-7f7045aa8000 rw-p 00016000 08:01 1054182                    /lib/x86_64-linux-gnu/libnsl-2.23.so
7f7045aa8000-7f7045aaa000 rw-p 00000000 00:00 0 
7f7045aaa000-7f7045ab2000 r-xp 00000000 08:01 1054184                    /lib/x86_64-linux-gnu/libnss_compat-2.23.so
7f7045ab2000-7f7045cb1000 ---p 00008000 08:01 1054184                    /lib/x86_64-linux-gnu/libnss_compat-2.23.so
7f7045cb1000-7f7045cb2000 r--p 00007000 08:01 1054184                    /lib/x86_64-linux-gnu/libnss_compat-2.23.so
7f7045cb2000-7f7045cb3000 rw-p 00008000 08:01 1054184                    /lib/x86_64-linux-gnu/libnss_compat-2.23.so
7f7045cb3000-7f7045cde000 r-xp 00000000 08:01 2756227                    /usr/lib/jvm/jdk1.8.0_181/jre/lib/amd64/libjava.so
7f7045cde000-7f7045edd000 ---p 0002b000 08:01 2756227                    /usr/lib/jvm/jdk1.8.0_181/jre/lib/amd64/libjava.so
7f7045edd000-7f7045edf000 rw-p 0002a000 08:01 2756227                    /usr/lib/jvm/jdk1.8.0_181/jre/lib/amd64/libjava.so
7f7045edf000-7f7045eec000 r-xp 00000000 08:01 2756232                    /usr/lib/jvm/jdk1.8.0_181/jre/lib/amd64/libverify.so
7f7045eec000-7f70460ec000 ---p 0000d000 08:01 2756232                    /usr/lib/jvm/jdk1.8.0_181/jre/lib/amd64/libverify.so
7f70460ec000-7f70460ee000 rw-p 0000d000 08:01 2756232                    /usr/lib/jvm/jdk1.8.0_181/jre/lib/amd64/libverify.so
7f70460ee000-7f70460f5000 r-xp 00000000 08:01 1054243                    /lib/x86_64-linux-gnu/librt-2.23.so
7f70460f5000-7f70462f4000 ---p 00007000 08:01 1054243                    /lib/x86_64-linux-gnu/librt-2.23.so
7f70462f4000-7f70462f5000 r--p 00006000 08:01 1054243                    /lib/x86_64-linux-gnu/librt-2.23.so
7f70462f5000-7f70462f6000 rw-p 00007000 08:01 1054243                    /lib/x86_64-linux-gnu/librt-2.23.so
7f70462f6000-7f70463fe000 r-xp 00000000 08:01 1054159                    /lib/x86_64-linux-gnu/libm-2.23.so
7f70463fe000-7f70465fd000 ---p 00108000 08:01 1054159                    /lib/x86_64-linux-gnu/libm-2.23.so
7f70465fd000-7f70465fe000 r--p 00107000 08:01 1054159                    /lib/x86_64-linux-gnu/libm-2.23.so
7f70465fe000-7f70465ff000 rw-p 00108000 08:01 1054159                    /lib/x86_64-linux-gnu/libm-2.23.so
7f70465ff000-7f70472db000 r-xp 00000000 08:01 2756209                    /usr/lib/jvm/jdk1.8.0_181/jre/lib/amd64/server/libjvm.so
7f70472db000-7f70474db000 ---p 00cdc000 08:01 2756209                    /usr/lib/jvm/jdk1.8.0_181/jre/lib/amd64/server/libjvm.so
7f70474db000-7f70475b5000 rw-p 00cdc000 08:01 2756209                    /usr/lib/jvm/jdk1.8.0_181/jre/lib/amd64/server/libjvm.so
7f70475b5000-7f7047600000 rw-p 00000000 00:00 0 
7f7047600000-7f70477c0000 r-xp 00000000 08:01 1054089                    /lib/x86_64-linux-gnu/libc-2.23.so
7f70477c0000-7f70479c0000 ---p 001c0000 08:01 1054089                    /lib/x86_64-linux-gnu/libc-2.23.so
7f70479c0000-7f70479c4000 r--p 001c0000 08:01 1054089                    /lib/x86_64-linux-gnu/libc-2.23.so
7f70479c4000-7f70479c6000 rw-p 001c4000 08:01 1054089                    /lib/x86_64-linux-gnu/libc-2.23.so
7f70479c6000-7f70479ca000 rw-p 00000000 00:00 0 
7f70479ca000-7f70479cd000 r-xp 00000000 08:01 1054113                    /lib/x86_64-linux-gnu/libdl-2.23.so
7f70479cd000-7f7047bcc000 ---p 00003000 08:01 1054113                    /lib/x86_64-linux-gnu/libdl-2.23.so
7f7047bcc000-7f7047bcd000 r--p 00002000 08:01 1054113                    /lib/x86_64-linux-gnu/libdl-2.23.so
7f7047bcd000-7f7047bce000 rw-p 00003000 08:01 1054113                    /lib/x86_64-linux-gnu/libdl-2.23.so
7f7047bce000-7f7047be4000 r-xp 00000000 08:01 1449032                    /usr/lib/jvm/jdk1.8.0_181/lib/amd64/jli/libjli.so
7f7047be4000-7f7047de3000 ---p 00016000 08:01 1449032                    /usr/lib/jvm/jdk1.8.0_181/lib/amd64/jli/libjli.so
7f7047de3000-7f7047de4000 rw-p 00015000 08:01 1449032                    /usr/lib/jvm/jdk1.8.0_181/lib/amd64/jli/libjli.so
7f7047de4000-7f7047dfc000 r-xp 00000000 08:01 1054235                    /lib/x86_64-linux-gnu/libpthread-2.23.so
7f7047dfc000-7f7047ffb000 ---p 00018000 08:01 1054235                    /lib/x86_64-linux-gnu/libpthread-2.23.so
7f7047ffb000-7f7047ffc000 r--p 00017000 08:01 1054235                    /lib/x86_64-linux-gnu/libpthread-2.23.so
7f7047ffc000-7f7047ffd000 rw-p 00018000 08:01 1054235                    /lib/x86_64-linux-gnu/libpthread-2.23.so
7f7047ffd000-7f7048001000 rw-p 00000000 00:00 0 
7f7048001000-7f7048027000 r-xp 00000000 08:01 1054061                    /lib/x86_64-linux-gnu/ld-2.23.so
7f704802d000-7f7048037000 r--s 00116000 08:01 2756143                    /usr/lib/jvm/jdk1.8.0_181/jre/lib/ext/localedata.jar
7f7048037000-7f7048108000 rw-p 00000000 00:00 0 
7f7048108000-7f704810b000 ---p 00000000 00:00 0 
7f704810b000-7f704820e000 rw-p 00000000 00:00 0 
7f704820e000-7f7048213000 r--s 0009d000 08:01 2756133                    /usr/lib/jvm/jdk1.8.0_181/jre/lib/jsse.jar
7f7048213000-7f704821b000 r--s 0006e000 08:01 2248917                    /home/whj/dowork/DiffTGen/lib/commons-lang3-3.5.jar
7f704821b000-7f704821c000 r--s 00000000 08:01 2248922                    /home/whj/dowork/DiffTGen/lib/myprinter.jar
7f704821c000-7f7048224000 rw-s 00000000 08:01 1984689                    /tmp/hsperfdata_whj/121411
7f7048224000-7f7048225000 rw-p 00000000 00:00 0 
7f7048225000-7f7048226000 ---p 00000000 00:00 0 
7f7048226000-7f7048227000 r--p 00025000 08:01 1054061                    /lib/x86_64-linux-gnu/ld-2.23.so
7f7048227000-7f7048228000 rw-p 00026000 08:01 1054061                    /lib/x86_64-linux-gnu/ld-2.23.so
7f7048228000-7f7048229000 rw-p 00000000 00:00 0 
7fff40fbd000-7fff40fdf000 rw-p 00000000 00:00 0                          [stack]
7fff40ff2000-7fff40ff5000 r--p 00000000 00:00 0                          [vvar]
7fff40ff5000-7fff40ff7000 r-xp 00000000 00:00 0                          [vdso]
ffffffffff600000-ffffffffff601000 r-xp 00000000 00:00 0                  [vsyscall]

VM Arguments:
java_command: /home/whj/dowork/DiffTGen/lib/evosuite-1.0.6.jar -base_dir /home/whj/dowork/DiffTGen/extra_output/Chart_1_1_sofix/target/0/18 -projectCP /home/whj/dowork/DiffTGen/extra_output/Chart_1_1_sofix/target/build/classes/all0.jar:/home/whj/dowork/DiffTGen/lib/myprinter.jar:/home/whj/dowork/DiffTGen/lib/commons-lang3-3.5.jar -class org.jfree.chart.renderer.category.AbstractCategoryItemRenderer -Dassertions=false -Dsearch_budget=60
java_class_path (initial): /home/whj/dowork/DiffTGen/lib/evosuite-1.0.6.jar
Launcher Type: SUN_STANDARD

Environment Variables:
JAVA_HOME=/usr/lib/jvm/jdk1.8.0_181
JRE_HOME=/usr/lib/jvm/jdk1.8.0_181/jre
CLASSPATH=.:/usr/lib/jvm/jdk1.8.0_181/lib:/usr/lib/jvm/jdk1.8.0_181/jre/lib
PATH=/home/whj/perl5/bin:/home/whj/dowork/defects4j-1.2.0/framework/bin:/usr/lib/jvm/jdk1.8.0_181/bin:/usr/lib/jvm/jdk1.8.0_181/jre/bin:/home/whj/bin:/home/whj/.local/bin:/usr/local/sbin:/usr/local/bin:/usr/sbin:/usr/bin:/sbin:/bin:/usr/games:/usr/local/games" :/snap/bin:/home/whj/bin
SHELL=/bin/bash
DISPLAY=:0

Signal Handlers:
SIGSEGV: [libjvm.so+0xad2a40], sa_mask[0]=11111111011111111101111111111110, sa_flags=SA_RESTART|SA_SIGINFO
SIGBUS: [libjvm.so+0xad2a40], sa_mask[0]=11111111011111111101111111111110, sa_flags=SA_RESTART|SA_SIGINFO
SIGFPE: [libjvm.so+0x92a610], sa_mask[0]=11111111011111111101111111111110, sa_flags=SA_RESTART|SA_SIGINFO
SIGPIPE: [libjvm.so+0x92a610], sa_mask[0]=11111111011111111101111111111110, sa_flags=SA_RESTART|SA_SIGINFO
SIGXFSZ: [libjvm.so+0x92a610], sa_mask[0]=11111111011111111101111111111110, sa_flags=SA_RESTART|SA_SIGINFO
SIGILL: [libjvm.so+0x92a610], sa_mask[0]=11111111011111111101111111111110, sa_flags=SA_RESTART|SA_SIGINFO
SIGUSR1: SIG_DFL, sa_mask[0]=00000000000000000000000000000000, sa_flags=none
SIGUSR2: [libjvm.so+0x92be70], sa_mask[0]=00100000000000000000000000000000, sa_flags=SA_RESTART|SA_SIGINFO
SIGHUP: [libjvm.so+0x92d270], sa_mask[0]=11111111011111111101111111111110, sa_flags=SA_RESTART|SA_SIGINFO
SIGINT: [libjvm.so+0x92d270], sa_mask[0]=11111111011111111101111111111110, sa_flags=SA_RESTART|SA_SIGINFO
SIGTERM: [libjvm.so+0x92d270], sa_mask[0]=11111111011111111101111111111110, sa_flags=SA_RESTART|SA_SIGINFO
SIGQUIT: [libjvm.so+0x92d270], sa_mask[0]=11111111011111111101111111111110, sa_flags=SA_RESTART|SA_SIGINFO


---------------  S Y S T E M  ---------------

OS:DISTRIB_ID=Ubuntu
DISTRIB_RELEASE=16.04
DISTRIB_CODENAME=xenial
DISTRIB_DESCRIPTION="Ubuntu 16.04.6 LTS"

uname:Linux 4.15.0-91-generic #92~16.04.1-Ubuntu SMP Fri Feb 28 14:57:22 UTC 2020 x86_64
libc:glibc 2.23 NPTL 2.23 
rlimit: STACK 8192k, CORE 0k, NPROC 31576, NOFILE 1048576, AS infinity
load average:17.06 15.87 15.34

/proc/meminfo:
MemTotal:        8144704 kB
MemFree:          169252 kB
MemAvailable:      96004 kB
Buffers:            5380 kB
Cached:            90068 kB
SwapCached:        16216 kB
Active:          6944704 kB
Inactive:         580164 kB
Active(anon):    6912820 kB
Inactive(anon):   516652 kB
Active(file):      31884 kB
Inactive(file):    63512 kB
Unevictable:          32 kB
Mlocked:              32 kB
SwapTotal:        998396 kB
SwapFree:          83324 kB
Dirty:               464 kB
Writeback:             0 kB
AnonPages:       7413380 kB
Mapped:            43728 kB
Shmem:                 8 kB
Slab:              88420 kB
SReclaimable:      31744 kB
SUnreclaim:        56676 kB
KernelStack:       14096 kB
PageTables:        47088 kB
NFS_Unstable:          0 kB
Bounce:                0 kB
WritebackTmp:          0 kB
CommitLimit:     5070748 kB
Committed_AS:   13542288 kB
VmallocTotal:   34359738367 kB
VmallocUsed:           0 kB
VmallocChunk:          0 kB
HardwareCorrupted:     0 kB
AnonHugePages:         0 kB
ShmemHugePages:        0 kB
ShmemPmdMapped:        0 kB
CmaTotal:              0 kB
CmaFree:               0 kB
HugePages_Total:       0
HugePages_Free:        0
HugePages_Rsvd:        0
HugePages_Surp:        0
Hugepagesize:       2048 kB
DirectMap4k:      128832 kB
DirectMap2M:     7211008 kB
DirectMap1G:     3145728 kB


CPU:total 2 (initial active 2) (2 cores per cpu, 1 threads per core) family 6 model 158 stepping 10, cmov, cx8, fxsr, mmx, sse, sse2, sse3, ssse3, sse4.1, sse4.2, popcnt, avx, avx2, aes, clmul, erms, 3dnowpref, lzcnt, tsc, tscinvbit, bmi1, bmi2, adx

/proc/cpuinfo:
processor	: 0
vendor_id	: GenuineIntel
cpu family	: 6
model		: 158
model name	: Intel(R) Core(TM) i7-8750H CPU @ 2.20GHz
stepping	: 10
microcode	: 0x96
cpu MHz		: 2207.999
cache size	: 9216 KB
physical id	: 0
siblings	: 2
core id		: 0
cpu cores	: 2
apicid		: 0
initial apicid	: 0
fpu		: yes
fpu_exception	: yes
cpuid level	: 22
wp		: yes
flags		: fpu vme de pse tsc msr pae mce cx8 apic sep mtrr pge mca cmov pat pse36 clflush mmx fxsr sse sse2 ss ht syscall nx pdpe1gb rdtscp lm constant_tsc arch_perfmon nopl xtopology tsc_reliable nonstop_tsc cpuid pni pclmulqdq ssse3 fma cx16 pcid sse4_1 sse4_2 x2apic movbe popcnt tsc_deadline_timer aes xsave avx f16c rdrand hypervisor lahf_lm abm 3dnowprefetch cpuid_fault invpcid_single pti ssbd ibrs ibpb stibp fsgsbase tsc_adjust bmi1 avx2 smep bmi2 invpcid rdseed adx smap xsaveopt arat flush_l1d arch_capabilities
bugs		: cpu_meltdown spectre_v1 spectre_v2 spec_store_bypass l1tf mds swapgs itlb_multihit
bogomips	: 4415.99
clflush size	: 64
cache_alignment	: 64
address sizes	: 42 bits physical, 48 bits virtual
power management:

processor	: 1
vendor_id	: GenuineIntel
cpu family	: 6
model		: 158
model name	: Intel(R) Core(TM) i7-8750H CPU @ 2.20GHz
stepping	: 10
microcode	: 0x96
cpu MHz		: 2207.999
cache size	: 9216 KB
physical id	: 0
siblings	: 2
core id		: 1
cpu cores	: 2
apicid		: 1
initial apicid	: 1
fpu		: yes
fpu_exception	: yes
cpuid level	: 22
wp		: yes
flags		: fpu vme de pse tsc msr pae mce cx8 apic sep mtrr pge mca cmov pat pse36 clflush mmx fxsr sse sse2 ss ht syscall nx pdpe1gb rdtscp lm constant_tsc arch_perfmon nopl xtopology tsc_reliable nonstop_tsc cpuid pni pclmulqdq ssse3 fma cx16 pcid sse4_1 sse4_2 x2apic movbe popcnt tsc_deadline_timer aes xsave avx f16c rdrand hypervisor lahf_lm abm 3dnowprefetch cpuid_fault invpcid_single pti ssbd ibrs ibpb stibp fsgsbase tsc_adjust bmi1 avx2 smep bmi2 invpcid rdseed adx smap xsaveopt arat flush_l1d arch_capabilities
bugs		: cpu_meltdown spectre_v1 spectre_v2 spec_store_bypass l1tf mds swapgs itlb_multihit
bogomips	: 4415.99
clflush size	: 64
cache_alignment	: 64
address sizes	: 42 bits physical, 48 bits virtual
power management:



Memory: 4k page, physical 8144704k(169252k free), swap 998396k(83324k free)

vm_info: Java HotSpot(TM) 64-Bit Server VM (25.181-b13) for linux-amd64 JRE (1.8.0_181-b13), built on Jul  7 2018 00:56:38 by "java_re" with gcc 4.3.0 20080428 (Red Hat 4.3.0-8)

time: Fri Mar 27 19:38:20 2020
elapsed time: 146 seconds (0d 0h 2m 26s)

