#
# There is insufficient memory for the Java Runtime Environment to continue.
# Native memory allocation (mmap) failed to map 116391936 bytes for committing reserved memory.
# Possible reasons:
#   The system is out of physical RAM or swap space
#   In 32 bit mode, the process size limit was hit
# Possible solutions:
#   Reduce memory load on the system
#   Increase physical memory or swap space
#   Check if swap backing store is full
#   Use 64 bit Java on a 64 bit OS
#   Decrease Java heap size (-Xmx/-Xms)
#   Decrease number of Java threads
#   Decrease Java thread stack sizes (-Xss)
#   Set larger code cache with -XX:ReservedCodeCacheSize=
# This output file may be truncated or incomplete.
#
#  Out of Memory Error (os_linux.cpp:2640), pid=129918, tid=0x00007f21141c7700
#
# JRE version: Java(TM) SE Runtime Environment (8.0_181-b13) (build 1.8.0_181-b13)
# Java VM: Java HotSpot(TM) 64-Bit Server VM (25.181-b13 mixed mode linux-amd64 compressed oops)
# Failed to write core dump. Core dumps have been disabled. To enable core dumping, try "ulimit -c unlimited" before starting Java again
#

---------------  T H R E A D  ---------------

Current thread (0x00007f21280fb800):  VMThread [stack: 0x00007f21140c7000,0x00007f21141c8000] [id=129954]

Stack: [0x00007f21140c7000,0x00007f21141c8000],  sp=0x00007f21141c6120,  free space=1020k
Native frames: (J=compiled Java code, j=interpreted, Vv=VM code, C=native code)
V  [libjvm.so+0xad21aa]  VMError::report_and_die()+0x2ba
V  [libjvm.so+0x5022db]  report_vm_out_of_memory(char const*, int, unsigned long, VMErrorType, char const*)+0x8b
V  [libjvm.so+0x92fe33]  os::Linux::commit_memory_impl(char*, unsigned long, bool)+0x123
V  [libjvm.so+0x930059]  os::pd_commit_memory(char*, unsigned long, unsigned long, bool)+0x29
V  [libjvm.so+0x9272ba]  os::commit_memory(char*, unsigned long, unsigned long, bool)+0x2a
V  [libjvm.so+0x99d2e3]  PSVirtualSpace::expand_by(unsigned long)+0x53
V  [libjvm.so+0x99e6e8]  PSYoungGen::resize_generation(unsigned long, unsigned long)+0xf8
V  [libjvm.so+0x99d842]  PSYoungGen::resize(unsigned long, unsigned long)+0x22
V  [libjvm.so+0x99ab1b]  PSScavenge::invoke_no_policy()+0xf3b
V  [libjvm.so+0x99b2a1]  PSScavenge::invoke()+0x41
V  [libjvm.so+0x951d70]  ParallelScavengeHeap::failed_mem_allocate(unsigned long)+0x70
V  [libjvm.so+0xad3c27]  VM_ParallelGCFailedAllocation::doit()+0x97
V  [libjvm.so+0xadb745]  VM_Operation::evaluate()+0x55
V  [libjvm.so+0xad9b0a]  VMThread::evaluate_operation(VM_Operation*)+0xba
V  [libjvm.so+0xad9e8e]  VMThread::loop()+0x1ce
V  [libjvm.so+0xada300]  VMThread::run()+0x70
V  [libjvm.so+0x930198]  java_start(Thread*)+0x108

VM_Operation (0x00007f210d869ee0): ParallelGCFailedAllocation, mode: safepoint, requested by thread 0x00007f20dc003000


---------------  P R O C E S S  ---------------

Java Threads: ( => current thread )
  0x00007f20dc003000 JavaThread "RMI TCP Connection(5)-127.0.0.1" daemon [_thread_blocked, id=130375, stack(0x00007f210d76e000,0x00007f210d86f000)]
  0x00007f20dc001800 JavaThread "RMI TCP Connection(4)-127.0.0.1" daemon [_thread_blocked, id=130346, stack(0x00007f210d46b000,0x00007f210d56c000)]
  0x00007f20f8040800 JavaThread "RMI Scheduler(0)" daemon [_thread_blocked, id=130341, stack(0x00007f210d56c000,0x00007f210d66d000)]
  0x00007f20f803d800 JavaThread "RMI RenewClean-[127.0.0.1:2662]" daemon [_thread_blocked, id=130320, stack(0x00007f210d66d000,0x00007f210d76e000)]
  0x00007f20d8005000 JavaThread "pool-3-thread-3" [_thread_in_native, id=130256, stack(0x00007f210d86f000,0x00007f210d970000)]
  0x00007f20d8003800 JavaThread "pool-3-thread-2" [_thread_in_native, id=130254, stack(0x00007f210d970000,0x00007f210da71000)]
  0x00007f20d8002800 JavaThread "pool-3-thread-1" [_thread_in_native, id=130251, stack(0x00007f210da71000,0x00007f210db72000)]
  0x00007f212840b800 JavaThread "Thread-3" [_thread_in_native, id=130165, stack(0x00007f210db72000,0x00007f210dc73000)]
  0x00007f212840a000 JavaThread "Thread-2" [_thread_in_native, id=130161, stack(0x00007f210dc73000,0x00007f210dd74000)]
  0x00007f2128408800 JavaThread "process reaper" daemon [_thread_in_native, id=130155, stack(0x00007f212c02d000,0x00007f212c066000)]
  0x00007f2128404000 JavaThread "pool-2-thread-1" [_thread_in_native, id=130150, stack(0x00007f210dd74000,0x00007f210de75000)]
  0x00007f2128402800 JavaThread "GC Daemon" daemon [_thread_blocked, id=130074, stack(0x00007f210de75000,0x00007f210df76000)]
  0x00007f21283fd800 JavaThread "RMI Reaper" [_thread_blocked, id=130073, stack(0x00007f210df76000,0x00007f210e077000)]
  0x00007f21283f6800 JavaThread "RMI TCP Accept-14478" daemon [_thread_in_native, id=130072, stack(0x00007f210e077000,0x00007f210e178000)]
  0x00007f21283ef800 JavaThread "RMI TCP Accept-15264" daemon [_thread_in_native, id=130065, stack(0x00007f210e178000,0x00007f210e279000)]
  0x00007f2128294000 JavaThread "logback-3" daemon [_thread_blocked, id=130041, stack(0x00007f210e7ef000,0x00007f210e8f0000)]
  0x00007f2128292800 JavaThread "logback-2" daemon [_thread_blocked, id=130040, stack(0x00007f210e8f0000,0x00007f210e9f1000)]
  0x00007f2128290800 JavaThread "logback-1" daemon [_thread_blocked, id=130038, stack(0x00007f210e9f1000,0x00007f210eaf2000)]
  0x00007f2128142000 JavaThread "Service Thread" daemon [_thread_blocked, id=130003, stack(0x00007f210f03b000,0x00007f210f13c000)]
  0x00007f212813f000 JavaThread "C1 CompilerThread1" daemon [_thread_blocked, id=129998, stack(0x00007f210f13c000,0x00007f210f23d000)]
  0x00007f212813c000 JavaThread "C2 CompilerThread0" daemon [_thread_in_native, id=129990, stack(0x00007f210f23d000,0x00007f210f33e000)]
  0x00007f212813a800 JavaThread "Signal Dispatcher" daemon [_thread_blocked, id=129981, stack(0x00007f210f33e000,0x00007f210f43f000)]
  0x00007f2128107800 JavaThread "Finalizer" daemon [_thread_blocked, id=129968, stack(0x00007f210fdfe000,0x00007f210feff000)]
  0x00007f2128105000 JavaThread "Reference Handler" daemon [_thread_blocked, id=129961, stack(0x00007f210feff000,0x00007f2110000000)]
  0x00007f212800a800 JavaThread "main" [_thread_in_native, id=129936, stack(0x00007f2130289000,0x00007f213038a000)]

Other Threads:
=>0x00007f21280fb800 VMThread [stack: 0x00007f21140c7000,0x00007f21141c8000] [id=129954]
  0x00007f2128146800 WatcherThread [stack: 0x00007f210ef3a000,0x00007f210f03b000] [id=130016]

VM state:at safepoint (normal execution)

VM Mutex/Monitor currently owned by a thread:  ([mutex/lock_event])
[0x00007f2128006ca0] Threads_lock - owner thread: 0x00007f21280fb800
[0x00007f21280071a0] Heap_lock - owner thread: 0x00007f20dc003000

Heap:
 PSYoungGen      total 209408K, used 17406K [0x00000000d6900000, 0x00000000e6800000, 0x0000000100000000)
  eden space 192000K, 0% used [0x00000000d6900000,0x00000000d6900000,0x00000000e2480000)
  from space 17408K, 99% used [0x00000000e4600000,0x00000000e56ff8e8,0x00000000e5700000)
  to   space 10752K, 0% used [0x00000000e5d80000,0x00000000e5d80000,0x00000000e6800000)
 ParOldGen       total 86016K, used 70588K [0x0000000083a00000, 0x0000000088e00000, 0x00000000d6900000)
  object space 86016K, 82% used [0x0000000083a00000,0x0000000087eef1b0,0x0000000088e00000)
 Metaspace       used 17201K, capacity 17726K, committed 17920K, reserved 1064960K
  class space    used 1901K, capacity 2041K, committed 2048K, reserved 1048576K

Card table byte_map: [0x00007f212cc34000,0x00007f212d018000] byte_map_base: 0x00007f212c817000

Marking Bits: (ParMarkBitMap*) 0x00007f212f7540a0
 Begin Bits: [0x00007f21151d0000, 0x00007f21170e8000)
 End Bits:   [0x00007f21170e8000, 0x00007f2119000000)

Polling page: 0x00007f21303a6000

CodeCache: size=245760Kb used=8630Kb max_used=8630Kb free=237129Kb
 bounds [0x00007f2119000000, 0x00007f2119880000, 0x00007f2128000000]
 total_blobs=2715 nmethods=2360 adapters=267
 compilation: enabled

Compilation events (10 events):
Event: 123.662 Thread 0x00007f212813f000 2528       2       java.io.Bits::putShort (16 bytes)
Event: 123.662 Thread 0x00007f212813f000 nmethod 2528 0x00007f2119870510 code [0x00007f2119870680, 0x00007f21198707f0]
Event: 123.662 Thread 0x00007f212813f000 2529       2       java.io.ObjectOutputStream$BlockDataOutputStream::writeShort (47 bytes)
Event: 123.663 Thread 0x00007f212813f000 nmethod 2529 0x00007f2119870910 code [0x00007f2119870aa0, 0x00007f2119870cf8]
Event: 123.671 Thread 0x00007f212813f000 2530   !   2       java.io.ObjectInputStream$ValidationList::doCallbacks (58 bytes)
Event: 123.671 Thread 0x00007f212813f000 nmethod 2530 0x00007f2119870ed0 code [0x00007f2119871060, 0x00007f2119871398]
Event: 123.880 Thread 0x00007f212813f000 2532       1       java.io.ObjectInputStream::access$600 (5 bytes)
Event: 123.880 Thread 0x00007f212813f000 nmethod 2532 0x00007f2119829650 code [0x00007f21198297a0, 0x00007f2119829890]
Event: 123.910 Thread 0x00007f212813f000 2533   !   2       sun.reflect.GeneratedSerializationConstructorAccessor77::newInstance (49 bytes)
Event: 123.910 Thread 0x00007f212813f000 nmethod 2533 0x00007f21198716d0 code [0x00007f2119871860, 0x00007f2119871ba8]

GC Heap History (10 events):
Event: 101.680 GC heap after
Heap after GC invocations=7 (full 1):
 PSYoungGen      total 65024K, used 5115K [0x00000000d6900000, 0x00000000dbe00000, 0x0000000100000000)
  eden space 59904K, 0% used [0x00000000d6900000,0x00000000d6900000,0x00000000da380000)
  from space 5120K, 99% used [0x00000000dae00000,0x00000000db2feda8,0x00000000db300000)
  to   space 10752K, 0% used [0x00000000da380000,0x00000000da380000,0x00000000dae00000)
 ParOldGen       total 86016K, used 12815K [0x0000000083a00000, 0x0000000088e00000, 0x00000000d6900000)
  object space 86016K, 14% used [0x0000000083a00000,0x0000000084683cf0,0x0000000088e00000)
 Metaspace       used 14119K, capacity 14554K, committed 14848K, reserved 1062912K
  class space    used 1608K, capacity 1742K, committed 1792K, reserved 1048576K
}
Event: 102.202 GC heap before
{Heap before GC invocations=8 (full 1):
 PSYoungGen      total 65024K, used 65019K [0x00000000d6900000, 0x00000000dbe00000, 0x0000000100000000)
  eden space 59904K, 100% used [0x00000000d6900000,0x00000000da380000,0x00000000da380000)
  from space 5120K, 99% used [0x00000000dae00000,0x00000000db2feda8,0x00000000db300000)
  to   space 10752K, 0% used [0x00000000da380000,0x00000000da380000,0x00000000dae00000)
 ParOldGen       total 86016K, used 12815K [0x0000000083a00000, 0x0000000088e00000, 0x00000000d6900000)
  object space 86016K, 14% used [0x0000000083a00000,0x0000000084683cf0,0x0000000088e00000)
 Metaspace       used 14163K, capacity 14560K, committed 14848K, reserved 1062912K
  class space    used 1609K, capacity 1743K, committed 1792K, reserved 1048576K
Event: 102.241 GC heap after
Heap after GC invocations=8 (full 1):
 PSYoungGen      total 70656K, used 6491K [0x00000000d6900000, 0x00000000df200000, 0x0000000100000000)
  eden space 59904K, 0% used [0x00000000d6900000,0x00000000d6900000,0x00000000da380000)
  from space 10752K, 60% used [0x00000000da380000,0x00000000da9d6de8,0x00000000dae00000)
  to   space 10240K, 0% used [0x00000000de800000,0x00000000de800000,0x00000000df200000)
 ParOldGen       total 86016K, used 12815K [0x0000000083a00000, 0x0000000088e00000, 0x00000000d6900000)
  object space 86016K, 14% used [0x0000000083a00000,0x0000000084683cf0,0x0000000088e00000)
 Metaspace       used 14163K, capacity 14560K, committed 14848K, reserved 1062912K
  class space    used 1609K, capacity 1743K, committed 1792K, reserved 1048576K
}
Event: 102.666 GC heap before
{Heap before GC invocations=9 (full 1):
 PSYoungGen      total 70656K, used 66395K [0x00000000d6900000, 0x00000000df200000, 0x0000000100000000)
  eden space 59904K, 100% used [0x00000000d6900000,0x00000000da380000,0x00000000da380000)
  from space 10752K, 60% used [0x00000000da380000,0x00000000da9d6de8,0x00000000dae00000)
  to   space 10240K, 0% used [0x00000000de800000,0x00000000de800000,0x00000000df200000)
 ParOldGen       total 86016K, used 12815K [0x0000000083a00000, 0x0000000088e00000, 0x00000000d6900000)
  object space 86016K, 14% used [0x0000000083a00000,0x0000000084683cf0,0x0000000088e00000)
 Metaspace       used 14212K, capacity 14688K, committed 14848K, reserved 1062912K
  class space    used 1609K, capacity 1743K, committed 1792K, reserved 1048576K
Event: 102.696 GC heap after
Heap after GC invocations=9 (full 1):
 PSYoungGen      total 130048K, used 4672K [0x00000000d6900000, 0x00000000df200000, 0x0000000100000000)
  eden space 119808K, 0% used [0x00000000d6900000,0x00000000d6900000,0x00000000dde00000)
  from space 10240K, 45% used [0x00000000de800000,0x00000000dec90010,0x00000000df200000)
  to   space 10240K, 0% used [0x00000000dde00000,0x00000000dde00000,0x00000000de800000)
 ParOldGen       total 86016K, used 16936K [0x0000000083a00000, 0x0000000088e00000, 0x00000000d6900000)
  object space 86016K, 19% used [0x0000000083a00000,0x0000000084a8a078,0x0000000088e00000)
 Metaspace       used 14212K, capacity 14688K, committed 14848K, reserved 1062912K
  class space    used 1609K, capacity 1743K, committed 1792K, reserved 1048576K
}
Event: 103.663 GC heap before
{Heap before GC invocations=10 (full 1):
 PSYoungGen      total 130048K, used 124480K [0x00000000d6900000, 0x00000000df200000, 0x0000000100000000)
  eden space 119808K, 100% used [0x00000000d6900000,0x00000000dde00000,0x00000000dde00000)
  from space 10240K, 45% used [0x00000000de800000,0x00000000dec90010,0x00000000df200000)
  to   space 10240K, 0% used [0x00000000dde00000,0x00000000dde00000,0x00000000de800000)
 ParOldGen       total 86016K, used 16936K [0x0000000083a00000, 0x0000000088e00000, 0x00000000d6900000)
  object space 86016K, 19% used [0x0000000083a00000,0x0000000084a8a078,0x0000000088e00000)
 Metaspace       used 14274K, capacity 14752K, committed 15104K, reserved 1062912K
  class space    used 1609K, capacity 1743K, committed 1792K, reserved 1048576K
Event: 103.707 GC heap after
Heap after GC invocations=10 (full 1):
 PSYoungGen      total 130048K, used 8808K [0x00000000d6900000, 0x00000000e6800000, 0x0000000100000000)
  eden space 119808K, 0% used [0x00000000d6900000,0x00000000d6900000,0x00000000dde00000)
  from space 10240K, 86% used [0x00000000dde00000,0x00000000de69a258,0x00000000de800000)
  to   space 10752K, 0% used [0x00000000e5d80000,0x00000000e5d80000,0x00000000e6800000)
 ParOldGen       total 86016K, used 17700K [0x0000000083a00000, 0x0000000088e00000, 0x00000000d6900000)
  object space 86016K, 20% used [0x0000000083a00000,0x0000000084b49088,0x0000000088e00000)
 Metaspace       used 14274K, capacity 14752K, committed 15104K, reserved 1062912K
  class space    used 1609K, capacity 1743K, committed 1792K, reserved 1048576K
}
Event: 106.188 GC heap before
{Heap before GC invocations=11 (full 1):
 PSYoungGen      total 130048K, used 128616K [0x00000000d6900000, 0x00000000e6800000, 0x0000000100000000)
  eden space 119808K, 100% used [0x00000000d6900000,0x00000000dde00000,0x00000000dde00000)
  from space 10240K, 86% used [0x00000000dde00000,0x00000000de69a258,0x00000000de800000)
  to   space 10752K, 0% used [0x00000000e5d80000,0x00000000e5d80000,0x00000000e6800000)
 ParOldGen       total 86016K, used 17700K [0x0000000083a00000, 0x0000000088e00000, 0x00000000d6900000)
  object space 86016K, 20% used [0x0000000083a00000,0x0000000084b49088,0x0000000088e00000)
 Metaspace       used 16154K, capacity 16658K, committed 16896K, reserved 1064960K
  class space    used 1780K, capacity 1933K, committed 2048K, reserved 1048576K
Event: 106.298 GC heap after
Heap after GC invocations=11 (full 1):
 PSYoungGen      total 202752K, used 10745K [0x00000000d6900000, 0x00000000e6800000, 0x0000000100000000)
  eden space 192000K, 0% used [0x00000000d6900000,0x00000000d6900000,0x00000000e2480000)
  from space 10752K, 99% used [0x00000000e5d80000,0x00000000e67fe520,0x00000000e6800000)
  to   space 17408K, 0% used [0x00000000e4600000,0x00000000e4600000,0x00000000e5700000)
 ParOldGen       total 86016K, used 32488K [0x0000000083a00000, 0x0000000088e00000, 0x00000000d6900000)
  object space 86016K, 37% used [0x0000000083a00000,0x00000000859ba3a0,0x0000000088e00000)
 Metaspace       used 16154K, capacity 16658K, committed 16896K, reserved 1064960K
  class space    used 1780K, capacity 1933K, committed 2048K, reserved 1048576K
}
Event: 124.460 GC heap before
{Heap before GC invocations=12 (full 1):
 PSYoungGen      total 202752K, used 202745K [0x00000000d6900000, 0x00000000e6800000, 0x0000000100000000)
  eden space 192000K, 100% used [0x00000000d6900000,0x00000000e2480000,0x00000000e2480000)
  from space 10752K, 99% used [0x00000000e5d80000,0x00000000e67fe520,0x00000000e6800000)
  to   space 17408K, 0% used [0x00000000e4600000,0x00000000e4600000,0x00000000e5700000)
 ParOldGen       total 86016K, used 32488K [0x0000000083a00000, 0x0000000088e00000, 0x00000000d6900000)
  object space 86016K, 37% used [0x0000000083a00000,0x00000000859ba3a0,0x0000000088e00000)
 Metaspace       used 17201K, capacity 17726K, committed 17920K, reserved 1064960K
  class space    used 1901K, capacity 2041K, committed 2048K, reserved 1048576K

Deoptimization events (10 events):
Event: 101.965 Thread 0x00007f20dc001800 Uncommon trap: reason=bimorphic action=maybe_recompile pc=0x00007f2119532a44 method=java.util.AbstractCollection.addAll(Ljava/util/Collection;)Z @ 3
Event: 101.965 Thread 0x00007f20dc001800 Uncommon trap: reason=bimorphic action=maybe_recompile pc=0x00007f2119532a44 method=java.util.AbstractCollection.addAll(Ljava/util/Collection;)Z @ 3
Event: 101.965 Thread 0x00007f20dc001800 Uncommon trap: reason=bimorphic action=maybe_recompile pc=0x00007f2119532a44 method=java.util.AbstractCollection.addAll(Ljava/util/Collection;)Z @ 3
Event: 103.099 Thread 0x00007f20dc001800 Uncommon trap: reason=bimorphic action=maybe_recompile pc=0x00007f2119532a44 method=java.util.AbstractCollection.addAll(Ljava/util/Collection;)Z @ 3
Event: 103.976 Thread 0x00007f20dc001800 Uncommon trap: reason=predicate action=maybe_recompile pc=0x00007f21195dddc4 method=java.util.ArrayList.indexOf(Ljava/lang/Object;)I @ 44
Event: 104.137 Thread 0x00007f20dc001800 Uncommon trap: reason=unstable_if action=reinterpret pc=0x00007f21194adc6c method=java.io.SerialCallbackContext.check()V @ 4
Event: 104.808 Thread 0x00007f20dc001800 Uncommon trap: reason=unstable_if action=reinterpret pc=0x00007f21195caa18 method=java.io.ObjectStreamClass.hasReadResolveMethod()Z @ 8
Event: 104.858 Thread 0x00007f20dc001800 Uncommon trap: reason=unstable_if action=reinterpret pc=0x00007f21192b9090 method=java.util.HashMap.resize()[Ljava/util/HashMap$Node; @ 206
Event: 118.423 Thread 0x00007f20dc003000 Uncommon trap: reason=unstable_if action=reinterpret pc=0x00007f21197bd1bc method=java.io.ObjectInputStream.defaultReadFields(Ljava/lang/Object;Ljava/io/ObjectStreamClass;)V @ 49
Event: 122.903 Thread 0x00007f20dc001800 Uncommon trap: reason=unstable_if action=reinterpret pc=0x00007f21198268d8 method=org.evosuite.shaded.org.objectweb.asm.Item.isEqualTo(Lorg/evosuite/shaded/org/objectweb/asm/Item;)Z @ 345

Classes redefined (0 events):
No events

Internal exceptions (10 events):
Event: 101.349 Thread 0x00007f20dc001800 Implicit null exception at 0x00007f21191e1436 to 0x00007f21191e1811
Event: 101.680 Thread 0x00007f2128290800 Exception <a 'java/net/ConnectException'> (0x00000000d6900848) thrown at [/HUDSON/workspace/8-2-build-linux-amd64/jdk8u181/11358/hotspot/src/share/vm/prims/jni.cpp, line 709]
Event: 101.694 Thread 0x00007f2128292800 Exception <a 'java/net/ConnectException'> (0x00000000d74c5858) thrown at [/HUDSON/workspace/8-2-build-linux-amd64/jdk8u181/11358/hotspot/src/share/vm/prims/jni.cpp, line 709]
Event: 101.717 Thread 0x00007f2128294000 Exception <a 'java/net/ConnectException'> (0x00000000d7786c68) thrown at [/HUDSON/workspace/8-2-build-linux-amd64/jdk8u181/11358/hotspot/src/share/vm/prims/jni.cpp, line 709]
Event: 111.681 Thread 0x00007f2128290800 Exception <a 'java/net/ConnectException'> (0x00000000d74b2a40) thrown at [/HUDSON/workspace/8-2-build-linux-amd64/jdk8u181/11358/hotspot/src/share/vm/prims/jni.cpp, line 709]
Event: 111.695 Thread 0x00007f2128292800 Exception <a 'java/net/ConnectException'> (0x00000000d757d7d8) thrown at [/HUDSON/workspace/8-2-build-linux-amd64/jdk8u181/11358/hotspot/src/share/vm/prims/jni.cpp, line 709]
Event: 111.717 Thread 0x00007f2128294000 Exception <a 'java/net/ConnectException'> (0x00000000d7648578) thrown at [/HUDSON/workspace/8-2-build-linux-amd64/jdk8u181/11358/hotspot/src/share/vm/prims/jni.cpp, line 709]
Event: 121.681 Thread 0x00007f2128290800 Exception <a 'java/net/ConnectException'> (0x00000000d74b3568) thrown at [/HUDSON/workspace/8-2-build-linux-amd64/jdk8u181/11358/hotspot/src/share/vm/prims/jni.cpp, line 709]
Event: 121.695 Thread 0x00007f2128292800 Exception <a 'java/net/ConnectException'> (0x00000000d757e300) thrown at [/HUDSON/workspace/8-2-build-linux-amd64/jdk8u181/11358/hotspot/src/share/vm/prims/jni.cpp, line 709]
Event: 121.718 Thread 0x00007f2128294000 Exception <a 'java/net/ConnectException'> (0x00000000d76490a0) thrown at [/HUDSON/workspace/8-2-build-linux-amd64/jdk8u181/11358/hotspot/src/share/vm/prims/jni.cpp, line 709]

Events (10 events):
Event: 124.104 Executing VM operation: RevokeBias done
Event: 124.107 Executing VM operation: RevokeBias
Event: 124.107 Executing VM operation: RevokeBias done
Event: 124.107 Executing VM operation: RevokeBias
Event: 124.107 Executing VM operation: RevokeBias done
Event: 124.107 Executing VM operation: RevokeBias
Event: 124.107 Executing VM operation: RevokeBias done
Event: 124.107 Executing VM operation: RevokeBias
Event: 124.107 Executing VM operation: RevokeBias done
Event: 124.460 Executing VM operation: ParallelGCFailedAllocation


Dynamic libraries:
00400000-00401000 r-xp 00000000 08:01 1448396                            /usr/lib/jvm/jdk1.8.0_181/bin/java
00600000-00601000 rw-p 00000000 08:01 1448396                            /usr/lib/jvm/jdk1.8.0_181/bin/java
01e3e000-01e5f000 rw-p 00000000 00:00 0                                  [heap]
83a00000-88e00000 rw-p 00000000 00:00 0 
88e00000-d6900000 ---p 00000000 00:00 0 
d6900000-e6800000 rw-p 00000000 00:00 0 
ed700000-100000000 ---p 00000000 00:00 0 
100000000-100200000 rw-p 00000000 00:00 0 
100200000-140000000 ---p 00000000 00:00 0 
7f20d0000000-7f20d0021000 rw-p 00000000 00:00 0 
7f20d0021000-7f20d4000000 ---p 00000000 00:00 0 
7f20d8000000-7f20d8021000 rw-p 00000000 00:00 0 
7f20d8021000-7f20dc000000 ---p 00000000 00:00 0 
7f20dc000000-7f20dc021000 rw-p 00000000 00:00 0 
7f20dc021000-7f20e0000000 ---p 00000000 00:00 0 
7f20e0000000-7f20e0021000 rw-p 00000000 00:00 0 
7f20e0021000-7f20e4000000 ---p 00000000 00:00 0 
7f20e4fff000-7f20e8000000 rw-p 00000000 00:00 0 
7f20e8000000-7f20e8021000 rw-p 00000000 00:00 0 
7f20e8021000-7f20ec000000 ---p 00000000 00:00 0 
7f20ec000000-7f20ec021000 rw-p 00000000 00:00 0 
7f20ec021000-7f20f0000000 ---p 00000000 00:00 0 
7f20f0000000-7f20f1dc1000 rw-p 00000000 00:00 0 
7f20f1dc1000-7f20f4000000 ---p 00000000 00:00 0 
7f20f4000000-7f20f5025000 rw-p 00000000 00:00 0 
7f20f5025000-7f20f8000000 ---p 00000000 00:00 0 
7f20f8000000-7f20f8043000 rw-p 00000000 00:00 0 
7f20f8043000-7f20fc000000 ---p 00000000 00:00 0 
7f20fc000000-7f20fc021000 rw-p 00000000 00:00 0 
7f20fc021000-7f2100000000 ---p 00000000 00:00 0 
7f2100000000-7f2100292000 rw-p 00000000 00:00 0 
7f2100292000-7f2104000000 ---p 00000000 00:00 0 
7f2104000000-7f2104021000 rw-p 00000000 00:00 0 
7f2104021000-7f2108000000 ---p 00000000 00:00 0 
7f2108000000-7f2108029000 rw-p 00000000 00:00 0 
7f2108029000-7f210c000000 ---p 00000000 00:00 0 
7f210cb7a000-7f210cfeb000 rw-p 00000000 00:00 0 
7f210cfeb000-7f210d06b000 ---p 00000000 00:00 0 
7f210d06b000-7f210d26b000 rw-p 00000000 00:00 0 
7f210d26b000-7f210d46b000 rw-p 00000000 00:00 0 
7f210d46b000-7f210d46e000 ---p 00000000 00:00 0 
7f210d46e000-7f210d56c000 rw-p 00000000 00:00 0 
7f210d56c000-7f210d56f000 ---p 00000000 00:00 0 
7f210d56f000-7f210d66d000 rw-p 00000000 00:00 0 
7f210d66d000-7f210d670000 ---p 00000000 00:00 0 
7f210d670000-7f210d76e000 rw-p 00000000 00:00 0 
7f210d76e000-7f210d771000 ---p 00000000 00:00 0 
7f210d771000-7f210d86f000 rw-p 00000000 00:00 0 
7f210d86f000-7f210d872000 ---p 00000000 00:00 0 
7f210d872000-7f210d970000 rw-p 00000000 00:00 0 
7f210d970000-7f210d973000 ---p 00000000 00:00 0 
7f210d973000-7f210da71000 rw-p 00000000 00:00 0 
7f210da71000-7f210da74000 ---p 00000000 00:00 0 
7f210da74000-7f210db72000 rw-p 00000000 00:00 0 
7f210db72000-7f210db75000 ---p 00000000 00:00 0 
7f210db75000-7f210dc73000 rw-p 00000000 00:00 0 
7f210dc73000-7f210dc76000 ---p 00000000 00:00 0 
7f210dc76000-7f210dd74000 rw-p 00000000 00:00 0 
7f210dd74000-7f210dd77000 ---p 00000000 00:00 0 
7f210dd77000-7f210de75000 rw-p 00000000 00:00 0 
7f210de75000-7f210de78000 ---p 00000000 00:00 0 
7f210de78000-7f210df76000 rw-p 00000000 00:00 0 
7f210df76000-7f210df79000 ---p 00000000 00:00 0 
7f210df79000-7f210e077000 rw-p 00000000 00:00 0 
7f210e077000-7f210e07a000 ---p 00000000 00:00 0 
7f210e07a000-7f210e178000 rw-p 00000000 00:00 0 
7f210e178000-7f210e17b000 ---p 00000000 00:00 0 
7f210e17b000-7f210e479000 rw-p 00000000 00:00 0 
7f210e479000-7f210e7ef000 r--s 0331d000 08:01 2240389                    /home/whj/dowork/DiffTGen/extra_output/Closure_86_4_sequencer/target/build/classes/all0.jar
7f210e7ef000-7f210e7f2000 ---p 00000000 00:00 0 
7f210e7f2000-7f210e8f0000 rw-p 00000000 00:00 0 
7f210e8f0000-7f210e8f3000 ---p 00000000 00:00 0 
7f210e8f3000-7f210e9f1000 rw-p 00000000 00:00 0 
7f210e9f1000-7f210e9f4000 ---p 00000000 00:00 0 
7f210e9f4000-7f210eaf2000 rw-p 00000000 00:00 0 
7f210eaf2000-7f210eb08000 r-xp 00000000 08:01 2756237                    /usr/lib/jvm/jdk1.8.0_181/jre/lib/amd64/libnet.so
7f210eb08000-7f210ed08000 ---p 00016000 08:01 2756237                    /usr/lib/jvm/jdk1.8.0_181/jre/lib/amd64/libnet.so
7f210ed08000-7f210ed09000 rw-p 00016000 08:01 2756237                    /usr/lib/jvm/jdk1.8.0_181/jre/lib/amd64/libnet.so
7f210ed09000-7f210ef3a000 r--s 01bb1000 08:01 1706762                    /home/whj/dowork/DiffTGen/lib/evosuite-1.0.6.jar
7f210ef3a000-7f210ef3b000 ---p 00000000 00:00 0 
7f210ef3b000-7f210f03b000 rw-p 00000000 00:00 0 
7f210f03b000-7f210f03e000 ---p 00000000 00:00 0 
7f210f03e000-7f210f13c000 rw-p 00000000 00:00 0 
7f210f13c000-7f210f13f000 ---p 00000000 00:00 0 
7f210f13f000-7f210f23d000 rw-p 00000000 00:00 0 
7f210f23d000-7f210f240000 ---p 00000000 00:00 0 
7f210f240000-7f210f33e000 rw-p 00000000 00:00 0 
7f210f33e000-7f210f341000 ---p 00000000 00:00 0 
7f210f341000-7f210f43f000 rw-p 00000000 00:00 0 
7f210f43f000-7f210fdfe000 r--p 00000000 08:01 1316108                    /usr/lib/locale/locale-archive
7f210fdfe000-7f210fe01000 ---p 00000000 00:00 0 
7f210fe01000-7f210feff000 rw-p 00000000 00:00 0 
7f210feff000-7f210ff02000 ---p 00000000 00:00 0 
7f210ff02000-7f2110000000 rw-p 00000000 00:00 0 
7f2110000000-7f2110429000 rw-p 00000000 00:00 0 
7f2110429000-7f2114000000 ---p 00000000 00:00 0 
7f211403b000-7f211404e000 r--s 00345000 08:01 2756119                    /usr/lib/jvm/jdk1.8.0_181/jre/lib/resources.jar
7f211404e000-7f21140c7000 r--s 010f9000 08:01 1448503                    /usr/lib/jvm/jdk1.8.0_181/lib/tools.jar
7f21140c7000-7f21140c8000 ---p 00000000 00:00 0 
7f21140c8000-7f2119000000 rw-p 00000000 00:00 0 
7f2119000000-7f2119880000 rwxp 00000000 00:00 0 
7f2119880000-7f2128000000 ---p 00000000 00:00 0 
7f2128000000-7f212846c000 rw-p 00000000 00:00 0 
7f212846c000-7f212c000000 ---p 00000000 00:00 0 
7f212c011000-7f212c02d000 r--s 00393000 08:01 2756136                    /usr/lib/jvm/jdk1.8.0_181/jre/lib/ext/cldrdata.jar
7f212c02d000-7f212c030000 ---p 00000000 00:00 0 
7f212c030000-7f212c167000 rw-p 00000000 00:00 0 
7f212c167000-7f212c341000 r--s 03d6b000 08:01 2756084                    /usr/lib/jvm/jdk1.8.0_181/jre/lib/rt.jar
7f212c341000-7f212c79a000 rw-p 00000000 00:00 0 
7f212c79a000-7f212c79b000 ---p 00000000 00:00 0 
7f212c79b000-7f212c89b000 rw-p 00000000 00:00 0 
7f212c89b000-7f212c89c000 ---p 00000000 00:00 0 
7f212c89c000-7f212c9c6000 rw-p 00000000 00:00 0 
7f212c9c6000-7f212cc34000 ---p 00000000 00:00 0 
7f212cc34000-7f212cc5e000 rw-p 00000000 00:00 0 
7f212cc5e000-7f212cecb000 ---p 00000000 00:00 0 
7f212cecb000-7f212cf4b000 rw-p 00000000 00:00 0 
7f212cf4b000-7f212d017000 ---p 00000000 00:00 0 
7f212d017000-7f212d03a000 rw-p 00000000 00:00 0 
7f212d03a000-7f212d3d8000 ---p 00000000 00:00 0 
7f212d3d8000-7f212d3f3000 r-xp 00000000 08:01 2756233                    /usr/lib/jvm/jdk1.8.0_181/jre/lib/amd64/libzip.so
7f212d3f3000-7f212d5f3000 ---p 0001b000 08:01 2756233                    /usr/lib/jvm/jdk1.8.0_181/jre/lib/amd64/libzip.so
7f212d5f3000-7f212d5f4000 rw-p 0001b000 08:01 2756233                    /usr/lib/jvm/jdk1.8.0_181/jre/lib/amd64/libzip.so
7f212d5f4000-7f212d5ff000 r-xp 00000000 08:01 1054188                    /lib/x86_64-linux-gnu/libnss_files-2.23.so
7f212d5ff000-7f212d7fe000 ---p 0000b000 08:01 1054188                    /lib/x86_64-linux-gnu/libnss_files-2.23.so
7f212d7fe000-7f212d7ff000 r--p 0000a000 08:01 1054188                    /lib/x86_64-linux-gnu/libnss_files-2.23.so
7f212d7ff000-7f212d800000 rw-p 0000b000 08:01 1054188                    /lib/x86_64-linux-gnu/libnss_files-2.23.so
7f212d800000-7f212d806000 rw-p 00000000 00:00 0 
7f212d806000-7f212d811000 r-xp 00000000 08:01 1054198                    /lib/x86_64-linux-gnu/libnss_nis-2.23.so
7f212d811000-7f212da10000 ---p 0000b000 08:01 1054198                    /lib/x86_64-linux-gnu/libnss_nis-2.23.so
7f212da10000-7f212da11000 r--p 0000a000 08:01 1054198                    /lib/x86_64-linux-gnu/libnss_nis-2.23.so
7f212da11000-7f212da12000 rw-p 0000b000 08:01 1054198                    /lib/x86_64-linux-gnu/libnss_nis-2.23.so
7f212da12000-7f212da28000 r-xp 00000000 08:01 1054182                    /lib/x86_64-linux-gnu/libnsl-2.23.so
7f212da28000-7f212dc27000 ---p 00016000 08:01 1054182                    /lib/x86_64-linux-gnu/libnsl-2.23.so
7f212dc27000-7f212dc28000 r--p 00015000 08:01 1054182                    /lib/x86_64-linux-gnu/libnsl-2.23.so
7f212dc28000-7f212dc29000 rw-p 00016000 08:01 1054182                    /lib/x86_64-linux-gnu/libnsl-2.23.so
7f212dc29000-7f212dc2b000 rw-p 00000000 00:00 0 
7f212dc2b000-7f212dc33000 r-xp 00000000 08:01 1054184                    /lib/x86_64-linux-gnu/libnss_compat-2.23.so
7f212dc33000-7f212de32000 ---p 00008000 08:01 1054184                    /lib/x86_64-linux-gnu/libnss_compat-2.23.so
7f212de32000-7f212de33000 r--p 00007000 08:01 1054184                    /lib/x86_64-linux-gnu/libnss_compat-2.23.so
7f212de33000-7f212de34000 rw-p 00008000 08:01 1054184                    /lib/x86_64-linux-gnu/libnss_compat-2.23.so
7f212de34000-7f212de5f000 r-xp 00000000 08:01 2756227                    /usr/lib/jvm/jdk1.8.0_181/jre/lib/amd64/libjava.so
7f212de5f000-7f212e05e000 ---p 0002b000 08:01 2756227                    /usr/lib/jvm/jdk1.8.0_181/jre/lib/amd64/libjava.so
7f212e05e000-7f212e060000 rw-p 0002a000 08:01 2756227                    /usr/lib/jvm/jdk1.8.0_181/jre/lib/amd64/libjava.so
7f212e060000-7f212e06d000 r-xp 00000000 08:01 2756232                    /usr/lib/jvm/jdk1.8.0_181/jre/lib/amd64/libverify.so
7f212e06d000-7f212e26d000 ---p 0000d000 08:01 2756232                    /usr/lib/jvm/jdk1.8.0_181/jre/lib/amd64/libverify.so
7f212e26d000-7f212e26f000 rw-p 0000d000 08:01 2756232                    /usr/lib/jvm/jdk1.8.0_181/jre/lib/amd64/libverify.so
7f212e26f000-7f212e276000 r-xp 00000000 08:01 1054243                    /lib/x86_64-linux-gnu/librt-2.23.so
7f212e276000-7f212e475000 ---p 00007000 08:01 1054243                    /lib/x86_64-linux-gnu/librt-2.23.so
7f212e475000-7f212e476000 r--p 00006000 08:01 1054243                    /lib/x86_64-linux-gnu/librt-2.23.so
7f212e476000-7f212e477000 rw-p 00007000 08:01 1054243                    /lib/x86_64-linux-gnu/librt-2.23.so
7f212e477000-7f212e57f000 r-xp 00000000 08:01 1054159                    /lib/x86_64-linux-gnu/libm-2.23.so
7f212e57f000-7f212e77e000 ---p 00108000 08:01 1054159                    /lib/x86_64-linux-gnu/libm-2.23.so
7f212e77e000-7f212e77f000 r--p 00107000 08:01 1054159                    /lib/x86_64-linux-gnu/libm-2.23.so
7f212e77f000-7f212e780000 rw-p 00108000 08:01 1054159                    /lib/x86_64-linux-gnu/libm-2.23.so
7f212e780000-7f212f45c000 r-xp 00000000 08:01 2756209                    /usr/lib/jvm/jdk1.8.0_181/jre/lib/amd64/server/libjvm.so
7f212f45c000-7f212f65c000 ---p 00cdc000 08:01 2756209                    /usr/lib/jvm/jdk1.8.0_181/jre/lib/amd64/server/libjvm.so
7f212f65c000-7f212f736000 rw-p 00cdc000 08:01 2756209                    /usr/lib/jvm/jdk1.8.0_181/jre/lib/amd64/server/libjvm.so
7f212f736000-7f212f781000 rw-p 00000000 00:00 0 
7f212f781000-7f212f941000 r-xp 00000000 08:01 1054089                    /lib/x86_64-linux-gnu/libc-2.23.so
7f212f941000-7f212fb41000 ---p 001c0000 08:01 1054089                    /lib/x86_64-linux-gnu/libc-2.23.so
7f212fb41000-7f212fb45000 r--p 001c0000 08:01 1054089                    /lib/x86_64-linux-gnu/libc-2.23.so
7f212fb45000-7f212fb47000 rw-p 001c4000 08:01 1054089                    /lib/x86_64-linux-gnu/libc-2.23.so
7f212fb47000-7f212fb4b000 rw-p 00000000 00:00 0 
7f212fb4b000-7f212fb4e000 r-xp 00000000 08:01 1054113                    /lib/x86_64-linux-gnu/libdl-2.23.so
7f212fb4e000-7f212fd4d000 ---p 00003000 08:01 1054113                    /lib/x86_64-linux-gnu/libdl-2.23.so
7f212fd4d000-7f212fd4e000 r--p 00002000 08:01 1054113                    /lib/x86_64-linux-gnu/libdl-2.23.so
7f212fd4e000-7f212fd4f000 rw-p 00003000 08:01 1054113                    /lib/x86_64-linux-gnu/libdl-2.23.so
7f212fd4f000-7f212fd65000 r-xp 00000000 08:01 1449032                    /usr/lib/jvm/jdk1.8.0_181/lib/amd64/jli/libjli.so
7f212fd65000-7f212ff64000 ---p 00016000 08:01 1449032                    /usr/lib/jvm/jdk1.8.0_181/lib/amd64/jli/libjli.so
7f212ff64000-7f212ff65000 rw-p 00015000 08:01 1449032                    /usr/lib/jvm/jdk1.8.0_181/lib/amd64/jli/libjli.so
7f212ff65000-7f212ff7d000 r-xp 00000000 08:01 1054235                    /lib/x86_64-linux-gnu/libpthread-2.23.so
7f212ff7d000-7f213017c000 ---p 00018000 08:01 1054235                    /lib/x86_64-linux-gnu/libpthread-2.23.so
7f213017c000-7f213017d000 r--p 00017000 08:01 1054235                    /lib/x86_64-linux-gnu/libpthread-2.23.so
7f213017d000-7f213017e000 rw-p 00018000 08:01 1054235                    /lib/x86_64-linux-gnu/libpthread-2.23.so
7f213017e000-7f2130182000 rw-p 00000000 00:00 0 
7f2130182000-7f21301a8000 r-xp 00000000 08:01 1054061                    /lib/x86_64-linux-gnu/ld-2.23.so
7f21301ae000-7f21301b8000 r--s 00116000 08:01 2756143                    /usr/lib/jvm/jdk1.8.0_181/jre/lib/ext/localedata.jar
7f21301b8000-7f2130289000 rw-p 00000000 00:00 0 
7f2130289000-7f213028c000 ---p 00000000 00:00 0 
7f213028c000-7f213038f000 rw-p 00000000 00:00 0 
7f213038f000-7f2130394000 r--s 0009d000 08:01 2756133                    /usr/lib/jvm/jdk1.8.0_181/jre/lib/jsse.jar
7f2130394000-7f213039c000 r--s 0006e000 08:01 2248917                    /home/whj/dowork/DiffTGen/lib/commons-lang3-3.5.jar
7f213039c000-7f213039d000 r--s 00000000 08:01 2248922                    /home/whj/dowork/DiffTGen/lib/myprinter.jar
7f213039d000-7f21303a5000 rw-s 00000000 08:01 1984380                    /tmp/hsperfdata_whj/129918
7f21303a5000-7f21303a6000 rw-p 00000000 00:00 0 
7f21303a6000-7f21303a7000 ---p 00000000 00:00 0 
7f21303a7000-7f21303a8000 r--p 00025000 08:01 1054061                    /lib/x86_64-linux-gnu/ld-2.23.so
7f21303a8000-7f21303a9000 rw-p 00026000 08:01 1054061                    /lib/x86_64-linux-gnu/ld-2.23.so
7f21303a9000-7f21303aa000 rw-p 00000000 00:00 0 
7ffcf18ba000-7ffcf18dc000 rw-p 00000000 00:00 0                          [stack]
7ffcf1995000-7ffcf1998000 r--p 00000000 00:00 0                          [vvar]
7ffcf1998000-7ffcf199a000 r-xp 00000000 00:00 0                          [vdso]
ffffffffff600000-ffffffffff601000 r-xp 00000000 00:00 0                  [vsyscall]

VM Arguments:
java_command: /home/whj/dowork/DiffTGen/lib/evosuite-1.0.6.jar -base_dir /home/whj/dowork/DiffTGen/extra_output/Closure_86_4_sequencer/target/0/22 -projectCP /home/whj/dowork/DiffTGen/extra_output/Closure_86_4_sequencer/target/build/classes/all0.jar:/home/whj/dowork/DiffTGen/lib/myprinter.jar:/home/whj/dowork/DiffTGen/lib/commons-lang3-3.5.jar -class com.google.javascript.jscomp.NodeUtil -Dassertions=false -Dsearch_budget=60
java_class_path (initial): /home/whj/dowork/DiffTGen/lib/evosuite-1.0.6.jar
Launcher Type: SUN_STANDARD

Environment Variables:
JAVA_HOME=/usr/lib/jvm/jdk1.8.0_181
JRE_HOME=/usr/lib/jvm/jdk1.8.0_181/jre
CLASSPATH=.:/usr/lib/jvm/jdk1.8.0_181/lib:/usr/lib/jvm/jdk1.8.0_181/jre/lib
PATH=/home/whj/perl5/bin:/home/whj/dowork/defects4j-1.2.0/framework/bin:/usr/lib/jvm/jdk1.8.0_181/bin:/usr/lib/jvm/jdk1.8.0_181/jre/bin:/home/whj/bin:/home/whj/.local/bin:/usr/local/sbin:/usr/local/bin:/usr/sbin:/usr/bin:/sbin:/bin:/usr/games:/usr/local/games" :/snap/bin:/home/whj/bin
SHELL=/bin/bash
DISPLAY=:0

Signal Handlers:
SIGSEGV: [libjvm.so+0xad2a40], sa_mask[0]=11111111011111111101111111111110, sa_flags=SA_RESTART|SA_SIGINFO
SIGBUS: [libjvm.so+0xad2a40], sa_mask[0]=11111111011111111101111111111110, sa_flags=SA_RESTART|SA_SIGINFO
SIGFPE: [libjvm.so+0x92a610], sa_mask[0]=11111111011111111101111111111110, sa_flags=SA_RESTART|SA_SIGINFO
SIGPIPE: [libjvm.so+0x92a610], sa_mask[0]=11111111011111111101111111111110, sa_flags=SA_RESTART|SA_SIGINFO
SIGXFSZ: [libjvm.so+0x92a610], sa_mask[0]=11111111011111111101111111111110, sa_flags=SA_RESTART|SA_SIGINFO
SIGILL: [libjvm.so+0x92a610], sa_mask[0]=11111111011111111101111111111110, sa_flags=SA_RESTART|SA_SIGINFO
SIGUSR1: SIG_DFL, sa_mask[0]=00000000000000000000000000000000, sa_flags=none
SIGUSR2: [libjvm.so+0x92be70], sa_mask[0]=00100000000000000000000000000000, sa_flags=SA_RESTART|SA_SIGINFO
SIGHUP: [libjvm.so+0x92d270], sa_mask[0]=11111111011111111101111111111110, sa_flags=SA_RESTART|SA_SIGINFO
SIGINT: [libjvm.so+0x92d270], sa_mask[0]=11111111011111111101111111111110, sa_flags=SA_RESTART|SA_SIGINFO
SIGTERM: [libjvm.so+0x92d270], sa_mask[0]=11111111011111111101111111111110, sa_flags=SA_RESTART|SA_SIGINFO
SIGQUIT: [libjvm.so+0x92d270], sa_mask[0]=11111111011111111101111111111110, sa_flags=SA_RESTART|SA_SIGINFO


---------------  S Y S T E M  ---------------

OS:DISTRIB_ID=Ubuntu
DISTRIB_RELEASE=16.04
DISTRIB_CODENAME=xenial
DISTRIB_DESCRIPTION="Ubuntu 16.04.6 LTS"

uname:Linux 4.15.0-91-generic #92~16.04.1-Ubuntu SMP Fri Feb 28 14:57:22 UTC 2020 x86_64
libc:glibc 2.23 NPTL 2.23 
rlimit: STACK 8192k, CORE 0k, NPROC 31576, NOFILE 1048576, AS infinity
load average:14.47 11.99 12.24

/proc/meminfo:
MemTotal:        8144704 kB
MemFree:          130356 kB
MemAvailable:      16328 kB
Buffers:             276 kB
Cached:            15524 kB
SwapCached:        12472 kB
Active:          6742624 kB
Inactive:         847264 kB
Active(anon):    6736084 kB
Inactive(anon):   839824 kB
Active(file):       6540 kB
Inactive(file):     7440 kB
Unevictable:          32 kB
Mlocked:              32 kB
SwapTotal:        998396 kB
SwapFree:             60 kB
Dirty:               280 kB
Writeback:             0 kB
AnonPages:       7562052 kB
Mapped:            11060 kB
Shmem:              1736 kB
Slab:              88516 kB
SReclaimable:      31608 kB
SUnreclaim:        56908 kB
KernelStack:       13968 kB
PageTables:        47300 kB
NFS_Unstable:          0 kB
Bounce:                0 kB
WritebackTmp:          0 kB
CommitLimit:     5070748 kB
Committed_AS:   13627976 kB
VmallocTotal:   34359738367 kB
VmallocUsed:           0 kB
VmallocChunk:          0 kB
HardwareCorrupted:     0 kB
AnonHugePages:         0 kB
ShmemHugePages:        0 kB
ShmemPmdMapped:        0 kB
CmaTotal:              0 kB
CmaFree:               0 kB
HugePages_Total:       0
HugePages_Free:        0
HugePages_Rsvd:        0
HugePages_Surp:        0
Hugepagesize:       2048 kB
DirectMap4k:      114496 kB
DirectMap2M:     6176768 kB
DirectMap1G:     4194304 kB


CPU:total 2 (initial active 2) (2 cores per cpu, 1 threads per core) family 6 model 158 stepping 10, cmov, cx8, fxsr, mmx, sse, sse2, sse3, ssse3, sse4.1, sse4.2, popcnt, avx, avx2, aes, clmul, erms, 3dnowpref, lzcnt, tsc, tscinvbit, bmi1, bmi2, adx

/proc/cpuinfo:
processor	: 0
vendor_id	: GenuineIntel
cpu family	: 6
model		: 158
model name	: Intel(R) Core(TM) i7-8750H CPU @ 2.20GHz
stepping	: 10
microcode	: 0x96
cpu MHz		: 2207.999
cache size	: 9216 KB
physical id	: 0
siblings	: 2
core id		: 0
cpu cores	: 2
apicid		: 0
initial apicid	: 0
fpu		: yes
fpu_exception	: yes
cpuid level	: 22
wp		: yes
flags		: fpu vme de pse tsc msr pae mce cx8 apic sep mtrr pge mca cmov pat pse36 clflush mmx fxsr sse sse2 ss ht syscall nx pdpe1gb rdtscp lm constant_tsc arch_perfmon nopl xtopology tsc_reliable nonstop_tsc cpuid pni pclmulqdq ssse3 fma cx16 pcid sse4_1 sse4_2 x2apic movbe popcnt tsc_deadline_timer aes xsave avx f16c rdrand hypervisor lahf_lm abm 3dnowprefetch cpuid_fault invpcid_single pti ssbd ibrs ibpb stibp fsgsbase tsc_adjust bmi1 avx2 smep bmi2 invpcid rdseed adx smap xsaveopt arat flush_l1d arch_capabilities
bugs		: cpu_meltdown spectre_v1 spectre_v2 spec_store_bypass l1tf mds swapgs itlb_multihit
bogomips	: 4415.99
clflush size	: 64
cache_alignment	: 64
address sizes	: 42 bits physical, 48 bits virtual
power management:

processor	: 1
vendor_id	: GenuineIntel
cpu family	: 6
model		: 158
model name	: Intel(R) Core(TM) i7-8750H CPU @ 2.20GHz
stepping	: 10
microcode	: 0x96
cpu MHz		: 2207.999
cache size	: 9216 KB
physical id	: 0
siblings	: 2
core id		: 1
cpu cores	: 2
apicid		: 1
initial apicid	: 1
fpu		: yes
fpu_exception	: yes
cpuid level	: 22
wp		: yes
flags		: fpu vme de pse tsc msr pae mce cx8 apic sep mtrr pge mca cmov pat pse36 clflush mmx fxsr sse sse2 ss ht syscall nx pdpe1gb rdtscp lm constant_tsc arch_perfmon nopl xtopology tsc_reliable nonstop_tsc cpuid pni pclmulqdq ssse3 fma cx16 pcid sse4_1 sse4_2 x2apic movbe popcnt tsc_deadline_timer aes xsave avx f16c rdrand hypervisor lahf_lm abm 3dnowprefetch cpuid_fault invpcid_single pti ssbd ibrs ibpb stibp fsgsbase tsc_adjust bmi1 avx2 smep bmi2 invpcid rdseed adx smap xsaveopt arat flush_l1d arch_capabilities
bugs		: cpu_meltdown spectre_v1 spectre_v2 spec_store_bypass l1tf mds swapgs itlb_multihit
bogomips	: 4415.99
clflush size	: 64
cache_alignment	: 64
address sizes	: 42 bits physical, 48 bits virtual
power management:



Memory: 4k page, physical 8144704k(130356k free), swap 998396k(60k free)

vm_info: Java HotSpot(TM) 64-Bit Server VM (25.181-b13) for linux-amd64 JRE (1.8.0_181-b13), built on Jul  7 2018 00:56:38 by "java_re" with gcc 4.3.0 20080428 (Red Hat 4.3.0-8)

time: Fri Mar 27 11:12:54 2020
elapsed time: 125 seconds (0d 0h 2m 5s)

