#
# There is insufficient memory for the Java Runtime Environment to continue.
# Native memory allocation (mmap) failed to map 144703488 bytes for committing reserved memory.
# Possible reasons:
#   The system is out of physical RAM or swap space
#   In 32 bit mode, the process size limit was hit
# Possible solutions:
#   Reduce memory load on the system
#   Increase physical memory or swap space
#   Check if swap backing store is full
#   Use 64 bit Java on a 64 bit OS
#   Decrease Java heap size (-Xmx/-Xms)
#   Decrease number of Java threads
#   Decrease Java thread stack sizes (-Xss)
#   Set larger code cache with -XX:ReservedCodeCacheSize=
# This output file may be truncated or incomplete.
#
#  Out of Memory Error (os_linux.cpp:2640), pid=92767, tid=0x00007f543e135700
#
# JRE version: Java(TM) SE Runtime Environment (8.0_181-b13) (build 1.8.0_181-b13)
# Java VM: Java HotSpot(TM) 64-Bit Server VM (25.181-b13 mixed mode linux-amd64 compressed oops)
# Failed to write core dump. Core dumps have been disabled. To enable core dumping, try "ulimit -c unlimited" before starting Java again
#

---------------  T H R E A D  ---------------

Current thread (0x00007f54540fb800):  VMThread [stack: 0x00007f543e035000,0x00007f543e136000] [id=92808]

Stack: [0x00007f543e035000,0x00007f543e136000],  sp=0x00007f543e1340a0,  free space=1020k
Native frames: (J=compiled Java code, j=interpreted, Vv=VM code, C=native code)
V  [libjvm.so+0xad21aa]  VMError::report_and_die()+0x2ba
V  [libjvm.so+0x5022db]  report_vm_out_of_memory(char const*, int, unsigned long, VMErrorType, char const*)+0x8b
V  [libjvm.so+0x92fe33]  os::Linux::commit_memory_impl(char*, unsigned long, bool)+0x123
V  [libjvm.so+0x930059]  os::pd_commit_memory(char*, unsigned long, unsigned long, bool)+0x29
V  [libjvm.so+0x9272ba]  os::commit_memory(char*, unsigned long, unsigned long, bool)+0x2a
V  [libjvm.so+0x99d2e3]  PSVirtualSpace::expand_by(unsigned long)+0x53
V  [libjvm.so+0x99e6e8]  PSYoungGen::resize_generation(unsigned long, unsigned long)+0xf8
V  [libjvm.so+0x99d842]  PSYoungGen::resize(unsigned long, unsigned long)+0x22
V  [libjvm.so+0x99ab1b]  PSScavenge::invoke_no_policy()+0xf3b
V  [libjvm.so+0x99b2a1]  PSScavenge::invoke()+0x41
V  [libjvm.so+0x951d70]  ParallelScavengeHeap::failed_mem_allocate(unsigned long)+0x70
V  [libjvm.so+0xad3c27]  VM_ParallelGCFailedAllocation::doit()+0x97
V  [libjvm.so+0xadb745]  VM_Operation::evaluate()+0x55
V  [libjvm.so+0xad9b0a]  VMThread::evaluate_operation(VM_Operation*)+0xba
V  [libjvm.so+0xad9e8e]  VMThread::loop()+0x1ce
V  [libjvm.so+0xada300]  VMThread::run()+0x70
V  [libjvm.so+0x930198]  java_start(Thread*)+0x108

VM_Operation (0x00007f5403ffaa20): ParallelGCFailedAllocation, mode: safepoint, requested by thread 0x0000000000643000


---------------  P R O C E S S  ---------------

Java Threads: ( => current thread )
  0x0000000000643000 JavaThread "RMI TCP Connection(6)-127.0.0.1" daemon [_thread_blocked, id=93300, stack(0x00007f5403eff000,0x00007f5404000000)]
  0x0000000000642000 JavaThread "RMI TCP Connection(5)-127.0.0.1" daemon [_thread_in_native, id=93299, stack(0x00007f54149f9000,0x00007f5414afa000)]
  0x0000000000640800 JavaThread "RMI TCP Connection(4)-127.0.0.1" daemon [_thread_in_native, id=93207, stack(0x00007f54146f6000,0x00007f54147f7000)]
  0x00007f542c038000 JavaThread "RMI Scheduler(0)" daemon [_thread_blocked, id=93205, stack(0x00007f54147f7000,0x00007f54148f8000)]
  0x00007f542c032800 JavaThread "RMI RenewClean-[127.0.0.1:2150]" daemon [_thread_blocked, id=93202, stack(0x00007f54148f8000,0x00007f54149f9000)]
  0x00007f5404006000 JavaThread "pool-3-thread-3" [_thread_in_native, id=93112, stack(0x00007f5414afa000,0x00007f5414bfb000)]
  0x00007f5404004000 JavaThread "pool-3-thread-2" [_thread_in_native, id=93111, stack(0x00007f5414bfb000,0x00007f5414cfc000)]
  0x00007f5404003000 JavaThread "pool-3-thread-1" [_thread_in_native, id=93109, stack(0x00007f5414cfc000,0x00007f5414dfd000)]
  0x00007f545436b800 JavaThread "Thread-3" [_thread_in_native, id=93008, stack(0x00007f5414dfd000,0x00007f5414efe000)]
  0x00007f545436a000 JavaThread "Thread-2" [_thread_in_native, id=93006, stack(0x00007f5414efe000,0x00007f5414fff000)]
  0x00007f5454368800 JavaThread "process reaper" daemon [_thread_in_native, id=93000, stack(0x00007f5458003000,0x00007f545803c000)]
  0x00007f5454362800 JavaThread "pool-2-thread-1" [_thread_in_native, id=92970, stack(0x00007f543c0a6000,0x00007f543c1a7000)]
  0x00007f5454360800 JavaThread "GC Daemon" daemon [_thread_blocked, id=92967, stack(0x00007f543c1a7000,0x00007f543c2a8000)]
  0x00007f545435d800 JavaThread "RMI Reaper" [_thread_blocked, id=92964, stack(0x00007f543c2a8000,0x00007f543c3a9000)]
  0x00007f5454354800 JavaThread "RMI TCP Accept-17461" daemon [_thread_in_native, id=92954, stack(0x00007f543c3a9000,0x00007f543c4aa000)]
  0x00007f545434f800 JavaThread "RMI TCP Accept-15834" daemon [_thread_in_native, id=92937, stack(0x00007f543c4aa000,0x00007f543c5ab000)]
  0x00007f5454294000 JavaThread "logback-3" daemon [_thread_blocked, id=92890, stack(0x00007f543c824000,0x00007f543c925000)]
  0x00007f5454292800 JavaThread "logback-2" daemon [_thread_blocked, id=92886, stack(0x00007f543c925000,0x00007f543ca26000)]
  0x00007f5454290800 JavaThread "logback-1" daemon [_thread_blocked, id=92881, stack(0x00007f543ca26000,0x00007f543cb27000)]
  0x00007f5454142000 JavaThread "Service Thread" daemon [_thread_blocked, id=92860, stack(0x00007f543d070000,0x00007f543d171000)]
  0x00007f545413f000 JavaThread "C1 CompilerThread1" daemon [_thread_blocked, id=92855, stack(0x00007f543d171000,0x00007f543d272000)]
  0x00007f545413c000 JavaThread "C2 CompilerThread0" daemon [_thread_blocked, id=92848, stack(0x00007f543d272000,0x00007f543d373000)]
  0x00007f545413a800 JavaThread "Signal Dispatcher" daemon [_thread_blocked, id=92839, stack(0x00007f543d373000,0x00007f543d474000)]
  0x00007f5454107800 JavaThread "Finalizer" daemon [_thread_blocked, id=92827, stack(0x00007f543de33000,0x00007f543df34000)]
  0x00007f5454105000 JavaThread "Reference Handler" daemon [_thread_blocked, id=92812, stack(0x00007f543df34000,0x00007f543e035000)]
  0x00007f545400a800 JavaThread "main" [_thread_in_native, id=92786, stack(0x00007f545a1df000,0x00007f545a2e0000)]

Other Threads:
=>0x00007f54540fb800 VMThread [stack: 0x00007f543e035000,0x00007f543e136000] [id=92808]
  0x00007f5454147000 WatcherThread [stack: 0x00007f543cf6f000,0x00007f543d070000] [id=92867]

VM state:at safepoint (normal execution)

VM Mutex/Monitor currently owned by a thread:  ([mutex/lock_event])
[0x00007f5454006cc0] Threads_lock - owner thread: 0x00007f54540fb800
[0x00007f54540071c0] Heap_lock - owner thread: 0x0000000000643000

Heap:
 PSYoungGen      total 136192K, used 10725K [0x00000000d6900000, 0x00000000dfc00000, 0x0000000100000000)
  eden space 125440K, 0% used [0x00000000d6900000,0x00000000d6900000,0x00000000de380000)
  from space 10752K, 99% used [0x00000000de380000,0x00000000dedf9600,0x00000000dee00000)
  to   space 7168K, 0% used [0x00000000dee00000,0x00000000dee00000,0x00000000df500000)
 ParOldGen       total 86016K, used 34965K [0x0000000083a00000, 0x0000000088e00000, 0x00000000d6900000)
  object space 86016K, 40% used [0x0000000083a00000,0x0000000085c254a0,0x0000000088e00000)
 Metaspace       used 19308K, capacity 19794K, committed 20096K, reserved 1067008K
  class space    used 2192K, capacity 2351K, committed 2432K, reserved 1048576K

Card table byte_map: [0x00007f54439c5000,0x00007f5443da9000] byte_map_base: 0x00007f54435a8000

Marking Bits: (ParMarkBitMap*) 0x00007f54596aa0a0
 Begin Bits: [0x00007f543f7fc000, 0x00007f5441714000)
 End Bits:   [0x00007f5441714000, 0x00007f544362c000)

Polling page: 0x00007f545a2fc000

CodeCache: size=245760Kb used=8039Kb max_used=8101Kb free=237720Kb
 bounds [0x00007f5444169000, 0x00007f5444969000, 0x00007f5453169000]
 total_blobs=2600 nmethods=2151 adapters=362
 compilation: enabled

Compilation events (10 events):
Event: 136.509 Thread 0x00007f545413f000 2293       2       org.evosuite.shaded.org.objectweb.asm.commons.Method::getMethod (194 bytes)
Event: 136.510 Thread 0x00007f545413f000 nmethod 2293 0x00007f54442cf590 code [0x00007f54442cf840, 0x00007f54442d0378]
Event: 136.510 Thread 0x00007f545413f000 2294       2       org.evosuite.shaded.org.objectweb.asm.commons.GeneratorAdapter::invokeInsn (43 bytes)
Event: 136.510 Thread 0x00007f545413f000 nmethod 2294 0x00007f54442732d0 code [0x00007f5444273480, 0x00007f5444273898]
Event: 136.596 Thread 0x00007f545413f000 2295       2       java.util.TreeMap$PrivateEntryIterator::hasNext (13 bytes)
Event: 136.596 Thread 0x00007f545413f000 nmethod 2295 0x00007f544436ae10 code [0x00007f544436af60, 0x00007f544436b0d0]
Event: 137.240 Thread 0x00007f545413c000 nmethod 2227 0x00007f5444955c10 code [0x00007f5444957080, 0x00007f544495efc0]
Event: 137.240 Thread 0x00007f545413c000 2280       4       java.util.ArrayList::indexOf (67 bytes)
Event: 137.387 Thread 0x00007f545413c000 nmethod 2280 0x00007f54442f3710 code [0x00007f54442f38a0, 0x00007f54442f4498]
Event: 137.387 Thread 0x00007f545413c000 2236   !   4       java.io.ObjectInputStream::readSerialData (367 bytes)

GC Heap History (10 events):
Event: 114.041 GC heap after
Heap after GC invocations=5 (full 1):
 PSYoungGen      total 37888K, used 5109K [0x00000000d6900000, 0x00000000d9300000, 0x0000000100000000)
  eden space 32768K, 0% used [0x00000000d6900000,0x00000000d6900000,0x00000000d8900000)
  from space 5120K, 99% used [0x00000000d8e00000,0x00000000d92fd6a0,0x00000000d9300000)
  to   space 5120K, 0% used [0x00000000d8900000,0x00000000d8900000,0x00000000d8e00000)
 ParOldGen       total 86016K, used 5103K [0x0000000083a00000, 0x0000000088e00000, 0x00000000d6900000)
  object space 86016K, 5% used [0x0000000083a00000,0x0000000083efbc80,0x0000000088e00000)
 Metaspace       used 13881K, capacity 14270K, committed 14592K, reserved 1062912K
  class space    used 1582K, capacity 1700K, committed 1792K, reserved 1048576K
}
Event: 114.320 GC heap before
{Heap before GC invocations=6 (full 1):
 PSYoungGen      total 37888K, used 37877K [0x00000000d6900000, 0x00000000d9300000, 0x0000000100000000)
  eden space 32768K, 100% used [0x00000000d6900000,0x00000000d8900000,0x00000000d8900000)
  from space 5120K, 99% used [0x00000000d8e00000,0x00000000d92fd6a0,0x00000000d9300000)
  to   space 5120K, 0% used [0x00000000d8900000,0x00000000d8900000,0x00000000d8e00000)
 ParOldGen       total 86016K, used 5103K [0x0000000083a00000, 0x0000000088e00000, 0x00000000d6900000)
  object space 86016K, 5% used [0x0000000083a00000,0x0000000083efbc80,0x0000000088e00000)
 Metaspace       used 13899K, capacity 14270K, committed 14592K, reserved 1062912K
  class space    used 1582K, capacity 1700K, committed 1792K, reserved 1048576K
Event: 114.329 GC heap after
Heap after GC invocations=6 (full 1):
 PSYoungGen      total 37888K, used 5113K [0x00000000d6900000, 0x00000000db300000, 0x0000000100000000)
  eden space 32768K, 0% used [0x00000000d6900000,0x00000000d6900000,0x00000000d8900000)
  from space 5120K, 99% used [0x00000000d8900000,0x00000000d8dfe700,0x00000000d8e00000)
  to   space 5120K, 0% used [0x00000000dae00000,0x00000000dae00000,0x00000000db300000)
 ParOldGen       total 86016K, used 5367K [0x0000000083a00000, 0x0000000088e00000, 0x00000000d6900000)
  object space 86016K, 6% used [0x0000000083a00000,0x0000000083f3dc80,0x0000000088e00000)
 Metaspace       used 13899K, capacity 14270K, committed 14592K, reserved 1062912K
  class space    used 1582K, capacity 1700K, committed 1792K, reserved 1048576K
}
Event: 114.637 GC heap before
{Heap before GC invocations=7 (full 1):
 PSYoungGen      total 37888K, used 37881K [0x00000000d6900000, 0x00000000db300000, 0x0000000100000000)
  eden space 32768K, 100% used [0x00000000d6900000,0x00000000d8900000,0x00000000d8900000)
  from space 5120K, 99% used [0x00000000d8900000,0x00000000d8dfe700,0x00000000d8e00000)
  to   space 5120K, 0% used [0x00000000dae00000,0x00000000dae00000,0x00000000db300000)
 ParOldGen       total 86016K, used 5367K [0x0000000083a00000, 0x0000000088e00000, 0x00000000d6900000)
  object space 86016K, 6% used [0x0000000083a00000,0x0000000083f3dc80,0x0000000088e00000)
 Metaspace       used 13928K, capacity 14334K, committed 14592K, reserved 1062912K
  class space    used 1582K, capacity 1700K, committed 1792K, reserved 1048576K
Event: 114.659 GC heap after
Heap after GC invocations=7 (full 1):
 PSYoungGen      total 69632K, used 5109K [0x00000000d6900000, 0x00000000db500000, 0x0000000100000000)
  eden space 64512K, 0% used [0x00000000d6900000,0x00000000d6900000,0x00000000da800000)
  from space 5120K, 99% used [0x00000000dae00000,0x00000000db2fd6a0,0x00000000db300000)
  to   space 6144K, 0% used [0x00000000da800000,0x00000000da800000,0x00000000dae00000)
 ParOldGen       total 86016K, used 5740K [0x0000000083a00000, 0x0000000088e00000, 0x00000000d6900000)
  object space 86016K, 6% used [0x0000000083a00000,0x0000000083f9b090,0x0000000088e00000)
 Metaspace       used 13928K, capacity 14334K, committed 14592K, reserved 1062912K
  class space    used 1582K, capacity 1700K, committed 1792K, reserved 1048576K
}
Event: 115.962 GC heap before
{Heap before GC invocations=8 (full 1):
 PSYoungGen      total 69632K, used 69621K [0x00000000d6900000, 0x00000000db500000, 0x0000000100000000)
  eden space 64512K, 100% used [0x00000000d6900000,0x00000000da800000,0x00000000da800000)
  from space 5120K, 99% used [0x00000000dae00000,0x00000000db2fd6a0,0x00000000db300000)
  to   space 6144K, 0% used [0x00000000da800000,0x00000000da800000,0x00000000dae00000)
 ParOldGen       total 86016K, used 5740K [0x0000000083a00000, 0x0000000088e00000, 0x00000000d6900000)
  object space 86016K, 6% used [0x0000000083a00000,0x0000000083f9b090,0x0000000088e00000)
 Metaspace       used 13978K, capacity 14334K, committed 14592K, reserved 1062912K
  class space    used 1582K, capacity 1700K, committed 1792K, reserved 1048576K
Event: 116.084 GC heap after
Heap after GC invocations=8 (full 1):
 PSYoungGen      total 70656K, used 6114K [0x00000000d6900000, 0x00000000df500000, 0x0000000100000000)
  eden space 64512K, 0% used [0x00000000d6900000,0x00000000d6900000,0x00000000da800000)
  from space 6144K, 99% used [0x00000000da800000,0x00000000dadf8a80,0x00000000dae00000)
  to   space 7168K, 0% used [0x00000000dee00000,0x00000000dee00000,0x00000000df500000)
 ParOldGen       total 86016K, used 7043K [0x0000000083a00000, 0x0000000088e00000, 0x00000000d6900000)
  object space 86016K, 8% used [0x0000000083a00000,0x00000000840e0d40,0x0000000088e00000)
 Metaspace       used 13978K, capacity 14334K, committed 14592K, reserved 1062912K
  class space    used 1582K, capacity 1700K, committed 1792K, reserved 1048576K
}
Event: 121.192 GC heap before
{Heap before GC invocations=9 (full 1):
 PSYoungGen      total 70656K, used 70626K [0x00000000d6900000, 0x00000000df500000, 0x0000000100000000)
  eden space 64512K, 100% used [0x00000000d6900000,0x00000000da800000,0x00000000da800000)
  from space 6144K, 99% used [0x00000000da800000,0x00000000dadf8a80,0x00000000dae00000)
  to   space 7168K, 0% used [0x00000000dee00000,0x00000000dee00000,0x00000000df500000)
 ParOldGen       total 86016K, used 7043K [0x0000000083a00000, 0x0000000088e00000, 0x00000000d6900000)
  object space 86016K, 8% used [0x0000000083a00000,0x00000000840e0d40,0x0000000088e00000)
 Metaspace       used 16557K, capacity 17032K, committed 17152K, reserved 1064960K
  class space    used 1840K, capacity 1954K, committed 2048K, reserved 1048576K
Event: 121.282 GC heap after
Heap after GC invocations=9 (full 1):
 PSYoungGen      total 132608K, used 7152K [0x00000000d6900000, 0x00000000dfc00000, 0x0000000100000000)
  eden space 125440K, 0% used [0x00000000d6900000,0x00000000d6900000,0x00000000de380000)
  from space 7168K, 99% used [0x00000000dee00000,0x00000000df4fc060,0x00000000df500000)
  to   space 10752K, 0% used [0x00000000de380000,0x00000000de380000,0x00000000dee00000)
 ParOldGen       total 86016K, used 13928K [0x0000000083a00000, 0x0000000088e00000, 0x00000000d6900000)
  object space 86016K, 16% used [0x0000000083a00000,0x000000008479a150,0x0000000088e00000)
 Metaspace       used 16557K, capacity 17032K, committed 17152K, reserved 1064960K
  class space    used 1840K, capacity 1954K, committed 2048K, reserved 1048576K
}
Event: 137.544 GC heap before
{Heap before GC invocations=10 (full 1):
 PSYoungGen      total 132608K, used 132592K [0x00000000d6900000, 0x00000000dfc00000, 0x0000000100000000)
  eden space 125440K, 100% used [0x00000000d6900000,0x00000000de380000,0x00000000de380000)
  from space 7168K, 99% used [0x00000000dee00000,0x00000000df4fc060,0x00000000df500000)
  to   space 10752K, 0% used [0x00000000de380000,0x00000000de380000,0x00000000dee00000)
 ParOldGen       total 86016K, used 13928K [0x0000000083a00000, 0x0000000088e00000, 0x00000000d6900000)
  object space 86016K, 16% used [0x0000000083a00000,0x000000008479a150,0x0000000088e00000)
 Metaspace       used 19308K, capacity 19794K, committed 20096K, reserved 1067008K
  class space    used 2192K, capacity 2351K, committed 2432K, reserved 1048576K

Deoptimization events (10 events):
Event: 116.203 Thread 0x0000000000640800 Uncommon trap: reason=predicate action=maybe_recompile pc=0x00007f5444710690 method=java.util.ArrayList.indexOf(Ljava/lang/Object;)I @ 44
Event: 116.241 Thread 0x0000000000640800 Uncommon trap: reason=uninitialized action=reinterpret pc=0x00007f544452e618 method=java.io.ObjectInputStream$HandleTable.markDependency(II)V @ 110
Event: 117.023 Thread 0x0000000000640800 Uncommon trap: reason=unstable_if action=reinterpret pc=0x00007f5444591df4 method=java.io.ObjectStreamClass.hasReadResolveMethod()Z @ 8
Event: 120.558 Thread 0x0000000000640800 Uncommon trap: reason=unstable_if action=reinterpret pc=0x00007f54445d0960 method=java.util.HashMap.putVal(ILjava/lang/Object;Ljava/lang/Object;ZZ)Ljava/lang/Object; @ 162
Event: 130.227 Thread 0x0000000000640800 Uncommon trap: reason=unstable_if action=reinterpret pc=0x00007f544489ddbc method=java.io.ObjectInputStream.readObject()Ljava/lang/Object; @ 59
Event: 133.557 Thread 0x0000000000640800 Uncommon trap: reason=unstable_if action=reinterpret pc=0x00007f54449168ec method=java.io.ObjectInputStream.defaultReadFields(Ljava/lang/Object;Ljava/io/ObjectStreamClass;)V @ 39
Event: 133.958 Thread 0x0000000000640800 Uncommon trap: reason=range_check action=make_not_entrant pc=0x00007f54448cfbc4 method=java.lang.String.charAt(I)C @ 27
Event: 135.011 Thread 0x0000000000640800 Uncommon trap: reason=unstable_if action=reinterpret pc=0x00007f54448cb0f4 method=org.evosuite.shaded.org.objectweb.asm.ClassReader.readUTF(II[C)Ljava/lang/String; @ 77
Event: 135.011 Thread 0x0000000000640800 Uncommon trap: reason=unstable_if action=reinterpret pc=0x00007f54445a7c08 method=org.evosuite.shaded.org.objectweb.asm.ClassReader.readUTF(II[C)Ljava/lang/String; @ 77
Event: 135.069 Thread 0x0000000000640800 Uncommon trap: reason=unstable_if action=reinterpret pc=0x00007f54446a3558 method=org.evosuite.shaded.org.objectweb.asm.ByteVector.putUTF8(Ljava/lang/String;)Lorg/evosuite/shaded/org/objectweb/asm/ByteVector; @ 98

Classes redefined (0 events):
No events

Internal exceptions (10 events):
Event: 112.360 Thread 0x00007f5454290800 Exception <a 'java/net/ConnectException'> (0x00000000d6d2c798) thrown at [/HUDSON/workspace/8-2-build-linux-amd64/jdk8u181/11358/hotspot/src/share/vm/prims/jni.cpp, line 709]
Event: 112.382 Thread 0x00007f5454294000 Exception <a 'java/net/ConnectException'> (0x00000000d6d7e718) thrown at [/HUDSON/workspace/8-2-build-linux-amd64/jdk8u181/11358/hotspot/src/share/vm/prims/jni.cpp, line 709]
Event: 112.778 Thread 0x0000000000640800 Implicit null exception at 0x00007f5444359ef6 to 0x00007f544435a2a1
Event: 122.343 Thread 0x00007f5454292800 Exception <a 'java/net/ConnectException'> (0x00000000d797ea80) thrown at [/HUDSON/workspace/8-2-build-linux-amd64/jdk8u181/11358/hotspot/src/share/vm/prims/jni.cpp, line 709]
Event: 122.360 Thread 0x00007f5454290800 Exception <a 'java/net/ConnectException'> (0x00000000d7a4a8c0) thrown at [/HUDSON/workspace/8-2-build-linux-amd64/jdk8u181/11358/hotspot/src/share/vm/prims/jni.cpp, line 709]
Event: 122.382 Thread 0x00007f5454294000 Exception <a 'java/net/ConnectException'> (0x00000000d7b166f8) thrown at [/HUDSON/workspace/8-2-build-linux-amd64/jdk8u181/11358/hotspot/src/share/vm/prims/jni.cpp, line 709]
Event: 132.343 Thread 0x00007f5454292800 Exception <a 'java/net/ConnectException'> (0x00000000d797f770) thrown at [/HUDSON/workspace/8-2-build-linux-amd64/jdk8u181/11358/hotspot/src/share/vm/prims/jni.cpp, line 709]
Event: 132.361 Thread 0x00007f5454290800 Exception <a 'java/net/ConnectException'> (0x00000000d7a4b3e8) thrown at [/HUDSON/workspace/8-2-build-linux-amd64/jdk8u181/11358/hotspot/src/share/vm/prims/jni.cpp, line 709]
Event: 132.398 Thread 0x00007f5454294000 Exception <a 'java/net/ConnectException'> (0x00000000d7b17220) thrown at [/HUDSON/workspace/8-2-build-linux-amd64/jdk8u181/11358/hotspot/src/share/vm/prims/jni.cpp, line 709]
Event: 133.476 Thread 0x0000000000640800 Implicit null exception at 0x00007f5444913d00 to 0x00007f54449168b9

Events (10 events):
Event: 137.461 Executing VM operation: RevokeBias done
Event: 137.461 Executing VM operation: RevokeBias
Event: 137.461 Executing VM operation: RevokeBias done
Event: 137.461 Executing VM operation: RevokeBias
Event: 137.461 Executing VM operation: RevokeBias done
Event: 137.461 Executing VM operation: RevokeBias
Event: 137.461 Executing VM operation: RevokeBias done
Event: 137.461 Executing VM operation: RevokeBias
Event: 137.461 Executing VM operation: RevokeBias done
Event: 137.544 Executing VM operation: ParallelGCFailedAllocation


Dynamic libraries:
00400000-00401000 r-xp 00000000 08:01 1448396                            /usr/lib/jvm/jdk1.8.0_181/bin/java
00600000-00601000 rw-p 00000000 08:01 1448396                            /usr/lib/jvm/jdk1.8.0_181/bin/java
0063e000-0065f000 rw-p 00000000 00:00 0                                  [heap]
83a00000-88e00000 rw-p 00000000 00:00 0 
88e00000-d6900000 ---p 00000000 00:00 0 
d6900000-dfc00000 rw-p 00000000 00:00 0 
e8600000-100000000 ---p 00000000 00:00 0 
100000000-100260000 rw-p 00000000 00:00 0 
100260000-140000000 ---p 00000000 00:00 0 
7f53fc000000-7f53fc021000 rw-p 00000000 00:00 0 
7f53fc021000-7f5400000000 ---p 00000000 00:00 0 
7f5403cff000-7f5403e3f000 rw-p 00000000 00:00 0 
7f5403e3f000-7f5403eff000 ---p 00000000 00:00 0 
7f5403eff000-7f5403f02000 ---p 00000000 00:00 0 
7f5403f02000-7f5404000000 rw-p 00000000 00:00 0 
7f5404000000-7f5404021000 rw-p 00000000 00:00 0 
7f5404021000-7f5408000000 ---p 00000000 00:00 0 
7f5408000000-7f5408021000 rw-p 00000000 00:00 0 
7f5408021000-7f540c000000 ---p 00000000 00:00 0 
7f540c000000-7f540c021000 rw-p 00000000 00:00 0 
7f540c021000-7f5410000000 ---p 00000000 00:00 0 
7f5410000000-7f5410021000 rw-p 00000000 00:00 0 
7f5410021000-7f5414000000 ---p 00000000 00:00 0 
7f54140f6000-7f54142f6000 rw-p 00000000 00:00 0 
7f54142f6000-7f54144f6000 rw-p 00000000 00:00 0 
7f54144f6000-7f54146f6000 rw-p 00000000 00:00 0 
7f54146f6000-7f54146f9000 ---p 00000000 00:00 0 
7f54146f9000-7f54147f7000 rw-p 00000000 00:00 0 
7f54147f7000-7f54147fa000 ---p 00000000 00:00 0 
7f54147fa000-7f54148f8000 rw-p 00000000 00:00 0 
7f54148f8000-7f54148fb000 ---p 00000000 00:00 0 
7f54148fb000-7f54149f9000 rw-p 00000000 00:00 0 
7f54149f9000-7f54149fc000 ---p 00000000 00:00 0 
7f54149fc000-7f5414afa000 rw-p 00000000 00:00 0 
7f5414afa000-7f5414afd000 ---p 00000000 00:00 0 
7f5414afd000-7f5414bfb000 rw-p 00000000 00:00 0 
7f5414bfb000-7f5414bfe000 ---p 00000000 00:00 0 
7f5414bfe000-7f5414cfc000 rw-p 00000000 00:00 0 
7f5414cfc000-7f5414cff000 ---p 00000000 00:00 0 
7f5414cff000-7f5414dfd000 rw-p 00000000 00:00 0 
7f5414dfd000-7f5414e00000 ---p 00000000 00:00 0 
7f5414e00000-7f5414efe000 rw-p 00000000 00:00 0 
7f5414efe000-7f5414f01000 ---p 00000000 00:00 0 
7f5414f01000-7f5418000000 rw-p 00000000 00:00 0 
7f5418000000-7f5418e8c000 rw-p 00000000 00:00 0 
7f5418e8c000-7f541c000000 ---p 00000000 00:00 0 
7f541c000000-7f541c021000 rw-p 00000000 00:00 0 
7f541c021000-7f5420000000 ---p 00000000 00:00 0 
7f5420000000-7f5420021000 rw-p 00000000 00:00 0 
7f5420021000-7f5424000000 ---p 00000000 00:00 0 
7f5424000000-7f542567c000 rw-p 00000000 00:00 0 
7f542567c000-7f5428000000 ---p 00000000 00:00 0 
7f5428000000-7f5428021000 rw-p 00000000 00:00 0 
7f5428021000-7f542c000000 ---p 00000000 00:00 0 
7f542c000000-7f542c03b000 rw-p 00000000 00:00 0 
7f542c03b000-7f5430000000 ---p 00000000 00:00 0 
7f5430000000-7f5430444000 rw-p 00000000 00:00 0 
7f5430444000-7f5434000000 ---p 00000000 00:00 0 
7f5434000000-7f543431c000 rw-p 00000000 00:00 0 
7f543431c000-7f5438000000 ---p 00000000 00:00 0 
7f5438000000-7f5438021000 rw-p 00000000 00:00 0 
7f5438021000-7f543c000000 ---p 00000000 00:00 0 
7f543c077000-7f543c08a000 r--s 00345000 08:01 2756119                    /usr/lib/jvm/jdk1.8.0_181/jre/lib/resources.jar
7f543c08a000-7f543c0a6000 r--s 00393000 08:01 2756136                    /usr/lib/jvm/jdk1.8.0_181/jre/lib/ext/cldrdata.jar
7f543c0a6000-7f543c0a9000 ---p 00000000 00:00 0 
7f543c0a9000-7f543c1a7000 rw-p 00000000 00:00 0 
7f543c1a7000-7f543c1aa000 ---p 00000000 00:00 0 
7f543c1aa000-7f543c2a8000 rw-p 00000000 00:00 0 
7f543c2a8000-7f543c2ab000 ---p 00000000 00:00 0 
7f543c2ab000-7f543c3a9000 rw-p 00000000 00:00 0 
7f543c3a9000-7f543c3ac000 ---p 00000000 00:00 0 
7f543c3ac000-7f543c4aa000 rw-p 00000000 00:00 0 
7f543c4aa000-7f543c4ad000 ---p 00000000 00:00 0 
7f543c4ad000-7f543c7ab000 rw-p 00000000 00:00 0 
7f543c7ab000-7f543c824000 r--s 010f9000 08:01 1448503                    /usr/lib/jvm/jdk1.8.0_181/lib/tools.jar
7f543c824000-7f543c827000 ---p 00000000 00:00 0 
7f543c827000-7f543c925000 rw-p 00000000 00:00 0 
7f543c925000-7f543c928000 ---p 00000000 00:00 0 
7f543c928000-7f543ca26000 rw-p 00000000 00:00 0 
7f543ca26000-7f543ca29000 ---p 00000000 00:00 0 
7f543ca29000-7f543cb27000 rw-p 00000000 00:00 0 
7f543cb27000-7f543cb3d000 r-xp 00000000 08:01 2756237                    /usr/lib/jvm/jdk1.8.0_181/jre/lib/amd64/libnet.so
7f543cb3d000-7f543cd3d000 ---p 00016000 08:01 2756237                    /usr/lib/jvm/jdk1.8.0_181/jre/lib/amd64/libnet.so
7f543cd3d000-7f543cd3e000 rw-p 00016000 08:01 2756237                    /usr/lib/jvm/jdk1.8.0_181/jre/lib/amd64/libnet.so
7f543cd3e000-7f543cf6f000 r--s 01bb1000 08:01 1706762                    /home/whj/dowork/DiffTGen/lib/evosuite-1.0.6.jar
7f543cf6f000-7f543cf70000 ---p 00000000 00:00 0 
7f543cf70000-7f543d070000 rw-p 00000000 00:00 0 
7f543d070000-7f543d073000 ---p 00000000 00:00 0 
7f543d073000-7f543d171000 rw-p 00000000 00:00 0 
7f543d171000-7f543d174000 ---p 00000000 00:00 0 
7f543d174000-7f543d272000 rw-p 00000000 00:00 0 
7f543d272000-7f543d275000 ---p 00000000 00:00 0 
7f543d275000-7f543d373000 rw-p 00000000 00:00 0 
7f543d373000-7f543d376000 ---p 00000000 00:00 0 
7f543d376000-7f543d474000 rw-p 00000000 00:00 0 
7f543d474000-7f543de33000 r--p 00000000 08:01 1316108                    /usr/lib/locale/locale-archive
7f543de33000-7f543de36000 ---p 00000000 00:00 0 
7f543de36000-7f543df34000 rw-p 00000000 00:00 0 
7f543df34000-7f543df37000 ---p 00000000 00:00 0 
7f543df37000-7f543e035000 rw-p 00000000 00:00 0 
7f543e035000-7f543e036000 ---p 00000000 00:00 0 
7f543e036000-7f543ea3f000 rw-p 00000000 00:00 0 
7f543ea3f000-7f543ec19000 r--s 03d6b000 08:01 2756084                    /usr/lib/jvm/jdk1.8.0_181/jre/lib/rt.jar
7f543ec19000-7f544362c000 rw-p 00000000 00:00 0 
7f544362c000-7f544362d000 ---p 00000000 00:00 0 
7f544362d000-7f5443757000 rw-p 00000000 00:00 0 
7f5443757000-7f54439c5000 ---p 00000000 00:00 0 
7f54439c5000-7f54439ef000 rw-p 00000000 00:00 0 
7f54439ef000-7f5443c5c000 ---p 00000000 00:00 0 
7f5443c5c000-7f5443ca6000 rw-p 00000000 00:00 0 
7f5443ca6000-7f5443da8000 ---p 00000000 00:00 0 
7f5443da8000-7f5443dc9000 rw-p 00000000 00:00 0 
7f5443dc9000-7f5444169000 ---p 00000000 00:00 0 
7f5444169000-7f5444969000 rwxp 00000000 00:00 0 
7f5444969000-7f5453169000 ---p 00000000 00:00 0 
7f5453169000-7f5453184000 r-xp 00000000 08:01 2756233                    /usr/lib/jvm/jdk1.8.0_181/jre/lib/amd64/libzip.so
7f5453184000-7f5453384000 ---p 0001b000 08:01 2756233                    /usr/lib/jvm/jdk1.8.0_181/jre/lib/amd64/libzip.so
7f5453384000-7f5453385000 rw-p 0001b000 08:01 2756233                    /usr/lib/jvm/jdk1.8.0_181/jre/lib/amd64/libzip.so
7f5453385000-7f5453390000 r-xp 00000000 08:01 1054188                    /lib/x86_64-linux-gnu/libnss_files-2.23.so
7f5453390000-7f545358f000 ---p 0000b000 08:01 1054188                    /lib/x86_64-linux-gnu/libnss_files-2.23.so
7f545358f000-7f5453590000 r--p 0000a000 08:01 1054188                    /lib/x86_64-linux-gnu/libnss_files-2.23.so
7f5453590000-7f5453591000 rw-p 0000b000 08:01 1054188                    /lib/x86_64-linux-gnu/libnss_files-2.23.so
7f5453591000-7f5453597000 rw-p 00000000 00:00 0 
7f5453597000-7f54535a2000 r-xp 00000000 08:01 1054198                    /lib/x86_64-linux-gnu/libnss_nis-2.23.so
7f54535a2000-7f54537a1000 ---p 0000b000 08:01 1054198                    /lib/x86_64-linux-gnu/libnss_nis-2.23.so
7f54537a1000-7f54537a2000 r--p 0000a000 08:01 1054198                    /lib/x86_64-linux-gnu/libnss_nis-2.23.so
7f54537a2000-7f54537a3000 rw-p 0000b000 08:01 1054198                    /lib/x86_64-linux-gnu/libnss_nis-2.23.so
7f54537a3000-7f54537b9000 r-xp 00000000 08:01 1054182                    /lib/x86_64-linux-gnu/libnsl-2.23.so
7f54537b9000-7f54539b8000 ---p 00016000 08:01 1054182                    /lib/x86_64-linux-gnu/libnsl-2.23.so
7f54539b8000-7f54539b9000 r--p 00015000 08:01 1054182                    /lib/x86_64-linux-gnu/libnsl-2.23.so
7f54539b9000-7f54539ba000 rw-p 00016000 08:01 1054182                    /lib/x86_64-linux-gnu/libnsl-2.23.so
7f54539ba000-7f54539bc000 rw-p 00000000 00:00 0 
7f54539bc000-7f54539c4000 r-xp 00000000 08:01 1054184                    /lib/x86_64-linux-gnu/libnss_compat-2.23.so
7f54539c4000-7f5453bc3000 ---p 00008000 08:01 1054184                    /lib/x86_64-linux-gnu/libnss_compat-2.23.so
7f5453bc3000-7f5453bc4000 r--p 00007000 08:01 1054184                    /lib/x86_64-linux-gnu/libnss_compat-2.23.so
7f5453bc4000-7f5453bc5000 rw-p 00008000 08:01 1054184                    /lib/x86_64-linux-gnu/libnss_compat-2.23.so
7f5453bc5000-7f5453bf0000 r-xp 00000000 08:01 2756227                    /usr/lib/jvm/jdk1.8.0_181/jre/lib/amd64/libjava.so
7f5453bf0000-7f5453def000 ---p 0002b000 08:01 2756227                    /usr/lib/jvm/jdk1.8.0_181/jre/lib/amd64/libjava.so
7f5453def000-7f5453df1000 rw-p 0002a000 08:01 2756227                    /usr/lib/jvm/jdk1.8.0_181/jre/lib/amd64/libjava.so
7f5453df1000-7f5453dfe000 r-xp 00000000 08:01 2756232                    /usr/lib/jvm/jdk1.8.0_181/jre/lib/amd64/libverify.so
7f5453dfe000-7f5453ffe000 ---p 0000d000 08:01 2756232                    /usr/lib/jvm/jdk1.8.0_181/jre/lib/amd64/libverify.so
7f5453ffe000-7f5454000000 rw-p 0000d000 08:01 2756232                    /usr/lib/jvm/jdk1.8.0_181/jre/lib/amd64/libverify.so
7f5454000000-7f545446c000 rw-p 00000000 00:00 0 
7f545446c000-7f5458000000 ---p 00000000 00:00 0 
7f5458003000-7f5458006000 ---p 00000000 00:00 0 
7f5458006000-7f545803c000 rw-p 00000000 00:00 0 
7f545803c000-7f545804e000 r--s 00169000 08:01 3151510                    /home/whj/dowork/DiffTGen/extra_output/Chart_1_1_capgen/target/build/classes/all0.jar
7f545804e000-7f54580c4000 rw-p 00000000 00:00 0 
7f54580c4000-7f54580c5000 ---p 00000000 00:00 0 
7f54580c5000-7f54581c5000 rw-p 00000000 00:00 0 
7f54581c5000-7f54581cc000 r-xp 00000000 08:01 1054243                    /lib/x86_64-linux-gnu/librt-2.23.so
7f54581cc000-7f54583cb000 ---p 00007000 08:01 1054243                    /lib/x86_64-linux-gnu/librt-2.23.so
7f54583cb000-7f54583cc000 r--p 00006000 08:01 1054243                    /lib/x86_64-linux-gnu/librt-2.23.so
7f54583cc000-7f54583cd000 rw-p 00007000 08:01 1054243                    /lib/x86_64-linux-gnu/librt-2.23.so
7f54583cd000-7f54584d5000 r-xp 00000000 08:01 1054159                    /lib/x86_64-linux-gnu/libm-2.23.so
7f54584d5000-7f54586d4000 ---p 00108000 08:01 1054159                    /lib/x86_64-linux-gnu/libm-2.23.so
7f54586d4000-7f54586d5000 r--p 00107000 08:01 1054159                    /lib/x86_64-linux-gnu/libm-2.23.so
7f54586d5000-7f54586d6000 rw-p 00108000 08:01 1054159                    /lib/x86_64-linux-gnu/libm-2.23.so
7f54586d6000-7f54593b2000 r-xp 00000000 08:01 2756209                    /usr/lib/jvm/jdk1.8.0_181/jre/lib/amd64/server/libjvm.so
7f54593b2000-7f54595b2000 ---p 00cdc000 08:01 2756209                    /usr/lib/jvm/jdk1.8.0_181/jre/lib/amd64/server/libjvm.so
7f54595b2000-7f545968c000 rw-p 00cdc000 08:01 2756209                    /usr/lib/jvm/jdk1.8.0_181/jre/lib/amd64/server/libjvm.so
7f545968c000-7f54596d7000 rw-p 00000000 00:00 0 
7f54596d7000-7f5459897000 r-xp 00000000 08:01 1054089                    /lib/x86_64-linux-gnu/libc-2.23.so
7f5459897000-7f5459a97000 ---p 001c0000 08:01 1054089                    /lib/x86_64-linux-gnu/libc-2.23.so
7f5459a97000-7f5459a9b000 r--p 001c0000 08:01 1054089                    /lib/x86_64-linux-gnu/libc-2.23.so
7f5459a9b000-7f5459a9d000 rw-p 001c4000 08:01 1054089                    /lib/x86_64-linux-gnu/libc-2.23.so
7f5459a9d000-7f5459aa1000 rw-p 00000000 00:00 0 
7f5459aa1000-7f5459aa4000 r-xp 00000000 08:01 1054113                    /lib/x86_64-linux-gnu/libdl-2.23.so
7f5459aa4000-7f5459ca3000 ---p 00003000 08:01 1054113                    /lib/x86_64-linux-gnu/libdl-2.23.so
7f5459ca3000-7f5459ca4000 r--p 00002000 08:01 1054113                    /lib/x86_64-linux-gnu/libdl-2.23.so
7f5459ca4000-7f5459ca5000 rw-p 00003000 08:01 1054113                    /lib/x86_64-linux-gnu/libdl-2.23.so
7f5459ca5000-7f5459cbb000 r-xp 00000000 08:01 1449032                    /usr/lib/jvm/jdk1.8.0_181/lib/amd64/jli/libjli.so
7f5459cbb000-7f5459eba000 ---p 00016000 08:01 1449032                    /usr/lib/jvm/jdk1.8.0_181/lib/amd64/jli/libjli.so
7f5459eba000-7f5459ebb000 rw-p 00015000 08:01 1449032                    /usr/lib/jvm/jdk1.8.0_181/lib/amd64/jli/libjli.so
7f5459ebb000-7f5459ed3000 r-xp 00000000 08:01 1054235                    /lib/x86_64-linux-gnu/libpthread-2.23.so
7f5459ed3000-7f545a0d2000 ---p 00018000 08:01 1054235                    /lib/x86_64-linux-gnu/libpthread-2.23.so
7f545a0d2000-7f545a0d3000 r--p 00017000 08:01 1054235                    /lib/x86_64-linux-gnu/libpthread-2.23.so
7f545a0d3000-7f545a0d4000 rw-p 00018000 08:01 1054235                    /lib/x86_64-linux-gnu/libpthread-2.23.so
7f545a0d4000-7f545a0d8000 rw-p 00000000 00:00 0 
7f545a0d8000-7f545a0fe000 r-xp 00000000 08:01 1054061                    /lib/x86_64-linux-gnu/ld-2.23.so
7f545a104000-7f545a10e000 r--s 00116000 08:01 2756143                    /usr/lib/jvm/jdk1.8.0_181/jre/lib/ext/localedata.jar
7f545a10e000-7f545a1df000 rw-p 00000000 00:00 0 
7f545a1df000-7f545a1e2000 ---p 00000000 00:00 0 
7f545a1e2000-7f545a2e5000 rw-p 00000000 00:00 0 
7f545a2e5000-7f545a2ea000 r--s 0009d000 08:01 2756133                    /usr/lib/jvm/jdk1.8.0_181/jre/lib/jsse.jar
7f545a2ea000-7f545a2f2000 r--s 0006e000 08:01 2248917                    /home/whj/dowork/DiffTGen/lib/commons-lang3-3.5.jar
7f545a2f2000-7f545a2f3000 r--s 00000000 08:01 2248922                    /home/whj/dowork/DiffTGen/lib/myprinter.jar
7f545a2f3000-7f545a2fb000 rw-s 00000000 08:01 1984677                    /tmp/hsperfdata_whj/92767
7f545a2fb000-7f545a2fc000 rw-p 00000000 00:00 0 
7f545a2fc000-7f545a2fd000 ---p 00000000 00:00 0 
7f545a2fd000-7f545a2fe000 r--p 00025000 08:01 1054061                    /lib/x86_64-linux-gnu/ld-2.23.so
7f545a2fe000-7f545a2ff000 rw-p 00026000 08:01 1054061                    /lib/x86_64-linux-gnu/ld-2.23.so
7f545a2ff000-7f545a300000 rw-p 00000000 00:00 0 
7fff84f4b000-7fff84f6d000 rw-p 00000000 00:00 0                          [stack]
7fff84f81000-7fff84f84000 r--p 00000000 00:00 0                          [vvar]
7fff84f84000-7fff84f86000 r-xp 00000000 00:00 0                          [vdso]
ffffffffff600000-ffffffffff601000 r-xp 00000000 00:00 0                  [vsyscall]

VM Arguments:
java_command: /home/whj/dowork/DiffTGen/lib/evosuite-1.0.6.jar -base_dir /home/whj/dowork/DiffTGen/extra_output/Chart_1_1_capgen/target/0/8 -projectCP /home/whj/dowork/DiffTGen/extra_output/Chart_1_1_capgen/target/build/classes/all0.jar:/home/whj/dowork/DiffTGen/lib/myprinter.jar:/home/whj/dowork/DiffTGen/lib/commons-lang3-3.5.jar -class org.jfree.chart.renderer.category.AbstractCategoryItemRenderer -Dassertions=false -Dsearch_budget=60
java_class_path (initial): /home/whj/dowork/DiffTGen/lib/evosuite-1.0.6.jar
Launcher Type: SUN_STANDARD

Environment Variables:
JAVA_HOME=/usr/lib/jvm/jdk1.8.0_181
JRE_HOME=/usr/lib/jvm/jdk1.8.0_181/jre
CLASSPATH=.:/usr/lib/jvm/jdk1.8.0_181/lib:/usr/lib/jvm/jdk1.8.0_181/jre/lib
PATH=/home/whj/perl5/bin:/home/whj/dowork/defects4j-1.2.0/framework/bin:/usr/lib/jvm/jdk1.8.0_181/bin:/usr/lib/jvm/jdk1.8.0_181/jre/bin:/home/whj/bin:/home/whj/.local/bin:/usr/local/sbin:/usr/local/bin:/usr/sbin:/usr/bin:/sbin:/bin:/usr/games:/usr/local/games" :/snap/bin:/home/whj/bin
SHELL=/bin/bash
DISPLAY=:0

Signal Handlers:
SIGSEGV: [libjvm.so+0xad2a40], sa_mask[0]=11111111011111111101111111111110, sa_flags=SA_RESTART|SA_SIGINFO
SIGBUS: [libjvm.so+0xad2a40], sa_mask[0]=11111111011111111101111111111110, sa_flags=SA_RESTART|SA_SIGINFO
SIGFPE: [libjvm.so+0x92a610], sa_mask[0]=11111111011111111101111111111110, sa_flags=SA_RESTART|SA_SIGINFO
SIGPIPE: [libjvm.so+0x92a610], sa_mask[0]=11111111011111111101111111111110, sa_flags=SA_RESTART|SA_SIGINFO
SIGXFSZ: [libjvm.so+0x92a610], sa_mask[0]=11111111011111111101111111111110, sa_flags=SA_RESTART|SA_SIGINFO
SIGILL: [libjvm.so+0x92a610], sa_mask[0]=11111111011111111101111111111110, sa_flags=SA_RESTART|SA_SIGINFO
SIGUSR1: SIG_DFL, sa_mask[0]=00000000000000000000000000000000, sa_flags=none
SIGUSR2: [libjvm.so+0x92be70], sa_mask[0]=00100000000000000000000000000000, sa_flags=SA_RESTART|SA_SIGINFO
SIGHUP: [libjvm.so+0x92d270], sa_mask[0]=11111111011111111101111111111110, sa_flags=SA_RESTART|SA_SIGINFO
SIGINT: [libjvm.so+0x92d270], sa_mask[0]=11111111011111111101111111111110, sa_flags=SA_RESTART|SA_SIGINFO
SIGTERM: [libjvm.so+0x92d270], sa_mask[0]=11111111011111111101111111111110, sa_flags=SA_RESTART|SA_SIGINFO
SIGQUIT: [libjvm.so+0x92d270], sa_mask[0]=11111111011111111101111111111110, sa_flags=SA_RESTART|SA_SIGINFO


---------------  S Y S T E M  ---------------

OS:DISTRIB_ID=Ubuntu
DISTRIB_RELEASE=16.04
DISTRIB_CODENAME=xenial
DISTRIB_DESCRIPTION="Ubuntu 16.04.6 LTS"

uname:Linux 4.15.0-91-generic #92~16.04.1-Ubuntu SMP Fri Feb 28 14:57:22 UTC 2020 x86_64
libc:glibc 2.23 NPTL 2.23 
rlimit: STACK 8192k, CORE 0k, NPROC 31576, NOFILE 1048576, AS infinity
load average:19.81 16.18 15.35

/proc/meminfo:
MemTotal:        8144704 kB
MemFree:          129180 kB
MemAvailable:      23688 kB
Buffers:             172 kB
Cached:            31324 kB
SwapCached:        24640 kB
Active:          6735860 kB
Inactive:         855892 kB
Active(anon):    6720636 kB
Inactive(anon):   840080 kB
Active(file):      15224 kB
Inactive(file):    15812 kB
Unevictable:          32 kB
Mlocked:              32 kB
SwapTotal:        998396 kB
SwapFree:            200 kB
Dirty:               468 kB
Writeback:          1624 kB
AnonPages:       7536036 kB
Mapped:            27136 kB
Shmem:               432 kB
Slab:              88828 kB
SReclaimable:      31616 kB
SUnreclaim:        57212 kB
KernelStack:       15056 kB
PageTables:        47588 kB
NFS_Unstable:          0 kB
Bounce:                0 kB
WritebackTmp:          0 kB
CommitLimit:     5070748 kB
Committed_AS:   13905288 kB
VmallocTotal:   34359738367 kB
VmallocUsed:           0 kB
VmallocChunk:          0 kB
HardwareCorrupted:     0 kB
AnonHugePages:         0 kB
ShmemHugePages:        0 kB
ShmemPmdMapped:        0 kB
CmaTotal:              0 kB
CmaFree:               0 kB
HugePages_Total:       0
HugePages_Free:        0
HugePages_Rsvd:        0
HugePages_Surp:        0
Hugepagesize:       2048 kB
DirectMap4k:      128832 kB
DirectMap2M:     7211008 kB
DirectMap1G:     3145728 kB


CPU:total 2 (initial active 2) (2 cores per cpu, 1 threads per core) family 6 model 158 stepping 10, cmov, cx8, fxsr, mmx, sse, sse2, sse3, ssse3, sse4.1, sse4.2, popcnt, avx, avx2, aes, clmul, erms, 3dnowpref, lzcnt, tsc, tscinvbit, bmi1, bmi2, adx

/proc/cpuinfo:
processor	: 0
vendor_id	: GenuineIntel
cpu family	: 6
model		: 158
model name	: Intel(R) Core(TM) i7-8750H CPU @ 2.20GHz
stepping	: 10
microcode	: 0x96
cpu MHz		: 2207.999
cache size	: 9216 KB
physical id	: 0
siblings	: 2
core id		: 0
cpu cores	: 2
apicid		: 0
initial apicid	: 0
fpu		: yes
fpu_exception	: yes
cpuid level	: 22
wp		: yes
flags		: fpu vme de pse tsc msr pae mce cx8 apic sep mtrr pge mca cmov pat pse36 clflush mmx fxsr sse sse2 ss ht syscall nx pdpe1gb rdtscp lm constant_tsc arch_perfmon nopl xtopology tsc_reliable nonstop_tsc cpuid pni pclmulqdq ssse3 fma cx16 pcid sse4_1 sse4_2 x2apic movbe popcnt tsc_deadline_timer aes xsave avx f16c rdrand hypervisor lahf_lm abm 3dnowprefetch cpuid_fault invpcid_single pti ssbd ibrs ibpb stibp fsgsbase tsc_adjust bmi1 avx2 smep bmi2 invpcid rdseed adx smap xsaveopt arat flush_l1d arch_capabilities
bugs		: cpu_meltdown spectre_v1 spectre_v2 spec_store_bypass l1tf mds swapgs itlb_multihit
bogomips	: 4415.99
clflush size	: 64
cache_alignment	: 64
address sizes	: 42 bits physical, 48 bits virtual
power management:

processor	: 1
vendor_id	: GenuineIntel
cpu family	: 6
model		: 158
model name	: Intel(R) Core(TM) i7-8750H CPU @ 2.20GHz
stepping	: 10
microcode	: 0x96
cpu MHz		: 2207.999
cache size	: 9216 KB
physical id	: 0
siblings	: 2
core id		: 1
cpu cores	: 2
apicid		: 1
initial apicid	: 1
fpu		: yes
fpu_exception	: yes
cpuid level	: 22
wp		: yes
flags		: fpu vme de pse tsc msr pae mce cx8 apic sep mtrr pge mca cmov pat pse36 clflush mmx fxsr sse sse2 ss ht syscall nx pdpe1gb rdtscp lm constant_tsc arch_perfmon nopl xtopology tsc_reliable nonstop_tsc cpuid pni pclmulqdq ssse3 fma cx16 pcid sse4_1 sse4_2 x2apic movbe popcnt tsc_deadline_timer aes xsave avx f16c rdrand hypervisor lahf_lm abm 3dnowprefetch cpuid_fault invpcid_single pti ssbd ibrs ibpb stibp fsgsbase tsc_adjust bmi1 avx2 smep bmi2 invpcid rdseed adx smap xsaveopt arat flush_l1d arch_capabilities
bugs		: cpu_meltdown spectre_v1 spectre_v2 spec_store_bypass l1tf mds swapgs itlb_multihit
bogomips	: 4415.99
clflush size	: 64
cache_alignment	: 64
address sizes	: 42 bits physical, 48 bits virtual
power management:



Memory: 4k page, physical 8144704k(129180k free), swap 998396k(200k free)

vm_info: Java HotSpot(TM) 64-Bit Server VM (25.181-b13) for linux-amd64 JRE (1.8.0_181-b13), built on Jul  7 2018 00:56:38 by "java_re" with gcc 4.3.0 20080428 (Red Hat 4.3.0-8)

time: Fri Mar 27 18:05:21 2020
elapsed time: 138 seconds (0d 0h 2m 18s)

