#
# There is insufficient memory for the Java Runtime Environment to continue.
# Native memory allocation (mmap) failed to map 65536 bytes for committing reserved memory.
# Possible reasons:
#   The system is out of physical RAM or swap space
#   In 32 bit mode, the process size limit was hit
# Possible solutions:
#   Reduce memory load on the system
#   Increase physical memory or swap space
#   Check if swap backing store is full
#   Use 64 bit Java on a 64 bit OS
#   Decrease Java heap size (-Xmx/-Xms)
#   Decrease number of Java threads
#   Decrease Java thread stack sizes (-Xss)
#   Set larger code cache with -XX:ReservedCodeCacheSize=
# This output file may be truncated or incomplete.
#
#  Out of Memory Error (os_linux.cpp:2640), pid=117468, tid=0x00007fa7e8109700
#
# JRE version: Java(TM) SE Runtime Environment (8.0_181-b13) (build 1.8.0_181-b13)
# Java VM: Java HotSpot(TM) 64-Bit Server VM (25.181-b13 mixed mode linux-amd64 compressed oops)
# Failed to write core dump. Core dumps have been disabled. To enable core dumping, try "ulimit -c unlimited" before starting Java again
#

---------------  T H R E A D  ---------------

Current thread (0x00007fa7fc13c000):  JavaThread "C2 CompilerThread0" daemon [_thread_in_vm, id=117529, stack(0x00007fa7e8009000,0x00007fa7e810a000)]

Stack: [0x00007fa7e8009000,0x00007fa7e810a000],  sp=0x00007fa7e81053d0,  free space=1008k
Native frames: (J=compiled Java code, j=interpreted, Vv=VM code, C=native code)
V  [libjvm.so+0xad21aa]  VMError::report_and_die()+0x2ba
V  [libjvm.so+0x5022db]  report_vm_out_of_memory(char const*, int, unsigned long, VMErrorType, char const*)+0x8b
V  [libjvm.so+0x92fe33]  os::Linux::commit_memory_impl(char*, unsigned long, bool)+0x123
V  [libjvm.so+0x930059]  os::pd_commit_memory(char*, unsigned long, unsigned long, bool)+0x29
V  [libjvm.so+0x9272ba]  os::commit_memory(char*, unsigned long, unsigned long, bool)+0x2a
V  [libjvm.so+0xacde89]  VirtualSpace::expand_by(unsigned long, bool)+0x199
V  [libjvm.so+0x621ffc]  CodeHeap::expand_by(unsigned long)+0x8c
V  [libjvm.so+0x4860c0]  CodeCache::allocate(int, bool)+0x60
V  [libjvm.so+0x4814b5]  BufferBlob::create(char const*, int)+0x95
V  [libjvm.so+0x484dca]  CodeBuffer::initialize(int, int)+0x1a
V  [libjvm.so+0x940048]  Compile::init_buffer(unsigned int*)+0x208
V  [libjvm.so+0x945e61]  Compile::Output()+0x381
V  [libjvm.so+0x4a8d1b]  Compile::Code_Gen()+0x31b
V  [libjvm.so+0x4ab4e1]  Compile::Compile(ciEnv*, C2Compiler*, ciMethod*, int, bool, bool, bool)+0x14b1
V  [libjvm.so+0x3f6775]  C2Compiler::compile_method(ciEnv*, ciMethod*, int)+0x1f5
V  [libjvm.so+0x4b5a5a]  CompileBroker::invoke_compiler_on_method(CompileTask*)+0xcba
V  [libjvm.so+0x4b6a06]  CompileBroker::compiler_thread_loop()+0x5d6
V  [libjvm.so+0xa813f3]  JavaThread::thread_main_inner()+0x103
V  [libjvm.so+0xa8153c]  JavaThread::run()+0x11c
V  [libjvm.so+0x930198]  java_start(Thread*)+0x108
C  [libpthread.so.0+0x76ba]  start_thread+0xca


Current CompileTask:
C2: 106498 1109   !   4       java.io.ObjectInputStream::readObject0 (566 bytes)


---------------  P R O C E S S  ---------------

Java Threads: ( => current thread )
  0x0000000000f9f000 JavaThread "RMI TCP Connection(4)-127.0.0.1" daemon [_thread_in_native, id=117923, stack(0x00007fa7af3f6000,0x00007fa7af4f7000)]
  0x0000000000f9d800 JavaThread "RMI TCP Connection(3)-127.0.0.1" daemon [_thread_in_vm, id=117867, stack(0x00007fa7af0f3000,0x00007fa7af1f4000)]
  0x00007fa7d8038800 JavaThread "RMI Scheduler(0)" daemon [_thread_blocked, id=117856, stack(0x00007fa7af1f4000,0x00007fa7af2f5000)]
  0x00007fa7d8035000 JavaThread "RMI RenewClean-[127.0.0.1:15823]" daemon [_thread_blocked, id=117826, stack(0x00007fa7af2f5000,0x00007fa7af3f6000)]
  0x00007fa7b0005000 JavaThread "pool-3-thread-3" [_thread_in_native, id=117760, stack(0x00007fa7af4f7000,0x00007fa7af5f8000)]
  0x00007fa7b0003800 JavaThread "pool-3-thread-2" [_thread_in_native, id=117758, stack(0x00007fa7af5f8000,0x00007fa7af6f9000)]
  0x00007fa7b0002800 JavaThread "pool-3-thread-1" [_thread_in_native, id=117756, stack(0x00007fa7af6f9000,0x00007fa7af7fa000)]
  0x00007fa7fc40b800 JavaThread "Thread-3" [_thread_in_native, id=117634, stack(0x00007fa7af7fa000,0x00007fa7af8fb000)]
  0x00007fa7fc40a000 JavaThread "Thread-2" [_thread_in_native, id=117633, stack(0x00007fa7af8fb000,0x00007fa7af9fc000)]
  0x00007fa7fc408800 JavaThread "process reaper" daemon [_thread_in_native, id=117629, stack(0x00007fa800034000,0x00007fa80006d000)]
  0x00007fa7fc405000 JavaThread "pool-2-thread-1" [_thread_in_native, id=117596, stack(0x00007fa7af9fc000,0x00007fa7afafd000)]
  0x00007fa7fc402800 JavaThread "GC Daemon" daemon [_thread_blocked, id=117593, stack(0x00007fa7afafd000,0x00007fa7afbfe000)]
  0x00007fa7fc3fe000 JavaThread "RMI Reaper" [_thread_blocked, id=117590, stack(0x00007fa7afbfe000,0x00007fa7afcff000)]
  0x00007fa7fc3f7000 JavaThread "RMI TCP Accept-19184" daemon [_thread_in_native, id=117588, stack(0x00007fa7afcff000,0x00007fa7afe00000)]
  0x00007fa7fc3ef800 JavaThread "RMI TCP Accept-4994" daemon [_thread_in_native, id=117586, stack(0x00007fa7d00c2000,0x00007fa7d01c3000)]
  0x00007fa7fc294000 JavaThread "logback-3" daemon [_thread_blocked, id=117566, stack(0x00007fa7d05b1000,0x00007fa7d06b2000)]
  0x00007fa7fc292800 JavaThread "logback-2" daemon [_thread_blocked, id=117564, stack(0x00007fa7d06b2000,0x00007fa7d07b3000)]
  0x00007fa7fc291000 JavaThread "logback-1" daemon [_thread_blocked, id=117562, stack(0x00007fa7d07b3000,0x00007fa7d08b4000)]
  0x00007fa7fc142000 JavaThread "Service Thread" daemon [_thread_blocked, id=117542, stack(0x00007fa7d3dfe000,0x00007fa7d3eff000)]
  0x00007fa7fc13f000 JavaThread "C1 CompilerThread1" daemon [_thread_blocked, id=117533, stack(0x00007fa7d3eff000,0x00007fa7d4000000)]
=>0x00007fa7fc13c000 JavaThread "C2 CompilerThread0" daemon [_thread_in_vm, id=117529, stack(0x00007fa7e8009000,0x00007fa7e810a000)]
  0x00007fa7fc13a800 JavaThread "Signal Dispatcher" daemon [_thread_blocked, id=117524, stack(0x00007fa7e810a000,0x00007fa7e820b000)]
  0x00007fa7fc107800 JavaThread "Finalizer" daemon [_thread_blocked, id=117515, stack(0x00007fa7e8bca000,0x00007fa7e8ccb000)]
  0x00007fa7fc105000 JavaThread "Reference Handler" daemon [_thread_blocked, id=117509, stack(0x00007fa7e8ccb000,0x00007fa7e8dcc000)]
  0x00007fa7fc00a800 JavaThread "main" [_thread_in_native, id=117473, stack(0x00007fa804f95000,0x00007fa805096000)]

Other Threads:
  0x00007fa7fc0fb800 VMThread [stack: 0x00007fa7e8dcc000,0x00007fa7e8ecd000] [id=117498]
  0x00007fa7fc147000 WatcherThread [stack: 0x00007fa7d3cfd000,0x00007fa7d3dfe000] [id=117553]

VM state:not at safepoint (normal execution)

VM Mutex/Monitor currently owned by a thread:  ([mutex/lock_event])
[0x00007fa7fc006040] CodeCache_lock - owner thread: 0x00007fa7fc13c000

Heap:
 PSYoungGen      total 37888K, used 11761K [0x00000000d6900000, 0x00000000d9300000, 0x0000000100000000)
  eden space 32768K, 35% used [0x00000000d6900000,0x00000000d747c4d8,0x00000000d8900000)
  from space 5120K, 0% used [0x00000000d8e00000,0x00000000d8e00000,0x00000000d9300000)
  to   space 5120K, 0% used [0x00000000d8900000,0x00000000d8900000,0x00000000d8e00000)
 ParOldGen       total 86016K, used 10629K [0x0000000083a00000, 0x0000000088e00000, 0x00000000d6900000)
  object space 86016K, 12% used [0x0000000083a00000,0x0000000084461618,0x0000000088e00000)
 Metaspace       used 12352K, capacity 12686K, committed 12928K, reserved 1060864K
  class space    used 1469K, capacity 1571K, committed 1664K, reserved 1048576K

Card table byte_map: [0x00007fa801940000,0x00007fa801d24000] byte_map_base: 0x00007fa801523000

Marking Bits: (ParMarkBitMap*) 0x00007fa8044600a0
 Begin Bits: [0x00007fa7e91d0000, 0x00007fa7eb0e8000)
 End Bits:   [0x00007fa7eb0e8000, 0x00007fa7ed000000)

Polling page: 0x00007fa8050b2000

CodeCache: size=245760Kb used=3860Kb max_used=3860Kb free=241899Kb
 bounds [0x00007fa7ed000000, 0x00007fa7ed3d0000, 0x00007fa7fc000000]
 total_blobs=1475 nmethods=1140 adapters=247
 compilation: enabled

Compilation events (10 events):
Event: 104.626 Thread 0x00007fa7fc13f000 1162       1       java.lang.reflect.Constructor::getConstructorAccessor (5 bytes)
Event: 104.626 Thread 0x00007fa7fc13f000 nmethod 1162 0x00007fa7ed3be810 code [0x00007fa7ed3be960, 0x00007fa7ed3bea70]
Event: 104.666 Thread 0x00007fa7fc13f000 1163   !   3       java.io.ObjectStreamClass::lookup (335 bytes)
Event: 104.669 Thread 0x00007fa7fc13f000 nmethod 1163 0x00007fa7ed3bead0 code [0x00007fa7ed3befa0, 0x00007fa7ed3c2508]
Event: 104.691 Thread 0x00007fa7fc13f000 1164   !   3       sun.reflect.GeneratedSerializationConstructorAccessor64::newInstance (49 bytes)
Event: 104.691 Thread 0x00007fa7fc13f000 nmethod 1164 0x00007fa7ed3c3ad0 code [0x00007fa7ed3c3c80, 0x00007fa7ed3c40c8]
Event: 104.691 Thread 0x00007fa7fc13f000 1165       3       java.io.ObjectStreamField::<init> (268 bytes)
Event: 104.692 Thread 0x00007fa7fc13f000 nmethod 1165 0x00007fa7ed3c4350 code [0x00007fa7ed3c4540, 0x00007fa7ed3c4dd8]
Event: 104.699 Thread 0x00007fa7fc13f000 1166       3       sun.reflect.Reflection::filter (220 bytes)
Event: 104.699 Thread 0x00007fa7fc13f000 nmethod 1166 0x00007fa7ed3c50d0 code [0x00007fa7ed3c52e0, 0x00007fa7ed3c5ec8]

GC Heap History (6 events):
Event: 2.345 GC heap before
{Heap before GC invocations=1 (full 0):
 PSYoungGen      total 37888K, used 32768K [0x00000000d6900000, 0x00000000d9300000, 0x0000000100000000)
  eden space 32768K, 100% used [0x00000000d6900000,0x00000000d8900000,0x00000000d8900000)
  from space 5120K, 0% used [0x00000000d8e00000,0x00000000d8e00000,0x00000000d9300000)
  to   space 5120K, 0% used [0x00000000d8900000,0x00000000d8900000,0x00000000d8e00000)
 ParOldGen       total 86016K, used 0K [0x0000000083a00000, 0x0000000088e00000, 0x00000000d6900000)
  object space 86016K, 0% used [0x0000000083a00000,0x0000000083a00000,0x0000000088e00000)
 Metaspace       used 8347K, capacity 8422K, committed 8448K, reserved 1056768K
  class space    used 1004K, capacity 1012K, committed 1024K, reserved 1048576K
Event: 2.366 GC heap after
Heap after GC invocations=1 (full 0):
 PSYoungGen      total 37888K, used 5088K [0x00000000d6900000, 0x00000000d9300000, 0x0000000100000000)
  eden space 32768K, 0% used [0x00000000d6900000,0x00000000d6900000,0x00000000d8900000)
  from space 5120K, 99% used [0x00000000d8900000,0x00000000d8df8030,0x00000000d8e00000)
  to   space 5120K, 0% used [0x00000000d8e00000,0x00000000d8e00000,0x00000000d9300000)
 ParOldGen       total 86016K, used 1757K [0x0000000083a00000, 0x0000000088e00000, 0x00000000d6900000)
  object space 86016K, 2% used [0x0000000083a00000,0x0000000083bb7400,0x0000000088e00000)
 Metaspace       used 8347K, capacity 8422K, committed 8448K, reserved 1056768K
  class space    used 1004K, capacity 1012K, committed 1024K, reserved 1048576K
}
Event: 3.347 GC heap before
{Heap before GC invocations=2 (full 0):
 PSYoungGen      total 37888K, used 34319K [0x00000000d6900000, 0x00000000d9300000, 0x0000000100000000)
  eden space 32768K, 89% used [0x00000000d6900000,0x00000000d858be80,0x00000000d8900000)
  from space 5120K, 99% used [0x00000000d8900000,0x00000000d8df8030,0x00000000d8e00000)
  to   space 5120K, 0% used [0x00000000d8e00000,0x00000000d8e00000,0x00000000d9300000)
 ParOldGen       total 86016K, used 1757K [0x0000000083a00000, 0x0000000088e00000, 0x00000000d6900000)
  object space 86016K, 2% used [0x0000000083a00000,0x0000000083bb7400,0x0000000088e00000)
 Metaspace       used 10241K, capacity 10412K, committed 10624K, reserved 1058816K
  class space    used 1237K, capacity 1319K, committed 1408K, reserved 1048576K
Event: 3.388 GC heap after
Heap after GC invocations=2 (full 0):
 PSYoungGen      total 37888K, used 5120K [0x00000000d6900000, 0x00000000d9300000, 0x0000000100000000)
  eden space 32768K, 0% used [0x00000000d6900000,0x00000000d6900000,0x00000000d8900000)
  from space 5120K, 100% used [0x00000000d8e00000,0x00000000d9300000,0x00000000d9300000)
  to   space 5120K, 0% used [0x00000000d8900000,0x00000000d8900000,0x00000000d8e00000)
 ParOldGen       total 86016K, used 6994K [0x0000000083a00000, 0x0000000088e00000, 0x00000000d6900000)
  object space 86016K, 8% used [0x0000000083a00000,0x00000000840d4b28,0x0000000088e00000)
 Metaspace       used 10241K, capacity 10412K, committed 10624K, reserved 1058816K
  class space    used 1237K, capacity 1319K, committed 1408K, reserved 1048576K
}
Event: 3.388 GC heap before
{Heap before GC invocations=3 (full 1):
 PSYoungGen      total 37888K, used 5120K [0x00000000d6900000, 0x00000000d9300000, 0x0000000100000000)
  eden space 32768K, 0% used [0x00000000d6900000,0x00000000d6900000,0x00000000d8900000)
  from space 5120K, 100% used [0x00000000d8e00000,0x00000000d9300000,0x00000000d9300000)
  to   space 5120K, 0% used [0x00000000d8900000,0x00000000d8900000,0x00000000d8e00000)
 ParOldGen       total 86016K, used 6994K [0x0000000083a00000, 0x0000000088e00000, 0x00000000d6900000)
  object space 86016K, 8% used [0x0000000083a00000,0x00000000840d4b28,0x0000000088e00000)
 Metaspace       used 10241K, capacity 10412K, committed 10624K, reserved 1058816K
  class space    used 1237K, capacity 1319K, committed 1408K, reserved 1048576K
Event: 3.632 GC heap after
Heap after GC invocations=3 (full 1):
 PSYoungGen      total 37888K, used 0K [0x00000000d6900000, 0x00000000d9300000, 0x0000000100000000)
  eden space 32768K, 0% used [0x00000000d6900000,0x00000000d6900000,0x00000000d8900000)
  from space 5120K, 0% used [0x00000000d8e00000,0x00000000d8e00000,0x00000000d9300000)
  to   space 5120K, 0% used [0x00000000d8900000,0x00000000d8900000,0x00000000d8e00000)
 ParOldGen       total 86016K, used 10629K [0x0000000083a00000, 0x0000000088e00000, 0x00000000d6900000)
  object space 86016K, 12% used [0x0000000083a00000,0x0000000084461618,0x0000000088e00000)
 Metaspace       used 10233K, capacity 10402K, committed 10624K, reserved 1058816K
  class space    used 1236K, capacity 1317K, committed 1408K, reserved 1048576K
}

Deoptimization events (7 events):
Event: 1.988 Thread 0x00007fa7fc00a800 Uncommon trap: reason=unstable_if action=reinterpret pc=0x00007fa7ed152234 method=java.lang.String.startsWith(Ljava/lang/String;I)Z @ 25
Event: 3.202 Thread 0x00007fa7fc00a800 Uncommon trap: reason=unstable_if action=reinterpret pc=0x00007fa7ed1f6b0c method=java.lang.String.indexOf([CII[CIII)I @ 3
Event: 6.214 Thread 0x00007fa7a8001800 Uncommon trap: reason=unstable_if action=reinterpret pc=0x00007fa7ed26aacc method=sun.misc.MetaIndex.mayContain(Ljava/lang/String;)Z @ 38
Event: 103.338 Thread 0x0000000000f9d800 Uncommon trap: reason=bimorphic action=maybe_recompile pc=0x00007fa7ed25ff10 method=java.util.HashMap.putVal(ILjava/lang/Object;Ljava/lang/Object;ZZ)Ljava/lang/Object; @ 91
Event: 103.356 Thread 0x0000000000f9d800 Uncommon trap: reason=bimorphic action=maybe_recompile pc=0x00007fa7ed25ff10 method=java.util.HashMap.putVal(ILjava/lang/Object;Ljava/lang/Object;ZZ)Ljava/lang/Object; @ 91
Event: 103.356 Thread 0x0000000000f9d800 Uncommon trap: reason=bimorphic action=maybe_recompile pc=0x00007fa7ed25ff10 method=java.util.HashMap.putVal(ILjava/lang/Object;Ljava/lang/Object;ZZ)Ljava/lang/Object; @ 91
Event: 103.356 Thread 0x0000000000f9d800 Uncommon trap: reason=bimorphic action=maybe_recompile pc=0x00007fa7ed25ff10 method=java.util.HashMap.putVal(ILjava/lang/Object;Ljava/lang/Object;ZZ)Ljava/lang/Object; @ 91

Classes redefined (0 events):
No events

Internal exceptions (10 events):
Event: 81.352 Thread 0x00007fa7fc291000 Exception <a 'java/net/ConnectException'> (0x00000000d6c7c558) thrown at [/HUDSON/workspace/8-2-build-linux-amd64/jdk8u181/11358/hotspot/src/share/vm/prims/jni.cpp, line 709]
Event: 81.361 Thread 0x00007fa7fc292800 Exception <a 'java/net/ConnectException'> (0x00000000d6c2a710) thrown at [/HUDSON/workspace/8-2-build-linux-amd64/jdk8u181/11358/hotspot/src/share/vm/prims/jni.cpp, line 709]
Event: 81.362 Thread 0x00007fa7fc294000 Exception <a 'java/net/ConnectException'> (0x00000000d6cce4d8) thrown at [/HUDSON/workspace/8-2-build-linux-amd64/jdk8u181/11358/hotspot/src/share/vm/prims/jni.cpp, line 709]
Event: 91.354 Thread 0x00007fa7fc291000 Exception <a 'java/net/ConnectException'> (0x00000000d6c7d080) thrown at [/HUDSON/workspace/8-2-build-linux-amd64/jdk8u181/11358/hotspot/src/share/vm/prims/jni.cpp, line 709]
Event: 91.361 Thread 0x00007fa7fc292800 Exception <a 'java/net/ConnectException'> (0x00000000d6c2b238) thrown at [/HUDSON/workspace/8-2-build-linux-amd64/jdk8u181/11358/hotspot/src/share/vm/prims/jni.cpp, line 709]
Event: 91.362 Thread 0x00007fa7fc294000 Exception <a 'java/net/ConnectException'> (0x00000000d6ccf000) thrown at [/HUDSON/workspace/8-2-build-linux-amd64/jdk8u181/11358/hotspot/src/share/vm/prims/jni.cpp, line 709]
Event: 101.355 Thread 0x00007fa7fc291000 Exception <a 'java/net/ConnectException'> (0x00000000d6c7dba8) thrown at [/HUDSON/workspace/8-2-build-linux-amd64/jdk8u181/11358/hotspot/src/share/vm/prims/jni.cpp, line 709]
Event: 101.362 Thread 0x00007fa7fc292800 Exception <a 'java/net/ConnectException'> (0x00000000d6c2bd60) thrown at [/HUDSON/workspace/8-2-build-linux-amd64/jdk8u181/11358/hotspot/src/share/vm/prims/jni.cpp, line 709]
Event: 101.363 Thread 0x00007fa7fc294000 Exception <a 'java/net/ConnectException'> (0x00000000d6ccfb28) thrown at [/HUDSON/workspace/8-2-build-linux-amd64/jdk8u181/11358/hotspot/src/share/vm/prims/jni.cpp, line 709]
Event: 104.586 Thread 0x0000000000f9d800 Exception <a 'java/lang/NoSuchMethodError': <clinit>> (0x00000000d73aecc0) thrown at [/HUDSON/workspace/8-2-build-linux-amd64/jdk8u181/11358/hotspot/src/share/vm/prims/jni.cpp, line 1613]

Events (10 events):
Event: 104.888 loading class org/evosuite/testcase/statements/ConstructorStatement$1
Event: 104.888 loading class org/evosuite/testcase/statements/ConstructorStatement$1 done
Event: 104.990 loading class org/evosuite/utils/generic/GenericClass
Event: 104.990 loading class org/evosuite/utils/generic/GenericClass done
Event: 106.088 loading class org/evosuite/shaded/org/objectweb/asm/commons/GeneratorAdapter
Event: 106.088 loading class org/evosuite/shaded/org/objectweb/asm/commons/GeneratorAdapter done
Event: 106.115 loading class org/evosuite/shaded/org/objectweb/asm/commons/LocalVariablesSorter
Event: 106.115 loading class org/evosuite/shaded/org/objectweb/asm/commons/LocalVariablesSorter done
Event: 106.124 loading class org/evosuite/shaded/org/objectweb/asm/MethodVisitor
Event: 106.124 loading class org/evosuite/shaded/org/objectweb/asm/MethodVisitor done


Dynamic libraries:
00400000-00401000 r-xp 00000000 08:01 1448396                            /usr/lib/jvm/jdk1.8.0_181/bin/java
00600000-00601000 rw-p 00000000 08:01 1448396                            /usr/lib/jvm/jdk1.8.0_181/bin/java
00f9b000-00fbc000 rw-p 00000000 00:00 0                                  [heap]
83a00000-88e00000 rw-p 00000000 00:00 0 
88e00000-d6900000 ---p 00000000 00:00 0 
d6900000-d9300000 rw-p 00000000 00:00 0 
d9300000-100000000 ---p 00000000 00:00 0 
100000000-1001a0000 rw-p 00000000 00:00 0 
1001a0000-140000000 ---p 00000000 00:00 0 
7fa7a8000000-7fa7a8021000 rw-p 00000000 00:00 0 
7fa7a8021000-7fa7ac000000 ---p 00000000 00:00 0 
7fa7aeef3000-7fa7aeff3000 rw-p 00000000 00:00 0 
7fa7aeff3000-7fa7af0f3000 ---p 00000000 00:00 0 
7fa7af0f3000-7fa7af0f6000 ---p 00000000 00:00 0 
7fa7af0f6000-7fa7af1f4000 rw-p 00000000 00:00 0 
7fa7af1f4000-7fa7af1f7000 ---p 00000000 00:00 0 
7fa7af1f7000-7fa7af2f5000 rw-p 00000000 00:00 0 
7fa7af2f5000-7fa7af2f8000 ---p 00000000 00:00 0 
7fa7af2f8000-7fa7af3f6000 rw-p 00000000 00:00 0 
7fa7af3f6000-7fa7af3f9000 ---p 00000000 00:00 0 
7fa7af3f9000-7fa7af4f7000 rw-p 00000000 00:00 0 
7fa7af4f7000-7fa7af4fa000 ---p 00000000 00:00 0 
7fa7af4fa000-7fa7af5f8000 rw-p 00000000 00:00 0 
7fa7af5f8000-7fa7af5fb000 ---p 00000000 00:00 0 
7fa7af5fb000-7fa7af6f9000 rw-p 00000000 00:00 0 
7fa7af6f9000-7fa7af6fc000 ---p 00000000 00:00 0 
7fa7af6fc000-7fa7af7fa000 rw-p 00000000 00:00 0 
7fa7af7fa000-7fa7af7fd000 ---p 00000000 00:00 0 
7fa7af7fd000-7fa7af8fb000 rw-p 00000000 00:00 0 
7fa7af8fb000-7fa7af8fe000 ---p 00000000 00:00 0 
7fa7af8fe000-7fa7af9fc000 rw-p 00000000 00:00 0 
7fa7af9fc000-7fa7af9ff000 ---p 00000000 00:00 0 
7fa7af9ff000-7fa7afafd000 rw-p 00000000 00:00 0 
7fa7afafd000-7fa7afb00000 ---p 00000000 00:00 0 
7fa7afb00000-7fa7afbfe000 rw-p 00000000 00:00 0 
7fa7afbfe000-7fa7afc01000 ---p 00000000 00:00 0 
7fa7afc01000-7fa7afcff000 rw-p 00000000 00:00 0 
7fa7afcff000-7fa7afd02000 ---p 00000000 00:00 0 
7fa7afd02000-7fa7b0000000 rw-p 00000000 00:00 0 
7fa7b0000000-7fa7b0021000 rw-p 00000000 00:00 0 
7fa7b0021000-7fa7b4000000 ---p 00000000 00:00 0 
7fa7b4000000-7fa7b4021000 rw-p 00000000 00:00 0 
7fa7b4021000-7fa7b8000000 ---p 00000000 00:00 0 
7fa7b8000000-7fa7b8021000 rw-p 00000000 00:00 0 
7fa7b8021000-7fa7bc000000 ---p 00000000 00:00 0 
7fa7bc000000-7fa7bc021000 rw-p 00000000 00:00 0 
7fa7bc021000-7fa7c0000000 ---p 00000000 00:00 0 
7fa7c0000000-7fa7c0365000 rw-p 00000000 00:00 0 
7fa7c0365000-7fa7c4000000 ---p 00000000 00:00 0 
7fa7c4000000-7fa7c4021000 rw-p 00000000 00:00 0 
7fa7c4021000-7fa7c8000000 ---p 00000000 00:00 0 
7fa7c8000000-7fa7c9454000 rw-p 00000000 00:00 0 
7fa7c9454000-7fa7cc000000 ---p 00000000 00:00 0 
7fa7cc000000-7fa7cc021000 rw-p 00000000 00:00 0 
7fa7cc021000-7fa7d0000000 ---p 00000000 00:00 0 
7fa7d00c2000-7fa7d00c5000 ---p 00000000 00:00 0 
7fa7d00c5000-7fa7d01c3000 rw-p 00000000 00:00 0 
7fa7d01c3000-7fa7d0538000 r--s 03317000 08:01 2101169                    /home/whj/dowork/DiffTGen/extra_output/Closure_93_4_sequencer/target/build/classes/all0.jar
7fa7d0538000-7fa7d05b1000 r--s 010f9000 08:01 1448503                    /usr/lib/jvm/jdk1.8.0_181/lib/tools.jar
7fa7d05b1000-7fa7d05b4000 ---p 00000000 00:00 0 
7fa7d05b4000-7fa7d06b2000 rw-p 00000000 00:00 0 
7fa7d06b2000-7fa7d06b5000 ---p 00000000 00:00 0 
7fa7d06b5000-7fa7d07b3000 rw-p 00000000 00:00 0 
7fa7d07b3000-7fa7d07b6000 ---p 00000000 00:00 0 
7fa7d07b6000-7fa7d38b5000 rw-p 00000000 00:00 0 
7fa7d38b5000-7fa7d38cb000 r-xp 00000000 08:01 2756237                    /usr/lib/jvm/jdk1.8.0_181/jre/lib/amd64/libnet.so
7fa7d38cb000-7fa7d3acb000 ---p 00016000 08:01 2756237                    /usr/lib/jvm/jdk1.8.0_181/jre/lib/amd64/libnet.so
7fa7d3acb000-7fa7d3acc000 rw-p 00016000 08:01 2756237                    /usr/lib/jvm/jdk1.8.0_181/jre/lib/amd64/libnet.so
7fa7d3acc000-7fa7d3cfd000 r--s 01bb1000 08:01 1706762                    /home/whj/dowork/DiffTGen/lib/evosuite-1.0.6.jar
7fa7d3cfd000-7fa7d3cfe000 ---p 00000000 00:00 0 
7fa7d3cfe000-7fa7d3dfe000 rw-p 00000000 00:00 0 
7fa7d3dfe000-7fa7d3e01000 ---p 00000000 00:00 0 
7fa7d3e01000-7fa7d3eff000 rw-p 00000000 00:00 0 
7fa7d3eff000-7fa7d3f02000 ---p 00000000 00:00 0 
7fa7d3f02000-7fa7d4000000 rw-p 00000000 00:00 0 
7fa7d4000000-7fa7d4021000 rw-p 00000000 00:00 0 
7fa7d4021000-7fa7d8000000 ---p 00000000 00:00 0 
7fa7d8000000-7fa7d803b000 rw-p 00000000 00:00 0 
7fa7d803b000-7fa7dc000000 ---p 00000000 00:00 0 
7fa7dc000000-7fa7dc13d000 rw-p 00000000 00:00 0 
7fa7dc13d000-7fa7e0000000 ---p 00000000 00:00 0 
7fa7e0000000-7fa7e0021000 rw-p 00000000 00:00 0 
7fa7e0021000-7fa7e4000000 ---p 00000000 00:00 0 
7fa7e4000000-7fa7e4021000 rw-p 00000000 00:00 0 
7fa7e4021000-7fa7e8000000 ---p 00000000 00:00 0 
7fa7e8009000-7fa7e800c000 ---p 00000000 00:00 0 
7fa7e800c000-7fa7e810a000 rw-p 00000000 00:00 0 
7fa7e810a000-7fa7e810d000 ---p 00000000 00:00 0 
7fa7e810d000-7fa7e820b000 rw-p 00000000 00:00 0 
7fa7e820b000-7fa7e8bca000 r--p 00000000 08:01 1316108                    /usr/lib/locale/locale-archive
7fa7e8bca000-7fa7e8bcd000 ---p 00000000 00:00 0 
7fa7e8bcd000-7fa7e8ccb000 rw-p 00000000 00:00 0 
7fa7e8ccb000-7fa7e8cce000 ---p 00000000 00:00 0 
7fa7e8cce000-7fa7e8dcc000 rw-p 00000000 00:00 0 
7fa7e8dcc000-7fa7e8dcd000 ---p 00000000 00:00 0 
7fa7e8dcd000-7fa7ed000000 rw-p 00000000 00:00 0 
7fa7ed000000-7fa7ed3d0000 rwxp 00000000 00:00 0 
7fa7ed3e0000-7fa7fc000000 ---p 00000000 00:00 0 
7fa7fc000000-7fa7fc46c000 rw-p 00000000 00:00 0 
7fa7fc46c000-7fa800000000 ---p 00000000 00:00 0 
7fa800018000-7fa800034000 r--s 00393000 08:01 2756136                    /usr/lib/jvm/jdk1.8.0_181/jre/lib/ext/cldrdata.jar
7fa800034000-7fa800037000 ---p 00000000 00:00 0 
7fa800037000-7fa800673000 rw-p 00000000 00:00 0 
7fa800673000-7fa80084d000 r--s 03d6b000 08:01 2756084                    /usr/lib/jvm/jdk1.8.0_181/jre/lib/rt.jar
7fa80084d000-7fa8014a6000 rw-p 00000000 00:00 0 
7fa8014a6000-7fa8014a7000 ---p 00000000 00:00 0 
7fa8014a7000-7fa8015a7000 rw-p 00000000 00:00 0 
7fa8015a7000-7fa8015a8000 ---p 00000000 00:00 0 
7fa8015a8000-7fa8016d2000 rw-p 00000000 00:00 0 
7fa8016d2000-7fa801940000 ---p 00000000 00:00 0 
7fa801940000-7fa80196a000 rw-p 00000000 00:00 0 
7fa80196a000-7fa801bd7000 ---p 00000000 00:00 0 
7fa801bd7000-7fa801bed000 rw-p 00000000 00:00 0 
7fa801bed000-7fa801d23000 ---p 00000000 00:00 0 
7fa801d23000-7fa801d34000 rw-p 00000000 00:00 0 
7fa801d34000-7fa8020e4000 ---p 00000000 00:00 0 
7fa8020e4000-7fa8020ff000 r-xp 00000000 08:01 2756233                    /usr/lib/jvm/jdk1.8.0_181/jre/lib/amd64/libzip.so
7fa8020ff000-7fa8022ff000 ---p 0001b000 08:01 2756233                    /usr/lib/jvm/jdk1.8.0_181/jre/lib/amd64/libzip.so
7fa8022ff000-7fa802300000 rw-p 0001b000 08:01 2756233                    /usr/lib/jvm/jdk1.8.0_181/jre/lib/amd64/libzip.so
7fa802300000-7fa80230b000 r-xp 00000000 08:01 1054188                    /lib/x86_64-linux-gnu/libnss_files-2.23.so
7fa80230b000-7fa80250a000 ---p 0000b000 08:01 1054188                    /lib/x86_64-linux-gnu/libnss_files-2.23.so
7fa80250a000-7fa80250b000 r--p 0000a000 08:01 1054188                    /lib/x86_64-linux-gnu/libnss_files-2.23.so
7fa80250b000-7fa80250c000 rw-p 0000b000 08:01 1054188                    /lib/x86_64-linux-gnu/libnss_files-2.23.so
7fa80250c000-7fa802512000 rw-p 00000000 00:00 0 
7fa802512000-7fa80251d000 r-xp 00000000 08:01 1054198                    /lib/x86_64-linux-gnu/libnss_nis-2.23.so
7fa80251d000-7fa80271c000 ---p 0000b000 08:01 1054198                    /lib/x86_64-linux-gnu/libnss_nis-2.23.so
7fa80271c000-7fa80271d000 r--p 0000a000 08:01 1054198                    /lib/x86_64-linux-gnu/libnss_nis-2.23.so
7fa80271d000-7fa80271e000 rw-p 0000b000 08:01 1054198                    /lib/x86_64-linux-gnu/libnss_nis-2.23.so
7fa80271e000-7fa802734000 r-xp 00000000 08:01 1054182                    /lib/x86_64-linux-gnu/libnsl-2.23.so
7fa802734000-7fa802933000 ---p 00016000 08:01 1054182                    /lib/x86_64-linux-gnu/libnsl-2.23.so
7fa802933000-7fa802934000 r--p 00015000 08:01 1054182                    /lib/x86_64-linux-gnu/libnsl-2.23.so
7fa802934000-7fa802935000 rw-p 00016000 08:01 1054182                    /lib/x86_64-linux-gnu/libnsl-2.23.so
7fa802935000-7fa802937000 rw-p 00000000 00:00 0 
7fa802937000-7fa80293f000 r-xp 00000000 08:01 1054184                    /lib/x86_64-linux-gnu/libnss_compat-2.23.so
7fa80293f000-7fa802b3e000 ---p 00008000 08:01 1054184                    /lib/x86_64-linux-gnu/libnss_compat-2.23.so
7fa802b3e000-7fa802b3f000 r--p 00007000 08:01 1054184                    /lib/x86_64-linux-gnu/libnss_compat-2.23.so
7fa802b3f000-7fa802b40000 rw-p 00008000 08:01 1054184                    /lib/x86_64-linux-gnu/libnss_compat-2.23.so
7fa802b40000-7fa802b6b000 r-xp 00000000 08:01 2756227                    /usr/lib/jvm/jdk1.8.0_181/jre/lib/amd64/libjava.so
7fa802b6b000-7fa802d6a000 ---p 0002b000 08:01 2756227                    /usr/lib/jvm/jdk1.8.0_181/jre/lib/amd64/libjava.so
7fa802d6a000-7fa802d6c000 rw-p 0002a000 08:01 2756227                    /usr/lib/jvm/jdk1.8.0_181/jre/lib/amd64/libjava.so
7fa802d6c000-7fa802d79000 r-xp 00000000 08:01 2756232                    /usr/lib/jvm/jdk1.8.0_181/jre/lib/amd64/libverify.so
7fa802d79000-7fa802f79000 ---p 0000d000 08:01 2756232                    /usr/lib/jvm/jdk1.8.0_181/jre/lib/amd64/libverify.so
7fa802f79000-7fa802f7b000 rw-p 0000d000 08:01 2756232                    /usr/lib/jvm/jdk1.8.0_181/jre/lib/amd64/libverify.so
7fa802f7b000-7fa802f82000 r-xp 00000000 08:01 1054243                    /lib/x86_64-linux-gnu/librt-2.23.so
7fa802f82000-7fa803181000 ---p 00007000 08:01 1054243                    /lib/x86_64-linux-gnu/librt-2.23.so
7fa803181000-7fa803182000 r--p 00006000 08:01 1054243                    /lib/x86_64-linux-gnu/librt-2.23.so
7fa803182000-7fa803183000 rw-p 00007000 08:01 1054243                    /lib/x86_64-linux-gnu/librt-2.23.so
7fa803183000-7fa80328b000 r-xp 00000000 08:01 1054159                    /lib/x86_64-linux-gnu/libm-2.23.so
7fa80328b000-7fa80348a000 ---p 00108000 08:01 1054159                    /lib/x86_64-linux-gnu/libm-2.23.so
7fa80348a000-7fa80348b000 r--p 00107000 08:01 1054159                    /lib/x86_64-linux-gnu/libm-2.23.so
7fa80348b000-7fa80348c000 rw-p 00108000 08:01 1054159                    /lib/x86_64-linux-gnu/libm-2.23.so
7fa80348c000-7fa804168000 r-xp 00000000 08:01 2756209                    /usr/lib/jvm/jdk1.8.0_181/jre/lib/amd64/server/libjvm.so
7fa804168000-7fa804368000 ---p 00cdc000 08:01 2756209                    /usr/lib/jvm/jdk1.8.0_181/jre/lib/amd64/server/libjvm.so
7fa804368000-7fa804442000 rw-p 00cdc000 08:01 2756209                    /usr/lib/jvm/jdk1.8.0_181/jre/lib/amd64/server/libjvm.so
7fa804442000-7fa80448d000 rw-p 00000000 00:00 0 
7fa80448d000-7fa80464d000 r-xp 00000000 08:01 1054089                    /lib/x86_64-linux-gnu/libc-2.23.so
7fa80464d000-7fa80484d000 ---p 001c0000 08:01 1054089                    /lib/x86_64-linux-gnu/libc-2.23.so
7fa80484d000-7fa804851000 r--p 001c0000 08:01 1054089                    /lib/x86_64-linux-gnu/libc-2.23.so
7fa804851000-7fa804853000 rw-p 001c4000 08:01 1054089                    /lib/x86_64-linux-gnu/libc-2.23.so
7fa804853000-7fa804857000 rw-p 00000000 00:00 0 
7fa804857000-7fa80485a000 r-xp 00000000 08:01 1054113                    /lib/x86_64-linux-gnu/libdl-2.23.so
7fa80485a000-7fa804a59000 ---p 00003000 08:01 1054113                    /lib/x86_64-linux-gnu/libdl-2.23.so
7fa804a59000-7fa804a5a000 r--p 00002000 08:01 1054113                    /lib/x86_64-linux-gnu/libdl-2.23.so
7fa804a5a000-7fa804a5b000 rw-p 00003000 08:01 1054113                    /lib/x86_64-linux-gnu/libdl-2.23.so
7fa804a5b000-7fa804a71000 r-xp 00000000 08:01 1449032                    /usr/lib/jvm/jdk1.8.0_181/lib/amd64/jli/libjli.so
7fa804a71000-7fa804c70000 ---p 00016000 08:01 1449032                    /usr/lib/jvm/jdk1.8.0_181/lib/amd64/jli/libjli.so
7fa804c70000-7fa804c71000 rw-p 00015000 08:01 1449032                    /usr/lib/jvm/jdk1.8.0_181/lib/amd64/jli/libjli.so
7fa804c71000-7fa804c89000 r-xp 00000000 08:01 1054235                    /lib/x86_64-linux-gnu/libpthread-2.23.so
7fa804c89000-7fa804e88000 ---p 00018000 08:01 1054235                    /lib/x86_64-linux-gnu/libpthread-2.23.so
7fa804e88000-7fa804e89000 r--p 00017000 08:01 1054235                    /lib/x86_64-linux-gnu/libpthread-2.23.so
7fa804e89000-7fa804e8a000 rw-p 00018000 08:01 1054235                    /lib/x86_64-linux-gnu/libpthread-2.23.so
7fa804e8a000-7fa804e8e000 rw-p 00000000 00:00 0 
7fa804e8e000-7fa804eb4000 r-xp 00000000 08:01 1054061                    /lib/x86_64-linux-gnu/ld-2.23.so
7fa804eba000-7fa804ec4000 r--s 00116000 08:01 2756143                    /usr/lib/jvm/jdk1.8.0_181/jre/lib/ext/localedata.jar
7fa804ec4000-7fa804f95000 rw-p 00000000 00:00 0 
7fa804f95000-7fa804f98000 ---p 00000000 00:00 0 
7fa804f98000-7fa80509b000 rw-p 00000000 00:00 0 
7fa80509b000-7fa8050a0000 r--s 0009d000 08:01 2756133                    /usr/lib/jvm/jdk1.8.0_181/jre/lib/jsse.jar
7fa8050a0000-7fa8050a8000 r--s 0006e000 08:01 2248917                    /home/whj/dowork/DiffTGen/lib/commons-lang3-3.5.jar
7fa8050a8000-7fa8050a9000 r--s 00000000 08:01 2248922                    /home/whj/dowork/DiffTGen/lib/myprinter.jar
7fa8050a9000-7fa8050b1000 rw-s 00000000 08:01 1970928                    /tmp/hsperfdata_whj/117468
7fa8050b1000-7fa8050b2000 rw-p 00000000 00:00 0 
7fa8050b2000-7fa8050b3000 ---p 00000000 00:00 0 
7fa8050b3000-7fa8050b4000 r--p 00025000 08:01 1054061                    /lib/x86_64-linux-gnu/ld-2.23.so
7fa8050b4000-7fa8050b5000 rw-p 00026000 08:01 1054061                    /lib/x86_64-linux-gnu/ld-2.23.so
7fa8050b5000-7fa8050b6000 rw-p 00000000 00:00 0 
7fff8480e000-7fff84830000 rw-p 00000000 00:00 0                          [stack]
7fff849ea000-7fff849ed000 r--p 00000000 00:00 0                          [vvar]
7fff849ed000-7fff849ef000 r-xp 00000000 00:00 0                          [vdso]
ffffffffff600000-ffffffffff601000 r-xp 00000000 00:00 0                  [vsyscall]

VM Arguments:
java_command: /home/whj/dowork/DiffTGen/lib/evosuite-1.0.6.jar -base_dir /home/whj/dowork/DiffTGen/extra_output/Closure_93_4_sequencer/target/0/11 -projectCP /home/whj/dowork/DiffTGen/extra_output/Closure_93_4_sequencer/target/build/classes/all0.jar:/home/whj/dowork/DiffTGen/lib/myprinter.jar:/home/whj/dowork/DiffTGen/lib/commons-lang3-3.5.jar -class com.google.javascript.jscomp.ProcessClosurePrimitives -Dassertions=false -Dsearch_budget=60
java_class_path (initial): /home/whj/dowork/DiffTGen/lib/evosuite-1.0.6.jar
Launcher Type: SUN_STANDARD

Environment Variables:
JAVA_HOME=/usr/lib/jvm/jdk1.8.0_181
JRE_HOME=/usr/lib/jvm/jdk1.8.0_181/jre
CLASSPATH=.:/usr/lib/jvm/jdk1.8.0_181/lib:/usr/lib/jvm/jdk1.8.0_181/jre/lib
PATH=/home/whj/perl5/bin:/home/whj/dowork/defects4j-1.2.0/framework/bin:/usr/lib/jvm/jdk1.8.0_181/bin:/usr/lib/jvm/jdk1.8.0_181/jre/bin:/home/whj/bin:/home/whj/.local/bin:/usr/local/sbin:/usr/local/bin:/usr/sbin:/usr/bin:/sbin:/bin:/usr/games:/usr/local/games" :/snap/bin:/home/whj/bin
SHELL=/bin/bash
DISPLAY=:0

Signal Handlers:
SIGSEGV: [libjvm.so+0xad2a40], sa_mask[0]=11111111011111111101111111111110, sa_flags=SA_RESTART|SA_SIGINFO
SIGBUS: [libjvm.so+0xad2a40], sa_mask[0]=11111111011111111101111111111110, sa_flags=SA_RESTART|SA_SIGINFO
SIGFPE: [libjvm.so+0x92a610], sa_mask[0]=11111111011111111101111111111110, sa_flags=SA_RESTART|SA_SIGINFO
SIGPIPE: [libjvm.so+0x92a610], sa_mask[0]=11111111011111111101111111111110, sa_flags=SA_RESTART|SA_SIGINFO
SIGXFSZ: [libjvm.so+0x92a610], sa_mask[0]=11111111011111111101111111111110, sa_flags=SA_RESTART|SA_SIGINFO
SIGILL: [libjvm.so+0x92a610], sa_mask[0]=11111111011111111101111111111110, sa_flags=SA_RESTART|SA_SIGINFO
SIGUSR1: SIG_DFL, sa_mask[0]=00000000000000000000000000000000, sa_flags=none
SIGUSR2: [libjvm.so+0x92be70], sa_mask[0]=00100000000000000000000000000000, sa_flags=SA_RESTART|SA_SIGINFO
SIGHUP: [libjvm.so+0x92d270], sa_mask[0]=11111111011111111101111111111110, sa_flags=SA_RESTART|SA_SIGINFO
SIGINT: [libjvm.so+0x92d270], sa_mask[0]=11111111011111111101111111111110, sa_flags=SA_RESTART|SA_SIGINFO
SIGTERM: [libjvm.so+0x92d270], sa_mask[0]=11111111011111111101111111111110, sa_flags=SA_RESTART|SA_SIGINFO
SIGQUIT: [libjvm.so+0x92d270], sa_mask[0]=11111111011111111101111111111110, sa_flags=SA_RESTART|SA_SIGINFO


---------------  S Y S T E M  ---------------

OS:DISTRIB_ID=Ubuntu
DISTRIB_RELEASE=16.04
DISTRIB_CODENAME=xenial
DISTRIB_DESCRIPTION="Ubuntu 16.04.6 LTS"

uname:Linux 4.15.0-91-generic #92~16.04.1-Ubuntu SMP Fri Feb 28 14:57:22 UTC 2020 x86_64
libc:glibc 2.23 NPTL 2.23 
rlimit: STACK 8192k, CORE 0k, NPROC 31576, NOFILE 1048576, AS infinity
load average:19.05 10.16 9.16

/proc/meminfo:
MemTotal:        8144704 kB
MemFree:          103528 kB
MemAvailable:          0 kB
Buffers:             136 kB
Cached:             6320 kB
SwapCached:          652 kB
Active:          6766484 kB
Inactive:         848864 kB
Active(anon):    6764416 kB
Inactive(anon):   845644 kB
Active(file):       2068 kB
Inactive(file):     3220 kB
Unevictable:          32 kB
Mlocked:              32 kB
SwapTotal:        998396 kB
SwapFree:              0 kB
Dirty:                96 kB
Writeback:           180 kB
AnonPages:       7608480 kB
Mapped:             5048 kB
Shmem:              1008 kB
Slab:              88236 kB
SReclaimable:      31648 kB
SUnreclaim:        56588 kB
KernelStack:       15520 kB
PageTables:        48788 kB
NFS_Unstable:          0 kB
Bounce:                0 kB
WritebackTmp:          0 kB
CommitLimit:     5070748 kB
Committed_AS:   13931696 kB
VmallocTotal:   34359738367 kB
VmallocUsed:           0 kB
VmallocChunk:          0 kB
HardwareCorrupted:     0 kB
AnonHugePages:         0 kB
ShmemHugePages:        0 kB
ShmemPmdMapped:        0 kB
CmaTotal:              0 kB
CmaFree:               0 kB
HugePages_Total:       0
HugePages_Free:        0
HugePages_Rsvd:        0
HugePages_Surp:        0
Hugepagesize:       2048 kB
DirectMap4k:      114496 kB
DirectMap2M:     6176768 kB
DirectMap1G:     4194304 kB


CPU:total 2 (initial active 2) (2 cores per cpu, 1 threads per core) family 6 model 158 stepping 10, cmov, cx8, fxsr, mmx, sse, sse2, sse3, ssse3, sse4.1, sse4.2, popcnt, avx, avx2, aes, clmul, erms, 3dnowpref, lzcnt, tsc, tscinvbit, bmi1, bmi2, adx

/proc/cpuinfo:
processor	: 0
vendor_id	: GenuineIntel
cpu family	: 6
model		: 158
model name	: Intel(R) Core(TM) i7-8750H CPU @ 2.20GHz
stepping	: 10
microcode	: 0x96
cpu MHz		: 2207.999
cache size	: 9216 KB
physical id	: 0
siblings	: 2
core id		: 0
cpu cores	: 2
apicid		: 0
initial apicid	: 0
fpu		: yes
fpu_exception	: yes
cpuid level	: 22
wp		: yes
flags		: fpu vme de pse tsc msr pae mce cx8 apic sep mtrr pge mca cmov pat pse36 clflush mmx fxsr sse sse2 ss ht syscall nx pdpe1gb rdtscp lm constant_tsc arch_perfmon nopl xtopology tsc_reliable nonstop_tsc cpuid pni pclmulqdq ssse3 fma cx16 pcid sse4_1 sse4_2 x2apic movbe popcnt tsc_deadline_timer aes xsave avx f16c rdrand hypervisor lahf_lm abm 3dnowprefetch cpuid_fault invpcid_single pti ssbd ibrs ibpb stibp fsgsbase tsc_adjust bmi1 avx2 smep bmi2 invpcid rdseed adx smap xsaveopt arat flush_l1d arch_capabilities
bugs		: cpu_meltdown spectre_v1 spectre_v2 spec_store_bypass l1tf mds swapgs itlb_multihit
bogomips	: 4415.99
clflush size	: 64
cache_alignment	: 64
address sizes	: 42 bits physical, 48 bits virtual
power management:

processor	: 1
vendor_id	: GenuineIntel
cpu family	: 6
model		: 158
model name	: Intel(R) Core(TM) i7-8750H CPU @ 2.20GHz
stepping	: 10
microcode	: 0x96
cpu MHz		: 2207.999
cache size	: 9216 KB
physical id	: 0
siblings	: 2
core id		: 1
cpu cores	: 2
apicid		: 1
initial apicid	: 1
fpu		: yes
fpu_exception	: yes
cpuid level	: 22
wp		: yes
flags		: fpu vme de pse tsc msr pae mce cx8 apic sep mtrr pge mca cmov pat pse36 clflush mmx fxsr sse sse2 ss ht syscall nx pdpe1gb rdtscp lm constant_tsc arch_perfmon nopl xtopology tsc_reliable nonstop_tsc cpuid pni pclmulqdq ssse3 fma cx16 pcid sse4_1 sse4_2 x2apic movbe popcnt tsc_deadline_timer aes xsave avx f16c rdrand hypervisor lahf_lm abm 3dnowprefetch cpuid_fault invpcid_single pti ssbd ibrs ibpb stibp fsgsbase tsc_adjust bmi1 avx2 smep bmi2 invpcid rdseed adx smap xsaveopt arat flush_l1d arch_capabilities
bugs		: cpu_meltdown spectre_v1 spectre_v2 spec_store_bypass l1tf mds swapgs itlb_multihit
bogomips	: 4415.99
clflush size	: 64
cache_alignment	: 64
address sizes	: 42 bits physical, 48 bits virtual
power management:



Memory: 4k page, physical 8144704k(103528k free), swap 998396k(0k free)

vm_info: Java HotSpot(TM) 64-Bit Server VM (25.181-b13) for linux-amd64 JRE (1.8.0_181-b13), built on Jul  7 2018 00:56:38 by "java_re" with gcc 4.3.0 20080428 (Red Hat 4.3.0-8)

time: Fri Mar 27 10:22:05 2020
elapsed time: 107 seconds (0d 0h 1m 47s)

