#
# There is insufficient memory for the Java Runtime Environment to continue.
# Native memory allocation (mmap) failed to map 65536 bytes for committing reserved memory.
# Possible reasons:
#   The system is out of physical RAM or swap space
#   In 32 bit mode, the process size limit was hit
# Possible solutions:
#   Reduce memory load on the system
#   Increase physical memory or swap space
#   Check if swap backing store is full
#   Use 64 bit Java on a 64 bit OS
#   Decrease Java heap size (-Xmx/-Xms)
#   Decrease number of Java threads
#   Decrease Java thread stack sizes (-Xss)
#   Set larger code cache with -XX:ReservedCodeCacheSize=
# This output file may be truncated or incomplete.
#
#  Out of Memory Error (os_linux.cpp:2640), pid=46446, tid=0x00007f252aa34700
#
# JRE version: Java(TM) SE Runtime Environment (8.0_181-b13) (build 1.8.0_181-b13)
# Java VM: Java HotSpot(TM) 64-Bit Server VM (25.181-b13 mixed mode linux-amd64 compressed oops)
# Failed to write core dump. Core dumps have been disabled. To enable core dumping, try "ulimit -c unlimited" before starting Java again
#

---------------  T H R E A D  ---------------

Current thread (0x00007f254413c000):  JavaThread "C2 CompilerThread0" daemon [_thread_in_vm, id=46519, stack(0x00007f252a934000,0x00007f252aa35000)]

Stack: [0x00007f252a934000,0x00007f252aa35000],  sp=0x00007f252aa304d0,  free space=1009k
Native frames: (J=compiled Java code, j=interpreted, Vv=VM code, C=native code)
V  [libjvm.so+0xad21aa]  VMError::report_and_die()+0x2ba
V  [libjvm.so+0x5022db]  report_vm_out_of_memory(char const*, int, unsigned long, VMErrorType, char const*)+0x8b
V  [libjvm.so+0x92fe33]  os::Linux::commit_memory_impl(char*, unsigned long, bool)+0x123
V  [libjvm.so+0x930059]  os::pd_commit_memory(char*, unsigned long, unsigned long, bool)+0x29
V  [libjvm.so+0x9272ba]  os::commit_memory(char*, unsigned long, unsigned long, bool)+0x2a
V  [libjvm.so+0xacde89]  VirtualSpace::expand_by(unsigned long, bool)+0x199
V  [libjvm.so+0x621ffc]  CodeHeap::expand_by(unsigned long)+0x8c
V  [libjvm.so+0x4860c0]  CodeCache::allocate(int, bool)+0x60
V  [libjvm.so+0x4814b5]  BufferBlob::create(char const*, int)+0x95
V  [libjvm.so+0x484dca]  CodeBuffer::initialize(int, int)+0x1a
V  [libjvm.so+0x940048]  Compile::init_buffer(unsigned int*)+0x208
V  [libjvm.so+0x945e61]  Compile::Output()+0x381
V  [libjvm.so+0x4a8d1b]  Compile::Code_Gen()+0x31b
V  [libjvm.so+0x4ab4e1]  Compile::Compile(ciEnv*, C2Compiler*, ciMethod*, int, bool, bool, bool)+0x14b1
V  [libjvm.so+0x3f6775]  C2Compiler::compile_method(ciEnv*, ciMethod*, int)+0x1f5
V  [libjvm.so+0x4b5a5a]  CompileBroker::invoke_compiler_on_method(CompileTask*)+0xcba
V  [libjvm.so+0x4b6a06]  CompileBroker::compiler_thread_loop()+0x5d6
V  [libjvm.so+0xa813f3]  JavaThread::thread_main_inner()+0x103
V  [libjvm.so+0xa8153c]  JavaThread::run()+0x11c
V  [libjvm.so+0x930198]  java_start(Thread*)+0x108
C  [libpthread.so.0+0x76ba]  start_thread+0xca


Current CompileTask:
C2: 126998 2050       4       org.evosuite.coverage.branch.BranchPool::getInstance (42 bytes)


---------------  P R O C E S S  ---------------

Java Threads: ( => current thread )
  0x00000000025a1000 JavaThread "RMI TCP Connection(5)-127.0.0.1" daemon [_thread_blocked, id=46897, stack(0x00007f2528e60000,0x00007f2528f61000)]
  0x000000000259f800 JavaThread "RMI TCP Connection(4)-127.0.0.1" daemon [_thread_in_native, id=46862, stack(0x00007f2528b5d000,0x00007f2528c5e000)]
  0x00007f251c050800 JavaThread "RMI Scheduler(0)" daemon [_thread_blocked, id=46855, stack(0x00007f2528c5e000,0x00007f2528d5f000)]
  0x00007f251c045000 JavaThread "RMI RenewClean-[127.0.0.1:17083]" daemon [_thread_blocked, id=46846, stack(0x00007f2528d5f000,0x00007f2528e60000)]
  0x00007f24f4005000 JavaThread "pool-3-thread-3" [_thread_in_native, id=46772, stack(0x00007f2528f61000,0x00007f2529062000)]
  0x00007f24f4003800 JavaThread "pool-3-thread-2" [_thread_in_native, id=46770, stack(0x00007f2529062000,0x00007f2529163000)]
  0x00007f24f4002800 JavaThread "pool-3-thread-1" [_thread_in_native, id=46768, stack(0x00007f2529163000,0x00007f2529264000)]
  0x00007f254441d000 JavaThread "Thread-3" [_thread_in_native, id=46652, stack(0x00007f2529264000,0x00007f2529365000)]
  0x00007f254441b000 JavaThread "Thread-2" [_thread_in_native, id=46650, stack(0x00007f2529365000,0x00007f2529466000)]
  0x00007f2544419800 JavaThread "process reaper" daemon [_thread_in_native, id=46644, stack(0x00007f254801a000,0x00007f2548053000)]
  0x00007f2544416000 JavaThread "pool-2-thread-1" [_thread_in_native, id=46587, stack(0x00007f2529466000,0x00007f2529567000)]
  0x00007f2544414000 JavaThread "GC Daemon" daemon [_thread_blocked, id=46583, stack(0x00007f2529567000,0x00007f2529668000)]
  0x00007f254440f000 JavaThread "RMI Reaper" [_thread_blocked, id=46580, stack(0x00007f2529668000,0x00007f2529769000)]
  0x00007f2544406000 JavaThread "RMI TCP Accept-13221" daemon [_thread_blocked, id=46577, stack(0x00007f2529769000,0x00007f252986a000)]
  0x00007f2544401000 JavaThread "RMI TCP Accept-8006" daemon [_thread_in_native, id=46566, stack(0x00007f252986a000,0x00007f252996b000)]
  0x00007f25442a4000 JavaThread "logback-3" daemon [_thread_blocked, id=46554, stack(0x00007f2529ee6000,0x00007f2529fe7000)]
  0x00007f25442a2000 JavaThread "logback-2" daemon [_thread_blocked, id=46549, stack(0x00007f2529fe7000,0x00007f252a0e8000)]
  0x00007f25442a0800 JavaThread "logback-1" daemon [_thread_blocked, id=46545, stack(0x00007f252a0e8000,0x00007f252a1e9000)]
  0x00007f2544142000 JavaThread "Service Thread" daemon [_thread_blocked, id=46527, stack(0x00007f252a732000,0x00007f252a833000)]
  0x00007f254413f000 JavaThread "C1 CompilerThread1" daemon [_thread_in_vm, id=46523, stack(0x00007f252a833000,0x00007f252a934000)]
=>0x00007f254413c000 JavaThread "C2 CompilerThread0" daemon [_thread_in_vm, id=46519, stack(0x00007f252a934000,0x00007f252aa35000)]
  0x00007f254413a800 JavaThread "Signal Dispatcher" daemon [_thread_blocked, id=46511, stack(0x00007f252aa35000,0x00007f252ab36000)]
  0x00007f2544107800 JavaThread "Finalizer" daemon [_thread_blocked, id=46498, stack(0x00007f252b4f5000,0x00007f252b5f6000)]
  0x00007f2544105000 JavaThread "Reference Handler" daemon [_thread_blocked, id=46491, stack(0x00007f252b5f6000,0x00007f252b6f7000)]
  0x00007f254400a800 JavaThread "main" [_thread_in_native, id=46459, stack(0x00007f254b940000,0x00007f254ba41000)]

Other Threads:
  0x00007f25440fb800 VMThread [stack: 0x00007f252b6f7000,0x00007f252b7f8000] [id=46478]
  0x00007f2544146800 WatcherThread [stack: 0x00007f252a631000,0x00007f252a732000] [id=46533]

VM state:not at safepoint (normal execution)

VM Mutex/Monitor currently owned by a thread:  ([mutex/lock_event])
[0x00007f2544006060] CodeCache_lock - owner thread: 0x00007f254413c000
[0x00007f25440076e0] Compile_lock - owner thread: 0x00007f254413f000
[0x00007f25440077e0] MethodCompileQueue_lock - owner thread: 0x00007f254413f000

Heap:
 PSYoungGen      total 37888K, used 28404K [0x00000000d6900000, 0x00000000db300000, 0x0000000100000000)
  eden space 32768K, 71% used [0x00000000d6900000,0x00000000d7fbfc48,0x00000000d8900000)
  from space 5120K, 99% used [0x00000000d8900000,0x00000000d8dfd748,0x00000000d8e00000)
  to   space 5120K, 0% used [0x00000000dae00000,0x00000000dae00000,0x00000000db300000)
 ParOldGen       total 86016K, used 14504K [0x0000000083a00000, 0x0000000088e00000, 0x00000000d6900000)
  object space 86016K, 16% used [0x0000000083a00000,0x000000008482a1e8,0x0000000088e00000)
 Metaspace       used 15210K, capacity 15752K, committed 16000K, reserved 1062912K
  class space    used 1725K, capacity 1904K, committed 1920K, reserved 1048576K

Card table byte_map: [0x00007f25482eb000,0x00007f25486cf000] byte_map_base: 0x00007f2547ece000

Marking Bits: (ParMarkBitMap*) 0x00007f254ae0b0a0
 Begin Bits: [0x00007f2530fce000, 0x00007f2532ee6000)
 End Bits:   [0x00007f2532ee6000, 0x00007f2534dfe000)

Polling page: 0x00007f254ba5d000

CodeCache: size=245760Kb used=6436Kb max_used=6436Kb free=239323Kb
 bounds [0x00007f2535000000, 0x00007f2535650000, 0x00007f2544000000]
 total_blobs=2246 nmethods=1890 adapters=267
 compilation: enabled

Compilation events (10 events):
Event: 121.549 Thread 0x00007f254413c000 nmethod 2051 0x00007f253560f8d0 code [0x00007f253560fa20, 0x00007f253560fab8]
Event: 121.549 Thread 0x00007f254413c000 2050       4       org.evosuite.coverage.branch.BranchPool::getInstance (42 bytes)
Event: 121.559 Thread 0x00007f254413f000 nmethod 2042 0x00007f2535647cd0 code [0x00007f2535647ee0, 0x00007f25356485b8]
Event: 121.559 Thread 0x00007f254413f000 2039       3       java.io.ObjectStreamClass::initNonProxy (551 bytes)
Event: 121.793 Thread 0x00007f254413f000 nmethod 2039 0x00007f2535648ad0 code [0x00007f2535648f80, 0x00007f253564c1c8]
Event: 121.793 Thread 0x00007f254413f000 2053       3       java.io.ObjectStreamClass$FieldReflectorKey::equals (78 bytes)
Event: 121.794 Thread 0x00007f254413f000 nmethod 2053 0x00007f25356471d0 code [0x00007f2535647380, 0x00007f2535647b88]
Event: 122.069 Thread 0x00007f254413f000 2057       1       java.net.InetSocketAddress$InetSocketAddressHolder::getAddress (5 bytes)
Event: 122.081 Thread 0x00007f254413f000 nmethod 2057 0x00007f253560e890 code [0x00007f253560e9e0, 0x00007f253560eaf0]
Event: 122.081 Thread 0x00007f254413f000 2059       3       java.lang.String::<init> (38 bytes)

GC Heap History (10 events):
Event: 4.443 GC heap before
{Heap before GC invocations=2 (full 0):
 PSYoungGen      total 37888K, used 34182K [0x00000000d6900000, 0x00000000d9300000, 0x0000000100000000)
  eden space 32768K, 88% used [0x00000000d6900000,0x00000000d8569a48,0x00000000d8900000)
  from space 5120K, 99% used [0x00000000d8900000,0x00000000d8df8050,0x00000000d8e00000)
  to   space 5120K, 0% used [0x00000000d8e00000,0x00000000d8e00000,0x00000000d9300000)
 ParOldGen       total 86016K, used 1744K [0x0000000083a00000, 0x0000000088e00000, 0x00000000d6900000)
  object space 86016K, 2% used [0x0000000083a00000,0x0000000083bb43f0,0x0000000088e00000)
 Metaspace       used 10242K, capacity 10396K, committed 10624K, reserved 1058816K
  class space    used 1239K, capacity 1319K, committed 1408K, reserved 1048576K
Event: 4.554 GC heap after
Heap after GC invocations=2 (full 0):
 PSYoungGen      total 37888K, used 5120K [0x00000000d6900000, 0x00000000d9300000, 0x0000000100000000)
  eden space 32768K, 0% used [0x00000000d6900000,0x00000000d6900000,0x00000000d8900000)
  from space 5120K, 100% used [0x00000000d8e00000,0x00000000d9300000,0x00000000d9300000)
  to   space 5120K, 0% used [0x00000000d8900000,0x00000000d8900000,0x00000000d8e00000)
 ParOldGen       total 86016K, used 7042K [0x0000000083a00000, 0x0000000088e00000, 0x00000000d6900000)
  object space 86016K, 8% used [0x0000000083a00000,0x00000000840e0b28,0x0000000088e00000)
 Metaspace       used 10242K, capacity 10396K, committed 10624K, reserved 1058816K
  class space    used 1239K, capacity 1319K, committed 1408K, reserved 1048576K
}
Event: 4.554 GC heap before
{Heap before GC invocations=3 (full 1):
 PSYoungGen      total 37888K, used 5120K [0x00000000d6900000, 0x00000000d9300000, 0x0000000100000000)
  eden space 32768K, 0% used [0x00000000d6900000,0x00000000d6900000,0x00000000d8900000)
  from space 5120K, 100% used [0x00000000d8e00000,0x00000000d9300000,0x00000000d9300000)
  to   space 5120K, 0% used [0x00000000d8900000,0x00000000d8900000,0x00000000d8e00000)
 ParOldGen       total 86016K, used 7042K [0x0000000083a00000, 0x0000000088e00000, 0x00000000d6900000)
  object space 86016K, 8% used [0x0000000083a00000,0x00000000840e0b28,0x0000000088e00000)
 Metaspace       used 10242K, capacity 10396K, committed 10624K, reserved 1058816K
  class space    used 1239K, capacity 1319K, committed 1408K, reserved 1048576K
Event: 4.877 GC heap after
Heap after GC invocations=3 (full 1):
 PSYoungGen      total 37888K, used 0K [0x00000000d6900000, 0x00000000d9300000, 0x0000000100000000)
  eden space 32768K, 0% used [0x00000000d6900000,0x00000000d6900000,0x00000000d8900000)
  from space 5120K, 0% used [0x00000000d8e00000,0x00000000d8e00000,0x00000000d9300000)
  to   space 5120K, 0% used [0x00000000d8900000,0x00000000d8900000,0x00000000d8e00000)
 ParOldGen       total 86016K, used 10678K [0x0000000083a00000, 0x0000000088e00000, 0x00000000d6900000)
  object space 86016K, 12% used [0x0000000083a00000,0x000000008446d8c0,0x0000000088e00000)
 Metaspace       used 10234K, capacity 10386K, committed 10624K, reserved 1058816K
  class space    used 1238K, capacity 1317K, committed 1408K, reserved 1048576K
}
Event: 106.296 GC heap before
{Heap before GC invocations=4 (full 1):
 PSYoungGen      total 37888K, used 32768K [0x00000000d6900000, 0x00000000d9300000, 0x0000000100000000)
  eden space 32768K, 100% used [0x00000000d6900000,0x00000000d8900000,0x00000000d8900000)
  from space 5120K, 0% used [0x00000000d8e00000,0x00000000d8e00000,0x00000000d9300000)
  to   space 5120K, 0% used [0x00000000d8900000,0x00000000d8900000,0x00000000d8e00000)
 ParOldGen       total 86016K, used 10678K [0x0000000083a00000, 0x0000000088e00000, 0x00000000d6900000)
  object space 86016K, 12% used [0x0000000083a00000,0x000000008446d8c0,0x0000000088e00000)
 Metaspace       used 14055K, capacity 14498K, committed 14592K, reserved 1062912K
  class space    used 1627K, capacity 1785K, committed 1792K, reserved 1048576K
Event: 106.315 GC heap after
Heap after GC invocations=4 (full 1):
 PSYoungGen      total 37888K, used 5114K [0x00000000d6900000, 0x00000000d9300000, 0x0000000100000000)
  eden space 32768K, 0% used [0x00000000d6900000,0x00000000d6900000,0x00000000d8900000)
  from space 5120K, 99% used [0x00000000d8900000,0x00000000d8dfe880,0x00000000d8e00000)
  to   space 5120K, 0% used [0x00000000d8e00000,0x00000000d8e00000,0x00000000d9300000)
 ParOldGen       total 86016K, used 11039K [0x0000000083a00000, 0x0000000088e00000, 0x00000000d6900000)
  object space 86016K, 12% used [0x0000000083a00000,0x00000000844c7ed8,0x0000000088e00000)
 Metaspace       used 14055K, capacity 14498K, committed 14592K, reserved 1062912K
  class space    used 1627K, capacity 1785K, committed 1792K, reserved 1048576K
}
Event: 107.936 GC heap before
{Heap before GC invocations=5 (full 1):
 PSYoungGen      total 37888K, used 37882K [0x00000000d6900000, 0x00000000d9300000, 0x0000000100000000)
  eden space 32768K, 100% used [0x00000000d6900000,0x00000000d8900000,0x00000000d8900000)
  from space 5120K, 99% used [0x00000000d8900000,0x00000000d8dfe880,0x00000000d8e00000)
  to   space 5120K, 0% used [0x00000000d8e00000,0x00000000d8e00000,0x00000000d9300000)
 ParOldGen       total 86016K, used 11039K [0x0000000083a00000, 0x0000000088e00000, 0x00000000d6900000)
  object space 86016K, 12% used [0x0000000083a00000,0x00000000844c7ed8,0x0000000088e00000)
 Metaspace       used 14190K, capacity 14690K, committed 14848K, reserved 1062912K
  class space    used 1627K, capacity 1785K, committed 1792K, reserved 1048576K
Event: 107.945 GC heap after
Heap after GC invocations=5 (full 1):
 PSYoungGen      total 37888K, used 4411K [0x00000000d6900000, 0x00000000d9300000, 0x0000000100000000)
  eden space 32768K, 0% used [0x00000000d6900000,0x00000000d6900000,0x00000000d8900000)
  from space 5120K, 86% used [0x00000000d8e00000,0x00000000d924ec80,0x00000000d9300000)
  to   space 5120K, 0% used [0x00000000d8900000,0x00000000d8900000,0x00000000d8e00000)
 ParOldGen       total 86016K, used 11047K [0x0000000083a00000, 0x0000000088e00000, 0x00000000d6900000)
  object space 86016K, 12% used [0x0000000083a00000,0x00000000844c9ed8,0x0000000088e00000)
 Metaspace       used 14190K, capacity 14690K, committed 14848K, reserved 1062912K
  class space    used 1627K, capacity 1785K, committed 1792K, reserved 1048576K
}
Event: 111.408 GC heap before
{Heap before GC invocations=6 (full 1):
 PSYoungGen      total 37888K, used 37179K [0x00000000d6900000, 0x00000000d9300000, 0x0000000100000000)
  eden space 32768K, 100% used [0x00000000d6900000,0x00000000d8900000,0x00000000d8900000)
  from space 5120K, 86% used [0x00000000d8e00000,0x00000000d924ec80,0x00000000d9300000)
  to   space 5120K, 0% used [0x00000000d8900000,0x00000000d8900000,0x00000000d8e00000)
 ParOldGen       total 86016K, used 11047K [0x0000000083a00000, 0x0000000088e00000, 0x00000000d6900000)
  object space 86016K, 12% used [0x0000000083a00000,0x00000000844c9ed8,0x0000000088e00000)
 Metaspace       used 14943K, capacity 15406K, committed 15744K, reserved 1062912K
  class space    used 1707K, capacity 1835K, committed 1920K, reserved 1048576K
Event: 111.530 GC heap after
Heap after GC invocations=6 (full 1):
 PSYoungGen      total 37888K, used 5109K [0x00000000d6900000, 0x00000000db300000, 0x0000000100000000)
  eden space 32768K, 0% used [0x00000000d6900000,0x00000000d6900000,0x00000000d8900000)
  from space 5120K, 99% used [0x00000000d8900000,0x00000000d8dfd748,0x00000000d8e00000)
  to   space 5120K, 0% used [0x00000000dae00000,0x00000000dae00000,0x00000000db300000)
 ParOldGen       total 86016K, used 14504K [0x0000000083a00000, 0x0000000088e00000, 0x00000000d6900000)
  object space 86016K, 16% used [0x0000000083a00000,0x000000008482a1e8,0x0000000088e00000)
 Metaspace       used 14943K, capacity 15406K, committed 15744K, reserved 1062912K
  class space    used 1707K, capacity 1835K, committed 1920K, reserved 1048576K
}

Deoptimization events (10 events):
Event: 101.977 Thread 0x00000000025a1000 Uncommon trap: reason=unstable_if action=reinterpret pc=0x00007f25352aa334 method=org.evosuite.runtime.InitializingListenerUtils.getClassNameFromResourcePath(Ljava/lang/String;)Ljava/lang/String; @ 22
Event: 107.518 Thread 0x00000000025a1000 Uncommon trap: reason=class_check action=maybe_recompile pc=0x00007f25354abe84 method=java.util.HashMap.putVal(ILjava/lang/Object;Ljava/lang/Object;ZZ)Ljava/lang/Object; @ 203
Event: 107.518 Thread 0x00000000025a1000 Uncommon trap: reason=class_check action=maybe_recompile pc=0x00007f25354abe84 method=java.util.HashMap.putVal(ILjava/lang/Object;Ljava/lang/Object;ZZ)Ljava/lang/Object; @ 203
Event: 107.518 Thread 0x00000000025a1000 Uncommon trap: reason=class_check action=maybe_recompile pc=0x00007f25354abe84 method=java.util.HashMap.putVal(ILjava/lang/Object;Ljava/lang/Object;ZZ)Ljava/lang/Object; @ 203
Event: 107.518 Thread 0x00000000025a1000 Uncommon trap: reason=class_check action=maybe_recompile pc=0x00007f25354abe84 method=java.util.HashMap.putVal(ILjava/lang/Object;Ljava/lang/Object;ZZ)Ljava/lang/Object; @ 203
Event: 108.213 Thread 0x00000000025a1000 Uncommon trap: reason=class_check action=maybe_recompile pc=0x00007f25354f8aac method=java.util.HashMap.putVal(ILjava/lang/Object;Ljava/lang/Object;ZZ)Ljava/lang/Object; @ 203
Event: 108.875 Thread 0x00000000025a1000 Uncommon trap: reason=unstable_if action=reinterpret pc=0x00007f25354b7870 method=java.io.ObjectInputStream$HandleTable.finish(I)V @ 4
Event: 108.875 Thread 0x00000000025a1000 Uncommon trap: reason=unstable_if action=reinterpret pc=0x00007f25354b7870 method=java.io.ObjectInputStream$HandleTable.finish(I)V @ 4
Event: 109.104 Thread 0x00000000025a1000 Uncommon trap: reason=range_check action=make_not_entrant pc=0x00007f25354ffbc0 method=org.evosuite.shaded.org.objectweb.asm.Type.getType([CI)Lorg/evosuite/shaded/org/objectweb/asm/Type; @ 162
Event: 109.663 Thread 0x00000000025a1000 Uncommon trap: reason=unstable_if action=reinterpret pc=0x00007f25354fdd9c method=java.util.HashMap.putVal(ILjava/lang/Object;Ljava/lang/Object;ZZ)Ljava/lang/Object; @ 162

Classes redefined (0 events):
No events

Internal exceptions (10 events):
Event: 101.970 Thread 0x00007f25442a0800 Exception <a 'java/net/ConnectException'> (0x00000000d6c41920) thrown at [/HUDSON/workspace/8-2-build-linux-amd64/jdk8u181/11358/hotspot/src/share/vm/prims/jni.cpp, line 709]
Event: 102.003 Thread 0x00007f25442a2000 Exception <a 'java/net/ConnectException'> (0x00000000d6c93768) thrown at [/HUDSON/workspace/8-2-build-linux-amd64/jdk8u181/11358/hotspot/src/share/vm/prims/jni.cpp, line 709]
Event: 102.024 Thread 0x00007f25442a4000 Exception <a 'java/net/ConnectException'> (0x00000000d6ce56e8) thrown at [/HUDSON/workspace/8-2-build-linux-amd64/jdk8u181/11358/hotspot/src/share/vm/prims/jni.cpp, line 709]
Event: 111.973 Thread 0x00007f25442a0800 Exception <a 'java/net/ConnectException'> (0x00000000d6b1e960) thrown at [/HUDSON/workspace/8-2-build-linux-amd64/jdk8u181/11358/hotspot/src/share/vm/prims/jni.cpp, line 709]
Event: 112.005 Thread 0x00007f25442a2000 Exception <a 'java/net/ConnectException'> (0x00000000d6b53e20) thrown at [/HUDSON/workspace/8-2-build-linux-amd64/jdk8u181/11358/hotspot/src/share/vm/prims/jni.cpp, line 709]
Event: 112.026 Thread 0x00007f25442a4000 Exception <a 'java/net/ConnectException'> (0x00000000d6b892e0) thrown at [/HUDSON/workspace/8-2-build-linux-amd64/jdk8u181/11358/hotspot/src/share/vm/prims/jni.cpp, line 709]
Event: 121.500 Thread 0x00007f2544406000 Exception <a 'java/lang/OutOfMemoryError': unable to create new native thread> (0x00000000d7d0a6d8) thrown at [/HUDSON/workspace/8-2-build-linux-amd64/jdk8u181/11358/hotspot/src/share/vm/prims/jvm.cpp, line 3078]
Event: 122.303 Thread 0x00007f25442a4000 Exception <a 'java/net/ConnectException'> (0x00000000d6b89e08) thrown at [/HUDSON/workspace/8-2-build-linux-amd64/jdk8u181/11358/hotspot/src/share/vm/prims/jni.cpp, line 709]
Event: 122.306 Thread 0x00007f25442a2000 Exception <a 'java/net/ConnectException'> (0x00000000d6b54948) thrown at [/HUDSON/workspace/8-2-build-linux-amd64/jdk8u181/11358/hotspot/src/share/vm/prims/jni.cpp, line 709]
Event: 122.303 Thread 0x00007f25442a0800 Exception <a 'java/net/ConnectException'> (0x00000000d6b1f488) thrown at [/HUDSON/workspace/8-2-build-linux-amd64/jdk8u181/11358/hotspot/src/share/vm/prims/jni.cpp, line 709]

Events (10 events):
Event: 116.520 Executing VM operation: RevokeBias done
Event: 116.523 Thread 0x00007f254413f000 flushing nmethod 0x00007f2535300310
Event: 116.523 Thread 0x00007f254413f000 flushing nmethod 0x00007f2535305610
Event: 121.503 loading class java/util/concurrent/RejectedExecutionException
Event: 121.526 loading class java/util/concurrent/RejectedExecutionException done
Event: 121.560 Thread 0x00000000025a1000 DEOPT PACKING pc=0x00007f25355fd133 sp=0x00007f2528f5caa0
Event: 121.560 Thread 0x00000000025a1000 DEOPT UNPACKING pc=0x00007f2535047784 sp=0x00007f2528f5c838 mode 0
Event: 122.373 loading class java/util/logging/LogRecord
Event: 122.480 loading class java/util/logging/LogRecord done
Event: 123.523 loading class java/util/logging/ConsoleHandler


Dynamic libraries:
00400000-00401000 r-xp 00000000 08:01 1448396                            /usr/lib/jvm/jdk1.8.0_181/bin/java
00600000-00601000 rw-p 00000000 08:01 1448396                            /usr/lib/jvm/jdk1.8.0_181/bin/java
0259d000-025be000 rw-p 00000000 00:00 0                                  [heap]
83a00000-88e00000 rw-p 00000000 00:00 0 
88e00000-d6900000 ---p 00000000 00:00 0 
d6900000-db300000 rw-p 00000000 00:00 0 
db300000-100000000 ---p 00000000 00:00 0 
100000000-1001e0000 rw-p 00000000 00:00 0 
1001e0000-140000000 ---p 00000000 00:00 0 
7f24ec000000-7f24ec021000 rw-p 00000000 00:00 0 
7f24ec021000-7f24f0000000 ---p 00000000 00:00 0 
7f24f4000000-7f24f4021000 rw-p 00000000 00:00 0 
7f24f4021000-7f24f8000000 ---p 00000000 00:00 0 
7f24f8000000-7f24f8021000 rw-p 00000000 00:00 0 
7f24f8021000-7f24fc000000 ---p 00000000 00:00 0 
7f24fc000000-7f24fc021000 rw-p 00000000 00:00 0 
7f24fc021000-7f2500000000 ---p 00000000 00:00 0 
7f2500000000-7f2500021000 rw-p 00000000 00:00 0 
7f2500021000-7f2504000000 ---p 00000000 00:00 0 
7f2504fff000-7f2508000000 rw-p 00000000 00:00 0 
7f2508000000-7f2508bd7000 rw-p 00000000 00:00 0 
7f2508bd7000-7f250c000000 ---p 00000000 00:00 0 
7f250c000000-7f250c021000 rw-p 00000000 00:00 0 
7f250c021000-7f2510000000 ---p 00000000 00:00 0 
7f2510000000-7f2510021000 rw-p 00000000 00:00 0 
7f2510021000-7f2514000000 ---p 00000000 00:00 0 
7f2514000000-7f25150ee000 rw-p 00000000 00:00 0 
7f25150ee000-7f2518000000 ---p 00000000 00:00 0 
7f2518000000-7f2518021000 rw-p 00000000 00:00 0 
7f2518021000-7f251c000000 ---p 00000000 00:00 0 
7f251c000000-7f251c053000 rw-p 00000000 00:00 0 
7f251c053000-7f2520000000 ---p 00000000 00:00 0 
7f2520000000-7f252005a000 rw-p 00000000 00:00 0 
7f252005a000-7f2524000000 ---p 00000000 00:00 0 
7f2524000000-7f2524022000 rw-p 00000000 00:00 0 
7f2524022000-7f2528000000 ---p 00000000 00:00 0 
7f252875d000-7f252891d000 rw-p 00000000 00:00 0 
7f252891d000-7f252895d000 ---p 00000000 00:00 0 
7f252895d000-7f2528b5d000 rw-p 00000000 00:00 0 
7f2528b5d000-7f2528b60000 ---p 00000000 00:00 0 
7f2528b60000-7f2528c5e000 rw-p 00000000 00:00 0 
7f2528c5e000-7f2528c61000 ---p 00000000 00:00 0 
7f2528c61000-7f2528d5f000 rw-p 00000000 00:00 0 
7f2528d5f000-7f2528d62000 ---p 00000000 00:00 0 
7f2528d62000-7f2528e60000 rw-p 00000000 00:00 0 
7f2528e60000-7f2528e63000 ---p 00000000 00:00 0 
7f2528e63000-7f2528f61000 rw-p 00000000 00:00 0 
7f2528f61000-7f2528f64000 ---p 00000000 00:00 0 
7f2528f64000-7f2529062000 rw-p 00000000 00:00 0 
7f2529062000-7f2529065000 ---p 00000000 00:00 0 
7f2529065000-7f2529163000 rw-p 00000000 00:00 0 
7f2529163000-7f2529166000 ---p 00000000 00:00 0 
7f2529166000-7f2529264000 rw-p 00000000 00:00 0 
7f2529264000-7f2529267000 ---p 00000000 00:00 0 
7f2529267000-7f2529365000 rw-p 00000000 00:00 0 
7f2529365000-7f2529368000 ---p 00000000 00:00 0 
7f2529368000-7f2529466000 rw-p 00000000 00:00 0 
7f2529466000-7f2529469000 ---p 00000000 00:00 0 
7f2529469000-7f2529567000 rw-p 00000000 00:00 0 
7f2529567000-7f252956a000 ---p 00000000 00:00 0 
7f252956a000-7f2529668000 rw-p 00000000 00:00 0 
7f2529668000-7f252966b000 ---p 00000000 00:00 0 
7f252966b000-7f2529769000 rw-p 00000000 00:00 0 
7f2529769000-7f252976c000 ---p 00000000 00:00 0 
7f252976c000-7f252986a000 rw-p 00000000 00:00 0 
7f252986a000-7f252986d000 ---p 00000000 00:00 0 
7f252986d000-7f2529b6b000 rw-p 00000000 00:00 0 
7f2529b6b000-7f2529ee6000 r--s 03360000 08:01 6379                       /home/whj/dowork/DiffTGen/extra_output/Closure_33_1-plausible_jaid/target/build/classes/all0.jar
7f2529ee6000-7f2529ee9000 ---p 00000000 00:00 0 
7f2529ee9000-7f2529fe7000 rw-p 00000000 00:00 0 
7f2529fe7000-7f2529fea000 ---p 00000000 00:00 0 
7f2529fea000-7f252a0e8000 rw-p 00000000 00:00 0 
7f252a0e8000-7f252a0eb000 ---p 00000000 00:00 0 
7f252a0eb000-7f252a1e9000 rw-p 00000000 00:00 0 
7f252a1e9000-7f252a1ff000 r-xp 00000000 08:01 2756237                    /usr/lib/jvm/jdk1.8.0_181/jre/lib/amd64/libnet.so
7f252a1ff000-7f252a3ff000 ---p 00016000 08:01 2756237                    /usr/lib/jvm/jdk1.8.0_181/jre/lib/amd64/libnet.so
7f252a3ff000-7f252a400000 rw-p 00016000 08:01 2756237                    /usr/lib/jvm/jdk1.8.0_181/jre/lib/amd64/libnet.so
7f252a400000-7f252a631000 r--s 01bb1000 08:01 1706762                    /home/whj/dowork/DiffTGen/lib/evosuite-1.0.6.jar
7f252a631000-7f252a632000 ---p 00000000 00:00 0 
7f252a632000-7f252a732000 rw-p 00000000 00:00 0 
7f252a732000-7f252a735000 ---p 00000000 00:00 0 
7f252a735000-7f252a833000 rw-p 00000000 00:00 0 
7f252a833000-7f252a836000 ---p 00000000 00:00 0 
7f252a836000-7f252a934000 rw-p 00000000 00:00 0 
7f252a934000-7f252a937000 ---p 00000000 00:00 0 
7f252a937000-7f252aa35000 rw-p 00000000 00:00 0 
7f252aa35000-7f252aa38000 ---p 00000000 00:00 0 
7f252aa38000-7f252ab36000 rw-p 00000000 00:00 0 
7f252ab36000-7f252b4f5000 r--p 00000000 08:01 1316108                    /usr/lib/locale/locale-archive
7f252b4f5000-7f252b4f8000 ---p 00000000 00:00 0 
7f252b4f8000-7f252b5f6000 rw-p 00000000 00:00 0 
7f252b5f6000-7f252b5f9000 ---p 00000000 00:00 0 
7f252b5f9000-7f252b6f7000 rw-p 00000000 00:00 0 
7f252b6f7000-7f252b6f8000 ---p 00000000 00:00 0 
7f252b6f8000-7f252c000000 rw-p 00000000 00:00 0 
7f252c000000-7f252c46d000 rw-p 00000000 00:00 0 
7f252c46d000-7f2530000000 ---p 00000000 00:00 0 
7f2530005000-7f2530021000 r--s 00393000 08:01 2756136                    /usr/lib/jvm/jdk1.8.0_181/jre/lib/ext/cldrdata.jar
7f2530021000-7f253009a000 r--s 010f9000 08:01 1448503                    /usr/lib/jvm/jdk1.8.0_181/lib/tools.jar
7f253009a000-7f253019b000 rw-p 00000000 00:00 0 
7f253019b000-7f2530375000 r--s 03d6b000 08:01 2756084                    /usr/lib/jvm/jdk1.8.0_181/jre/lib/rt.jar
7f2530375000-7f2534dfe000 rw-p 00000000 00:00 0 
7f2534dfe000-7f2534dff000 ---p 00000000 00:00 0 
7f2534dff000-7f2534eff000 rw-p 00000000 00:00 0 
7f2534eff000-7f2534f00000 ---p 00000000 00:00 0 
7f2534f00000-7f2535000000 rw-p 00000000 00:00 0 
7f2535000000-7f2535650000 rwxp 00000000 00:00 0 
7f2535660000-7f2544000000 ---p 00000000 00:00 0 
7f2544000000-7f254447c000 rw-p 00000000 00:00 0 
7f254447c000-7f2548000000 ---p 00000000 00:00 0 
7f2548007000-7f254801a000 r--s 00345000 08:01 2756119                    /usr/lib/jvm/jdk1.8.0_181/jre/lib/resources.jar
7f254801a000-7f254801d000 ---p 00000000 00:00 0 
7f254801d000-7f254807d000 rw-p 00000000 00:00 0 
7f254807d000-7f25482eb000 ---p 00000000 00:00 0 
7f25482eb000-7f2548315000 rw-p 00000000 00:00 0 
7f2548315000-7f2548582000 ---p 00000000 00:00 0 
7f2548582000-7f25485a8000 rw-p 00000000 00:00 0 
7f25485a8000-7f25486ce000 ---p 00000000 00:00 0 
7f25486ce000-7f25486e9000 rw-p 00000000 00:00 0 
7f25486e9000-7f2548a8f000 ---p 00000000 00:00 0 
7f2548a8f000-7f2548aaa000 r-xp 00000000 08:01 2756233                    /usr/lib/jvm/jdk1.8.0_181/jre/lib/amd64/libzip.so
7f2548aaa000-7f2548caa000 ---p 0001b000 08:01 2756233                    /usr/lib/jvm/jdk1.8.0_181/jre/lib/amd64/libzip.so
7f2548caa000-7f2548cab000 rw-p 0001b000 08:01 2756233                    /usr/lib/jvm/jdk1.8.0_181/jre/lib/amd64/libzip.so
7f2548cab000-7f2548cb6000 r-xp 00000000 08:01 1054188                    /lib/x86_64-linux-gnu/libnss_files-2.23.so
7f2548cb6000-7f2548eb5000 ---p 0000b000 08:01 1054188                    /lib/x86_64-linux-gnu/libnss_files-2.23.so
7f2548eb5000-7f2548eb6000 r--p 0000a000 08:01 1054188                    /lib/x86_64-linux-gnu/libnss_files-2.23.so
7f2548eb6000-7f2548eb7000 rw-p 0000b000 08:01 1054188                    /lib/x86_64-linux-gnu/libnss_files-2.23.so
7f2548eb7000-7f2548ebd000 rw-p 00000000 00:00 0 
7f2548ebd000-7f2548ec8000 r-xp 00000000 08:01 1054198                    /lib/x86_64-linux-gnu/libnss_nis-2.23.so
7f2548ec8000-7f25490c7000 ---p 0000b000 08:01 1054198                    /lib/x86_64-linux-gnu/libnss_nis-2.23.so
7f25490c7000-7f25490c8000 r--p 0000a000 08:01 1054198                    /lib/x86_64-linux-gnu/libnss_nis-2.23.so
7f25490c8000-7f25490c9000 rw-p 0000b000 08:01 1054198                    /lib/x86_64-linux-gnu/libnss_nis-2.23.so
7f25490c9000-7f25490df000 r-xp 00000000 08:01 1054182                    /lib/x86_64-linux-gnu/libnsl-2.23.so
7f25490df000-7f25492de000 ---p 00016000 08:01 1054182                    /lib/x86_64-linux-gnu/libnsl-2.23.so
7f25492de000-7f25492df000 r--p 00015000 08:01 1054182                    /lib/x86_64-linux-gnu/libnsl-2.23.so
7f25492df000-7f25492e0000 rw-p 00016000 08:01 1054182                    /lib/x86_64-linux-gnu/libnsl-2.23.so
7f25492e0000-7f25492e2000 rw-p 00000000 00:00 0 
7f25492e2000-7f25492ea000 r-xp 00000000 08:01 1054184                    /lib/x86_64-linux-gnu/libnss_compat-2.23.so
7f25492ea000-7f25494e9000 ---p 00008000 08:01 1054184                    /lib/x86_64-linux-gnu/libnss_compat-2.23.so
7f25494e9000-7f25494ea000 r--p 00007000 08:01 1054184                    /lib/x86_64-linux-gnu/libnss_compat-2.23.so
7f25494ea000-7f25494eb000 rw-p 00008000 08:01 1054184                    /lib/x86_64-linux-gnu/libnss_compat-2.23.so
7f25494eb000-7f2549516000 r-xp 00000000 08:01 2756227                    /usr/lib/jvm/jdk1.8.0_181/jre/lib/amd64/libjava.so
7f2549516000-7f2549715000 ---p 0002b000 08:01 2756227                    /usr/lib/jvm/jdk1.8.0_181/jre/lib/amd64/libjava.so
7f2549715000-7f2549717000 rw-p 0002a000 08:01 2756227                    /usr/lib/jvm/jdk1.8.0_181/jre/lib/amd64/libjava.so
7f2549717000-7f2549724000 r-xp 00000000 08:01 2756232                    /usr/lib/jvm/jdk1.8.0_181/jre/lib/amd64/libverify.so
7f2549724000-7f2549924000 ---p 0000d000 08:01 2756232                    /usr/lib/jvm/jdk1.8.0_181/jre/lib/amd64/libverify.so
7f2549924000-7f2549926000 rw-p 0000d000 08:01 2756232                    /usr/lib/jvm/jdk1.8.0_181/jre/lib/amd64/libverify.so
7f2549926000-7f254992d000 r-xp 00000000 08:01 1054243                    /lib/x86_64-linux-gnu/librt-2.23.so
7f254992d000-7f2549b2c000 ---p 00007000 08:01 1054243                    /lib/x86_64-linux-gnu/librt-2.23.so
7f2549b2c000-7f2549b2d000 r--p 00006000 08:01 1054243                    /lib/x86_64-linux-gnu/librt-2.23.so
7f2549b2d000-7f2549b2e000 rw-p 00007000 08:01 1054243                    /lib/x86_64-linux-gnu/librt-2.23.so
7f2549b2e000-7f2549c36000 r-xp 00000000 08:01 1054159                    /lib/x86_64-linux-gnu/libm-2.23.so
7f2549c36000-7f2549e35000 ---p 00108000 08:01 1054159                    /lib/x86_64-linux-gnu/libm-2.23.so
7f2549e35000-7f2549e36000 r--p 00107000 08:01 1054159                    /lib/x86_64-linux-gnu/libm-2.23.so
7f2549e36000-7f2549e37000 rw-p 00108000 08:01 1054159                    /lib/x86_64-linux-gnu/libm-2.23.so
7f2549e37000-7f254ab13000 r-xp 00000000 08:01 2756209                    /usr/lib/jvm/jdk1.8.0_181/jre/lib/amd64/server/libjvm.so
7f254ab13000-7f254ad13000 ---p 00cdc000 08:01 2756209                    /usr/lib/jvm/jdk1.8.0_181/jre/lib/amd64/server/libjvm.so
7f254ad13000-7f254aded000 rw-p 00cdc000 08:01 2756209                    /usr/lib/jvm/jdk1.8.0_181/jre/lib/amd64/server/libjvm.so
7f254aded000-7f254ae38000 rw-p 00000000 00:00 0 
7f254ae38000-7f254aff8000 r-xp 00000000 08:01 1054089                    /lib/x86_64-linux-gnu/libc-2.23.so
7f254aff8000-7f254b1f8000 ---p 001c0000 08:01 1054089                    /lib/x86_64-linux-gnu/libc-2.23.so
7f254b1f8000-7f254b1fc000 r--p 001c0000 08:01 1054089                    /lib/x86_64-linux-gnu/libc-2.23.so
7f254b1fc000-7f254b1fe000 rw-p 001c4000 08:01 1054089                    /lib/x86_64-linux-gnu/libc-2.23.so
7f254b1fe000-7f254b202000 rw-p 00000000 00:00 0 
7f254b202000-7f254b205000 r-xp 00000000 08:01 1054113                    /lib/x86_64-linux-gnu/libdl-2.23.so
7f254b205000-7f254b404000 ---p 00003000 08:01 1054113                    /lib/x86_64-linux-gnu/libdl-2.23.so
7f254b404000-7f254b405000 r--p 00002000 08:01 1054113                    /lib/x86_64-linux-gnu/libdl-2.23.so
7f254b405000-7f254b406000 rw-p 00003000 08:01 1054113                    /lib/x86_64-linux-gnu/libdl-2.23.so
7f254b406000-7f254b41c000 r-xp 00000000 08:01 1449032                    /usr/lib/jvm/jdk1.8.0_181/lib/amd64/jli/libjli.so
7f254b41c000-7f254b61b000 ---p 00016000 08:01 1449032                    /usr/lib/jvm/jdk1.8.0_181/lib/amd64/jli/libjli.so
7f254b61b000-7f254b61c000 rw-p 00015000 08:01 1449032                    /usr/lib/jvm/jdk1.8.0_181/lib/amd64/jli/libjli.so
7f254b61c000-7f254b634000 r-xp 00000000 08:01 1054235                    /lib/x86_64-linux-gnu/libpthread-2.23.so
7f254b634000-7f254b833000 ---p 00018000 08:01 1054235                    /lib/x86_64-linux-gnu/libpthread-2.23.so
7f254b833000-7f254b834000 r--p 00017000 08:01 1054235                    /lib/x86_64-linux-gnu/libpthread-2.23.so
7f254b834000-7f254b835000 rw-p 00018000 08:01 1054235                    /lib/x86_64-linux-gnu/libpthread-2.23.so
7f254b835000-7f254b839000 rw-p 00000000 00:00 0 
7f254b839000-7f254b85f000 r-xp 00000000 08:01 1054061                    /lib/x86_64-linux-gnu/ld-2.23.so
7f254b865000-7f254b86f000 r--s 00116000 08:01 2756143                    /usr/lib/jvm/jdk1.8.0_181/jre/lib/ext/localedata.jar
7f254b86f000-7f254b940000 rw-p 00000000 00:00 0 
7f254b940000-7f254b943000 ---p 00000000 00:00 0 
7f254b943000-7f254ba46000 rw-p 00000000 00:00 0 
7f254ba46000-7f254ba4b000 r--s 0009d000 08:01 2756133                    /usr/lib/jvm/jdk1.8.0_181/jre/lib/jsse.jar
7f254ba4b000-7f254ba53000 r--s 0006e000 08:01 2248917                    /home/whj/dowork/DiffTGen/lib/commons-lang3-3.5.jar
7f254ba53000-7f254ba54000 r--s 00000000 08:01 2248922                    /home/whj/dowork/DiffTGen/lib/myprinter.jar
7f254ba54000-7f254ba5c000 rw-s 00000000 08:01 1984688                    /tmp/hsperfdata_whj/46446
7f254ba5c000-7f254ba5d000 rw-p 00000000 00:00 0 
7f254ba5d000-7f254ba5e000 r--p 00000000 00:00 0 
7f254ba5e000-7f254ba5f000 r--p 00025000 08:01 1054061                    /lib/x86_64-linux-gnu/ld-2.23.so
7f254ba5f000-7f254ba60000 rw-p 00026000 08:01 1054061                    /lib/x86_64-linux-gnu/ld-2.23.so
7f254ba60000-7f254ba61000 rw-p 00000000 00:00 0 
7ffc92dcb000-7ffc92ded000 rw-p 00000000 00:00 0                          [stack]
7ffc92df7000-7ffc92dfa000 r--p 00000000 00:00 0                          [vvar]
7ffc92dfa000-7ffc92dfc000 r-xp 00000000 00:00 0                          [vdso]
ffffffffff600000-ffffffffff601000 r-xp 00000000 00:00 0                  [vsyscall]

VM Arguments:
java_command: /home/whj/dowork/DiffTGen/lib/evosuite-1.0.6.jar -base_dir /home/whj/dowork/DiffTGen/extra_output/Closure_33_1-plausible_jaid/target/0/9 -projectCP /home/whj/dowork/DiffTGen/extra_output/Closure_33_1-plausible_jaid/target/build/classes/all0.jar:/home/whj/dowork/DiffTGen/lib/myprinter.jar:/home/whj/dowork/DiffTGen/lib/commons-lang3-3.5.jar -class com.google.javascript.rhino.jstype.PrototypeObjectType -Dassertions=false -Dsearch_budget=60
java_class_path (initial): /home/whj/dowork/DiffTGen/lib/evosuite-1.0.6.jar
Launcher Type: SUN_STANDARD

Environment Variables:
JAVA_HOME=/usr/lib/jvm/jdk1.8.0_181
JRE_HOME=/usr/lib/jvm/jdk1.8.0_181/jre
CLASSPATH=.:/usr/lib/jvm/jdk1.8.0_181/lib:/usr/lib/jvm/jdk1.8.0_181/jre/lib
PATH=/home/whj/perl5/bin:/home/whj/dowork/defects4j-1.2.0/framework/bin:/usr/lib/jvm/jdk1.8.0_181/bin:/usr/lib/jvm/jdk1.8.0_181/jre/bin:/home/whj/bin:/home/whj/.local/bin:/usr/local/sbin:/usr/local/bin:/usr/sbin:/usr/bin:/sbin:/bin:/usr/games:/usr/local/games" :/snap/bin:/home/whj/bin
SHELL=/bin/bash
DISPLAY=:0

Signal Handlers:
SIGSEGV: [libjvm.so+0xad2a40], sa_mask[0]=11111111011111111101111111111110, sa_flags=SA_RESTART|SA_SIGINFO
SIGBUS: [libjvm.so+0xad2a40], sa_mask[0]=11111111011111111101111111111110, sa_flags=SA_RESTART|SA_SIGINFO
SIGFPE: [libjvm.so+0x92a610], sa_mask[0]=11111111011111111101111111111110, sa_flags=SA_RESTART|SA_SIGINFO
SIGPIPE: [libjvm.so+0x92a610], sa_mask[0]=11111111011111111101111111111110, sa_flags=SA_RESTART|SA_SIGINFO
SIGXFSZ: [libjvm.so+0x92a610], sa_mask[0]=11111111011111111101111111111110, sa_flags=SA_RESTART|SA_SIGINFO
SIGILL: [libjvm.so+0x92a610], sa_mask[0]=11111111011111111101111111111110, sa_flags=SA_RESTART|SA_SIGINFO
SIGUSR1: SIG_DFL, sa_mask[0]=00000000000000000000000000000000, sa_flags=none
SIGUSR2: [libjvm.so+0x92be70], sa_mask[0]=00100000000000000000000000000000, sa_flags=SA_RESTART|SA_SIGINFO
SIGHUP: [libjvm.so+0x92d270], sa_mask[0]=11111111011111111101111111111110, sa_flags=SA_RESTART|SA_SIGINFO
SIGINT: [libjvm.so+0x92d270], sa_mask[0]=11111111011111111101111111111110, sa_flags=SA_RESTART|SA_SIGINFO
SIGTERM: [libjvm.so+0x92d270], sa_mask[0]=11111111011111111101111111111110, sa_flags=SA_RESTART|SA_SIGINFO
SIGQUIT: [libjvm.so+0x92d270], sa_mask[0]=11111111011111111101111111111110, sa_flags=SA_RESTART|SA_SIGINFO


---------------  S Y S T E M  ---------------

OS:DISTRIB_ID=Ubuntu
DISTRIB_RELEASE=16.04
DISTRIB_CODENAME=xenial
DISTRIB_DESCRIPTION="Ubuntu 16.04.6 LTS"

uname:Linux 4.15.0-91-generic #92~16.04.1-Ubuntu SMP Fri Feb 28 14:57:22 UTC 2020 x86_64
libc:glibc 2.23 NPTL 2.23 
rlimit: STACK 8192k, CORE 0k, NPROC 31576, NOFILE 1048576, AS infinity
load average:24.77 16.28 10.04

/proc/meminfo:
MemTotal:        8144704 kB
MemFree:          925000 kB
MemAvailable:     815504 kB
Buffers:            1416 kB
Cached:            22340 kB
SwapCached:         1544 kB
Active:          6008136 kB
Inactive:         754572 kB
Active(anon):    5992260 kB
Inactive(anon):   748044 kB
Active(file):      15876 kB
Inactive(file):     6528 kB
Unevictable:          32 kB
Mlocked:              32 kB
SwapTotal:        998396 kB
SwapFree:            656 kB
Dirty:               392 kB
Writeback:             0 kB
AnonPages:       6737680 kB
Mapped:            17804 kB
Shmem:              1168 kB
Slab:              96108 kB
SReclaimable:      32244 kB
SUnreclaim:        63864 kB
KernelStack:       15952 kB
PageTables:        46516 kB
NFS_Unstable:          0 kB
Bounce:                0 kB
WritebackTmp:          0 kB
CommitLimit:     5070748 kB
Committed_AS:   14219276 kB
VmallocTotal:   34359738367 kB
VmallocUsed:           0 kB
VmallocChunk:          0 kB
HardwareCorrupted:     0 kB
AnonHugePages:         0 kB
ShmemHugePages:        0 kB
ShmemPmdMapped:        0 kB
CmaTotal:              0 kB
CmaFree:               0 kB
HugePages_Total:       0
HugePages_Free:        0
HugePages_Rsvd:        0
HugePages_Surp:        0
Hugepagesize:       2048 kB
DirectMap4k:      143168 kB
DirectMap2M:     8245248 kB
DirectMap1G:     2097152 kB


CPU:total 2 (initial active 2) (2 cores per cpu, 1 threads per core) family 6 model 158 stepping 10, cmov, cx8, fxsr, mmx, sse, sse2, sse3, ssse3, sse4.1, sse4.2, popcnt, avx, avx2, aes, clmul, erms, 3dnowpref, lzcnt, tsc, tscinvbit, bmi1, bmi2, adx

/proc/cpuinfo:
processor	: 0
vendor_id	: GenuineIntel
cpu family	: 6
model		: 158
model name	: Intel(R) Core(TM) i7-8750H CPU @ 2.20GHz
stepping	: 10
microcode	: 0x96
cpu MHz		: 2207.999
cache size	: 9216 KB
physical id	: 0
siblings	: 2
core id		: 0
cpu cores	: 2
apicid		: 0
initial apicid	: 0
fpu		: yes
fpu_exception	: yes
cpuid level	: 22
wp		: yes
flags		: fpu vme de pse tsc msr pae mce cx8 apic sep mtrr pge mca cmov pat pse36 clflush mmx fxsr sse sse2 ss ht syscall nx pdpe1gb rdtscp lm constant_tsc arch_perfmon nopl xtopology tsc_reliable nonstop_tsc cpuid pni pclmulqdq ssse3 fma cx16 pcid sse4_1 sse4_2 x2apic movbe popcnt tsc_deadline_timer aes xsave avx f16c rdrand hypervisor lahf_lm abm 3dnowprefetch cpuid_fault invpcid_single pti ssbd ibrs ibpb stibp fsgsbase tsc_adjust bmi1 avx2 smep bmi2 invpcid rdseed adx smap xsaveopt arat flush_l1d arch_capabilities
bugs		: cpu_meltdown spectre_v1 spectre_v2 spec_store_bypass l1tf mds swapgs itlb_multihit
bogomips	: 4415.99
clflush size	: 64
cache_alignment	: 64
address sizes	: 42 bits physical, 48 bits virtual
power management:

processor	: 1
vendor_id	: GenuineIntel
cpu family	: 6
model		: 158
model name	: Intel(R) Core(TM) i7-8750H CPU @ 2.20GHz
stepping	: 10
microcode	: 0x96
cpu MHz		: 2207.999
cache size	: 9216 KB
physical id	: 0
siblings	: 2
core id		: 1
cpu cores	: 2
apicid		: 1
initial apicid	: 1
fpu		: yes
fpu_exception	: yes
cpuid level	: 22
wp		: yes
flags		: fpu vme de pse tsc msr pae mce cx8 apic sep mtrr pge mca cmov pat pse36 clflush mmx fxsr sse sse2 ss ht syscall nx pdpe1gb rdtscp lm constant_tsc arch_perfmon nopl xtopology tsc_reliable nonstop_tsc cpuid pni pclmulqdq ssse3 fma cx16 pcid sse4_1 sse4_2 x2apic movbe popcnt tsc_deadline_timer aes xsave avx f16c rdrand hypervisor lahf_lm abm 3dnowprefetch cpuid_fault invpcid_single pti ssbd ibrs ibpb stibp fsgsbase tsc_adjust bmi1 avx2 smep bmi2 invpcid rdseed adx smap xsaveopt arat flush_l1d arch_capabilities
bugs		: cpu_meltdown spectre_v1 spectre_v2 spec_store_bypass l1tf mds swapgs itlb_multihit
bogomips	: 4415.99
clflush size	: 64
cache_alignment	: 64
address sizes	: 42 bits physical, 48 bits virtual
power management:



Memory: 4k page, physical 8144704k(925000k free), swap 998396k(656k free)

vm_info: Java HotSpot(TM) 64-Bit Server VM (25.181-b13) for linux-amd64 JRE (1.8.0_181-b13), built on Jul  7 2018 00:56:38 by "java_re" with gcc 4.3.0 20080428 (Red Hat 4.3.0-8)

time: Sat Mar 28 19:27:57 2020
elapsed time: 127 seconds (0d 0h 2m 7s)

