#
# There is insufficient memory for the Java Runtime Environment to continue.
# Native memory allocation (mmap) failed to map 65536 bytes for committing reserved memory.
# Possible reasons:
#   The system is out of physical RAM or swap space
#   In 32 bit mode, the process size limit was hit
# Possible solutions:
#   Reduce memory load on the system
#   Increase physical memory or swap space
#   Check if swap backing store is full
#   Use 64 bit Java on a 64 bit OS
#   Decrease Java heap size (-Xmx/-Xms)
#   Decrease number of Java threads
#   Decrease Java thread stack sizes (-Xss)
#   Set larger code cache with -XX:ReservedCodeCacheSize=
# This output file may be truncated or incomplete.
#
#  Out of Memory Error (os_linux.cpp:2640), pid=21794, tid=0x00007f66265ec700
#
# JRE version: Java(TM) SE Runtime Environment (8.0_181-b13) (build 1.8.0_181-b13)
# Java VM: Java HotSpot(TM) 64-Bit Server VM (25.181-b13 mixed mode linux-amd64 compressed oops)
# Failed to write core dump. Core dumps have been disabled. To enable core dumping, try "ulimit -c unlimited" before starting Java again
#

---------------  T H R E A D  ---------------

Current thread (0x00007f663813f000):  JavaThread "C1 CompilerThread1" daemon [_thread_in_vm, id=21867, stack(0x00007f66264ec000,0x00007f66265ed000)]

Stack: [0x00007f66264ec000,0x00007f66265ed000],  sp=0x00007f66265eac10,  free space=1019k
Native frames: (J=compiled Java code, j=interpreted, Vv=VM code, C=native code)
V  [libjvm.so+0xad21aa]  VMError::report_and_die()+0x2ba
V  [libjvm.so+0x5022db]  report_vm_out_of_memory(char const*, int, unsigned long, VMErrorType, char const*)+0x8b
V  [libjvm.so+0x92fe33]  os::Linux::commit_memory_impl(char*, unsigned long, bool)+0x123
V  [libjvm.so+0x930059]  os::pd_commit_memory(char*, unsigned long, unsigned long, bool)+0x29
V  [libjvm.so+0x9272ba]  os::commit_memory(char*, unsigned long, unsigned long, bool)+0x2a
V  [libjvm.so+0xacde89]  VirtualSpace::expand_by(unsigned long, bool)+0x199
V  [libjvm.so+0x621ffc]  CodeHeap::expand_by(unsigned long)+0x8c
V  [libjvm.so+0x4860c0]  CodeCache::allocate(int, bool)+0x60
V  [libjvm.so+0x8f49dc]  nmethod::new_nmethod(methodHandle, int, int, CodeOffsets*, int, DebugInformationRecorder*, Dependencies*, CodeBuffer*, int, OopMapSet*, ExceptionHandlerTable*, ImplicitExceptionTable*, AbstractCompiler*, int)+0x1fc
V  [libjvm.so+0x41a0bb]  ciEnv::register_method(ciMethod*, int, CodeOffsets*, int, CodeBuffer*, int, OopMapSet*, ExceptionHandlerTable*, ImplicitExceptionTable*, AbstractCompiler*, int, bool, bool, RTMState)+0x42b
V  [libjvm.so+0x35c2e9]  Compilation::install_code(int)+0xc9
V  [libjvm.so+0x35d7dc]  Compilation::compile_method()+0xec
V  [libjvm.so+0x35daae]  Compilation::Compilation(AbstractCompiler*, ciEnv*, ciMethod*, int, BufferBlob*)+0x25e
V  [libjvm.so+0x35e869]  Compiler::compile_method(ciEnv*, ciMethod*, int)+0xa9
V  [libjvm.so+0x4b5a5a]  CompileBroker::invoke_compiler_on_method(CompileTask*)+0xcba
V  [libjvm.so+0x4b6a06]  CompileBroker::compiler_thread_loop()+0x5d6
V  [libjvm.so+0xa813f3]  JavaThread::thread_main_inner()+0x103
V  [libjvm.so+0xa8153c]  JavaThread::run()+0x11c
V  [libjvm.so+0x930198]  java_start(Thread*)+0x108
C  [libpthread.so.0+0x76ba]  start_thread+0xca


Current CompileTask:
C1: 101527 1856       2       org.evosuite.shaded.org.objectweb.asm.MethodWriter::getSize (864 bytes)


---------------  P R O C E S S  ---------------

Java Threads: ( => current thread )
  0x0000000001adc800 JavaThread "RMI TCP Connection(4)-127.0.0.1" daemon [_thread_blocked, id=22217, stack(0x00007f6624adf000,0x00007f6624be0000)]
  0x00007f660c058000 JavaThread "RMI Scheduler(0)" daemon [_thread_blocked, id=22208, stack(0x00007f6624be0000,0x00007f6624ce1000)]
  0x00007f660c052800 JavaThread "RMI RenewClean-[127.0.0.1:14045]" daemon [_thread_blocked, id=22191, stack(0x00007f6624ce1000,0x00007f6624de2000)]
  0x00007f65e0001800 JavaThread "RMI TCP Connection(5)-127.0.0.1" daemon [_thread_blocked, id=22181, stack(0x00007f6624de2000,0x00007f6624ee3000)]
  0x00007f65e8005800 JavaThread "pool-3-thread-3" [_thread_in_native, id=22145, stack(0x00007f6624ee3000,0x00007f6624fe4000)]
  0x00007f65e8004000 JavaThread "pool-3-thread-2" [_thread_in_native, id=22144, stack(0x00007f6624fe4000,0x00007f66250e5000)]
  0x00007f65e8003000 JavaThread "pool-3-thread-1" [_thread_in_native, id=22140, stack(0x00007f66250e5000,0x00007f66251e6000)]
  0x00007f6638383800 JavaThread "Thread-3" [_thread_in_native, id=22014, stack(0x00007f66251e6000,0x00007f66252e7000)]
  0x00007f6638381800 JavaThread "Thread-2" [_thread_in_native, id=22013, stack(0x00007f66252e7000,0x00007f66253e8000)]
  0x00007f6638380000 JavaThread "process reaper" daemon [_thread_in_native, id=22012, stack(0x00007f66253e8000,0x00007f6625421000)]
  0x00007f663837a800 JavaThread "pool-2-thread-1" [_thread_in_native, id=21965, stack(0x00007f6625421000,0x00007f6625522000)]
  0x00007f6638378000 JavaThread "GC Daemon" daemon [_thread_blocked, id=21961, stack(0x00007f6625522000,0x00007f6625623000)]
  0x00007f6638375800 JavaThread "RMI Reaper" [_thread_blocked, id=21955, stack(0x00007f6625623000,0x00007f6625724000)]
  0x00007f663836c800 JavaThread "RMI TCP Accept-19769" daemon [_thread_in_native, id=21948, stack(0x00007f6625724000,0x00007f6625825000)]
  0x00007f6638367000 JavaThread "RMI TCP Accept-13876" daemon [_thread_in_native, id=21936, stack(0x00007f6625825000,0x00007f6625926000)]
  0x00007f66382ac000 JavaThread "logback-3" daemon [_thread_blocked, id=21925, stack(0x00007f6625b9f000,0x00007f6625ca0000)]
  0x00007f66382aa000 JavaThread "logback-2" daemon [_thread_blocked, id=21921, stack(0x00007f6625ca0000,0x00007f6625da1000)]
  0x00007f66382a8800 JavaThread "logback-1" daemon [_thread_blocked, id=21910, stack(0x00007f6625da1000,0x00007f6625ea2000)]
  0x00007f6638142000 JavaThread "Service Thread" daemon [_thread_blocked, id=21872, stack(0x00007f66263eb000,0x00007f66264ec000)]
=>0x00007f663813f000 JavaThread "C1 CompilerThread1" daemon [_thread_in_vm, id=21867, stack(0x00007f66264ec000,0x00007f66265ed000)]
  0x00007f663813c000 JavaThread "C2 CompilerThread0" daemon [_thread_in_native, id=21863, stack(0x00007f66265ed000,0x00007f66266ee000)]
  0x00007f663813a800 JavaThread "Signal Dispatcher" daemon [_thread_blocked, id=21858, stack(0x00007f66266ee000,0x00007f66267ef000)]
  0x00007f6638107800 JavaThread "Finalizer" daemon [_thread_blocked, id=21846, stack(0x00007f66271ae000,0x00007f66272af000)]
  0x00007f6638105000 JavaThread "Reference Handler" daemon [_thread_blocked, id=21837, stack(0x00007f66272af000,0x00007f66273b0000)]
  0x00007f663800a800 JavaThread "main" [_thread_in_native, id=21797, stack(0x00007f663eb38000,0x00007f663ec39000)]

Other Threads:
  0x00007f66380fb800 VMThread [stack: 0x00007f66273b0000,0x00007f66274b1000] [id=21822]
  0x00007f6638147000 WatcherThread [stack: 0x00007f66262ea000,0x00007f66263eb000] [id=21875]

VM state:synchronizing (normal execution)

VM Mutex/Monitor currently owned by a thread:  ([mutex/lock_event])
[0x00007f6638006020] CodeCache_lock - owner thread: 0x00007f663813f000
[0x00007f6638006ca0] Threads_lock - owner thread: 0x00007f66380fb800
[0x00007f66380076a0] Compile_lock - owner thread: 0x00007f663813f000
[0x00007f66380077a0] MethodCompileQueue_lock - owner thread: 0x00007f663813f000

Heap:
 PSYoungGen      total 133632K, used 10308K [0x00000000d6900000, 0x00000000df800000, 0x0000000100000000)
  eden space 128512K, 4% used [0x00000000d6900000,0x00000000d6e11948,0x00000000de680000)
  from space 5120K, 99% used [0x00000000dee00000,0x00000000df2ff9b0,0x00000000df300000)
  to   space 7680K, 0% used [0x00000000de680000,0x00000000de680000,0x00000000dee00000)
 ParOldGen       total 86016K, used 8529K [0x0000000083a00000, 0x0000000088e00000, 0x00000000d6900000)
  object space 86016K, 9% used [0x0000000083a00000,0x0000000084254758,0x0000000088e00000)
 Metaspace       used 14223K, capacity 14652K, committed 14848K, reserved 1062912K
  class space    used 1601K, capacity 1736K, committed 1792K, reserved 1048576K

Card table byte_map: [0x00007f662842e000,0x00007f6628812000] byte_map_base: 0x00007f6628011000

Marking Bits: (ParMarkBitMap*) 0x00007f663e0030a0
 Begin Bits: [0x00007f661c164000, 0x00007f661e07c000)
 End Bits:   [0x00007f661e07c000, 0x00007f661ff94000)

Polling page: 0x00007f663ec55000

CodeCache: size=245760Kb used=6255Kb max_used=6255Kb free=239505Kb
 bounds [0x00007f6628bd2000, 0x00007f66291f2000, 0x00007f6637bd2000]
 total_blobs=2159 nmethods=1811 adapters=260
 compilation: enabled

Compilation events (10 events):
Event: 99.012 Thread 0x00007f663813f000 nmethod 1853 0x00007f66291ebed0 code [0x00007f66291ec120, 0x00007f66291ec8c8]
Event: 99.012 Thread 0x00007f663813f000 1854       2       org.evosuite.instrumentation.YieldAtLineNumberMethodAdapter::visitMethodInsn (36 bytes)
Event: 99.012 Thread 0x00007f663813f000 nmethod 1854 0x00007f66291ed210 code [0x00007f66291ed380, 0x00007f66291ed598]
Event: 99.012 Thread 0x00007f663813f000 1850       2       java.util.Arrays$ArrayList::toArray (11 bytes)
Event: 99.012 Thread 0x00007f663813f000 nmethod 1850 0x00007f66291ed690 code [0x00007f66291ed800, 0x00007f66291ed9a8]
Event: 99.037 Thread 0x00007f663813f000 1855       2       org.evosuite.instrumentation.YieldAtLineNumberMethodAdapter::<init> (42 bytes)
Event: 99.037 Thread 0x00007f663813f000 nmethod 1855 0x00007f66291eda50 code [0x00007f66291edbc0, 0x00007f66291edda8]
Event: 99.112 Thread 0x00007f663813f000 1857       2       org.evosuite.shaded.org.objectweb.asm.MethodWriter::put (1631 bytes)
Event: 99.738 Thread 0x00007f663813f000 nmethod 1857 0x00007f66291ede90 code [0x00007f66291ee520, 0x00007f66291efd38]
Event: 99.742 Thread 0x00007f663813f000 1856       2       org.evosuite.shaded.org.objectweb.asm.MethodWriter::getSize (864 bytes)

GC Heap History (10 events):
Event: 93.703 GC heap before
{Heap before GC invocations=3 (full 1):
 PSYoungGen      total 37888K, used 32768K [0x00000000d6900000, 0x00000000d9300000, 0x0000000100000000)
  eden space 32768K, 100% used [0x00000000d6900000,0x00000000d8900000,0x00000000d8900000)
  from space 5120K, 0% used [0x00000000d8900000,0x00000000d8900000,0x00000000d8e00000)
  to   space 5120K, 0% used [0x00000000d8e00000,0x00000000d8e00000,0x00000000d9300000)
 ParOldGen       total 86016K, used 4089K [0x0000000083a00000, 0x0000000088e00000, 0x00000000d6900000)
  object space 86016K, 4% used [0x0000000083a00000,0x0000000083dfe7c8,0x0000000088e00000)
 Metaspace       used 13720K, capacity 14126K, committed 14336K, reserved 1062912K
  class space    used 1577K, capacity 1668K, committed 1792K, reserved 1048576K
Event: 93.729 GC heap after
Heap after GC invocations=3 (full 1):
 PSYoungGen      total 37888K, used 5091K [0x00000000d6900000, 0x00000000d9300000, 0x0000000100000000)
  eden space 32768K, 0% used [0x00000000d6900000,0x00000000d6900000,0x00000000d8900000)
  from space 5120K, 99% used [0x00000000d8e00000,0x00000000d92f8c80,0x00000000d9300000)
  to   space 5120K, 0% used [0x00000000d8900000,0x00000000d8900000,0x00000000d8e00000)
 ParOldGen       total 86016K, used 4813K [0x0000000083a00000, 0x0000000088e00000, 0x00000000d6900000)
  object space 86016K, 5% used [0x0000000083a00000,0x0000000083eb3798,0x0000000088e00000)
 Metaspace       used 13720K, capacity 14126K, committed 14336K, reserved 1062912K
  class space    used 1577K, capacity 1668K, committed 1792K, reserved 1048576K
}
Event: 94.806 GC heap before
{Heap before GC invocations=4 (full 1):
 PSYoungGen      total 37888K, used 37859K [0x00000000d6900000, 0x00000000d9300000, 0x0000000100000000)
  eden space 32768K, 100% used [0x00000000d6900000,0x00000000d8900000,0x00000000d8900000)
  from space 5120K, 99% used [0x00000000d8e00000,0x00000000d92f8c80,0x00000000d9300000)
  to   space 5120K, 0% used [0x00000000d8900000,0x00000000d8900000,0x00000000d8e00000)
 ParOldGen       total 86016K, used 4813K [0x0000000083a00000, 0x0000000088e00000, 0x00000000d6900000)
  object space 86016K, 5% used [0x0000000083a00000,0x0000000083eb3798,0x0000000088e00000)
 Metaspace       used 13815K, capacity 14190K, committed 14336K, reserved 1062912K
  class space    used 1578K, capacity 1668K, committed 1792K, reserved 1048576K
Event: 94.863 GC heap after
Heap after GC invocations=4 (full 1):
 PSYoungGen      total 37888K, used 5116K [0x00000000d6900000, 0x00000000db300000, 0x0000000100000000)
  eden space 32768K, 0% used [0x00000000d6900000,0x00000000d6900000,0x00000000d8900000)
  from space 5120K, 99% used [0x00000000d8900000,0x00000000d8dff2e8,0x00000000d8e00000)
  to   space 5120K, 0% used [0x00000000dae00000,0x00000000dae00000,0x00000000db300000)
 ParOldGen       total 86016K, used 4821K [0x0000000083a00000, 0x0000000088e00000, 0x00000000d6900000)
  object space 86016K, 5% used [0x0000000083a00000,0x0000000083eb5798,0x0000000088e00000)
 Metaspace       used 13815K, capacity 14190K, committed 14336K, reserved 1062912K
  class space    used 1578K, capacity 1668K, committed 1792K, reserved 1048576K
}
Event: 95.721 GC heap before
{Heap before GC invocations=5 (full 1):
 PSYoungGen      total 37888K, used 37884K [0x00000000d6900000, 0x00000000db300000, 0x0000000100000000)
  eden space 32768K, 100% used [0x00000000d6900000,0x00000000d8900000,0x00000000d8900000)
  from space 5120K, 99% used [0x00000000d8900000,0x00000000d8dff2e8,0x00000000d8e00000)
  to   space 5120K, 0% used [0x00000000dae00000,0x00000000dae00000,0x00000000db300000)
 ParOldGen       total 86016K, used 4821K [0x0000000083a00000, 0x0000000088e00000, 0x00000000d6900000)
  object space 86016K, 5% used [0x0000000083a00000,0x0000000083eb5798,0x0000000088e00000)
 Metaspace       used 13838K, capacity 14190K, committed 14336K, reserved 1062912K
  class space    used 1578K, capacity 1668K, committed 1792K, reserved 1048576K
Event: 95.758 GC heap after
Heap after GC invocations=5 (full 1):
 PSYoungGen      total 70656K, used 5116K [0x00000000d6900000, 0x00000000db300000, 0x0000000100000000)
  eden space 65536K, 0% used [0x00000000d6900000,0x00000000d6900000,0x00000000da900000)
  from space 5120K, 99% used [0x00000000dae00000,0x00000000db2ff348,0x00000000db300000)
  to   space 5120K, 0% used [0x00000000da900000,0x00000000da900000,0x00000000dae00000)
 ParOldGen       total 86016K, used 5746K [0x0000000083a00000, 0x0000000088e00000, 0x00000000d6900000)
  object space 86016K, 6% used [0x0000000083a00000,0x0000000083f9cba8,0x0000000088e00000)
 Metaspace       used 13838K, capacity 14190K, committed 14336K, reserved 1062912K
  class space    used 1578K, capacity 1668K, committed 1792K, reserved 1048576K
}
Event: 96.915 GC heap before
{Heap before GC invocations=6 (full 1):
 PSYoungGen      total 70656K, used 70652K [0x00000000d6900000, 0x00000000db300000, 0x0000000100000000)
  eden space 65536K, 100% used [0x00000000d6900000,0x00000000da900000,0x00000000da900000)
  from space 5120K, 99% used [0x00000000dae00000,0x00000000db2ff348,0x00000000db300000)
  to   space 5120K, 0% used [0x00000000da900000,0x00000000da900000,0x00000000dae00000)
 ParOldGen       total 86016K, used 5746K [0x0000000083a00000, 0x0000000088e00000, 0x00000000d6900000)
  object space 86016K, 6% used [0x0000000083a00000,0x0000000083f9cba8,0x0000000088e00000)
 Metaspace       used 13883K, capacity 14254K, committed 14592K, reserved 1062912K
  class space    used 1578K, capacity 1668K, committed 1792K, reserved 1048576K
Event: 96.939 GC heap after
Heap after GC invocations=6 (full 1):
 PSYoungGen      total 70656K, used 5100K [0x00000000d6900000, 0x00000000df300000, 0x0000000100000000)
  eden space 65536K, 0% used [0x00000000d6900000,0x00000000d6900000,0x00000000da900000)
  from space 5120K, 99% used [0x00000000da900000,0x00000000dadfb2f8,0x00000000dae00000)
  to   space 5120K, 0% used [0x00000000dee00000,0x00000000dee00000,0x00000000df300000)
 ParOldGen       total 86016K, used 6210K [0x0000000083a00000, 0x0000000088e00000, 0x00000000d6900000)
  object space 86016K, 7% used [0x0000000083a00000,0x0000000084010bb8,0x0000000088e00000)
 Metaspace       used 13883K, capacity 14254K, committed 14592K, reserved 1062912K
  class space    used 1578K, capacity 1668K, committed 1792K, reserved 1048576K
}
Event: 98.214 GC heap before
{Heap before GC invocations=7 (full 1):
 PSYoungGen      total 70656K, used 70636K [0x00000000d6900000, 0x00000000df300000, 0x0000000100000000)
  eden space 65536K, 100% used [0x00000000d6900000,0x00000000da900000,0x00000000da900000)
  from space 5120K, 99% used [0x00000000da900000,0x00000000dadfb2f8,0x00000000dae00000)
  to   space 5120K, 0% used [0x00000000dee00000,0x00000000dee00000,0x00000000df300000)
 ParOldGen       total 86016K, used 6210K [0x0000000083a00000, 0x0000000088e00000, 0x00000000d6900000)
  object space 86016K, 7% used [0x0000000083a00000,0x0000000084010bb8,0x0000000088e00000)
 Metaspace       used 13952K, capacity 14318K, committed 14592K, reserved 1062912K
  class space    used 1578K, capacity 1668K, committed 1792K, reserved 1048576K
Event: 98.658 GC heap after
Heap after GC invocations=7 (full 1):
 PSYoungGen      total 133632K, used 5118K [0x00000000d6900000, 0x00000000df800000, 0x0000000100000000)
  eden space 128512K, 0% used [0x00000000d6900000,0x00000000d6900000,0x00000000de680000)
  from space 5120K, 99% used [0x00000000dee00000,0x00000000df2ff9b0,0x00000000df300000)
  to   space 7680K, 0% used [0x00000000de680000,0x00000000de680000,0x00000000dee00000)
 ParOldGen       total 86016K, used 8529K [0x0000000083a00000, 0x0000000088e00000, 0x00000000d6900000)
  object space 86016K, 9% used [0x0000000083a00000,0x0000000084254758,0x0000000088e00000)
 Metaspace       used 13952K, capacity 14318K, committed 14592K, reserved 1062912K
  class space    used 1578K, capacity 1668K, committed 1792K, reserved 1048576K
}

Deoptimization events (10 events):
Event: 92.006 Thread 0x0000000001adc800 Uncommon trap: reason=class_check action=maybe_recompile pc=0x00007f6628f8490c method=java.util.HashMap.putVal(ILjava/lang/Object;Ljava/lang/Object;ZZ)Ljava/lang/Object; @ 203
Event: 92.011 Thread 0x0000000001adc800 Uncommon trap: reason=class_check action=maybe_recompile pc=0x00007f6628f8490c method=java.util.HashMap.putVal(ILjava/lang/Object;Ljava/lang/Object;ZZ)Ljava/lang/Object; @ 203
Event: 92.011 Thread 0x0000000001adc800 Uncommon trap: reason=class_check action=maybe_recompile pc=0x00007f6628f8490c method=java.util.HashMap.putVal(ILjava/lang/Object;Ljava/lang/Object;ZZ)Ljava/lang/Object; @ 203
Event: 92.068 Thread 0x0000000001adc800 Uncommon trap: reason=class_check action=maybe_recompile pc=0x00007f6628f8490c method=java.util.HashMap.putVal(ILjava/lang/Object;Ljava/lang/Object;ZZ)Ljava/lang/Object; @ 203
Event: 93.939 Thread 0x0000000001adc800 Uncommon trap: reason=unstable_if action=reinterpret pc=0x00007f6628dbd7b8 method=java.lang.AbstractStringBuilder.append(Ljava/lang/String;)Ljava/lang/AbstractStringBuilder; @ 1
Event: 94.287 Thread 0x0000000001adc800 Uncommon trap: reason=bimorphic action=maybe_recompile pc=0x00007f662911e288 method=java.util.AbstractCollection.addAll(Ljava/util/Collection;)Z @ 3
Event: 94.287 Thread 0x0000000001adc800 Uncommon trap: reason=bimorphic action=maybe_recompile pc=0x00007f662911e288 method=java.util.AbstractCollection.addAll(Ljava/util/Collection;)Z @ 3
Event: 94.287 Thread 0x0000000001adc800 Uncommon trap: reason=bimorphic action=maybe_recompile pc=0x00007f662911e288 method=java.util.AbstractCollection.addAll(Ljava/util/Collection;)Z @ 3
Event: 94.287 Thread 0x0000000001adc800 Uncommon trap: reason=bimorphic action=maybe_recompile pc=0x00007f662911e288 method=java.util.AbstractCollection.addAll(Ljava/util/Collection;)Z @ 3
Event: 99.097 Thread 0x0000000001adc800 Uncommon trap: reason=predicate action=maybe_recompile pc=0x00007f662917ad50 method=java.util.ArrayList.indexOf(Ljava/lang/Object;)I @ 44

Classes redefined (0 events):
No events

Internal exceptions (10 events):
Event: 71.353 Thread 0x00007f66382aa000 Exception <a 'java/net/ConnectException'> (0x00000000d6d2bd00) thrown at [/HUDSON/workspace/8-2-build-linux-amd64/jdk8u181/11358/hotspot/src/share/vm/prims/jni.cpp, line 709]
Event: 71.372 Thread 0x00007f66382ac000 Exception <a 'java/net/ConnectException'> (0x00000000d6d7dc80) thrown at [/HUDSON/workspace/8-2-build-linux-amd64/jdk8u181/11358/hotspot/src/share/vm/prims/jni.cpp, line 709]
Event: 81.354 Thread 0x00007f66382a8800 Exception <a 'java/net/ConnectException'> (0x00000000d6cda9e0) thrown at [/HUDSON/workspace/8-2-build-linux-amd64/jdk8u181/11358/hotspot/src/share/vm/prims/jni.cpp, line 709]
Event: 81.354 Thread 0x00007f66382aa000 Exception <a 'java/net/ConnectException'> (0x00000000d6d2c828) thrown at [/HUDSON/workspace/8-2-build-linux-amd64/jdk8u181/11358/hotspot/src/share/vm/prims/jni.cpp, line 709]
Event: 81.373 Thread 0x00007f66382ac000 Exception <a 'java/net/ConnectException'> (0x00000000d6d7e7a8) thrown at [/HUDSON/workspace/8-2-build-linux-amd64/jdk8u181/11358/hotspot/src/share/vm/prims/jni.cpp, line 709]
Event: 91.281 Thread 0x0000000001adc800 Exception <a 'java/lang/NoSuchMethodError': <clinit>> (0x00000000d7466d68) thrown at [/HUDSON/workspace/8-2-build-linux-amd64/jdk8u181/11358/hotspot/src/share/vm/prims/jni.cpp, line 1613]
Event: 91.355 Thread 0x00007f66382a8800 Exception <a 'java/net/ConnectException'> (0x00000000d6cdb508) thrown at [/HUDSON/workspace/8-2-build-linux-amd64/jdk8u181/11358/hotspot/src/share/vm/prims/jni.cpp, line 709]
Event: 91.355 Thread 0x00007f66382aa000 Exception <a 'java/net/ConnectException'> (0x00000000d6d2d350) thrown at [/HUDSON/workspace/8-2-build-linux-amd64/jdk8u181/11358/hotspot/src/share/vm/prims/jni.cpp, line 709]
Event: 91.374 Thread 0x00007f66382ac000 Exception <a 'java/net/ConnectException'> (0x00000000d6d7f2d0) thrown at [/HUDSON/workspace/8-2-build-linux-amd64/jdk8u181/11358/hotspot/src/share/vm/prims/jni.cpp, line 709]
Event: 93.939 Thread 0x0000000001adc800 Implicit null exception at 0x00007f6628dbd3f6 to 0x00007f6628dbd7a1

Events (10 events):
Event: 98.892 loading class java/text/Format$FieldDelegate
Event: 98.893 loading class java/text/Format$FieldDelegate done
Event: 98.893 loading class java/text/DontCareFieldPosition$1 done
Event: 98.941 loading class java/text/NumberFormat$Field
Event: 98.963 loading class java/text/NumberFormat$Field done
Event: 99.038 Thread 0x0000000001adc800 Uncommon trap: trap_request=0xffffff86 fr.pc=0x00007f662917ad50
Event: 99.043 loading class ch/qos/logback/core/pattern/SpacePadder
Event: 99.043 loading class ch/qos/logback/core/pattern/SpacePadder done
Event: 99.098 Thread 0x0000000001adc800 DEOPT PACKING pc=0x00007f662917ad50 sp=0x00007f6624bd3630
Event: 99.098 Thread 0x0000000001adc800 DEOPT UNPACKING pc=0x00007f6628c1773a sp=0x00007f6624bd3608 mode 2


Dynamic libraries:
00400000-00401000 r-xp 00000000 08:01 1448396                            /usr/lib/jvm/jdk1.8.0_181/bin/java
00600000-00601000 rw-p 00000000 08:01 1448396                            /usr/lib/jvm/jdk1.8.0_181/bin/java
01ada000-01afb000 rw-p 00000000 00:00 0                                  [heap]
83a00000-88e00000 rw-p 00000000 00:00 0 
88e00000-d6900000 ---p 00000000 00:00 0 
d6900000-df800000 rw-p 00000000 00:00 0 
df800000-100000000 ---p 00000000 00:00 0 
100000000-1001c0000 rw-p 00000000 00:00 0 
1001c0000-140000000 ---p 00000000 00:00 0 
7f65e0000000-7f65e0021000 rw-p 00000000 00:00 0 
7f65e0021000-7f65e4000000 ---p 00000000 00:00 0 
7f65e8000000-7f65e8021000 rw-p 00000000 00:00 0 
7f65e8021000-7f65ec000000 ---p 00000000 00:00 0 
7f65ec000000-7f65ec021000 rw-p 00000000 00:00 0 
7f65ec021000-7f65f0000000 ---p 00000000 00:00 0 
7f65f0000000-7f65f0021000 rw-p 00000000 00:00 0 
7f65f0021000-7f65f4000000 ---p 00000000 00:00 0 
7f65f4000000-7f65f4021000 rw-p 00000000 00:00 0 
7f65f4021000-7f65f8000000 ---p 00000000 00:00 0 
7f65f8000000-7f65f8c10000 rw-p 00000000 00:00 0 
7f65f8c10000-7f65fc000000 ---p 00000000 00:00 0 
7f65fc000000-7f65fc021000 rw-p 00000000 00:00 0 
7f65fc021000-7f6600000000 ---p 00000000 00:00 0 
7f6600000000-7f6600021000 rw-p 00000000 00:00 0 
7f6600021000-7f6604000000 ---p 00000000 00:00 0 
7f6604000000-7f6604893000 rw-p 00000000 00:00 0 
7f6604893000-7f6608000000 ---p 00000000 00:00 0 
7f6608000000-7f6608021000 rw-p 00000000 00:00 0 
7f6608021000-7f660c000000 ---p 00000000 00:00 0 
7f660c000000-7f660c05b000 rw-p 00000000 00:00 0 
7f660c05b000-7f6610000000 ---p 00000000 00:00 0 
7f6610000000-7f6610021000 rw-p 00000000 00:00 0 
7f6610021000-7f6614000000 ---p 00000000 00:00 0 
7f661441c000-7f6618000000 rw-p 00000000 00:00 0 
7f6618000000-7f6618021000 rw-p 00000000 00:00 0 
7f6618021000-7f661c000000 ---p 00000000 00:00 0 
7f661c164000-7f661ff94000 rw-p 00000000 00:00 0 
7f6620000000-7f6620143000 rw-p 00000000 00:00 0 
7f6620143000-7f6624000000 ---p 00000000 00:00 0 
7f66246cc000-7f66246df000 r--s 00345000 08:01 2756119                    /usr/lib/jvm/jdk1.8.0_181/jre/lib/resources.jar
7f66246df000-7f662479f000 rw-p 00000000 00:00 0 
7f662479f000-7f66248df000 ---p 00000000 00:00 0 
7f66248df000-7f6624adf000 rw-p 00000000 00:00 0 
7f6624adf000-7f6624ae2000 ---p 00000000 00:00 0 
7f6624ae2000-7f6624be0000 rw-p 00000000 00:00 0 
7f6624be0000-7f6624be3000 ---p 00000000 00:00 0 
7f6624be3000-7f6624ce1000 rw-p 00000000 00:00 0 
7f6624ce1000-7f6624ce4000 ---p 00000000 00:00 0 
7f6624ce4000-7f6624de2000 rw-p 00000000 00:00 0 
7f6624de2000-7f6624de5000 ---p 00000000 00:00 0 
7f6624de5000-7f6624ee3000 rw-p 00000000 00:00 0 
7f6624ee3000-7f6624ee6000 ---p 00000000 00:00 0 
7f6624ee6000-7f6624fe4000 rw-p 00000000 00:00 0 
7f6624fe4000-7f6624fe7000 ---p 00000000 00:00 0 
7f6624fe7000-7f66250e5000 rw-p 00000000 00:00 0 
7f66250e5000-7f66250e8000 ---p 00000000 00:00 0 
7f66250e8000-7f66251e6000 rw-p 00000000 00:00 0 
7f66251e6000-7f66251e9000 ---p 00000000 00:00 0 
7f66251e9000-7f66252e7000 rw-p 00000000 00:00 0 
7f66252e7000-7f66252ea000 ---p 00000000 00:00 0 
7f66252ea000-7f66253e8000 rw-p 00000000 00:00 0 
7f66253e8000-7f66253eb000 ---p 00000000 00:00 0 
7f66253eb000-7f6625421000 rw-p 00000000 00:00 0 
7f6625421000-7f6625424000 ---p 00000000 00:00 0 
7f6625424000-7f6625522000 rw-p 00000000 00:00 0 
7f6625522000-7f6625525000 ---p 00000000 00:00 0 
7f6625525000-7f6625623000 rw-p 00000000 00:00 0 
7f6625623000-7f6625626000 ---p 00000000 00:00 0 
7f6625626000-7f6625724000 rw-p 00000000 00:00 0 
7f6625724000-7f6625727000 ---p 00000000 00:00 0 
7f6625727000-7f6625825000 rw-p 00000000 00:00 0 
7f6625825000-7f6625828000 ---p 00000000 00:00 0 
7f6625828000-7f6625b26000 rw-p 00000000 00:00 0 
7f6625b26000-7f6625b9f000 r--s 010f9000 08:01 1448503                    /usr/lib/jvm/jdk1.8.0_181/lib/tools.jar
7f6625b9f000-7f6625ba2000 ---p 00000000 00:00 0 
7f6625ba2000-7f6625ca0000 rw-p 00000000 00:00 0 
7f6625ca0000-7f6625ca3000 ---p 00000000 00:00 0 
7f6625ca3000-7f6625da1000 rw-p 00000000 00:00 0 
7f6625da1000-7f6625da4000 ---p 00000000 00:00 0 
7f6625da4000-7f6625ea2000 rw-p 00000000 00:00 0 
7f6625ea2000-7f6625eb8000 r-xp 00000000 08:01 2756237                    /usr/lib/jvm/jdk1.8.0_181/jre/lib/amd64/libnet.so
7f6625eb8000-7f66260b8000 ---p 00016000 08:01 2756237                    /usr/lib/jvm/jdk1.8.0_181/jre/lib/amd64/libnet.so
7f66260b8000-7f66260b9000 rw-p 00016000 08:01 2756237                    /usr/lib/jvm/jdk1.8.0_181/jre/lib/amd64/libnet.so
7f66260b9000-7f66262ea000 r--s 01bb1000 08:01 1706762                    /home/whj/dowork/DiffTGen/lib/evosuite-1.0.6.jar
7f66262ea000-7f66262eb000 ---p 00000000 00:00 0 
7f66262eb000-7f66263eb000 rw-p 00000000 00:00 0 
7f66263eb000-7f66263ee000 ---p 00000000 00:00 0 
7f66263ee000-7f66264ec000 rw-p 00000000 00:00 0 
7f66264ec000-7f66264ef000 ---p 00000000 00:00 0 
7f66264ef000-7f66265ed000 rw-p 00000000 00:00 0 
7f66265ed000-7f66265f0000 ---p 00000000 00:00 0 
7f66265f0000-7f66266ee000 rw-p 00000000 00:00 0 
7f66266ee000-7f66266f1000 ---p 00000000 00:00 0 
7f66266f1000-7f66267ef000 rw-p 00000000 00:00 0 
7f66267ef000-7f66271ae000 r--p 00000000 08:01 1316108                    /usr/lib/locale/locale-archive
7f66271ae000-7f66271b1000 ---p 00000000 00:00 0 
7f66271b1000-7f66272af000 rw-p 00000000 00:00 0 
7f66272af000-7f66272b2000 ---p 00000000 00:00 0 
7f66272b2000-7f66273b0000 rw-p 00000000 00:00 0 
7f66273b0000-7f66273b1000 ---p 00000000 00:00 0 
7f66273b1000-7f6627dba000 rw-p 00000000 00:00 0 
7f6627dba000-7f6627f94000 r--s 03d6b000 08:01 2756084                    /usr/lib/jvm/jdk1.8.0_181/jre/lib/rt.jar
7f6627f94000-7f6627f95000 ---p 00000000 00:00 0 
7f6627f95000-7f6628095000 rw-p 00000000 00:00 0 
7f6628095000-7f6628096000 ---p 00000000 00:00 0 
7f6628096000-7f66281c0000 rw-p 00000000 00:00 0 
7f66281c0000-7f662842e000 ---p 00000000 00:00 0 
7f662842e000-7f6628458000 rw-p 00000000 00:00 0 
7f6628458000-7f66286c5000 ---p 00000000 00:00 0 
7f66286c5000-7f662870d000 rw-p 00000000 00:00 0 
7f662870d000-7f6628811000 ---p 00000000 00:00 0 
7f6628811000-7f662882b000 rw-p 00000000 00:00 0 
7f662882b000-7f6628bd2000 ---p 00000000 00:00 0 
7f6628bd2000-7f66291f2000 rwxp 00000000 00:00 0 
7f6629202000-7f6637bd2000 ---p 00000000 00:00 0 
7f6637bd2000-7f6637bed000 r-xp 00000000 08:01 2756233                    /usr/lib/jvm/jdk1.8.0_181/jre/lib/amd64/libzip.so
7f6637bed000-7f6637ded000 ---p 0001b000 08:01 2756233                    /usr/lib/jvm/jdk1.8.0_181/jre/lib/amd64/libzip.so
7f6637ded000-7f6637dee000 rw-p 0001b000 08:01 2756233                    /usr/lib/jvm/jdk1.8.0_181/jre/lib/amd64/libzip.so
7f6637dee000-7f6637df9000 r-xp 00000000 08:01 1054188                    /lib/x86_64-linux-gnu/libnss_files-2.23.so
7f6637df9000-7f6637ff8000 ---p 0000b000 08:01 1054188                    /lib/x86_64-linux-gnu/libnss_files-2.23.so
7f6637ff8000-7f6637ff9000 r--p 0000a000 08:01 1054188                    /lib/x86_64-linux-gnu/libnss_files-2.23.so
7f6637ff9000-7f6637ffa000 rw-p 0000b000 08:01 1054188                    /lib/x86_64-linux-gnu/libnss_files-2.23.so
7f6637ffa000-7f6638000000 rw-p 00000000 00:00 0 
7f6638000000-7f6638484000 rw-p 00000000 00:00 0 
7f6638484000-7f663c000000 ---p 00000000 00:00 0 
7f663c011000-7f663c02d000 r--s 00393000 08:01 2756136                    /usr/lib/jvm/jdk1.8.0_181/jre/lib/ext/cldrdata.jar
7f663c02d000-7f663c03f000 r--s 00169000 08:01 4837                       /home/whj/dowork/DiffTGen/extra_output/Chart_1_1_jaid/target/build/classes/all0.jar
7f663c03f000-7f663c0b5000 rw-p 00000000 00:00 0 
7f663c0b5000-7f663c0c0000 r-xp 00000000 08:01 1054198                    /lib/x86_64-linux-gnu/libnss_nis-2.23.so
7f663c0c0000-7f663c2bf000 ---p 0000b000 08:01 1054198                    /lib/x86_64-linux-gnu/libnss_nis-2.23.so
7f663c2bf000-7f663c2c0000 r--p 0000a000 08:01 1054198                    /lib/x86_64-linux-gnu/libnss_nis-2.23.so
7f663c2c0000-7f663c2c1000 rw-p 0000b000 08:01 1054198                    /lib/x86_64-linux-gnu/libnss_nis-2.23.so
7f663c2c1000-7f663c2d7000 r-xp 00000000 08:01 1054182                    /lib/x86_64-linux-gnu/libnsl-2.23.so
7f663c2d7000-7f663c4d6000 ---p 00016000 08:01 1054182                    /lib/x86_64-linux-gnu/libnsl-2.23.so
7f663c4d6000-7f663c4d7000 r--p 00015000 08:01 1054182                    /lib/x86_64-linux-gnu/libnsl-2.23.so
7f663c4d7000-7f663c4d8000 rw-p 00016000 08:01 1054182                    /lib/x86_64-linux-gnu/libnsl-2.23.so
7f663c4d8000-7f663c4da000 rw-p 00000000 00:00 0 
7f663c4da000-7f663c4e2000 r-xp 00000000 08:01 1054184                    /lib/x86_64-linux-gnu/libnss_compat-2.23.so
7f663c4e2000-7f663c6e1000 ---p 00008000 08:01 1054184                    /lib/x86_64-linux-gnu/libnss_compat-2.23.so
7f663c6e1000-7f663c6e2000 r--p 00007000 08:01 1054184                    /lib/x86_64-linux-gnu/libnss_compat-2.23.so
7f663c6e2000-7f663c6e3000 rw-p 00008000 08:01 1054184                    /lib/x86_64-linux-gnu/libnss_compat-2.23.so
7f663c6e3000-7f663c70e000 r-xp 00000000 08:01 2756227                    /usr/lib/jvm/jdk1.8.0_181/jre/lib/amd64/libjava.so
7f663c70e000-7f663c90d000 ---p 0002b000 08:01 2756227                    /usr/lib/jvm/jdk1.8.0_181/jre/lib/amd64/libjava.so
7f663c90d000-7f663c90f000 rw-p 0002a000 08:01 2756227                    /usr/lib/jvm/jdk1.8.0_181/jre/lib/amd64/libjava.so
7f663c90f000-7f663c91c000 r-xp 00000000 08:01 2756232                    /usr/lib/jvm/jdk1.8.0_181/jre/lib/amd64/libverify.so
7f663c91c000-7f663cb1c000 ---p 0000d000 08:01 2756232                    /usr/lib/jvm/jdk1.8.0_181/jre/lib/amd64/libverify.so
7f663cb1c000-7f663cb1e000 rw-p 0000d000 08:01 2756232                    /usr/lib/jvm/jdk1.8.0_181/jre/lib/amd64/libverify.so
7f663cb1e000-7f663cb25000 r-xp 00000000 08:01 1054243                    /lib/x86_64-linux-gnu/librt-2.23.so
7f663cb25000-7f663cd24000 ---p 00007000 08:01 1054243                    /lib/x86_64-linux-gnu/librt-2.23.so
7f663cd24000-7f663cd25000 r--p 00006000 08:01 1054243                    /lib/x86_64-linux-gnu/librt-2.23.so
7f663cd25000-7f663cd26000 rw-p 00007000 08:01 1054243                    /lib/x86_64-linux-gnu/librt-2.23.so
7f663cd26000-7f663ce2e000 r-xp 00000000 08:01 1054159                    /lib/x86_64-linux-gnu/libm-2.23.so
7f663ce2e000-7f663d02d000 ---p 00108000 08:01 1054159                    /lib/x86_64-linux-gnu/libm-2.23.so
7f663d02d000-7f663d02e000 r--p 00107000 08:01 1054159                    /lib/x86_64-linux-gnu/libm-2.23.so
7f663d02e000-7f663d02f000 rw-p 00108000 08:01 1054159                    /lib/x86_64-linux-gnu/libm-2.23.so
7f663d02f000-7f663dd0b000 r-xp 00000000 08:01 2756209                    /usr/lib/jvm/jdk1.8.0_181/jre/lib/amd64/server/libjvm.so
7f663dd0b000-7f663df0b000 ---p 00cdc000 08:01 2756209                    /usr/lib/jvm/jdk1.8.0_181/jre/lib/amd64/server/libjvm.so
7f663df0b000-7f663dfe5000 rw-p 00cdc000 08:01 2756209                    /usr/lib/jvm/jdk1.8.0_181/jre/lib/amd64/server/libjvm.so
7f663dfe5000-7f663e030000 rw-p 00000000 00:00 0 
7f663e030000-7f663e1f0000 r-xp 00000000 08:01 1054089                    /lib/x86_64-linux-gnu/libc-2.23.so
7f663e1f0000-7f663e3f0000 ---p 001c0000 08:01 1054089                    /lib/x86_64-linux-gnu/libc-2.23.so
7f663e3f0000-7f663e3f4000 r--p 001c0000 08:01 1054089                    /lib/x86_64-linux-gnu/libc-2.23.so
7f663e3f4000-7f663e3f6000 rw-p 001c4000 08:01 1054089                    /lib/x86_64-linux-gnu/libc-2.23.so
7f663e3f6000-7f663e3fa000 rw-p 00000000 00:00 0 
7f663e3fa000-7f663e3fd000 r-xp 00000000 08:01 1054113                    /lib/x86_64-linux-gnu/libdl-2.23.so
7f663e3fd000-7f663e5fc000 ---p 00003000 08:01 1054113                    /lib/x86_64-linux-gnu/libdl-2.23.so
7f663e5fc000-7f663e5fd000 r--p 00002000 08:01 1054113                    /lib/x86_64-linux-gnu/libdl-2.23.so
7f663e5fd000-7f663e5fe000 rw-p 00003000 08:01 1054113                    /lib/x86_64-linux-gnu/libdl-2.23.so
7f663e5fe000-7f663e614000 r-xp 00000000 08:01 1449032                    /usr/lib/jvm/jdk1.8.0_181/lib/amd64/jli/libjli.so
7f663e614000-7f663e813000 ---p 00016000 08:01 1449032                    /usr/lib/jvm/jdk1.8.0_181/lib/amd64/jli/libjli.so
7f663e813000-7f663e814000 rw-p 00015000 08:01 1449032                    /usr/lib/jvm/jdk1.8.0_181/lib/amd64/jli/libjli.so
7f663e814000-7f663e82c000 r-xp 00000000 08:01 1054235                    /lib/x86_64-linux-gnu/libpthread-2.23.so
7f663e82c000-7f663ea2b000 ---p 00018000 08:01 1054235                    /lib/x86_64-linux-gnu/libpthread-2.23.so
7f663ea2b000-7f663ea2c000 r--p 00017000 08:01 1054235                    /lib/x86_64-linux-gnu/libpthread-2.23.so
7f663ea2c000-7f663ea2d000 rw-p 00018000 08:01 1054235                    /lib/x86_64-linux-gnu/libpthread-2.23.so
7f663ea2d000-7f663ea31000 rw-p 00000000 00:00 0 
7f663ea31000-7f663ea57000 r-xp 00000000 08:01 1054061                    /lib/x86_64-linux-gnu/ld-2.23.so
7f663ea5d000-7f663ea67000 r--s 00116000 08:01 2756143                    /usr/lib/jvm/jdk1.8.0_181/jre/lib/ext/localedata.jar
7f663ea67000-7f663eb38000 rw-p 00000000 00:00 0 
7f663eb38000-7f663eb3b000 ---p 00000000 00:00 0 
7f663eb3b000-7f663ec3e000 rw-p 00000000 00:00 0 
7f663ec3e000-7f663ec43000 r--s 0009d000 08:01 2756133                    /usr/lib/jvm/jdk1.8.0_181/jre/lib/jsse.jar
7f663ec43000-7f663ec4b000 r--s 0006e000 08:01 2248917                    /home/whj/dowork/DiffTGen/lib/commons-lang3-3.5.jar
7f663ec4b000-7f663ec4c000 r--s 00000000 08:01 2248922                    /home/whj/dowork/DiffTGen/lib/myprinter.jar
7f663ec4c000-7f663ec54000 rw-s 00000000 08:01 1984685                    /tmp/hsperfdata_whj/21794
7f663ec54000-7f663ec55000 rw-p 00000000 00:00 0 
7f663ec55000-7f663ec56000 ---p 00000000 00:00 0 
7f663ec56000-7f663ec57000 r--p 00025000 08:01 1054061                    /lib/x86_64-linux-gnu/ld-2.23.so
7f663ec57000-7f663ec58000 rw-p 00026000 08:01 1054061                    /lib/x86_64-linux-gnu/ld-2.23.so
7f663ec58000-7f663ec59000 rw-p 00000000 00:00 0 
7ffe2886f000-7ffe28891000 rw-p 00000000 00:00 0                          [stack]
7ffe28953000-7ffe28956000 r--p 00000000 00:00 0                          [vvar]
7ffe28956000-7ffe28958000 r-xp 00000000 00:00 0                          [vdso]
ffffffffff600000-ffffffffff601000 r-xp 00000000 00:00 0                  [vsyscall]

VM Arguments:
java_command: /home/whj/dowork/DiffTGen/lib/evosuite-1.0.6.jar -base_dir /home/whj/dowork/DiffTGen/extra_output/Chart_1_1_jaid/target/0/0 -projectCP /home/whj/dowork/DiffTGen/extra_output/Chart_1_1_jaid/target/build/classes/all0.jar:/home/whj/dowork/DiffTGen/lib/myprinter.jar:/home/whj/dowork/DiffTGen/lib/commons-lang3-3.5.jar -class org.jfree.chart.renderer.category.AbstractCategoryItemRenderer -Dassertions=false -Dsearch_budget=60
java_class_path (initial): /home/whj/dowork/DiffTGen/lib/evosuite-1.0.6.jar
Launcher Type: SUN_STANDARD

Environment Variables:
JAVA_HOME=/usr/lib/jvm/jdk1.8.0_181
JRE_HOME=/usr/lib/jvm/jdk1.8.0_181/jre
CLASSPATH=.:/usr/lib/jvm/jdk1.8.0_181/lib:/usr/lib/jvm/jdk1.8.0_181/jre/lib
PATH=/home/whj/perl5/bin:/home/whj/dowork/defects4j-1.2.0/framework/bin:/usr/lib/jvm/jdk1.8.0_181/bin:/usr/lib/jvm/jdk1.8.0_181/jre/bin:/home/whj/bin:/home/whj/.local/bin:/usr/local/sbin:/usr/local/bin:/usr/sbin:/usr/bin:/sbin:/bin:/usr/games:/usr/local/games" :/snap/bin:/home/whj/bin
SHELL=/bin/bash
DISPLAY=:0

Signal Handlers:
SIGSEGV: [libjvm.so+0xad2a40], sa_mask[0]=11111111011111111101111111111110, sa_flags=SA_RESTART|SA_SIGINFO
SIGBUS: [libjvm.so+0xad2a40], sa_mask[0]=11111111011111111101111111111110, sa_flags=SA_RESTART|SA_SIGINFO
SIGFPE: [libjvm.so+0x92a610], sa_mask[0]=11111111011111111101111111111110, sa_flags=SA_RESTART|SA_SIGINFO
SIGPIPE: [libjvm.so+0x92a610], sa_mask[0]=11111111011111111101111111111110, sa_flags=SA_RESTART|SA_SIGINFO
SIGXFSZ: [libjvm.so+0x92a610], sa_mask[0]=11111111011111111101111111111110, sa_flags=SA_RESTART|SA_SIGINFO
SIGILL: [libjvm.so+0x92a610], sa_mask[0]=11111111011111111101111111111110, sa_flags=SA_RESTART|SA_SIGINFO
SIGUSR1: SIG_DFL, sa_mask[0]=00000000000000000000000000000000, sa_flags=none
SIGUSR2: [libjvm.so+0x92be70], sa_mask[0]=00100000000000000000000000000000, sa_flags=SA_RESTART|SA_SIGINFO
SIGHUP: [libjvm.so+0x92d270], sa_mask[0]=11111111011111111101111111111110, sa_flags=SA_RESTART|SA_SIGINFO
SIGINT: [libjvm.so+0x92d270], sa_mask[0]=11111111011111111101111111111110, sa_flags=SA_RESTART|SA_SIGINFO
SIGTERM: [libjvm.so+0x92d270], sa_mask[0]=11111111011111111101111111111110, sa_flags=SA_RESTART|SA_SIGINFO
SIGQUIT: [libjvm.so+0x92d270], sa_mask[0]=11111111011111111101111111111110, sa_flags=SA_RESTART|SA_SIGINFO


---------------  S Y S T E M  ---------------

OS:DISTRIB_ID=Ubuntu
DISTRIB_RELEASE=16.04
DISTRIB_CODENAME=xenial
DISTRIB_DESCRIPTION="Ubuntu 16.04.6 LTS"

uname:Linux 4.15.0-91-generic #92~16.04.1-Ubuntu SMP Fri Feb 28 14:57:22 UTC 2020 x86_64
libc:glibc 2.23 NPTL 2.23 
rlimit: STACK 8192k, CORE 0k, NPROC 31576, NOFILE 1048576, AS infinity
load average:19.05 15.50 15.25

/proc/meminfo:
MemTotal:        8144704 kB
MemFree:         1746388 kB
MemAvailable:    1635488 kB
Buffers:            1160 kB
Cached:            21976 kB
SwapCached:          780 kB
Active:          5270740 kB
Inactive:         706628 kB
Active(anon):    5257976 kB
Inactive(anon):   699136 kB
Active(file):      12764 kB
Inactive(file):     7492 kB
Unevictable:          32 kB
Mlocked:              32 kB
SwapTotal:        998396 kB
SwapFree:           8720 kB
Dirty:               496 kB
Writeback:           284 kB
AnonPages:       5917632 kB
Mapped:            17100 kB
Shmem:              2576 kB
Slab:              88032 kB
SReclaimable:      31592 kB
SUnreclaim:        56440 kB
KernelStack:       14624 kB
PageTables:        46188 kB
NFS_Unstable:          0 kB
Bounce:                0 kB
WritebackTmp:          0 kB
CommitLimit:     5070748 kB
Committed_AS:   13463916 kB
VmallocTotal:   34359738367 kB
VmallocUsed:           0 kB
VmallocChunk:          0 kB
HardwareCorrupted:     0 kB
AnonHugePages:         0 kB
ShmemHugePages:        0 kB
ShmemPmdMapped:        0 kB
CmaTotal:              0 kB
CmaFree:               0 kB
HugePages_Total:       0
HugePages_Free:        0
HugePages_Rsvd:        0
HugePages_Surp:        0
Hugepagesize:       2048 kB
DirectMap4k:      134976 kB
DirectMap2M:     7204864 kB
DirectMap1G:     3145728 kB


CPU:total 2 (initial active 2) (2 cores per cpu, 1 threads per core) family 6 model 158 stepping 10, cmov, cx8, fxsr, mmx, sse, sse2, sse3, ssse3, sse4.1, sse4.2, popcnt, avx, avx2, aes, clmul, erms, 3dnowpref, lzcnt, tsc, tscinvbit, bmi1, bmi2, adx

/proc/cpuinfo:
processor	: 0
vendor_id	: GenuineIntel
cpu family	: 6
model		: 158
model name	: Intel(R) Core(TM) i7-8750H CPU @ 2.20GHz
stepping	: 10
microcode	: 0x96
cpu MHz		: 2207.999
cache size	: 9216 KB
physical id	: 0
siblings	: 2
core id		: 0
cpu cores	: 2
apicid		: 0
initial apicid	: 0
fpu		: yes
fpu_exception	: yes
cpuid level	: 22
wp		: yes
flags		: fpu vme de pse tsc msr pae mce cx8 apic sep mtrr pge mca cmov pat pse36 clflush mmx fxsr sse sse2 ss ht syscall nx pdpe1gb rdtscp lm constant_tsc arch_perfmon nopl xtopology tsc_reliable nonstop_tsc cpuid pni pclmulqdq ssse3 fma cx16 pcid sse4_1 sse4_2 x2apic movbe popcnt tsc_deadline_timer aes xsave avx f16c rdrand hypervisor lahf_lm abm 3dnowprefetch cpuid_fault invpcid_single pti ssbd ibrs ibpb stibp fsgsbase tsc_adjust bmi1 avx2 smep bmi2 invpcid rdseed adx smap xsaveopt arat flush_l1d arch_capabilities
bugs		: cpu_meltdown spectre_v1 spectre_v2 spec_store_bypass l1tf mds swapgs itlb_multihit
bogomips	: 4415.99
clflush size	: 64
cache_alignment	: 64
address sizes	: 42 bits physical, 48 bits virtual
power management:

processor	: 1
vendor_id	: GenuineIntel
cpu family	: 6
model		: 158
model name	: Intel(R) Core(TM) i7-8750H CPU @ 2.20GHz
stepping	: 10
microcode	: 0x96
cpu MHz		: 2207.999
cache size	: 9216 KB
physical id	: 0
siblings	: 2
core id		: 1
cpu cores	: 2
apicid		: 1
initial apicid	: 1
fpu		: yes
fpu_exception	: yes
cpuid level	: 22
wp		: yes
flags		: fpu vme de pse tsc msr pae mce cx8 apic sep mtrr pge mca cmov pat pse36 clflush mmx fxsr sse sse2 ss ht syscall nx pdpe1gb rdtscp lm constant_tsc arch_perfmon nopl xtopology tsc_reliable nonstop_tsc cpuid pni pclmulqdq ssse3 fma cx16 pcid sse4_1 sse4_2 x2apic movbe popcnt tsc_deadline_timer aes xsave avx f16c rdrand hypervisor lahf_lm abm 3dnowprefetch cpuid_fault invpcid_single pti ssbd ibrs ibpb stibp fsgsbase tsc_adjust bmi1 avx2 smep bmi2 invpcid rdseed adx smap xsaveopt arat flush_l1d arch_capabilities
bugs		: cpu_meltdown spectre_v1 spectre_v2 spec_store_bypass l1tf mds swapgs itlb_multihit
bogomips	: 4415.99
clflush size	: 64
cache_alignment	: 64
address sizes	: 42 bits physical, 48 bits virtual
power management:



Memory: 4k page, physical 8144704k(1746388k free), swap 998396k(8724k free)

vm_info: Java HotSpot(TM) 64-Bit Server VM (25.181-b13) for linux-amd64 JRE (1.8.0_181-b13), built on Jul  7 2018 00:56:38 by "java_re" with gcc 4.3.0 20080428 (Red Hat 4.3.0-8)

time: Fri Mar 27 21:45:34 2020
elapsed time: 101 seconds (0d 0h 1m 41s)

