#
# There is insufficient memory for the Java Runtime Environment to continue.
# Native memory allocation (mmap) failed to map 126877696 bytes for committing reserved memory.
# Possible reasons:
#   The system is out of physical RAM or swap space
#   In 32 bit mode, the process size limit was hit
# Possible solutions:
#   Reduce memory load on the system
#   Increase physical memory or swap space
#   Check if swap backing store is full
#   Use 64 bit Java on a 64 bit OS
#   Decrease Java heap size (-Xmx/-Xms)
#   Decrease number of Java threads
#   Decrease Java thread stack sizes (-Xss)
#   Set larger code cache with -XX:ReservedCodeCacheSize=
# This output file may be truncated or incomplete.
#
#  Out of Memory Error (os_linux.cpp:2640), pid=2978, tid=0x00007f6242ecb700
#
# JRE version: Java(TM) SE Runtime Environment (8.0_181-b13) (build 1.8.0_181-b13)
# Java VM: Java HotSpot(TM) 64-Bit Server VM (25.181-b13 mixed mode linux-amd64 compressed oops)
# Failed to write core dump. Core dumps have been disabled. To enable core dumping, try "ulimit -c unlimited" before starting Java again
#

---------------  T H R E A D  ---------------

Current thread (0x00007f62580fb800):  VMThread [stack: 0x00007f6242dcb000,0x00007f6242ecc000] [id=3009]

Stack: [0x00007f6242dcb000,0x00007f6242ecc000],  sp=0x00007f6242eca320,  free space=1020k
Native frames: (J=compiled Java code, j=interpreted, Vv=VM code, C=native code)
V  [libjvm.so+0xad21aa]  VMError::report_and_die()+0x2ba
V  [libjvm.so+0x5022db]  report_vm_out_of_memory(char const*, int, unsigned long, VMErrorType, char const*)+0x8b
V  [libjvm.so+0x92fe33]  os::Linux::commit_memory_impl(char*, unsigned long, bool)+0x123
V  [libjvm.so+0x930059]  os::pd_commit_memory(char*, unsigned long, unsigned long, bool)+0x29
V  [libjvm.so+0x9272ba]  os::commit_memory(char*, unsigned long, unsigned long, bool)+0x2a
V  [libjvm.so+0x99d2e3]  PSVirtualSpace::expand_by(unsigned long)+0x53
V  [libjvm.so+0x99e6e8]  PSYoungGen::resize_generation(unsigned long, unsigned long)+0xf8
V  [libjvm.so+0x99d842]  PSYoungGen::resize(unsigned long, unsigned long)+0x22
V  [libjvm.so+0x99ab1b]  PSScavenge::invoke_no_policy()+0xf3b
V  [libjvm.so+0x99b2a1]  PSScavenge::invoke()+0x41
V  [libjvm.so+0x951d70]  ParallelScavengeHeap::failed_mem_allocate(unsigned long)+0x70
V  [libjvm.so+0xad3c27]  VM_ParallelGCFailedAllocation::doit()+0x97
V  [libjvm.so+0xadb745]  VM_Operation::evaluate()+0x55
V  [libjvm.so+0xad9b0a]  VMThread::evaluate_operation(VM_Operation*)+0xba
V  [libjvm.so+0xad9e8e]  VMThread::loop()+0x1ce
V  [libjvm.so+0xada300]  VMThread::run()+0x70
V  [libjvm.so+0x930198]  java_start(Thread*)+0x108

VM_Operation (0x00007f62405bcf10): ParallelGCFailedAllocation, mode: safepoint, requested by thread 0x000000000214f000


---------------  P R O C E S S  ---------------

Java Threads: ( => current thread )
  0x000000000214f000 JavaThread "RMI TCP Connection(6)-127.0.0.1" daemon [_thread_blocked, id=3429, stack(0x00007f62404c0000,0x00007f62405c1000)]
  0x000000000214d800 JavaThread "RMI TCP Connection(5)-127.0.0.1" daemon [_thread_blocked, id=3389, stack(0x00007f62401a1000,0x00007f62402a2000)]
  0x00007f6230039000 JavaThread "RMI Scheduler(0)" daemon [_thread_blocked, id=3385, stack(0x00007f62402a2000,0x00007f62403a3000)]
  0x00007f6230035800 JavaThread "RMI RenewClean-[127.0.0.1:6830]" daemon [_thread_blocked, id=3367, stack(0x00007f62403a3000,0x00007f62404a4000)]
  0x00007f6208006000 JavaThread "pool-3-thread-3" [_thread_in_native, id=3301, stack(0x00007f62405c1000,0x00007f62406c2000)]
  0x00007f6208004000 JavaThread "pool-3-thread-2" [_thread_in_native, id=3297, stack(0x00007f62406c2000,0x00007f62407c3000)]
  0x00007f6208003000 JavaThread "pool-3-thread-1" [_thread_in_native, id=3292, stack(0x00007f62407c3000,0x00007f62408c4000)]
  0x00007f6258413800 JavaThread "Thread-3" [_thread_in_native, id=3156, stack(0x00007f62408c4000,0x00007f62409c5000)]
  0x00007f6258411800 JavaThread "Thread-2" [_thread_in_native, id=3155, stack(0x00007f62409c5000,0x00007f6240ac6000)]
  0x00007f6258410000 JavaThread "process reaper" daemon [_thread_in_native, id=3153, stack(0x00007f625c007000,0x00007f625c040000)]
  0x00007f625840c800 JavaThread "pool-2-thread-1" [_thread_in_native, id=3115, stack(0x00007f6240ac6000,0x00007f6240bc7000)]
  0x00007f625840a800 JavaThread "GC Daemon" daemon [_thread_blocked, id=3107, stack(0x00007f6240bc7000,0x00007f6240cc8000)]
  0x00007f6258405800 JavaThread "RMI Reaper" [_thread_blocked, id=3102, stack(0x00007f6240cc8000,0x00007f6240dc9000)]
  0x00007f62583fe800 JavaThread "RMI TCP Accept-9635" daemon [_thread_blocked, id=3098, stack(0x00007f6240dc9000,0x00007f6240eca000)]
  0x00007f62583f7800 JavaThread "RMI TCP Accept-10657" daemon [_thread_in_native, id=3094, stack(0x00007f6240eca000,0x00007f6240fcb000)]
  0x00007f625829c000 JavaThread "logback-3" daemon [_thread_blocked, id=3078, stack(0x00007f62415ba000,0x00007f62416bb000)]
  0x00007f625829a800 JavaThread "logback-2" daemon [_thread_blocked, id=3074, stack(0x00007f62416bb000,0x00007f62417bc000)]
  0x00007f6258298800 JavaThread "logback-1" daemon [_thread_blocked, id=3070, stack(0x00007f62417bc000,0x00007f62418bd000)]
  0x00007f625814a000 JavaThread "Service Thread" daemon [_thread_blocked, id=3058, stack(0x00007f6241e06000,0x00007f6241f07000)]
  0x00007f625813f000 JavaThread "C1 CompilerThread1" daemon [_thread_blocked, id=3046, stack(0x00007f6241f07000,0x00007f6242008000)]
  0x00007f625813c000 JavaThread "C2 CompilerThread0" daemon [_thread_in_native, id=3037, stack(0x00007f6242008000,0x00007f6242109000)]
  0x00007f625813a800 JavaThread "Signal Dispatcher" daemon [_thread_blocked, id=3031, stack(0x00007f6242109000,0x00007f624220a000)]
  0x00007f6258107800 JavaThread "Finalizer" daemon [_thread_blocked, id=3026, stack(0x00007f6242bc9000,0x00007f6242cca000)]
  0x00007f6258105000 JavaThread "Reference Handler" daemon [_thread_blocked, id=3014, stack(0x00007f6242cca000,0x00007f6242dcb000)]
  0x00007f625800a800 JavaThread "main" [_thread_in_native, id=2986, stack(0x00007f625ef67000,0x00007f625f068000)]

Other Threads:
=>0x00007f62580fb800 VMThread [stack: 0x00007f6242dcb000,0x00007f6242ecc000] [id=3009]
  0x00007f625814e800 WatcherThread [stack: 0x00007f6241d05000,0x00007f6241e06000] [id=3064]

VM state:at safepoint (normal execution)

VM Mutex/Monitor currently owned by a thread:  ([mutex/lock_event])
[0x00007f6258006ca0] Threads_lock - owner thread: 0x00007f62580fb800
[0x00007f62580071a0] Heap_lock - owner thread: 0x000000000214f000

Heap:
 PSYoungGen      total 128512K, used 11772K [0x00000000d6900000, 0x00000000df200000, 0x0000000100000000)
  eden space 116736K, 0% used [0x00000000d6900000,0x00000000d6900000,0x00000000ddb00000)
  from space 11776K, 99% used [0x00000000ddb00000,0x00000000de67f020,0x00000000de680000)
  to   space 11776K, 0% used [0x00000000de680000,0x00000000de680000,0x00000000df200000)
 ParOldGen       total 86016K, used 29252K [0x0000000083a00000, 0x0000000088e00000, 0x00000000d6900000)
  object space 86016K, 34% used [0x0000000083a00000,0x00000000856910d0,0x0000000088e00000)
 Metaspace       used 16161K, capacity 16710K, committed 16896K, reserved 1064960K
  class space    used 1759K, capacity 1931K, committed 2048K, reserved 1048576K

Card table byte_map: [0x00007f624885c000,0x00007f6248c40000] byte_map_base: 0x00007f624843f000

Marking Bits: (ParMarkBitMap*) 0x00007f625e4320a0
 Begin Bits: [0x00007f6244592000, 0x00007f62464aa000)
 End Bits:   [0x00007f62464aa000, 0x00007f62483c2000)

Polling page: 0x00007f625f084000

CodeCache: size=245760Kb used=7328Kb max_used=7328Kb free=238431Kb
 bounds [0x00007f6249000000, 0x00007f6249730000, 0x00007f6258000000]
 total_blobs=2593 nmethods=2238 adapters=267
 compilation: enabled

Compilation events (10 events):
Event: 129.887 Thread 0x00007f625813f000 2326       3       java.util.HashSet::readObject (226 bytes)
Event: 129.888 Thread 0x00007f625813f000 nmethod 2326 0x00007f6249722910 code [0x00007f6249722dc0, 0x00007f6249725668]
Event: 130.102 Thread 0x00007f625813f000 2327       2       java.io.BufferedOutputStream::flushBuffer (29 bytes)
Event: 130.102 Thread 0x00007f625813f000 nmethod 2327 0x00007f6249726c50 code [0x00007f6249726dc0, 0x00007f6249726f68]
Event: 130.162 Thread 0x00007f625813f000 2328 %     3       java.io.ObjectInputStream::readArray @ 400 (453 bytes)
Event: 130.163 Thread 0x00007f625813f000 nmethod 2328% 0x00007f6249727010 code [0x00007f6249727420, 0x00007f6249729278]
Event: 130.196 Thread 0x00007f625813f000 2330       2       java.lang.ThreadLocal$ThreadLocalMap::access$100 (7 bytes)
Event: 130.196 Thread 0x00007f625813f000 nmethod 2330 0x00007f624972a210 code [0x00007f624972a380, 0x00007f624972a4c8]
Event: 130.196 Thread 0x00007f625813f000 2329  s    2       java.io.BufferedOutputStream::flush (12 bytes)
Event: 130.196 Thread 0x00007f625813f000 nmethod 2329 0x00007f624972a590 code [0x00007f624972a700, 0x00007f624972aa38]

GC Heap History (10 events):
Event: 123.595 GC heap after
Heap after GC invocations=5 (full 1):
 PSYoungGen      total 70656K, used 5104K [0x00000000d6900000, 0x00000000db300000, 0x0000000100000000)
  eden space 65536K, 0% used [0x00000000d6900000,0x00000000d6900000,0x00000000da900000)
  from space 5120K, 99% used [0x00000000dae00000,0x00000000db2fc010,0x00000000db300000)
  to   space 5120K, 0% used [0x00000000da900000,0x00000000da900000,0x00000000dae00000)
 ParOldGen       total 86016K, used 17467K [0x0000000083a00000, 0x0000000088e00000, 0x00000000d6900000)
  object space 86016K, 20% used [0x0000000083a00000,0x0000000084b0efd0,0x0000000088e00000)
 Metaspace       used 15266K, capacity 15740K, committed 16000K, reserved 1062912K
  class space    used 1717K, capacity 1854K, committed 1920K, reserved 1048576K
}
Event: 124.201 GC heap before
{Heap before GC invocations=6 (full 1):
 PSYoungGen      total 70656K, used 70640K [0x00000000d6900000, 0x00000000db300000, 0x0000000100000000)
  eden space 65536K, 100% used [0x00000000d6900000,0x00000000da900000,0x00000000da900000)
  from space 5120K, 99% used [0x00000000dae00000,0x00000000db2fc010,0x00000000db300000)
  to   space 5120K, 0% used [0x00000000da900000,0x00000000da900000,0x00000000dae00000)
 ParOldGen       total 86016K, used 17467K [0x0000000083a00000, 0x0000000088e00000, 0x00000000d6900000)
  object space 86016K, 20% used [0x0000000083a00000,0x0000000084b0efd0,0x0000000088e00000)
 Metaspace       used 15304K, capacity 15804K, committed 16000K, reserved 1062912K
  class space    used 1717K, capacity 1854K, committed 1920K, reserved 1048576K
Event: 124.208 GC heap after
Heap after GC invocations=6 (full 1):
 PSYoungGen      total 70656K, used 5120K [0x00000000d6900000, 0x00000000db300000, 0x0000000100000000)
  eden space 65536K, 0% used [0x00000000d6900000,0x00000000d6900000,0x00000000da900000)
  from space 5120K, 100% used [0x00000000da900000,0x00000000dae00000,0x00000000dae00000)
  to   space 5120K, 0% used [0x00000000dae00000,0x00000000dae00000,0x00000000db300000)
 ParOldGen       total 86016K, used 18044K [0x0000000083a00000, 0x0000000088e00000, 0x00000000d6900000)
  object space 86016K, 20% used [0x0000000083a00000,0x0000000084b9f000,0x0000000088e00000)
 Metaspace       used 15304K, capacity 15804K, committed 16000K, reserved 1062912K
  class space    used 1717K, capacity 1854K, committed 1920K, reserved 1048576K
}
Event: 125.165 GC heap before
{Heap before GC invocations=7 (full 1):
 PSYoungGen      total 70656K, used 70656K [0x00000000d6900000, 0x00000000db300000, 0x0000000100000000)
  eden space 65536K, 100% used [0x00000000d6900000,0x00000000da900000,0x00000000da900000)
  from space 5120K, 100% used [0x00000000da900000,0x00000000dae00000,0x00000000dae00000)
  to   space 5120K, 0% used [0x00000000dae00000,0x00000000dae00000,0x00000000db300000)
 ParOldGen       total 86016K, used 18044K [0x0000000083a00000, 0x0000000088e00000, 0x00000000d6900000)
  object space 86016K, 20% used [0x0000000083a00000,0x0000000084b9f000,0x0000000088e00000)
 Metaspace       used 15334K, capacity 15804K, committed 16000K, reserved 1062912K
  class space    used 1717K, capacity 1854K, committed 1920K, reserved 1048576K
Event: 125.172 GC heap after
Heap after GC invocations=7 (full 1):
 PSYoungGen      total 63488K, used 5120K [0x00000000d6900000, 0x00000000dbf00000, 0x0000000100000000)
  eden space 58368K, 0% used [0x00000000d6900000,0x00000000d6900000,0x00000000da200000)
  from space 5120K, 100% used [0x00000000dae00000,0x00000000db300000,0x00000000db300000)
  to   space 12288K, 0% used [0x00000000da200000,0x00000000da200000,0x00000000dae00000)
 ParOldGen       total 86016K, used 19682K [0x0000000083a00000, 0x0000000088e00000, 0x00000000d6900000)
  object space 86016K, 22% used [0x0000000083a00000,0x0000000084d388c8,0x0000000088e00000)
 Metaspace       used 15334K, capacity 15804K, committed 16000K, reserved 1062912K
  class space    used 1717K, capacity 1854K, committed 1920K, reserved 1048576K
}
Event: 125.789 GC heap before
{Heap before GC invocations=8 (full 1):
 PSYoungGen      total 63488K, used 63488K [0x00000000d6900000, 0x00000000dbf00000, 0x0000000100000000)
  eden space 58368K, 100% used [0x00000000d6900000,0x00000000da200000,0x00000000da200000)
  from space 5120K, 100% used [0x00000000dae00000,0x00000000db300000,0x00000000db300000)
  to   space 12288K, 0% used [0x00000000da200000,0x00000000da200000,0x00000000dae00000)
 ParOldGen       total 86016K, used 19682K [0x0000000083a00000, 0x0000000088e00000, 0x00000000d6900000)
  object space 86016K, 22% used [0x0000000083a00000,0x0000000084d388c8,0x0000000088e00000)
 Metaspace       used 15391K, capacity 15868K, committed 16000K, reserved 1062912K
  class space    used 1717K, capacity 1854K, committed 1920K, reserved 1048576K
Event: 125.809 GC heap after
Heap after GC invocations=8 (full 1):
 PSYoungGen      total 70656K, used 8472K [0x00000000d6900000, 0x00000000df200000, 0x0000000100000000)
  eden space 58368K, 0% used [0x00000000d6900000,0x00000000d6900000,0x00000000da200000)
  from space 12288K, 68% used [0x00000000da200000,0x00000000daa46258,0x00000000dae00000)
  to   space 11776K, 0% used [0x00000000de680000,0x00000000de680000,0x00000000df200000)
 ParOldGen       total 86016K, used 19682K [0x0000000083a00000, 0x0000000088e00000, 0x00000000d6900000)
  object space 86016K, 22% used [0x0000000083a00000,0x0000000084d388c8,0x0000000088e00000)
 Metaspace       used 15391K, capacity 15868K, committed 16000K, reserved 1062912K
  class space    used 1717K, capacity 1854K, committed 1920K, reserved 1048576K
}
Event: 126.285 GC heap before
{Heap before GC invocations=9 (full 1):
 PSYoungGen      total 70656K, used 66840K [0x00000000d6900000, 0x00000000df200000, 0x0000000100000000)
  eden space 58368K, 100% used [0x00000000d6900000,0x00000000da200000,0x00000000da200000)
  from space 12288K, 68% used [0x00000000da200000,0x00000000daa46258,0x00000000dae00000)
  to   space 11776K, 0% used [0x00000000de680000,0x00000000de680000,0x00000000df200000)
 ParOldGen       total 86016K, used 19682K [0x0000000083a00000, 0x0000000088e00000, 0x00000000d6900000)
  object space 86016K, 22% used [0x0000000083a00000,0x0000000084d388c8,0x0000000088e00000)
 Metaspace       used 15406K, capacity 15874K, committed 16000K, reserved 1062912K
  class space    used 1718K, capacity 1855K, committed 1920K, reserved 1048576K
Event: 126.324 GC heap after
Heap after GC invocations=9 (full 1):
 PSYoungGen      total 128512K, used 5592K [0x00000000d6900000, 0x00000000df200000, 0x0000000100000000)
  eden space 116736K, 0% used [0x00000000d6900000,0x00000000d6900000,0x00000000ddb00000)
  from space 11776K, 47% used [0x00000000de680000,0x00000000debf6248,0x00000000df200000)
  to   space 11776K, 0% used [0x00000000ddb00000,0x00000000ddb00000,0x00000000de680000)
 ParOldGen       total 86016K, used 24074K [0x0000000083a00000, 0x0000000088e00000, 0x00000000d6900000)
  object space 86016K, 27% used [0x0000000083a00000,0x00000000851829d8,0x0000000088e00000)
 Metaspace       used 15406K, capacity 15874K, committed 16000K, reserved 1062912K
  class space    used 1718K, capacity 1855K, committed 1920K, reserved 1048576K
}
Event: 130.198 GC heap before
{Heap before GC invocations=10 (full 1):
 PSYoungGen      total 128512K, used 122328K [0x00000000d6900000, 0x00000000df200000, 0x0000000100000000)
  eden space 116736K, 100% used [0x00000000d6900000,0x00000000ddb00000,0x00000000ddb00000)
  from space 11776K, 47% used [0x00000000de680000,0x00000000debf6248,0x00000000df200000)
  to   space 11776K, 0% used [0x00000000ddb00000,0x00000000ddb00000,0x00000000de680000)
 ParOldGen       total 86016K, used 24074K [0x0000000083a00000, 0x0000000088e00000, 0x00000000d6900000)
  object space 86016K, 27% used [0x0000000083a00000,0x00000000851829d8,0x0000000088e00000)
 Metaspace       used 16161K, capacity 16710K, committed 16896K, reserved 1064960K
  class space    used 1759K, capacity 1931K, committed 2048K, reserved 1048576K

Deoptimization events (10 events):
Event: 121.740 Thread 0x000000000214d800 Uncommon trap: reason=bimorphic action=maybe_recompile pc=0x00007f6249544b30 method=org.evosuite.shaded.org.objectweb.asm.MethodVisitor.visitInsn(I)V @ 12
Event: 121.740 Thread 0x000000000214d800 Uncommon trap: reason=bimorphic action=maybe_recompile pc=0x00007f6249544b30 method=org.evosuite.shaded.org.objectweb.asm.MethodVisitor.visitInsn(I)V @ 12
Event: 121.740 Thread 0x000000000214d800 Uncommon trap: reason=bimorphic action=maybe_recompile pc=0x00007f6249544b30 method=org.evosuite.shaded.org.objectweb.asm.MethodVisitor.visitInsn(I)V @ 12
Event: 122.355 Thread 0x000000000214d800 Uncommon trap: reason=range_check action=make_not_entrant pc=0x00007f6249503ed0 method=org.evosuite.shaded.org.objectweb.asm.Type.getType([CI)Lorg/evosuite/shaded/org/objectweb/asm/Type; @ 162
Event: 123.371 Thread 0x000000000214d800 Uncommon trap: reason=unstable_if action=reinterpret pc=0x00007f62491f18a8 method=java.lang.AbstractStringBuilder.append(Ljava/lang/String;)Ljava/lang/AbstractStringBuilder; @ 1
Event: 127.171 Thread 0x000000000214d800 Uncommon trap: reason=bimorphic action=maybe_recompile pc=0x00007f62496cf198 method=org.evosuite.shaded.org.objectweb.asm.MethodVisitor.visitFieldInsn(ILjava/lang/String;Ljava/lang/String;Ljava/lang/String;)V @ 16
Event: 127.171 Thread 0x000000000214d800 Uncommon trap: reason=bimorphic action=maybe_recompile pc=0x00007f62496cf198 method=org.evosuite.shaded.org.objectweb.asm.MethodVisitor.visitFieldInsn(ILjava/lang/String;Ljava/lang/String;Ljava/lang/String;)V @ 16
Event: 127.171 Thread 0x000000000214d800 Uncommon trap: reason=bimorphic action=maybe_recompile pc=0x00007f62496cf198 method=org.evosuite.shaded.org.objectweb.asm.MethodVisitor.visitFieldInsn(ILjava/lang/String;Ljava/lang/String;Ljava/lang/String;)V @ 16
Event: 127.171 Thread 0x000000000214d800 Uncommon trap: reason=bimorphic action=maybe_recompile pc=0x00007f62496cf198 method=org.evosuite.shaded.org.objectweb.asm.MethodVisitor.visitFieldInsn(ILjava/lang/String;Ljava/lang/String;Ljava/lang/String;)V @ 16
Event: 129.586 Thread 0x000000000214d800 Uncommon trap: reason=range_check action=make_not_entrant pc=0x00007f6249558fcc method=org.evosuite.shaded.org.objectweb.asm.Type.getType([CI)Lorg/evosuite/shaded/org/objectweb/asm/Type; @ 162

Classes redefined (0 events):
No events

Internal exceptions (10 events):
Event: 101.554 Thread 0x00007f625829a800 Exception <a 'java/net/ConnectException'> (0x00000000d6fcde70) thrown at [/HUDSON/workspace/8-2-build-linux-amd64/jdk8u181/11358/hotspot/src/share/vm/prims/jni.cpp, line 709]
Event: 111.506 Thread 0x00007f6258298800 Exception <a 'java/net/ConnectException'> (0x00000000d6e86e60) thrown at [/HUDSON/workspace/8-2-build-linux-amd64/jdk8u181/11358/hotspot/src/share/vm/prims/jni.cpp, line 709]
Event: 111.543 Thread 0x00007f625829c000 Exception <a 'java/net/ConnectException'> (0x00000000d6f2ab60) thrown at [/HUDSON/workspace/8-2-build-linux-amd64/jdk8u181/11358/hotspot/src/share/vm/prims/jni.cpp, line 709]
Event: 111.554 Thread 0x00007f625829a800 Exception <a 'java/net/ConnectException'> (0x00000000d6fce998) thrown at [/HUDSON/workspace/8-2-build-linux-amd64/jdk8u181/11358/hotspot/src/share/vm/prims/jni.cpp, line 709]
Event: 118.902 Thread 0x000000000214d800 Implicit null exception at 0x00007f62493b6731 to 0x00007f62493b7609
Event: 119.171 Thread 0x000000000214d800 Exception <a 'java/lang/NoSuchMethodError': <clinit>> (0x00000000d7b88278) thrown at [/HUDSON/workspace/8-2-build-linux-amd64/jdk8u181/11358/hotspot/src/share/vm/prims/jni.cpp, line 1613]
Event: 121.507 Thread 0x00007f6258298800 Exception <a 'java/net/ConnectException'> (0x00000000d6e87988) thrown at [/HUDSON/workspace/8-2-build-linux-amd64/jdk8u181/11358/hotspot/src/share/vm/prims/jni.cpp, line 709]
Event: 121.555 Thread 0x00007f625829a800 Exception <a 'java/net/ConnectException'> (0x00000000d6fcf4c0) thrown at [/HUDSON/workspace/8-2-build-linux-amd64/jdk8u181/11358/hotspot/src/share/vm/prims/jni.cpp, line 709]
Event: 121.581 Thread 0x00007f625829c000 Exception <a 'java/net/ConnectException'> (0x00000000d6f2b688) thrown at [/HUDSON/workspace/8-2-build-linux-amd64/jdk8u181/11358/hotspot/src/share/vm/prims/jni.cpp, line 709]
Event: 123.371 Thread 0x000000000214d800 Implicit null exception at 0x00007f62491f14b6 to 0x00007f62491f1891

Events (10 events):
Event: 127.985 loading class org/evosuite/testcase/variable/NullReference
Event: 127.985 loading class org/evosuite/testcase/variable/NullReference done
Event: 129.550 loading class org/evosuite/testcase/statements/FieldStatement$1
Event: 129.550 loading class org/evosuite/testcase/statements/FieldStatement$1 done
Event: 129.586 Thread 0x000000000214d800 Uncommon trap: trap_request=0xffffffe4 fr.pc=0x00007f6249558fcc
Event: 129.586 Thread 0x000000000214d800 DEOPT PACKING pc=0x00007f6249558fcc sp=0x00007f624029a300
Event: 129.586 Thread 0x000000000214d800 DEOPT UNPACKING pc=0x00007f624904573a sp=0x00007f624029a248 mode 2
Event: 129.888 Thread 0x000000000214d800 DEOPT PACKING pc=0x00007f62493abd88 sp=0x00007f624029d230
Event: 129.888 Thread 0x000000000214d800 DEOPT UNPACKING pc=0x00007f6249047784 sp=0x00007f624029d048 mode 0
Event: 130.198 Executing VM operation: ParallelGCFailedAllocation


Dynamic libraries:
00400000-00401000 r-xp 00000000 08:01 1448396                            /usr/lib/jvm/jdk1.8.0_181/bin/java
00600000-00601000 rw-p 00000000 08:01 1448396                            /usr/lib/jvm/jdk1.8.0_181/bin/java
0214b000-0216c000 rw-p 00000000 00:00 0                                  [heap]
83a00000-88e00000 rw-p 00000000 00:00 0 
88e00000-d6900000 ---p 00000000 00:00 0 
d6900000-df200000 rw-p 00000000 00:00 0 
e6b00000-100000000 ---p 00000000 00:00 0 
100000000-100200000 rw-p 00000000 00:00 0 
100200000-140000000 ---p 00000000 00:00 0 
7f6200000000-7f6200021000 rw-p 00000000 00:00 0 
7f6200021000-7f6204000000 ---p 00000000 00:00 0 
7f6208000000-7f6208021000 rw-p 00000000 00:00 0 
7f6208021000-7f620c000000 ---p 00000000 00:00 0 
7f620c000000-7f620c021000 rw-p 00000000 00:00 0 
7f620c021000-7f6210000000 ---p 00000000 00:00 0 
7f6210000000-7f6210021000 rw-p 00000000 00:00 0 
7f6210021000-7f6214000000 ---p 00000000 00:00 0 
7f6214000000-7f6214021000 rw-p 00000000 00:00 0 
7f6214021000-7f6218000000 ---p 00000000 00:00 0 
7f62189ff000-7f6218a7f000 rw-p 00000000 00:00 0 
7f6218a7f000-7f6218bff000 ---p 00000000 00:00 0 
7f6218bff000-7f6218dff000 rw-p 00000000 00:00 0 
7f6218dff000-7f6218fff000 rw-p 00000000 00:00 0 
7f6218fff000-7f621c000000 rw-p 00000000 00:00 0 
7f621c000000-7f621ccb0000 rw-p 00000000 00:00 0 
7f621ccb0000-7f6220000000 ---p 00000000 00:00 0 
7f6220000000-7f6220021000 rw-p 00000000 00:00 0 
7f6220021000-7f6224000000 ---p 00000000 00:00 0 
7f6224000000-7f6224021000 rw-p 00000000 00:00 0 
7f6224021000-7f6228000000 ---p 00000000 00:00 0 
7f6228000000-7f6229165000 rw-p 00000000 00:00 0 
7f6229165000-7f622c000000 ---p 00000000 00:00 0 
7f622c000000-7f622c021000 rw-p 00000000 00:00 0 
7f622c021000-7f6230000000 ---p 00000000 00:00 0 
7f6230000000-7f623003b000 rw-p 00000000 00:00 0 
7f623003b000-7f6234000000 ---p 00000000 00:00 0 
7f6234000000-7f6234484000 rw-p 00000000 00:00 0 
7f6234484000-7f6238000000 ---p 00000000 00:00 0 
7f6238000000-7f6238324000 rw-p 00000000 00:00 0 
7f6238324000-7f623c000000 ---p 00000000 00:00 0 
7f623c000000-7f623c025000 rw-p 00000000 00:00 0 
7f623c025000-7f6240000000 ---p 00000000 00:00 0 
7f624018e000-7f62401a1000 r--s 00345000 08:01 2756119                    /usr/lib/jvm/jdk1.8.0_181/jre/lib/resources.jar
7f62401a1000-7f62401a4000 ---p 00000000 00:00 0 
7f62401a4000-7f62402a2000 rw-p 00000000 00:00 0 
7f62402a2000-7f62402a5000 ---p 00000000 00:00 0 
7f62402a5000-7f62403a3000 rw-p 00000000 00:00 0 
7f62403a3000-7f62403a6000 ---p 00000000 00:00 0 
7f62403a6000-7f62404a4000 rw-p 00000000 00:00 0 
7f62404a4000-7f62404c0000 r--s 00393000 08:01 2756136                    /usr/lib/jvm/jdk1.8.0_181/jre/lib/ext/cldrdata.jar
7f62404c0000-7f62404c3000 ---p 00000000 00:00 0 
7f62404c3000-7f62405c1000 rw-p 00000000 00:00 0 
7f62405c1000-7f62405c4000 ---p 00000000 00:00 0 
7f62405c4000-7f62406c2000 rw-p 00000000 00:00 0 
7f62406c2000-7f62406c5000 ---p 00000000 00:00 0 
7f62406c5000-7f62407c3000 rw-p 00000000 00:00 0 
7f62407c3000-7f62407c6000 ---p 00000000 00:00 0 
7f62407c6000-7f62408c4000 rw-p 00000000 00:00 0 
7f62408c4000-7f62408c7000 ---p 00000000 00:00 0 
7f62408c7000-7f62409c5000 rw-p 00000000 00:00 0 
7f62409c5000-7f62409c8000 ---p 00000000 00:00 0 
7f62409c8000-7f6240ac6000 rw-p 00000000 00:00 0 
7f6240ac6000-7f6240ac9000 ---p 00000000 00:00 0 
7f6240ac9000-7f6240bc7000 rw-p 00000000 00:00 0 
7f6240bc7000-7f6240bca000 ---p 00000000 00:00 0 
7f6240bca000-7f6240cc8000 rw-p 00000000 00:00 0 
7f6240cc8000-7f6240ccb000 ---p 00000000 00:00 0 
7f6240ccb000-7f6240dc9000 rw-p 00000000 00:00 0 
7f6240dc9000-7f6240dcc000 ---p 00000000 00:00 0 
7f6240dcc000-7f6240eca000 rw-p 00000000 00:00 0 
7f6240eca000-7f6240ecd000 ---p 00000000 00:00 0 
7f6240ecd000-7f62411cb000 rw-p 00000000 00:00 0 
7f62411cb000-7f6241541000 r--s 0331d000 08:01 1473458                    /home/whj/dowork/DiffTGen/extra_output/Closure_86_2_sequencer/target/build/classes/all0.jar
7f6241541000-7f62415ba000 r--s 010f9000 08:01 1448503                    /usr/lib/jvm/jdk1.8.0_181/lib/tools.jar
7f62415ba000-7f62415bd000 ---p 00000000 00:00 0 
7f62415bd000-7f62416bb000 rw-p 00000000 00:00 0 
7f62416bb000-7f62416be000 ---p 00000000 00:00 0 
7f62416be000-7f62417bc000 rw-p 00000000 00:00 0 
7f62417bc000-7f62417bf000 ---p 00000000 00:00 0 
7f62417bf000-7f62418bd000 rw-p 00000000 00:00 0 
7f62418bd000-7f62418d3000 r-xp 00000000 08:01 2756237                    /usr/lib/jvm/jdk1.8.0_181/jre/lib/amd64/libnet.so
7f62418d3000-7f6241ad3000 ---p 00016000 08:01 2756237                    /usr/lib/jvm/jdk1.8.0_181/jre/lib/amd64/libnet.so
7f6241ad3000-7f6241ad4000 rw-p 00016000 08:01 2756237                    /usr/lib/jvm/jdk1.8.0_181/jre/lib/amd64/libnet.so
7f6241ad4000-7f6241d05000 r--s 01bb1000 08:01 1706762                    /home/whj/dowork/DiffTGen/lib/evosuite-1.0.6.jar
7f6241d05000-7f6241d06000 ---p 00000000 00:00 0 
7f6241d06000-7f6241e06000 rw-p 00000000 00:00 0 
7f6241e06000-7f6241e09000 ---p 00000000 00:00 0 
7f6241e09000-7f6241f07000 rw-p 00000000 00:00 0 
7f6241f07000-7f6241f0a000 ---p 00000000 00:00 0 
7f6241f0a000-7f6242008000 rw-p 00000000 00:00 0 
7f6242008000-7f624200b000 ---p 00000000 00:00 0 
7f624200b000-7f6242109000 rw-p 00000000 00:00 0 
7f6242109000-7f624210c000 ---p 00000000 00:00 0 
7f624210c000-7f624220a000 rw-p 00000000 00:00 0 
7f624220a000-7f6242bc9000 r--p 00000000 08:01 1316108                    /usr/lib/locale/locale-archive
7f6242bc9000-7f6242bcc000 ---p 00000000 00:00 0 
7f6242bcc000-7f6242cca000 rw-p 00000000 00:00 0 
7f6242cca000-7f6242ccd000 ---p 00000000 00:00 0 
7f6242ccd000-7f6242dcb000 rw-p 00000000 00:00 0 
7f6242dcb000-7f6242dcc000 ---p 00000000 00:00 0 
7f6242dcc000-7f62437d5000 rw-p 00000000 00:00 0 
7f62437d5000-7f62439af000 r--s 03d6b000 08:01 2756084                    /usr/lib/jvm/jdk1.8.0_181/jre/lib/rt.jar
7f62439af000-7f62483c2000 rw-p 00000000 00:00 0 
7f62483c2000-7f62483c3000 ---p 00000000 00:00 0 
7f62483c3000-7f62484c3000 rw-p 00000000 00:00 0 
7f62484c3000-7f62484c4000 ---p 00000000 00:00 0 
7f62484c4000-7f62485ee000 rw-p 00000000 00:00 0 
7f62485ee000-7f624885c000 ---p 00000000 00:00 0 
7f624885c000-7f6248886000 rw-p 00000000 00:00 0 
7f6248886000-7f6248af3000 ---p 00000000 00:00 0 
7f6248af3000-7f6248b38000 rw-p 00000000 00:00 0 
7f6248b38000-7f6248c3f000 ---p 00000000 00:00 0 
7f6248c3f000-7f6248c5d000 rw-p 00000000 00:00 0 
7f6248c5d000-7f6249000000 ---p 00000000 00:00 0 
7f6249000000-7f6249730000 rwxp 00000000 00:00 0 
7f6249730000-7f6258000000 ---p 00000000 00:00 0 
7f6258000000-7f6258474000 rw-p 00000000 00:00 0 
7f6258474000-7f625c000000 ---p 00000000 00:00 0 
7f625c007000-7f625c00a000 ---p 00000000 00:00 0 
7f625c00a000-7f625c0b6000 rw-p 00000000 00:00 0 
7f625c0b6000-7f625c0d1000 r-xp 00000000 08:01 2756233                    /usr/lib/jvm/jdk1.8.0_181/jre/lib/amd64/libzip.so
7f625c0d1000-7f625c2d1000 ---p 0001b000 08:01 2756233                    /usr/lib/jvm/jdk1.8.0_181/jre/lib/amd64/libzip.so
7f625c2d1000-7f625c2d2000 rw-p 0001b000 08:01 2756233                    /usr/lib/jvm/jdk1.8.0_181/jre/lib/amd64/libzip.so
7f625c2d2000-7f625c2dd000 r-xp 00000000 08:01 1054188                    /lib/x86_64-linux-gnu/libnss_files-2.23.so
7f625c2dd000-7f625c4dc000 ---p 0000b000 08:01 1054188                    /lib/x86_64-linux-gnu/libnss_files-2.23.so
7f625c4dc000-7f625c4dd000 r--p 0000a000 08:01 1054188                    /lib/x86_64-linux-gnu/libnss_files-2.23.so
7f625c4dd000-7f625c4de000 rw-p 0000b000 08:01 1054188                    /lib/x86_64-linux-gnu/libnss_files-2.23.so
7f625c4de000-7f625c4e4000 rw-p 00000000 00:00 0 
7f625c4e4000-7f625c4ef000 r-xp 00000000 08:01 1054198                    /lib/x86_64-linux-gnu/libnss_nis-2.23.so
7f625c4ef000-7f625c6ee000 ---p 0000b000 08:01 1054198                    /lib/x86_64-linux-gnu/libnss_nis-2.23.so
7f625c6ee000-7f625c6ef000 r--p 0000a000 08:01 1054198                    /lib/x86_64-linux-gnu/libnss_nis-2.23.so
7f625c6ef000-7f625c6f0000 rw-p 0000b000 08:01 1054198                    /lib/x86_64-linux-gnu/libnss_nis-2.23.so
7f625c6f0000-7f625c706000 r-xp 00000000 08:01 1054182                    /lib/x86_64-linux-gnu/libnsl-2.23.so
7f625c706000-7f625c905000 ---p 00016000 08:01 1054182                    /lib/x86_64-linux-gnu/libnsl-2.23.so
7f625c905000-7f625c906000 r--p 00015000 08:01 1054182                    /lib/x86_64-linux-gnu/libnsl-2.23.so
7f625c906000-7f625c907000 rw-p 00016000 08:01 1054182                    /lib/x86_64-linux-gnu/libnsl-2.23.so
7f625c907000-7f625c909000 rw-p 00000000 00:00 0 
7f625c909000-7f625c911000 r-xp 00000000 08:01 1054184                    /lib/x86_64-linux-gnu/libnss_compat-2.23.so
7f625c911000-7f625cb10000 ---p 00008000 08:01 1054184                    /lib/x86_64-linux-gnu/libnss_compat-2.23.so
7f625cb10000-7f625cb11000 r--p 00007000 08:01 1054184                    /lib/x86_64-linux-gnu/libnss_compat-2.23.so
7f625cb11000-7f625cb12000 rw-p 00008000 08:01 1054184                    /lib/x86_64-linux-gnu/libnss_compat-2.23.so
7f625cb12000-7f625cb3d000 r-xp 00000000 08:01 2756227                    /usr/lib/jvm/jdk1.8.0_181/jre/lib/amd64/libjava.so
7f625cb3d000-7f625cd3c000 ---p 0002b000 08:01 2756227                    /usr/lib/jvm/jdk1.8.0_181/jre/lib/amd64/libjava.so
7f625cd3c000-7f625cd3e000 rw-p 0002a000 08:01 2756227                    /usr/lib/jvm/jdk1.8.0_181/jre/lib/amd64/libjava.so
7f625cd3e000-7f625cd4b000 r-xp 00000000 08:01 2756232                    /usr/lib/jvm/jdk1.8.0_181/jre/lib/amd64/libverify.so
7f625cd4b000-7f625cf4b000 ---p 0000d000 08:01 2756232                    /usr/lib/jvm/jdk1.8.0_181/jre/lib/amd64/libverify.so
7f625cf4b000-7f625cf4d000 rw-p 0000d000 08:01 2756232                    /usr/lib/jvm/jdk1.8.0_181/jre/lib/amd64/libverify.so
7f625cf4d000-7f625cf54000 r-xp 00000000 08:01 1054243                    /lib/x86_64-linux-gnu/librt-2.23.so
7f625cf54000-7f625d153000 ---p 00007000 08:01 1054243                    /lib/x86_64-linux-gnu/librt-2.23.so
7f625d153000-7f625d154000 r--p 00006000 08:01 1054243                    /lib/x86_64-linux-gnu/librt-2.23.so
7f625d154000-7f625d155000 rw-p 00007000 08:01 1054243                    /lib/x86_64-linux-gnu/librt-2.23.so
7f625d155000-7f625d25d000 r-xp 00000000 08:01 1054159                    /lib/x86_64-linux-gnu/libm-2.23.so
7f625d25d000-7f625d45c000 ---p 00108000 08:01 1054159                    /lib/x86_64-linux-gnu/libm-2.23.so
7f625d45c000-7f625d45d000 r--p 00107000 08:01 1054159                    /lib/x86_64-linux-gnu/libm-2.23.so
7f625d45d000-7f625d45e000 rw-p 00108000 08:01 1054159                    /lib/x86_64-linux-gnu/libm-2.23.so
7f625d45e000-7f625e13a000 r-xp 00000000 08:01 2756209                    /usr/lib/jvm/jdk1.8.0_181/jre/lib/amd64/server/libjvm.so
7f625e13a000-7f625e33a000 ---p 00cdc000 08:01 2756209                    /usr/lib/jvm/jdk1.8.0_181/jre/lib/amd64/server/libjvm.so
7f625e33a000-7f625e414000 rw-p 00cdc000 08:01 2756209                    /usr/lib/jvm/jdk1.8.0_181/jre/lib/amd64/server/libjvm.so
7f625e414000-7f625e45f000 rw-p 00000000 00:00 0 
7f625e45f000-7f625e61f000 r-xp 00000000 08:01 1054089                    /lib/x86_64-linux-gnu/libc-2.23.so
7f625e61f000-7f625e81f000 ---p 001c0000 08:01 1054089                    /lib/x86_64-linux-gnu/libc-2.23.so
7f625e81f000-7f625e823000 r--p 001c0000 08:01 1054089                    /lib/x86_64-linux-gnu/libc-2.23.so
7f625e823000-7f625e825000 rw-p 001c4000 08:01 1054089                    /lib/x86_64-linux-gnu/libc-2.23.so
7f625e825000-7f625e829000 rw-p 00000000 00:00 0 
7f625e829000-7f625e82c000 r-xp 00000000 08:01 1054113                    /lib/x86_64-linux-gnu/libdl-2.23.so
7f625e82c000-7f625ea2b000 ---p 00003000 08:01 1054113                    /lib/x86_64-linux-gnu/libdl-2.23.so
7f625ea2b000-7f625ea2c000 r--p 00002000 08:01 1054113                    /lib/x86_64-linux-gnu/libdl-2.23.so
7f625ea2c000-7f625ea2d000 rw-p 00003000 08:01 1054113                    /lib/x86_64-linux-gnu/libdl-2.23.so
7f625ea2d000-7f625ea43000 r-xp 00000000 08:01 1449032                    /usr/lib/jvm/jdk1.8.0_181/lib/amd64/jli/libjli.so
7f625ea43000-7f625ec42000 ---p 00016000 08:01 1449032                    /usr/lib/jvm/jdk1.8.0_181/lib/amd64/jli/libjli.so
7f625ec42000-7f625ec43000 rw-p 00015000 08:01 1449032                    /usr/lib/jvm/jdk1.8.0_181/lib/amd64/jli/libjli.so
7f625ec43000-7f625ec5b000 r-xp 00000000 08:01 1054235                    /lib/x86_64-linux-gnu/libpthread-2.23.so
7f625ec5b000-7f625ee5a000 ---p 00018000 08:01 1054235                    /lib/x86_64-linux-gnu/libpthread-2.23.so
7f625ee5a000-7f625ee5b000 r--p 00017000 08:01 1054235                    /lib/x86_64-linux-gnu/libpthread-2.23.so
7f625ee5b000-7f625ee5c000 rw-p 00018000 08:01 1054235                    /lib/x86_64-linux-gnu/libpthread-2.23.so
7f625ee5c000-7f625ee60000 rw-p 00000000 00:00 0 
7f625ee60000-7f625ee86000 r-xp 00000000 08:01 1054061                    /lib/x86_64-linux-gnu/ld-2.23.so
7f625ee8c000-7f625ee96000 r--s 00116000 08:01 2756143                    /usr/lib/jvm/jdk1.8.0_181/jre/lib/ext/localedata.jar
7f625ee96000-7f625ef67000 rw-p 00000000 00:00 0 
7f625ef67000-7f625ef6a000 ---p 00000000 00:00 0 
7f625ef6a000-7f625f06d000 rw-p 00000000 00:00 0 
7f625f06d000-7f625f072000 r--s 0009d000 08:01 2756133                    /usr/lib/jvm/jdk1.8.0_181/jre/lib/jsse.jar
7f625f072000-7f625f07a000 r--s 0006e000 08:01 2248917                    /home/whj/dowork/DiffTGen/lib/commons-lang3-3.5.jar
7f625f07a000-7f625f07b000 r--s 00000000 08:01 2248922                    /home/whj/dowork/DiffTGen/lib/myprinter.jar
7f625f07b000-7f625f083000 rw-s 00000000 08:01 1984404                    /tmp/hsperfdata_whj/2978
7f625f083000-7f625f084000 rw-p 00000000 00:00 0 
7f625f084000-7f625f085000 ---p 00000000 00:00 0 
7f625f085000-7f625f086000 r--p 00025000 08:01 1054061                    /lib/x86_64-linux-gnu/ld-2.23.so
7f625f086000-7f625f087000 rw-p 00026000 08:01 1054061                    /lib/x86_64-linux-gnu/ld-2.23.so
7f625f087000-7f625f088000 rw-p 00000000 00:00 0 
7ffd3b683000-7ffd3b6a5000 rw-p 00000000 00:00 0                          [stack]
7ffd3b6f8000-7ffd3b6fb000 r--p 00000000 00:00 0                          [vvar]
7ffd3b6fb000-7ffd3b6fd000 r-xp 00000000 00:00 0                          [vdso]
ffffffffff600000-ffffffffff601000 r-xp 00000000 00:00 0                  [vsyscall]

VM Arguments:
java_command: /home/whj/dowork/DiffTGen/lib/evosuite-1.0.6.jar -base_dir /home/whj/dowork/DiffTGen/extra_output/Closure_86_2_sequencer/target/0/15 -projectCP /home/whj/dowork/DiffTGen/extra_output/Closure_86_2_sequencer/target/build/classes/all0.jar:/home/whj/dowork/DiffTGen/lib/myprinter.jar:/home/whj/dowork/DiffTGen/lib/commons-lang3-3.5.jar -class com.google.javascript.jscomp.NodeUtil -Dassertions=false -Dsearch_budget=60
java_class_path (initial): /home/whj/dowork/DiffTGen/lib/evosuite-1.0.6.jar
Launcher Type: SUN_STANDARD

Environment Variables:
JAVA_HOME=/usr/lib/jvm/jdk1.8.0_181
JRE_HOME=/usr/lib/jvm/jdk1.8.0_181/jre
CLASSPATH=.:/usr/lib/jvm/jdk1.8.0_181/lib:/usr/lib/jvm/jdk1.8.0_181/jre/lib
PATH=/home/whj/perl5/bin:/home/whj/dowork/defects4j-1.2.0/framework/bin:/usr/lib/jvm/jdk1.8.0_181/bin:/usr/lib/jvm/jdk1.8.0_181/jre/bin:/home/whj/bin:/home/whj/.local/bin:/usr/local/sbin:/usr/local/bin:/usr/sbin:/usr/bin:/sbin:/bin:/usr/games:/usr/local/games" :/snap/bin:/home/whj/bin
SHELL=/bin/bash
DISPLAY=:0

Signal Handlers:
SIGSEGV: [libjvm.so+0xad2a40], sa_mask[0]=11111111011111111101111111111110, sa_flags=SA_RESTART|SA_SIGINFO
SIGBUS: [libjvm.so+0xad2a40], sa_mask[0]=11111111011111111101111111111110, sa_flags=SA_RESTART|SA_SIGINFO
SIGFPE: [libjvm.so+0x92a610], sa_mask[0]=11111111011111111101111111111110, sa_flags=SA_RESTART|SA_SIGINFO
SIGPIPE: [libjvm.so+0x92a610], sa_mask[0]=11111111011111111101111111111110, sa_flags=SA_RESTART|SA_SIGINFO
SIGXFSZ: [libjvm.so+0x92a610], sa_mask[0]=11111111011111111101111111111110, sa_flags=SA_RESTART|SA_SIGINFO
SIGILL: [libjvm.so+0x92a610], sa_mask[0]=11111111011111111101111111111110, sa_flags=SA_RESTART|SA_SIGINFO
SIGUSR1: SIG_DFL, sa_mask[0]=00000000000000000000000000000000, sa_flags=none
SIGUSR2: [libjvm.so+0x92be70], sa_mask[0]=00100000000000000000000000000000, sa_flags=SA_RESTART|SA_SIGINFO
SIGHUP: [libjvm.so+0x92d270], sa_mask[0]=11111111011111111101111111111110, sa_flags=SA_RESTART|SA_SIGINFO
SIGINT: [libjvm.so+0x92d270], sa_mask[0]=11111111011111111101111111111110, sa_flags=SA_RESTART|SA_SIGINFO
SIGTERM: [libjvm.so+0x92d270], sa_mask[0]=11111111011111111101111111111110, sa_flags=SA_RESTART|SA_SIGINFO
SIGQUIT: [libjvm.so+0x92d270], sa_mask[0]=11111111011111111101111111111110, sa_flags=SA_RESTART|SA_SIGINFO


---------------  S Y S T E M  ---------------

OS:DISTRIB_ID=Ubuntu
DISTRIB_RELEASE=16.04
DISTRIB_CODENAME=xenial
DISTRIB_DESCRIPTION="Ubuntu 16.04.6 LTS"

uname:Linux 4.15.0-91-generic #92~16.04.1-Ubuntu SMP Fri Feb 28 14:57:22 UTC 2020 x86_64
libc:glibc 2.23 NPTL 2.23 
rlimit: STACK 8192k, CORE 0k, NPROC 31576, NOFILE 1048576, AS infinity
load average:15.31 14.56 13.30

/proc/meminfo:
MemTotal:        8144704 kB
MemFree:          124812 kB
MemAvailable:      16516 kB
Buffers:             432 kB
Cached:            27468 kB
SwapCached:         5192 kB
Active:          6720968 kB
Inactive:         835524 kB
Active(anon):    6708752 kB
Inactive(anon):   822268 kB
Active(file):      12216 kB
Inactive(file):    13256 kB
Unevictable:          32 kB
Mlocked:              32 kB
SwapTotal:        998396 kB
SwapFree:          27732 kB
Dirty:               364 kB
Writeback:          2436 kB
AnonPages:       7523840 kB
Mapped:            20436 kB
Shmem:              2160 kB
Slab:              88588 kB
SReclaimable:      31580 kB
SUnreclaim:        57008 kB
KernelStack:       14624 kB
PageTables:        48128 kB
NFS_Unstable:          0 kB
Bounce:                0 kB
WritebackTmp:          0 kB
CommitLimit:     5070748 kB
Committed_AS:   13996688 kB
VmallocTotal:   34359738367 kB
VmallocUsed:           0 kB
VmallocChunk:          0 kB
HardwareCorrupted:     0 kB
AnonHugePages:         0 kB
ShmemHugePages:        0 kB
ShmemPmdMapped:        0 kB
CmaTotal:              0 kB
CmaFree:               0 kB
HugePages_Total:       0
HugePages_Free:        0
HugePages_Rsvd:        0
HugePages_Surp:        0
Hugepagesize:       2048 kB
DirectMap4k:      114496 kB
DirectMap2M:     6176768 kB
DirectMap1G:     4194304 kB


CPU:total 2 (initial active 2) (2 cores per cpu, 1 threads per core) family 6 model 158 stepping 10, cmov, cx8, fxsr, mmx, sse, sse2, sse3, ssse3, sse4.1, sse4.2, popcnt, avx, avx2, aes, clmul, erms, 3dnowpref, lzcnt, tsc, tscinvbit, bmi1, bmi2, adx

/proc/cpuinfo:
processor	: 0
vendor_id	: GenuineIntel
cpu family	: 6
model		: 158
model name	: Intel(R) Core(TM) i7-8750H CPU @ 2.20GHz
stepping	: 10
microcode	: 0x96
cpu MHz		: 2207.999
cache size	: 9216 KB
physical id	: 0
siblings	: 2
core id		: 0
cpu cores	: 2
apicid		: 0
initial apicid	: 0
fpu		: yes
fpu_exception	: yes
cpuid level	: 22
wp		: yes
flags		: fpu vme de pse tsc msr pae mce cx8 apic sep mtrr pge mca cmov pat pse36 clflush mmx fxsr sse sse2 ss ht syscall nx pdpe1gb rdtscp lm constant_tsc arch_perfmon nopl xtopology tsc_reliable nonstop_tsc cpuid pni pclmulqdq ssse3 fma cx16 pcid sse4_1 sse4_2 x2apic movbe popcnt tsc_deadline_timer aes xsave avx f16c rdrand hypervisor lahf_lm abm 3dnowprefetch cpuid_fault invpcid_single pti ssbd ibrs ibpb stibp fsgsbase tsc_adjust bmi1 avx2 smep bmi2 invpcid rdseed adx smap xsaveopt arat flush_l1d arch_capabilities
bugs		: cpu_meltdown spectre_v1 spectre_v2 spec_store_bypass l1tf mds swapgs itlb_multihit
bogomips	: 4415.99
clflush size	: 64
cache_alignment	: 64
address sizes	: 42 bits physical, 48 bits virtual
power management:

processor	: 1
vendor_id	: GenuineIntel
cpu family	: 6
model		: 158
model name	: Intel(R) Core(TM) i7-8750H CPU @ 2.20GHz
stepping	: 10
microcode	: 0x96
cpu MHz		: 2207.999
cache size	: 9216 KB
physical id	: 0
siblings	: 2
core id		: 1
cpu cores	: 2
apicid		: 1
initial apicid	: 1
fpu		: yes
fpu_exception	: yes
cpuid level	: 22
wp		: yes
flags		: fpu vme de pse tsc msr pae mce cx8 apic sep mtrr pge mca cmov pat pse36 clflush mmx fxsr sse sse2 ss ht syscall nx pdpe1gb rdtscp lm constant_tsc arch_perfmon nopl xtopology tsc_reliable nonstop_tsc cpuid pni pclmulqdq ssse3 fma cx16 pcid sse4_1 sse4_2 x2apic movbe popcnt tsc_deadline_timer aes xsave avx f16c rdrand hypervisor lahf_lm abm 3dnowprefetch cpuid_fault invpcid_single pti ssbd ibrs ibpb stibp fsgsbase tsc_adjust bmi1 avx2 smep bmi2 invpcid rdseed adx smap xsaveopt arat flush_l1d arch_capabilities
bugs		: cpu_meltdown spectre_v1 spectre_v2 spec_store_bypass l1tf mds swapgs itlb_multihit
bogomips	: 4415.99
clflush size	: 64
cache_alignment	: 64
address sizes	: 42 bits physical, 48 bits virtual
power management:



Memory: 4k page, physical 8144704k(124812k free), swap 998396k(27732k free)

vm_info: Java HotSpot(TM) 64-Bit Server VM (25.181-b13) for linux-amd64 JRE (1.8.0_181-b13), built on Jul  7 2018 00:56:38 by "java_re" with gcc 4.3.0 20080428 (Red Hat 4.3.0-8)

time: Fri Mar 27 11:31:19 2020
elapsed time: 130 seconds (0d 0h 2m 10s)

