#
# There is insufficient memory for the Java Runtime Environment to continue.
# Native memory allocation (mmap) failed to map 65536 bytes for committing reserved memory.
# Possible reasons:
#   The system is out of physical RAM or swap space
#   In 32 bit mode, the process size limit was hit
# Possible solutions:
#   Reduce memory load on the system
#   Increase physical memory or swap space
#   Check if swap backing store is full
#   Use 64 bit Java on a 64 bit OS
#   Decrease Java heap size (-Xmx/-Xms)
#   Decrease number of Java threads
#   Decrease Java thread stack sizes (-Xss)
#   Set larger code cache with -XX:ReservedCodeCacheSize=
# This output file may be truncated or incomplete.
#
#  Out of Memory Error (os_linux.cpp:2640), pid=63224, tid=0x00007f74246c4700
#
# JRE version: Java(TM) SE Runtime Environment (8.0_181-b13) (build 1.8.0_181-b13)
# Java VM: Java HotSpot(TM) 64-Bit Server VM (25.181-b13 mixed mode linux-amd64 compressed oops)
# Failed to write core dump. Core dumps have been disabled. To enable core dumping, try "ulimit -c unlimited" before starting Java again
#

---------------  T H R E A D  ---------------

Current thread (0x00007f743813c000):  JavaThread "C2 CompilerThread0" daemon [_thread_in_vm, id=63303, stack(0x00007f74245c4000,0x00007f74246c5000)]

Stack: [0x00007f74245c4000,0x00007f74246c5000],  sp=0x00007f74246c01d0,  free space=1008k
Native frames: (J=compiled Java code, j=interpreted, Vv=VM code, C=native code)
V  [libjvm.so+0xad21aa]  VMError::report_and_die()+0x2ba
V  [libjvm.so+0x5022db]  report_vm_out_of_memory(char const*, int, unsigned long, VMErrorType, char const*)+0x8b
V  [libjvm.so+0x92fe33]  os::Linux::commit_memory_impl(char*, unsigned long, bool)+0x123
V  [libjvm.so+0x930059]  os::pd_commit_memory(char*, unsigned long, unsigned long, bool)+0x29
V  [libjvm.so+0x9272ba]  os::commit_memory(char*, unsigned long, unsigned long, bool)+0x2a
V  [libjvm.so+0xacde89]  VirtualSpace::expand_by(unsigned long, bool)+0x199
V  [libjvm.so+0x621ffc]  CodeHeap::expand_by(unsigned long)+0x8c
V  [libjvm.so+0x4860c0]  CodeCache::allocate(int, bool)+0x60
V  [libjvm.so+0x4814b5]  BufferBlob::create(char const*, int)+0x95
V  [libjvm.so+0x484dca]  CodeBuffer::initialize(int, int)+0x1a
V  [libjvm.so+0x940048]  Compile::init_buffer(unsigned int*)+0x208
V  [libjvm.so+0x945e61]  Compile::Output()+0x381
V  [libjvm.so+0x4a8d1b]  Compile::Code_Gen()+0x31b
V  [libjvm.so+0x4ab4e1]  Compile::Compile(ciEnv*, C2Compiler*, ciMethod*, int, bool, bool, bool)+0x14b1
V  [libjvm.so+0x3f6775]  C2Compiler::compile_method(ciEnv*, ciMethod*, int)+0x1f5
V  [libjvm.so+0x4b5a5a]  CompileBroker::invoke_compiler_on_method(CompileTask*)+0xcba
V  [libjvm.so+0x4b6a06]  CompileBroker::compiler_thread_loop()+0x5d6
V  [libjvm.so+0xa813f3]  JavaThread::thread_main_inner()+0x103
V  [libjvm.so+0xa8153c]  JavaThread::run()+0x11c
V  [libjvm.so+0x930198]  java_start(Thread*)+0x108
C  [libpthread.so.0+0x76ba]  start_thread+0xca


Current CompileTask:
C2: 145418 2068       4       org.evosuite.shaded.org.objectweb.asm.Frame::merge (576 bytes)


---------------  P R O C E S S  ---------------

Java Threads: ( => current thread )
  0x0000000001c7b000 JavaThread "RMI TCP Connection(6)-127.0.0.1" daemon [_thread_in_vm, id=63714, stack(0x00007f73eabf2000,0x00007f73eacf3000)]
  0x0000000001c7a000 JavaThread "RMI TCP Connection(5)-127.0.0.1" daemon [_thread_in_native, id=63704, stack(0x00007f73eb3f6000,0x00007f73eb4f7000)]
  0x0000000001c78800 JavaThread "RMI TCP Connection(4)-127.0.0.1" daemon [_thread_in_native_trans, id=63667, stack(0x00007f73eb0f3000,0x00007f73eb1f4000)]
  0x00007f740c038000 JavaThread "RMI Scheduler(0)" daemon [_thread_blocked, id=63663, stack(0x00007f73eb1f4000,0x00007f73eb2f5000)]
  0x00007f740c033000 JavaThread "RMI RenewClean-[127.0.0.1:16678]" daemon [_thread_blocked, id=63637, stack(0x00007f73eb2f5000,0x00007f73eb3f6000)]
  0x00007f73ec006000 JavaThread "pool-3-thread-3" [_thread_in_native, id=63565, stack(0x00007f73eb4f7000,0x00007f73eb5f8000)]
  0x00007f73ec004000 JavaThread "pool-3-thread-2" [_thread_in_native, id=63564, stack(0x00007f73eb5f8000,0x00007f73eb6f9000)]
  0x00007f73ec003000 JavaThread "pool-3-thread-1" [_thread_in_native, id=63560, stack(0x00007f73eb6f9000,0x00007f73eb7fa000)]
  0x00007f7438373000 JavaThread "Thread-3" [_thread_in_native, id=63414, stack(0x00007f73eb7fa000,0x00007f73eb8fb000)]
  0x00007f7438371800 JavaThread "Thread-2" [_thread_in_native, id=63411, stack(0x00007f73eb8fb000,0x00007f73eb9fc000)]
  0x00007f7438370000 JavaThread "process reaper" daemon [_thread_in_native, id=63407, stack(0x00007f743c03c000,0x00007f743c075000)]
  0x00007f743836a000 JavaThread "pool-2-thread-1" [_thread_in_native, id=63382, stack(0x00007f73eb9fc000,0x00007f73ebafd000)]
  0x00007f7438367800 JavaThread "GC Daemon" daemon [_thread_blocked, id=63374, stack(0x00007f73ebafd000,0x00007f73ebbfe000)]
  0x00007f7438365000 JavaThread "RMI Reaper" [_thread_blocked, id=63371, stack(0x00007f73ebbfe000,0x00007f73ebcff000)]
  0x00007f743835e000 JavaThread "RMI TCP Accept-7938" daemon [_thread_in_native, id=63367, stack(0x00007f73ebcff000,0x00007f73ebe00000)]
  0x00007f7438357000 JavaThread "RMI TCP Accept-10534" daemon [_thread_in_native, id=63363, stack(0x00007f7414025000,0x00007f7414126000)]
  0x00007f743829b800 JavaThread "logback-3" daemon [_thread_in_native_trans, id=63338, stack(0x00007f7414126000,0x00007f7414227000)]
  0x00007f743829a000 JavaThread "logback-2" daemon [_thread_in_native_trans, id=63336, stack(0x00007f7414227000,0x00007f7414328000)]
  0x00007f7438298800 JavaThread "logback-1" daemon [_thread_in_native_trans, id=63334, stack(0x00007f7414328000,0x00007f7414429000)]
  0x00007f743814c000 JavaThread "Service Thread" daemon [_thread_blocked, id=63311, stack(0x00007f74243c2000,0x00007f74244c3000)]
  0x00007f743813f000 JavaThread "C1 CompilerThread1" daemon [_thread_in_native_trans, id=63308, stack(0x00007f74244c3000,0x00007f74245c4000)]
=>0x00007f743813c000 JavaThread "C2 CompilerThread0" daemon [_thread_in_vm, id=63303, stack(0x00007f74245c4000,0x00007f74246c5000)]
  0x00007f743813a800 JavaThread "Signal Dispatcher" daemon [_thread_blocked, id=63295, stack(0x00007f74246c5000,0x00007f74247c6000)]
  0x00007f7438107800 JavaThread "Finalizer" daemon [_thread_blocked, id=63276, stack(0x00007f74247c6000,0x00007f74248c7000)]
  0x00007f7438105000 JavaThread "Reference Handler" daemon [_thread_blocked, id=63271, stack(0x00007f74248c7000,0x00007f74249c8000)]
  0x00007f743800a800 JavaThread "main" [_thread_in_native, id=63232, stack(0x00007f7440b99000,0x00007f7440c9a000)]

Other Threads:
  0x00007f74380fb800 VMThread [stack: 0x00007f74249c8000,0x00007f7424ac9000] [id=63267]
  0x00007f7438151000 WatcherThread [stack: 0x00007f74242c1000,0x00007f74243c2000] [id=63312]

VM state:synchronizing (normal execution)

VM Mutex/Monitor currently owned by a thread:  ([mutex/lock_event])
[0x00007f7438005fe0] CodeCache_lock - owner thread: 0x00007f743813c000
[0x00007f7438006be0] Safepoint_lock - owner thread: 0x00007f74380fb800
[0x00007f7438006c60] Threads_lock - owner thread: 0x00007f74380fb800

Heap:
 PSYoungGen      total 70656K, used 51574K [0x00000000d6900000, 0x00000000df300000, 0x0000000100000000)
  eden space 65536K, 70% used [0x00000000d6900000,0x00000000d9661f00,0x00000000da900000)
  from space 5120K, 99% used [0x00000000da900000,0x00000000dadfb9a8,0x00000000dae00000)
  to   space 5120K, 0% used [0x00000000dee00000,0x00000000dee00000,0x00000000df300000)
 ParOldGen       total 86016K, used 7958K [0x0000000083a00000, 0x0000000088e00000, 0x00000000d6900000)
  object space 86016K, 9% used [0x0000000083a00000,0x00000000841c5a50,0x0000000088e00000)
 Metaspace       used 17064K, capacity 17578K, committed 17664K, reserved 1064960K
  class space    used 1873K, capacity 2001K, committed 2048K, reserved 1048576K

Card table byte_map: [0x00007f743d544000,0x00007f743d928000] byte_map_base: 0x00007f743d127000

Marking Bits: (ParMarkBitMap*) 0x00007f74400640a0
 Begin Bits: [0x00007f74251d0000, 0x00007f74270e8000)
 End Bits:   [0x00007f74270e8000, 0x00007f7429000000)

Polling page: 0x00007f7440cb6000

CodeCache: size=245760Kb used=6626Kb max_used=6626Kb free=239133Kb
 bounds [0x00007f7429000000, 0x00007f7429680000, 0x00007f7438000000]
 total_blobs=2369 nmethods=1954 adapters=326
 compilation: enabled

Compilation events (10 events):
Event: 139.856 Thread 0x00007f743813f000 2089       2       java.util.regex.Matcher::quoteReplacement (82 bytes)
Event: 139.857 Thread 0x00007f743813f000 nmethod 2089 0x00007f7429679990 code [0x00007f7429679b80, 0x00007f742967a3d8]
Event: 139.897 Thread 0x00007f743813f000 2090       2       org.evosuite.shaded.org.objectweb.asm.commons.Method::<init> (15 bytes)
Event: 139.897 Thread 0x00007f743813f000 nmethod 2090 0x00007f742967ab50 code [0x00007f742967aca0, 0x00007f742967ae10]
Event: 140.181 Thread 0x00007f743813f000 2091   !   2       sun.reflect.GeneratedSerializationConstructorAccessor64::newInstance (49 bytes)
Event: 140.181 Thread 0x00007f743813f000 nmethod 2091 0x00007f742967ae90 code [0x00007f742967b020, 0x00007f742967b368]
Event: 140.222 Thread 0x00007f743813f000 2093       2       org.evosuite.shaded.org.objectweb.asm.Type::getInternalName (20 bytes)
Event: 140.222 Thread 0x00007f743813f000 nmethod 2093 0x00007f742967b950 code [0x00007f742967bac0, 0x00007f742967bca8]
Event: 140.415 Thread 0x00007f743813f000 2094       1       sun.misc.URLClassPath$JarLoader$2::getURL (5 bytes)
Event: 140.415 Thread 0x00007f743813f000 nmethod 2094 0x00007f742967bd50 code [0x00007f742967bea0, 0x00007f742967bfb0]

GC Heap History (10 events):
Event: 3.483 GC heap before
{Heap before GC invocations=2 (full 1):
 PSYoungGen      total 37888K, used 4214K [0x00000000d6900000, 0x00000000d9300000, 0x0000000100000000)
  eden space 32768K, 0% used [0x00000000d6900000,0x00000000d6900000,0x00000000d8900000)
  from space 5120K, 82% used [0x00000000d8900000,0x00000000d8d1d8c0,0x00000000d8e00000)
  to   space 5120K, 0% used [0x00000000d8e00000,0x00000000d8e00000,0x00000000d9300000)
 ParOldGen       total 86016K, used 8K [0x0000000083a00000, 0x0000000088e00000, 0x00000000d6900000)
  object space 86016K, 0% used [0x0000000083a00000,0x0000000083a02000,0x0000000088e00000)
 Metaspace       used 10194K, capacity 10332K, committed 10624K, reserved 1058816K
  class space    used 1237K, capacity 1319K, committed 1408K, reserved 1048576K
Event: 3.586 GC heap after
Heap after GC invocations=2 (full 1):
 PSYoungGen      total 37888K, used 0K [0x00000000d6900000, 0x00000000d9300000, 0x0000000100000000)
  eden space 32768K, 0% used [0x00000000d6900000,0x00000000d6900000,0x00000000d8900000)
  from space 5120K, 0% used [0x00000000d8900000,0x00000000d8900000,0x00000000d8e00000)
  to   space 5120K, 0% used [0x00000000d8e00000,0x00000000d8e00000,0x00000000d9300000)
 ParOldGen       total 86016K, used 4059K [0x0000000083a00000, 0x0000000088e00000, 0x00000000d6900000)
  object space 86016K, 4% used [0x0000000083a00000,0x0000000083df6ec0,0x0000000088e00000)
 Metaspace       used 10186K, capacity 10322K, committed 10624K, reserved 1058816K
  class space    used 1236K, capacity 1317K, committed 1408K, reserved 1048576K
}
Event: 131.450 GC heap before
{Heap before GC invocations=3 (full 1):
 PSYoungGen      total 37888K, used 32768K [0x00000000d6900000, 0x00000000d9300000, 0x0000000100000000)
  eden space 32768K, 100% used [0x00000000d6900000,0x00000000d8900000,0x00000000d8900000)
  from space 5120K, 0% used [0x00000000d8900000,0x00000000d8900000,0x00000000d8e00000)
  to   space 5120K, 0% used [0x00000000d8e00000,0x00000000d8e00000,0x00000000d9300000)
 ParOldGen       total 86016K, used 4059K [0x0000000083a00000, 0x0000000088e00000, 0x00000000d6900000)
  object space 86016K, 4% used [0x0000000083a00000,0x0000000083df6ec0,0x0000000088e00000)
 Metaspace       used 13902K, capacity 14294K, committed 14592K, reserved 1062912K
  class space    used 1597K, capacity 1704K, committed 1792K, reserved 1048576K
Event: 131.479 GC heap after
Heap after GC invocations=3 (full 1):
 PSYoungGen      total 37888K, used 5089K [0x00000000d6900000, 0x00000000d9300000, 0x0000000100000000)
  eden space 32768K, 0% used [0x00000000d6900000,0x00000000d6900000,0x00000000d8900000)
  from space 5120K, 99% used [0x00000000d8e00000,0x00000000d92f8470,0x00000000d9300000)
  to   space 5120K, 0% used [0x00000000d8900000,0x00000000d8900000,0x00000000d8e00000)
 ParOldGen       total 86016K, used 4089K [0x0000000083a00000, 0x0000000088e00000, 0x00000000d6900000)
  object space 86016K, 4% used [0x0000000083a00000,0x0000000083dfe698,0x0000000088e00000)
 Metaspace       used 13902K, capacity 14294K, committed 14592K, reserved 1062912K
  class space    used 1597K, capacity 1704K, committed 1792K, reserved 1048576K
}
Event: 132.831 GC heap before
{Heap before GC invocations=4 (full 1):
 PSYoungGen      total 37888K, used 37857K [0x00000000d6900000, 0x00000000d9300000, 0x0000000100000000)
  eden space 32768K, 100% used [0x00000000d6900000,0x00000000d8900000,0x00000000d8900000)
  from space 5120K, 99% used [0x00000000d8e00000,0x00000000d92f8470,0x00000000d9300000)
  to   space 5120K, 0% used [0x00000000d8900000,0x00000000d8900000,0x00000000d8e00000)
 ParOldGen       total 86016K, used 4089K [0x0000000083a00000, 0x0000000088e00000, 0x00000000d6900000)
  object space 86016K, 4% used [0x0000000083a00000,0x0000000083dfe698,0x0000000088e00000)
 Metaspace       used 14001K, capacity 14364K, committed 14592K, reserved 1062912K
  class space    used 1598K, capacity 1705K, committed 1792K, reserved 1048576K
Event: 132.867 GC heap after
Heap after GC invocations=4 (full 1):
 PSYoungGen      total 37888K, used 4563K [0x00000000d6900000, 0x00000000db300000, 0x0000000100000000)
  eden space 32768K, 0% used [0x00000000d6900000,0x00000000d6900000,0x00000000d8900000)
  from space 5120K, 89% used [0x00000000d8900000,0x00000000d8d74c70,0x00000000d8e00000)
  to   space 5120K, 0% used [0x00000000dae00000,0x00000000dae00000,0x00000000db300000)
 ParOldGen       total 86016K, used 4097K [0x0000000083a00000, 0x0000000088e00000, 0x00000000d6900000)
  object space 86016K, 4% used [0x0000000083a00000,0x0000000083e00698,0x0000000088e00000)
 Metaspace       used 14001K, capacity 14364K, committed 14592K, reserved 1062912K
  class space    used 1598K, capacity 1705K, committed 1792K, reserved 1048576K
}
Event: 133.545 GC heap before
{Heap before GC invocations=5 (full 1):
 PSYoungGen      total 37888K, used 37331K [0x00000000d6900000, 0x00000000db300000, 0x0000000100000000)
  eden space 32768K, 100% used [0x00000000d6900000,0x00000000d8900000,0x00000000d8900000)
  from space 5120K, 89% used [0x00000000d8900000,0x00000000d8d74c70,0x00000000d8e00000)
  to   space 5120K, 0% used [0x00000000dae00000,0x00000000dae00000,0x00000000db300000)
 ParOldGen       total 86016K, used 4097K [0x0000000083a00000, 0x0000000088e00000, 0x00000000d6900000)
  object space 86016K, 4% used [0x0000000083a00000,0x0000000083e00698,0x0000000088e00000)
 Metaspace       used 14091K, capacity 14466K, committed 14592K, reserved 1062912K
  class space    used 1601K, capacity 1738K, committed 1792K, reserved 1048576K
Event: 133.572 GC heap after
Heap after GC invocations=5 (full 1):
 PSYoungGen      total 70656K, used 4643K [0x00000000d6900000, 0x00000000db300000, 0x0000000100000000)
  eden space 65536K, 0% used [0x00000000d6900000,0x00000000d6900000,0x00000000da900000)
  from space 5120K, 90% used [0x00000000dae00000,0x00000000db288c60,0x00000000db300000)
  to   space 5120K, 0% used [0x00000000da900000,0x00000000da900000,0x00000000dae00000)
 ParOldGen       total 86016K, used 4105K [0x0000000083a00000, 0x0000000088e00000, 0x00000000d6900000)
  object space 86016K, 4% used [0x0000000083a00000,0x0000000083e02698,0x0000000088e00000)
 Metaspace       used 14091K, capacity 14466K, committed 14592K, reserved 1062912K
  class space    used 1601K, capacity 1738K, committed 1792K, reserved 1048576K
}
Event: 137.310 GC heap before
{Heap before GC invocations=6 (full 1):
 PSYoungGen      total 70656K, used 70179K [0x00000000d6900000, 0x00000000db300000, 0x0000000100000000)
  eden space 65536K, 100% used [0x00000000d6900000,0x00000000da900000,0x00000000da900000)
  from space 5120K, 90% used [0x00000000dae00000,0x00000000db288c60,0x00000000db300000)
  to   space 5120K, 0% used [0x00000000da900000,0x00000000da900000,0x00000000dae00000)
 ParOldGen       total 86016K, used 4105K [0x0000000083a00000, 0x0000000088e00000, 0x00000000d6900000)
  object space 86016K, 4% used [0x0000000083a00000,0x0000000083e02698,0x0000000088e00000)
 Metaspace       used 15391K, capacity 15886K, committed 16000K, reserved 1062912K
  class space    used 1712K, capacity 1831K, committed 1920K, reserved 1048576K
Event: 137.467 GC heap after
Heap after GC invocations=6 (full 1):
 PSYoungGen      total 70656K, used 5102K [0x00000000d6900000, 0x00000000df300000, 0x0000000100000000)
  eden space 65536K, 0% used [0x00000000d6900000,0x00000000d6900000,0x00000000da900000)
  from space 5120K, 99% used [0x00000000da900000,0x00000000dadfb9a8,0x00000000dae00000)
  to   space 5120K, 0% used [0x00000000dee00000,0x00000000dee00000,0x00000000df300000)
 ParOldGen       total 86016K, used 7958K [0x0000000083a00000, 0x0000000088e00000, 0x00000000d6900000)
  object space 86016K, 9% used [0x0000000083a00000,0x00000000841c5a50,0x0000000088e00000)
 Metaspace       used 15391K, capacity 15886K, committed 16000K, reserved 1062912K
  class space    used 1712K, capacity 1831K, committed 1920K, reserved 1048576K
}

Deoptimization events (10 events):
Event: 128.521 Thread 0x0000000001c78800 Uncommon trap: reason=class_check action=maybe_recompile pc=0x00007f742925038c method=java.util.HashMap.putVal(ILjava/lang/Object;Ljava/lang/Object;ZZ)Ljava/lang/Object; @ 203
Event: 128.571 Thread 0x0000000001c78800 Uncommon trap: reason=bimorphic action=maybe_recompile pc=0x00007f7429250354 method=java.util.HashMap.putVal(ILjava/lang/Object;Ljava/lang/Object;ZZ)Ljava/lang/Object; @ 91
Event: 128.616 Thread 0x0000000001c78800 Uncommon trap: reason=bimorphic action=maybe_recompile pc=0x00007f7429250354 method=java.util.HashMap.putVal(ILjava/lang/Object;Ljava/lang/Object;ZZ)Ljava/lang/Object; @ 91
Event: 134.199 Thread 0x0000000001c78800 Uncommon trap: reason=predicate action=maybe_recompile pc=0x00007f74295a2b50 method=java.util.ArrayList.indexOf(Ljava/lang/Object;)I @ 44
Event: 134.287 Thread 0x0000000001c78800 Uncommon trap: reason=unstable_if action=reinterpret pc=0x00007f74295b0364 method=org.evosuite.shaded.org.objectweb.asm.Type.getArgumentsAndReturnSizes(Ljava/lang/String;)I @ 88
Event: 134.800 Thread 0x0000000001c78800 Uncommon trap: reason=unstable_if action=reinterpret pc=0x00007f7429469540 method=java.io.ObjectStreamClass.hasReadResolveMethod()Z @ 8
Event: 135.995 Thread 0x0000000001c7b000 Uncommon trap: reason=bimorphic action=maybe_recompile pc=0x00007f74294c1ef0 method=java.util.Collections$UnmodifiableCollection$1.next()Ljava/lang/Object; @ 4
Event: 135.995 Thread 0x0000000001c7b000 Uncommon trap: reason=bimorphic action=maybe_recompile pc=0x00007f74294c1ef0 method=java.util.Collections$UnmodifiableCollection$1.next()Ljava/lang/Object; @ 4
Event: 135.995 Thread 0x0000000001c7b000 Uncommon trap: reason=bimorphic action=maybe_recompile pc=0x00007f74294c1ef0 method=java.util.Collections$UnmodifiableCollection$1.next()Ljava/lang/Object; @ 4
Event: 135.995 Thread 0x0000000001c7b000 Uncommon trap: reason=bimorphic action=maybe_recompile pc=0x00007f74294c1ef0 method=java.util.Collections$UnmodifiableCollection$1.next()Ljava/lang/Object; @ 4

Classes redefined (0 events):
No events

Internal exceptions (10 events):
Event: 111.724 Thread 0x00007f7438298800 Exception <a 'java/net/ConnectException'> (0x00000000d6d2c760) thrown at [/HUDSON/workspace/8-2-build-linux-amd64/jdk8u181/11358/hotspot/src/share/vm/prims/jni.cpp, line 709]
Event: 111.726 Thread 0x00007f743829b800 Exception <a 'java/net/ConnectException'> (0x00000000d6d7e6e0) thrown at [/HUDSON/workspace/8-2-build-linux-amd64/jdk8u181/11358/hotspot/src/share/vm/prims/jni.cpp, line 709]
Event: 121.723 Thread 0x00007f743829a000 Exception <a 'java/net/ConnectException'> (0x00000000d6cdb440) thrown at [/HUDSON/workspace/8-2-build-linux-amd64/jdk8u181/11358/hotspot/src/share/vm/prims/jni.cpp, line 709]
Event: 121.725 Thread 0x00007f7438298800 Exception <a 'java/net/ConnectException'> (0x00000000d6d2d288) thrown at [/HUDSON/workspace/8-2-build-linux-amd64/jdk8u181/11358/hotspot/src/share/vm/prims/jni.cpp, line 709]
Event: 121.727 Thread 0x00007f743829b800 Exception <a 'java/net/ConnectException'> (0x00000000d6d7f208) thrown at [/HUDSON/workspace/8-2-build-linux-amd64/jdk8u181/11358/hotspot/src/share/vm/prims/jni.cpp, line 709]
Event: 126.089 Thread 0x0000000001c78800 Exception <a 'java/lang/NoSuchMethodError': <clinit>> (0x00000000d73782a8) thrown at [/HUDSON/workspace/8-2-build-linux-amd64/jdk8u181/11358/hotspot/src/share/vm/prims/jni.cpp, line 1613]
Event: 127.996 Thread 0x0000000001c7a000 Implicit null exception at 0x00007f74293c2794 to 0x00007f74293c34ed
Event: 131.724 Thread 0x00007f743829a000 Exception <a 'java/net/ConnectException'> (0x00000000d6d4b200) thrown at [/HUDSON/workspace/8-2-build-linux-amd64/jdk8u181/11358/hotspot/src/share/vm/prims/jni.cpp, line 709]
Event: 131.726 Thread 0x00007f7438298800 Exception <a 'java/net/ConnectException'> (0x00000000d6d806c0) thrown at [/HUDSON/workspace/8-2-build-linux-amd64/jdk8u181/11358/hotspot/src/share/vm/prims/jni.cpp, line 709]
Event: 131.728 Thread 0x00007f743829b800 Exception <a 'java/net/ConnectException'> (0x00000000d6db5b80) thrown at [/HUDSON/workspace/8-2-build-linux-amd64/jdk8u181/11358/hotspot/src/share/vm/prims/jni.cpp, line 709]

Events (10 events):
Event: 139.742 loading class java/awt/geom/PathIterator
Event: 139.742 loading class java/awt/geom/PathIterator done
Event: 139.767 loading class java/awt/geom/NoninvertibleTransformException
Event: 139.796 loading class java/awt/geom/NoninvertibleTransformException done
Event: 139.799 loading class java/awt/image/AffineTransformOp
Event: 139.855 loading class java/awt/image/AffineTransformOp done
Event: 140.415 Executing VM operation: RevokeBias
Event: 140.701 Executing VM operation: RevokeBias done
Event: 140.704 Executing VM operation: RevokeBias
Event: 140.796 Executing VM operation: RevokeBias done


Dynamic libraries:
00400000-00401000 r-xp 00000000 08:01 1448396                            /usr/lib/jvm/jdk1.8.0_181/bin/java
00600000-00601000 rw-p 00000000 08:01 1448396                            /usr/lib/jvm/jdk1.8.0_181/bin/java
01c76000-01c97000 rw-p 00000000 00:00 0                                  [heap]
83a00000-88e00000 rw-p 00000000 00:00 0 
88e00000-d6900000 ---p 00000000 00:00 0 
d6900000-df300000 rw-p 00000000 00:00 0 
df300000-100000000 ---p 00000000 00:00 0 
100000000-100200000 rw-p 00000000 00:00 0 
100200000-140000000 ---p 00000000 00:00 0 
7f73e4000000-7f73e4021000 rw-p 00000000 00:00 0 
7f73e4021000-7f73e8000000 ---p 00000000 00:00 0 
7f73ea9f2000-7f73eab32000 rw-p 00000000 00:00 0 
7f73eab32000-7f73eabf2000 ---p 00000000 00:00 0 
7f73eabf2000-7f73eabf5000 ---p 00000000 00:00 0 
7f73eabf5000-7f73eaef3000 rw-p 00000000 00:00 0 
7f73eaef3000-7f73eb0f3000 rw-p 00000000 00:00 0 
7f73eb0f3000-7f73eb0f6000 ---p 00000000 00:00 0 
7f73eb0f6000-7f73eb1f4000 rw-p 00000000 00:00 0 
7f73eb1f4000-7f73eb1f7000 ---p 00000000 00:00 0 
7f73eb1f7000-7f73eb2f5000 rw-p 00000000 00:00 0 
7f73eb2f5000-7f73eb2f8000 ---p 00000000 00:00 0 
7f73eb2f8000-7f73eb3f6000 rw-p 00000000 00:00 0 
7f73eb3f6000-7f73eb3f9000 ---p 00000000 00:00 0 
7f73eb3f9000-7f73eb4f7000 rw-p 00000000 00:00 0 
7f73eb4f7000-7f73eb4fa000 ---p 00000000 00:00 0 
7f73eb4fa000-7f73eb5f8000 rw-p 00000000 00:00 0 
7f73eb5f8000-7f73eb5fb000 ---p 00000000 00:00 0 
7f73eb5fb000-7f73eb6f9000 rw-p 00000000 00:00 0 
7f73eb6f9000-7f73eb6fc000 ---p 00000000 00:00 0 
7f73eb6fc000-7f73eb7fa000 rw-p 00000000 00:00 0 
7f73eb7fa000-7f73eb7fd000 ---p 00000000 00:00 0 
7f73eb7fd000-7f73eb8fb000 rw-p 00000000 00:00 0 
7f73eb8fb000-7f73eb8fe000 ---p 00000000 00:00 0 
7f73eb8fe000-7f73eb9fc000 rw-p 00000000 00:00 0 
7f73eb9fc000-7f73eb9ff000 ---p 00000000 00:00 0 
7f73eb9ff000-7f73ebafd000 rw-p 00000000 00:00 0 
7f73ebafd000-7f73ebb00000 ---p 00000000 00:00 0 
7f73ebb00000-7f73ebbfe000 rw-p 00000000 00:00 0 
7f73ebbfe000-7f73ebc01000 ---p 00000000 00:00 0 
7f73ebc01000-7f73ebcff000 rw-p 00000000 00:00 0 
7f73ebcff000-7f73ebd02000 ---p 00000000 00:00 0 
7f73ebd02000-7f73ec000000 rw-p 00000000 00:00 0 
7f73ec000000-7f73ec021000 rw-p 00000000 00:00 0 
7f73ec021000-7f73f0000000 ---p 00000000 00:00 0 
7f73f0000000-7f73f0021000 rw-p 00000000 00:00 0 
7f73f0021000-7f73f4000000 ---p 00000000 00:00 0 
7f73f4000000-7f73f4021000 rw-p 00000000 00:00 0 
7f73f4021000-7f73f8000000 ---p 00000000 00:00 0 
7f73f8000000-7f73f8021000 rw-p 00000000 00:00 0 
7f73f8021000-7f73fc000000 ---p 00000000 00:00 0 
7f73fc000000-7f73fc871000 rw-p 00000000 00:00 0 
7f73fc871000-7f7400000000 ---p 00000000 00:00 0 
7f7400000000-7f7400021000 rw-p 00000000 00:00 0 
7f7400021000-7f7404000000 ---p 00000000 00:00 0 
7f7404000000-7f7404021000 rw-p 00000000 00:00 0 
7f7404021000-7f7408000000 ---p 00000000 00:00 0 
7f7408000000-7f74087ff000 rw-p 00000000 00:00 0 
7f74087ff000-7f740c000000 ---p 00000000 00:00 0 
7f740c000000-7f740c03b000 rw-p 00000000 00:00 0 
7f740c03b000-7f7410000000 ---p 00000000 00:00 0 
7f7410000000-7f7410021000 rw-p 00000000 00:00 0 
7f7410021000-7f7414000000 ---p 00000000 00:00 0 
7f7414025000-7f7414028000 ---p 00000000 00:00 0 
7f7414028000-7f7414126000 rw-p 00000000 00:00 0 
7f7414126000-7f7414129000 ---p 00000000 00:00 0 
7f7414129000-7f7414227000 rw-p 00000000 00:00 0 
7f7414227000-7f741422a000 ---p 00000000 00:00 0 
7f741422a000-7f7414328000 rw-p 00000000 00:00 0 
7f7414328000-7f741432b000 ---p 00000000 00:00 0 
7f741432b000-7f741742a000 rw-p 00000000 00:00 0 
7f741742a000-7f7417440000 r-xp 00000000 08:01 2756237                    /usr/lib/jvm/jdk1.8.0_181/jre/lib/amd64/libnet.so
7f7417440000-7f7417640000 ---p 00016000 08:01 2756237                    /usr/lib/jvm/jdk1.8.0_181/jre/lib/amd64/libnet.so
7f7417640000-7f7417641000 rw-p 00016000 08:01 2756237                    /usr/lib/jvm/jdk1.8.0_181/jre/lib/amd64/libnet.so
7f7417641000-7f7418000000 r--p 00000000 08:01 1316108                    /usr/lib/locale/locale-archive
7f7418000000-7f74183ed000 rw-p 00000000 00:00 0 
7f74183ed000-7f741c000000 ---p 00000000 00:00 0 
7f741c000000-7f741c021000 rw-p 00000000 00:00 0 
7f741c021000-7f7420000000 ---p 00000000 00:00 0 
7f7420000000-7f7420021000 rw-p 00000000 00:00 0 
7f7420021000-7f7424000000 ---p 00000000 00:00 0 
7f7424017000-7f7424090000 r--s 010f9000 08:01 1448503                    /usr/lib/jvm/jdk1.8.0_181/lib/tools.jar
7f7424090000-7f74242c1000 r--s 01bb1000 08:01 1706762                    /home/whj/dowork/DiffTGen/lib/evosuite-1.0.6.jar
7f74242c1000-7f74242c2000 ---p 00000000 00:00 0 
7f74242c2000-7f74243c2000 rw-p 00000000 00:00 0 
7f74243c2000-7f74243c5000 ---p 00000000 00:00 0 
7f74243c5000-7f74244c3000 rw-p 00000000 00:00 0 
7f74244c3000-7f74244c6000 ---p 00000000 00:00 0 
7f74244c6000-7f74245c4000 rw-p 00000000 00:00 0 
7f74245c4000-7f74245c7000 ---p 00000000 00:00 0 
7f74245c7000-7f74246c5000 rw-p 00000000 00:00 0 
7f74246c5000-7f74246c8000 ---p 00000000 00:00 0 
7f74246c8000-7f74247c6000 rw-p 00000000 00:00 0 
7f74247c6000-7f74247c9000 ---p 00000000 00:00 0 
7f74247c9000-7f74248c7000 rw-p 00000000 00:00 0 
7f74248c7000-7f74248ca000 ---p 00000000 00:00 0 
7f74248ca000-7f74249c8000 rw-p 00000000 00:00 0 
7f74249c8000-7f74249c9000 ---p 00000000 00:00 0 
7f74249c9000-7f7429000000 rw-p 00000000 00:00 0 
7f7429000000-7f7429680000 rwxp 00000000 00:00 0 
7f7429690000-7f7438000000 ---p 00000000 00:00 0 
7f7438000000-7f7438474000 rw-p 00000000 00:00 0 
7f7438474000-7f743c000000 ---p 00000000 00:00 0 
7f743c003000-7f743c016000 r--s 00345000 08:01 2756119                    /usr/lib/jvm/jdk1.8.0_181/jre/lib/resources.jar
7f743c016000-7f743c020000 r--s 00116000 08:01 2756143                    /usr/lib/jvm/jdk1.8.0_181/jre/lib/ext/localedata.jar
7f743c020000-7f743c03c000 r--s 00393000 08:01 2756136                    /usr/lib/jvm/jdk1.8.0_181/jre/lib/ext/cldrdata.jar
7f743c03c000-7f743c03f000 ---p 00000000 00:00 0 
7f743c03f000-7f743c277000 rw-p 00000000 00:00 0 
7f743c277000-7f743c451000 r--s 03d6b000 08:01 2756084                    /usr/lib/jvm/jdk1.8.0_181/jre/lib/rt.jar
7f743c451000-7f743d0aa000 rw-p 00000000 00:00 0 
7f743d0aa000-7f743d0ab000 ---p 00000000 00:00 0 
7f743d0ab000-7f743d1ab000 rw-p 00000000 00:00 0 
7f743d1ab000-7f743d1ac000 ---p 00000000 00:00 0 
7f743d1ac000-7f743d2d6000 rw-p 00000000 00:00 0 
7f743d2d6000-7f743d544000 ---p 00000000 00:00 0 
7f743d544000-7f743d56e000 rw-p 00000000 00:00 0 
7f743d56e000-7f743d7db000 ---p 00000000 00:00 0 
7f743d7db000-7f743d821000 rw-p 00000000 00:00 0 
7f743d821000-7f743d927000 ---p 00000000 00:00 0 
7f743d927000-7f743d942000 rw-p 00000000 00:00 0 
7f743d942000-7f743dce8000 ---p 00000000 00:00 0 
7f743dce8000-7f743dd03000 r-xp 00000000 08:01 2756233                    /usr/lib/jvm/jdk1.8.0_181/jre/lib/amd64/libzip.so
7f743dd03000-7f743df03000 ---p 0001b000 08:01 2756233                    /usr/lib/jvm/jdk1.8.0_181/jre/lib/amd64/libzip.so
7f743df03000-7f743df04000 rw-p 0001b000 08:01 2756233                    /usr/lib/jvm/jdk1.8.0_181/jre/lib/amd64/libzip.so
7f743df04000-7f743df0f000 r-xp 00000000 08:01 1054188                    /lib/x86_64-linux-gnu/libnss_files-2.23.so
7f743df0f000-7f743e10e000 ---p 0000b000 08:01 1054188                    /lib/x86_64-linux-gnu/libnss_files-2.23.so
7f743e10e000-7f743e10f000 r--p 0000a000 08:01 1054188                    /lib/x86_64-linux-gnu/libnss_files-2.23.so
7f743e10f000-7f743e110000 rw-p 0000b000 08:01 1054188                    /lib/x86_64-linux-gnu/libnss_files-2.23.so
7f743e110000-7f743e116000 rw-p 00000000 00:00 0 
7f743e116000-7f743e121000 r-xp 00000000 08:01 1054198                    /lib/x86_64-linux-gnu/libnss_nis-2.23.so
7f743e121000-7f743e320000 ---p 0000b000 08:01 1054198                    /lib/x86_64-linux-gnu/libnss_nis-2.23.so
7f743e320000-7f743e321000 r--p 0000a000 08:01 1054198                    /lib/x86_64-linux-gnu/libnss_nis-2.23.so
7f743e321000-7f743e322000 rw-p 0000b000 08:01 1054198                    /lib/x86_64-linux-gnu/libnss_nis-2.23.so
7f743e322000-7f743e338000 r-xp 00000000 08:01 1054182                    /lib/x86_64-linux-gnu/libnsl-2.23.so
7f743e338000-7f743e537000 ---p 00016000 08:01 1054182                    /lib/x86_64-linux-gnu/libnsl-2.23.so
7f743e537000-7f743e538000 r--p 00015000 08:01 1054182                    /lib/x86_64-linux-gnu/libnsl-2.23.so
7f743e538000-7f743e539000 rw-p 00016000 08:01 1054182                    /lib/x86_64-linux-gnu/libnsl-2.23.so
7f743e539000-7f743e53b000 rw-p 00000000 00:00 0 
7f743e53b000-7f743e543000 r-xp 00000000 08:01 1054184                    /lib/x86_64-linux-gnu/libnss_compat-2.23.so
7f743e543000-7f743e742000 ---p 00008000 08:01 1054184                    /lib/x86_64-linux-gnu/libnss_compat-2.23.so
7f743e742000-7f743e743000 r--p 00007000 08:01 1054184                    /lib/x86_64-linux-gnu/libnss_compat-2.23.so
7f743e743000-7f743e744000 rw-p 00008000 08:01 1054184                    /lib/x86_64-linux-gnu/libnss_compat-2.23.so
7f743e744000-7f743e76f000 r-xp 00000000 08:01 2756227                    /usr/lib/jvm/jdk1.8.0_181/jre/lib/amd64/libjava.so
7f743e76f000-7f743e96e000 ---p 0002b000 08:01 2756227                    /usr/lib/jvm/jdk1.8.0_181/jre/lib/amd64/libjava.so
7f743e96e000-7f743e970000 rw-p 0002a000 08:01 2756227                    /usr/lib/jvm/jdk1.8.0_181/jre/lib/amd64/libjava.so
7f743e970000-7f743e97d000 r-xp 00000000 08:01 2756232                    /usr/lib/jvm/jdk1.8.0_181/jre/lib/amd64/libverify.so
7f743e97d000-7f743eb7d000 ---p 0000d000 08:01 2756232                    /usr/lib/jvm/jdk1.8.0_181/jre/lib/amd64/libverify.so
7f743eb7d000-7f743eb7f000 rw-p 0000d000 08:01 2756232                    /usr/lib/jvm/jdk1.8.0_181/jre/lib/amd64/libverify.so
7f743eb7f000-7f743eb86000 r-xp 00000000 08:01 1054243                    /lib/x86_64-linux-gnu/librt-2.23.so
7f743eb86000-7f743ed85000 ---p 00007000 08:01 1054243                    /lib/x86_64-linux-gnu/librt-2.23.so
7f743ed85000-7f743ed86000 r--p 00006000 08:01 1054243                    /lib/x86_64-linux-gnu/librt-2.23.so
7f743ed86000-7f743ed87000 rw-p 00007000 08:01 1054243                    /lib/x86_64-linux-gnu/librt-2.23.so
7f743ed87000-7f743ee8f000 r-xp 00000000 08:01 1054159                    /lib/x86_64-linux-gnu/libm-2.23.so
7f743ee8f000-7f743f08e000 ---p 00108000 08:01 1054159                    /lib/x86_64-linux-gnu/libm-2.23.so
7f743f08e000-7f743f08f000 r--p 00107000 08:01 1054159                    /lib/x86_64-linux-gnu/libm-2.23.so
7f743f08f000-7f743f090000 rw-p 00108000 08:01 1054159                    /lib/x86_64-linux-gnu/libm-2.23.so
7f743f090000-7f743fd6c000 r-xp 00000000 08:01 2756209                    /usr/lib/jvm/jdk1.8.0_181/jre/lib/amd64/server/libjvm.so
7f743fd6c000-7f743ff6c000 ---p 00cdc000 08:01 2756209                    /usr/lib/jvm/jdk1.8.0_181/jre/lib/amd64/server/libjvm.so
7f743ff6c000-7f7440046000 rw-p 00cdc000 08:01 2756209                    /usr/lib/jvm/jdk1.8.0_181/jre/lib/amd64/server/libjvm.so
7f7440046000-7f7440091000 rw-p 00000000 00:00 0 
7f7440091000-7f7440251000 r-xp 00000000 08:01 1054089                    /lib/x86_64-linux-gnu/libc-2.23.so
7f7440251000-7f7440451000 ---p 001c0000 08:01 1054089                    /lib/x86_64-linux-gnu/libc-2.23.so
7f7440451000-7f7440455000 r--p 001c0000 08:01 1054089                    /lib/x86_64-linux-gnu/libc-2.23.so
7f7440455000-7f7440457000 rw-p 001c4000 08:01 1054089                    /lib/x86_64-linux-gnu/libc-2.23.so
7f7440457000-7f744045b000 rw-p 00000000 00:00 0 
7f744045b000-7f744045e000 r-xp 00000000 08:01 1054113                    /lib/x86_64-linux-gnu/libdl-2.23.so
7f744045e000-7f744065d000 ---p 00003000 08:01 1054113                    /lib/x86_64-linux-gnu/libdl-2.23.so
7f744065d000-7f744065e000 r--p 00002000 08:01 1054113                    /lib/x86_64-linux-gnu/libdl-2.23.so
7f744065e000-7f744065f000 rw-p 00003000 08:01 1054113                    /lib/x86_64-linux-gnu/libdl-2.23.so
7f744065f000-7f7440675000 r-xp 00000000 08:01 1449032                    /usr/lib/jvm/jdk1.8.0_181/lib/amd64/jli/libjli.so
7f7440675000-7f7440874000 ---p 00016000 08:01 1449032                    /usr/lib/jvm/jdk1.8.0_181/lib/amd64/jli/libjli.so
7f7440874000-7f7440875000 rw-p 00015000 08:01 1449032                    /usr/lib/jvm/jdk1.8.0_181/lib/amd64/jli/libjli.so
7f7440875000-7f744088d000 r-xp 00000000 08:01 1054235                    /lib/x86_64-linux-gnu/libpthread-2.23.so
7f744088d000-7f7440a8c000 ---p 00018000 08:01 1054235                    /lib/x86_64-linux-gnu/libpthread-2.23.so
7f7440a8c000-7f7440a8d000 r--p 00017000 08:01 1054235                    /lib/x86_64-linux-gnu/libpthread-2.23.so
7f7440a8d000-7f7440a8e000 rw-p 00018000 08:01 1054235                    /lib/x86_64-linux-gnu/libpthread-2.23.so
7f7440a8e000-7f7440a92000 rw-p 00000000 00:00 0 
7f7440a92000-7f7440ab8000 r-xp 00000000 08:01 1054061                    /lib/x86_64-linux-gnu/ld-2.23.so
7f7440ab8000-7f7440ac8000 r--s 00139000 08:01 139022                     /home/whj/dowork/DiffTGen/extra_output/Chart_26_2_jaid/target/build/classes/all0.jar
7f7440ac8000-7f7440b99000 rw-p 00000000 00:00 0 
7f7440b99000-7f7440b9c000 ---p 00000000 00:00 0 
7f7440b9c000-7f7440c9f000 rw-p 00000000 00:00 0 
7f7440c9f000-7f7440ca4000 r--s 0009d000 08:01 2756133                    /usr/lib/jvm/jdk1.8.0_181/jre/lib/jsse.jar
7f7440ca4000-7f7440cac000 r--s 0006e000 08:01 2248917                    /home/whj/dowork/DiffTGen/lib/commons-lang3-3.5.jar
7f7440cac000-7f7440cad000 r--s 00000000 08:01 2248922                    /home/whj/dowork/DiffTGen/lib/myprinter.jar
7f7440cad000-7f7440cb5000 rw-s 00000000 08:01 1984687                    /tmp/hsperfdata_whj/63224
7f7440cb5000-7f7440cb6000 rw-p 00000000 00:00 0 
7f7440cb6000-7f7440cb7000 ---p 00000000 00:00 0 
7f7440cb7000-7f7440cb8000 r--p 00025000 08:01 1054061                    /lib/x86_64-linux-gnu/ld-2.23.so
7f7440cb8000-7f7440cb9000 rw-p 00026000 08:01 1054061                    /lib/x86_64-linux-gnu/ld-2.23.so
7f7440cb9000-7f7440cba000 rw-p 00000000 00:00 0 
7fff8586f000-7fff85891000 rw-p 00000000 00:00 0                          [stack]
7fff859b8000-7fff859bb000 r--p 00000000 00:00 0                          [vvar]
7fff859bb000-7fff859bd000 r-xp 00000000 00:00 0                          [vdso]
ffffffffff600000-ffffffffff601000 r-xp 00000000 00:00 0                  [vsyscall]

VM Arguments:
java_command: /home/whj/dowork/DiffTGen/lib/evosuite-1.0.6.jar -base_dir /home/whj/dowork/DiffTGen/extra_output/Chart_26_2_jaid/target/0/1 -projectCP /home/whj/dowork/DiffTGen/extra_output/Chart_26_2_jaid/target/build/classes/all0.jar:/home/whj/dowork/DiffTGen/lib/myprinter.jar:/home/whj/dowork/DiffTGen/lib/commons-lang3-3.5.jar -class org.jfree.chart.axis.Axis -Dassertions=false -Dsearch_budget=60
java_class_path (initial): /home/whj/dowork/DiffTGen/lib/evosuite-1.0.6.jar
Launcher Type: SUN_STANDARD

Environment Variables:
JAVA_HOME=/usr/lib/jvm/jdk1.8.0_181
JRE_HOME=/usr/lib/jvm/jdk1.8.0_181/jre
CLASSPATH=.:/usr/lib/jvm/jdk1.8.0_181/lib:/usr/lib/jvm/jdk1.8.0_181/jre/lib
PATH=/home/whj/perl5/bin:/home/whj/dowork/defects4j-1.2.0/framework/bin:/usr/lib/jvm/jdk1.8.0_181/bin:/usr/lib/jvm/jdk1.8.0_181/jre/bin:/home/whj/bin:/home/whj/.local/bin:/usr/local/sbin:/usr/local/bin:/usr/sbin:/usr/bin:/sbin:/bin:/usr/games:/usr/local/games" :/snap/bin:/home/whj/bin
SHELL=/bin/bash
DISPLAY=:0

Signal Handlers:
SIGSEGV: [libjvm.so+0xad2a40], sa_mask[0]=11111111011111111101111111111110, sa_flags=SA_RESTART|SA_SIGINFO
SIGBUS: [libjvm.so+0xad2a40], sa_mask[0]=11111111011111111101111111111110, sa_flags=SA_RESTART|SA_SIGINFO
SIGFPE: [libjvm.so+0x92a610], sa_mask[0]=11111111011111111101111111111110, sa_flags=SA_RESTART|SA_SIGINFO
SIGPIPE: [libjvm.so+0x92a610], sa_mask[0]=11111111011111111101111111111110, sa_flags=SA_RESTART|SA_SIGINFO
SIGXFSZ: [libjvm.so+0x92a610], sa_mask[0]=11111111011111111101111111111110, sa_flags=SA_RESTART|SA_SIGINFO
SIGILL: [libjvm.so+0x92a610], sa_mask[0]=11111111011111111101111111111110, sa_flags=SA_RESTART|SA_SIGINFO
SIGUSR1: SIG_DFL, sa_mask[0]=00000000000000000000000000000000, sa_flags=none
SIGUSR2: [libjvm.so+0x92be70], sa_mask[0]=00100000000000000000000000000000, sa_flags=SA_RESTART|SA_SIGINFO
SIGHUP: [libjvm.so+0x92d270], sa_mask[0]=11111111011111111101111111111110, sa_flags=SA_RESTART|SA_SIGINFO
SIGINT: [libjvm.so+0x92d270], sa_mask[0]=11111111011111111101111111111110, sa_flags=SA_RESTART|SA_SIGINFO
SIGTERM: [libjvm.so+0x92d270], sa_mask[0]=11111111011111111101111111111110, sa_flags=SA_RESTART|SA_SIGINFO
SIGQUIT: [libjvm.so+0x92d270], sa_mask[0]=11111111011111111101111111111110, sa_flags=SA_RESTART|SA_SIGINFO


---------------  S Y S T E M  ---------------

OS:DISTRIB_ID=Ubuntu
DISTRIB_RELEASE=16.04
DISTRIB_CODENAME=xenial
DISTRIB_DESCRIPTION="Ubuntu 16.04.6 LTS"

uname:Linux 4.15.0-91-generic #92~16.04.1-Ubuntu SMP Fri Feb 28 14:57:22 UTC 2020 x86_64
libc:glibc 2.23 NPTL 2.23 
rlimit: STACK 8192k, CORE 0k, NPROC 31576, NOFILE 1048576, AS infinity
load average:23.18 17.02 15.55

/proc/meminfo:
MemTotal:        8144704 kB
MemFree:          962476 kB
MemAvailable:     859364 kB
Buffers:             308 kB
Cached:            37692 kB
SwapCached:          620 kB
Active:          5913600 kB
Inactive:         777356 kB
Active(anon):    5891140 kB
Inactive(anon):   764304 kB
Active(file):      22460 kB
Inactive(file):    13052 kB
Unevictable:          32 kB
Mlocked:              32 kB
SwapTotal:        998396 kB
SwapFree:             48 kB
Dirty:               232 kB
Writeback:           116 kB
AnonPages:       6652612 kB
Mapped:            30604 kB
Shmem:              2192 kB
Slab:              94240 kB
SReclaimable:      31912 kB
SUnreclaim:        62328 kB
KernelStack:       16144 kB
PageTables:        46808 kB
NFS_Unstable:          0 kB
Bounce:                0 kB
WritebackTmp:          0 kB
CommitLimit:     5070748 kB
Committed_AS:   13914184 kB
VmallocTotal:   34359738367 kB
VmallocUsed:           0 kB
VmallocChunk:          0 kB
HardwareCorrupted:     0 kB
AnonHugePages:         0 kB
ShmemHugePages:        0 kB
ShmemPmdMapped:        0 kB
CmaTotal:              0 kB
CmaFree:               0 kB
HugePages_Total:       0
HugePages_Free:        0
HugePages_Rsvd:        0
HugePages_Surp:        0
Hugepagesize:       2048 kB
DirectMap4k:      143168 kB
DirectMap2M:     8245248 kB
DirectMap1G:     2097152 kB


CPU:total 2 (initial active 2) (2 cores per cpu, 1 threads per core) family 6 model 158 stepping 10, cmov, cx8, fxsr, mmx, sse, sse2, sse3, ssse3, sse4.1, sse4.2, popcnt, avx, avx2, aes, clmul, erms, 3dnowpref, lzcnt, tsc, tscinvbit, bmi1, bmi2, adx

/proc/cpuinfo:
processor	: 0
vendor_id	: GenuineIntel
cpu family	: 6
model		: 158
model name	: Intel(R) Core(TM) i7-8750H CPU @ 2.20GHz
stepping	: 10
microcode	: 0x96
cpu MHz		: 2207.999
cache size	: 9216 KB
physical id	: 0
siblings	: 2
core id		: 0
cpu cores	: 2
apicid		: 0
initial apicid	: 0
fpu		: yes
fpu_exception	: yes
cpuid level	: 22
wp		: yes
flags		: fpu vme de pse tsc msr pae mce cx8 apic sep mtrr pge mca cmov pat pse36 clflush mmx fxsr sse sse2 ss ht syscall nx pdpe1gb rdtscp lm constant_tsc arch_perfmon nopl xtopology tsc_reliable nonstop_tsc cpuid pni pclmulqdq ssse3 fma cx16 pcid sse4_1 sse4_2 x2apic movbe popcnt tsc_deadline_timer aes xsave avx f16c rdrand hypervisor lahf_lm abm 3dnowprefetch cpuid_fault invpcid_single pti ssbd ibrs ibpb stibp fsgsbase tsc_adjust bmi1 avx2 smep bmi2 invpcid rdseed adx smap xsaveopt arat flush_l1d arch_capabilities
bugs		: cpu_meltdown spectre_v1 spectre_v2 spec_store_bypass l1tf mds swapgs itlb_multihit
bogomips	: 4415.99
clflush size	: 64
cache_alignment	: 64
address sizes	: 42 bits physical, 48 bits virtual
power management:

processor	: 1
vendor_id	: GenuineIntel
cpu family	: 6
model		: 158
model name	: Intel(R) Core(TM) i7-8750H CPU @ 2.20GHz
stepping	: 10
microcode	: 0x96
cpu MHz		: 2207.999
cache size	: 9216 KB
physical id	: 0
siblings	: 2
core id		: 1
cpu cores	: 2
apicid		: 1
initial apicid	: 1
fpu		: yes
fpu_exception	: yes
cpuid level	: 22
wp		: yes
flags		: fpu vme de pse tsc msr pae mce cx8 apic sep mtrr pge mca cmov pat pse36 clflush mmx fxsr sse sse2 ss ht syscall nx pdpe1gb rdtscp lm constant_tsc arch_perfmon nopl xtopology tsc_reliable nonstop_tsc cpuid pni pclmulqdq ssse3 fma cx16 pcid sse4_1 sse4_2 x2apic movbe popcnt tsc_deadline_timer aes xsave avx f16c rdrand hypervisor lahf_lm abm 3dnowprefetch cpuid_fault invpcid_single pti ssbd ibrs ibpb stibp fsgsbase tsc_adjust bmi1 avx2 smep bmi2 invpcid rdseed adx smap xsaveopt arat flush_l1d arch_capabilities
bugs		: cpu_meltdown spectre_v1 spectre_v2 spec_store_bypass l1tf mds swapgs itlb_multihit
bogomips	: 4415.99
clflush size	: 64
cache_alignment	: 64
address sizes	: 42 bits physical, 48 bits virtual
power management:



Memory: 4k page, physical 8144704k(962476k free), swap 998396k(48k free)

vm_info: Java HotSpot(TM) 64-Bit Server VM (25.181-b13) for linux-amd64 JRE (1.8.0_181-b13), built on Jul  7 2018 00:56:38 by "java_re" with gcc 4.3.0 20080428 (Red Hat 4.3.0-8)

time: Sat Mar 28 21:07:42 2020
elapsed time: 145 seconds (0d 0h 2m 25s)

