#
# There is insufficient memory for the Java Runtime Environment to continue.
# Native memory allocation (mmap) failed to map 33554432 bytes for committing reserved memory.
# Possible reasons:
#   The system is out of physical RAM or swap space
#   In 32 bit mode, the process size limit was hit
# Possible solutions:
#   Reduce memory load on the system
#   Increase physical memory or swap space
#   Check if swap backing store is full
#   Use 64 bit Java on a 64 bit OS
#   Decrease Java heap size (-Xmx/-Xms)
#   Decrease number of Java threads
#   Decrease Java thread stack sizes (-Xss)
#   Set larger code cache with -XX:ReservedCodeCacheSize=
# This output file may be truncated or incomplete.
#
#  Out of Memory Error (os_linux.cpp:2640), pid=54380, tid=0x00007f7d4850d700
#
# JRE version: Java(TM) SE Runtime Environment (8.0_181-b13) (build 1.8.0_181-b13)
# Java VM: Java HotSpot(TM) 64-Bit Server VM (25.181-b13 mixed mode linux-amd64 compressed oops)
# Failed to write core dump. Core dumps have been disabled. To enable core dumping, try "ulimit -c unlimited" before starting Java again
#

---------------  T H R E A D  ---------------

Current thread (0x00007f7d440fb800):  VMThread [stack: 0x00007f7d4840d000,0x00007f7d4850e000] [id=54420]

Stack: [0x00007f7d4840d000,0x00007f7d4850e000],  sp=0x00007f7d4850c020,  free space=1020k
Native frames: (J=compiled Java code, j=interpreted, Vv=VM code, C=native code)
V  [libjvm.so+0xad21aa]  VMError::report_and_die()+0x2ba
V  [libjvm.so+0x5022db]  report_vm_out_of_memory(char const*, int, unsigned long, VMErrorType, char const*)+0x8b
V  [libjvm.so+0x92fe33]  os::Linux::commit_memory_impl(char*, unsigned long, bool)+0x123
V  [libjvm.so+0x930059]  os::pd_commit_memory(char*, unsigned long, unsigned long, bool)+0x29
V  [libjvm.so+0x9272ba]  os::commit_memory(char*, unsigned long, unsigned long, bool)+0x2a
V  [libjvm.so+0x99d2e3]  PSVirtualSpace::expand_by(unsigned long)+0x53
V  [libjvm.so+0x99e6e8]  PSYoungGen::resize_generation(unsigned long, unsigned long)+0xf8
V  [libjvm.so+0x99d842]  PSYoungGen::resize(unsigned long, unsigned long)+0x22
V  [libjvm.so+0x99ab1b]  PSScavenge::invoke_no_policy()+0xf3b
V  [libjvm.so+0x99b2a1]  PSScavenge::invoke()+0x41
V  [libjvm.so+0x951d70]  ParallelScavengeHeap::failed_mem_allocate(unsigned long)+0x70
V  [libjvm.so+0xad3c27]  VM_ParallelGCFailedAllocation::doit()+0x97
V  [libjvm.so+0xadb745]  VM_Operation::evaluate()+0x55
V  [libjvm.so+0xad9b0a]  VMThread::evaluate_operation(VM_Operation*)+0xba
V  [libjvm.so+0xad9e8e]  VMThread::loop()+0x1ce
V  [libjvm.so+0xada300]  VMThread::run()+0x70
V  [libjvm.so+0x930198]  java_start(Thread*)+0x108

VM_Operation (0x00007f7d2e8863b0): ParallelGCFailedAllocation, mode: safepoint, requested by thread 0x0000000001fff800


---------------  P R O C E S S  ---------------

Java Threads: ( => current thread )
  0x0000000001fff800 JavaThread "RMI TCP Connection(2)-127.0.0.1" daemon [_thread_blocked, id=54794, stack(0x00007f7d2e790000,0x00007f7d2e891000)]
  0x00007f7d14050800 JavaThread "RMI Scheduler(0)" daemon [_thread_blocked, id=54786, stack(0x00007f7d2e891000,0x00007f7d2e992000)]
  0x00007f7d1404d000 JavaThread "RMI RenewClean-[127.0.0.1:8323]" daemon [_thread_blocked, id=54769, stack(0x00007f7d2e992000,0x00007f7d2ea93000)]
  0x00007f7cec001800 JavaThread "RMI TCP Connection(3)-127.0.0.1" daemon [_thread_in_native, id=54756, stack(0x00007f7d2eaaf000,0x00007f7d2ebb0000)]
  0x00007f7cf4005000 JavaThread "pool-3-thread-3" [_thread_in_native, id=54722, stack(0x00007f7d2ebb0000,0x00007f7d2ecb1000)]
  0x00007f7cf4003800 JavaThread "pool-3-thread-2" [_thread_in_native, id=54719, stack(0x00007f7d2ecb1000,0x00007f7d2edb2000)]
  0x00007f7cf4002800 JavaThread "pool-3-thread-1" [_thread_in_native, id=54712, stack(0x00007f7d2edb2000,0x00007f7d2eeb3000)]
  0x00007f7d4440a800 JavaThread "Thread-3" [_thread_in_native, id=54605, stack(0x00007f7d2eeb3000,0x00007f7d2efb4000)]
  0x00007f7d44409000 JavaThread "Thread-2" [_thread_in_native, id=54601, stack(0x00007f7d2efb4000,0x00007f7d2f0b5000)]
  0x00007f7d44407800 JavaThread "process reaper" daemon [_thread_in_native, id=54593, stack(0x00007f7d2f0b5000,0x00007f7d2f0ee000)]
  0x00007f7d44404000 JavaThread "pool-2-thread-1" [_thread_in_native, id=54541, stack(0x00007f7d2f0ee000,0x00007f7d2f1ef000)]
  0x00007f7d44401800 JavaThread "GC Daemon" daemon [_thread_blocked, id=54536, stack(0x00007f7d2f1ef000,0x00007f7d2f2f0000)]
  0x00007f7d443fd000 JavaThread "RMI Reaper" [_thread_blocked, id=54525, stack(0x00007f7d2f2f0000,0x00007f7d2f3f1000)]
  0x00007f7d443f6000 JavaThread "RMI TCP Accept-14994" daemon [_thread_in_native, id=54514, stack(0x00007f7d2f3f1000,0x00007f7d2f4f2000)]
  0x00007f7d443ee800 JavaThread "RMI TCP Accept-13574" daemon [_thread_in_native, id=54508, stack(0x00007f7d2f4f2000,0x00007f7d2f5f3000)]
  0x00007f7d44293800 JavaThread "logback-3" daemon [_thread_blocked, id=54506, stack(0x00007f7d2fbe7000,0x00007f7d2fce8000)]
  0x00007f7d44292000 JavaThread "logback-2" daemon [_thread_blocked, id=54497, stack(0x00007f7d2fce8000,0x00007f7d2fde9000)]
  0x00007f7d44290000 JavaThread "logback-1" daemon [_thread_blocked, id=54492, stack(0x00007f7d3400c000,0x00007f7d3410d000)]
  0x00007f7d44141800 JavaThread "Service Thread" daemon [_thread_blocked, id=54474, stack(0x00007f7d3443f000,0x00007f7d34540000)]
  0x00007f7d4413f000 JavaThread "C1 CompilerThread1" daemon [_thread_blocked, id=54468, stack(0x00007f7d34540000,0x00007f7d34641000)]
  0x00007f7d4413c000 JavaThread "C2 CompilerThread0" daemon [_thread_blocked, id=54462, stack(0x00007f7d48009000,0x00007f7d4810a000)]
  0x00007f7d4413a800 JavaThread "Signal Dispatcher" daemon [_thread_blocked, id=54452, stack(0x00007f7d4810a000,0x00007f7d4820b000)]
  0x00007f7d44107800 JavaThread "Finalizer" daemon [_thread_blocked, id=54442, stack(0x00007f7d4820b000,0x00007f7d4830c000)]
  0x00007f7d44105000 JavaThread "Reference Handler" daemon [_thread_blocked, id=54431, stack(0x00007f7d4830c000,0x00007f7d4840d000)]
  0x00007f7d4400a800 JavaThread "main" [_thread_in_native, id=54381, stack(0x00007f7d4d739000,0x00007f7d4d83a000)]

Other Threads:
=>0x00007f7d440fb800 VMThread [stack: 0x00007f7d4840d000,0x00007f7d4850e000] [id=54420]
  0x00007f7d44146800 WatcherThread [stack: 0x00007f7d3433e000,0x00007f7d3443f000] [id=54480]

VM state:at safepoint (normal execution)

VM Mutex/Monitor currently owned by a thread:  ([mutex/lock_event])
[0x00007f7d44006ce0] Threads_lock - owner thread: 0x00007f7d440fb800
[0x00007f7d440071e0] Heap_lock - owner thread: 0x0000000001fff800

Heap:
 PSYoungGen      total 37888K, used 4315K [0x00000000d6900000, 0x00000000d9300000, 0x0000000100000000)
  eden space 32768K, 0% used [0x00000000d6900000,0x00000000d6900000,0x00000000d8900000)
  from space 5120K, 84% used [0x00000000d8e00000,0x00000000d9236c80,0x00000000d9300000)
  to   space 5120K, 0% used [0x00000000d8900000,0x00000000d8900000,0x00000000d8e00000)
 ParOldGen       total 86016K, used 10944K [0x0000000083a00000, 0x0000000088e00000, 0x00000000d6900000)
  object space 86016K, 12% used [0x0000000083a00000,0x00000000844b0308,0x0000000088e00000)
 Metaspace       used 14146K, capacity 14602K, committed 14848K, reserved 1062912K
  class space    used 1623K, capacity 1781K, committed 1792K, reserved 1048576K

Card table byte_map: [0x00007f7d4a0e4000,0x00007f7d4a4c8000] byte_map_base: 0x00007f7d49cc7000

Marking Bits: (ParMarkBitMap*) 0x00007f7d4cc040a0
 Begin Bits: [0x00007f7d291d0000, 0x00007f7d2b0e8000)
 End Bits:   [0x00007f7d2b0e8000, 0x00007f7d2d000000)

Polling page: 0x00007f7d4d856000

CodeCache: size=245760Kb used=5819Kb max_used=5819Kb free=239940Kb
 bounds [0x00007f7d35000000, 0x00007f7d355c0000, 0x00007f7d44000000]
 total_blobs=2068 nmethods=1718 adapters=261
 compilation: enabled

Compilation events (10 events):
Event: 76.462 Thread 0x00007f7d4413f000 1764       2       org.evosuite.shaded.org.objectweb.asm.Type::<init> (26 bytes)
Event: 76.462 Thread 0x00007f7d4413f000 nmethod 1764 0x00007f7d3558cb10 code [0x00007f7d3558cc60, 0x00007f7d3558cdd0]
Event: 76.462 Thread 0x00007f7d4413f000 1762       2       org.evosuite.instrumentation.LineNumberMethodAdapter::visitMethodInsn (90 bytes)
Event: 76.462 Thread 0x00007f7d4413f000 nmethod 1762 0x00007f7d355af890 code [0x00007f7d355afa60, 0x00007f7d355afd88]
Event: 76.462 Thread 0x00007f7d4413f000 1765       2       org.evosuite.graphs.cdg.DominatorNode::compress (83 bytes)
Event: 76.462 Thread 0x00007f7d4413f000 nmethod 1765 0x00007f7d355b0010 code [0x00007f7d355b01a0, 0x00007f7d355b0458]
Event: 76.462 Thread 0x00007f7d4413f000 1756   !   3       java.lang.Class::getSimpleBinaryName (38 bytes)
Event: 76.462 Thread 0x00007f7d4413f000 nmethod 1756 0x00007f7d355b0650 code [0x00007f7d355b0820, 0x00007f7d355b1008]
Event: 76.462 Thread 0x00007f7d4413f000 1759       3       java.io.Bits::getLong (105 bytes)
Event: 76.462 Thread 0x00007f7d4413f000 nmethod 1759 0x00007f7d355b1390 code [0x00007f7d355b1500, 0x00007f7d355b17d0]

GC Heap History (9 events):
Event: 2.650 GC heap before
{Heap before GC invocations=1 (full 0):
 PSYoungGen      total 37888K, used 32768K [0x00000000d6900000, 0x00000000d9300000, 0x0000000100000000)
  eden space 32768K, 100% used [0x00000000d6900000,0x00000000d8900000,0x00000000d8900000)
  from space 5120K, 0% used [0x00000000d8e00000,0x00000000d8e00000,0x00000000d9300000)
  to   space 5120K, 0% used [0x00000000d8900000,0x00000000d8900000,0x00000000d8e00000)
 ParOldGen       total 86016K, used 0K [0x0000000083a00000, 0x0000000088e00000, 0x00000000d6900000)
  object space 86016K, 0% used [0x0000000083a00000,0x0000000083a00000,0x0000000088e00000)
 Metaspace       used 8370K, capacity 8470K, committed 8704K, reserved 1056768K
  class space    used 1004K, capacity 1012K, committed 1024K, reserved 1048576K
Event: 2.657 GC heap after
Heap after GC invocations=1 (full 0):
 PSYoungGen      total 37888K, used 5088K [0x00000000d6900000, 0x00000000d9300000, 0x0000000100000000)
  eden space 32768K, 0% used [0x00000000d6900000,0x00000000d6900000,0x00000000d8900000)
  from space 5120K, 99% used [0x00000000d8900000,0x00000000d8df8030,0x00000000d8e00000)
  to   space 5120K, 0% used [0x00000000d8e00000,0x00000000d8e00000,0x00000000d9300000)
 ParOldGen       total 86016K, used 1744K [0x0000000083a00000, 0x0000000088e00000, 0x00000000d6900000)
  object space 86016K, 2% used [0x0000000083a00000,0x0000000083bb43f0,0x0000000088e00000)
 Metaspace       used 8370K, capacity 8470K, committed 8704K, reserved 1056768K
  class space    used 1004K, capacity 1012K, committed 1024K, reserved 1048576K
}
Event: 3.563 GC heap before
{Heap before GC invocations=2 (full 0):
 PSYoungGen      total 37888K, used 34649K [0x00000000d6900000, 0x00000000d9300000, 0x0000000100000000)
  eden space 32768K, 90% used [0x00000000d6900000,0x00000000d85de668,0x00000000d8900000)
  from space 5120K, 99% used [0x00000000d8900000,0x00000000d8df8030,0x00000000d8e00000)
  to   space 5120K, 0% used [0x00000000d8e00000,0x00000000d8e00000,0x00000000d9300000)
 ParOldGen       total 86016K, used 1744K [0x0000000083a00000, 0x0000000088e00000, 0x00000000d6900000)
  object space 86016K, 2% used [0x0000000083a00000,0x0000000083bb43f0,0x0000000088e00000)
 Metaspace       used 10255K, capacity 10396K, committed 10624K, reserved 1058816K
  class space    used 1238K, capacity 1319K, committed 1408K, reserved 1048576K
Event: 3.629 GC heap after
Heap after GC invocations=2 (full 0):
 PSYoungGen      total 37888K, used 5120K [0x00000000d6900000, 0x00000000d9300000, 0x0000000100000000)
  eden space 32768K, 0% used [0x00000000d6900000,0x00000000d6900000,0x00000000d8900000)
  from space 5120K, 100% used [0x00000000d8e00000,0x00000000d9300000,0x00000000d9300000)
  to   space 5120K, 0% used [0x00000000d8900000,0x00000000d8900000,0x00000000d8e00000)
 ParOldGen       total 86016K, used 7042K [0x0000000083a00000, 0x0000000088e00000, 0x00000000d6900000)
  object space 86016K, 8% used [0x0000000083a00000,0x00000000840e0b08,0x0000000088e00000)
 Metaspace       used 10255K, capacity 10396K, committed 10624K, reserved 1058816K
  class space    used 1238K, capacity 1319K, committed 1408K, reserved 1048576K
}
Event: 3.629 GC heap before
{Heap before GC invocations=3 (full 1):
 PSYoungGen      total 37888K, used 5120K [0x00000000d6900000, 0x00000000d9300000, 0x0000000100000000)
  eden space 32768K, 0% used [0x00000000d6900000,0x00000000d6900000,0x00000000d8900000)
  from space 5120K, 100% used [0x00000000d8e00000,0x00000000d9300000,0x00000000d9300000)
  to   space 5120K, 0% used [0x00000000d8900000,0x00000000d8900000,0x00000000d8e00000)
 ParOldGen       total 86016K, used 7042K [0x0000000083a00000, 0x0000000088e00000, 0x00000000d6900000)
  object space 86016K, 8% used [0x0000000083a00000,0x00000000840e0b08,0x0000000088e00000)
 Metaspace       used 10255K, capacity 10396K, committed 10624K, reserved 1058816K
  class space    used 1238K, capacity 1319K, committed 1408K, reserved 1048576K
Event: 3.902 GC heap after
Heap after GC invocations=3 (full 1):
 PSYoungGen      total 37888K, used 0K [0x00000000d6900000, 0x00000000d9300000, 0x0000000100000000)
  eden space 32768K, 0% used [0x00000000d6900000,0x00000000d6900000,0x00000000d8900000)
  from space 5120K, 0% used [0x00000000d8e00000,0x00000000d8e00000,0x00000000d9300000)
  to   space 5120K, 0% used [0x00000000d8900000,0x00000000d8900000,0x00000000d8e00000)
 ParOldGen       total 86016K, used 10675K [0x0000000083a00000, 0x0000000088e00000, 0x00000000d6900000)
  object space 86016K, 12% used [0x0000000083a00000,0x000000008446ce50,0x0000000088e00000)
 Metaspace       used 10247K, capacity 10386K, committed 10624K, reserved 1058816K
  class space    used 1237K, capacity 1317K, committed 1408K, reserved 1048576K
}
Event: 73.137 GC heap before
{Heap before GC invocations=4 (full 1):
 PSYoungGen      total 37888K, used 32768K [0x00000000d6900000, 0x00000000d9300000, 0x0000000100000000)
  eden space 32768K, 100% used [0x00000000d6900000,0x00000000d8900000,0x00000000d8900000)
  from space 5120K, 0% used [0x00000000d8e00000,0x00000000d8e00000,0x00000000d9300000)
  to   space 5120K, 0% used [0x00000000d8900000,0x00000000d8900000,0x00000000d8e00000)
 ParOldGen       total 86016K, used 10675K [0x0000000083a00000, 0x0000000088e00000, 0x00000000d6900000)
  object space 86016K, 12% used [0x0000000083a00000,0x000000008446ce50,0x0000000088e00000)
 Metaspace       used 14043K, capacity 14532K, committed 14592K, reserved 1062912K
  class space    used 1622K, capacity 1780K, committed 1792K, reserved 1048576K
Event: 74.278 GC heap after
Heap after GC invocations=4 (full 1):
 PSYoungGen      total 37888K, used 5118K [0x00000000d6900000, 0x00000000d9300000, 0x0000000100000000)
  eden space 32768K, 0% used [0x00000000d6900000,0x00000000d6900000,0x00000000d8900000)
  from space 5120K, 99% used [0x00000000d8900000,0x00000000d8dffae0,0x00000000d8e00000)
  to   space 5120K, 0% used [0x00000000d8e00000,0x00000000d8e00000,0x00000000d9300000)
 ParOldGen       total 86016K, used 10944K [0x0000000083a00000, 0x0000000088e00000, 0x00000000d6900000)
  object space 86016K, 12% used [0x0000000083a00000,0x00000000844b0308,0x0000000088e00000)
 Metaspace       used 14043K, capacity 14532K, committed 14592K, reserved 1062912K
  class space    used 1622K, capacity 1780K, committed 1792K, reserved 1048576K
}
Event: 76.466 GC heap before
{Heap before GC invocations=5 (full 1):
 PSYoungGen      total 37888K, used 37886K [0x00000000d6900000, 0x00000000d9300000, 0x0000000100000000)
  eden space 32768K, 100% used [0x00000000d6900000,0x00000000d8900000,0x00000000d8900000)
  from space 5120K, 99% used [0x00000000d8900000,0x00000000d8dffae0,0x00000000d8e00000)
  to   space 5120K, 0% used [0x00000000d8e00000,0x00000000d8e00000,0x00000000d9300000)
 ParOldGen       total 86016K, used 10944K [0x0000000083a00000, 0x0000000088e00000, 0x00000000d6900000)
  object space 86016K, 12% used [0x0000000083a00000,0x00000000844b0308,0x0000000088e00000)
 Metaspace       used 14146K, capacity 14602K, committed 14848K, reserved 1062912K
  class space    used 1623K, capacity 1781K, committed 1792K, reserved 1048576K

Deoptimization events (10 events):
Event: 66.661 Thread 0x0000000001fff800 Uncommon trap: reason=bimorphic action=maybe_recompile pc=0x00007f7d35258454 method=java.util.HashMap.putVal(ILjava/lang/Object;Ljava/lang/Object;ZZ)Ljava/lang/Object; @ 91
Event: 66.661 Thread 0x0000000001fff800 Uncommon trap: reason=bimorphic action=maybe_recompile pc=0x00007f7d35258454 method=java.util.HashMap.putVal(ILjava/lang/Object;Ljava/lang/Object;ZZ)Ljava/lang/Object; @ 91
Event: 66.661 Thread 0x0000000001fff800 Uncommon trap: reason=bimorphic action=maybe_recompile pc=0x00007f7d35258454 method=java.util.HashMap.putVal(ILjava/lang/Object;Ljava/lang/Object;ZZ)Ljava/lang/Object; @ 91
Event: 67.725 Thread 0x0000000001fff800 Uncommon trap: reason=unstable_if action=reinterpret pc=0x00007f7d352b06fc method=org.evosuite.runtime.InitializingListenerUtils.getClassNameFromResourcePath(Ljava/lang/String;)Ljava/lang/String; @ 22
Event: 74.454 Thread 0x0000000001fff800 Uncommon trap: reason=class_check action=maybe_recompile pc=0x00007f7d354dd3a8 method=java.util.HashMap.putVal(ILjava/lang/Object;Ljava/lang/Object;ZZ)Ljava/lang/Object; @ 203
Event: 74.454 Thread 0x0000000001fff800 Uncommon trap: reason=class_check action=maybe_recompile pc=0x00007f7d354dd3a8 method=java.util.HashMap.putVal(ILjava/lang/Object;Ljava/lang/Object;ZZ)Ljava/lang/Object; @ 203
Event: 74.455 Thread 0x0000000001fff800 Uncommon trap: reason=class_check action=maybe_recompile pc=0x00007f7d354dd3a8 method=java.util.HashMap.putVal(ILjava/lang/Object;Ljava/lang/Object;ZZ)Ljava/lang/Object; @ 203
Event: 74.455 Thread 0x0000000001fff800 Uncommon trap: reason=class_check action=maybe_recompile pc=0x00007f7d354dd3a8 method=java.util.HashMap.putVal(ILjava/lang/Object;Ljava/lang/Object;ZZ)Ljava/lang/Object; @ 203
Event: 76.084 Thread 0x0000000001fff800 Uncommon trap: reason=bimorphic action=maybe_recompile pc=0x00007f7d3555ec10 method=java.util.HashMap.putVal(ILjava/lang/Object;Ljava/lang/Object;ZZ)Ljava/lang/Object; @ 203
Event: 76.084 Thread 0x0000000001fff800 Uncommon trap: reason=bimorphic action=maybe_recompile pc=0x00007f7d3555ec10 method=java.util.HashMap.putVal(ILjava/lang/Object;Ljava/lang/Object;ZZ)Ljava/lang/Object; @ 203

Classes redefined (0 events):
No events

Internal exceptions (10 events):
Event: 51.655 Thread 0x00007f7d44290000 Exception <a 'java/net/ConnectException'> (0x00000000d6c3f538) thrown at [/HUDSON/workspace/8-2-build-linux-amd64/jdk8u181/11358/hotspot/src/share/vm/prims/jni.cpp, line 709]
Event: 51.686 Thread 0x00007f7d44292000 Exception <a 'java/net/ConnectException'> (0x00000000d6c91380) thrown at [/HUDSON/workspace/8-2-build-linux-amd64/jdk8u181/11358/hotspot/src/share/vm/prims/jni.cpp, line 709]
Event: 51.708 Thread 0x00007f7d44293800 Exception <a 'java/net/ConnectException'> (0x00000000d6ce3300) thrown at [/HUDSON/workspace/8-2-build-linux-amd64/jdk8u181/11358/hotspot/src/share/vm/prims/jni.cpp, line 709]
Event: 61.656 Thread 0x00007f7d44290000 Exception <a 'java/net/ConnectException'> (0x00000000d6c40060) thrown at [/HUDSON/workspace/8-2-build-linux-amd64/jdk8u181/11358/hotspot/src/share/vm/prims/jni.cpp, line 709]
Event: 61.687 Thread 0x00007f7d44292000 Exception <a 'java/net/ConnectException'> (0x00000000d6c91ea8) thrown at [/HUDSON/workspace/8-2-build-linux-amd64/jdk8u181/11358/hotspot/src/share/vm/prims/jni.cpp, line 709]
Event: 61.709 Thread 0x00007f7d44293800 Exception <a 'java/net/ConnectException'> (0x00000000d6ce3e28) thrown at [/HUDSON/workspace/8-2-build-linux-amd64/jdk8u181/11358/hotspot/src/share/vm/prims/jni.cpp, line 709]
Event: 67.446 Thread 0x0000000001fff800 Exception <a 'java/lang/NoSuchMethodError': <clinit>> (0x00000000d73b4578) thrown at [/HUDSON/workspace/8-2-build-linux-amd64/jdk8u181/11358/hotspot/src/share/vm/prims/jni.cpp, line 1613]
Event: 71.657 Thread 0x00007f7d44290000 Exception <a 'java/net/ConnectException'> (0x00000000d6c40b88) thrown at [/HUDSON/workspace/8-2-build-linux-amd64/jdk8u181/11358/hotspot/src/share/vm/prims/jni.cpp, line 709]
Event: 71.687 Thread 0x00007f7d44292000 Exception <a 'java/net/ConnectException'> (0x00000000d6c929d0) thrown at [/HUDSON/workspace/8-2-build-linux-amd64/jdk8u181/11358/hotspot/src/share/vm/prims/jni.cpp, line 709]
Event: 71.709 Thread 0x00007f7d44293800 Exception <a 'java/net/ConnectException'> (0x00000000d6ce4950) thrown at [/HUDSON/workspace/8-2-build-linux-amd64/jdk8u181/11358/hotspot/src/share/vm/prims/jni.cpp, line 709]

Events (10 events):
Event: 75.719 Thread 0x0000000001fff800 DEOPT UNPACKING pc=0x00007f7d35047784 sp=0x00007f7d2e886380 mode 0
Event: 76.084 Thread 0x0000000001fff800 Uncommon trap: trap_request=0xffffffc6 fr.pc=0x00007f7d3555ec10
Event: 76.084 Thread 0x0000000001fff800 DEOPT PACKING pc=0x00007f7d3555ec10 sp=0x00007f7d2e886010
Event: 76.084 Thread 0x0000000001fff800 DEOPT UNPACKING pc=0x00007f7d3504573a sp=0x00007f7d2e885fa8 mode 2
Event: 76.084 Thread 0x0000000001fff800 Uncommon trap: trap_request=0xffffffc6 fr.pc=0x00007f7d3555ec10
Event: 76.084 Thread 0x0000000001fff800 DEOPT PACKING pc=0x00007f7d3555ec10 sp=0x00007f7d2e886010
Event: 76.084 Thread 0x0000000001fff800 DEOPT UNPACKING pc=0x00007f7d3504573a sp=0x00007f7d2e885fa8 mode 2
Event: 76.441 Executing VM operation: ForceSafepoint
Event: 76.455 Executing VM operation: ForceSafepoint done
Event: 76.466 Executing VM operation: ParallelGCFailedAllocation


Dynamic libraries:
00400000-00401000 r-xp 00000000 08:01 1448396                            /usr/lib/jvm/jdk1.8.0_181/bin/java
00600000-00601000 rw-p 00000000 08:01 1448396                            /usr/lib/jvm/jdk1.8.0_181/bin/java
01ffd000-0201e000 rw-p 00000000 00:00 0                                  [heap]
83a00000-88e00000 rw-p 00000000 00:00 0 
88e00000-d6900000 ---p 00000000 00:00 0 
d6900000-d9300000 rw-p 00000000 00:00 0 
db300000-100000000 ---p 00000000 00:00 0 
100000000-1001c0000 rw-p 00000000 00:00 0 
1001c0000-140000000 ---p 00000000 00:00 0 
7f7cec000000-7f7cec021000 rw-p 00000000 00:00 0 
7f7cec021000-7f7cf0000000 ---p 00000000 00:00 0 
7f7cf4000000-7f7cf4021000 rw-p 00000000 00:00 0 
7f7cf4021000-7f7cf8000000 ---p 00000000 00:00 0 
7f7cf8000000-7f7cf8021000 rw-p 00000000 00:00 0 
7f7cf8021000-7f7cfc000000 ---p 00000000 00:00 0 
7f7cfc000000-7f7cfc021000 rw-p 00000000 00:00 0 
7f7cfc021000-7f7d00000000 ---p 00000000 00:00 0 
7f7d00fff000-7f7d04000000 rw-p 00000000 00:00 0 
7f7d04000000-7f7d04021000 rw-p 00000000 00:00 0 
7f7d04021000-7f7d08000000 ---p 00000000 00:00 0 
7f7d08000000-7f7d08021000 rw-p 00000000 00:00 0 
7f7d08021000-7f7d0c000000 ---p 00000000 00:00 0 
7f7d0c000000-7f7d0cf43000 rw-p 00000000 00:00 0 
7f7d0cf43000-7f7d10000000 ---p 00000000 00:00 0 
7f7d10000000-7f7d10bbf000 rw-p 00000000 00:00 0 
7f7d10bbf000-7f7d14000000 ---p 00000000 00:00 0 
7f7d14000000-7f7d14053000 rw-p 00000000 00:00 0 
7f7d14053000-7f7d18000000 ---p 00000000 00:00 0 
7f7d18000000-7f7d18021000 rw-p 00000000 00:00 0 
7f7d18021000-7f7d1c000000 ---p 00000000 00:00 0 
7f7d1c000000-7f7d1c292000 rw-p 00000000 00:00 0 
7f7d1c292000-7f7d20000000 ---p 00000000 00:00 0 
7f7d20000000-7f7d20021000 rw-p 00000000 00:00 0 
7f7d20021000-7f7d24000000 ---p 00000000 00:00 0 
7f7d24000000-7f7d24242000 rw-p 00000000 00:00 0 
7f7d24242000-7f7d28000000 ---p 00000000 00:00 0 
7f7d291d0000-7f7d2d000000 rw-p 00000000 00:00 0 
7f7d2e37d000-7f7d2e43d000 rw-p 00000000 00:00 0 
7f7d2e43d000-7f7d2e57d000 ---p 00000000 00:00 0 
7f7d2e57d000-7f7d2e590000 r--s 00345000 08:01 2756119                    /usr/lib/jvm/jdk1.8.0_181/jre/lib/resources.jar
7f7d2e590000-7f7d2e790000 rw-p 00000000 00:00 0 
7f7d2e790000-7f7d2e793000 ---p 00000000 00:00 0 
7f7d2e793000-7f7d2e891000 rw-p 00000000 00:00 0 
7f7d2e891000-7f7d2e894000 ---p 00000000 00:00 0 
7f7d2e894000-7f7d2e992000 rw-p 00000000 00:00 0 
7f7d2e992000-7f7d2e995000 ---p 00000000 00:00 0 
7f7d2e995000-7f7d2ea93000 rw-p 00000000 00:00 0 
7f7d2ea93000-7f7d2eaaf000 r--s 00393000 08:01 2756136                    /usr/lib/jvm/jdk1.8.0_181/jre/lib/ext/cldrdata.jar
7f7d2eaaf000-7f7d2eab2000 ---p 00000000 00:00 0 
7f7d2eab2000-7f7d2ebb0000 rw-p 00000000 00:00 0 
7f7d2ebb0000-7f7d2ebb3000 ---p 00000000 00:00 0 
7f7d2ebb3000-7f7d2ecb1000 rw-p 00000000 00:00 0 
7f7d2ecb1000-7f7d2ecb4000 ---p 00000000 00:00 0 
7f7d2ecb4000-7f7d2edb2000 rw-p 00000000 00:00 0 
7f7d2edb2000-7f7d2edb5000 ---p 00000000 00:00 0 
7f7d2edb5000-7f7d2eeb3000 rw-p 00000000 00:00 0 
7f7d2eeb3000-7f7d2eeb6000 ---p 00000000 00:00 0 
7f7d2eeb6000-7f7d2efb4000 rw-p 00000000 00:00 0 
7f7d2efb4000-7f7d2efb7000 ---p 00000000 00:00 0 
7f7d2efb7000-7f7d2f0b5000 rw-p 00000000 00:00 0 
7f7d2f0b5000-7f7d2f0b8000 ---p 00000000 00:00 0 
7f7d2f0b8000-7f7d2f0ee000 rw-p 00000000 00:00 0 
7f7d2f0ee000-7f7d2f0f1000 ---p 00000000 00:00 0 
7f7d2f0f1000-7f7d2f1ef000 rw-p 00000000 00:00 0 
7f7d2f1ef000-7f7d2f1f2000 ---p 00000000 00:00 0 
7f7d2f1f2000-7f7d2f2f0000 rw-p 00000000 00:00 0 
7f7d2f2f0000-7f7d2f2f3000 ---p 00000000 00:00 0 
7f7d2f2f3000-7f7d2f3f1000 rw-p 00000000 00:00 0 
7f7d2f3f1000-7f7d2f3f4000 ---p 00000000 00:00 0 
7f7d2f3f4000-7f7d2f4f2000 rw-p 00000000 00:00 0 
7f7d2f4f2000-7f7d2f4f5000 ---p 00000000 00:00 0 
7f7d2f4f5000-7f7d2f7f3000 rw-p 00000000 00:00 0 
7f7d2f7f3000-7f7d2fb6e000 r--s 03360000 08:01 3033410                    /home/whj/dowork/DiffTGen/extra_output/Closure_33_2-plausible_jaid/target/build/classes/all0.jar
7f7d2fb6e000-7f7d2fbe7000 r--s 010f9000 08:01 1448503                    /usr/lib/jvm/jdk1.8.0_181/lib/tools.jar
7f7d2fbe7000-7f7d2fbea000 ---p 00000000 00:00 0 
7f7d2fbea000-7f7d2fce8000 rw-p 00000000 00:00 0 
7f7d2fce8000-7f7d2fceb000 ---p 00000000 00:00 0 
7f7d2fceb000-7f7d2fde9000 rw-p 00000000 00:00 0 
7f7d2fde9000-7f7d2fdff000 r-xp 00000000 08:01 2756237                    /usr/lib/jvm/jdk1.8.0_181/jre/lib/amd64/libnet.so
7f7d2fdff000-7f7d2ffff000 ---p 00016000 08:01 2756237                    /usr/lib/jvm/jdk1.8.0_181/jre/lib/amd64/libnet.so
7f7d2ffff000-7f7d30000000 rw-p 00016000 08:01 2756237                    /usr/lib/jvm/jdk1.8.0_181/jre/lib/amd64/libnet.so
7f7d30000000-7f7d30021000 rw-p 00000000 00:00 0 
7f7d30021000-7f7d34000000 ---p 00000000 00:00 0 
7f7d3400c000-7f7d3400f000 ---p 00000000 00:00 0 
7f7d3400f000-7f7d3410d000 rw-p 00000000 00:00 0 
7f7d3410d000-7f7d3433e000 r--s 01bb1000 08:01 1706762                    /home/whj/dowork/DiffTGen/lib/evosuite-1.0.6.jar
7f7d3433e000-7f7d3433f000 ---p 00000000 00:00 0 
7f7d3433f000-7f7d3443f000 rw-p 00000000 00:00 0 
7f7d3443f000-7f7d34442000 ---p 00000000 00:00 0 
7f7d34442000-7f7d34540000 rw-p 00000000 00:00 0 
7f7d34540000-7f7d34543000 ---p 00000000 00:00 0 
7f7d34543000-7f7d34641000 rw-p 00000000 00:00 0 
7f7d34641000-7f7d35000000 r--p 00000000 08:01 1316108                    /usr/lib/locale/locale-archive
7f7d35000000-7f7d355c0000 rwxp 00000000 00:00 0 
7f7d355c0000-7f7d44000000 ---p 00000000 00:00 0 
7f7d44000000-7f7d4446c000 rw-p 00000000 00:00 0 
7f7d4446c000-7f7d48000000 ---p 00000000 00:00 0 
7f7d48009000-7f7d4800c000 ---p 00000000 00:00 0 
7f7d4800c000-7f7d4810a000 rw-p 00000000 00:00 0 
7f7d4810a000-7f7d4810d000 ---p 00000000 00:00 0 
7f7d4810d000-7f7d4820b000 rw-p 00000000 00:00 0 
7f7d4820b000-7f7d4820e000 ---p 00000000 00:00 0 
7f7d4820e000-7f7d4830c000 rw-p 00000000 00:00 0 
7f7d4830c000-7f7d4830f000 ---p 00000000 00:00 0 
7f7d4830f000-7f7d4840d000 rw-p 00000000 00:00 0 
7f7d4840d000-7f7d4840e000 ---p 00000000 00:00 0 
7f7d4840e000-7f7d48e17000 rw-p 00000000 00:00 0 
7f7d48e17000-7f7d48ff1000 r--s 03d6b000 08:01 2756084                    /usr/lib/jvm/jdk1.8.0_181/jre/lib/rt.jar
7f7d48ff1000-7f7d49c4a000 rw-p 00000000 00:00 0 
7f7d49c4a000-7f7d49c4b000 ---p 00000000 00:00 0 
7f7d49c4b000-7f7d49d4b000 rw-p 00000000 00:00 0 
7f7d49d4b000-7f7d49d4c000 ---p 00000000 00:00 0 
7f7d49d4c000-7f7d49e76000 rw-p 00000000 00:00 0 
7f7d49e76000-7f7d4a0e4000 ---p 00000000 00:00 0 
7f7d4a0e4000-7f7d4a10e000 rw-p 00000000 00:00 0 
7f7d4a10e000-7f7d4a37b000 ---p 00000000 00:00 0 
7f7d4a37b000-7f7d4a391000 rw-p 00000000 00:00 0 
7f7d4a391000-7f7d4a4c7000 ---p 00000000 00:00 0 
7f7d4a4c7000-7f7d4a4df000 rw-p 00000000 00:00 0 
7f7d4a4df000-7f7d4a888000 ---p 00000000 00:00 0 
7f7d4a888000-7f7d4a8a3000 r-xp 00000000 08:01 2756233                    /usr/lib/jvm/jdk1.8.0_181/jre/lib/amd64/libzip.so
7f7d4a8a3000-7f7d4aaa3000 ---p 0001b000 08:01 2756233                    /usr/lib/jvm/jdk1.8.0_181/jre/lib/amd64/libzip.so
7f7d4aaa3000-7f7d4aaa4000 rw-p 0001b000 08:01 2756233                    /usr/lib/jvm/jdk1.8.0_181/jre/lib/amd64/libzip.so
7f7d4aaa4000-7f7d4aaaf000 r-xp 00000000 08:01 1054188                    /lib/x86_64-linux-gnu/libnss_files-2.23.so
7f7d4aaaf000-7f7d4acae000 ---p 0000b000 08:01 1054188                    /lib/x86_64-linux-gnu/libnss_files-2.23.so
7f7d4acae000-7f7d4acaf000 r--p 0000a000 08:01 1054188                    /lib/x86_64-linux-gnu/libnss_files-2.23.so
7f7d4acaf000-7f7d4acb0000 rw-p 0000b000 08:01 1054188                    /lib/x86_64-linux-gnu/libnss_files-2.23.so
7f7d4acb0000-7f7d4acb6000 rw-p 00000000 00:00 0 
7f7d4acb6000-7f7d4acc1000 r-xp 00000000 08:01 1054198                    /lib/x86_64-linux-gnu/libnss_nis-2.23.so
7f7d4acc1000-7f7d4aec0000 ---p 0000b000 08:01 1054198                    /lib/x86_64-linux-gnu/libnss_nis-2.23.so
7f7d4aec0000-7f7d4aec1000 r--p 0000a000 08:01 1054198                    /lib/x86_64-linux-gnu/libnss_nis-2.23.so
7f7d4aec1000-7f7d4aec2000 rw-p 0000b000 08:01 1054198                    /lib/x86_64-linux-gnu/libnss_nis-2.23.so
7f7d4aec2000-7f7d4aed8000 r-xp 00000000 08:01 1054182                    /lib/x86_64-linux-gnu/libnsl-2.23.so
7f7d4aed8000-7f7d4b0d7000 ---p 00016000 08:01 1054182                    /lib/x86_64-linux-gnu/libnsl-2.23.so
7f7d4b0d7000-7f7d4b0d8000 r--p 00015000 08:01 1054182                    /lib/x86_64-linux-gnu/libnsl-2.23.so
7f7d4b0d8000-7f7d4b0d9000 rw-p 00016000 08:01 1054182                    /lib/x86_64-linux-gnu/libnsl-2.23.so
7f7d4b0d9000-7f7d4b0db000 rw-p 00000000 00:00 0 
7f7d4b0db000-7f7d4b0e3000 r-xp 00000000 08:01 1054184                    /lib/x86_64-linux-gnu/libnss_compat-2.23.so
7f7d4b0e3000-7f7d4b2e2000 ---p 00008000 08:01 1054184                    /lib/x86_64-linux-gnu/libnss_compat-2.23.so
7f7d4b2e2000-7f7d4b2e3000 r--p 00007000 08:01 1054184                    /lib/x86_64-linux-gnu/libnss_compat-2.23.so
7f7d4b2e3000-7f7d4b2e4000 rw-p 00008000 08:01 1054184                    /lib/x86_64-linux-gnu/libnss_compat-2.23.so
7f7d4b2e4000-7f7d4b30f000 r-xp 00000000 08:01 2756227                    /usr/lib/jvm/jdk1.8.0_181/jre/lib/amd64/libjava.so
7f7d4b30f000-7f7d4b50e000 ---p 0002b000 08:01 2756227                    /usr/lib/jvm/jdk1.8.0_181/jre/lib/amd64/libjava.so
7f7d4b50e000-7f7d4b510000 rw-p 0002a000 08:01 2756227                    /usr/lib/jvm/jdk1.8.0_181/jre/lib/amd64/libjava.so
7f7d4b510000-7f7d4b51d000 r-xp 00000000 08:01 2756232                    /usr/lib/jvm/jdk1.8.0_181/jre/lib/amd64/libverify.so
7f7d4b51d000-7f7d4b71d000 ---p 0000d000 08:01 2756232                    /usr/lib/jvm/jdk1.8.0_181/jre/lib/amd64/libverify.so
7f7d4b71d000-7f7d4b71f000 rw-p 0000d000 08:01 2756232                    /usr/lib/jvm/jdk1.8.0_181/jre/lib/amd64/libverify.so
7f7d4b71f000-7f7d4b726000 r-xp 00000000 08:01 1054243                    /lib/x86_64-linux-gnu/librt-2.23.so
7f7d4b726000-7f7d4b925000 ---p 00007000 08:01 1054243                    /lib/x86_64-linux-gnu/librt-2.23.so
7f7d4b925000-7f7d4b926000 r--p 00006000 08:01 1054243                    /lib/x86_64-linux-gnu/librt-2.23.so
7f7d4b926000-7f7d4b927000 rw-p 00007000 08:01 1054243                    /lib/x86_64-linux-gnu/librt-2.23.so
7f7d4b927000-7f7d4ba2f000 r-xp 00000000 08:01 1054159                    /lib/x86_64-linux-gnu/libm-2.23.so
7f7d4ba2f000-7f7d4bc2e000 ---p 00108000 08:01 1054159                    /lib/x86_64-linux-gnu/libm-2.23.so
7f7d4bc2e000-7f7d4bc2f000 r--p 00107000 08:01 1054159                    /lib/x86_64-linux-gnu/libm-2.23.so
7f7d4bc2f000-7f7d4bc30000 rw-p 00108000 08:01 1054159                    /lib/x86_64-linux-gnu/libm-2.23.so
7f7d4bc30000-7f7d4c90c000 r-xp 00000000 08:01 2756209                    /usr/lib/jvm/jdk1.8.0_181/jre/lib/amd64/server/libjvm.so
7f7d4c90c000-7f7d4cb0c000 ---p 00cdc000 08:01 2756209                    /usr/lib/jvm/jdk1.8.0_181/jre/lib/amd64/server/libjvm.so
7f7d4cb0c000-7f7d4cbe6000 rw-p 00cdc000 08:01 2756209                    /usr/lib/jvm/jdk1.8.0_181/jre/lib/amd64/server/libjvm.so
7f7d4cbe6000-7f7d4cc31000 rw-p 00000000 00:00 0 
7f7d4cc31000-7f7d4cdf1000 r-xp 00000000 08:01 1054089                    /lib/x86_64-linux-gnu/libc-2.23.so
7f7d4cdf1000-7f7d4cff1000 ---p 001c0000 08:01 1054089                    /lib/x86_64-linux-gnu/libc-2.23.so
7f7d4cff1000-7f7d4cff5000 r--p 001c0000 08:01 1054089                    /lib/x86_64-linux-gnu/libc-2.23.so
7f7d4cff5000-7f7d4cff7000 rw-p 001c4000 08:01 1054089                    /lib/x86_64-linux-gnu/libc-2.23.so
7f7d4cff7000-7f7d4cffb000 rw-p 00000000 00:00 0 
7f7d4cffb000-7f7d4cffe000 r-xp 00000000 08:01 1054113                    /lib/x86_64-linux-gnu/libdl-2.23.so
7f7d4cffe000-7f7d4d1fd000 ---p 00003000 08:01 1054113                    /lib/x86_64-linux-gnu/libdl-2.23.so
7f7d4d1fd000-7f7d4d1fe000 r--p 00002000 08:01 1054113                    /lib/x86_64-linux-gnu/libdl-2.23.so
7f7d4d1fe000-7f7d4d1ff000 rw-p 00003000 08:01 1054113                    /lib/x86_64-linux-gnu/libdl-2.23.so
7f7d4d1ff000-7f7d4d215000 r-xp 00000000 08:01 1449032                    /usr/lib/jvm/jdk1.8.0_181/lib/amd64/jli/libjli.so
7f7d4d215000-7f7d4d414000 ---p 00016000 08:01 1449032                    /usr/lib/jvm/jdk1.8.0_181/lib/amd64/jli/libjli.so
7f7d4d414000-7f7d4d415000 rw-p 00015000 08:01 1449032                    /usr/lib/jvm/jdk1.8.0_181/lib/amd64/jli/libjli.so
7f7d4d415000-7f7d4d42d000 r-xp 00000000 08:01 1054235                    /lib/x86_64-linux-gnu/libpthread-2.23.so
7f7d4d42d000-7f7d4d62c000 ---p 00018000 08:01 1054235                    /lib/x86_64-linux-gnu/libpthread-2.23.so
7f7d4d62c000-7f7d4d62d000 r--p 00017000 08:01 1054235                    /lib/x86_64-linux-gnu/libpthread-2.23.so
7f7d4d62d000-7f7d4d62e000 rw-p 00018000 08:01 1054235                    /lib/x86_64-linux-gnu/libpthread-2.23.so
7f7d4d62e000-7f7d4d632000 rw-p 00000000 00:00 0 
7f7d4d632000-7f7d4d658000 r-xp 00000000 08:01 1054061                    /lib/x86_64-linux-gnu/ld-2.23.so
7f7d4d65e000-7f7d4d668000 r--s 00116000 08:01 2756143                    /usr/lib/jvm/jdk1.8.0_181/jre/lib/ext/localedata.jar
7f7d4d668000-7f7d4d739000 rw-p 00000000 00:00 0 
7f7d4d739000-7f7d4d73c000 ---p 00000000 00:00 0 
7f7d4d73c000-7f7d4d83f000 rw-p 00000000 00:00 0 
7f7d4d83f000-7f7d4d844000 r--s 0009d000 08:01 2756133                    /usr/lib/jvm/jdk1.8.0_181/jre/lib/jsse.jar
7f7d4d844000-7f7d4d84c000 r--s 0006e000 08:01 2248917                    /home/whj/dowork/DiffTGen/lib/commons-lang3-3.5.jar
7f7d4d84c000-7f7d4d84d000 r--s 00000000 08:01 2248922                    /home/whj/dowork/DiffTGen/lib/myprinter.jar
7f7d4d84d000-7f7d4d855000 rw-s 00000000 08:01 1984665                    /tmp/hsperfdata_whj/54380
7f7d4d855000-7f7d4d856000 rw-p 00000000 00:00 0 
7f7d4d856000-7f7d4d857000 ---p 00000000 00:00 0 
7f7d4d857000-7f7d4d858000 r--p 00025000 08:01 1054061                    /lib/x86_64-linux-gnu/ld-2.23.so
7f7d4d858000-7f7d4d859000 rw-p 00026000 08:01 1054061                    /lib/x86_64-linux-gnu/ld-2.23.so
7f7d4d859000-7f7d4d85a000 rw-p 00000000 00:00 0 
7fff6b0e2000-7fff6b104000 rw-p 00000000 00:00 0                          [stack]
7fff6b12f000-7fff6b132000 r--p 00000000 00:00 0                          [vvar]
7fff6b132000-7fff6b134000 r-xp 00000000 00:00 0                          [vdso]
ffffffffff600000-ffffffffff601000 r-xp 00000000 00:00 0                  [vsyscall]

VM Arguments:
java_command: /home/whj/dowork/DiffTGen/lib/evosuite-1.0.6.jar -base_dir /home/whj/dowork/DiffTGen/extra_output/Closure_33_2-plausible_jaid/target/0/11 -projectCP /home/whj/dowork/DiffTGen/extra_output/Closure_33_2-plausible_jaid/target/build/classes/all0.jar:/home/whj/dowork/DiffTGen/lib/myprinter.jar:/home/whj/dowork/DiffTGen/lib/commons-lang3-3.5.jar -class com.google.javascript.rhino.jstype.PrototypeObjectType -Dassertions=false -Dsearch_budget=60
java_class_path (initial): /home/whj/dowork/DiffTGen/lib/evosuite-1.0.6.jar
Launcher Type: SUN_STANDARD

Environment Variables:
JAVA_HOME=/usr/lib/jvm/jdk1.8.0_181
JRE_HOME=/usr/lib/jvm/jdk1.8.0_181/jre
CLASSPATH=.:/usr/lib/jvm/jdk1.8.0_181/lib:/usr/lib/jvm/jdk1.8.0_181/jre/lib
PATH=/home/whj/perl5/bin:/home/whj/dowork/defects4j-1.2.0/framework/bin:/usr/lib/jvm/jdk1.8.0_181/bin:/usr/lib/jvm/jdk1.8.0_181/jre/bin:/home/whj/bin:/home/whj/.local/bin:/usr/local/sbin:/usr/local/bin:/usr/sbin:/usr/bin:/sbin:/bin:/usr/games:/usr/local/games" :/snap/bin:/home/whj/bin
SHELL=/bin/bash
DISPLAY=:0

Signal Handlers:
SIGSEGV: [libjvm.so+0xad2a40], sa_mask[0]=11111111011111111101111111111110, sa_flags=SA_RESTART|SA_SIGINFO
SIGBUS: [libjvm.so+0xad2a40], sa_mask[0]=11111111011111111101111111111110, sa_flags=SA_RESTART|SA_SIGINFO
SIGFPE: [libjvm.so+0x92a610], sa_mask[0]=11111111011111111101111111111110, sa_flags=SA_RESTART|SA_SIGINFO
SIGPIPE: [libjvm.so+0x92a610], sa_mask[0]=11111111011111111101111111111110, sa_flags=SA_RESTART|SA_SIGINFO
SIGXFSZ: [libjvm.so+0x92a610], sa_mask[0]=11111111011111111101111111111110, sa_flags=SA_RESTART|SA_SIGINFO
SIGILL: [libjvm.so+0x92a610], sa_mask[0]=11111111011111111101111111111110, sa_flags=SA_RESTART|SA_SIGINFO
SIGUSR1: SIG_DFL, sa_mask[0]=00000000000000000000000000000000, sa_flags=none
SIGUSR2: [libjvm.so+0x92be70], sa_mask[0]=00100000000000000000000000000000, sa_flags=SA_RESTART|SA_SIGINFO
SIGHUP: [libjvm.so+0x92d270], sa_mask[0]=11111111011111111101111111111110, sa_flags=SA_RESTART|SA_SIGINFO
SIGINT: [libjvm.so+0x92d270], sa_mask[0]=11111111011111111101111111111110, sa_flags=SA_RESTART|SA_SIGINFO
SIGTERM: [libjvm.so+0x92d270], sa_mask[0]=11111111011111111101111111111110, sa_flags=SA_RESTART|SA_SIGINFO
SIGQUIT: [libjvm.so+0x92d270], sa_mask[0]=11111111011111111101111111111110, sa_flags=SA_RESTART|SA_SIGINFO


---------------  S Y S T E M  ---------------

OS:DISTRIB_ID=Ubuntu
DISTRIB_RELEASE=16.04
DISTRIB_CODENAME=xenial
DISTRIB_DESCRIPTION="Ubuntu 16.04.6 LTS"

uname:Linux 4.15.0-91-generic #92~16.04.1-Ubuntu SMP Fri Feb 28 14:57:22 UTC 2020 x86_64
libc:glibc 2.23 NPTL 2.23 
rlimit: STACK 8192k, CORE 0k, NPROC 31576, NOFILE 1048576, AS infinity
load average:17.70 14.65 14.52

/proc/meminfo:
MemTotal:        8144704 kB
MemFree:          111260 kB
MemAvailable:          0 kB
Buffers:             164 kB
Cached:            10784 kB
SwapCached:         2904 kB
Active:          6729068 kB
Inactive:         845452 kB
Active(anon):    6725224 kB
Inactive(anon):   840612 kB
Active(file):       3844 kB
Inactive(file):     4840 kB
Unevictable:          32 kB
Mlocked:              32 kB
SwapTotal:        998396 kB
SwapFree:              4 kB
Dirty:               136 kB
Writeback:             0 kB
AnonPages:       7561008 kB
Mapped:             9204 kB
Shmem:              2020 kB
Slab:              88124 kB
SReclaimable:      31464 kB
SUnreclaim:        56660 kB
KernelStack:       16448 kB
PageTables:        49428 kB
NFS_Unstable:          0 kB
Bounce:                0 kB
WritebackTmp:          0 kB
CommitLimit:     5070748 kB
Committed_AS:   15113524 kB
VmallocTotal:   34359738367 kB
VmallocUsed:           0 kB
VmallocChunk:          0 kB
HardwareCorrupted:     0 kB
AnonHugePages:         0 kB
ShmemHugePages:        0 kB
ShmemPmdMapped:        0 kB
CmaTotal:              0 kB
CmaFree:               0 kB
HugePages_Total:       0
HugePages_Free:        0
HugePages_Rsvd:        0
HugePages_Surp:        0
Hugepagesize:       2048 kB
DirectMap4k:      126784 kB
DirectMap2M:     7213056 kB
DirectMap1G:     3145728 kB


CPU:total 2 (initial active 2) (2 cores per cpu, 1 threads per core) family 6 model 158 stepping 10, cmov, cx8, fxsr, mmx, sse, sse2, sse3, ssse3, sse4.1, sse4.2, popcnt, avx, avx2, aes, clmul, erms, 3dnowpref, lzcnt, tsc, tscinvbit, bmi1, bmi2, adx

/proc/cpuinfo:
processor	: 0
vendor_id	: GenuineIntel
cpu family	: 6
model		: 158
model name	: Intel(R) Core(TM) i7-8750H CPU @ 2.20GHz
stepping	: 10
microcode	: 0x96
cpu MHz		: 2207.999
cache size	: 9216 KB
physical id	: 0
siblings	: 2
core id		: 0
cpu cores	: 2
apicid		: 0
initial apicid	: 0
fpu		: yes
fpu_exception	: yes
cpuid level	: 22
wp		: yes
flags		: fpu vme de pse tsc msr pae mce cx8 apic sep mtrr pge mca cmov pat pse36 clflush mmx fxsr sse sse2 ss ht syscall nx pdpe1gb rdtscp lm constant_tsc arch_perfmon nopl xtopology tsc_reliable nonstop_tsc cpuid pni pclmulqdq ssse3 fma cx16 pcid sse4_1 sse4_2 x2apic movbe popcnt tsc_deadline_timer aes xsave avx f16c rdrand hypervisor lahf_lm abm 3dnowprefetch cpuid_fault invpcid_single pti ssbd ibrs ibpb stibp fsgsbase tsc_adjust bmi1 avx2 smep bmi2 invpcid rdseed adx smap xsaveopt arat flush_l1d arch_capabilities
bugs		: cpu_meltdown spectre_v1 spectre_v2 spec_store_bypass l1tf mds swapgs itlb_multihit
bogomips	: 4415.99
clflush size	: 64
cache_alignment	: 64
address sizes	: 42 bits physical, 48 bits virtual
power management:

processor	: 1
vendor_id	: GenuineIntel
cpu family	: 6
model		: 158
model name	: Intel(R) Core(TM) i7-8750H CPU @ 2.20GHz
stepping	: 10
microcode	: 0x96
cpu MHz		: 2207.999
cache size	: 9216 KB
physical id	: 0
siblings	: 2
core id		: 1
cpu cores	: 2
apicid		: 1
initial apicid	: 1
fpu		: yes
fpu_exception	: yes
cpuid level	: 22
wp		: yes
flags		: fpu vme de pse tsc msr pae mce cx8 apic sep mtrr pge mca cmov pat pse36 clflush mmx fxsr sse sse2 ss ht syscall nx pdpe1gb rdtscp lm constant_tsc arch_perfmon nopl xtopology tsc_reliable nonstop_tsc cpuid pni pclmulqdq ssse3 fma cx16 pcid sse4_1 sse4_2 x2apic movbe popcnt tsc_deadline_timer aes xsave avx f16c rdrand hypervisor lahf_lm abm 3dnowprefetch cpuid_fault invpcid_single pti ssbd ibrs ibpb stibp fsgsbase tsc_adjust bmi1 avx2 smep bmi2 invpcid rdseed adx smap xsaveopt arat flush_l1d arch_capabilities
bugs		: cpu_meltdown spectre_v1 spectre_v2 spec_store_bypass l1tf mds swapgs itlb_multihit
bogomips	: 4415.99
clflush size	: 64
cache_alignment	: 64
address sizes	: 42 bits physical, 48 bits virtual
power management:



Memory: 4k page, physical 8144704k(111260k free), swap 998396k(4k free)

vm_info: Java HotSpot(TM) 64-Bit Server VM (25.181-b13) for linux-amd64 JRE (1.8.0_181-b13), built on Jul  7 2018 00:56:38 by "java_re" with gcc 4.3.0 20080428 (Red Hat 4.3.0-8)

time: Fri Mar 27 15:22:33 2020
elapsed time: 76 seconds (0d 0h 1m 16s)

