#
# There is insufficient memory for the Java Runtime Environment to continue.
# Native memory allocation (mmap) failed to map 67108864 bytes for committing reserved memory.
# Possible reasons:
#   The system is out of physical RAM or swap space
#   In 32 bit mode, the process size limit was hit
# Possible solutions:
#   Reduce memory load on the system
#   Increase physical memory or swap space
#   Check if swap backing store is full
#   Use 64 bit Java on a 64 bit OS
#   Decrease Java heap size (-Xmx/-Xms)
#   Decrease number of Java threads
#   Decrease Java thread stack sizes (-Xss)
#   Set larger code cache with -XX:ReservedCodeCacheSize=
# This output file may be truncated or incomplete.
#
#  Out of Memory Error (os_linux.cpp:2640), pid=22945, tid=0x00007f2251e2c700
#
# JRE version: Java(TM) SE Runtime Environment (8.0_181-b13) (build 1.8.0_181-b13)
# Java VM: Java HotSpot(TM) 64-Bit Server VM (25.181-b13 mixed mode linux-amd64 compressed oops)
# Failed to write core dump. Core dumps have been disabled. To enable core dumping, try "ulimit -c unlimited" before starting Java again
#

---------------  T H R E A D  ---------------

Current thread (0x00007f22680fb800):  VMThread [stack: 0x00007f2251d2c000,0x00007f2251e2d000] [id=22977]

Stack: [0x00007f2251d2c000,0x00007f2251e2d000],  sp=0x00007f2251e2b1a0,  free space=1020k
Native frames: (J=compiled Java code, j=interpreted, Vv=VM code, C=native code)
V  [libjvm.so+0xad21aa]  VMError::report_and_die()+0x2ba
V  [libjvm.so+0x5022db]  report_vm_out_of_memory(char const*, int, unsigned long, VMErrorType, char const*)+0x8b
V  [libjvm.so+0x92fe33]  os::Linux::commit_memory_impl(char*, unsigned long, bool)+0x123
V  [libjvm.so+0x930059]  os::pd_commit_memory(char*, unsigned long, unsigned long, bool)+0x29
V  [libjvm.so+0x9272ba]  os::commit_memory(char*, unsigned long, unsigned long, bool)+0x2a
V  [libjvm.so+0x99d2e3]  PSVirtualSpace::expand_by(unsigned long)+0x53
V  [libjvm.so+0x99e6e8]  PSYoungGen::resize_generation(unsigned long, unsigned long)+0xf8
V  [libjvm.so+0x99d842]  PSYoungGen::resize(unsigned long, unsigned long)+0x22
V  [libjvm.so+0x99ab1b]  PSScavenge::invoke_no_policy()+0xf3b
V  [libjvm.so+0x99b2a1]  PSScavenge::invoke()+0x41
V  [libjvm.so+0x951d70]  ParallelScavengeHeap::failed_mem_allocate(unsigned long)+0x70
V  [libjvm.so+0xad3c27]  VM_ParallelGCFailedAllocation::doit()+0x97
V  [libjvm.so+0xadb745]  VM_Operation::evaluate()+0x55
V  [libjvm.so+0xad9b0a]  VMThread::evaluate_operation(VM_Operation*)+0xba
V  [libjvm.so+0xad9e8e]  VMThread::loop()+0x1ce
V  [libjvm.so+0xada300]  VMThread::run()+0x70
V  [libjvm.so+0x930198]  java_start(Thread*)+0x108

VM_Operation (0x00007f22281eba20): ParallelGCFailedAllocation, mode: safepoint, requested by thread 0x00000000011d5800


---------------  P R O C E S S  ---------------

Java Threads: ( => current thread )
  0x00000000011d5800 JavaThread "RMI TCP Connection(3)-127.0.0.1" daemon [_thread_blocked, id=23367, stack(0x00007f22280f2000,0x00007f22281f3000)]
  0x00007f2240039000 JavaThread "RMI Scheduler(0)" daemon [_thread_blocked, id=23358, stack(0x00007f22281f3000,0x00007f22282f4000)]
  0x00007f2240035800 JavaThread "RMI RenewClean-[127.0.0.1:19843]" daemon [_thread_blocked, id=23341, stack(0x00007f22282f4000,0x00007f22283f5000)]
  0x00007f2210001800 JavaThread "RMI TCP Connection(4)-127.0.0.1" daemon [_thread_in_native, id=23321, stack(0x00007f22283f5000,0x00007f22284f6000)]
  0x00007f2218005000 JavaThread "pool-3-thread-3" [_thread_in_native, id=23276, stack(0x00007f22284f6000,0x00007f22285f7000)]
  0x00007f2218003800 JavaThread "pool-3-thread-2" [_thread_in_native, id=23275, stack(0x00007f22285f7000,0x00007f22286f8000)]
  0x00007f2218002800 JavaThread "pool-3-thread-1" [_thread_in_native, id=23273, stack(0x00007f22286f8000,0x00007f22287f9000)]
  0x00007f226842a000 JavaThread "Thread-3" [_thread_in_native, id=23146, stack(0x00007f22287f9000,0x00007f22288fa000)]
  0x00007f2268428800 JavaThread "Thread-2" [_thread_in_native, id=23140, stack(0x00007f22288fa000,0x00007f22289fb000)]
  0x00007f2268427000 JavaThread "process reaper" daemon [_thread_in_native, id=23136, stack(0x00007f226c037000,0x00007f226c070000)]
  0x00007f2268423000 JavaThread "pool-2-thread-1" [_thread_in_native, id=23098, stack(0x00007f22289fb000,0x00007f2228afc000)]
  0x00007f2268420800 JavaThread "GC Daemon" daemon [_thread_blocked, id=23096, stack(0x00007f2228afc000,0x00007f2228bfd000)]
  0x00007f226841c000 JavaThread "RMI Reaper" [_thread_blocked, id=23095, stack(0x00007f2228bfd000,0x00007f2228cfe000)]
  0x00007f2268415000 JavaThread "RMI TCP Accept-15786" daemon [_thread_in_native, id=23090, stack(0x00007f2228cfe000,0x00007f2228dff000)]
  0x00007f226840e000 JavaThread "RMI TCP Accept-15571" daemon [_thread_in_native, id=23081, stack(0x00007f225002c000,0x00007f225012d000)]
  0x00007f22682b4000 JavaThread "logback-3" daemon [_thread_blocked, id=23060, stack(0x00007f225051b000,0x00007f225061c000)]
  0x00007f22682b2800 JavaThread "logback-2" daemon [_thread_blocked, id=23059, stack(0x00007f225061c000,0x00007f225071d000)]
  0x00007f22682b0800 JavaThread "logback-1" daemon [_thread_blocked, id=23058, stack(0x00007f225071d000,0x00007f225081e000)]
  0x00007f2268142000 JavaThread "Service Thread" daemon [_thread_blocked, id=23025, stack(0x00007f2250d67000,0x00007f2250e68000)]
  0x00007f226813f000 JavaThread "C1 CompilerThread1" daemon [_thread_blocked, id=23017, stack(0x00007f2250e68000,0x00007f2250f69000)]
  0x00007f226813c000 JavaThread "C2 CompilerThread0" daemon [_thread_blocked, id=23003, stack(0x00007f2250f69000,0x00007f225106a000)]
  0x00007f226813a800 JavaThread "Signal Dispatcher" daemon [_thread_blocked, id=22997, stack(0x00007f225106a000,0x00007f225116b000)]
  0x00007f2268107800 JavaThread "Finalizer" daemon [_thread_blocked, id=22995, stack(0x00007f2251b2a000,0x00007f2251c2b000)]
  0x00007f2268105000 JavaThread "Reference Handler" daemon [_thread_blocked, id=22991, stack(0x00007f2251c2b000,0x00007f2251d2c000)]
  0x00007f226800a800 JavaThread "main" [_thread_in_native, id=22950, stack(0x00007f226def8000,0x00007f226dff9000)]

Other Threads:
=>0x00007f22680fb800 VMThread [stack: 0x00007f2251d2c000,0x00007f2251e2d000] [id=22977]
  0x00007f2268146800 WatcherThread [stack: 0x00007f2250c66000,0x00007f2250d67000] [id=23033]

VM state:at safepoint (normal execution)

VM Mutex/Monitor currently owned by a thread:  ([mutex/lock_event])
[0x00007f2268006cc0] Threads_lock - owner thread: 0x00007f22680fb800
[0x00007f22680071c0] Heap_lock - owner thread: 0x00000000011d5800

Heap:
 PSYoungGen      total 70656K, used 5119K [0x00000000d6900000, 0x00000000db300000, 0x0000000100000000)
  eden space 65536K, 0% used [0x00000000d6900000,0x00000000d6900000,0x00000000da900000)
  from space 5120K, 99% used [0x00000000da900000,0x00000000dadffd38,0x00000000dae00000)
  to   space 5120K, 0% used [0x00000000dae00000,0x00000000dae00000,0x00000000db300000)
 ParOldGen       total 86016K, used 13739K [0x0000000083a00000, 0x0000000088e00000, 0x00000000d6900000)
  object space 86016K, 15% used [0x0000000083a00000,0x000000008476ae18,0x0000000088e00000)
 Metaspace       used 14823K, capacity 15328K, committed 15488K, reserved 1062912K
  class space    used 1681K, capacity 1858K, committed 1920K, reserved 1048576K

Card table byte_map: [0x00007f22577bd000,0x00007f2257ba1000] byte_map_base: 0x00007f22573a0000

Marking Bits: (ParMarkBitMap*) 0x00007f226d3c30a0
 Begin Bits: [0x00007f22534f3000, 0x00007f225540b000)
 End Bits:   [0x00007f225540b000, 0x00007f2257323000)

Polling page: 0x00007f226e015000

CodeCache: size=245760Kb used=5870Kb max_used=5870Kb free=239890Kb
 bounds [0x00007f2257f61000, 0x00007f2258521000, 0x00007f2266f61000]
 total_blobs=2144 nmethods=1792 adapters=265
 compilation: enabled

Compilation events (10 events):
Event: 96.592 Thread 0x00007f226813f000 1864       3       org.evosuite.graphs.cfg.BasicBlock::getLastLine (48 bytes)
Event: 96.593 Thread 0x00007f226813f000 nmethod 1864 0x00007f225851cb10 code [0x00007f225851cd00, 0x00007f225851d748]
Event: 96.593 Thread 0x00007f226813f000 1861       3       java.util.ArrayList::listIterator (10 bytes)
Event: 96.593 Thread 0x00007f226813f000 nmethod 1861 0x00007f225851da10 code [0x00007f225851db80, 0x00007f225851de70]
Event: 96.593 Thread 0x00007f226813f000 1862       3       java.util.ArrayList$ListItr::<init> (16 bytes)
Event: 96.593 Thread 0x00007f226813f000 nmethod 1862 0x00007f225851dfd0 code [0x00007f225851e140, 0x00007f225851e390]
Event: 96.593 Thread 0x00007f226813f000 1863       3       java.util.AbstractCollection::isEmpty (13 bytes)
Event: 96.593 Thread 0x00007f226813f000 nmethod 1863 0x00007f225851e4d0 code [0x00007f225851e640, 0x00007f225851e8a8]
Event: 96.593 Thread 0x00007f226813f000 1867       2       org.evosuite.shaded.org.objectweb.asm.tree.InsnList::<init> (5 bytes)
Event: 96.593 Thread 0x00007f226813f000 nmethod 1867 0x00007f225851e950 code [0x00007f225851eaa0, 0x00007f225851ebf0]

GC Heap History (7 events):
Event: 2.683 GC heap before
{Heap before GC invocations=1 (full 0):
 PSYoungGen      total 37888K, used 32768K [0x00000000d6900000, 0x00000000d9300000, 0x0000000100000000)
  eden space 32768K, 100% used [0x00000000d6900000,0x00000000d8900000,0x00000000d8900000)
  from space 5120K, 0% used [0x00000000d8e00000,0x00000000d8e00000,0x00000000d9300000)
  to   space 5120K, 0% used [0x00000000d8900000,0x00000000d8900000,0x00000000d8e00000)
 ParOldGen       total 86016K, used 0K [0x0000000083a00000, 0x0000000088e00000, 0x00000000d6900000)
  object space 86016K, 0% used [0x0000000083a00000,0x0000000083a00000,0x0000000088e00000)
 Metaspace       used 8372K, capacity 8470K, committed 8704K, reserved 1056768K
  class space    used 1004K, capacity 1012K, committed 1024K, reserved 1048576K
Event: 2.730 GC heap after
Heap after GC invocations=1 (full 0):
 PSYoungGen      total 37888K, used 5104K [0x00000000d6900000, 0x00000000db300000, 0x0000000100000000)
  eden space 32768K, 0% used [0x00000000d6900000,0x00000000d6900000,0x00000000d8900000)
  from space 5120K, 99% used [0x00000000d8900000,0x00000000d8dfc040,0x00000000d8e00000)
  to   space 5120K, 0% used [0x00000000dae00000,0x00000000dae00000,0x00000000db300000)
 ParOldGen       total 86016K, used 1745K [0x0000000083a00000, 0x0000000088e00000, 0x00000000d6900000)
  object space 86016K, 2% used [0x0000000083a00000,0x0000000083bb45e0,0x0000000088e00000)
 Metaspace       used 8372K, capacity 8470K, committed 8704K, reserved 1056768K
  class space    used 1004K, capacity 1012K, committed 1024K, reserved 1048576K
}
Event: 3.572 GC heap before
{Heap before GC invocations=2 (full 0):
 PSYoungGen      total 37888K, used 33984K [0x00000000d6900000, 0x00000000db300000, 0x0000000100000000)
  eden space 32768K, 88% used [0x00000000d6900000,0x00000000d8534350,0x00000000d8900000)
  from space 5120K, 99% used [0x00000000d8900000,0x00000000d8dfc040,0x00000000d8e00000)
  to   space 5120K, 0% used [0x00000000dae00000,0x00000000dae00000,0x00000000db300000)
 ParOldGen       total 86016K, used 1745K [0x0000000083a00000, 0x0000000088e00000, 0x00000000d6900000)
  object space 86016K, 2% used [0x0000000083a00000,0x0000000083bb45e0,0x0000000088e00000)
 Metaspace       used 10252K, capacity 10396K, committed 10624K, reserved 1058816K
  class space    used 1237K, capacity 1319K, committed 1408K, reserved 1048576K
Event: 3.613 GC heap after
Heap after GC invocations=2 (full 0):
 PSYoungGen      total 70656K, used 5120K [0x00000000d6900000, 0x00000000db300000, 0x0000000100000000)
  eden space 65536K, 0% used [0x00000000d6900000,0x00000000d6900000,0x00000000da900000)
  from space 5120K, 100% used [0x00000000dae00000,0x00000000db300000,0x00000000db300000)
  to   space 5120K, 0% used [0x00000000da900000,0x00000000da900000,0x00000000dae00000)
 ParOldGen       total 86016K, used 6998K [0x0000000083a00000, 0x0000000088e00000, 0x00000000d6900000)
  object space 86016K, 8% used [0x0000000083a00000,0x00000000840d5880,0x0000000088e00000)
 Metaspace       used 10252K, capacity 10396K, committed 10624K, reserved 1058816K
  class space    used 1237K, capacity 1319K, committed 1408K, reserved 1048576K
}
Event: 3.613 GC heap before
{Heap before GC invocations=3 (full 1):
 PSYoungGen      total 70656K, used 5120K [0x00000000d6900000, 0x00000000db300000, 0x0000000100000000)
  eden space 65536K, 0% used [0x00000000d6900000,0x00000000d6900000,0x00000000da900000)
  from space 5120K, 100% used [0x00000000dae00000,0x00000000db300000,0x00000000db300000)
  to   space 5120K, 0% used [0x00000000da900000,0x00000000da900000,0x00000000dae00000)
 ParOldGen       total 86016K, used 6998K [0x0000000083a00000, 0x0000000088e00000, 0x00000000d6900000)
  object space 86016K, 8% used [0x0000000083a00000,0x00000000840d5880,0x0000000088e00000)
 Metaspace       used 10252K, capacity 10396K, committed 10624K, reserved 1058816K
  class space    used 1237K, capacity 1319K, committed 1408K, reserved 1048576K
Event: 3.784 GC heap after
Heap after GC invocations=3 (full 1):
 PSYoungGen      total 70656K, used 0K [0x00000000d6900000, 0x00000000db300000, 0x0000000100000000)
  eden space 65536K, 0% used [0x00000000d6900000,0x00000000d6900000,0x00000000da900000)
  from space 5120K, 0% used [0x00000000dae00000,0x00000000dae00000,0x00000000db300000)
  to   space 5120K, 0% used [0x00000000da900000,0x00000000da900000,0x00000000dae00000)
 ParOldGen       total 86016K, used 10626K [0x0000000083a00000, 0x0000000088e00000, 0x00000000d6900000)
  object space 86016K, 12% used [0x0000000083a00000,0x0000000084460bf0,0x0000000088e00000)
 Metaspace       used 10244K, capacity 10386K, committed 10624K, reserved 1058816K
  class space    used 1236K, capacity 1317K, committed 1408K, reserved 1048576K
}
Event: 96.642 GC heap before
{Heap before GC invocations=4 (full 1):
 PSYoungGen      total 70656K, used 65536K [0x00000000d6900000, 0x00000000db300000, 0x0000000100000000)
  eden space 65536K, 100% used [0x00000000d6900000,0x00000000da900000,0x00000000da900000)
  from space 5120K, 0% used [0x00000000dae00000,0x00000000dae00000,0x00000000db300000)
  to   space 5120K, 0% used [0x00000000da900000,0x00000000da900000,0x00000000dae00000)
 ParOldGen       total 86016K, used 10626K [0x0000000083a00000, 0x0000000088e00000, 0x00000000d6900000)
  object space 86016K, 12% used [0x0000000083a00000,0x0000000084460bf0,0x0000000088e00000)
 Metaspace       used 14823K, capacity 15328K, committed 15488K, reserved 1062912K
  class space    used 1681K, capacity 1858K, committed 1920K, reserved 1048576K

Deoptimization events (10 events):
Event: 92.150 Thread 0x00000000011d5800 Uncommon trap: reason=uninitialized action=reinterpret pc=0x00007f225834c6ac method=java.io.ObjectInputStream$HandleTable.markDependency(II)V @ 125
Event: 93.444 Thread 0x00000000011d5800 Uncommon trap: reason=class_check action=maybe_recompile pc=0x00007f2258430768 method=java.util.HashMap.putVal(ILjava/lang/Object;Ljava/lang/Object;ZZ)Ljava/lang/Object; @ 203
Event: 93.444 Thread 0x00000000011d5800 Uncommon trap: reason=class_check action=maybe_recompile pc=0x00007f2258430768 method=java.util.HashMap.putVal(ILjava/lang/Object;Ljava/lang/Object;ZZ)Ljava/lang/Object; @ 203
Event: 93.444 Thread 0x00000000011d5800 Uncommon trap: reason=class_check action=maybe_recompile pc=0x00007f2258430768 method=java.util.HashMap.putVal(ILjava/lang/Object;Ljava/lang/Object;ZZ)Ljava/lang/Object; @ 203
Event: 93.444 Thread 0x00000000011d5800 Uncommon trap: reason=class_check action=maybe_recompile pc=0x00007f2258430768 method=java.util.HashMap.putVal(ILjava/lang/Object;Ljava/lang/Object;ZZ)Ljava/lang/Object; @ 203
Event: 93.658 Thread 0x00000000011d5800 Uncommon trap: reason=range_check action=make_not_entrant pc=0x00007f2258443040 method=org.evosuite.shaded.org.objectweb.asm.Type.getType([CI)Lorg/evosuite/shaded/org/objectweb/asm/Type; @ 162
Event: 93.889 Thread 0x00000000011d5800 Uncommon trap: reason=bimorphic action=maybe_recompile pc=0x00007f225845b3ec method=java.util.HashMap.putVal(ILjava/lang/Object;Ljava/lang/Object;ZZ)Ljava/lang/Object; @ 203
Event: 93.889 Thread 0x00000000011d5800 Uncommon trap: reason=bimorphic action=maybe_recompile pc=0x00007f225845b3ec method=java.util.HashMap.putVal(ILjava/lang/Object;Ljava/lang/Object;ZZ)Ljava/lang/Object; @ 203
Event: 94.349 Thread 0x00000000011d5800 Uncommon trap: reason=unstable_if action=reinterpret pc=0x00007f2258477518 method=org.evosuite.shaded.org.objectweb.asm.Item.isEqualTo(Lorg/evosuite/shaded/org/objectweb/asm/Item;)Z @ 345
Event: 96.250 Thread 0x00000000011d5800 Uncommon trap: reason=unstable_if action=reinterpret pc=0x00007f225813dda8 method=java.lang.AbstractStringBuilder.append(Ljava/lang/String;)Ljava/lang/AbstractStringBuilder; @ 1

Classes redefined (0 events):
No events

Internal exceptions (10 events):
Event: 71.649 Thread 0x00007f22682b2800 Exception <a 'java/net/ConnectException'> (0x00000000d6f27e78) thrown at [/HUDSON/workspace/8-2-build-linux-amd64/jdk8u181/11358/hotspot/src/share/vm/prims/jni.cpp, line 709]
Event: 71.667 Thread 0x00007f22682b4000 Exception <a 'java/net/ConnectException'> (0x00000000d6fcbcb0) thrown at [/HUDSON/workspace/8-2-build-linux-amd64/jdk8u181/11358/hotspot/src/share/vm/prims/jni.cpp, line 709]
Event: 81.633 Thread 0x00007f22682b0800 Exception <a 'java/net/ConnectException'> (0x00000000d6e84ca0) thrown at [/HUDSON/workspace/8-2-build-linux-amd64/jdk8u181/11358/hotspot/src/share/vm/prims/jni.cpp, line 709]
Event: 81.650 Thread 0x00007f22682b2800 Exception <a 'java/net/ConnectException'> (0x00000000d6f289a0) thrown at [/HUDSON/workspace/8-2-build-linux-amd64/jdk8u181/11358/hotspot/src/share/vm/prims/jni.cpp, line 709]
Event: 81.668 Thread 0x00007f22682b4000 Exception <a 'java/net/ConnectException'> (0x00000000d6fcc7d8) thrown at [/HUDSON/workspace/8-2-build-linux-amd64/jdk8u181/11358/hotspot/src/share/vm/prims/jni.cpp, line 709]
Event: 91.054 Thread 0x00000000011d5800 Exception <a 'java/lang/NoSuchMethodError': <clinit>> (0x00000000d76b03b8) thrown at [/HUDSON/workspace/8-2-build-linux-amd64/jdk8u181/11358/hotspot/src/share/vm/prims/jni.cpp, line 1613]
Event: 91.633 Thread 0x00007f22682b0800 Exception <a 'java/net/ConnectException'> (0x00000000d6e857c8) thrown at [/HUDSON/workspace/8-2-build-linux-amd64/jdk8u181/11358/hotspot/src/share/vm/prims/jni.cpp, line 709]
Event: 91.650 Thread 0x00007f22682b2800 Exception <a 'java/net/ConnectException'> (0x00000000d6f294c8) thrown at [/HUDSON/workspace/8-2-build-linux-amd64/jdk8u181/11358/hotspot/src/share/vm/prims/jni.cpp, line 709]
Event: 91.669 Thread 0x00007f22682b4000 Exception <a 'java/net/ConnectException'> (0x00000000d6fcd300) thrown at [/HUDSON/workspace/8-2-build-linux-amd64/jdk8u181/11358/hotspot/src/share/vm/prims/jni.cpp, line 709]
Event: 96.250 Thread 0x00000000011d5800 Implicit null exception at 0x00007f225813d9b6 to 0x00007f225813dd91

Events (10 events):
Event: 96.256 Thread 0x00000000011d5800 DEOPT UNPACKING pc=0x00007f2257fa8784 sp=0x00007f22281eb8e0 mode 0
Event: 96.256 Thread 0x00000000011d5800 DEOPT PACKING pc=0x00007f22584a9c2f sp=0x00007f22281ebaf0
Event: 96.256 Thread 0x00000000011d5800 DEOPT UNPACKING pc=0x00007f2257fa8784 sp=0x00007f22281eb8e0 mode 0
Event: 96.455 Thread 0x00000000011d5800 DEOPT PACKING pc=0x00007f22584a4b44 sp=0x00007f22281eba70
Event: 96.455 Thread 0x00000000011d5800 DEOPT UNPACKING pc=0x00007f2257fa8784 sp=0x00007f22281eb7a8 mode 0
Event: 96.510 Thread 0x00000000011d5800 DEOPT PACKING pc=0x00007f22584a3111 sp=0x00007f22281eb920
Event: 96.510 Thread 0x00000000011d5800 DEOPT UNPACKING pc=0x00007f2257fa8784 sp=0x00007f22281eb660 mode 0
Event: 96.511 Thread 0x00000000011d5800 DEOPT PACKING pc=0x00007f22584a3111 sp=0x00007f22281eb8e0
Event: 96.511 Thread 0x00000000011d5800 DEOPT UNPACKING pc=0x00007f2257fa8784 sp=0x00007f22281eb620 mode 0
Event: 96.642 Executing VM operation: ParallelGCFailedAllocation


Dynamic libraries:
00400000-00401000 r-xp 00000000 08:01 1448396                            /usr/lib/jvm/jdk1.8.0_181/bin/java
00600000-00601000 rw-p 00000000 08:01 1448396                            /usr/lib/jvm/jdk1.8.0_181/bin/java
011d3000-011f4000 rw-p 00000000 00:00 0                                  [heap]
83a00000-88e00000 rw-p 00000000 00:00 0 
88e00000-d6900000 ---p 00000000 00:00 0 
d6900000-db300000 rw-p 00000000 00:00 0 
df300000-100000000 ---p 00000000 00:00 0 
100000000-1001e0000 rw-p 00000000 00:00 0 
1001e0000-140000000 ---p 00000000 00:00 0 
7f2210000000-7f2210021000 rw-p 00000000 00:00 0 
7f2210021000-7f2214000000 ---p 00000000 00:00 0 
7f2217c00000-7f2217d40000 rw-p 00000000 00:00 0 
7f2217d40000-7f2217e00000 ---p 00000000 00:00 0 
7f2217e00000-7f2218000000 rw-p 00000000 00:00 0 
7f2218000000-7f2218021000 rw-p 00000000 00:00 0 
7f2218021000-7f221c000000 ---p 00000000 00:00 0 
7f221c000000-7f221c021000 rw-p 00000000 00:00 0 
7f221c021000-7f2220000000 ---p 00000000 00:00 0 
7f2220000000-7f2220021000 rw-p 00000000 00:00 0 
7f2220021000-7f2224000000 ---p 00000000 00:00 0 
7f2224000000-7f2224021000 rw-p 00000000 00:00 0 
7f2224021000-7f2228000000 ---p 00000000 00:00 0 
7f22280f2000-7f22280f5000 ---p 00000000 00:00 0 
7f22280f5000-7f22281f3000 rw-p 00000000 00:00 0 
7f22281f3000-7f22281f6000 ---p 00000000 00:00 0 
7f22281f6000-7f22282f4000 rw-p 00000000 00:00 0 
7f22282f4000-7f22282f7000 ---p 00000000 00:00 0 
7f22282f7000-7f22283f5000 rw-p 00000000 00:00 0 
7f22283f5000-7f22283f8000 ---p 00000000 00:00 0 
7f22283f8000-7f22284f6000 rw-p 00000000 00:00 0 
7f22284f6000-7f22284f9000 ---p 00000000 00:00 0 
7f22284f9000-7f22285f7000 rw-p 00000000 00:00 0 
7f22285f7000-7f22285fa000 ---p 00000000 00:00 0 
7f22285fa000-7f22286f8000 rw-p 00000000 00:00 0 
7f22286f8000-7f22286fb000 ---p 00000000 00:00 0 
7f22286fb000-7f22287f9000 rw-p 00000000 00:00 0 
7f22287f9000-7f22287fc000 ---p 00000000 00:00 0 
7f22287fc000-7f22288fa000 rw-p 00000000 00:00 0 
7f22288fa000-7f22288fd000 ---p 00000000 00:00 0 
7f22288fd000-7f22289fb000 rw-p 00000000 00:00 0 
7f22289fb000-7f22289fe000 ---p 00000000 00:00 0 
7f22289fe000-7f2228afc000 rw-p 00000000 00:00 0 
7f2228afc000-7f2228aff000 ---p 00000000 00:00 0 
7f2228aff000-7f2228bfd000 rw-p 00000000 00:00 0 
7f2228bfd000-7f2228c00000 ---p 00000000 00:00 0 
7f2228c00000-7f2228cfe000 rw-p 00000000 00:00 0 
7f2228cfe000-7f2228d01000 ---p 00000000 00:00 0 
7f2228d01000-7f2228fff000 rw-p 00000000 00:00 0 
7f2228fff000-7f222c000000 rw-p 00000000 00:00 0 
7f222c000000-7f222c60b000 rw-p 00000000 00:00 0 
7f222c60b000-7f2230000000 ---p 00000000 00:00 0 
7f2230000000-7f2230021000 rw-p 00000000 00:00 0 
7f2230021000-7f2234000000 ---p 00000000 00:00 0 
7f2234000000-7f2234021000 rw-p 00000000 00:00 0 
7f2234021000-7f2238000000 ---p 00000000 00:00 0 
7f2238000000-7f2238d2d000 rw-p 00000000 00:00 0 
7f2238d2d000-7f223c000000 ---p 00000000 00:00 0 
7f223c000000-7f223c021000 rw-p 00000000 00:00 0 
7f223c021000-7f2240000000 ---p 00000000 00:00 0 
7f2240000000-7f224003b000 rw-p 00000000 00:00 0 
7f224003b000-7f2244000000 ---p 00000000 00:00 0 
7f2244000000-7f22444b4000 rw-p 00000000 00:00 0 
7f22444b4000-7f2248000000 ---p 00000000 00:00 0 
7f2248000000-7f2248293000 rw-p 00000000 00:00 0 
7f2248293000-7f224c000000 ---p 00000000 00:00 0 
7f224c000000-7f224c021000 rw-p 00000000 00:00 0 
7f224c021000-7f2250000000 ---p 00000000 00:00 0 
7f225002c000-7f225002f000 ---p 00000000 00:00 0 
7f225002f000-7f225012d000 rw-p 00000000 00:00 0 
7f225012d000-7f22504a2000 r--s 03318000 08:01 1984588                    /home/whj/dowork/DiffTGen/extra_output/Closure_92_7_sequencer/target/build/classes/all0.jar
7f22504a2000-7f225051b000 r--s 010f9000 08:01 1448503                    /usr/lib/jvm/jdk1.8.0_181/lib/tools.jar
7f225051b000-7f225051e000 ---p 00000000 00:00 0 
7f225051e000-7f225061c000 rw-p 00000000 00:00 0 
7f225061c000-7f225061f000 ---p 00000000 00:00 0 
7f225061f000-7f225071d000 rw-p 00000000 00:00 0 
7f225071d000-7f2250720000 ---p 00000000 00:00 0 
7f2250720000-7f225081e000 rw-p 00000000 00:00 0 
7f225081e000-7f2250834000 r-xp 00000000 08:01 2756237                    /usr/lib/jvm/jdk1.8.0_181/jre/lib/amd64/libnet.so
7f2250834000-7f2250a34000 ---p 00016000 08:01 2756237                    /usr/lib/jvm/jdk1.8.0_181/jre/lib/amd64/libnet.so
7f2250a34000-7f2250a35000 rw-p 00016000 08:01 2756237                    /usr/lib/jvm/jdk1.8.0_181/jre/lib/amd64/libnet.so
7f2250a35000-7f2250c66000 r--s 01bb1000 08:01 1706762                    /home/whj/dowork/DiffTGen/lib/evosuite-1.0.6.jar
7f2250c66000-7f2250c67000 ---p 00000000 00:00 0 
7f2250c67000-7f2250d67000 rw-p 00000000 00:00 0 
7f2250d67000-7f2250d6a000 ---p 00000000 00:00 0 
7f2250d6a000-7f2250e68000 rw-p 00000000 00:00 0 
7f2250e68000-7f2250e6b000 ---p 00000000 00:00 0 
7f2250e6b000-7f2250f69000 rw-p 00000000 00:00 0 
7f2250f69000-7f2250f6c000 ---p 00000000 00:00 0 
7f2250f6c000-7f225106a000 rw-p 00000000 00:00 0 
7f225106a000-7f225106d000 ---p 00000000 00:00 0 
7f225106d000-7f225116b000 rw-p 00000000 00:00 0 
7f225116b000-7f2251b2a000 r--p 00000000 08:01 1316108                    /usr/lib/locale/locale-archive
7f2251b2a000-7f2251b2d000 ---p 00000000 00:00 0 
7f2251b2d000-7f2251c2b000 rw-p 00000000 00:00 0 
7f2251c2b000-7f2251c2e000 ---p 00000000 00:00 0 
7f2251c2e000-7f2251d2c000 rw-p 00000000 00:00 0 
7f2251d2c000-7f2251d2d000 ---p 00000000 00:00 0 
7f2251d2d000-7f2252736000 rw-p 00000000 00:00 0 
7f2252736000-7f2252910000 r--s 03d6b000 08:01 2756084                    /usr/lib/jvm/jdk1.8.0_181/jre/lib/rt.jar
7f2252910000-7f2257323000 rw-p 00000000 00:00 0 
7f2257323000-7f2257324000 ---p 00000000 00:00 0 
7f2257324000-7f2257424000 rw-p 00000000 00:00 0 
7f2257424000-7f2257425000 ---p 00000000 00:00 0 
7f2257425000-7f225754f000 rw-p 00000000 00:00 0 
7f225754f000-7f22577bd000 ---p 00000000 00:00 0 
7f22577bd000-7f22577e7000 rw-p 00000000 00:00 0 
7f22577e7000-7f2257a54000 ---p 00000000 00:00 0 
7f2257a54000-7f2257a7a000 rw-p 00000000 00:00 0 
7f2257a7a000-7f2257ba0000 ---p 00000000 00:00 0 
7f2257ba0000-7f2257bb8000 rw-p 00000000 00:00 0 
7f2257bb8000-7f2257f61000 ---p 00000000 00:00 0 
7f2257f61000-7f2258521000 rwxp 00000000 00:00 0 
7f2258521000-7f2266f61000 ---p 00000000 00:00 0 
7f2266f61000-7f2266f7c000 r-xp 00000000 08:01 2756233                    /usr/lib/jvm/jdk1.8.0_181/jre/lib/amd64/libzip.so
7f2266f7c000-7f226717c000 ---p 0001b000 08:01 2756233                    /usr/lib/jvm/jdk1.8.0_181/jre/lib/amd64/libzip.so
7f226717c000-7f226717d000 rw-p 0001b000 08:01 2756233                    /usr/lib/jvm/jdk1.8.0_181/jre/lib/amd64/libzip.so
7f226717d000-7f2267188000 r-xp 00000000 08:01 1054188                    /lib/x86_64-linux-gnu/libnss_files-2.23.so
7f2267188000-7f2267387000 ---p 0000b000 08:01 1054188                    /lib/x86_64-linux-gnu/libnss_files-2.23.so
7f2267387000-7f2267388000 r--p 0000a000 08:01 1054188                    /lib/x86_64-linux-gnu/libnss_files-2.23.so
7f2267388000-7f2267389000 rw-p 0000b000 08:01 1054188                    /lib/x86_64-linux-gnu/libnss_files-2.23.so
7f2267389000-7f226738f000 rw-p 00000000 00:00 0 
7f226738f000-7f226739a000 r-xp 00000000 08:01 1054198                    /lib/x86_64-linux-gnu/libnss_nis-2.23.so
7f226739a000-7f2267599000 ---p 0000b000 08:01 1054198                    /lib/x86_64-linux-gnu/libnss_nis-2.23.so
7f2267599000-7f226759a000 r--p 0000a000 08:01 1054198                    /lib/x86_64-linux-gnu/libnss_nis-2.23.so
7f226759a000-7f226759b000 rw-p 0000b000 08:01 1054198                    /lib/x86_64-linux-gnu/libnss_nis-2.23.so
7f226759b000-7f22675b1000 r-xp 00000000 08:01 1054182                    /lib/x86_64-linux-gnu/libnsl-2.23.so
7f22675b1000-7f22677b0000 ---p 00016000 08:01 1054182                    /lib/x86_64-linux-gnu/libnsl-2.23.so
7f22677b0000-7f22677b1000 r--p 00015000 08:01 1054182                    /lib/x86_64-linux-gnu/libnsl-2.23.so
7f22677b1000-7f22677b2000 rw-p 00016000 08:01 1054182                    /lib/x86_64-linux-gnu/libnsl-2.23.so
7f22677b2000-7f22677b4000 rw-p 00000000 00:00 0 
7f22677b4000-7f22677bc000 r-xp 00000000 08:01 1054184                    /lib/x86_64-linux-gnu/libnss_compat-2.23.so
7f22677bc000-7f22679bb000 ---p 00008000 08:01 1054184                    /lib/x86_64-linux-gnu/libnss_compat-2.23.so
7f22679bb000-7f22679bc000 r--p 00007000 08:01 1054184                    /lib/x86_64-linux-gnu/libnss_compat-2.23.so
7f22679bc000-7f22679bd000 rw-p 00008000 08:01 1054184                    /lib/x86_64-linux-gnu/libnss_compat-2.23.so
7f22679bd000-7f22679e8000 r-xp 00000000 08:01 2756227                    /usr/lib/jvm/jdk1.8.0_181/jre/lib/amd64/libjava.so
7f22679e8000-7f2267be7000 ---p 0002b000 08:01 2756227                    /usr/lib/jvm/jdk1.8.0_181/jre/lib/amd64/libjava.so
7f2267be7000-7f2267be9000 rw-p 0002a000 08:01 2756227                    /usr/lib/jvm/jdk1.8.0_181/jre/lib/amd64/libjava.so
7f2267be9000-7f2267bf6000 r-xp 00000000 08:01 2756232                    /usr/lib/jvm/jdk1.8.0_181/jre/lib/amd64/libverify.so
7f2267bf6000-7f2267df6000 ---p 0000d000 08:01 2756232                    /usr/lib/jvm/jdk1.8.0_181/jre/lib/amd64/libverify.so
7f2267df6000-7f2267df8000 rw-p 0000d000 08:01 2756232                    /usr/lib/jvm/jdk1.8.0_181/jre/lib/amd64/libverify.so
7f2267df8000-7f2267dff000 r-xp 00000000 08:01 1054243                    /lib/x86_64-linux-gnu/librt-2.23.so
7f2267dff000-7f2267ffe000 ---p 00007000 08:01 1054243                    /lib/x86_64-linux-gnu/librt-2.23.so
7f2267ffe000-7f2267fff000 r--p 00006000 08:01 1054243                    /lib/x86_64-linux-gnu/librt-2.23.so
7f2267fff000-7f2268000000 rw-p 00007000 08:01 1054243                    /lib/x86_64-linux-gnu/librt-2.23.so
7f2268000000-7f226848c000 rw-p 00000000 00:00 0 
7f226848c000-7f226c000000 ---p 00000000 00:00 0 
7f226c008000-7f226c01b000 r--s 00345000 08:01 2756119                    /usr/lib/jvm/jdk1.8.0_181/jre/lib/resources.jar
7f226c01b000-7f226c037000 r--s 00393000 08:01 2756136                    /usr/lib/jvm/jdk1.8.0_181/jre/lib/ext/cldrdata.jar
7f226c037000-7f226c03a000 ---p 00000000 00:00 0 
7f226c03a000-7f226c0e6000 rw-p 00000000 00:00 0 
7f226c0e6000-7f226c1ee000 r-xp 00000000 08:01 1054159                    /lib/x86_64-linux-gnu/libm-2.23.so
7f226c1ee000-7f226c3ed000 ---p 00108000 08:01 1054159                    /lib/x86_64-linux-gnu/libm-2.23.so
7f226c3ed000-7f226c3ee000 r--p 00107000 08:01 1054159                    /lib/x86_64-linux-gnu/libm-2.23.so
7f226c3ee000-7f226c3ef000 rw-p 00108000 08:01 1054159                    /lib/x86_64-linux-gnu/libm-2.23.so
7f226c3ef000-7f226d0cb000 r-xp 00000000 08:01 2756209                    /usr/lib/jvm/jdk1.8.0_181/jre/lib/amd64/server/libjvm.so
7f226d0cb000-7f226d2cb000 ---p 00cdc000 08:01 2756209                    /usr/lib/jvm/jdk1.8.0_181/jre/lib/amd64/server/libjvm.so
7f226d2cb000-7f226d3a5000 rw-p 00cdc000 08:01 2756209                    /usr/lib/jvm/jdk1.8.0_181/jre/lib/amd64/server/libjvm.so
7f226d3a5000-7f226d3f0000 rw-p 00000000 00:00 0 
7f226d3f0000-7f226d5b0000 r-xp 00000000 08:01 1054089                    /lib/x86_64-linux-gnu/libc-2.23.so
7f226d5b0000-7f226d7b0000 ---p 001c0000 08:01 1054089                    /lib/x86_64-linux-gnu/libc-2.23.so
7f226d7b0000-7f226d7b4000 r--p 001c0000 08:01 1054089                    /lib/x86_64-linux-gnu/libc-2.23.so
7f226d7b4000-7f226d7b6000 rw-p 001c4000 08:01 1054089                    /lib/x86_64-linux-gnu/libc-2.23.so
7f226d7b6000-7f226d7ba000 rw-p 00000000 00:00 0 
7f226d7ba000-7f226d7bd000 r-xp 00000000 08:01 1054113                    /lib/x86_64-linux-gnu/libdl-2.23.so
7f226d7bd000-7f226d9bc000 ---p 00003000 08:01 1054113                    /lib/x86_64-linux-gnu/libdl-2.23.so
7f226d9bc000-7f226d9bd000 r--p 00002000 08:01 1054113                    /lib/x86_64-linux-gnu/libdl-2.23.so
7f226d9bd000-7f226d9be000 rw-p 00003000 08:01 1054113                    /lib/x86_64-linux-gnu/libdl-2.23.so
7f226d9be000-7f226d9d4000 r-xp 00000000 08:01 1449032                    /usr/lib/jvm/jdk1.8.0_181/lib/amd64/jli/libjli.so
7f226d9d4000-7f226dbd3000 ---p 00016000 08:01 1449032                    /usr/lib/jvm/jdk1.8.0_181/lib/amd64/jli/libjli.so
7f226dbd3000-7f226dbd4000 rw-p 00015000 08:01 1449032                    /usr/lib/jvm/jdk1.8.0_181/lib/amd64/jli/libjli.so
7f226dbd4000-7f226dbec000 r-xp 00000000 08:01 1054235                    /lib/x86_64-linux-gnu/libpthread-2.23.so
7f226dbec000-7f226ddeb000 ---p 00018000 08:01 1054235                    /lib/x86_64-linux-gnu/libpthread-2.23.so
7f226ddeb000-7f226ddec000 r--p 00017000 08:01 1054235                    /lib/x86_64-linux-gnu/libpthread-2.23.so
7f226ddec000-7f226dded000 rw-p 00018000 08:01 1054235                    /lib/x86_64-linux-gnu/libpthread-2.23.so
7f226dded000-7f226ddf1000 rw-p 00000000 00:00 0 
7f226ddf1000-7f226de17000 r-xp 00000000 08:01 1054061                    /lib/x86_64-linux-gnu/ld-2.23.so
7f226de1d000-7f226de27000 r--s 00116000 08:01 2756143                    /usr/lib/jvm/jdk1.8.0_181/jre/lib/ext/localedata.jar
7f226de27000-7f226def8000 rw-p 00000000 00:00 0 
7f226def8000-7f226defb000 ---p 00000000 00:00 0 
7f226defb000-7f226dffe000 rw-p 00000000 00:00 0 
7f226dffe000-7f226e003000 r--s 0009d000 08:01 2756133                    /usr/lib/jvm/jdk1.8.0_181/jre/lib/jsse.jar
7f226e003000-7f226e00b000 r--s 0006e000 08:01 2248917                    /home/whj/dowork/DiffTGen/lib/commons-lang3-3.5.jar
7f226e00b000-7f226e00c000 r--s 00000000 08:01 2248922                    /home/whj/dowork/DiffTGen/lib/myprinter.jar
7f226e00c000-7f226e014000 rw-s 00000000 08:01 1984585                    /tmp/hsperfdata_whj/22945
7f226e014000-7f226e015000 rw-p 00000000 00:00 0 
7f226e015000-7f226e016000 ---p 00000000 00:00 0 
7f226e016000-7f226e017000 r--p 00025000 08:01 1054061                    /lib/x86_64-linux-gnu/ld-2.23.so
7f226e017000-7f226e018000 rw-p 00026000 08:01 1054061                    /lib/x86_64-linux-gnu/ld-2.23.so
7f226e018000-7f226e019000 rw-p 00000000 00:00 0 
7fff7e0b8000-7fff7e0da000 rw-p 00000000 00:00 0                          [stack]
7fff7e1ad000-7fff7e1b0000 r--p 00000000 00:00 0                          [vvar]
7fff7e1b0000-7fff7e1b2000 r-xp 00000000 00:00 0                          [vdso]
ffffffffff600000-ffffffffff601000 r-xp 00000000 00:00 0                  [vsyscall]

VM Arguments:
java_command: /home/whj/dowork/DiffTGen/lib/evosuite-1.0.6.jar -base_dir /home/whj/dowork/DiffTGen/extra_output/Closure_92_7_sequencer/target/0/12 -projectCP /home/whj/dowork/DiffTGen/extra_output/Closure_92_7_sequencer/target/build/classes/all0.jar:/home/whj/dowork/DiffTGen/lib/myprinter.jar:/home/whj/dowork/DiffTGen/lib/commons-lang3-3.5.jar -class com.google.javascript.jscomp.ProcessClosurePrimitives -Dassertions=false -Dsearch_budget=60
java_class_path (initial): /home/whj/dowork/DiffTGen/lib/evosuite-1.0.6.jar
Launcher Type: SUN_STANDARD

Environment Variables:
JAVA_HOME=/usr/lib/jvm/jdk1.8.0_181
JRE_HOME=/usr/lib/jvm/jdk1.8.0_181/jre
CLASSPATH=.:/usr/lib/jvm/jdk1.8.0_181/lib:/usr/lib/jvm/jdk1.8.0_181/jre/lib
PATH=/home/whj/perl5/bin:/home/whj/dowork/defects4j-1.2.0/framework/bin:/usr/lib/jvm/jdk1.8.0_181/bin:/usr/lib/jvm/jdk1.8.0_181/jre/bin:/home/whj/bin:/home/whj/.local/bin:/usr/local/sbin:/usr/local/bin:/usr/sbin:/usr/bin:/sbin:/bin:/usr/games:/usr/local/games" :/snap/bin:/home/whj/bin
SHELL=/bin/bash
DISPLAY=:0

Signal Handlers:
SIGSEGV: [libjvm.so+0xad2a40], sa_mask[0]=11111111011111111101111111111110, sa_flags=SA_RESTART|SA_SIGINFO
SIGBUS: [libjvm.so+0xad2a40], sa_mask[0]=11111111011111111101111111111110, sa_flags=SA_RESTART|SA_SIGINFO
SIGFPE: [libjvm.so+0x92a610], sa_mask[0]=11111111011111111101111111111110, sa_flags=SA_RESTART|SA_SIGINFO
SIGPIPE: [libjvm.so+0x92a610], sa_mask[0]=11111111011111111101111111111110, sa_flags=SA_RESTART|SA_SIGINFO
SIGXFSZ: [libjvm.so+0x92a610], sa_mask[0]=11111111011111111101111111111110, sa_flags=SA_RESTART|SA_SIGINFO
SIGILL: [libjvm.so+0x92a610], sa_mask[0]=11111111011111111101111111111110, sa_flags=SA_RESTART|SA_SIGINFO
SIGUSR1: SIG_DFL, sa_mask[0]=00000000000000000000000000000000, sa_flags=none
SIGUSR2: [libjvm.so+0x92be70], sa_mask[0]=00100000000000000000000000000000, sa_flags=SA_RESTART|SA_SIGINFO
SIGHUP: [libjvm.so+0x92d270], sa_mask[0]=11111111011111111101111111111110, sa_flags=SA_RESTART|SA_SIGINFO
SIGINT: [libjvm.so+0x92d270], sa_mask[0]=11111111011111111101111111111110, sa_flags=SA_RESTART|SA_SIGINFO
SIGTERM: [libjvm.so+0x92d270], sa_mask[0]=11111111011111111101111111111110, sa_flags=SA_RESTART|SA_SIGINFO
SIGQUIT: [libjvm.so+0x92d270], sa_mask[0]=11111111011111111101111111111110, sa_flags=SA_RESTART|SA_SIGINFO


---------------  S Y S T E M  ---------------

OS:DISTRIB_ID=Ubuntu
DISTRIB_RELEASE=16.04
DISTRIB_CODENAME=xenial
DISTRIB_DESCRIPTION="Ubuntu 16.04.6 LTS"

uname:Linux 4.15.0-91-generic #92~16.04.1-Ubuntu SMP Fri Feb 28 14:57:22 UTC 2020 x86_64
libc:glibc 2.23 NPTL 2.23 
rlimit: STACK 8192k, CORE 0k, NPROC 31576, NOFILE 1048576, AS infinity
load average:16.94 15.41 15.10

/proc/meminfo:
MemTotal:        8144704 kB
MemFree:         1109664 kB
MemAvailable:     996492 kB
Buffers:             272 kB
Cached:            17200 kB
SwapCached:         2264 kB
Active:          5830140 kB
Inactive:         750172 kB
Active(anon):    5821840 kB
Inactive(anon):   742628 kB
Active(file):       8300 kB
Inactive(file):     7544 kB
Unevictable:          32 kB
Mlocked:              32 kB
SwapTotal:        998396 kB
SwapFree:            104 kB
Dirty:                12 kB
Writeback:          1072 kB
AnonPages:       6561540 kB
Mapped:            13160 kB
Shmem:              1384 kB
Slab:              88388 kB
SReclaimable:      31452 kB
SUnreclaim:        56936 kB
KernelStack:       15120 kB
PageTables:        46320 kB
NFS_Unstable:          0 kB
Bounce:                0 kB
WritebackTmp:          0 kB
CommitLimit:     5070748 kB
Committed_AS:   12777716 kB
VmallocTotal:   34359738367 kB
VmallocUsed:           0 kB
VmallocChunk:          0 kB
HardwareCorrupted:     0 kB
AnonHugePages:         0 kB
ShmemHugePages:        0 kB
ShmemPmdMapped:        0 kB
CmaTotal:              0 kB
CmaFree:               0 kB
HugePages_Total:       0
HugePages_Free:        0
HugePages_Rsvd:        0
HugePages_Surp:        0
Hugepagesize:       2048 kB
DirectMap4k:      114496 kB
DirectMap2M:     6176768 kB
DirectMap1G:     4194304 kB


CPU:total 2 (initial active 2) (2 cores per cpu, 1 threads per core) family 6 model 158 stepping 10, cmov, cx8, fxsr, mmx, sse, sse2, sse3, ssse3, sse4.1, sse4.2, popcnt, avx, avx2, aes, clmul, erms, 3dnowpref, lzcnt, tsc, tscinvbit, bmi1, bmi2, adx

/proc/cpuinfo:
processor	: 0
vendor_id	: GenuineIntel
cpu family	: 6
model		: 158
model name	: Intel(R) Core(TM) i7-8750H CPU @ 2.20GHz
stepping	: 10
microcode	: 0x96
cpu MHz		: 2207.999
cache size	: 9216 KB
physical id	: 0
siblings	: 2
core id		: 0
cpu cores	: 2
apicid		: 0
initial apicid	: 0
fpu		: yes
fpu_exception	: yes
cpuid level	: 22
wp		: yes
flags		: fpu vme de pse tsc msr pae mce cx8 apic sep mtrr pge mca cmov pat pse36 clflush mmx fxsr sse sse2 ss ht syscall nx pdpe1gb rdtscp lm constant_tsc arch_perfmon nopl xtopology tsc_reliable nonstop_tsc cpuid pni pclmulqdq ssse3 fma cx16 pcid sse4_1 sse4_2 x2apic movbe popcnt tsc_deadline_timer aes xsave avx f16c rdrand hypervisor lahf_lm abm 3dnowprefetch cpuid_fault invpcid_single pti ssbd ibrs ibpb stibp fsgsbase tsc_adjust bmi1 avx2 smep bmi2 invpcid rdseed adx smap xsaveopt arat flush_l1d arch_capabilities
bugs		: cpu_meltdown spectre_v1 spectre_v2 spec_store_bypass l1tf mds swapgs itlb_multihit
bogomips	: 4415.99
clflush size	: 64
cache_alignment	: 64
address sizes	: 42 bits physical, 48 bits virtual
power management:

processor	: 1
vendor_id	: GenuineIntel
cpu family	: 6
model		: 158
model name	: Intel(R) Core(TM) i7-8750H CPU @ 2.20GHz
stepping	: 10
microcode	: 0x96
cpu MHz		: 2207.999
cache size	: 9216 KB
physical id	: 0
siblings	: 2
core id		: 1
cpu cores	: 2
apicid		: 1
initial apicid	: 1
fpu		: yes
fpu_exception	: yes
cpuid level	: 22
wp		: yes
flags		: fpu vme de pse tsc msr pae mce cx8 apic sep mtrr pge mca cmov pat pse36 clflush mmx fxsr sse sse2 ss ht syscall nx pdpe1gb rdtscp lm constant_tsc arch_perfmon nopl xtopology tsc_reliable nonstop_tsc cpuid pni pclmulqdq ssse3 fma cx16 pcid sse4_1 sse4_2 x2apic movbe popcnt tsc_deadline_timer aes xsave avx f16c rdrand hypervisor lahf_lm abm 3dnowprefetch cpuid_fault invpcid_single pti ssbd ibrs ibpb stibp fsgsbase tsc_adjust bmi1 avx2 smep bmi2 invpcid rdseed adx smap xsaveopt arat flush_l1d arch_capabilities
bugs		: cpu_meltdown spectre_v1 spectre_v2 spec_store_bypass l1tf mds swapgs itlb_multihit
bogomips	: 4415.99
clflush size	: 64
cache_alignment	: 64
address sizes	: 42 bits physical, 48 bits virtual
power management:



Memory: 4k page, physical 8144704k(1109664k free), swap 998396k(112k free)

vm_info: Java HotSpot(TM) 64-Bit Server VM (25.181-b13) for linux-amd64 JRE (1.8.0_181-b13), built on Jul  7 2018 00:56:38 by "java_re" with gcc 4.3.0 20080428 (Red Hat 4.3.0-8)

time: Fri Mar 27 12:49:11 2020
elapsed time: 100 seconds (0d 0h 1m 40s)

