#
# There is insufficient memory for the Java Runtime Environment to continue.
# Native memory allocation (mmap) failed to map 134217728 bytes for committing reserved memory.
# Possible reasons:
#   The system is out of physical RAM or swap space
#   In 32 bit mode, the process size limit was hit
# Possible solutions:
#   Reduce memory load on the system
#   Increase physical memory or swap space
#   Check if swap backing store is full
#   Use 64 bit Java on a 64 bit OS
#   Decrease Java heap size (-Xmx/-Xms)
#   Decrease number of Java threads
#   Decrease Java thread stack sizes (-Xss)
#   Set larger code cache with -XX:ReservedCodeCacheSize=
# This output file may be truncated or incomplete.
#
#  Out of Memory Error (os_linux.cpp:2640), pid=120103, tid=0x00007fd09cdfd700
#
# JRE version: Java(TM) SE Runtime Environment (8.0_181-b13) (build 1.8.0_181-b13)
# Java VM: Java HotSpot(TM) 64-Bit Server VM (25.181-b13 mixed mode linux-amd64 compressed oops)
# Failed to write core dump. Core dumps have been disabled. To enable core dumping, try "ulimit -c unlimited" before starting Java again
#

---------------  T H R E A D  ---------------

Current thread (0x00007fd0ac0fb800):  VMThread [stack: 0x00007fd09ccfd000,0x00007fd09cdfe000] [id=120145]

Stack: [0x00007fd09ccfd000,0x00007fd09cdfe000],  sp=0x00007fd09cdfc0a0,  free space=1020k
Native frames: (J=compiled Java code, j=interpreted, Vv=VM code, C=native code)
V  [libjvm.so+0xad21aa]  VMError::report_and_die()+0x2ba
V  [libjvm.so+0x5022db]  report_vm_out_of_memory(char const*, int, unsigned long, VMErrorType, char const*)+0x8b
V  [libjvm.so+0x92fe33]  os::Linux::commit_memory_impl(char*, unsigned long, bool)+0x123
V  [libjvm.so+0x930059]  os::pd_commit_memory(char*, unsigned long, unsigned long, bool)+0x29
V  [libjvm.so+0x9272ba]  os::commit_memory(char*, unsigned long, unsigned long, bool)+0x2a
V  [libjvm.so+0x99d2e3]  PSVirtualSpace::expand_by(unsigned long)+0x53
V  [libjvm.so+0x99e6e8]  PSYoungGen::resize_generation(unsigned long, unsigned long)+0xf8
V  [libjvm.so+0x99d842]  PSYoungGen::resize(unsigned long, unsigned long)+0x22
V  [libjvm.so+0x99ab1b]  PSScavenge::invoke_no_policy()+0xf3b
V  [libjvm.so+0x99b2a1]  PSScavenge::invoke()+0x41
V  [libjvm.so+0x951d70]  ParallelScavengeHeap::failed_mem_allocate(unsigned long)+0x70
V  [libjvm.so+0xad3c27]  VM_ParallelGCFailedAllocation::doit()+0x97
V  [libjvm.so+0xadb745]  VM_Operation::evaluate()+0x55
V  [libjvm.so+0xad9b0a]  VMThread::evaluate_operation(VM_Operation*)+0xba
V  [libjvm.so+0xad9e8e]  VMThread::loop()+0x1ce
V  [libjvm.so+0xada300]  VMThread::run()+0x70
V  [libjvm.so+0x930198]  java_start(Thread*)+0x108

VM_Operation (0x00007fd05f8f4160): ParallelGCFailedAllocation, mode: safepoint, requested by thread 0x00000000016dd000


---------------  P R O C E S S  ---------------

Java Threads: ( => current thread )
  0x00000000016dd000 JavaThread "RMI TCP Connection(5)-127.0.0.1" daemon [_thread_blocked, id=120573, stack(0x00007fd05f7f8000,0x00007fd05f8f9000)]
  0x00000000016db800 JavaThread "RMI TCP Connection(4)-127.0.0.1" daemon [_thread_in_native, id=120479, stack(0x00007fd05f4f5000,0x00007fd05f5f6000)]
  0x00007fd088038800 JavaThread "RMI Scheduler(0)" daemon [_thread_blocked, id=120472, stack(0x00007fd05f5f6000,0x00007fd05f6f7000)]
  0x00007fd088032800 JavaThread "RMI RenewClean-[127.0.0.1:7139]" daemon [_thread_blocked, id=120464, stack(0x00007fd05f6f7000,0x00007fd05f7f8000)]
  0x00007fd060005800 JavaThread "pool-3-thread-3" [_thread_in_native, id=120413, stack(0x00007fd05f8f9000,0x00007fd05f9fa000)]
  0x00007fd060003800 JavaThread "pool-3-thread-2" [_thread_in_native, id=120411, stack(0x00007fd05f9fa000,0x00007fd05fafb000)]
  0x00007fd060002800 JavaThread "pool-3-thread-1" [_thread_in_native, id=120407, stack(0x00007fd05fafb000,0x00007fd05fbfc000)]
  0x00007fd0ac3f3800 JavaThread "Thread-3" [_thread_in_native, id=120288, stack(0x00007fd05fbfc000,0x00007fd05fcfd000)]
  0x00007fd0ac3f1800 JavaThread "Thread-2" [_thread_in_native, id=120282, stack(0x00007fd05fcfd000,0x00007fd05fdfe000)]
  0x00007fd0ac3f0000 JavaThread "process reaper" daemon [_thread_in_native, id=120280, stack(0x00007fd09c002000,0x00007fd09c03b000)]
  0x00007fd0ac3ea800 JavaThread "pool-2-thread-1" [_thread_in_native, id=120252, stack(0x00007fd05fdfe000,0x00007fd05feff000)]
  0x00007fd0ac3e8000 JavaThread "GC Daemon" daemon [_thread_blocked, id=120250, stack(0x00007fd05feff000,0x00007fd060000000)]
  0x00007fd0ac3e5800 JavaThread "RMI Reaper" [_thread_blocked, id=120242, stack(0x00007fd0800ae000,0x00007fd0801af000)]
  0x00007fd0ac3de800 JavaThread "RMI TCP Accept-4345" daemon [_thread_in_native, id=120239, stack(0x00007fd0801af000,0x00007fd0802b0000)]
  0x00007fd0ac3d7800 JavaThread "RMI TCP Accept-9512" daemon [_thread_in_native, id=120236, stack(0x00007fd0802b0000,0x00007fd0803b1000)]
  0x00007fd0ac31c000 JavaThread "logback-3" daemon [_thread_blocked, id=120220, stack(0x00007fd0805b1000,0x00007fd0806b2000)]
  0x00007fd0ac31a000 JavaThread "logback-2" daemon [_thread_blocked, id=120214, stack(0x00007fd0806b2000,0x00007fd0807b3000)]
  0x00007fd0ac318800 JavaThread "logback-1" daemon [_thread_blocked, id=120213, stack(0x00007fd0807b3000,0x00007fd0808b4000)]
  0x00007fd0ac142000 JavaThread "Service Thread" daemon [_thread_blocked, id=120191, stack(0x00007fd083dfe000,0x00007fd083eff000)]
  0x00007fd0ac13f000 JavaThread "C1 CompilerThread1" daemon [_thread_blocked, id=120182, stack(0x00007fd083eff000,0x00007fd084000000)]
  0x00007fd0ac13c000 JavaThread "C2 CompilerThread0" daemon [_thread_blocked, id=120181, stack(0x00007fd0940cf000,0x00007fd0941d0000)]
  0x00007fd0ac13a800 JavaThread "Signal Dispatcher" daemon [_thread_blocked, id=120179, stack(0x00007fd09c03b000,0x00007fd09c13c000)]
  0x00007fd0ac107800 JavaThread "Finalizer" daemon [_thread_blocked, id=120162, stack(0x00007fd09cafb000,0x00007fd09cbfc000)]
  0x00007fd0ac105000 JavaThread "Reference Handler" daemon [_thread_blocked, id=120158, stack(0x00007fd09cbfc000,0x00007fd09ccfd000)]
  0x00007fd0ac00a800 JavaThread "main" [_thread_in_native, id=120111, stack(0x00007fd0b50c4000,0x00007fd0b51c5000)]

Other Threads:
=>0x00007fd0ac0fb800 VMThread [stack: 0x00007fd09ccfd000,0x00007fd09cdfe000] [id=120145]
  0x00007fd0ac146800 WatcherThread [stack: 0x00007fd083cfd000,0x00007fd083dfe000] [id=120195]

VM state:at safepoint (normal execution)

VM Mutex/Monitor currently owned by a thread:  ([mutex/lock_event])
[0x00007fd0ac006cc0] Threads_lock - owner thread: 0x00007fd0ac0fb800
[0x00007fd0ac0071c0] Heap_lock - owner thread: 0x00000000016dd000

Heap:
 PSYoungGen      total 134656K, used 11238K [0x00000000d6900000, 0x00000000dfb00000, 0x0000000100000000)
  eden space 123392K, 0% used [0x00000000d6900000,0x00000000d6900000,0x00000000de180000)
  from space 11264K, 99% used [0x00000000de180000,0x00000000dec79bb0,0x00000000dec80000)
  to   space 7680K, 0% used [0x00000000dec80000,0x00000000dec80000,0x00000000df400000)
 ParOldGen       total 86016K, used 25867K [0x0000000083a00000, 0x0000000088e00000, 0x00000000d6900000)
  object space 86016K, 30% used [0x0000000083a00000,0x0000000085342e10,0x0000000088e00000)
 Metaspace       used 19511K, capacity 20030K, committed 20096K, reserved 1067008K
  class space    used 2226K, capacity 2385K, committed 2432K, reserved 1048576K

Card table byte_map: [0x00007fd0b1a6f000,0x00007fd0b1e53000] byte_map_base: 0x00007fd0b1652000

Marking Bits: (ParMarkBitMap*) 0x00007fd0b458f0a0
 Begin Bits: [0x00007fd0941d0000, 0x00007fd0960e8000)
 End Bits:   [0x00007fd0960e8000, 0x00007fd098000000)

Polling page: 0x00007fd0b51e1000

CodeCache: size=245760Kb used=8357Kb max_used=8526Kb free=237402Kb
 bounds [0x00007fd09d000000, 0x00007fd09d860000, 0x00007fd0ac000000]
 total_blobs=2690 nmethods=2250 adapters=353
 compilation: enabled

Compilation events (10 events):
Event: 119.416 Thread 0x00007fd0ac13f000 2362 %     3       java.io.ObjectInputStream::defaultReadFields @ 122 (199 bytes)
Event: 119.417 Thread 0x00007fd0ac13f000 nmethod 2362% 0x00007fd09d857610 code [0x00007fd09d857860, 0x00007fd09d858568]
Event: 119.420 Thread 0x00007fd0ac13f000 2364   !   2       sun.reflect.GeneratedSerializationConstructorAccessor27::newInstance (49 bytes)
Event: 119.420 Thread 0x00007fd0ac13f000 nmethod 2364 0x00007fd09d123f10 code [0x00007fd09d1240a0, 0x00007fd09d1243c8]
Event: 119.420 Thread 0x00007fd0ac13f000 2365       3       java.io.ObjectInputStream::defaultReadFields (199 bytes)
Event: 119.421 Thread 0x00007fd0ac13f000 nmethod 2365 0x00007fd09d136e50 code [0x00007fd09d137080, 0x00007fd09d137c28]
Event: 119.422 Thread 0x00007fd0ac13f000 2366       2       org.evosuite.coverage.line.LineCoverageTestFitness::hashCode (36 bytes)
Event: 119.422 Thread 0x00007fd0ac13f000 nmethod 2366 0x00007fd09d1a4690 code [0x00007fd09d1a4800, 0x00007fd09d1a49d8]
Event: 119.427 Thread 0x00007fd0ac13f000 2367       2       org.evosuite.coverage.branch.BranchCoverageTestFitness::hashCode (31 bytes)
Event: 119.427 Thread 0x00007fd0ac13f000 nmethod 2367 0x00007fd09d199810 code [0x00007fd09d199980, 0x00007fd09d199b08]

GC Heap History (10 events):
Event: 98.016 GC heap after
Heap after GC invocations=5 (full 1):
 PSYoungGen      total 37888K, used 5097K [0x00000000d6900000, 0x00000000db300000, 0x0000000100000000)
  eden space 32768K, 0% used [0x00000000d6900000,0x00000000d6900000,0x00000000d8900000)
  from space 5120K, 99% used [0x00000000d8e00000,0x00000000d92fa528,0x00000000d9300000)
  to   space 5120K, 0% used [0x00000000d8900000,0x00000000d8900000,0x00000000d8e00000)
 ParOldGen       total 86016K, used 7425K [0x0000000083a00000, 0x0000000088e00000, 0x00000000d6900000)
  object space 86016K, 8% used [0x0000000083a00000,0x00000000841405c0,0x0000000088e00000)
 Metaspace       used 13826K, capacity 14270K, committed 14592K, reserved 1062912K
  class space    used 1580K, capacity 1700K, committed 1792K, reserved 1048576K
}
Event: 98.439 GC heap before
{Heap before GC invocations=6 (full 1):
 PSYoungGen      total 37888K, used 37865K [0x00000000d6900000, 0x00000000db300000, 0x0000000100000000)
  eden space 32768K, 100% used [0x00000000d6900000,0x00000000d8900000,0x00000000d8900000)
  from space 5120K, 99% used [0x00000000d8e00000,0x00000000d92fa528,0x00000000d9300000)
  to   space 5120K, 0% used [0x00000000d8900000,0x00000000d8900000,0x00000000d8e00000)
 ParOldGen       total 86016K, used 7425K [0x0000000083a00000, 0x0000000088e00000, 0x00000000d6900000)
  object space 86016K, 8% used [0x0000000083a00000,0x00000000841405c0,0x0000000088e00000)
 Metaspace       used 13834K, capacity 14270K, committed 14592K, reserved 1062912K
  class space    used 1580K, capacity 1700K, committed 1792K, reserved 1048576K
Event: 98.455 GC heap after
Heap after GC invocations=6 (full 1):
 PSYoungGen      total 37888K, used 5097K [0x00000000d6900000, 0x00000000db300000, 0x0000000100000000)
  eden space 32768K, 0% used [0x00000000d6900000,0x00000000d6900000,0x00000000d8900000)
  from space 5120K, 99% used [0x00000000d8900000,0x00000000d8dfa528,0x00000000d8e00000)
  to   space 5120K, 0% used [0x00000000dae00000,0x00000000dae00000,0x00000000db300000)
 ParOldGen       total 86016K, used 7569K [0x0000000083a00000, 0x0000000088e00000, 0x00000000d6900000)
  object space 86016K, 8% used [0x0000000083a00000,0x00000000841645c0,0x0000000088e00000)
 Metaspace       used 13834K, capacity 14270K, committed 14592K, reserved 1062912K
  class space    used 1580K, capacity 1700K, committed 1792K, reserved 1048576K
}
Event: 98.846 GC heap before
{Heap before GC invocations=7 (full 1):
 PSYoungGen      total 37888K, used 37865K [0x00000000d6900000, 0x00000000db300000, 0x0000000100000000)
  eden space 32768K, 100% used [0x00000000d6900000,0x00000000d8900000,0x00000000d8900000)
  from space 5120K, 99% used [0x00000000d8900000,0x00000000d8dfa528,0x00000000d8e00000)
  to   space 5120K, 0% used [0x00000000dae00000,0x00000000dae00000,0x00000000db300000)
 ParOldGen       total 86016K, used 7569K [0x0000000083a00000, 0x0000000088e00000, 0x00000000d6900000)
  object space 86016K, 8% used [0x0000000083a00000,0x00000000841645c0,0x0000000088e00000)
 Metaspace       used 13864K, capacity 14270K, committed 14592K, reserved 1062912K
  class space    used 1580K, capacity 1700K, committed 1792K, reserved 1048576K
Event: 98.906 GC heap after
Heap after GC invocations=7 (full 1):
 PSYoungGen      total 68608K, used 5097K [0x00000000d6900000, 0x00000000db700000, 0x0000000100000000)
  eden space 63488K, 0% used [0x00000000d6900000,0x00000000d6900000,0x00000000da700000)
  from space 5120K, 99% used [0x00000000dae00000,0x00000000db2fa528,0x00000000db300000)
  to   space 7168K, 0% used [0x00000000da700000,0x00000000da700000,0x00000000dae00000)
 ParOldGen       total 86016K, used 8121K [0x0000000083a00000, 0x0000000088e00000, 0x00000000d6900000)
  object space 86016K, 9% used [0x0000000083a00000,0x00000000841ee5c0,0x0000000088e00000)
 Metaspace       used 13864K, capacity 14270K, committed 14592K, reserved 1062912K
  class space    used 1580K, capacity 1700K, committed 1792K, reserved 1048576K
}
Event: 99.921 GC heap before
{Heap before GC invocations=8 (full 1):
 PSYoungGen      total 68608K, used 68585K [0x00000000d6900000, 0x00000000db700000, 0x0000000100000000)
  eden space 63488K, 100% used [0x00000000d6900000,0x00000000da700000,0x00000000da700000)
  from space 5120K, 99% used [0x00000000dae00000,0x00000000db2fa528,0x00000000db300000)
  to   space 7168K, 0% used [0x00000000da700000,0x00000000da700000,0x00000000dae00000)
 ParOldGen       total 86016K, used 8121K [0x0000000083a00000, 0x0000000088e00000, 0x00000000d6900000)
  object space 86016K, 9% used [0x0000000083a00000,0x00000000841ee5c0,0x0000000088e00000)
 Metaspace       used 13942K, capacity 14334K, committed 14592K, reserved 1062912K
  class space    used 1580K, capacity 1700K, committed 1792K, reserved 1048576K
Event: 99.980 GC heap after
Heap after GC invocations=8 (full 1):
 PSYoungGen      total 70656K, used 7145K [0x00000000d6900000, 0x00000000df400000, 0x0000000100000000)
  eden space 63488K, 0% used [0x00000000d6900000,0x00000000d6900000,0x00000000da700000)
  from space 7168K, 99% used [0x00000000da700000,0x00000000dadfa528,0x00000000dae00000)
  to   space 7680K, 0% used [0x00000000dec80000,0x00000000dec80000,0x00000000df400000)
 ParOldGen       total 86016K, used 8249K [0x0000000083a00000, 0x0000000088e00000, 0x00000000d6900000)
  object space 86016K, 9% used [0x0000000083a00000,0x000000008420e5c0,0x0000000088e00000)
 Metaspace       used 13942K, capacity 14334K, committed 14592K, reserved 1062912K
  class space    used 1580K, capacity 1700K, committed 1792K, reserved 1048576K
}
Event: 105.549 GC heap before
{Heap before GC invocations=9 (full 1):
 PSYoungGen      total 70656K, used 70633K [0x00000000d6900000, 0x00000000df400000, 0x0000000100000000)
  eden space 63488K, 100% used [0x00000000d6900000,0x00000000da700000,0x00000000da700000)
  from space 7168K, 99% used [0x00000000da700000,0x00000000dadfa528,0x00000000dae00000)
  to   space 7680K, 0% used [0x00000000dec80000,0x00000000dec80000,0x00000000df400000)
 ParOldGen       total 86016K, used 8249K [0x0000000083a00000, 0x0000000088e00000, 0x00000000d6900000)
  object space 86016K, 9% used [0x0000000083a00000,0x000000008420e5c0,0x0000000088e00000)
 Metaspace       used 16272K, capacity 16766K, committed 16896K, reserved 1064960K
  class space    used 1816K, capacity 1953K, committed 2048K, reserved 1048576K
Event: 105.669 GC heap after
Heap after GC invocations=9 (full 1):
 PSYoungGen      total 131072K, used 7651K [0x00000000d6900000, 0x00000000dfb00000, 0x0000000100000000)
  eden space 123392K, 0% used [0x00000000d6900000,0x00000000d6900000,0x00000000de180000)
  from space 7680K, 99% used [0x00000000dec80000,0x00000000df3f8d40,0x00000000df400000)
  to   space 11264K, 0% used [0x00000000de180000,0x00000000de180000,0x00000000dec80000)
 ParOldGen       total 86016K, used 15051K [0x0000000083a00000, 0x0000000088e00000, 0x00000000d6900000)
  object space 86016K, 17% used [0x0000000083a00000,0x00000000848b2c88,0x0000000088e00000)
 Metaspace       used 16272K, capacity 16766K, committed 16896K, reserved 1064960K
  class space    used 1816K, capacity 1953K, committed 2048K, reserved 1048576K
}
Event: 120.090 GC heap before
{Heap before GC invocations=10 (full 1):
 PSYoungGen      total 131072K, used 130517K [0x00000000d6900000, 0x00000000dfb00000, 0x0000000100000000)
  eden space 123392K, 99% used [0x00000000d6900000,0x00000000de0fca98,0x00000000de180000)
  from space 7680K, 99% used [0x00000000dec80000,0x00000000df3f8d40,0x00000000df400000)
  to   space 11264K, 0% used [0x00000000de180000,0x00000000de180000,0x00000000dec80000)
 ParOldGen       total 86016K, used 15051K [0x0000000083a00000, 0x0000000088e00000, 0x00000000d6900000)
  object space 86016K, 17% used [0x0000000083a00000,0x00000000848b2c88,0x0000000088e00000)
 Metaspace       used 19511K, capacity 20030K, committed 20096K, reserved 1067008K
  class space    used 2226K, capacity 2385K, committed 2432K, reserved 1048576K

Deoptimization events (10 events):
Event: 100.267 Thread 0x00000000016db800 Uncommon trap: reason=uninitialized action=reinterpret pc=0x00007fd09d3f9dfc method=java.io.ObjectInputStream$HandleTable.markDependency(II)V @ 125
Event: 102.494 Thread 0x00000000016db800 Uncommon trap: reason=unstable_if action=reinterpret pc=0x00007fd09d468d94 method=java.io.ObjectStreamClass.hasReadResolveMethod()Z @ 8
Event: 106.028 Thread 0x00000000016db800 Uncommon trap: reason=unstable_if action=reinterpret pc=0x00007fd09d4b8354 method=java.io.ObjectStreamClass.hasReadResolveMethod()Z @ 8
Event: 106.546 Thread 0x00000000016db800 Uncommon trap: reason=unstable_if action=reinterpret pc=0x00007fd09d482820 method=java.util.HashMap.putVal(ILjava/lang/Object;Ljava/lang/Object;ZZ)Ljava/lang/Object; @ 162
Event: 106.658 Thread 0x00000000016db800 Uncommon trap: reason=unstable_if action=reinterpret pc=0x00007fd09d71d6a8 method=org.evosuite.shaded.org.objectweb.asm.Type.getArgumentsAndReturnSizes(Ljava/lang/String;)I @ 136
Event: 108.373 Thread 0x00000000016db800 Uncommon trap: reason=unstable_if action=reinterpret pc=0x00007fd09d785aa4 method=java.io.SerialCallbackContext.check()V @ 4
Event: 108.373 Thread 0x00000000016db800 Uncommon trap: reason=unstable_if action=reinterpret pc=0x00007fd09d73d0f4 method=java.io.SerialCallbackContext.check()V @ 4
Event: 111.025 Thread 0x00000000016db800 Uncommon trap: reason=unstable_if action=reinterpret pc=0x00007fd09d79ded4 method=org.evosuite.shaded.org.objectweb.asm.ClassReader.readUTF(II[C)Ljava/lang/String; @ 77
Event: 111.027 Thread 0x00000000016db800 Uncommon trap: reason=unstable_if action=reinterpret pc=0x00007fd09d7a67b4 method=org.evosuite.shaded.org.objectweb.asm.ByteVector.putUTF8(Ljava/lang/String;)Lorg/evosuite/shaded/org/objectweb/asm/ByteVector; @ 98
Event: 116.120 Thread 0x00000000016dd000 Uncommon trap: reason=unstable_if action=reinterpret pc=0x00007fd09d419ee0 method=java.io.ObjectInputStream.defaultReadFields(Ljava/lang/Object;Ljava/io/ObjectStreamClass;)V @ 49

Classes redefined (0 events):
No events

Internal exceptions (10 events):
Event: 91.280 Thread 0x00007fd0ac31c000 Exception <a 'java/net/ConnectException'> (0x00000000d6d2b0b8) thrown at [/HUDSON/workspace/8-2-build-linux-amd64/jdk8u181/11358/hotspot/src/share/vm/prims/jni.cpp, line 709]
Event: 91.281 Thread 0x00007fd0ac31a000 Exception <a 'java/net/ConnectException'> (0x00000000d6d7d038) thrown at [/HUDSON/workspace/8-2-build-linux-amd64/jdk8u181/11358/hotspot/src/share/vm/prims/jni.cpp, line 709]
Event: 94.019 Thread 0x00000000016db800 Exception <a 'java/lang/NoSuchMethodError': <clinit>> (0x00000000d7480678) thrown at [/HUDSON/workspace/8-2-build-linux-amd64/jdk8u181/11358/hotspot/src/share/vm/prims/jni.cpp, line 1613]
Event: 96.769 Thread 0x00000000016db800 Implicit null exception at 0x00007fd09d1ec1f6 to 0x00007fd09d1ec5a1
Event: 101.612 Thread 0x00007fd0ac318800 Exception <a 'java/net/ConnectException'> (0x00000000d7e3cdb0) thrown at [/HUDSON/workspace/8-2-build-linux-amd64/jdk8u181/11358/hotspot/src/share/vm/prims/jni.cpp, line 709]
Event: 101.612 Thread 0x00007fd0ac31a000 Exception <a 'java/net/ConnectException'> (0x00000000d7ea41f0) thrown at [/HUDSON/workspace/8-2-build-linux-amd64/jdk8u181/11358/hotspot/src/share/vm/prims/jni.cpp, line 709]
Event: 101.613 Thread 0x00007fd0ac31c000 Exception <a 'java/net/ConnectException'> (0x00000000d7f0b4a0) thrown at [/HUDSON/workspace/8-2-build-linux-amd64/jdk8u181/11358/hotspot/src/share/vm/prims/jni.cpp, line 709]
Event: 111.614 Thread 0x00007fd0ac318800 Exception <a 'java/net/ConnectException'> (0x00000000db4a78f8) thrown at [/HUDSON/workspace/8-2-build-linux-amd64/jdk8u181/11358/hotspot/src/share/vm/prims/jni.cpp, line 709]
Event: 111.615 Thread 0x00007fd0ac31c000 Exception <a 'java/net/ConnectException'> (0x00000000db529f18) thrown at [/HUDSON/workspace/8-2-build-linux-amd64/jdk8u181/11358/hotspot/src/share/vm/prims/jni.cpp, line 709]
Event: 111.615 Thread 0x00007fd0ac31a000 Exception <a 'java/net/ConnectException'> (0x00000000db5ac538) thrown at [/HUDSON/workspace/8-2-build-linux-amd64/jdk8u181/11358/hotspot/src/share/vm/prims/jni.cpp, line 709]

Events (10 events):
Event: 119.422 Thread 0x00007fd0ac13f000 flushing nmethod 0x00007fd09d215a50
Event: 119.422 Thread 0x00007fd0ac13f000 flushing nmethod 0x00007fd09d218490
Event: 119.427 Thread 0x00007fd0ac13f000 flushing nmethod 0x00007fd09d258e10
Event: 119.427 Thread 0x00007fd0ac13f000 flushing nmethod 0x00007fd09d259590
Event: 119.427 Thread 0x00007fd0ac13f000 flushing nmethod 0x00007fd09d261b10
Event: 119.427 Thread 0x00007fd0ac13f000 flushing nmethod 0x00007fd09d262c90
Event: 119.427 Thread 0x00007fd0ac13f000 flushing nmethod 0x00007fd09d26ca10
Event: 119.427 Thread 0x00007fd0ac13f000 flushing nmethod 0x00007fd09d270f90
Event: 119.427 Thread 0x00007fd0ac13f000 flushing nmethod 0x00007fd09d2a7510
Event: 120.089 Executing VM operation: ParallelGCFailedAllocation


Dynamic libraries:
00400000-00401000 r-xp 00000000 08:01 1448396                            /usr/lib/jvm/jdk1.8.0_181/bin/java
00600000-00601000 rw-p 00000000 08:01 1448396                            /usr/lib/jvm/jdk1.8.0_181/bin/java
016d9000-016fa000 rw-p 00000000 00:00 0                                  [heap]
83a00000-88e00000 rw-p 00000000 00:00 0 
88e00000-d6900000 ---p 00000000 00:00 0 
d6900000-dfb00000 rw-p 00000000 00:00 0 
e7b00000-100000000 ---p 00000000 00:00 0 
100000000-100260000 rw-p 00000000 00:00 0 
100260000-140000000 ---p 00000000 00:00 0 
7fd058000000-7fd058021000 rw-p 00000000 00:00 0 
7fd058021000-7fd05c000000 ---p 00000000 00:00 0 
7fd05ecf5000-7fd05ee35000 rw-p 00000000 00:00 0 
7fd05ee35000-7fd05eef5000 ---p 00000000 00:00 0 
7fd05eef5000-7fd05f0f5000 rw-p 00000000 00:00 0 
7fd05f0f5000-7fd05f2f5000 rw-p 00000000 00:00 0 
7fd05f2f5000-7fd05f4f5000 rw-p 00000000 00:00 0 
7fd05f4f5000-7fd05f4f8000 ---p 00000000 00:00 0 
7fd05f4f8000-7fd05f5f6000 rw-p 00000000 00:00 0 
7fd05f5f6000-7fd05f5f9000 ---p 00000000 00:00 0 
7fd05f5f9000-7fd05f6f7000 rw-p 00000000 00:00 0 
7fd05f6f7000-7fd05f6fa000 ---p 00000000 00:00 0 
7fd05f6fa000-7fd05f7f8000 rw-p 00000000 00:00 0 
7fd05f7f8000-7fd05f7fb000 ---p 00000000 00:00 0 
7fd05f7fb000-7fd05f8f9000 rw-p 00000000 00:00 0 
7fd05f8f9000-7fd05f8fc000 ---p 00000000 00:00 0 
7fd05f8fc000-7fd05f9fa000 rw-p 00000000 00:00 0 
7fd05f9fa000-7fd05f9fd000 ---p 00000000 00:00 0 
7fd05f9fd000-7fd05fafb000 rw-p 00000000 00:00 0 
7fd05fafb000-7fd05fafe000 ---p 00000000 00:00 0 
7fd05fafe000-7fd05fbfc000 rw-p 00000000 00:00 0 
7fd05fbfc000-7fd05fbff000 ---p 00000000 00:00 0 
7fd05fbff000-7fd05fcfd000 rw-p 00000000 00:00 0 
7fd05fcfd000-7fd05fd00000 ---p 00000000 00:00 0 
7fd05fd00000-7fd05fdfe000 rw-p 00000000 00:00 0 
7fd05fdfe000-7fd05fe01000 ---p 00000000 00:00 0 
7fd05fe01000-7fd05feff000 rw-p 00000000 00:00 0 
7fd05feff000-7fd05ff02000 ---p 00000000 00:00 0 
7fd05ff02000-7fd060000000 rw-p 00000000 00:00 0 
7fd060000000-7fd060021000 rw-p 00000000 00:00 0 
7fd060021000-7fd064000000 ---p 00000000 00:00 0 
7fd064000000-7fd064021000 rw-p 00000000 00:00 0 
7fd064021000-7fd068000000 ---p 00000000 00:00 0 
7fd068000000-7fd068021000 rw-p 00000000 00:00 0 
7fd068021000-7fd06c000000 ---p 00000000 00:00 0 
7fd06c000000-7fd06c021000 rw-p 00000000 00:00 0 
7fd06c021000-7fd070000000 ---p 00000000 00:00 0 
7fd070000000-7fd070e03000 rw-p 00000000 00:00 0 
7fd070e03000-7fd074000000 ---p 00000000 00:00 0 
7fd074000000-7fd074021000 rw-p 00000000 00:00 0 
7fd074021000-7fd078000000 ---p 00000000 00:00 0 
7fd078000000-7fd078fba000 rw-p 00000000 00:00 0 
7fd078fba000-7fd07c000000 ---p 00000000 00:00 0 
7fd07c000000-7fd07c021000 rw-p 00000000 00:00 0 
7fd07c021000-7fd080000000 ---p 00000000 00:00 0 
7fd0800ae000-7fd0800b1000 ---p 00000000 00:00 0 
7fd0800b1000-7fd0801af000 rw-p 00000000 00:00 0 
7fd0801af000-7fd0801b2000 ---p 00000000 00:00 0 
7fd0801b2000-7fd0802b0000 rw-p 00000000 00:00 0 
7fd0802b0000-7fd0802b3000 ---p 00000000 00:00 0 
7fd0802b3000-7fd0805b1000 rw-p 00000000 00:00 0 
7fd0805b1000-7fd0805b4000 ---p 00000000 00:00 0 
7fd0805b4000-7fd0806b2000 rw-p 00000000 00:00 0 
7fd0806b2000-7fd0806b5000 ---p 00000000 00:00 0 
7fd0806b5000-7fd0807b3000 rw-p 00000000 00:00 0 
7fd0807b3000-7fd0807b6000 ---p 00000000 00:00 0 
7fd0807b6000-7fd0838b5000 rw-p 00000000 00:00 0 
7fd0838b5000-7fd0838cb000 r-xp 00000000 08:01 2756237                    /usr/lib/jvm/jdk1.8.0_181/jre/lib/amd64/libnet.so
7fd0838cb000-7fd083acb000 ---p 00016000 08:01 2756237                    /usr/lib/jvm/jdk1.8.0_181/jre/lib/amd64/libnet.so
7fd083acb000-7fd083acc000 rw-p 00016000 08:01 2756237                    /usr/lib/jvm/jdk1.8.0_181/jre/lib/amd64/libnet.so
7fd083acc000-7fd083cfd000 r--s 01bb1000 08:01 1706762                    /home/whj/dowork/DiffTGen/lib/evosuite-1.0.6.jar
7fd083cfd000-7fd083cfe000 ---p 00000000 00:00 0 
7fd083cfe000-7fd083dfe000 rw-p 00000000 00:00 0 
7fd083dfe000-7fd083e01000 ---p 00000000 00:00 0 
7fd083e01000-7fd083eff000 rw-p 00000000 00:00 0 
7fd083eff000-7fd083f02000 ---p 00000000 00:00 0 
7fd083f02000-7fd084000000 rw-p 00000000 00:00 0 
7fd084000000-7fd084021000 rw-p 00000000 00:00 0 
7fd084021000-7fd088000000 ---p 00000000 00:00 0 
7fd088000000-7fd08803b000 rw-p 00000000 00:00 0 
7fd08803b000-7fd08c000000 ---p 00000000 00:00 0 
7fd08c000000-7fd08c292000 rw-p 00000000 00:00 0 
7fd08c292000-7fd090000000 ---p 00000000 00:00 0 
7fd090000000-7fd090027000 rw-p 00000000 00:00 0 
7fd090027000-7fd094000000 ---p 00000000 00:00 0 
7fd0940a0000-7fd0940b3000 r--s 00345000 08:01 2756119                    /usr/lib/jvm/jdk1.8.0_181/jre/lib/resources.jar
7fd0940b3000-7fd0940cf000 r--s 00393000 08:01 2756136                    /usr/lib/jvm/jdk1.8.0_181/jre/lib/ext/cldrdata.jar
7fd0940cf000-7fd0940d2000 ---p 00000000 00:00 0 
7fd0940d2000-7fd098000000 rw-p 00000000 00:00 0 
7fd098000000-7fd098509000 rw-p 00000000 00:00 0 
7fd098509000-7fd09c000000 ---p 00000000 00:00 0 
7fd09c002000-7fd09c005000 ---p 00000000 00:00 0 
7fd09c005000-7fd09c03b000 rw-p 00000000 00:00 0 
7fd09c03b000-7fd09c03e000 ---p 00000000 00:00 0 
7fd09c03e000-7fd09c13c000 rw-p 00000000 00:00 0 
7fd09c13c000-7fd09cafb000 r--p 00000000 08:01 1316108                    /usr/lib/locale/locale-archive
7fd09cafb000-7fd09cafe000 ---p 00000000 00:00 0 
7fd09cafe000-7fd09cbfc000 rw-p 00000000 00:00 0 
7fd09cbfc000-7fd09cbff000 ---p 00000000 00:00 0 
7fd09cbff000-7fd09ccfd000 rw-p 00000000 00:00 0 
7fd09ccfd000-7fd09ccfe000 ---p 00000000 00:00 0 
7fd09ccfe000-7fd09d000000 rw-p 00000000 00:00 0 
7fd09d000000-7fd09d860000 rwxp 00000000 00:00 0 
7fd09d860000-7fd0ac000000 ---p 00000000 00:00 0 
7fd0ac000000-7fd0ac4f4000 rw-p 00000000 00:00 0 
7fd0ac4f4000-7fd0b0000000 ---p 00000000 00:00 0 
7fd0b0010000-7fd0b0022000 r--s 00169000 08:01 713                        /home/whj/dowork/DiffTGen/extra_output/Chart_1_1_sofix/target/build/classes/all0.jar
7fd0b0022000-7fd0b009b000 r--s 010f9000 08:01 1448503                    /usr/lib/jvm/jdk1.8.0_181/lib/tools.jar
7fd0b009b000-7fd0b07a2000 rw-p 00000000 00:00 0 
7fd0b07a2000-7fd0b097c000 r--s 03d6b000 08:01 2756084                    /usr/lib/jvm/jdk1.8.0_181/jre/lib/rt.jar
7fd0b097c000-7fd0b15d5000 rw-p 00000000 00:00 0 
7fd0b15d5000-7fd0b15d6000 ---p 00000000 00:00 0 
7fd0b15d6000-7fd0b16d6000 rw-p 00000000 00:00 0 
7fd0b16d6000-7fd0b16d7000 ---p 00000000 00:00 0 
7fd0b16d7000-7fd0b1801000 rw-p 00000000 00:00 0 
7fd0b1801000-7fd0b1a6f000 ---p 00000000 00:00 0 
7fd0b1a6f000-7fd0b1a99000 rw-p 00000000 00:00 0 
7fd0b1a99000-7fd0b1d06000 ---p 00000000 00:00 0 
7fd0b1d06000-7fd0b1d50000 rw-p 00000000 00:00 0 
7fd0b1d50000-7fd0b1e52000 ---p 00000000 00:00 0 
7fd0b1e52000-7fd0b1e75000 rw-p 00000000 00:00 0 
7fd0b1e75000-7fd0b2213000 ---p 00000000 00:00 0 
7fd0b2213000-7fd0b222e000 r-xp 00000000 08:01 2756233                    /usr/lib/jvm/jdk1.8.0_181/jre/lib/amd64/libzip.so
7fd0b222e000-7fd0b242e000 ---p 0001b000 08:01 2756233                    /usr/lib/jvm/jdk1.8.0_181/jre/lib/amd64/libzip.so
7fd0b242e000-7fd0b242f000 rw-p 0001b000 08:01 2756233                    /usr/lib/jvm/jdk1.8.0_181/jre/lib/amd64/libzip.so
7fd0b242f000-7fd0b243a000 r-xp 00000000 08:01 1054188                    /lib/x86_64-linux-gnu/libnss_files-2.23.so
7fd0b243a000-7fd0b2639000 ---p 0000b000 08:01 1054188                    /lib/x86_64-linux-gnu/libnss_files-2.23.so
7fd0b2639000-7fd0b263a000 r--p 0000a000 08:01 1054188                    /lib/x86_64-linux-gnu/libnss_files-2.23.so
7fd0b263a000-7fd0b263b000 rw-p 0000b000 08:01 1054188                    /lib/x86_64-linux-gnu/libnss_files-2.23.so
7fd0b263b000-7fd0b2641000 rw-p 00000000 00:00 0 
7fd0b2641000-7fd0b264c000 r-xp 00000000 08:01 1054198                    /lib/x86_64-linux-gnu/libnss_nis-2.23.so
7fd0b264c000-7fd0b284b000 ---p 0000b000 08:01 1054198                    /lib/x86_64-linux-gnu/libnss_nis-2.23.so
7fd0b284b000-7fd0b284c000 r--p 0000a000 08:01 1054198                    /lib/x86_64-linux-gnu/libnss_nis-2.23.so
7fd0b284c000-7fd0b284d000 rw-p 0000b000 08:01 1054198                    /lib/x86_64-linux-gnu/libnss_nis-2.23.so
7fd0b284d000-7fd0b2863000 r-xp 00000000 08:01 1054182                    /lib/x86_64-linux-gnu/libnsl-2.23.so
7fd0b2863000-7fd0b2a62000 ---p 00016000 08:01 1054182                    /lib/x86_64-linux-gnu/libnsl-2.23.so
7fd0b2a62000-7fd0b2a63000 r--p 00015000 08:01 1054182                    /lib/x86_64-linux-gnu/libnsl-2.23.so
7fd0b2a63000-7fd0b2a64000 rw-p 00016000 08:01 1054182                    /lib/x86_64-linux-gnu/libnsl-2.23.so
7fd0b2a64000-7fd0b2a66000 rw-p 00000000 00:00 0 
7fd0b2a66000-7fd0b2a6e000 r-xp 00000000 08:01 1054184                    /lib/x86_64-linux-gnu/libnss_compat-2.23.so
7fd0b2a6e000-7fd0b2c6d000 ---p 00008000 08:01 1054184                    /lib/x86_64-linux-gnu/libnss_compat-2.23.so
7fd0b2c6d000-7fd0b2c6e000 r--p 00007000 08:01 1054184                    /lib/x86_64-linux-gnu/libnss_compat-2.23.so
7fd0b2c6e000-7fd0b2c6f000 rw-p 00008000 08:01 1054184                    /lib/x86_64-linux-gnu/libnss_compat-2.23.so
7fd0b2c6f000-7fd0b2c9a000 r-xp 00000000 08:01 2756227                    /usr/lib/jvm/jdk1.8.0_181/jre/lib/amd64/libjava.so
7fd0b2c9a000-7fd0b2e99000 ---p 0002b000 08:01 2756227                    /usr/lib/jvm/jdk1.8.0_181/jre/lib/amd64/libjava.so
7fd0b2e99000-7fd0b2e9b000 rw-p 0002a000 08:01 2756227                    /usr/lib/jvm/jdk1.8.0_181/jre/lib/amd64/libjava.so
7fd0b2e9b000-7fd0b2ea8000 r-xp 00000000 08:01 2756232                    /usr/lib/jvm/jdk1.8.0_181/jre/lib/amd64/libverify.so
7fd0b2ea8000-7fd0b30a8000 ---p 0000d000 08:01 2756232                    /usr/lib/jvm/jdk1.8.0_181/jre/lib/amd64/libverify.so
7fd0b30a8000-7fd0b30aa000 rw-p 0000d000 08:01 2756232                    /usr/lib/jvm/jdk1.8.0_181/jre/lib/amd64/libverify.so
7fd0b30aa000-7fd0b30b1000 r-xp 00000000 08:01 1054243                    /lib/x86_64-linux-gnu/librt-2.23.so
7fd0b30b1000-7fd0b32b0000 ---p 00007000 08:01 1054243                    /lib/x86_64-linux-gnu/librt-2.23.so
7fd0b32b0000-7fd0b32b1000 r--p 00006000 08:01 1054243                    /lib/x86_64-linux-gnu/librt-2.23.so
7fd0b32b1000-7fd0b32b2000 rw-p 00007000 08:01 1054243                    /lib/x86_64-linux-gnu/librt-2.23.so
7fd0b32b2000-7fd0b33ba000 r-xp 00000000 08:01 1054159                    /lib/x86_64-linux-gnu/libm-2.23.so
7fd0b33ba000-7fd0b35b9000 ---p 00108000 08:01 1054159                    /lib/x86_64-linux-gnu/libm-2.23.so
7fd0b35b9000-7fd0b35ba000 r--p 00107000 08:01 1054159                    /lib/x86_64-linux-gnu/libm-2.23.so
7fd0b35ba000-7fd0b35bb000 rw-p 00108000 08:01 1054159                    /lib/x86_64-linux-gnu/libm-2.23.so
7fd0b35bb000-7fd0b4297000 r-xp 00000000 08:01 2756209                    /usr/lib/jvm/jdk1.8.0_181/jre/lib/amd64/server/libjvm.so
7fd0b4297000-7fd0b4497000 ---p 00cdc000 08:01 2756209                    /usr/lib/jvm/jdk1.8.0_181/jre/lib/amd64/server/libjvm.so
7fd0b4497000-7fd0b4571000 rw-p 00cdc000 08:01 2756209                    /usr/lib/jvm/jdk1.8.0_181/jre/lib/amd64/server/libjvm.so
7fd0b4571000-7fd0b45bc000 rw-p 00000000 00:00 0 
7fd0b45bc000-7fd0b477c000 r-xp 00000000 08:01 1054089                    /lib/x86_64-linux-gnu/libc-2.23.so
7fd0b477c000-7fd0b497c000 ---p 001c0000 08:01 1054089                    /lib/x86_64-linux-gnu/libc-2.23.so
7fd0b497c000-7fd0b4980000 r--p 001c0000 08:01 1054089                    /lib/x86_64-linux-gnu/libc-2.23.so
7fd0b4980000-7fd0b4982000 rw-p 001c4000 08:01 1054089                    /lib/x86_64-linux-gnu/libc-2.23.so
7fd0b4982000-7fd0b4986000 rw-p 00000000 00:00 0 
7fd0b4986000-7fd0b4989000 r-xp 00000000 08:01 1054113                    /lib/x86_64-linux-gnu/libdl-2.23.so
7fd0b4989000-7fd0b4b88000 ---p 00003000 08:01 1054113                    /lib/x86_64-linux-gnu/libdl-2.23.so
7fd0b4b88000-7fd0b4b89000 r--p 00002000 08:01 1054113                    /lib/x86_64-linux-gnu/libdl-2.23.so
7fd0b4b89000-7fd0b4b8a000 rw-p 00003000 08:01 1054113                    /lib/x86_64-linux-gnu/libdl-2.23.so
7fd0b4b8a000-7fd0b4ba0000 r-xp 00000000 08:01 1449032                    /usr/lib/jvm/jdk1.8.0_181/lib/amd64/jli/libjli.so
7fd0b4ba0000-7fd0b4d9f000 ---p 00016000 08:01 1449032                    /usr/lib/jvm/jdk1.8.0_181/lib/amd64/jli/libjli.so
7fd0b4d9f000-7fd0b4da0000 rw-p 00015000 08:01 1449032                    /usr/lib/jvm/jdk1.8.0_181/lib/amd64/jli/libjli.so
7fd0b4da0000-7fd0b4db8000 r-xp 00000000 08:01 1054235                    /lib/x86_64-linux-gnu/libpthread-2.23.so
7fd0b4db8000-7fd0b4fb7000 ---p 00018000 08:01 1054235                    /lib/x86_64-linux-gnu/libpthread-2.23.so
7fd0b4fb7000-7fd0b4fb8000 r--p 00017000 08:01 1054235                    /lib/x86_64-linux-gnu/libpthread-2.23.so
7fd0b4fb8000-7fd0b4fb9000 rw-p 00018000 08:01 1054235                    /lib/x86_64-linux-gnu/libpthread-2.23.so
7fd0b4fb9000-7fd0b4fbd000 rw-p 00000000 00:00 0 
7fd0b4fbd000-7fd0b4fe3000 r-xp 00000000 08:01 1054061                    /lib/x86_64-linux-gnu/ld-2.23.so
7fd0b4fe9000-7fd0b4ff3000 r--s 00116000 08:01 2756143                    /usr/lib/jvm/jdk1.8.0_181/jre/lib/ext/localedata.jar
7fd0b4ff3000-7fd0b50c4000 rw-p 00000000 00:00 0 
7fd0b50c4000-7fd0b50c7000 ---p 00000000 00:00 0 
7fd0b50c7000-7fd0b51ca000 rw-p 00000000 00:00 0 
7fd0b51ca000-7fd0b51cf000 r--s 0009d000 08:01 2756133                    /usr/lib/jvm/jdk1.8.0_181/jre/lib/jsse.jar
7fd0b51cf000-7fd0b51d7000 r--s 0006e000 08:01 2248917                    /home/whj/dowork/DiffTGen/lib/commons-lang3-3.5.jar
7fd0b51d7000-7fd0b51d8000 r--s 00000000 08:01 2248922                    /home/whj/dowork/DiffTGen/lib/myprinter.jar
7fd0b51d8000-7fd0b51e0000 rw-s 00000000 08:01 1984686                    /tmp/hsperfdata_whj/120103
7fd0b51e0000-7fd0b51e1000 rw-p 00000000 00:00 0 
7fd0b51e1000-7fd0b51e2000 ---p 00000000 00:00 0 
7fd0b51e2000-7fd0b51e3000 r--p 00025000 08:01 1054061                    /lib/x86_64-linux-gnu/ld-2.23.so
7fd0b51e3000-7fd0b51e4000 rw-p 00026000 08:01 1054061                    /lib/x86_64-linux-gnu/ld-2.23.so
7fd0b51e4000-7fd0b51e5000 rw-p 00000000 00:00 0 
7ffca0841000-7ffca0863000 rw-p 00000000 00:00 0                          [stack]
7ffca095e000-7ffca0961000 r--p 00000000 00:00 0                          [vvar]
7ffca0961000-7ffca0963000 r-xp 00000000 00:00 0                          [vdso]
ffffffffff600000-ffffffffff601000 r-xp 00000000 00:00 0                  [vsyscall]

VM Arguments:
java_command: /home/whj/dowork/DiffTGen/lib/evosuite-1.0.6.jar -base_dir /home/whj/dowork/DiffTGen/extra_output/Chart_1_1_sofix/target/0/2 -projectCP /home/whj/dowork/DiffTGen/extra_output/Chart_1_1_sofix/target/build/classes/all0.jar:/home/whj/dowork/DiffTGen/lib/myprinter.jar:/home/whj/dowork/DiffTGen/lib/commons-lang3-3.5.jar -class org.jfree.chart.renderer.category.AbstractCategoryItemRenderer -Dassertions=false -Dsearch_budget=60
java_class_path (initial): /home/whj/dowork/DiffTGen/lib/evosuite-1.0.6.jar
Launcher Type: SUN_STANDARD

Environment Variables:
JAVA_HOME=/usr/lib/jvm/jdk1.8.0_181
JRE_HOME=/usr/lib/jvm/jdk1.8.0_181/jre
CLASSPATH=.:/usr/lib/jvm/jdk1.8.0_181/lib:/usr/lib/jvm/jdk1.8.0_181/jre/lib
PATH=/home/whj/perl5/bin:/home/whj/dowork/defects4j-1.2.0/framework/bin:/usr/lib/jvm/jdk1.8.0_181/bin:/usr/lib/jvm/jdk1.8.0_181/jre/bin:/home/whj/bin:/home/whj/.local/bin:/usr/local/sbin:/usr/local/bin:/usr/sbin:/usr/bin:/sbin:/bin:/usr/games:/usr/local/games" :/snap/bin:/home/whj/bin
SHELL=/bin/bash
DISPLAY=:0

Signal Handlers:
SIGSEGV: [libjvm.so+0xad2a40], sa_mask[0]=11111111011111111101111111111110, sa_flags=SA_RESTART|SA_SIGINFO
SIGBUS: [libjvm.so+0xad2a40], sa_mask[0]=11111111011111111101111111111110, sa_flags=SA_RESTART|SA_SIGINFO
SIGFPE: [libjvm.so+0x92a610], sa_mask[0]=11111111011111111101111111111110, sa_flags=SA_RESTART|SA_SIGINFO
SIGPIPE: [libjvm.so+0x92a610], sa_mask[0]=11111111011111111101111111111110, sa_flags=SA_RESTART|SA_SIGINFO
SIGXFSZ: [libjvm.so+0x92a610], sa_mask[0]=11111111011111111101111111111110, sa_flags=SA_RESTART|SA_SIGINFO
SIGILL: [libjvm.so+0x92a610], sa_mask[0]=11111111011111111101111111111110, sa_flags=SA_RESTART|SA_SIGINFO
SIGUSR1: SIG_DFL, sa_mask[0]=00000000000000000000000000000000, sa_flags=none
SIGUSR2: [libjvm.so+0x92be70], sa_mask[0]=00100000000000000000000000000000, sa_flags=SA_RESTART|SA_SIGINFO
SIGHUP: [libjvm.so+0x92d270], sa_mask[0]=11111111011111111101111111111110, sa_flags=SA_RESTART|SA_SIGINFO
SIGINT: [libjvm.so+0x92d270], sa_mask[0]=11111111011111111101111111111110, sa_flags=SA_RESTART|SA_SIGINFO
SIGTERM: [libjvm.so+0x92d270], sa_mask[0]=11111111011111111101111111111110, sa_flags=SA_RESTART|SA_SIGINFO
SIGQUIT: [libjvm.so+0x92d270], sa_mask[0]=11111111011111111101111111111110, sa_flags=SA_RESTART|SA_SIGINFO


---------------  S Y S T E M  ---------------

OS:DISTRIB_ID=Ubuntu
DISTRIB_RELEASE=16.04
DISTRIB_CODENAME=xenial
DISTRIB_DESCRIPTION="Ubuntu 16.04.6 LTS"

uname:Linux 4.15.0-91-generic #92~16.04.1-Ubuntu SMP Fri Feb 28 14:57:22 UTC 2020 x86_64
libc:glibc 2.23 NPTL 2.23 
rlimit: STACK 8192k, CORE 0k, NPROC 31576, NOFILE 1048576, AS infinity
load average:18.96 15.45 15.06

/proc/meminfo:
MemTotal:        8144704 kB
MemFree:          122796 kB
MemAvailable:       7780 kB
Buffers:             188 kB
Cached:            12860 kB
SwapCached:         2716 kB
Active:          6719024 kB
Inactive:         849536 kB
Active(anon):    6716960 kB
Inactive(anon):   839668 kB
Active(file):       2064 kB
Inactive(file):     9868 kB
Unevictable:          32 kB
Mlocked:              32 kB
SwapTotal:        998396 kB
SwapFree:             28 kB
Dirty:               236 kB
Writeback:             0 kB
AnonPages:       7553268 kB
Mapped:             9440 kB
Shmem:               824 kB
Slab:              88488 kB
SReclaimable:      31680 kB
SUnreclaim:        56808 kB
KernelStack:       15088 kB
PageTables:        48144 kB
NFS_Unstable:          0 kB
Bounce:                0 kB
WritebackTmp:          0 kB
CommitLimit:     5070748 kB
Committed_AS:   13872560 kB
VmallocTotal:   34359738367 kB
VmallocUsed:           0 kB
VmallocChunk:          0 kB
HardwareCorrupted:     0 kB
AnonHugePages:         0 kB
ShmemHugePages:        0 kB
ShmemPmdMapped:        0 kB
CmaTotal:              0 kB
CmaFree:               0 kB
HugePages_Total:       0
HugePages_Free:        0
HugePages_Rsvd:        0
HugePages_Surp:        0
Hugepagesize:       2048 kB
DirectMap4k:      128832 kB
DirectMap2M:     7211008 kB
DirectMap1G:     3145728 kB


CPU:total 2 (initial active 2) (2 cores per cpu, 1 threads per core) family 6 model 158 stepping 10, cmov, cx8, fxsr, mmx, sse, sse2, sse3, ssse3, sse4.1, sse4.2, popcnt, avx, avx2, aes, clmul, erms, 3dnowpref, lzcnt, tsc, tscinvbit, bmi1, bmi2, adx

/proc/cpuinfo:
processor	: 0
vendor_id	: GenuineIntel
cpu family	: 6
model		: 158
model name	: Intel(R) Core(TM) i7-8750H CPU @ 2.20GHz
stepping	: 10
microcode	: 0x96
cpu MHz		: 2207.999
cache size	: 9216 KB
physical id	: 0
siblings	: 2
core id		: 0
cpu cores	: 2
apicid		: 0
initial apicid	: 0
fpu		: yes
fpu_exception	: yes
cpuid level	: 22
wp		: yes
flags		: fpu vme de pse tsc msr pae mce cx8 apic sep mtrr pge mca cmov pat pse36 clflush mmx fxsr sse sse2 ss ht syscall nx pdpe1gb rdtscp lm constant_tsc arch_perfmon nopl xtopology tsc_reliable nonstop_tsc cpuid pni pclmulqdq ssse3 fma cx16 pcid sse4_1 sse4_2 x2apic movbe popcnt tsc_deadline_timer aes xsave avx f16c rdrand hypervisor lahf_lm abm 3dnowprefetch cpuid_fault invpcid_single pti ssbd ibrs ibpb stibp fsgsbase tsc_adjust bmi1 avx2 smep bmi2 invpcid rdseed adx smap xsaveopt arat flush_l1d arch_capabilities
bugs		: cpu_meltdown spectre_v1 spectre_v2 spec_store_bypass l1tf mds swapgs itlb_multihit
bogomips	: 4415.99
clflush size	: 64
cache_alignment	: 64
address sizes	: 42 bits physical, 48 bits virtual
power management:

processor	: 1
vendor_id	: GenuineIntel
cpu family	: 6
model		: 158
model name	: Intel(R) Core(TM) i7-8750H CPU @ 2.20GHz
stepping	: 10
microcode	: 0x96
cpu MHz		: 2207.999
cache size	: 9216 KB
physical id	: 0
siblings	: 2
core id		: 1
cpu cores	: 2
apicid		: 1
initial apicid	: 1
fpu		: yes
fpu_exception	: yes
cpuid level	: 22
wp		: yes
flags		: fpu vme de pse tsc msr pae mce cx8 apic sep mtrr pge mca cmov pat pse36 clflush mmx fxsr sse sse2 ss ht syscall nx pdpe1gb rdtscp lm constant_tsc arch_perfmon nopl xtopology tsc_reliable nonstop_tsc cpuid pni pclmulqdq ssse3 fma cx16 pcid sse4_1 sse4_2 x2apic movbe popcnt tsc_deadline_timer aes xsave avx f16c rdrand hypervisor lahf_lm abm 3dnowprefetch cpuid_fault invpcid_single pti ssbd ibrs ibpb stibp fsgsbase tsc_adjust bmi1 avx2 smep bmi2 invpcid rdseed adx smap xsaveopt arat flush_l1d arch_capabilities
bugs		: cpu_meltdown spectre_v1 spectre_v2 spec_store_bypass l1tf mds swapgs itlb_multihit
bogomips	: 4415.99
clflush size	: 64
cache_alignment	: 64
address sizes	: 42 bits physical, 48 bits virtual
power management:



Memory: 4k page, physical 8144704k(122796k free), swap 998396k(28k free)

vm_info: Java HotSpot(TM) 64-Bit Server VM (25.181-b13) for linux-amd64 JRE (1.8.0_181-b13), built on Jul  7 2018 00:56:38 by "java_re" with gcc 4.3.0 20080428 (Red Hat 4.3.0-8)

time: Fri Mar 27 19:30:30 2020
elapsed time: 120 seconds (0d 0h 2m 0s)

