#
# There is insufficient memory for the Java Runtime Environment to continue.
# Native memory allocation (mmap) failed to map 75497472 bytes for committing reserved memory.
# Possible reasons:
#   The system is out of physical RAM or swap space
#   In 32 bit mode, the process size limit was hit
# Possible solutions:
#   Reduce memory load on the system
#   Increase physical memory or swap space
#   Check if swap backing store is full
#   Use 64 bit Java on a 64 bit OS
#   Decrease Java heap size (-Xmx/-Xms)
#   Decrease number of Java threads
#   Decrease Java thread stack sizes (-Xss)
#   Set larger code cache with -XX:ReservedCodeCacheSize=
# This output file may be truncated or incomplete.
#
#  Out of Memory Error (os_linux.cpp:2640), pid=18729, tid=0x00007feb030cd700
#
# JRE version: Java(TM) SE Runtime Environment (8.0_181-b13) (build 1.8.0_181-b13)
# Java VM: Java HotSpot(TM) 64-Bit Server VM (25.181-b13 mixed mode linux-amd64 compressed oops)
# Failed to write core dump. Core dumps have been disabled. To enable core dumping, try "ulimit -c unlimited" before starting Java again
#

---------------  T H R E A D  ---------------

Current thread (0x00007feb180fb800):  VMThread [stack: 0x00007feb02fcd000,0x00007feb030ce000] [id=18748]

Stack: [0x00007feb02fcd000,0x00007feb030ce000],  sp=0x00007feb030cc1a0,  free space=1020k
Native frames: (J=compiled Java code, j=interpreted, Vv=VM code, C=native code)
V  [libjvm.so+0xad21aa]  VMError::report_and_die()+0x2ba
V  [libjvm.so+0x5022db]  report_vm_out_of_memory(char const*, int, unsigned long, VMErrorType, char const*)+0x8b
V  [libjvm.so+0x92fe33]  os::Linux::commit_memory_impl(char*, unsigned long, bool)+0x123
V  [libjvm.so+0x930059]  os::pd_commit_memory(char*, unsigned long, unsigned long, bool)+0x29
V  [libjvm.so+0x9272ba]  os::commit_memory(char*, unsigned long, unsigned long, bool)+0x2a
V  [libjvm.so+0x99d2e3]  PSVirtualSpace::expand_by(unsigned long)+0x53
V  [libjvm.so+0x99e6e8]  PSYoungGen::resize_generation(unsigned long, unsigned long)+0xf8
V  [libjvm.so+0x99d842]  PSYoungGen::resize(unsigned long, unsigned long)+0x22
V  [libjvm.so+0x99ab1b]  PSScavenge::invoke_no_policy()+0xf3b
V  [libjvm.so+0x99b2a1]  PSScavenge::invoke()+0x41
V  [libjvm.so+0x951d70]  ParallelScavengeHeap::failed_mem_allocate(unsigned long)+0x70
V  [libjvm.so+0xad3c27]  VM_ParallelGCFailedAllocation::doit()+0x97
V  [libjvm.so+0xadb745]  VM_Operation::evaluate()+0x55
V  [libjvm.so+0xad9b0a]  VMThread::evaluate_operation(VM_Operation*)+0xba
V  [libjvm.so+0xad9e8e]  VMThread::loop()+0x1ce
V  [libjvm.so+0xada300]  VMThread::run()+0x70
V  [libjvm.so+0x930198]  java_start(Thread*)+0x108

VM_Operation (0x00007feb00afbab0): ParallelGCFailedAllocation, mode: safepoint, requested by thread 0x00007feac0001800


---------------  P R O C E S S  ---------------

Java Threads: ( => current thread )
  0x0000000000f75000 JavaThread "RMI TCP Connection(6)-127.0.0.1" daemon [_thread_in_native, id=19261, stack(0x00007fead8efe000,0x00007fead8fff000)]
  0x0000000000f73800 JavaThread "RMI TCP Connection(4)-127.0.0.1" daemon [_thread_blocked, id=19103, stack(0x00007feb006d6000,0x00007feb007d7000)]
  0x00007feaf0038000 JavaThread "RMI Scheduler(0)" daemon [_thread_blocked, id=19100, stack(0x00007feb007d7000,0x00007feb008d8000)]
  0x00007feaf0030800 JavaThread "RMI RenewClean-[127.0.0.1:17754]" daemon [_thread_blocked, id=19092, stack(0x00007feb008d8000,0x00007feb009d9000)]
  0x00007feac0001800 JavaThread "RMI TCP Connection(5)-127.0.0.1" daemon [_thread_blocked, id=19086, stack(0x00007feb009ff000,0x00007feb00b00000)]
  0x00007feac8005800 JavaThread "pool-3-thread-3" [_thread_in_native, id=19039, stack(0x00007feb00b00000,0x00007feb00c01000)]
  0x00007feac8004000 JavaThread "pool-3-thread-2" [_thread_in_native, id=19037, stack(0x00007feb00c01000,0x00007feb00d02000)]
  0x00007feac8003000 JavaThread "pool-3-thread-1" [_thread_in_native, id=19032, stack(0x00007feb00d02000,0x00007feb00e03000)]
  0x00007feb1836b800 JavaThread "Thread-3" [_thread_in_native, id=18887, stack(0x00007feb00e03000,0x00007feb00f04000)]
  0x00007feb18369800 JavaThread "Thread-2" [_thread_in_native, id=18883, stack(0x00007feb00f04000,0x00007feb01005000)]
  0x00007feb18368800 JavaThread "process reaper" daemon [_thread_in_native, id=18878, stack(0x00007feb01005000,0x00007feb0103e000)]
  0x00007feb18362800 JavaThread "pool-2-thread-1" [_thread_in_native, id=18868, stack(0x00007feb0103e000,0x00007feb0113f000)]
  0x00007feb18360000 JavaThread "GC Daemon" daemon [_thread_blocked, id=18865, stack(0x00007feb0113f000,0x00007feb01240000)]
  0x00007feb1835d800 JavaThread "RMI Reaper" [_thread_blocked, id=18863, stack(0x00007feb01240000,0x00007feb01341000)]
  0x00007feb18354800 JavaThread "RMI TCP Accept-20155" daemon [_thread_in_native, id=18862, stack(0x00007feb01341000,0x00007feb01442000)]
  0x00007feb1834f000 JavaThread "RMI TCP Accept-4603" daemon [_thread_in_native, id=18860, stack(0x00007feb01442000,0x00007feb01543000)]
  0x00007feb18294000 JavaThread "logback-3" daemon [_thread_blocked, id=18841, stack(0x00007feb017bc000,0x00007feb018bd000)]
  0x00007feb18292000 JavaThread "logback-2" daemon [_thread_blocked, id=18840, stack(0x00007feb018bd000,0x00007feb019be000)]
  0x00007feb18290800 JavaThread "logback-1" daemon [_thread_blocked, id=18838, stack(0x00007feb019be000,0x00007feb01abf000)]
  0x00007feb18142000 JavaThread "Service Thread" daemon [_thread_blocked, id=18793, stack(0x00007feb02008000,0x00007feb02109000)]
  0x00007feb1813f000 JavaThread "C1 CompilerThread1" daemon [_thread_blocked, id=18790, stack(0x00007feb02109000,0x00007feb0220a000)]
  0x00007feb1813c000 JavaThread "C2 CompilerThread0" daemon [_thread_in_native, id=18783, stack(0x00007feb0220a000,0x00007feb0230b000)]
  0x00007feb1813a800 JavaThread "Signal Dispatcher" daemon [_thread_blocked, id=18772, stack(0x00007feb0230b000,0x00007feb0240c000)]
  0x00007feb18107800 JavaThread "Finalizer" daemon [_thread_blocked, id=18750, stack(0x00007feb02dcb000,0x00007feb02ecc000)]
  0x00007feb18105000 JavaThread "Reference Handler" daemon [_thread_blocked, id=18749, stack(0x00007feb02ecc000,0x00007feb02fcd000)]
  0x00007feb1800a800 JavaThread "main" [_thread_in_native, id=18732, stack(0x00007feb1f12d000,0x00007feb1f22e000)]

Other Threads:
=>0x00007feb180fb800 VMThread [stack: 0x00007feb02fcd000,0x00007feb030ce000] [id=18748]
  0x00007feb18146800 WatcherThread [stack: 0x00007feb01f07000,0x00007feb02008000] [id=18797]

VM state:at safepoint (normal execution)

VM Mutex/Monitor currently owned by a thread:  ([mutex/lock_event])
[0x00007feb18006c60] Threads_lock - owner thread: 0x00007feb180fb800
[0x00007feb18007160] Heap_lock - owner thread: 0x00007feac0001800

Heap:
 PSYoungGen      total 71680K, used 11755K [0x00000000d6900000, 0x00000000dbe00000, 0x0000000100000000)
  eden space 59904K, 0% used [0x00000000d6900000,0x00000000d6900000,0x00000000da380000)
  from space 11776K, 99% used [0x00000000da380000,0x00000000daefae80,0x00000000daf00000)
  to   space 8192K, 0% used [0x00000000daf00000,0x00000000daf00000,0x00000000db700000)
 ParOldGen       total 86016K, used 32652K [0x0000000083a00000, 0x0000000088e00000, 0x00000000d6900000)
  object space 86016K, 37% used [0x0000000083a00000,0x00000000859e3030,0x0000000088e00000)
 Metaspace       used 17741K, capacity 18236K, committed 18304K, reserved 1064960K
  class space    used 1959K, capacity 2132K, committed 2176K, reserved 1048576K

Card table byte_map: [0x00007feb0885c000,0x00007feb08c40000] byte_map_base: 0x00007feb0843f000

Marking Bits: (ParMarkBitMap*) 0x00007feb1e5f80a0
 Begin Bits: [0x00007feb04794000, 0x00007feb066ac000)
 End Bits:   [0x00007feb066ac000, 0x00007feb085c4000)

Polling page: 0x00007feb1f24a000

CodeCache: size=245760Kb used=7104Kb max_used=7104Kb free=238655Kb
 bounds [0x00007feb09000000, 0x00007feb09700000, 0x00007feb18000000]
 total_blobs=2486 nmethods=2072 adapters=327
 compilation: enabled

Compilation events (10 events):
Event: 119.436 Thread 0x00007feb1813f000 2228       3       java.util.HashMap::readObject (266 bytes)
Event: 119.445 Thread 0x00007feb1813f000 nmethod 2228 0x00007feb096f0750 code [0x00007feb096f0b60, 0x00007feb096f2c58]
Event: 119.719 Thread 0x00007feb1813f000 2229   !   2       sun.reflect.GeneratedSerializationConstructorAccessor88::newInstance (49 bytes)
Event: 119.719 Thread 0x00007feb1813f000 nmethod 2229 0x00007feb092e4910 code [0x00007feb092e4aa0, 0x00007feb092e4de8]
Event: 119.720 Thread 0x00007feb1813f000 2230   !   2       sun.reflect.GeneratedSerializationConstructorAccessor87::newInstance (49 bytes)
Event: 119.720 Thread 0x00007feb1813f000 nmethod 2230 0x00007feb092ea950 code [0x00007feb092eaae0, 0x00007feb092eae28]
Event: 119.722 Thread 0x00007feb1813f000 2231   !   2       sun.reflect.GeneratedSerializationConstructorAccessor72::newInstance (49 bytes)
Event: 119.722 Thread 0x00007feb1813f000 nmethod 2231 0x00007feb092ea210 code [0x00007feb092ea3a0, 0x00007feb092ea6e8]
Event: 119.722 Thread 0x00007feb1813f000 2232       2       org.evosuite.utils.generic.GenericConstructor::readObject (113 bytes)
Event: 119.722 Thread 0x00007feb1813f000 nmethod 2232 0x00007feb096f3e90 code [0x00007feb096f40e0, 0x00007feb096f47c8]

GC Heap History (10 events):
Event: 99.037 GC heap after
Heap after GC invocations=5 (full 1):
 PSYoungGen      total 37888K, used 4447K [0x00000000d6900000, 0x00000000d9300000, 0x0000000100000000)
  eden space 32768K, 0% used [0x00000000d6900000,0x00000000d6900000,0x00000000d8900000)
  from space 5120K, 86% used [0x00000000d8e00000,0x00000000d9257c48,0x00000000d9300000)
  to   space 5120K, 0% used [0x00000000d8900000,0x00000000d8900000,0x00000000d8e00000)
 ParOldGen       total 86016K, used 4083K [0x0000000083a00000, 0x0000000088e00000, 0x00000000d6900000)
  object space 86016K, 4% used [0x0000000083a00000,0x0000000083dfcfe0,0x0000000088e00000)
 Metaspace       used 14028K, capacity 14370K, committed 14592K, reserved 1062912K
  class space    used 1601K, capacity 1706K, committed 1792K, reserved 1048576K
}
Event: 99.784 GC heap before
{Heap before GC invocations=6 (full 1):
 PSYoungGen      total 37888K, used 37215K [0x00000000d6900000, 0x00000000d9300000, 0x0000000100000000)
  eden space 32768K, 100% used [0x00000000d6900000,0x00000000d8900000,0x00000000d8900000)
  from space 5120K, 86% used [0x00000000d8e00000,0x00000000d9257c48,0x00000000d9300000)
  to   space 5120K, 0% used [0x00000000d8900000,0x00000000d8900000,0x00000000d8e00000)
 ParOldGen       total 86016K, used 4083K [0x0000000083a00000, 0x0000000088e00000, 0x00000000d6900000)
  object space 86016K, 4% used [0x0000000083a00000,0x0000000083dfcfe0,0x0000000088e00000)
 Metaspace       used 14046K, capacity 14434K, committed 14592K, reserved 1062912K
  class space    used 1601K, capacity 1706K, committed 1792K, reserved 1048576K
Event: 99.791 GC heap after
Heap after GC invocations=6 (full 1):
 PSYoungGen      total 37888K, used 4791K [0x00000000d6900000, 0x00000000d9300000, 0x0000000100000000)
  eden space 32768K, 0% used [0x00000000d6900000,0x00000000d6900000,0x00000000d8900000)
  from space 5120K, 93% used [0x00000000d8900000,0x00000000d8dadeb0,0x00000000d8e00000)
  to   space 5120K, 0% used [0x00000000d8e00000,0x00000000d8e00000,0x00000000d9300000)
 ParOldGen       total 86016K, used 4091K [0x0000000083a00000, 0x0000000088e00000, 0x00000000d6900000)
  object space 86016K, 4% used [0x0000000083a00000,0x0000000083dfefe0,0x0000000088e00000)
 Metaspace       used 14046K, capacity 14434K, committed 14592K, reserved 1062912K
  class space    used 1601K, capacity 1706K, committed 1792K, reserved 1048576K
}
Event: 102.887 GC heap before
{Heap before GC invocations=7 (full 1):
 PSYoungGen      total 37888K, used 37559K [0x00000000d6900000, 0x00000000d9300000, 0x0000000100000000)
  eden space 32768K, 100% used [0x00000000d6900000,0x00000000d8900000,0x00000000d8900000)
  from space 5120K, 93% used [0x00000000d8900000,0x00000000d8dadeb0,0x00000000d8e00000)
  to   space 5120K, 0% used [0x00000000d8e00000,0x00000000d8e00000,0x00000000d9300000)
 ParOldGen       total 86016K, used 4091K [0x0000000083a00000, 0x0000000088e00000, 0x00000000d6900000)
  object space 86016K, 4% used [0x0000000083a00000,0x0000000083dfefe0,0x0000000088e00000)
 Metaspace       used 15150K, capacity 15616K, committed 15744K, reserved 1062912K
  class space    used 1693K, capacity 1828K, committed 1920K, reserved 1048576K
Event: 102.923 GC heap after
Heap after GC invocations=7 (full 1):
 PSYoungGen      total 36864K, used 5104K [0x00000000d6900000, 0x00000000d9480000, 0x0000000100000000)
  eden space 31744K, 0% used [0x00000000d6900000,0x00000000d6900000,0x00000000d8800000)
  from space 5120K, 99% used [0x00000000d8e00000,0x00000000d92fc380,0x00000000d9300000)
  to   space 6144K, 0% used [0x00000000d8800000,0x00000000d8800000,0x00000000d8e00000)
 ParOldGen       total 86016K, used 5680K [0x0000000083a00000, 0x0000000088e00000, 0x00000000d6900000)
  object space 86016K, 6% used [0x0000000083a00000,0x0000000083f8c058,0x0000000088e00000)
 Metaspace       used 15150K, capacity 15616K, committed 15744K, reserved 1062912K
  class space    used 1693K, capacity 1828K, committed 1920K, reserved 1048576K
}
Event: 105.496 GC heap before
{Heap before GC invocations=8 (full 1):
 PSYoungGen      total 36864K, used 36848K [0x00000000d6900000, 0x00000000d9480000, 0x0000000100000000)
  eden space 31744K, 100% used [0x00000000d6900000,0x00000000d8800000,0x00000000d8800000)
  from space 5120K, 99% used [0x00000000d8e00000,0x00000000d92fc380,0x00000000d9300000)
  to   space 6144K, 0% used [0x00000000d8800000,0x00000000d8800000,0x00000000d8e00000)
 ParOldGen       total 86016K, used 5680K [0x0000000083a00000, 0x0000000088e00000, 0x00000000d6900000)
  object space 86016K, 6% used [0x0000000083a00000,0x0000000083f8c058,0x0000000088e00000)
 Metaspace       used 16307K, capacity 16748K, committed 16768K, reserved 1064960K
  class space    used 1791K, capacity 1900K, committed 1920K, reserved 1048576K
Event: 105.854 GC heap after
Heap after GC invocations=8 (full 1):
 PSYoungGen      total 37888K, used 6139K [0x00000000d6900000, 0x00000000db700000, 0x0000000100000000)
  eden space 31744K, 0% used [0x00000000d6900000,0x00000000d6900000,0x00000000d8800000)
  from space 6144K, 99% used [0x00000000d8800000,0x00000000d8dfedd0,0x00000000d8e00000)
  to   space 8192K, 0% used [0x00000000daf00000,0x00000000daf00000,0x00000000db700000)
 ParOldGen       total 86016K, used 8849K [0x0000000083a00000, 0x0000000088e00000, 0x00000000d6900000)
  object space 86016K, 10% used [0x0000000083a00000,0x00000000842a4718,0x0000000088e00000)
 Metaspace       used 16307K, capacity 16748K, committed 16768K, reserved 1064960K
  class space    used 1791K, capacity 1900K, committed 1920K, reserved 1048576K
}
Event: 116.590 GC heap before
{Heap before GC invocations=9 (full 1):
 PSYoungGen      total 37888K, used 37726K [0x00000000d6900000, 0x00000000db700000, 0x0000000100000000)
  eden space 31744K, 99% used [0x00000000d6900000,0x00000000d87d8be0,0x00000000d8800000)
  from space 6144K, 99% used [0x00000000d8800000,0x00000000d8dfedd0,0x00000000d8e00000)
  to   space 8192K, 0% used [0x00000000daf00000,0x00000000daf00000,0x00000000db700000)
 ParOldGen       total 86016K, used 8849K [0x0000000083a00000, 0x0000000088e00000, 0x00000000d6900000)
  object space 86016K, 10% used [0x0000000083a00000,0x00000000842a4718,0x0000000088e00000)
 Metaspace       used 16958K, capacity 17494K, committed 17664K, reserved 1064960K
  class space    used 1877K, capacity 2035K, committed 2048K, reserved 1048576K
Event: 116.701 GC heap after
Heap after GC invocations=9 (full 1):
 PSYoungGen      total 68096K, used 8181K [0x00000000d6900000, 0x00000000dbe00000, 0x0000000100000000)
  eden space 59904K, 0% used [0x00000000d6900000,0x00000000d6900000,0x00000000da380000)
  from space 8192K, 99% used [0x00000000daf00000,0x00000000db6fd480,0x00000000db700000)
  to   space 11776K, 0% used [0x00000000da380000,0x00000000da380000,0x00000000daf00000)
 ParOldGen       total 86016K, used 14291K [0x0000000083a00000, 0x0000000088e00000, 0x00000000d6900000)
  object space 86016K, 16% used [0x0000000083a00000,0x00000000847f4ec0,0x0000000088e00000)
 Metaspace       used 16958K, capacity 17494K, committed 17664K, reserved 1064960K
  class space    used 1877K, capacity 2035K, committed 2048K, reserved 1048576K
}
Event: 119.784 GC heap before
{Heap before GC invocations=10 (full 1):
 PSYoungGen      total 68096K, used 68085K [0x00000000d6900000, 0x00000000dbe00000, 0x0000000100000000)
  eden space 59904K, 100% used [0x00000000d6900000,0x00000000da380000,0x00000000da380000)
  from space 8192K, 99% used [0x00000000daf00000,0x00000000db6fd480,0x00000000db700000)
  to   space 11776K, 0% used [0x00000000da380000,0x00000000da380000,0x00000000daf00000)
 ParOldGen       total 86016K, used 14291K [0x0000000083a00000, 0x0000000088e00000, 0x00000000d6900000)
  object space 86016K, 16% used [0x0000000083a00000,0x00000000847f4ec0,0x0000000088e00000)
 Metaspace       used 17741K, capacity 18236K, committed 18304K, reserved 1064960K
  class space    used 1959K, capacity 2132K, committed 2176K, reserved 1048576K

Deoptimization events (10 events):
Event: 96.118 Thread 0x0000000000f73800 Uncommon trap: reason=bimorphic action=maybe_recompile pc=0x00007feb0944362c method=java.util.HashMap.putVal(ILjava/lang/Object;Ljava/lang/Object;ZZ)Ljava/lang/Object; @ 203
Event: 96.262 Thread 0x0000000000f73800 Uncommon trap: reason=bimorphic action=maybe_recompile pc=0x00007feb09479128 method=java.util.HashMap.putVal(ILjava/lang/Object;Ljava/lang/Object;ZZ)Ljava/lang/Object; @ 203
Event: 96.262 Thread 0x0000000000f73800 Uncommon trap: reason=bimorphic action=maybe_recompile pc=0x00007feb0944362c method=java.util.HashMap.putVal(ILjava/lang/Object;Ljava/lang/Object;ZZ)Ljava/lang/Object; @ 203
Event: 99.435 Thread 0x0000000000f73800 Uncommon trap: reason=unstable_if action=reinterpret pc=0x00007feb095899b4 method=org.evosuite.instrumentation.coverage.BranchInstrumentation.analyze(Ljava/lang/ClassLoader;Lorg/evosuite/shaded/org/objectweb/asm/tree/MethodNode;Ljava/lang/String;Ljava/lan
Event: 100.009 Thread 0x0000000000f73800 Uncommon trap: reason=predicate action=maybe_recompile pc=0x00007feb09595b90 method=java.util.ArrayList.indexOf(Ljava/lang/Object;)I @ 44
Event: 100.133 Thread 0x0000000000f73800 Uncommon trap: reason=unstable_if action=reinterpret pc=0x00007feb0954b838 method=org.evosuite.shaded.org.objectweb.asm.Type.getArgumentsAndReturnSizes(Ljava/lang/String;)I @ 88
Event: 106.339 Thread 0x0000000000f73800 Uncommon trap: reason=unstable_if action=reinterpret pc=0x00007feb095faf88 method=org.evosuite.shaded.org.objectweb.asm.Frame.merge(Lorg/evosuite/shaded/org/objectweb/asm/ClassWriter;I[II)Z @ 61
Event: 113.613 Thread 0x00007feac0001800 Uncommon trap: reason=unstable_if action=reinterpret pc=0x00007feb0961935c method=java.io.ObjectInputStream.defaultReadFields(Ljava/lang/Object;Ljava/io/ObjectStreamClass;)V @ 49
Event: 117.155 Thread 0x0000000000f73800 Uncommon trap: reason=range_check action=make_not_entrant pc=0x00007feb096ce2b8 method=java.lang.String.charAt(I)C @ 27
Event: 119.724 Thread 0x0000000000f73800 Uncommon trap: reason=unstable_if action=reinterpret pc=0x00007feb096873e4 method=org.evosuite.shaded.org.objectweb.asm.Frame.merge(Lorg/evosuite/shaded/org/objectweb/asm/ClassWriter;I[II)Z @ 268

Classes redefined (0 events):
No events

Internal exceptions (10 events):
Event: 91.175 Thread 0x00007feb18294000 Exception <a 'java/net/ConnectException'> (0x00000000d6d2d210) thrown at [/HUDSON/workspace/8-2-build-linux-amd64/jdk8u181/11358/hotspot/src/share/vm/prims/jni.cpp, line 709]
Event: 91.183 Thread 0x00007feb18290800 Exception <a 'java/net/ConnectException'> (0x00000000d6d7f190) thrown at [/HUDSON/workspace/8-2-build-linux-amd64/jdk8u181/11358/hotspot/src/share/vm/prims/jni.cpp, line 709]
Event: 92.717 Thread 0x0000000000f73800 Exception <a 'java/lang/NoSuchMethodError': <clinit>> (0x00000000d739b2c0) thrown at [/HUDSON/workspace/8-2-build-linux-amd64/jdk8u181/11358/hotspot/src/share/vm/prims/jni.cpp, line 1613]
Event: 99.435 Thread 0x0000000000f73800 Implicit null exception at 0x00007feb09587ee6 to 0x00007feb09589981
Event: 101.151 Thread 0x00007feb18292000 Exception <a 'java/net/ConnectException'> (0x00000000d7af1828) thrown at [/HUDSON/workspace/8-2-build-linux-amd64/jdk8u181/11358/hotspot/src/share/vm/prims/jni.cpp, line 709]
Event: 101.176 Thread 0x00007feb18294000 Exception <a 'java/net/ConnectException'> (0x00000000d7b26ce8) thrown at [/HUDSON/workspace/8-2-build-linux-amd64/jdk8u181/11358/hotspot/src/share/vm/prims/jni.cpp, line 709]
Event: 101.183 Thread 0x00007feb18290800 Exception <a 'java/net/ConnectException'> (0x00000000d7b5c1a8) thrown at [/HUDSON/workspace/8-2-build-linux-amd64/jdk8u181/11358/hotspot/src/share/vm/prims/jni.cpp, line 709]
Event: 111.266 Thread 0x00007feb18290800 Exception <a 'java/net/ConnectException'> (0x00000000d7284028) thrown at [/HUDSON/workspace/8-2-build-linux-amd64/jdk8u181/11358/hotspot/src/share/vm/prims/jni.cpp, line 709]
Event: 111.266 Thread 0x00007feb18294000 Exception <a 'java/net/ConnectException'> (0x00000000d72a5968) thrown at [/HUDSON/workspace/8-2-build-linux-amd64/jdk8u181/11358/hotspot/src/share/vm/prims/jni.cpp, line 709]
Event: 111.358 Thread 0x00007feb18292000 Exception <a 'java/net/ConnectException'> (0x00000000d72c72a8) thrown at [/HUDSON/workspace/8-2-build-linux-amd64/jdk8u181/11358/hotspot/src/share/vm/prims/jni.cpp, line 709]

Events (10 events):
Event: 119.615 Executing VM operation: RevokeBias
Event: 119.615 Executing VM operation: RevokeBias done
Event: 119.615 Executing VM operation: RevokeBias
Event: 119.615 Executing VM operation: RevokeBias done
Event: 119.615 Executing VM operation: BulkRevokeBias
Event: 119.615 Executing VM operation: BulkRevokeBias done
Event: 119.724 Thread 0x0000000000f73800 Uncommon trap: trap_request=0xffffff65 fr.pc=0x00007feb096873e4
Event: 119.724 Thread 0x0000000000f73800 DEOPT PACKING pc=0x00007feb096873e4 sp=0x00007feb007d1ba0
Event: 119.724 Thread 0x0000000000f73800 DEOPT UNPACKING pc=0x00007feb0904573a sp=0x00007feb007d1ab0 mode 2
Event: 119.784 Executing VM operation: ParallelGCFailedAllocation


Dynamic libraries:
00400000-00401000 r-xp 00000000 08:01 1448396                            /usr/lib/jvm/jdk1.8.0_181/bin/java
00600000-00601000 rw-p 00000000 08:01 1448396                            /usr/lib/jvm/jdk1.8.0_181/bin/java
00f71000-00f92000 rw-p 00000000 00:00 0                                  [heap]
83a00000-88e00000 rw-p 00000000 00:00 0 
88e00000-d6900000 ---p 00000000 00:00 0 
d6900000-dbe00000 rw-p 00000000 00:00 0 
e0600000-100000000 ---p 00000000 00:00 0 
100000000-100220000 rw-p 00000000 00:00 0 
100220000-140000000 ---p 00000000 00:00 0 
7feac0000000-7feac0021000 rw-p 00000000 00:00 0 
7feac0021000-7feac4000000 ---p 00000000 00:00 0 
7feac8000000-7feac8021000 rw-p 00000000 00:00 0 
7feac8021000-7feacc000000 ---p 00000000 00:00 0 
7feacc000000-7feacc021000 rw-p 00000000 00:00 0 
7feacc021000-7fead0000000 ---p 00000000 00:00 0 
7fead0000000-7fead0021000 rw-p 00000000 00:00 0 
7fead0021000-7fead4000000 ---p 00000000 00:00 0 
7fead4000000-7fead4021000 rw-p 00000000 00:00 0 
7fead4021000-7fead8000000 ---p 00000000 00:00 0 
7fead8d02000-7fead8efe000 rw-p 00000000 00:00 0 
7fead8efe000-7fead8f01000 ---p 00000000 00:00 0 
7fead8f01000-7feadc000000 rw-p 00000000 00:00 0 
7feadc000000-7feadc95e000 rw-p 00000000 00:00 0 
7feadc95e000-7feae0000000 ---p 00000000 00:00 0 
7feae0000000-7feae0021000 rw-p 00000000 00:00 0 
7feae0021000-7feae4000000 ---p 00000000 00:00 0 
7feae4000000-7feae4021000 rw-p 00000000 00:00 0 
7feae4021000-7feae8000000 ---p 00000000 00:00 0 
7feae8000000-7feae942f000 rw-p 00000000 00:00 0 
7feae942f000-7feaec000000 ---p 00000000 00:00 0 
7feaec000000-7feaec021000 rw-p 00000000 00:00 0 
7feaec021000-7feaf0000000 ---p 00000000 00:00 0 
7feaf0000000-7feaf003c000 rw-p 00000000 00:00 0 
7feaf003c000-7feaf4000000 ---p 00000000 00:00 0 
7feaf4000000-7feaf43d7000 rw-p 00000000 00:00 0 
7feaf43d7000-7feaf8000000 ---p 00000000 00:00 0 
7feaf8000000-7feaf82da000 rw-p 00000000 00:00 0 
7feaf82da000-7feafc000000 ---p 00000000 00:00 0 
7feafc000000-7feafc021000 rw-p 00000000 00:00 0 
7feafc021000-7feb00000000 ---p 00000000 00:00 0 
7feb000c3000-7feb00283000 rw-p 00000000 00:00 0 
7feb00283000-7feb002c3000 ---p 00000000 00:00 0 
7feb002c3000-7feb004c3000 rw-p 00000000 00:00 0 
7feb004c3000-7feb004d6000 r--s 00345000 08:01 2756119                    /usr/lib/jvm/jdk1.8.0_181/jre/lib/resources.jar
7feb004d6000-7feb006d6000 rw-p 00000000 00:00 0 
7feb006d6000-7feb006d9000 ---p 00000000 00:00 0 
7feb006d9000-7feb007d7000 rw-p 00000000 00:00 0 
7feb007d7000-7feb007da000 ---p 00000000 00:00 0 
7feb007da000-7feb008d8000 rw-p 00000000 00:00 0 
7feb008d8000-7feb008db000 ---p 00000000 00:00 0 
7feb008db000-7feb009d9000 rw-p 00000000 00:00 0 
7feb009d9000-7feb009e3000 r--s 00116000 08:01 2756143                    /usr/lib/jvm/jdk1.8.0_181/jre/lib/ext/localedata.jar
7feb009e3000-7feb009ff000 r--s 00393000 08:01 2756136                    /usr/lib/jvm/jdk1.8.0_181/jre/lib/ext/cldrdata.jar
7feb009ff000-7feb00a02000 ---p 00000000 00:00 0 
7feb00a02000-7feb00b00000 rw-p 00000000 00:00 0 
7feb00b00000-7feb00b03000 ---p 00000000 00:00 0 
7feb00b03000-7feb00c01000 rw-p 00000000 00:00 0 
7feb00c01000-7feb00c04000 ---p 00000000 00:00 0 
7feb00c04000-7feb00d02000 rw-p 00000000 00:00 0 
7feb00d02000-7feb00d05000 ---p 00000000 00:00 0 
7feb00d05000-7feb00e03000 rw-p 00000000 00:00 0 
7feb00e03000-7feb00e06000 ---p 00000000 00:00 0 
7feb00e06000-7feb00f04000 rw-p 00000000 00:00 0 
7feb00f04000-7feb00f07000 ---p 00000000 00:00 0 
7feb00f07000-7feb01005000 rw-p 00000000 00:00 0 
7feb01005000-7feb01008000 ---p 00000000 00:00 0 
7feb01008000-7feb0103e000 rw-p 00000000 00:00 0 
7feb0103e000-7feb01041000 ---p 00000000 00:00 0 
7feb01041000-7feb0113f000 rw-p 00000000 00:00 0 
7feb0113f000-7feb01142000 ---p 00000000 00:00 0 
7feb01142000-7feb01240000 rw-p 00000000 00:00 0 
7feb01240000-7feb01243000 ---p 00000000 00:00 0 
7feb01243000-7feb01341000 rw-p 00000000 00:00 0 
7feb01341000-7feb01344000 ---p 00000000 00:00 0 
7feb01344000-7feb01442000 rw-p 00000000 00:00 0 
7feb01442000-7feb01445000 ---p 00000000 00:00 0 
7feb01445000-7feb01743000 rw-p 00000000 00:00 0 
7feb01743000-7feb017bc000 r--s 010f9000 08:01 1448503                    /usr/lib/jvm/jdk1.8.0_181/lib/tools.jar
7feb017bc000-7feb017bf000 ---p 00000000 00:00 0 
7feb017bf000-7feb018bd000 rw-p 00000000 00:00 0 
7feb018bd000-7feb018c0000 ---p 00000000 00:00 0 
7feb018c0000-7feb019be000 rw-p 00000000 00:00 0 
7feb019be000-7feb019c1000 ---p 00000000 00:00 0 
7feb019c1000-7feb01abf000 rw-p 00000000 00:00 0 
7feb01abf000-7feb01ad5000 r-xp 00000000 08:01 2756237                    /usr/lib/jvm/jdk1.8.0_181/jre/lib/amd64/libnet.so
7feb01ad5000-7feb01cd5000 ---p 00016000 08:01 2756237                    /usr/lib/jvm/jdk1.8.0_181/jre/lib/amd64/libnet.so
7feb01cd5000-7feb01cd6000 rw-p 00016000 08:01 2756237                    /usr/lib/jvm/jdk1.8.0_181/jre/lib/amd64/libnet.so
7feb01cd6000-7feb01f07000 r--s 01bb1000 08:01 1706762                    /home/whj/dowork/DiffTGen/lib/evosuite-1.0.6.jar
7feb01f07000-7feb01f08000 ---p 00000000 00:00 0 
7feb01f08000-7feb02008000 rw-p 00000000 00:00 0 
7feb02008000-7feb0200b000 ---p 00000000 00:00 0 
7feb0200b000-7feb02109000 rw-p 00000000 00:00 0 
7feb02109000-7feb0210c000 ---p 00000000 00:00 0 
7feb0210c000-7feb0220a000 rw-p 00000000 00:00 0 
7feb0220a000-7feb0220d000 ---p 00000000 00:00 0 
7feb0220d000-7feb0230b000 rw-p 00000000 00:00 0 
7feb0230b000-7feb0230e000 ---p 00000000 00:00 0 
7feb0230e000-7feb0240c000 rw-p 00000000 00:00 0 
7feb0240c000-7feb02dcb000 r--p 00000000 08:01 1316108                    /usr/lib/locale/locale-archive
7feb02dcb000-7feb02dce000 ---p 00000000 00:00 0 
7feb02dce000-7feb02ecc000 rw-p 00000000 00:00 0 
7feb02ecc000-7feb02ecf000 ---p 00000000 00:00 0 
7feb02ecf000-7feb02fcd000 rw-p 00000000 00:00 0 
7feb02fcd000-7feb02fce000 ---p 00000000 00:00 0 
7feb02fce000-7feb039d7000 rw-p 00000000 00:00 0 
7feb039d7000-7feb03bb1000 r--s 03d6b000 08:01 2756084                    /usr/lib/jvm/jdk1.8.0_181/jre/lib/rt.jar
7feb03bb1000-7feb043b1000 rw-p 00000000 00:00 0 
7feb043b1000-7feb085ee000 rw-p 00000000 00:00 0 
7feb085ee000-7feb0885c000 ---p 00000000 00:00 0 
7feb0885c000-7feb08886000 rw-p 00000000 00:00 0 
7feb08886000-7feb08af3000 ---p 00000000 00:00 0 
7feb08af3000-7feb08b1e000 rw-p 00000000 00:00 0 
7feb08b1e000-7feb08c3f000 ---p 00000000 00:00 0 
7feb08c3f000-7feb08c5c000 rw-p 00000000 00:00 0 
7feb08c5c000-7feb09000000 ---p 00000000 00:00 0 
7feb09000000-7feb09700000 rwxp 00000000 00:00 0 
7feb09700000-7feb18000000 ---p 00000000 00:00 0 
7feb18000000-7feb1846c000 rw-p 00000000 00:00 0 
7feb1846c000-7feb1c000000 ---p 00000000 00:00 0 
7feb1c004000-7feb1c07a000 rw-p 00000000 00:00 0 
7feb1c07a000-7feb1c07b000 ---p 00000000 00:00 0 
7feb1c07b000-7feb1c17b000 rw-p 00000000 00:00 0 
7feb1c17b000-7feb1c17c000 ---p 00000000 00:00 0 
7feb1c17c000-7feb1c27c000 rw-p 00000000 00:00 0 
7feb1c27c000-7feb1c297000 r-xp 00000000 08:01 2756233                    /usr/lib/jvm/jdk1.8.0_181/jre/lib/amd64/libzip.so
7feb1c297000-7feb1c497000 ---p 0001b000 08:01 2756233                    /usr/lib/jvm/jdk1.8.0_181/jre/lib/amd64/libzip.so
7feb1c497000-7feb1c498000 rw-p 0001b000 08:01 2756233                    /usr/lib/jvm/jdk1.8.0_181/jre/lib/amd64/libzip.so
7feb1c498000-7feb1c4a3000 r-xp 00000000 08:01 1054188                    /lib/x86_64-linux-gnu/libnss_files-2.23.so
7feb1c4a3000-7feb1c6a2000 ---p 0000b000 08:01 1054188                    /lib/x86_64-linux-gnu/libnss_files-2.23.so
7feb1c6a2000-7feb1c6a3000 r--p 0000a000 08:01 1054188                    /lib/x86_64-linux-gnu/libnss_files-2.23.so
7feb1c6a3000-7feb1c6a4000 rw-p 0000b000 08:01 1054188                    /lib/x86_64-linux-gnu/libnss_files-2.23.so
7feb1c6a4000-7feb1c6aa000 rw-p 00000000 00:00 0 
7feb1c6aa000-7feb1c6b5000 r-xp 00000000 08:01 1054198                    /lib/x86_64-linux-gnu/libnss_nis-2.23.so
7feb1c6b5000-7feb1c8b4000 ---p 0000b000 08:01 1054198                    /lib/x86_64-linux-gnu/libnss_nis-2.23.so
7feb1c8b4000-7feb1c8b5000 r--p 0000a000 08:01 1054198                    /lib/x86_64-linux-gnu/libnss_nis-2.23.so
7feb1c8b5000-7feb1c8b6000 rw-p 0000b000 08:01 1054198                    /lib/x86_64-linux-gnu/libnss_nis-2.23.so
7feb1c8b6000-7feb1c8cc000 r-xp 00000000 08:01 1054182                    /lib/x86_64-linux-gnu/libnsl-2.23.so
7feb1c8cc000-7feb1cacb000 ---p 00016000 08:01 1054182                    /lib/x86_64-linux-gnu/libnsl-2.23.so
7feb1cacb000-7feb1cacc000 r--p 00015000 08:01 1054182                    /lib/x86_64-linux-gnu/libnsl-2.23.so
7feb1cacc000-7feb1cacd000 rw-p 00016000 08:01 1054182                    /lib/x86_64-linux-gnu/libnsl-2.23.so
7feb1cacd000-7feb1cacf000 rw-p 00000000 00:00 0 
7feb1cacf000-7feb1cad7000 r-xp 00000000 08:01 1054184                    /lib/x86_64-linux-gnu/libnss_compat-2.23.so
7feb1cad7000-7feb1ccd6000 ---p 00008000 08:01 1054184                    /lib/x86_64-linux-gnu/libnss_compat-2.23.so
7feb1ccd6000-7feb1ccd7000 r--p 00007000 08:01 1054184                    /lib/x86_64-linux-gnu/libnss_compat-2.23.so
7feb1ccd7000-7feb1ccd8000 rw-p 00008000 08:01 1054184                    /lib/x86_64-linux-gnu/libnss_compat-2.23.so
7feb1ccd8000-7feb1cd03000 r-xp 00000000 08:01 2756227                    /usr/lib/jvm/jdk1.8.0_181/jre/lib/amd64/libjava.so
7feb1cd03000-7feb1cf02000 ---p 0002b000 08:01 2756227                    /usr/lib/jvm/jdk1.8.0_181/jre/lib/amd64/libjava.so
7feb1cf02000-7feb1cf04000 rw-p 0002a000 08:01 2756227                    /usr/lib/jvm/jdk1.8.0_181/jre/lib/amd64/libjava.so
7feb1cf04000-7feb1cf11000 r-xp 00000000 08:01 2756232                    /usr/lib/jvm/jdk1.8.0_181/jre/lib/amd64/libverify.so
7feb1cf11000-7feb1d111000 ---p 0000d000 08:01 2756232                    /usr/lib/jvm/jdk1.8.0_181/jre/lib/amd64/libverify.so
7feb1d111000-7feb1d113000 rw-p 0000d000 08:01 2756232                    /usr/lib/jvm/jdk1.8.0_181/jre/lib/amd64/libverify.so
7feb1d113000-7feb1d11a000 r-xp 00000000 08:01 1054243                    /lib/x86_64-linux-gnu/librt-2.23.so
7feb1d11a000-7feb1d319000 ---p 00007000 08:01 1054243                    /lib/x86_64-linux-gnu/librt-2.23.so
7feb1d319000-7feb1d31a000 r--p 00006000 08:01 1054243                    /lib/x86_64-linux-gnu/librt-2.23.so
7feb1d31a000-7feb1d31b000 rw-p 00007000 08:01 1054243                    /lib/x86_64-linux-gnu/librt-2.23.so
7feb1d31b000-7feb1d423000 r-xp 00000000 08:01 1054159                    /lib/x86_64-linux-gnu/libm-2.23.so
7feb1d423000-7feb1d622000 ---p 00108000 08:01 1054159                    /lib/x86_64-linux-gnu/libm-2.23.so
7feb1d622000-7feb1d623000 r--p 00107000 08:01 1054159                    /lib/x86_64-linux-gnu/libm-2.23.so
7feb1d623000-7feb1d624000 rw-p 00108000 08:01 1054159                    /lib/x86_64-linux-gnu/libm-2.23.so
7feb1d624000-7feb1e300000 r-xp 00000000 08:01 2756209                    /usr/lib/jvm/jdk1.8.0_181/jre/lib/amd64/server/libjvm.so
7feb1e300000-7feb1e500000 ---p 00cdc000 08:01 2756209                    /usr/lib/jvm/jdk1.8.0_181/jre/lib/amd64/server/libjvm.so
7feb1e500000-7feb1e5da000 rw-p 00cdc000 08:01 2756209                    /usr/lib/jvm/jdk1.8.0_181/jre/lib/amd64/server/libjvm.so
7feb1e5da000-7feb1e625000 rw-p 00000000 00:00 0 
7feb1e625000-7feb1e7e5000 r-xp 00000000 08:01 1054089                    /lib/x86_64-linux-gnu/libc-2.23.so
7feb1e7e5000-7feb1e9e5000 ---p 001c0000 08:01 1054089                    /lib/x86_64-linux-gnu/libc-2.23.so
7feb1e9e5000-7feb1e9e9000 r--p 001c0000 08:01 1054089                    /lib/x86_64-linux-gnu/libc-2.23.so
7feb1e9e9000-7feb1e9eb000 rw-p 001c4000 08:01 1054089                    /lib/x86_64-linux-gnu/libc-2.23.so
7feb1e9eb000-7feb1e9ef000 rw-p 00000000 00:00 0 
7feb1e9ef000-7feb1e9f2000 r-xp 00000000 08:01 1054113                    /lib/x86_64-linux-gnu/libdl-2.23.so
7feb1e9f2000-7feb1ebf1000 ---p 00003000 08:01 1054113                    /lib/x86_64-linux-gnu/libdl-2.23.so
7feb1ebf1000-7feb1ebf2000 r--p 00002000 08:01 1054113                    /lib/x86_64-linux-gnu/libdl-2.23.so
7feb1ebf2000-7feb1ebf3000 rw-p 00003000 08:01 1054113                    /lib/x86_64-linux-gnu/libdl-2.23.so
7feb1ebf3000-7feb1ec09000 r-xp 00000000 08:01 1449032                    /usr/lib/jvm/jdk1.8.0_181/lib/amd64/jli/libjli.so
7feb1ec09000-7feb1ee08000 ---p 00016000 08:01 1449032                    /usr/lib/jvm/jdk1.8.0_181/lib/amd64/jli/libjli.so
7feb1ee08000-7feb1ee09000 rw-p 00015000 08:01 1449032                    /usr/lib/jvm/jdk1.8.0_181/lib/amd64/jli/libjli.so
7feb1ee09000-7feb1ee21000 r-xp 00000000 08:01 1054235                    /lib/x86_64-linux-gnu/libpthread-2.23.so
7feb1ee21000-7feb1f020000 ---p 00018000 08:01 1054235                    /lib/x86_64-linux-gnu/libpthread-2.23.so
7feb1f020000-7feb1f021000 r--p 00017000 08:01 1054235                    /lib/x86_64-linux-gnu/libpthread-2.23.so
7feb1f021000-7feb1f022000 rw-p 00018000 08:01 1054235                    /lib/x86_64-linux-gnu/libpthread-2.23.so
7feb1f022000-7feb1f026000 rw-p 00000000 00:00 0 
7feb1f026000-7feb1f04c000 r-xp 00000000 08:01 1054061                    /lib/x86_64-linux-gnu/ld-2.23.so
7feb1f04c000-7feb1f05c000 r--s 00139000 08:01 4487                       /home/whj/dowork/DiffTGen/extra_output/Chart_26_1_jaid/target/build/classes/all0.jar
7feb1f05c000-7feb1f12d000 rw-p 00000000 00:00 0 
7feb1f12d000-7feb1f130000 ---p 00000000 00:00 0 
7feb1f130000-7feb1f233000 rw-p 00000000 00:00 0 
7feb1f233000-7feb1f238000 r--s 0009d000 08:01 2756133                    /usr/lib/jvm/jdk1.8.0_181/jre/lib/jsse.jar
7feb1f238000-7feb1f240000 r--s 0006e000 08:01 2248917                    /home/whj/dowork/DiffTGen/lib/commons-lang3-3.5.jar
7feb1f240000-7feb1f241000 r--s 00000000 08:01 2248922                    /home/whj/dowork/DiffTGen/lib/myprinter.jar
7feb1f241000-7feb1f249000 rw-s 00000000 08:01 1984686                    /tmp/hsperfdata_whj/18729
7feb1f249000-7feb1f24a000 rw-p 00000000 00:00 0 
7feb1f24a000-7feb1f24b000 ---p 00000000 00:00 0 
7feb1f24b000-7feb1f24c000 r--p 00025000 08:01 1054061                    /lib/x86_64-linux-gnu/ld-2.23.so
7feb1f24c000-7feb1f24d000 rw-p 00026000 08:01 1054061                    /lib/x86_64-linux-gnu/ld-2.23.so
7feb1f24d000-7feb1f24e000 rw-p 00000000 00:00 0 
7ffe49863000-7ffe49885000 rw-p 00000000 00:00 0                          [stack]
7ffe498d1000-7ffe498d4000 r--p 00000000 00:00 0                          [vvar]
7ffe498d4000-7ffe498d6000 r-xp 00000000 00:00 0                          [vdso]
ffffffffff600000-ffffffffff601000 r-xp 00000000 00:00 0                  [vsyscall]

VM Arguments:
java_command: /home/whj/dowork/DiffTGen/lib/evosuite-1.0.6.jar -base_dir /home/whj/dowork/DiffTGen/extra_output/Chart_26_1_jaid/target/0/1 -projectCP /home/whj/dowork/DiffTGen/extra_output/Chart_26_1_jaid/target/build/classes/all0.jar:/home/whj/dowork/DiffTGen/lib/myprinter.jar:/home/whj/dowork/DiffTGen/lib/commons-lang3-3.5.jar -class org.jfree.chart.axis.Axis -Dassertions=false -Dsearch_budget=60
java_class_path (initial): /home/whj/dowork/DiffTGen/lib/evosuite-1.0.6.jar
Launcher Type: SUN_STANDARD

Environment Variables:
JAVA_HOME=/usr/lib/jvm/jdk1.8.0_181
JRE_HOME=/usr/lib/jvm/jdk1.8.0_181/jre
CLASSPATH=.:/usr/lib/jvm/jdk1.8.0_181/lib:/usr/lib/jvm/jdk1.8.0_181/jre/lib
PATH=/home/whj/perl5/bin:/home/whj/dowork/defects4j-1.2.0/framework/bin:/usr/lib/jvm/jdk1.8.0_181/bin:/usr/lib/jvm/jdk1.8.0_181/jre/bin:/home/whj/bin:/home/whj/.local/bin:/usr/local/sbin:/usr/local/bin:/usr/sbin:/usr/bin:/sbin:/bin:/usr/games:/usr/local/games" :/snap/bin:/home/whj/bin
SHELL=/bin/bash
DISPLAY=:0

Signal Handlers:
SIGSEGV: [libjvm.so+0xad2a40], sa_mask[0]=11111111011111111101111111111110, sa_flags=SA_RESTART|SA_SIGINFO
SIGBUS: [libjvm.so+0xad2a40], sa_mask[0]=11111111011111111101111111111110, sa_flags=SA_RESTART|SA_SIGINFO
SIGFPE: [libjvm.so+0x92a610], sa_mask[0]=11111111011111111101111111111110, sa_flags=SA_RESTART|SA_SIGINFO
SIGPIPE: [libjvm.so+0x92a610], sa_mask[0]=11111111011111111101111111111110, sa_flags=SA_RESTART|SA_SIGINFO
SIGXFSZ: [libjvm.so+0x92a610], sa_mask[0]=11111111011111111101111111111110, sa_flags=SA_RESTART|SA_SIGINFO
SIGILL: [libjvm.so+0x92a610], sa_mask[0]=11111111011111111101111111111110, sa_flags=SA_RESTART|SA_SIGINFO
SIGUSR1: SIG_DFL, sa_mask[0]=00000000000000000000000000000000, sa_flags=none
SIGUSR2: [libjvm.so+0x92be70], sa_mask[0]=00100000000000000000000000000000, sa_flags=SA_RESTART|SA_SIGINFO
SIGHUP: [libjvm.so+0x92d270], sa_mask[0]=11111111011111111101111111111110, sa_flags=SA_RESTART|SA_SIGINFO
SIGINT: [libjvm.so+0x92d270], sa_mask[0]=11111111011111111101111111111110, sa_flags=SA_RESTART|SA_SIGINFO
SIGTERM: [libjvm.so+0x92d270], sa_mask[0]=11111111011111111101111111111110, sa_flags=SA_RESTART|SA_SIGINFO
SIGQUIT: [libjvm.so+0x92d270], sa_mask[0]=11111111011111111101111111111110, sa_flags=SA_RESTART|SA_SIGINFO


---------------  S Y S T E M  ---------------

OS:DISTRIB_ID=Ubuntu
DISTRIB_RELEASE=16.04
DISTRIB_CODENAME=xenial
DISTRIB_DESCRIPTION="Ubuntu 16.04.6 LTS"

uname:Linux 4.15.0-91-generic #92~16.04.1-Ubuntu SMP Fri Feb 28 14:57:22 UTC 2020 x86_64
libc:glibc 2.23 NPTL 2.23 
rlimit: STACK 8192k, CORE 0k, NPROC 31576, NOFILE 1048576, AS infinity
load average:19.47 16.08 15.23

/proc/meminfo:
MemTotal:        8144704 kB
MemFree:          125132 kB
MemAvailable:      14580 kB
Buffers:             328 kB
Cached:            23056 kB
SwapCached:        24992 kB
Active:          6717792 kB
Inactive:         847548 kB
Active(anon):    6706368 kB
Inactive(anon):   838012 kB
Active(file):      11424 kB
Inactive(file):     9536 kB
Unevictable:          32 kB
Mlocked:              32 kB
SwapTotal:        998396 kB
SwapFree:           2796 kB
Dirty:               468 kB
Writeback:             0 kB
AnonPages:       7517068 kB
Mapped:            19416 kB
Shmem:              2348 kB
Slab:              88276 kB
SReclaimable:      31576 kB
SUnreclaim:        56700 kB
KernelStack:       15648 kB
PageTables:        48588 kB
NFS_Unstable:          0 kB
Bounce:                0 kB
WritebackTmp:          0 kB
CommitLimit:     5070748 kB
Committed_AS:   14169272 kB
VmallocTotal:   34359738367 kB
VmallocUsed:           0 kB
VmallocChunk:          0 kB
HardwareCorrupted:     0 kB
AnonHugePages:         0 kB
ShmemHugePages:        0 kB
ShmemPmdMapped:        0 kB
CmaTotal:              0 kB
CmaFree:               0 kB
HugePages_Total:       0
HugePages_Free:        0
HugePages_Rsvd:        0
HugePages_Surp:        0
Hugepagesize:       2048 kB
DirectMap4k:      128832 kB
DirectMap2M:     7211008 kB
DirectMap1G:     3145728 kB


CPU:total 2 (initial active 2) (2 cores per cpu, 1 threads per core) family 6 model 158 stepping 10, cmov, cx8, fxsr, mmx, sse, sse2, sse3, ssse3, sse4.1, sse4.2, popcnt, avx, avx2, aes, clmul, erms, 3dnowpref, lzcnt, tsc, tscinvbit, bmi1, bmi2, adx

/proc/cpuinfo:
processor	: 0
vendor_id	: GenuineIntel
cpu family	: 6
model		: 158
model name	: Intel(R) Core(TM) i7-8750H CPU @ 2.20GHz
stepping	: 10
microcode	: 0x96
cpu MHz		: 2207.999
cache size	: 9216 KB
physical id	: 0
siblings	: 2
core id		: 0
cpu cores	: 2
apicid		: 0
initial apicid	: 0
fpu		: yes
fpu_exception	: yes
cpuid level	: 22
wp		: yes
flags		: fpu vme de pse tsc msr pae mce cx8 apic sep mtrr pge mca cmov pat pse36 clflush mmx fxsr sse sse2 ss ht syscall nx pdpe1gb rdtscp lm constant_tsc arch_perfmon nopl xtopology tsc_reliable nonstop_tsc cpuid pni pclmulqdq ssse3 fma cx16 pcid sse4_1 sse4_2 x2apic movbe popcnt tsc_deadline_timer aes xsave avx f16c rdrand hypervisor lahf_lm abm 3dnowprefetch cpuid_fault invpcid_single pti ssbd ibrs ibpb stibp fsgsbase tsc_adjust bmi1 avx2 smep bmi2 invpcid rdseed adx smap xsaveopt arat flush_l1d arch_capabilities
bugs		: cpu_meltdown spectre_v1 spectre_v2 spec_store_bypass l1tf mds swapgs itlb_multihit
bogomips	: 4415.99
clflush size	: 64
cache_alignment	: 64
address sizes	: 42 bits physical, 48 bits virtual
power management:

processor	: 1
vendor_id	: GenuineIntel
cpu family	: 6
model		: 158
model name	: Intel(R) Core(TM) i7-8750H CPU @ 2.20GHz
stepping	: 10
microcode	: 0x96
cpu MHz		: 2207.999
cache size	: 9216 KB
physical id	: 0
siblings	: 2
core id		: 1
cpu cores	: 2
apicid		: 1
initial apicid	: 1
fpu		: yes
fpu_exception	: yes
cpuid level	: 22
wp		: yes
flags		: fpu vme de pse tsc msr pae mce cx8 apic sep mtrr pge mca cmov pat pse36 clflush mmx fxsr sse sse2 ss ht syscall nx pdpe1gb rdtscp lm constant_tsc arch_perfmon nopl xtopology tsc_reliable nonstop_tsc cpuid pni pclmulqdq ssse3 fma cx16 pcid sse4_1 sse4_2 x2apic movbe popcnt tsc_deadline_timer aes xsave avx f16c rdrand hypervisor lahf_lm abm 3dnowprefetch cpuid_fault invpcid_single pti ssbd ibrs ibpb stibp fsgsbase tsc_adjust bmi1 avx2 smep bmi2 invpcid rdseed adx smap xsaveopt arat flush_l1d arch_capabilities
bugs		: cpu_meltdown spectre_v1 spectre_v2 spec_store_bypass l1tf mds swapgs itlb_multihit
bogomips	: 4415.99
clflush size	: 64
cache_alignment	: 64
address sizes	: 42 bits physical, 48 bits virtual
power management:



Memory: 4k page, physical 8144704k(125132k free), swap 998396k(2796k free)

vm_info: Java HotSpot(TM) 64-Bit Server VM (25.181-b13) for linux-amd64 JRE (1.8.0_181-b13), built on Jul  7 2018 00:56:38 by "java_re" with gcc 4.3.0 20080428 (Red Hat 4.3.0-8)

time: Fri Mar 27 21:17:48 2020
elapsed time: 120 seconds (0d 0h 2m 0s)

