#
# There is insufficient memory for the Java Runtime Environment to continue.
# Native memory allocation (mmap) failed to map 262144000 bytes for committing reserved memory.
# Possible reasons:
#   The system is out of physical RAM or swap space
#   In 32 bit mode, the process size limit was hit
# Possible solutions:
#   Reduce memory load on the system
#   Increase physical memory or swap space
#   Check if swap backing store is full
#   Use 64 bit Java on a 64 bit OS
#   Decrease Java heap size (-Xmx/-Xms)
#   Decrease number of Java threads
#   Decrease Java thread stack sizes (-Xss)
#   Set larger code cache with -XX:ReservedCodeCacheSize=
# This output file may be truncated or incomplete.
#
#  Out of Memory Error (os_linux.cpp:2640), pid=14223, tid=0x00007f1d1f28b700
#
# JRE version: Java(TM) SE Runtime Environment (8.0_181-b13) (build 1.8.0_181-b13)
# Java VM: Java HotSpot(TM) 64-Bit Server VM (25.181-b13 mixed mode linux-amd64 compressed oops)
# Failed to write core dump. Core dumps have been disabled. To enable core dumping, try "ulimit -c unlimited" before starting Java again
#

---------------  T H R E A D  ---------------

Current thread (0x00007f1d340fb800):  VMThread [stack: 0x00007f1d1f18b000,0x00007f1d1f28c000] [id=14252]

Stack: [0x00007f1d1f18b000,0x00007f1d1f28c000],  sp=0x00007f1d1f28a0a0,  free space=1020k
Native frames: (J=compiled Java code, j=interpreted, Vv=VM code, C=native code)
V  [libjvm.so+0xad21aa]  VMError::report_and_die()+0x2ba
V  [libjvm.so+0x5022db]  report_vm_out_of_memory(char const*, int, unsigned long, VMErrorType, char const*)+0x8b
V  [libjvm.so+0x92fe33]  os::Linux::commit_memory_impl(char*, unsigned long, bool)+0x123
V  [libjvm.so+0x930059]  os::pd_commit_memory(char*, unsigned long, unsigned long, bool)+0x29
V  [libjvm.so+0x9272ba]  os::commit_memory(char*, unsigned long, unsigned long, bool)+0x2a
V  [libjvm.so+0x99d2e3]  PSVirtualSpace::expand_by(unsigned long)+0x53
V  [libjvm.so+0x99e6e8]  PSYoungGen::resize_generation(unsigned long, unsigned long)+0xf8
V  [libjvm.so+0x99d842]  PSYoungGen::resize(unsigned long, unsigned long)+0x22
V  [libjvm.so+0x99ab1b]  PSScavenge::invoke_no_policy()+0xf3b
V  [libjvm.so+0x99b2a1]  PSScavenge::invoke()+0x41
V  [libjvm.so+0x951d70]  ParallelScavengeHeap::failed_mem_allocate(unsigned long)+0x70
V  [libjvm.so+0xad3c27]  VM_ParallelGCFailedAllocation::doit()+0x97
V  [libjvm.so+0xadb745]  VM_Operation::evaluate()+0x55
V  [libjvm.so+0xad9b0a]  VMThread::evaluate_operation(VM_Operation*)+0xba
V  [libjvm.so+0xad9e8e]  VMThread::loop()+0x1ce
V  [libjvm.so+0xada300]  VMThread::run()+0x70
V  [libjvm.so+0x930198]  java_start(Thread*)+0x108

VM_Operation (0x00007f1d1c9ed450): ParallelGCFailedAllocation, mode: safepoint, requested by thread 0x0000000001396800


---------------  P R O C E S S  ---------------

Java Threads: ( => current thread )
  0x0000000001398000 JavaThread "RMI TCP Connection(3)-127.0.0.1" daemon [_thread_in_native, id=14569, stack(0x00007f1d1c3f3000,0x00007f1d1c4f4000)]
  0x0000000001396800 JavaThread "RMI TCP Connection(2)-127.0.0.1" daemon [_thread_blocked, id=14542, stack(0x00007f1d1c8f4000,0x00007f1d1c9f5000)]
  0x00007f1d0c034000 JavaThread "RMI Scheduler(0)" daemon [_thread_blocked, id=14540, stack(0x00007f1d1c9f5000,0x00007f1d1caf6000)]
  0x00007f1d0c031000 JavaThread "RMI RenewClean-[127.0.0.1:12738]" daemon [_thread_blocked, id=14533, stack(0x00007f1d1caf6000,0x00007f1d1cbf7000)]
  0x00007f1cdc003800 JavaThread "RMI TCP Connection(idle)" daemon [_thread_blocked, id=14514, stack(0x00007f1d1cc13000,0x00007f1d1cd14000)]
  0x00007f1ce4005000 JavaThread "pool-3-thread-3" [_thread_in_native, id=14472, stack(0x00007f1d1cd14000,0x00007f1d1ce15000)]
  0x00007f1ce4003800 JavaThread "pool-3-thread-2" [_thread_in_native, id=14471, stack(0x00007f1d1ce15000,0x00007f1d1cf16000)]
  0x00007f1ce4002800 JavaThread "pool-3-thread-1" [_thread_in_native, id=14469, stack(0x00007f1d1cf16000,0x00007f1d1d017000)]
  0x00007f1d34368800 JavaThread "Thread-3" [_thread_in_native, id=14364, stack(0x00007f1d1d017000,0x00007f1d1d118000)]
  0x00007f1d34366800 JavaThread "Thread-2" [_thread_in_native, id=14361, stack(0x00007f1d1d118000,0x00007f1d1d219000)]
  0x00007f1d34365000 JavaThread "process reaper" daemon [_thread_in_native, id=14360, stack(0x00007f1d1d219000,0x00007f1d1d252000)]
  0x00007f1d3435f800 JavaThread "pool-2-thread-1" [_thread_in_native, id=14337, stack(0x00007f1d1d252000,0x00007f1d1d353000)]
  0x00007f1d3435d000 JavaThread "GC Daemon" daemon [_thread_blocked, id=14336, stack(0x00007f1d1d353000,0x00007f1d1d454000)]
  0x00007f1d3435a800 JavaThread "RMI Reaper" [_thread_blocked, id=14335, stack(0x00007f1d1d454000,0x00007f1d1d555000)]
  0x00007f1d34351800 JavaThread "RMI TCP Accept-19268" daemon [_thread_in_native, id=14333, stack(0x00007f1d1d555000,0x00007f1d1d656000)]
  0x00007f1d3434a800 JavaThread "RMI TCP Accept-13298" daemon [_thread_in_native, id=14323, stack(0x00007f1d1d656000,0x00007f1d1d757000)]
  0x00007f1d3429d000 JavaThread "logback-3" daemon [_thread_blocked, id=14316, stack(0x00007f1d1d9e2000,0x00007f1d1dae3000)]
  0x00007f1d3429b000 JavaThread "logback-2" daemon [_thread_blocked, id=14307, stack(0x00007f1d1dae3000,0x00007f1d1dbe4000)]
  0x00007f1d34299800 JavaThread "logback-1" daemon [_thread_blocked, id=14304, stack(0x00007f1d1dbe4000,0x00007f1d1dce5000)]
  0x00007f1d34142000 JavaThread "Service Thread" daemon [_thread_blocked, id=14280, stack(0x00007f1d1e1c6000,0x00007f1d1e2c7000)]
  0x00007f1d3413f000 JavaThread "C1 CompilerThread1" daemon [_thread_blocked, id=14277, stack(0x00007f1d1e2c7000,0x00007f1d1e3c8000)]
  0x00007f1d3413c000 JavaThread "C2 CompilerThread0" daemon [_thread_blocked, id=14276, stack(0x00007f1d1e3c8000,0x00007f1d1e4c9000)]
  0x00007f1d3413a800 JavaThread "Signal Dispatcher" daemon [_thread_blocked, id=14274, stack(0x00007f1d1e4c9000,0x00007f1d1e5ca000)]
  0x00007f1d34107800 JavaThread "Finalizer" daemon [_thread_blocked, id=14264, stack(0x00007f1d1ef89000,0x00007f1d1f08a000)]
  0x00007f1d34105000 JavaThread "Reference Handler" daemon [_thread_blocked, id=14257, stack(0x00007f1d1f08a000,0x00007f1d1f18b000)]
  0x00007f1d3400a800 JavaThread "main" [_thread_in_native, id=14236, stack(0x00007f1d3b2ef000,0x00007f1d3b3f0000)]

Other Threads:
=>0x00007f1d340fb800 VMThread [stack: 0x00007f1d1f18b000,0x00007f1d1f28c000] [id=14252]
  0x00007f1d34146800 WatcherThread [stack: 0x00007f1d1e0c5000,0x00007f1d1e1c6000] [id=14290]

VM state:at safepoint (normal execution)

VM Mutex/Monitor currently owned by a thread:  ([mutex/lock_event])
[0x00007f1d34006c60] Threads_lock - owner thread: 0x00007f1d340fb800
[0x00007f1d34007160] Heap_lock - owner thread: 0x0000000001396800

Heap:
 PSYoungGen      total 264704K, used 12784K [0x00000000d6900000, 0x00000000e7a00000, 0x0000000100000000)
  eden space 251904K, 0% used [0x00000000d6900000,0x00000000d6900000,0x00000000e5f00000)
  from space 12800K, 99% used [0x00000000e5f00000,0x00000000e6b7c130,0x00000000e6b80000)
  to   space 10752K, 0% used [0x00000000e6b80000,0x00000000e6b80000,0x00000000e7600000)
 ParOldGen       total 86016K, used 16639K [0x0000000083a00000, 0x0000000088e00000, 0x00000000d6900000)
  object space 86016K, 19% used [0x0000000083a00000,0x0000000084a3ff00,0x0000000088e00000)
 Metaspace       used 13758K, capacity 14130K, committed 14336K, reserved 1062912K
  class space    used 1570K, capacity 1663K, committed 1792K, reserved 1048576K

Card table byte_map: [0x00007f1d24c1c000,0x00007f1d25000000] byte_map_base: 0x00007f1d247ff000

Marking Bits: (ParMarkBitMap*) 0x00007f1d3a7ba0a0
 Begin Bits: [0x00007f1d20952000, 0x00007f1d2286a000)
 End Bits:   [0x00007f1d2286a000, 0x00007f1d24782000)

Polling page: 0x00007f1d3b40c000

CodeCache: size=245760Kb used=6379Kb max_used=6379Kb free=239380Kb
 bounds [0x00007f1d25000000, 0x00007f1d25640000, 0x00007f1d34000000]
 total_blobs=2202 nmethods=1855 adapters=260
 compilation: enabled

Compilation events (10 events):
Event: 39.830 Thread 0x00007f1d3413f000 1923  s    2       java.io.BufferedOutputStream::flush (12 bytes)
Event: 39.830 Thread 0x00007f1d3413f000 nmethod 1923 0x00007f1d2563c210 code [0x00007f1d2563c380, 0x00007f1d2563c6b8]
Event: 39.830 Thread 0x00007f1d3413f000 1922       2       java.io.FilterOutputStream::<init> (10 bytes)
Event: 39.830 Thread 0x00007f1d3413f000 nmethod 1922 0x00007f1d2563c790 code [0x00007f1d2563c8e0, 0x00007f1d2563ca50]
Event: 39.862 Thread 0x00007f1d3413f000 1924       2       java.lang.Long::stringSize (38 bytes)
Event: 39.862 Thread 0x00007f1d3413f000 nmethod 1924 0x00007f1d2563cad0 code [0x00007f1d2563cc40, 0x00007f1d2563ce10]
Event: 39.862 Thread 0x00007f1d3413f000 1925       2       java.lang.Long::getChars (221 bytes)
Event: 39.862 Thread 0x00007f1d3413f000 nmethod 1925 0x00007f1d2563ced0 code [0x00007f1d2563d080, 0x00007f1d2563d5b0]
Event: 39.902 Thread 0x00007f1d3413f000 1926       2       java.io.ObjectStreamClass$FieldReflectorKey::equals (78 bytes)
Event: 39.902 Thread 0x00007f1d3413f000 nmethod 1926 0x00007f1d2563dd10 code [0x00007f1d2563de80, 0x00007f1d2563e128]

GC Heap History (10 events):
Event: 31.975 GC heap after
Heap after GC invocations=5 (full 1):
 PSYoungGen      total 70656K, used 5096K [0x00000000d6900000, 0x00000000db300000, 0x0000000100000000)
  eden space 65536K, 0% used [0x00000000d6900000,0x00000000d6900000,0x00000000da900000)
  from space 5120K, 99% used [0x00000000dae00000,0x00000000db2fa240,0x00000000db300000)
  to   space 5120K, 0% used [0x00000000da900000,0x00000000da900000,0x00000000dae00000)
 ParOldGen       total 86016K, used 4905K [0x0000000083a00000, 0x0000000088e00000, 0x00000000d6900000)
  object space 86016K, 5% used [0x0000000083a00000,0x0000000083eca468,0x0000000088e00000)
 Metaspace       used 13581K, capacity 13932K, committed 13952K, reserved 1060864K
  class space    used 1569K, capacity 1662K, committed 1664K, reserved 1048576K
}
Event: 32.597 GC heap before
{Heap before GC invocations=6 (full 1):
 PSYoungGen      total 70656K, used 70632K [0x00000000d6900000, 0x00000000db300000, 0x0000000100000000)
  eden space 65536K, 100% used [0x00000000d6900000,0x00000000da900000,0x00000000da900000)
  from space 5120K, 99% used [0x00000000dae00000,0x00000000db2fa240,0x00000000db300000)
  to   space 5120K, 0% used [0x00000000da900000,0x00000000da900000,0x00000000dae00000)
 ParOldGen       total 86016K, used 4905K [0x0000000083a00000, 0x0000000088e00000, 0x00000000d6900000)
  object space 86016K, 5% used [0x0000000083a00000,0x0000000083eca468,0x0000000088e00000)
 Metaspace       used 13612K, capacity 13932K, committed 13952K, reserved 1060864K
  class space    used 1569K, capacity 1662K, committed 1664K, reserved 1048576K
Event: 32.617 GC heap after
Heap after GC invocations=6 (full 1):
 PSYoungGen      total 70656K, used 5096K [0x00000000d6900000, 0x00000000df300000, 0x0000000100000000)
  eden space 65536K, 0% used [0x00000000d6900000,0x00000000d6900000,0x00000000da900000)
  from space 5120K, 99% used [0x00000000da900000,0x00000000dadfa2a0,0x00000000dae00000)
  to   space 5120K, 0% used [0x00000000dee00000,0x00000000dee00000,0x00000000df300000)
 ParOldGen       total 86016K, used 7612K [0x0000000083a00000, 0x0000000088e00000, 0x00000000d6900000)
  object space 86016K, 8% used [0x0000000083a00000,0x000000008416f0c8,0x0000000088e00000)
 Metaspace       used 13612K, capacity 13932K, committed 13952K, reserved 1060864K
  class space    used 1569K, capacity 1662K, committed 1664K, reserved 1048576K
}
Event: 33.588 GC heap before
{Heap before GC invocations=7 (full 1):
 PSYoungGen      total 70656K, used 70632K [0x00000000d6900000, 0x00000000df300000, 0x0000000100000000)
  eden space 65536K, 100% used [0x00000000d6900000,0x00000000da900000,0x00000000da900000)
  from space 5120K, 99% used [0x00000000da900000,0x00000000dadfa2a0,0x00000000dae00000)
  to   space 5120K, 0% used [0x00000000dee00000,0x00000000dee00000,0x00000000df300000)
 ParOldGen       total 86016K, used 7612K [0x0000000083a00000, 0x0000000088e00000, 0x00000000d6900000)
  object space 86016K, 8% used [0x0000000083a00000,0x000000008416f0c8,0x0000000088e00000)
 Metaspace       used 13650K, capacity 13996K, committed 14208K, reserved 1062912K
  class space    used 1569K, capacity 1662K, committed 1664K, reserved 1048576K
Event: 33.631 GC heap after
Heap after GC invocations=7 (full 1):
 PSYoungGen      total 132096K, used 5116K [0x00000000d6900000, 0x00000000dfb00000, 0x0000000100000000)
  eden space 126976K, 0% used [0x00000000d6900000,0x00000000d6900000,0x00000000de500000)
  from space 5120K, 99% used [0x00000000dee00000,0x00000000df2ff110,0x00000000df300000)
  to   space 9216K, 0% used [0x00000000de500000,0x00000000de500000,0x00000000dee00000)
 ParOldGen       total 86016K, used 10705K [0x0000000083a00000, 0x0000000088e00000, 0x00000000d6900000)
  object space 86016K, 12% used [0x0000000083a00000,0x0000000084474418,0x0000000088e00000)
 Metaspace       used 13650K, capacity 13996K, committed 14208K, reserved 1062912K
  class space    used 1569K, capacity 1662K, committed 1664K, reserved 1048576K
}
Event: 35.557 GC heap before
{Heap before GC invocations=8 (full 1):
 PSYoungGen      total 132096K, used 132092K [0x00000000d6900000, 0x00000000dfb00000, 0x0000000100000000)
  eden space 126976K, 100% used [0x00000000d6900000,0x00000000de500000,0x00000000de500000)
  from space 5120K, 99% used [0x00000000dee00000,0x00000000df2ff110,0x00000000df300000)
  to   space 9216K, 0% used [0x00000000de500000,0x00000000de500000,0x00000000dee00000)
 ParOldGen       total 86016K, used 10705K [0x0000000083a00000, 0x0000000088e00000, 0x00000000d6900000)
  object space 86016K, 12% used [0x0000000083a00000,0x0000000084474418,0x0000000088e00000)
 Metaspace       used 13706K, capacity 14066K, committed 14336K, reserved 1062912K
  class space    used 1570K, capacity 1663K, committed 1792K, reserved 1048576K
Event: 35.639 GC heap after
Heap after GC invocations=8 (full 1):
 PSYoungGen      total 136192K, used 9212K [0x00000000d6900000, 0x00000000e7600000, 0x0000000100000000)
  eden space 126976K, 0% used [0x00000000d6900000,0x00000000d6900000,0x00000000de500000)
  from space 9216K, 99% used [0x00000000de500000,0x00000000dedff110,0x00000000dee00000)
  to   space 10752K, 0% used [0x00000000e6b80000,0x00000000e6b80000,0x00000000e7600000)
 ParOldGen       total 86016K, used 11222K [0x0000000083a00000, 0x0000000088e00000, 0x00000000d6900000)
  object space 86016K, 13% used [0x0000000083a00000,0x00000000844f5820,0x0000000088e00000)
 Metaspace       used 13706K, capacity 14066K, committed 14336K, reserved 1062912K
  class space    used 1570K, capacity 1663K, committed 1792K, reserved 1048576K
}
Event: 37.061 GC heap before
{Heap before GC invocations=9 (full 1):
 PSYoungGen      total 136192K, used 136188K [0x00000000d6900000, 0x00000000e7600000, 0x0000000100000000)
  eden space 126976K, 100% used [0x00000000d6900000,0x00000000de500000,0x00000000de500000)
  from space 9216K, 99% used [0x00000000de500000,0x00000000dedff110,0x00000000dee00000)
  to   space 10752K, 0% used [0x00000000e6b80000,0x00000000e6b80000,0x00000000e7600000)
 ParOldGen       total 86016K, used 11222K [0x0000000083a00000, 0x0000000088e00000, 0x00000000d6900000)
  object space 86016K, 13% used [0x0000000083a00000,0x00000000844f5820,0x0000000088e00000)
 Metaspace       used 13725K, capacity 14066K, committed 14336K, reserved 1062912K
  class space    used 1570K, capacity 1663K, committed 1792K, reserved 1048576K
Event: 37.138 GC heap after
Heap after GC invocations=9 (full 1):
 PSYoungGen      total 262656K, used 10752K [0x00000000d6900000, 0x00000000e7a00000, 0x0000000100000000)
  eden space 251904K, 0% used [0x00000000d6900000,0x00000000d6900000,0x00000000e5f00000)
  from space 10752K, 100% used [0x00000000e6b80000,0x00000000e7600000,0x00000000e7600000)
  to   space 12800K, 0% used [0x00000000e5f00000,0x00000000e5f00000,0x00000000e6b80000)
 ParOldGen       total 86016K, used 12270K [0x0000000083a00000, 0x0000000088e00000, 0x00000000d6900000)
  object space 86016K, 14% used [0x0000000083a00000,0x00000000845fb968,0x0000000088e00000)
 Metaspace       used 13725K, capacity 14066K, committed 14336K, reserved 1062912K
  class space    used 1570K, capacity 1663K, committed 1792K, reserved 1048576K
}
Event: 40.317 GC heap before
{Heap before GC invocations=10 (full 1):
 PSYoungGen      total 262656K, used 262656K [0x00000000d6900000, 0x00000000e7a00000, 0x0000000100000000)
  eden space 251904K, 100% used [0x00000000d6900000,0x00000000e5f00000,0x00000000e5f00000)
  from space 10752K, 100% used [0x00000000e6b80000,0x00000000e7600000,0x00000000e7600000)
  to   space 12800K, 0% used [0x00000000e5f00000,0x00000000e5f00000,0x00000000e6b80000)
 ParOldGen       total 86016K, used 12270K [0x0000000083a00000, 0x0000000088e00000, 0x00000000d6900000)
  object space 86016K, 14% used [0x0000000083a00000,0x00000000845fb968,0x0000000088e00000)
 Metaspace       used 13758K, capacity 14130K, committed 14336K, reserved 1062912K
  class space    used 1570K, capacity 1663K, committed 1792K, reserved 1048576K

Deoptimization events (10 events):
Event: 29.960 Thread 0x0000000001396800 Uncommon trap: reason=uninitialized action=reinterpret pc=0x00007f1d253ac64c method=java.io.ObjectInputStream$HandleTable.markDependency(II)V @ 110
Event: 30.464 Thread 0x0000000001396800 Uncommon trap: reason=class_check action=maybe_recompile pc=0x00007f1d25394e34 method=java.util.HashMap.putVal(ILjava/lang/Object;Ljava/lang/Object;ZZ)Ljava/lang/Object; @ 203
Event: 30.464 Thread 0x0000000001396800 Uncommon trap: reason=class_check action=maybe_recompile pc=0x00007f1d25394e34 method=java.util.HashMap.putVal(ILjava/lang/Object;Ljava/lang/Object;ZZ)Ljava/lang/Object; @ 203
Event: 30.465 Thread 0x0000000001396800 Uncommon trap: reason=class_check action=maybe_recompile pc=0x00007f1d25394e34 method=java.util.HashMap.putVal(ILjava/lang/Object;Ljava/lang/Object;ZZ)Ljava/lang/Object; @ 203
Event: 30.465 Thread 0x0000000001396800 Uncommon trap: reason=class_check action=maybe_recompile pc=0x00007f1d25394e34 method=java.util.HashMap.putVal(ILjava/lang/Object;Ljava/lang/Object;ZZ)Ljava/lang/Object; @ 203
Event: 30.579 Thread 0x0000000001396800 Uncommon trap: reason=bimorphic action=maybe_recompile pc=0x00007f1d253ccae8 method=java.util.HashMap.putVal(ILjava/lang/Object;Ljava/lang/Object;ZZ)Ljava/lang/Object; @ 203
Event: 30.579 Thread 0x0000000001396800 Uncommon trap: reason=bimorphic action=maybe_recompile pc=0x00007f1d253ccae8 method=java.util.HashMap.putVal(ILjava/lang/Object;Ljava/lang/Object;ZZ)Ljava/lang/Object; @ 203
Event: 30.585 Thread 0x0000000001396800 Uncommon trap: reason=unstable_if action=reinterpret pc=0x00007f1d251f3e70 method=java.lang.AbstractStringBuilder.append(Ljava/lang/String;)Ljava/lang/AbstractStringBuilder; @ 1
Event: 30.713 Thread 0x0000000001396800 Uncommon trap: reason=unstable_if action=reinterpret pc=0x00007f1d251fa168 method=java.lang.AbstractStringBuilder.append(Ljava/lang/String;)Ljava/lang/AbstractStringBuilder; @ 1
Event: 35.075 Thread 0x0000000001396800 Uncommon trap: reason=unstable_if action=reinterpret pc=0x00007f1d255a74a4 method=org.evosuite.graphs.cfg.BytecodeInstruction.getASMNodeString()Ljava/lang/String; @ 268

Classes redefined (0 events):
No events

Internal exceptions (10 events):
Event: 11.134 Thread 0x00007f1d3429b000 Exception <a 'java/net/ConnectException'> (0x00000000d6d77690) thrown at [/HUDSON/workspace/8-2-build-linux-amd64/jdk8u181/11358/hotspot/src/share/vm/prims/jni.cpp, line 709]
Event: 21.108 Thread 0x00007f1d34299800 Exception <a 'java/net/ConnectException'> (0x00000000d6cd42b8) thrown at [/HUDSON/workspace/8-2-build-linux-amd64/jdk8u181/11358/hotspot/src/share/vm/prims/jni.cpp, line 709]
Event: 21.131 Thread 0x00007f1d3429d000 Exception <a 'java/net/ConnectException'> (0x00000000d6d26238) thrown at [/HUDSON/workspace/8-2-build-linux-amd64/jdk8u181/11358/hotspot/src/share/vm/prims/jni.cpp, line 709]
Event: 21.134 Thread 0x00007f1d3429b000 Exception <a 'java/net/ConnectException'> (0x00000000d6d781b8) thrown at [/HUDSON/workspace/8-2-build-linux-amd64/jdk8u181/11358/hotspot/src/share/vm/prims/jni.cpp, line 709]
Event: 29.837 Thread 0x0000000001396800 Implicit null exception at 0x00007f1d2539f8bc to 0x00007f1d2539fb9d
Event: 30.585 Thread 0x0000000001396800 Implicit null exception at 0x00007f1d251f3ab5 to 0x00007f1d251f3e5d
Event: 30.713 Thread 0x0000000001396800 Implicit null exception at 0x00007f1d251f9d34 to 0x00007f1d251fa151
Event: 31.109 Thread 0x00007f1d34299800 Exception <a 'java/net/ConnectException'> (0x00000000d6cd4de0) thrown at [/HUDSON/workspace/8-2-build-linux-amd64/jdk8u181/11358/hotspot/src/share/vm/prims/jni.cpp, line 709]
Event: 31.132 Thread 0x00007f1d3429d000 Exception <a 'java/net/ConnectException'> (0x00000000d6d26d60) thrown at [/HUDSON/workspace/8-2-build-linux-amd64/jdk8u181/11358/hotspot/src/share/vm/prims/jni.cpp, line 709]
Event: 31.135 Thread 0x00007f1d3429b000 Exception <a 'java/net/ConnectException'> (0x00000000d6d78ce0) thrown at [/HUDSON/workspace/8-2-build-linux-amd64/jdk8u181/11358/hotspot/src/share/vm/prims/jni.cpp, line 709]

Events (10 events):
Event: 39.864 Thread 0x0000000001396800 DEOPT UNPACKING pc=0x00007f1d25047784 sp=0x00007f1d1c9ed100 mode 0
Event: 39.919 Thread 0x0000000001396800 DEOPT PACKING pc=0x00007f1d253d99a6 sp=0x00007f1d1c9ed3d0
Event: 39.919 Thread 0x0000000001396800 DEOPT UNPACKING pc=0x00007f1d25047784 sp=0x00007f1d1c9ed100 mode 0
Event: 39.920 Thread 0x0000000001396800 DEOPT PACKING pc=0x00007f1d253d99a6 sp=0x00007f1d1c9ed3c0
Event: 39.920 Thread 0x0000000001396800 DEOPT UNPACKING pc=0x00007f1d25047784 sp=0x00007f1d1c9ed0f0 mode 0
Event: 39.956 Thread 0x0000000001396800 DEOPT PACKING pc=0x00007f1d253d99a6 sp=0x00007f1d1c9ed3c0
Event: 39.956 Thread 0x0000000001396800 DEOPT UNPACKING pc=0x00007f1d25047784 sp=0x00007f1d1c9ed0f0 mode 0
Event: 39.987 Thread 0x0000000001396800 DEOPT PACKING pc=0x00007f1d253d99a6 sp=0x00007f1d1c9ed3c0
Event: 39.987 Thread 0x0000000001396800 DEOPT UNPACKING pc=0x00007f1d25047784 sp=0x00007f1d1c9ed0f0 mode 0
Event: 40.317 Executing VM operation: ParallelGCFailedAllocation


Dynamic libraries:
00400000-00401000 r-xp 00000000 08:01 1448396                            /usr/lib/jvm/jdk1.8.0_181/bin/java
00600000-00601000 rw-p 00000000 08:01 1448396                            /usr/lib/jvm/jdk1.8.0_181/bin/java
01394000-013b5000 rw-p 00000000 00:00 0                                  [heap]
83a00000-88e00000 rw-p 00000000 00:00 0 
88e00000-d6900000 ---p 00000000 00:00 0 
d6900000-e7a00000 rw-p 00000000 00:00 0 
f7400000-100000000 ---p 00000000 00:00 0 
100000000-1001c0000 rw-p 00000000 00:00 0 
1001c0000-140000000 ---p 00000000 00:00 0 
7f1cdc000000-7f1cdc021000 rw-p 00000000 00:00 0 
7f1cdc021000-7f1ce0000000 ---p 00000000 00:00 0 
7f1ce4000000-7f1ce4021000 rw-p 00000000 00:00 0 
7f1ce4021000-7f1ce8000000 ---p 00000000 00:00 0 
7f1ce8000000-7f1ce8021000 rw-p 00000000 00:00 0 
7f1ce8021000-7f1cec000000 ---p 00000000 00:00 0 
7f1cec000000-7f1cec021000 rw-p 00000000 00:00 0 
7f1cec021000-7f1cf0000000 ---p 00000000 00:00 0 
7f1cf0000000-7f1cf0021000 rw-p 00000000 00:00 0 
7f1cf0021000-7f1cf4000000 ---p 00000000 00:00 0 
7f1cf4fff000-7f1cf8000000 rw-p 00000000 00:00 0 
7f1cf8000000-7f1cf89c3000 rw-p 00000000 00:00 0 
7f1cf89c3000-7f1cfc000000 ---p 00000000 00:00 0 
7f1cfc000000-7f1cfc021000 rw-p 00000000 00:00 0 
7f1cfc021000-7f1d00000000 ---p 00000000 00:00 0 
7f1d00000000-7f1d00021000 rw-p 00000000 00:00 0 
7f1d00021000-7f1d04000000 ---p 00000000 00:00 0 
7f1d04000000-7f1d04c76000 rw-p 00000000 00:00 0 
7f1d04c76000-7f1d08000000 ---p 00000000 00:00 0 
7f1d08000000-7f1d08021000 rw-p 00000000 00:00 0 
7f1d08021000-7f1d0c000000 ---p 00000000 00:00 0 
7f1d0c000000-7f1d0c037000 rw-p 00000000 00:00 0 
7f1d0c037000-7f1d10000000 ---p 00000000 00:00 0 
7f1d10000000-7f1d10123000 rw-p 00000000 00:00 0 
7f1d10123000-7f1d14000000 ---p 00000000 00:00 0 
7f1d14000000-7f1d1429c000 rw-p 00000000 00:00 0 
7f1d1429c000-7f1d18000000 ---p 00000000 00:00 0 
7f1d18000000-7f1d18021000 rw-p 00000000 00:00 0 
7f1d18021000-7f1d1c000000 ---p 00000000 00:00 0 
7f1d1c3f3000-7f1d1c3f6000 ---p 00000000 00:00 0 
7f1d1c3f6000-7f1d1c534000 rw-p 00000000 00:00 0 
7f1d1c534000-7f1d1c6f4000 ---p 00000000 00:00 0 
7f1d1c6f4000-7f1d1c8f4000 rw-p 00000000 00:00 0 
7f1d1c8f4000-7f1d1c8f7000 ---p 00000000 00:00 0 
7f1d1c8f7000-7f1d1c9f5000 rw-p 00000000 00:00 0 
7f1d1c9f5000-7f1d1c9f8000 ---p 00000000 00:00 0 
7f1d1c9f8000-7f1d1caf6000 rw-p 00000000 00:00 0 
7f1d1caf6000-7f1d1caf9000 ---p 00000000 00:00 0 
7f1d1caf9000-7f1d1cbf7000 rw-p 00000000 00:00 0 
7f1d1cbf7000-7f1d1cc13000 r--s 00393000 08:01 2756136                    /usr/lib/jvm/jdk1.8.0_181/jre/lib/ext/cldrdata.jar
7f1d1cc13000-7f1d1cc16000 ---p 00000000 00:00 0 
7f1d1cc16000-7f1d1cd14000 rw-p 00000000 00:00 0 
7f1d1cd14000-7f1d1cd17000 ---p 00000000 00:00 0 
7f1d1cd17000-7f1d1ce15000 rw-p 00000000 00:00 0 
7f1d1ce15000-7f1d1ce18000 ---p 00000000 00:00 0 
7f1d1ce18000-7f1d1cf16000 rw-p 00000000 00:00 0 
7f1d1cf16000-7f1d1cf19000 ---p 00000000 00:00 0 
7f1d1cf19000-7f1d1d017000 rw-p 00000000 00:00 0 
7f1d1d017000-7f1d1d01a000 ---p 00000000 00:00 0 
7f1d1d01a000-7f1d1d118000 rw-p 00000000 00:00 0 
7f1d1d118000-7f1d1d11b000 ---p 00000000 00:00 0 
7f1d1d11b000-7f1d1d219000 rw-p 00000000 00:00 0 
7f1d1d219000-7f1d1d21c000 ---p 00000000 00:00 0 
7f1d1d21c000-7f1d1d252000 rw-p 00000000 00:00 0 
7f1d1d252000-7f1d1d255000 ---p 00000000 00:00 0 
7f1d1d255000-7f1d1d353000 rw-p 00000000 00:00 0 
7f1d1d353000-7f1d1d356000 ---p 00000000 00:00 0 
7f1d1d356000-7f1d1d454000 rw-p 00000000 00:00 0 
7f1d1d454000-7f1d1d457000 ---p 00000000 00:00 0 
7f1d1d457000-7f1d1d555000 rw-p 00000000 00:00 0 
7f1d1d555000-7f1d1d558000 ---p 00000000 00:00 0 
7f1d1d558000-7f1d1d656000 rw-p 00000000 00:00 0 
7f1d1d656000-7f1d1d659000 ---p 00000000 00:00 0 
7f1d1d659000-7f1d1d957000 rw-p 00000000 00:00 0 
7f1d1d957000-7f1d1d969000 r--s 000d1000 08:01 982475                     /home/whj/dowork/DiffTGen/output/Math_59_simfix/target/build/classes/all0.jar
7f1d1d969000-7f1d1d9e2000 r--s 010f9000 08:01 1448503                    /usr/lib/jvm/jdk1.8.0_181/lib/tools.jar
7f1d1d9e2000-7f1d1d9e5000 ---p 00000000 00:00 0 
7f1d1d9e5000-7f1d1dae3000 rw-p 00000000 00:00 0 
7f1d1dae3000-7f1d1dae6000 ---p 00000000 00:00 0 
7f1d1dae6000-7f1d1dbe4000 rw-p 00000000 00:00 0 
7f1d1dbe4000-7f1d1dbe7000 ---p 00000000 00:00 0 
7f1d1dbe7000-7f1d1dce5000 rw-p 00000000 00:00 0 
7f1d1dce5000-7f1d1dcfb000 r-xp 00000000 08:01 2756237                    /usr/lib/jvm/jdk1.8.0_181/jre/lib/amd64/libnet.so
7f1d1dcfb000-7f1d1defb000 ---p 00016000 08:01 2756237                    /usr/lib/jvm/jdk1.8.0_181/jre/lib/amd64/libnet.so
7f1d1defb000-7f1d1defc000 rw-p 00016000 08:01 2756237                    /usr/lib/jvm/jdk1.8.0_181/jre/lib/amd64/libnet.so
7f1d1defc000-7f1d1e0c5000 r--s 01695000 08:01 2248918                    /home/whj/dowork/DiffTGen/lib/evosuite-1.0.2.jar
7f1d1e0c5000-7f1d1e0c6000 ---p 00000000 00:00 0 
7f1d1e0c6000-7f1d1e1c6000 rw-p 00000000 00:00 0 
7f1d1e1c6000-7f1d1e1c9000 ---p 00000000 00:00 0 
7f1d1e1c9000-7f1d1e2c7000 rw-p 00000000 00:00 0 
7f1d1e2c7000-7f1d1e2ca000 ---p 00000000 00:00 0 
7f1d1e2ca000-7f1d1e3c8000 rw-p 00000000 00:00 0 
7f1d1e3c8000-7f1d1e3cb000 ---p 00000000 00:00 0 
7f1d1e3cb000-7f1d1e4c9000 rw-p 00000000 00:00 0 
7f1d1e4c9000-7f1d1e4cc000 ---p 00000000 00:00 0 
7f1d1e4cc000-7f1d1e5ca000 rw-p 00000000 00:00 0 
7f1d1e5ca000-7f1d1ef89000 r--p 00000000 08:01 1316108                    /usr/lib/locale/locale-archive
7f1d1ef89000-7f1d1ef8c000 ---p 00000000 00:00 0 
7f1d1ef8c000-7f1d1f08a000 rw-p 00000000 00:00 0 
7f1d1f08a000-7f1d1f08d000 ---p 00000000 00:00 0 
7f1d1f08d000-7f1d1f18b000 rw-p 00000000 00:00 0 
7f1d1f18b000-7f1d1f18c000 ---p 00000000 00:00 0 
7f1d1f18c000-7f1d1fb95000 rw-p 00000000 00:00 0 
7f1d1fb95000-7f1d1fd6f000 r--s 03d6b000 08:01 2756084                    /usr/lib/jvm/jdk1.8.0_181/jre/lib/rt.jar
7f1d1fd6f000-7f1d24782000 rw-p 00000000 00:00 0 
7f1d24782000-7f1d24783000 ---p 00000000 00:00 0 
7f1d24783000-7f1d24883000 rw-p 00000000 00:00 0 
7f1d24883000-7f1d24884000 ---p 00000000 00:00 0 
7f1d24884000-7f1d249ae000 rw-p 00000000 00:00 0 
7f1d249ae000-7f1d24c1c000 ---p 00000000 00:00 0 
7f1d24c1c000-7f1d24c46000 rw-p 00000000 00:00 0 
7f1d24c46000-7f1d24eb3000 ---p 00000000 00:00 0 
7f1d24eb3000-7f1d24f3c000 rw-p 00000000 00:00 0 
7f1d24f3c000-7f1d24fff000 ---p 00000000 00:00 0 
7f1d24fff000-7f1d25000000 rw-p 00000000 00:00 0 
7f1d25000000-7f1d25640000 rwxp 00000000 00:00 0 
7f1d25640000-7f1d34000000 ---p 00000000 00:00 0 
7f1d34000000-7f1d34479000 rw-p 00000000 00:00 0 
7f1d34479000-7f1d38000000 ---p 00000000 00:00 0 
7f1d38008000-7f1d38097000 rw-p 00000000 00:00 0 
7f1d38097000-7f1d3843e000 ---p 00000000 00:00 0 
7f1d3843e000-7f1d38459000 r-xp 00000000 08:01 2756233                    /usr/lib/jvm/jdk1.8.0_181/jre/lib/amd64/libzip.so
7f1d38459000-7f1d38659000 ---p 0001b000 08:01 2756233                    /usr/lib/jvm/jdk1.8.0_181/jre/lib/amd64/libzip.so
7f1d38659000-7f1d3865a000 rw-p 0001b000 08:01 2756233                    /usr/lib/jvm/jdk1.8.0_181/jre/lib/amd64/libzip.so
7f1d3865a000-7f1d38665000 r-xp 00000000 08:01 1054188                    /lib/x86_64-linux-gnu/libnss_files-2.23.so
7f1d38665000-7f1d38864000 ---p 0000b000 08:01 1054188                    /lib/x86_64-linux-gnu/libnss_files-2.23.so
7f1d38864000-7f1d38865000 r--p 0000a000 08:01 1054188                    /lib/x86_64-linux-gnu/libnss_files-2.23.so
7f1d38865000-7f1d38866000 rw-p 0000b000 08:01 1054188                    /lib/x86_64-linux-gnu/libnss_files-2.23.so
7f1d38866000-7f1d3886c000 rw-p 00000000 00:00 0 
7f1d3886c000-7f1d38877000 r-xp 00000000 08:01 1054198                    /lib/x86_64-linux-gnu/libnss_nis-2.23.so
7f1d38877000-7f1d38a76000 ---p 0000b000 08:01 1054198                    /lib/x86_64-linux-gnu/libnss_nis-2.23.so
7f1d38a76000-7f1d38a77000 r--p 0000a000 08:01 1054198                    /lib/x86_64-linux-gnu/libnss_nis-2.23.so
7f1d38a77000-7f1d38a78000 rw-p 0000b000 08:01 1054198                    /lib/x86_64-linux-gnu/libnss_nis-2.23.so
7f1d38a78000-7f1d38a8e000 r-xp 00000000 08:01 1054182                    /lib/x86_64-linux-gnu/libnsl-2.23.so
7f1d38a8e000-7f1d38c8d000 ---p 00016000 08:01 1054182                    /lib/x86_64-linux-gnu/libnsl-2.23.so
7f1d38c8d000-7f1d38c8e000 r--p 00015000 08:01 1054182                    /lib/x86_64-linux-gnu/libnsl-2.23.so
7f1d38c8e000-7f1d38c8f000 rw-p 00016000 08:01 1054182                    /lib/x86_64-linux-gnu/libnsl-2.23.so
7f1d38c8f000-7f1d38c91000 rw-p 00000000 00:00 0 
7f1d38c91000-7f1d38c99000 r-xp 00000000 08:01 1054184                    /lib/x86_64-linux-gnu/libnss_compat-2.23.so
7f1d38c99000-7f1d38e98000 ---p 00008000 08:01 1054184                    /lib/x86_64-linux-gnu/libnss_compat-2.23.so
7f1d38e98000-7f1d38e99000 r--p 00007000 08:01 1054184                    /lib/x86_64-linux-gnu/libnss_compat-2.23.so
7f1d38e99000-7f1d38e9a000 rw-p 00008000 08:01 1054184                    /lib/x86_64-linux-gnu/libnss_compat-2.23.so
7f1d38e9a000-7f1d38ec5000 r-xp 00000000 08:01 2756227                    /usr/lib/jvm/jdk1.8.0_181/jre/lib/amd64/libjava.so
7f1d38ec5000-7f1d390c4000 ---p 0002b000 08:01 2756227                    /usr/lib/jvm/jdk1.8.0_181/jre/lib/amd64/libjava.so
7f1d390c4000-7f1d390c6000 rw-p 0002a000 08:01 2756227                    /usr/lib/jvm/jdk1.8.0_181/jre/lib/amd64/libjava.so
7f1d390c6000-7f1d390d3000 r-xp 00000000 08:01 2756232                    /usr/lib/jvm/jdk1.8.0_181/jre/lib/amd64/libverify.so
7f1d390d3000-7f1d392d3000 ---p 0000d000 08:01 2756232                    /usr/lib/jvm/jdk1.8.0_181/jre/lib/amd64/libverify.so
7f1d392d3000-7f1d392d5000 rw-p 0000d000 08:01 2756232                    /usr/lib/jvm/jdk1.8.0_181/jre/lib/amd64/libverify.so
7f1d392d5000-7f1d392dc000 r-xp 00000000 08:01 1054243                    /lib/x86_64-linux-gnu/librt-2.23.so
7f1d392dc000-7f1d394db000 ---p 00007000 08:01 1054243                    /lib/x86_64-linux-gnu/librt-2.23.so
7f1d394db000-7f1d394dc000 r--p 00006000 08:01 1054243                    /lib/x86_64-linux-gnu/librt-2.23.so
7f1d394dc000-7f1d394dd000 rw-p 00007000 08:01 1054243                    /lib/x86_64-linux-gnu/librt-2.23.so
7f1d394dd000-7f1d395e5000 r-xp 00000000 08:01 1054159                    /lib/x86_64-linux-gnu/libm-2.23.so
7f1d395e5000-7f1d397e4000 ---p 00108000 08:01 1054159                    /lib/x86_64-linux-gnu/libm-2.23.so
7f1d397e4000-7f1d397e5000 r--p 00107000 08:01 1054159                    /lib/x86_64-linux-gnu/libm-2.23.so
7f1d397e5000-7f1d397e6000 rw-p 00108000 08:01 1054159                    /lib/x86_64-linux-gnu/libm-2.23.so
7f1d397e6000-7f1d3a4c2000 r-xp 00000000 08:01 2756209                    /usr/lib/jvm/jdk1.8.0_181/jre/lib/amd64/server/libjvm.so
7f1d3a4c2000-7f1d3a6c2000 ---p 00cdc000 08:01 2756209                    /usr/lib/jvm/jdk1.8.0_181/jre/lib/amd64/server/libjvm.so
7f1d3a6c2000-7f1d3a79c000 rw-p 00cdc000 08:01 2756209                    /usr/lib/jvm/jdk1.8.0_181/jre/lib/amd64/server/libjvm.so
7f1d3a79c000-7f1d3a7e7000 rw-p 00000000 00:00 0 
7f1d3a7e7000-7f1d3a9a7000 r-xp 00000000 08:01 1054089                    /lib/x86_64-linux-gnu/libc-2.23.so
7f1d3a9a7000-7f1d3aba7000 ---p 001c0000 08:01 1054089                    /lib/x86_64-linux-gnu/libc-2.23.so
7f1d3aba7000-7f1d3abab000 r--p 001c0000 08:01 1054089                    /lib/x86_64-linux-gnu/libc-2.23.so
7f1d3abab000-7f1d3abad000 rw-p 001c4000 08:01 1054089                    /lib/x86_64-linux-gnu/libc-2.23.so
7f1d3abad000-7f1d3abb1000 rw-p 00000000 00:00 0 
7f1d3abb1000-7f1d3abb4000 r-xp 00000000 08:01 1054113                    /lib/x86_64-linux-gnu/libdl-2.23.so
7f1d3abb4000-7f1d3adb3000 ---p 00003000 08:01 1054113                    /lib/x86_64-linux-gnu/libdl-2.23.so
7f1d3adb3000-7f1d3adb4000 r--p 00002000 08:01 1054113                    /lib/x86_64-linux-gnu/libdl-2.23.so
7f1d3adb4000-7f1d3adb5000 rw-p 00003000 08:01 1054113                    /lib/x86_64-linux-gnu/libdl-2.23.so
7f1d3adb5000-7f1d3adcb000 r-xp 00000000 08:01 1449032                    /usr/lib/jvm/jdk1.8.0_181/lib/amd64/jli/libjli.so
7f1d3adcb000-7f1d3afca000 ---p 00016000 08:01 1449032                    /usr/lib/jvm/jdk1.8.0_181/lib/amd64/jli/libjli.so
7f1d3afca000-7f1d3afcb000 rw-p 00015000 08:01 1449032                    /usr/lib/jvm/jdk1.8.0_181/lib/amd64/jli/libjli.so
7f1d3afcb000-7f1d3afe3000 r-xp 00000000 08:01 1054235                    /lib/x86_64-linux-gnu/libpthread-2.23.so
7f1d3afe3000-7f1d3b1e2000 ---p 00018000 08:01 1054235                    /lib/x86_64-linux-gnu/libpthread-2.23.so
7f1d3b1e2000-7f1d3b1e3000 r--p 00017000 08:01 1054235                    /lib/x86_64-linux-gnu/libpthread-2.23.so
7f1d3b1e3000-7f1d3b1e4000 rw-p 00018000 08:01 1054235                    /lib/x86_64-linux-gnu/libpthread-2.23.so
7f1d3b1e4000-7f1d3b1e8000 rw-p 00000000 00:00 0 
7f1d3b1e8000-7f1d3b20e000 r-xp 00000000 08:01 1054061                    /lib/x86_64-linux-gnu/ld-2.23.so
7f1d3b214000-7f1d3b21e000 r--s 00116000 08:01 2756143                    /usr/lib/jvm/jdk1.8.0_181/jre/lib/ext/localedata.jar
7f1d3b21e000-7f1d3b2ef000 rw-p 00000000 00:00 0 
7f1d3b2ef000-7f1d3b2f2000 ---p 00000000 00:00 0 
7f1d3b2f2000-7f1d3b3f5000 rw-p 00000000 00:00 0 
7f1d3b3f5000-7f1d3b3fa000 r--s 0009d000 08:01 2756133                    /usr/lib/jvm/jdk1.8.0_181/jre/lib/jsse.jar
7f1d3b3fa000-7f1d3b402000 r--s 0006e000 08:01 2248917                    /home/whj/dowork/DiffTGen/lib/commons-lang3-3.5.jar
7f1d3b402000-7f1d3b403000 r--s 00000000 08:01 2248922                    /home/whj/dowork/DiffTGen/lib/myprinter.jar
7f1d3b403000-7f1d3b40b000 rw-s 00000000 08:01 1709965                    /tmp/hsperfdata_whj/14223
7f1d3b40b000-7f1d3b40c000 rw-p 00000000 00:00 0 
7f1d3b40c000-7f1d3b40d000 ---p 00000000 00:00 0 
7f1d3b40d000-7f1d3b40e000 r--p 00025000 08:01 1054061                    /lib/x86_64-linux-gnu/ld-2.23.so
7f1d3b40e000-7f1d3b40f000 rw-p 00026000 08:01 1054061                    /lib/x86_64-linux-gnu/ld-2.23.so
7f1d3b40f000-7f1d3b410000 rw-p 00000000 00:00 0 
7ffd7149d000-7ffd714bf000 rw-p 00000000 00:00 0                          [stack]
7ffd7150b000-7ffd7150e000 r--p 00000000 00:00 0                          [vvar]
7ffd7150e000-7ffd71510000 r-xp 00000000 00:00 0                          [vdso]
ffffffffff600000-ffffffffff601000 r-xp 00000000 00:00 0                  [vsyscall]

VM Arguments:
java_command: /home/whj/dowork/DiffTGen/lib/evosuite-1.0.2.jar -base_dir /home/whj/dowork/DiffTGen/output/Math_59_simfix/target/0/26 -projectCP /home/whj/dowork/DiffTGen/output/Math_59_simfix/target/build/classes/all0.jar:/home/whj/dowork/DiffTGen/lib/myprinter.jar:/home/whj/dowork/DiffTGen/lib/commons-lang3-3.5.jar -class org.apache.commons.math.util.FastMath -Dassertions=false -Dsearch_budget=60
java_class_path (initial): /home/whj/dowork/DiffTGen/lib/evosuite-1.0.2.jar
Launcher Type: SUN_STANDARD

Environment Variables:
JAVA_HOME=/usr/lib/jvm/jdk1.8.0_181
JRE_HOME=/usr/lib/jvm/jdk1.8.0_181/jre
CLASSPATH=.:/usr/lib/jvm/jdk1.8.0_181/lib:/usr/lib/jvm/jdk1.8.0_181/jre/lib
PATH=/home/whj/perl5/bin:/home/whj/dowork/defects4j-1.2.0/framework/bin:/usr/lib/jvm/jdk1.8.0_181/bin:/usr/lib/jvm/jdk1.8.0_181/jre/bin:/home/whj/bin:/home/whj/.local/bin:/usr/local/sbin:/usr/local/bin:/usr/sbin:/usr/bin:/sbin:/bin:/usr/games:/usr/local/games" :/snap/bin:/home/whj/bin
SHELL=/bin/bash
DISPLAY=:0

Signal Handlers:
SIGSEGV: [libjvm.so+0xad2a40], sa_mask[0]=11111111011111111101111111111110, sa_flags=SA_RESTART|SA_SIGINFO
SIGBUS: [libjvm.so+0xad2a40], sa_mask[0]=11111111011111111101111111111110, sa_flags=SA_RESTART|SA_SIGINFO
SIGFPE: [libjvm.so+0x92a610], sa_mask[0]=11111111011111111101111111111110, sa_flags=SA_RESTART|SA_SIGINFO
SIGPIPE: [libjvm.so+0x92a610], sa_mask[0]=11111111011111111101111111111110, sa_flags=SA_RESTART|SA_SIGINFO
SIGXFSZ: [libjvm.so+0x92a610], sa_mask[0]=11111111011111111101111111111110, sa_flags=SA_RESTART|SA_SIGINFO
SIGILL: [libjvm.so+0x92a610], sa_mask[0]=11111111011111111101111111111110, sa_flags=SA_RESTART|SA_SIGINFO
SIGUSR1: SIG_DFL, sa_mask[0]=00000000000000000000000000000000, sa_flags=none
SIGUSR2: [libjvm.so+0x92be70], sa_mask[0]=00100000000000000000000000000000, sa_flags=SA_RESTART|SA_SIGINFO
SIGHUP: [libjvm.so+0x92d270], sa_mask[0]=11111111011111111101111111111110, sa_flags=SA_RESTART|SA_SIGINFO
SIGINT: [libjvm.so+0x92d270], sa_mask[0]=11111111011111111101111111111110, sa_flags=SA_RESTART|SA_SIGINFO
SIGTERM: [libjvm.so+0x92d270], sa_mask[0]=11111111011111111101111111111110, sa_flags=SA_RESTART|SA_SIGINFO
SIGQUIT: [libjvm.so+0x92d270], sa_mask[0]=11111111011111111101111111111110, sa_flags=SA_RESTART|SA_SIGINFO


---------------  S Y S T E M  ---------------

OS:DISTRIB_ID=Ubuntu
DISTRIB_RELEASE=16.04
DISTRIB_CODENAME=xenial
DISTRIB_DESCRIPTION="Ubuntu 16.04.6 LTS"

uname:Linux 4.15.0-91-generic #92~16.04.1-Ubuntu SMP Fri Feb 28 14:57:22 UTC 2020 x86_64
libc:glibc 2.23 NPTL 2.23 
rlimit: STACK 8192k, CORE 0k, NPROC 31576, NOFILE 1048576, AS infinity
load average:11.01 9.49 5.90

/proc/meminfo:
MemTotal:        8144704 kB
MemFree:          138568 kB
MemAvailable:      89224 kB
Buffers:           12528 kB
Cached:           140804 kB
SwapCached:        23648 kB
Active:          5983884 kB
Inactive:         935328 kB
Active(anon):    5918356 kB
Inactive(anon):   868548 kB
Active(file):      65528 kB
Inactive(file):    66780 kB
Unevictable:          48 kB
Mlocked:              48 kB
SwapTotal:        998396 kB
SwapFree:              0 kB
Dirty:               336 kB
Writeback:             0 kB
AnonPages:       6742360 kB
Mapped:            93876 kB
Shmem:             20996 kB
Slab:             137912 kB
SReclaimable:      42624 kB
SUnreclaim:        95288 kB
KernelStack:       16976 kB
PageTables:        55384 kB
NFS_Unstable:          0 kB
Bounce:                0 kB
WritebackTmp:          0 kB
CommitLimit:     5070748 kB
Committed_AS:   14804460 kB
VmallocTotal:   34359738367 kB
VmallocUsed:           0 kB
VmallocChunk:          0 kB
HardwareCorrupted:     0 kB
AnonHugePages:         0 kB
ShmemHugePages:        0 kB
ShmemPmdMapped:        0 kB
CmaTotal:              0 kB
CmaFree:               0 kB
HugePages_Total:       0
HugePages_Free:        0
HugePages_Rsvd:        0
HugePages_Surp:        0
Hugepagesize:       2048 kB
DirectMap4k:      132928 kB
DirectMap2M:     5109760 kB
DirectMap1G:     5242880 kB


CPU:total 2 (initial active 2) (2 cores per cpu, 1 threads per core) family 6 model 158 stepping 10, cmov, cx8, fxsr, mmx, sse, sse2, sse3, ssse3, sse4.1, sse4.2, popcnt, avx, avx2, aes, clmul, erms, 3dnowpref, lzcnt, tsc, tscinvbit, bmi1, bmi2, adx

/proc/cpuinfo:
processor	: 0
vendor_id	: GenuineIntel
cpu family	: 6
model		: 158
model name	: Intel(R) Core(TM) i7-8750H CPU @ 2.20GHz
stepping	: 10
microcode	: 0x96
cpu MHz		: 2208.003
cache size	: 9216 KB
physical id	: 0
siblings	: 2
core id		: 0
cpu cores	: 2
apicid		: 0
initial apicid	: 0
fpu		: yes
fpu_exception	: yes
cpuid level	: 22
wp		: yes
flags		: fpu vme de pse tsc msr pae mce cx8 apic sep mtrr pge mca cmov pat pse36 clflush mmx fxsr sse sse2 ss ht syscall nx pdpe1gb rdtscp lm constant_tsc arch_perfmon nopl xtopology tsc_reliable nonstop_tsc cpuid pni pclmulqdq ssse3 fma cx16 pcid sse4_1 sse4_2 x2apic movbe popcnt tsc_deadline_timer aes xsave avx f16c rdrand hypervisor lahf_lm abm 3dnowprefetch cpuid_fault invpcid_single pti ssbd ibrs ibpb stibp fsgsbase tsc_adjust bmi1 avx2 smep bmi2 invpcid rdseed adx smap xsaveopt arat flush_l1d arch_capabilities
bugs		: cpu_meltdown spectre_v1 spectre_v2 spec_store_bypass l1tf mds swapgs itlb_multihit
bogomips	: 4416.00
clflush size	: 64
cache_alignment	: 64
address sizes	: 42 bits physical, 48 bits virtual
power management:

processor	: 1
vendor_id	: GenuineIntel
cpu family	: 6
model		: 158
model name	: Intel(R) Core(TM) i7-8750H CPU @ 2.20GHz
stepping	: 10
microcode	: 0x96
cpu MHz		: 2208.003
cache size	: 9216 KB
physical id	: 0
siblings	: 2
core id		: 1
cpu cores	: 2
apicid		: 1
initial apicid	: 1
fpu		: yes
fpu_exception	: yes
cpuid level	: 22
wp		: yes
flags		: fpu vme de pse tsc msr pae mce cx8 apic sep mtrr pge mca cmov pat pse36 clflush mmx fxsr sse sse2 ss ht syscall nx pdpe1gb rdtscp lm constant_tsc arch_perfmon nopl xtopology tsc_reliable nonstop_tsc cpuid pni pclmulqdq ssse3 fma cx16 pcid sse4_1 sse4_2 x2apic movbe popcnt tsc_deadline_timer aes xsave avx f16c rdrand hypervisor lahf_lm abm 3dnowprefetch cpuid_fault invpcid_single pti ssbd ibrs ibpb stibp fsgsbase tsc_adjust bmi1 avx2 smep bmi2 invpcid rdseed adx smap xsaveopt arat flush_l1d arch_capabilities
bugs		: cpu_meltdown spectre_v1 spectre_v2 spec_store_bypass l1tf mds swapgs itlb_multihit
bogomips	: 4416.00
clflush size	: 64
cache_alignment	: 64
address sizes	: 42 bits physical, 48 bits virtual
power management:



Memory: 4k page, physical 8144704k(138568k free), swap 998396k(0k free)

vm_info: Java HotSpot(TM) 64-Bit Server VM (25.181-b13) for linux-amd64 JRE (1.8.0_181-b13), built on Jul  7 2018 00:56:38 by "java_re" with gcc 4.3.0 20080428 (Red Hat 4.3.0-8)

time: Mon Mar 23 12:03:33 2020
elapsed time: 40 seconds (0d 0h 0m 40s)

