#
# There is insufficient memory for the Java Runtime Environment to continue.
# Native memory allocation (mmap) failed to map 32505856 bytes for committing reserved memory.
# Possible reasons:
#   The system is out of physical RAM or swap space
#   The process is running with CompressedOops enabled, and the Java Heap may be blocking the growth of the native heap
# Possible solutions:
#   Reduce memory load on the system
#   Increase physical memory or swap space
#   Check if swap backing store is full
#   Decrease Java heap size (-Xmx/-Xms)
#   Decrease number of Java threads
#   Decrease Java thread stack sizes (-Xss)
#   Set larger code cache with -XX:ReservedCodeCacheSize=
#   JVM is running with Unscaled Compressed Oops mode in which the Java heap is
#     placed in the first 4GB address space. The Java Heap base address is the
#     maximum limit for the native heap growth. Please use -XX:HeapBaseMinAddress
#     to set the Java Heap base and to place the Java Heap above 4GB virtual address.
# This output file may be truncated or incomplete.
#
#  Out of Memory Error (os_linux.cpp:2749), pid=38466, tid=0x00007fd3981f9700
#
# JRE version: Java(TM) SE Runtime Environment (8.0_201-b09) (build 1.8.0_201-b09)
# Java VM: Java HotSpot(TM) 64-Bit Server VM (25.201-b09 mixed mode linux-amd64 compressed oops)
# Failed to write core dump. Core dumps have been disabled. To enable core dumping, try "ulimit -c unlimited" before starting Java again
#

---------------  T H R E A D  ---------------

Current thread (0x00007fd3ac140000):  VMThread [stack: 0x00007fd3980f9000,0x00007fd3981fa000] [id=38527]

Stack: [0x00007fd3980f9000,0x00007fd3981fa000],  sp=0x00007fd3981f8450,  free space=1021k
Native frames: (J=compiled Java code, j=interpreted, Vv=VM code, C=native code)
V  [libjvm.so+0xad3525]  VMError::report_and_die()+0x2e5
V  [libjvm.so+0x4e0457]  report_vm_out_of_memory(char const*, int, unsigned long, VMErrorType, char const*)+0x67
V  [libjvm.so+0x9102f0]  os::pd_commit_memory(char*, unsigned long, unsigned long, bool)+0x100
V  [libjvm.so+0x90791f]  os::commit_memory(char*, unsigned long, unsigned long, bool)+0x1f
V  [libjvm.so+0x98c806]  PSVirtualSpace::expand_by(unsigned long)+0x56
V  [libjvm.so+0x98da98]  PSYoungGen::resize(unsigned long, unsigned long)+0xd8
V  [libjvm.so+0x98a236]  PSScavenge::invoke_no_policy()+0x1376
V  [libjvm.so+0x98a5cc]  PSScavenge::invoke()+0x4c
V  [libjvm.so+0x93a318]  ParallelScavengeHeap::failed_mem_allocate(unsigned long)+0x68
V  [libjvm.so+0xad5073]  VM_ParallelGCFailedAllocation::doit()+0x93
V  [libjvm.so+0xada296]  VM_Operation::evaluate()+0x46
V  [libjvm.so+0xad85cd]  VMThread::evaluate_operation(VM_Operation*) [clone .constprop.44]+0xcd
V  [libjvm.so+0xad8bb3]  VMThread::loop()+0x3a3
V  [libjvm.so+0xad8f88]  VMThread::run()+0x78
V  [libjvm.so+0x90d922]  java_start(Thread*)+0x102

VM_Operation (0x00007fd3817d92a0): ParallelGCFailedAllocation, mode: safepoint, requested by thread 0x00007fd34c001000


---------------  P R O C E S S  ---------------

Java Threads: ( => current thread )
  0x00007fd34c003000 JavaThread "RMI TCP Connection(4)-127.0.0.1" daemon [_thread_blocked, id=39048, stack(0x00007fd3819e2000,0x00007fd381ae3000)]
  0x00007fd34c001000 JavaThread "RMI TCP Connection(3)-127.0.0.1" daemon [_thread_blocked, id=38918, stack(0x00007fd3816df000,0x00007fd3817e0000)]
  0x00007fd324048000 JavaThread "RMI Scheduler(0)" daemon [_thread_blocked, id=38915, stack(0x00007fd3817e0000,0x00007fd3818e1000)]
  0x00007fd324040800 JavaThread "RMI RenewClean-[127.0.0.1:8988]" daemon [_thread_blocked, id=38906, stack(0x00007fd3818e1000,0x00007fd3819e2000)]
  0x00007fd338005000 JavaThread "pool-3-thread-3" [_thread_in_native, id=38829, stack(0x00007fd381ae3000,0x00007fd381be4000)]
  0x00007fd338003000 JavaThread "pool-3-thread-2" [_thread_in_native, id=38828, stack(0x00007fd381be4000,0x00007fd381ce5000)]
  0x00007fd338002000 JavaThread "pool-3-thread-1" [_thread_in_native, id=38826, stack(0x00007fd381ce5000,0x00007fd381de6000)]
  0x00007fd3ac1ff000 JavaThread "Thread-3" [_thread_in_native, id=38701, stack(0x00007fd381de6000,0x00007fd381ee7000)]
  0x00007fd3ac1fd800 JavaThread "Thread-2" [_thread_in_native, id=38689, stack(0x00007fd381ee7000,0x00007fd381fe8000)]
  0x00007fd3ac1a4800 JavaThread "process reaper" daemon [_thread_in_native, id=38687, stack(0x00007fd3b0025000,0x00007fd3b005e000)]
  0x00007fd3ac3af800 JavaThread "pool-2-thread-1" [_thread_in_native, id=38652, stack(0x00007fd381fe8000,0x00007fd3820e9000)]
  0x00007fd3ac3ad800 JavaThread "GC Daemon" daemon [_thread_blocked, id=38647, stack(0x00007fd3820e9000,0x00007fd3821ea000)]
  0x00007fd3ac3aa800 JavaThread "RMI Reaper" [_thread_blocked, id=38645, stack(0x00007fd3821ea000,0x00007fd3822eb000)]
  0x00007fd3ac3a3800 JavaThread "RMI TCP Accept-21766" daemon [_thread_in_native, id=38640, stack(0x00007fd3822eb000,0x00007fd3823ec000)]
  0x00007fd3ac39c800 JavaThread "RMI TCP Accept-8816" daemon [_thread_in_native, id=38639, stack(0x00007fd3823ec000,0x00007fd3824ed000)]
  0x00007fd3ac2e2000 JavaThread "logback-3" daemon [_thread_blocked, id=38599, stack(0x00007fd3826ed000,0x00007fd3827ee000)]
  0x00007fd3ac2de800 JavaThread "logback-2" daemon [_thread_blocked, id=38598, stack(0x00007fd3827ee000,0x00007fd3828ef000)]
  0x00007fd3ac2dd000 JavaThread "logback-1" daemon [_thread_blocked, id=38597, stack(0x00007fd3828ef000,0x00007fd3829f0000)]
  0x00007fd3ac189000 JavaThread "Service Thread" daemon [_thread_blocked, id=38576, stack(0x00007fd382f3a000,0x00007fd38303b000)]
  0x00007fd3ac186000 JavaThread "C1 CompilerThread2" daemon [_thread_blocked, id=38575, stack(0x00007fd38303b000,0x00007fd38313c000)]
  0x00007fd3ac184800 JavaThread "C2 CompilerThread1" daemon [_thread_blocked, id=38567, stack(0x00007fd38313c000,0x00007fd38323d000)]
  0x00007fd3ac181800 JavaThread "C2 CompilerThread0" daemon [_thread_blocked, id=38556, stack(0x00007fd38323d000,0x00007fd38333e000)]
  0x00007fd3ac180000 JavaThread "Signal Dispatcher" daemon [_thread_blocked, id=38554, stack(0x00007fd38333e000,0x00007fd38343f000)]
  0x00007fd3ac14c000 JavaThread "Finalizer" daemon [_thread_blocked, id=38541, stack(0x00007fd383dfe000,0x00007fd383eff000)]
  0x00007fd3ac149800 JavaThread "Reference Handler" daemon [_thread_blocked, id=38537, stack(0x00007fd383eff000,0x00007fd384000000)]
  0x00007fd3ac00a800 JavaThread "main" [_thread_in_native, id=38471, stack(0x00007fd3b25e9000,0x00007fd3b26ea000)]

Other Threads:
=>0x00007fd3ac140000 VMThread [stack: 0x00007fd3980f9000,0x00007fd3981fa000] [id=38527]
  0x00007fd3ac18b800 WatcherThread [stack: 0x00007fd382e39000,0x00007fd382f3a000] [id=38577]

VM state:at safepoint (normal execution)

VM Mutex/Monitor currently owned by a thread:  ([mutex/lock_event])
[0x00007fd3ac006fd0] Threads_lock - owner thread: 0x00007fd3ac140000
[0x00007fd3ac0074d0] Heap_lock - owner thread: 0x00007fd34c001000

heap address: 0x00000000c2a00000, size: 982 MB, Compressed Oops mode: 32-bit
Narrow klass base: 0x0000000000000000, Narrow klass shift: 3
Compressed class space size: 1073741824 Address: 0x0000000100000000

Heap:
 PSYoungGen      total 34304K, used 2528K [0x00000000eb900000, 0x00000000edd00000, 0x0000000100000000)
  eden space 31744K, 0% used [0x00000000eb900000,0x00000000eb900000,0x00000000ed800000)
  from space 2560K, 98% used [0x00000000ed800000,0x00000000eda78060,0x00000000eda80000)
  to   space 2560K, 0% used [0x00000000eda80000,0x00000000eda80000,0x00000000edd00000)
 ParOldGen       total 42496K, used 7464K [0x00000000c2a00000, 0x00000000c5380000, 0x00000000eb900000)
  object space 42496K, 17% used [0x00000000c2a00000,0x00000000c314a3f8,0x00000000c5380000)
 Metaspace       used 13866K, capacity 14288K, committed 14592K, reserved 1062912K
  class space    used 1596K, capacity 1710K, committed 1792K, reserved 1048576K

Card table byte_map: [0x00007fd39bff8000,0x00007fd39c1e4000] byte_map_base: 0x00007fd39b9e3000

Marking Bits: (ParMarkBitMap*) 0x00007fd3b1ac0d80
 Begin Bits: [0x00007fd399d44000, 0x00007fd39ac9c000)
 End Bits:   [0x00007fd39ac9c000, 0x00007fd39bbf4000)

Polling page: 0x00007fd3b2705000

CodeCache: size=245760Kb used=5753Kb max_used=5784Kb free=240006Kb
 bounds [0x00007fd39c5a4000, 0x00007fd39cb54000, 0x00007fd3ab5a4000]
 total_blobs=1958 nmethods=1610 adapters=261
 compilation: enabled

Compilation events (10 events):
Event: 159.770 Thread 0x00007fd3ac186000 nmethod 1662 0x00007fd39cb2e250 code [0x00007fd39cb2e820, 0x00007fd39cb326f8]
Event: 159.770 Thread 0x00007fd3ac186000 1663       3       org.evosuite.graphs.cfg.BasicBlock::getFirstLine (46 bytes)
Event: 159.771 Thread 0x00007fd3ac186000 nmethod 1663 0x00007fd39cb3cf10 code [0x00007fd39cb3d100, 0x00007fd39cb3db48]
Event: 159.771 Thread 0x00007fd3ac186000 1657       3       org.evosuite.graphs.cfg.BytecodeInstruction::setBasicBlock (75 bytes)
Event: 159.771 Thread 0x00007fd3ac186000 nmethod 1657 0x00007fd39cb3c290 code [0x00007fd39cb3c460, 0x00007fd39cb3ccc8]
Event: 159.771 Thread 0x00007fd3ac186000 1660   !   3       java.lang.Class::newInstance (155 bytes)
Event: 159.792 Thread 0x00007fd3ac184800 nmethod 1645 0x00007fd39cb39150 code [0x00007fd39cb392c0, 0x00007fd39cb39408]
Event: 159.792 Thread 0x00007fd3ac184800 1644       4       org.evosuite.shaded.org.objectweb.asm.MethodVisitor::visitMethodInsn (68 bytes)
Event: 159.792 Thread 0x00007fd3ac184800 nmethod 1644 0x00007fd39cb38e10 code [0x00007fd39cb38f60, 0x00007fd39cb39058]
Event: 159.792 Thread 0x00007fd3ac184800 1648       4       org.evosuite.shaded.org.objectweb.asm.Frame::execute (2273 bytes)

GC Heap History (10 events):
Event: 4.366 GC heap after
Heap after GC invocations=1 (full 0):
 PSYoungGen      total 18432K, used 2544K [0x00000000eb900000, 0x00000000ecd80000, 0x0000000100000000)
  eden space 15872K, 0% used [0x00000000eb900000,0x00000000eb900000,0x00000000ec880000)
  from space 2560K, 99% used [0x00000000ec880000,0x00000000ecafc010,0x00000000ecb00000)
  to   space 2560K, 0% used [0x00000000ecb00000,0x00000000ecb00000,0x00000000ecd80000)
 ParOldGen       total 42496K, used 1670K [0x00000000c2a00000, 0x00000000c5380000, 0x00000000eb900000)
  object space 42496K, 3% used [0x00000000c2a00000,0x00000000c2ba1a40,0x00000000c5380000)
 Metaspace       used 10154K, capacity 10316K, committed 10624K, reserved 1058816K
  class space    used 1224K, capacity 1287K, committed 1408K, reserved 1048576K
}
Event: 4.393 GC heap before
{Heap before GC invocations=2 (full 0):
 PSYoungGen      total 18432K, used 3642K [0x00000000eb900000, 0x00000000ecd80000, 0x0000000100000000)
  eden space 15872K, 6% used [0x00000000eb900000,0x00000000eba12b00,0x00000000ec880000)
  from space 2560K, 99% used [0x00000000ec880000,0x00000000ecafc010,0x00000000ecb00000)
  to   space 2560K, 0% used [0x00000000ecb00000,0x00000000ecb00000,0x00000000ecd80000)
 ParOldGen       total 42496K, used 1670K [0x00000000c2a00000, 0x00000000c5380000, 0x00000000eb900000)
  object space 42496K, 3% used [0x00000000c2a00000,0x00000000c2ba1a40,0x00000000c5380000)
 Metaspace       used 10179K, capacity 10316K, committed 10624K, reserved 1058816K
  class space    used 1227K, capacity 1287K, committed 1408K, reserved 1048576K
Event: 4.428 GC heap after
Heap after GC invocations=2 (full 0):
 PSYoungGen      total 18432K, used 2560K [0x00000000eb900000, 0x00000000ecd80000, 0x0000000100000000)
  eden space 15872K, 0% used [0x00000000eb900000,0x00000000eb900000,0x00000000ec880000)
  from space 2560K, 100% used [0x00000000ecb00000,0x00000000ecd80000,0x00000000ecd80000)
  to   space 2560K, 0% used [0x00000000ec880000,0x00000000ec880000,0x00000000ecb00000)
 ParOldGen       total 42496K, used 1692K [0x00000000c2a00000, 0x00000000c5380000, 0x00000000eb900000)
  object space 42496K, 3% used [0x00000000c2a00000,0x00000000c2ba7348,0x00000000c5380000)
 Metaspace       used 10179K, capacity 10316K, committed 10624K, reserved 1058816K
  class space    used 1227K, capacity 1287K, committed 1408K, reserved 1048576K
}
Event: 4.428 GC heap before
{Heap before GC invocations=3 (full 1):
 PSYoungGen      total 18432K, used 2560K [0x00000000eb900000, 0x00000000ecd80000, 0x0000000100000000)
  eden space 15872K, 0% used [0x00000000eb900000,0x00000000eb900000,0x00000000ec880000)
  from space 2560K, 100% used [0x00000000ecb00000,0x00000000ecd80000,0x00000000ecd80000)
  to   space 2560K, 0% used [0x00000000ec880000,0x00000000ec880000,0x00000000ecb00000)
 ParOldGen       total 42496K, used 1692K [0x00000000c2a00000, 0x00000000c5380000, 0x00000000eb900000)
  object space 42496K, 3% used [0x00000000c2a00000,0x00000000c2ba7348,0x00000000c5380000)
 Metaspace       used 10179K, capacity 10316K, committed 10624K, reserved 1058816K
  class space    used 1227K, capacity 1287K, committed 1408K, reserved 1048576K
Event: 4.484 GC heap after
Heap after GC invocations=3 (full 1):
 PSYoungGen      total 18432K, used 0K [0x00000000eb900000, 0x00000000ecd80000, 0x0000000100000000)
  eden space 15872K, 0% used [0x00000000eb900000,0x00000000eb900000,0x00000000ec880000)
  from space 2560K, 0% used [0x00000000ecb00000,0x00000000ecb00000,0x00000000ecd80000)
  to   space 2560K, 0% used [0x00000000ec880000,0x00000000ec880000,0x00000000ecb00000)
 ParOldGen       total 42496K, used 2559K [0x00000000c2a00000, 0x00000000c5380000, 0x00000000eb900000)
  object space 42496K, 6% used [0x00000000c2a00000,0x00000000c2c7ffc8,0x00000000c5380000)
 Metaspace       used 10171K, capacity 10306K, committed 10624K, reserved 1058816K
  class space    used 1225K, capacity 1285K, committed 1408K, reserved 1048576K
}
Event: 113.052 GC heap before
{Heap before GC invocations=4 (full 1):
 PSYoungGen      total 18432K, used 15872K [0x00000000eb900000, 0x00000000ecd80000, 0x0000000100000000)
  eden space 15872K, 100% used [0x00000000eb900000,0x00000000ec880000,0x00000000ec880000)
  from space 2560K, 0% used [0x00000000ecb00000,0x00000000ecb00000,0x00000000ecd80000)
  to   space 2560K, 0% used [0x00000000ec880000,0x00000000ec880000,0x00000000ecb00000)
 ParOldGen       total 42496K, used 2559K [0x00000000c2a00000, 0x00000000c5380000, 0x00000000eb900000)
  object space 42496K, 6% used [0x00000000c2a00000,0x00000000c2c7ffc8,0x00000000c5380000)
 Metaspace       used 13547K, capacity 13956K, committed 14080K, reserved 1060864K
  class space    used 1591K, capacity 1708K, committed 1792K, reserved 1048576K
Event: 115.670 GC heap after
Heap after GC invocations=4 (full 1):
 PSYoungGen      total 18432K, used 2528K [0x00000000eb900000, 0x00000000edd00000, 0x0000000100000000)
  eden space 15872K, 0% used [0x00000000eb900000,0x00000000eb900000,0x00000000ec880000)
  from space 2560K, 98% used [0x00000000ec880000,0x00000000ecaf8160,0x00000000ecb00000)
  to   space 2560K, 0% used [0x00000000eda80000,0x00000000eda80000,0x00000000edd00000)
 ParOldGen       total 42496K, used 4238K [0x00000000c2a00000, 0x00000000c5380000, 0x00000000eb900000)
  object space 42496K, 9% used [0x00000000c2a00000,0x00000000c2e23be0,0x00000000c5380000)
 Metaspace       used 13547K, capacity 13956K, committed 14080K, reserved 1060864K
  class space    used 1591K, capacity 1708K, committed 1792K, reserved 1048576K
}
Event: 122.608 GC heap before
{Heap before GC invocations=5 (full 1):
 PSYoungGen      total 18432K, used 18400K [0x00000000eb900000, 0x00000000edd00000, 0x0000000100000000)
  eden space 15872K, 100% used [0x00000000eb900000,0x00000000ec880000,0x00000000ec880000)
  from space 2560K, 98% used [0x00000000ec880000,0x00000000ecaf8160,0x00000000ecb00000)
  to   space 2560K, 0% used [0x00000000eda80000,0x00000000eda80000,0x00000000edd00000)
 ParOldGen       total 42496K, used 4238K [0x00000000c2a00000, 0x00000000c5380000, 0x00000000eb900000)
  object space 42496K, 9% used [0x00000000c2a00000,0x00000000c2e23be0,0x00000000c5380000)
 Metaspace       used 13731K, capacity 14096K, committed 14336K, reserved 1062912K
  class space    used 1594K, capacity 1710K, committed 1792K, reserved 1048576K
Event: 125.103 GC heap after
Heap after GC invocations=5 (full 1):
 PSYoungGen      total 34304K, used 2560K [0x00000000eb900000, 0x00000000edd00000, 0x0000000100000000)
  eden space 31744K, 0% used [0x00000000eb900000,0x00000000eb900000,0x00000000ed800000)
  from space 2560K, 100% used [0x00000000eda80000,0x00000000edd00000,0x00000000edd00000)
  to   space 2560K, 0% used [0x00000000ed800000,0x00000000ed800000,0x00000000eda80000)
 ParOldGen       total 42496K, used 4671K [0x00000000c2a00000, 0x00000000c5380000, 0x00000000eb900000)
  object space 42496K, 10% used [0x00000000c2a00000,0x00000000c2e8fc90,0x00000000c5380000)
 Metaspace       used 13731K, capacity 14096K, committed 14336K, reserved 1062912K
  class space    used 1594K, capacity 1710K, committed 1792K, reserved 1048576K
}
Event: 159.860 GC heap before
{Heap before GC invocations=6 (full 1):
 PSYoungGen      total 34304K, used 34304K [0x00000000eb900000, 0x00000000edd00000, 0x0000000100000000)
  eden space 31744K, 100% used [0x00000000eb900000,0x00000000ed800000,0x00000000ed800000)
  from space 2560K, 100% used [0x00000000eda80000,0x00000000edd00000,0x00000000edd00000)
  to   space 2560K, 0% used [0x00000000ed800000,0x00000000ed800000,0x00000000eda80000)
 ParOldGen       total 42496K, used 4671K [0x00000000c2a00000, 0x00000000c5380000, 0x00000000eb900000)
  object space 42496K, 10% used [0x00000000c2a00000,0x00000000c2e8fc90,0x00000000c5380000)
 Metaspace       used 13866K, capacity 14288K, committed 14592K, reserved 1062912K
  class space    used 1596K, capacity 1710K, committed 1792K, reserved 1048576K

Deoptimization events (10 events):
Event: 103.844 Thread 0x00007fd34c001000 Uncommon trap: reason=bimorphic action=maybe_recompile pc=0x00007fd39c80b754 method=java.util.HashMap.putVal(ILjava/lang/Object;Ljava/lang/Object;ZZ)Ljava/lang/Object; @ 91
Event: 103.844 Thread 0x00007fd34c001000 Uncommon trap: reason=bimorphic action=maybe_recompile pc=0x00007fd39c80b754 method=java.util.HashMap.putVal(ILjava/lang/Object;Ljava/lang/Object;ZZ)Ljava/lang/Object; @ 91
Event: 103.844 Thread 0x00007fd34c001000 Uncommon trap: reason=bimorphic action=maybe_recompile pc=0x00007fd39c80b754 method=java.util.HashMap.putVal(ILjava/lang/Object;Ljava/lang/Object;ZZ)Ljava/lang/Object; @ 91
Event: 103.844 Thread 0x00007fd34c001000 Uncommon trap: reason=bimorphic action=maybe_recompile pc=0x00007fd39c80b754 method=java.util.HashMap.putVal(ILjava/lang/Object;Ljava/lang/Object;ZZ)Ljava/lang/Object; @ 91
Event: 113.051 Thread 0x00007fd34c001000 Uncommon trap: reason=class_check action=maybe_recompile pc=0x00007fd39c996428 method=java.util.HashMap.putVal(ILjava/lang/Object;Ljava/lang/Object;ZZ)Ljava/lang/Object; @ 203
Event: 116.173 Thread 0x00007fd34c001000 Uncommon trap: reason=class_check action=maybe_recompile pc=0x00007fd39c996428 method=java.util.HashMap.putVal(ILjava/lang/Object;Ljava/lang/Object;ZZ)Ljava/lang/Object; @ 203
Event: 116.173 Thread 0x00007fd34c001000 Uncommon trap: reason=class_check action=maybe_recompile pc=0x00007fd39c996428 method=java.util.HashMap.putVal(ILjava/lang/Object;Ljava/lang/Object;ZZ)Ljava/lang/Object; @ 203
Event: 117.389 Thread 0x00007fd34c001000 Uncommon trap: reason=unstable_if action=reinterpret pc=0x00007fd39c78b838 method=java.lang.AbstractStringBuilder.append(Ljava/lang/String;)Ljava/lang/AbstractStringBuilder; @ 1
Event: 117.561 Thread 0x00007fd34c001000 Uncommon trap: reason=class_check action=maybe_recompile pc=0x00007fd39c996428 method=java.util.HashMap.putVal(ILjava/lang/Object;Ljava/lang/Object;ZZ)Ljava/lang/Object; @ 203
Event: 159.777 Thread 0x00007fd34c001000 Uncommon trap: reason=unstable_if action=reinterpret pc=0x00007fd39cae3918 method=org.evosuite.shaded.org.objectweb.asm.Frame.merge(Lorg/evosuite/shaded/org/objectweb/asm/ClassWriter;Lorg/evosuite/shaded/org/objectweb/asm/Frame;I)Z @ 466

Classes redefined (0 events):
No events

Internal exceptions (10 events):
Event: 117.389 Thread 0x00007fd34c001000 Implicit null exception at 0x00007fd39c78b476 to 0x00007fd39c78b821
Event: 122.557 Thread 0x00007fd3ac2dd000 Exception <a 'java/net/ConnectException'> (0x00000000ec5cbb58) thrown at [/HUDSON/workspace/8-2-build-linux-amd64/jdk8u201/12317/hotspot/src/share/vm/prims/jni.cpp, line 709]
Event: 122.558 Thread 0x00007fd3ac2e2000 Exception <a 'java/net/ConnectException'> (0x00000000ec5e58c8) thrown at [/HUDSON/workspace/8-2-build-linux-amd64/jdk8u201/12317/hotspot/src/share/vm/prims/jni.cpp, line 709]
Event: 122.558 Thread 0x00007fd3ac2de800 Exception <a 'java/net/ConnectException'> (0x00000000ec5ff638) thrown at [/HUDSON/workspace/8-2-build-linux-amd64/jdk8u201/12317/hotspot/src/share/vm/prims/jni.cpp, line 709]
Event: 147.194 Thread 0x00007fd3ac2de800 Exception <a 'java/net/ConnectException'> (0x00000000ecc9c740) thrown at [/HUDSON/workspace/8-2-build-linux-amd64/jdk8u201/12317/hotspot/src/share/vm/prims/jni.cpp, line 709]
Event: 147.194 Thread 0x00007fd3ac2e2000 Exception <a 'java/net/ConnectException'> (0x00000000eccbe238) thrown at [/HUDSON/workspace/8-2-build-linux-amd64/jdk8u201/12317/hotspot/src/share/vm/prims/jni.cpp, line 709]
Event: 147.194 Thread 0x00007fd3ac2dd000 Exception <a 'java/net/ConnectException'> (0x00000000eccdfd30) thrown at [/HUDSON/workspace/8-2-build-linux-amd64/jdk8u201/12317/hotspot/src/share/vm/prims/jni.cpp, line 709]
Event: 159.774 Thread 0x00007fd3ac2dd000 Exception <a 'java/net/ConnectException'> (0x00000000ecce0858) thrown at [/HUDSON/workspace/8-2-build-linux-amd64/jdk8u201/12317/hotspot/src/share/vm/prims/jni.cpp, line 709]
Event: 159.774 Thread 0x00007fd3ac2e2000 Exception <a 'java/net/ConnectException'> (0x00000000eccbed60) thrown at [/HUDSON/workspace/8-2-build-linux-amd64/jdk8u201/12317/hotspot/src/share/vm/prims/jni.cpp, line 709]
Event: 159.789 Thread 0x00007fd3ac2de800 Exception <a 'java/net/ConnectException'> (0x00000000ecc9d268) thrown at [/HUDSON/workspace/8-2-build-linux-amd64/jdk8u201/12317/hotspot/src/share/vm/prims/jni.cpp, line 709]

Events (10 events):
Event: 125.351 loading class org/evosuite/testcase/execution/TestCaseExecutor$TimeoutExceeded
Event: 125.351 loading class org/evosuite/testcase/execution/TestCaseExecutor$TimeoutExceeded done
Event: 147.202 loading class org/evosuite/instrumentation/testability/DescriptorMapping$1
Event: 147.202 loading class org/evosuite/instrumentation/testability/DescriptorMapping$1 done
Event: 147.216 Executing VM operation: RevokeBias
Event: 147.374 Executing VM operation: RevokeBias done
Event: 159.777 Thread 0x00007fd34c001000 Uncommon trap: trap_request=0xffffff65 fr.pc=0x00007fd39cae3918
Event: 159.777 Thread 0x00007fd34c001000 DEOPT PACKING pc=0x00007fd39cae3918 sp=0x00007fd3817d8ed0
Event: 159.777 Thread 0x00007fd34c001000 DEOPT UNPACKING pc=0x00007fd39c5e973a sp=0x00007fd3817d8e88 mode 2
Event: 159.846 Executing VM operation: ParallelGCFailedAllocation


Dynamic libraries:
00400000-00401000 r-xp 00000000 08:01 654793                             /usr/lib/jdk/jdk1.8.0_201/bin/java
00600000-00601000 r--p 00000000 08:01 654793                             /usr/lib/jdk/jdk1.8.0_201/bin/java
00601000-00602000 rw-p 00001000 08:01 654793                             /usr/lib/jdk/jdk1.8.0_201/bin/java
017c8000-01a09000 rw-p 00000000 00:00 0                                  [heap]
c2a00000-c5380000 rw-p 00000000 00:00 0 
c5380000-eb900000 ---p 00000000 00:00 0 
eb900000-edd00000 rw-p 00000000 00:00 0 
efc00000-100000000 ---p 00000000 00:00 0 
100000000-1001c0000 rw-p 00000000 00:00 0 
1001c0000-140000000 ---p 00000000 00:00 0 
7fd318000000-7fd318021000 rw-p 00000000 00:00 0 
7fd318021000-7fd31c000000 ---p 00000000 00:00 0 
7fd31c000000-7fd31c021000 rw-p 00000000 00:00 0 
7fd31c021000-7fd320000000 ---p 00000000 00:00 0 
7fd320000000-7fd320026000 rw-p 00000000 00:00 0 
7fd320026000-7fd324000000 ---p 00000000 00:00 0 
7fd324000000-7fd32404a000 rw-p 00000000 00:00 0 
7fd32404a000-7fd328000000 ---p 00000000 00:00 0 
7fd328000000-7fd328021000 rw-p 00000000 00:00 0 
7fd328021000-7fd32c000000 ---p 00000000 00:00 0 
7fd32c000000-7fd32c021000 rw-p 00000000 00:00 0 
7fd32c021000-7fd330000000 ---p 00000000 00:00 0 
7fd330000000-7fd330021000 rw-p 00000000 00:00 0 
7fd330021000-7fd334000000 ---p 00000000 00:00 0 
7fd334000000-7fd334021000 rw-p 00000000 00:00 0 
7fd334021000-7fd338000000 ---p 00000000 00:00 0 
7fd338000000-7fd338021000 rw-p 00000000 00:00 0 
7fd338021000-7fd33c000000 ---p 00000000 00:00 0 
7fd33c000000-7fd33c021000 rw-p 00000000 00:00 0 
7fd33c021000-7fd340000000 ---p 00000000 00:00 0 
7fd340000000-7fd340021000 rw-p 00000000 00:00 0 
7fd340021000-7fd344000000 ---p 00000000 00:00 0 
7fd344000000-7fd344021000 rw-p 00000000 00:00 0 
7fd344021000-7fd348000000 ---p 00000000 00:00 0 
7fd348000000-7fd348021000 rw-p 00000000 00:00 0 
7fd348021000-7fd34c000000 ---p 00000000 00:00 0 
7fd34c000000-7fd34c021000 rw-p 00000000 00:00 0 
7fd34c021000-7fd350000000 ---p 00000000 00:00 0 
7fd350000000-7fd350021000 rw-p 00000000 00:00 0 
7fd350021000-7fd354000000 ---p 00000000 00:00 0 
7fd354000000-7fd354021000 rw-p 00000000 00:00 0 
7fd354021000-7fd358000000 ---p 00000000 00:00 0 
7fd358000000-7fd358021000 rw-p 00000000 00:00 0 
7fd358021000-7fd35c000000 ---p 00000000 00:00 0 
7fd35c000000-7fd35c021000 rw-p 00000000 00:00 0 
7fd35c021000-7fd360000000 ---p 00000000 00:00 0 
7fd360fff000-7fd364000000 rw-p 00000000 00:00 0 
7fd364000000-7fd36481e000 rw-p 00000000 00:00 0 
7fd36481e000-7fd368000000 ---p 00000000 00:00 0 
7fd368000000-7fd368021000 rw-p 00000000 00:00 0 
7fd368021000-7fd36c000000 ---p 00000000 00:00 0 
7fd36c000000-7fd36ccb9000 rw-p 00000000 00:00 0 
7fd36ccb9000-7fd370000000 ---p 00000000 00:00 0 
7fd370000000-7fd3717a0000 rw-p 00000000 00:00 0 
7fd3717a0000-7fd374000000 ---p 00000000 00:00 0 
7fd374000000-7fd374021000 rw-p 00000000 00:00 0 
7fd374021000-7fd378000000 ---p 00000000 00:00 0 
7fd378000000-7fd378021000 rw-p 00000000 00:00 0 
7fd378021000-7fd37c000000 ---p 00000000 00:00 0 
7fd37c000000-7fd37c021000 rw-p 00000000 00:00 0 
7fd37c021000-7fd380000000 ---p 00000000 00:00 0 
7fd3812df000-7fd38135f000 rw-p 00000000 00:00 0 
7fd38135f000-7fd3814df000 ---p 00000000 00:00 0 
7fd3814df000-7fd3816df000 rw-p 00000000 00:00 0 
7fd3816df000-7fd3816e2000 ---p 00000000 00:00 0 
7fd3816e2000-7fd3817e0000 rw-p 00000000 00:00 0 
7fd3817e0000-7fd3817e3000 ---p 00000000 00:00 0 
7fd3817e3000-7fd3818e1000 rw-p 00000000 00:00 0 
7fd3818e1000-7fd3818e4000 ---p 00000000 00:00 0 
7fd3818e4000-7fd3819e2000 rw-p 00000000 00:00 0 
7fd3819e2000-7fd3819e5000 ---p 00000000 00:00 0 
7fd3819e5000-7fd381ae3000 rw-p 00000000 00:00 0 
7fd381ae3000-7fd381ae6000 ---p 00000000 00:00 0 
7fd381ae6000-7fd381be4000 rw-p 00000000 00:00 0 
7fd381be4000-7fd381be7000 ---p 00000000 00:00 0 
7fd381be7000-7fd381ce5000 rw-p 00000000 00:00 0 
7fd381ce5000-7fd381ce8000 ---p 00000000 00:00 0 
7fd381ce8000-7fd381de6000 rw-p 00000000 00:00 0 
7fd381de6000-7fd381de9000 ---p 00000000 00:00 0 
7fd381de9000-7fd381ee7000 rw-p 00000000 00:00 0 
7fd381ee7000-7fd381eea000 ---p 00000000 00:00 0 
7fd381eea000-7fd381fe8000 rw-p 00000000 00:00 0 
7fd381fe8000-7fd381feb000 ---p 00000000 00:00 0 
7fd381feb000-7fd3820e9000 rw-p 00000000 00:00 0 
7fd3820e9000-7fd3820ec000 ---p 00000000 00:00 0 
7fd3820ec000-7fd3821ea000 rw-p 00000000 00:00 0 
7fd3821ea000-7fd3821ed000 ---p 00000000 00:00 0 
7fd3821ed000-7fd3822eb000 rw-p 00000000 00:00 0 
7fd3822eb000-7fd3822ee000 ---p 00000000 00:00 0 
7fd3822ee000-7fd3823ec000 rw-p 00000000 00:00 0 
7fd3823ec000-7fd3823ef000 ---p 00000000 00:00 0 
7fd3823ef000-7fd3826ed000 rw-p 00000000 00:00 0 
7fd3826ed000-7fd3826f0000 ---p 00000000 00:00 0 
7fd3826f0000-7fd3827ee000 rw-p 00000000 00:00 0 
7fd3827ee000-7fd3827f1000 ---p 00000000 00:00 0 
7fd3827f1000-7fd3828ef000 rw-p 00000000 00:00 0 
7fd3828ef000-7fd3828f2000 ---p 00000000 00:00 0 
7fd3828f2000-7fd3829f0000 rw-p 00000000 00:00 0 
7fd3829f0000-7fd382a06000 r-xp 00000000 08:01 656512                     /usr/lib/jdk/jdk1.8.0_201/jre/lib/amd64/libnet.so
7fd382a06000-7fd382c06000 ---p 00016000 08:01 656512                     /usr/lib/jdk/jdk1.8.0_201/jre/lib/amd64/libnet.so
7fd382c06000-7fd382c07000 r--p 00016000 08:01 656512                     /usr/lib/jdk/jdk1.8.0_201/jre/lib/amd64/libnet.so
7fd382c07000-7fd382c08000 rw-p 00017000 08:01 656512                     /usr/lib/jdk/jdk1.8.0_201/jre/lib/amd64/libnet.so
7fd382c08000-7fd382e39000 r--s 01bb1000 08:01 403225                     /home/hewitt/work/DiffTGen-master/lib/evosuite-1.0.6.jar
7fd382e39000-7fd382e3a000 ---p 00000000 00:00 0 
7fd382e3a000-7fd382f3a000 rw-p 00000000 00:00 0 
7fd382f3a000-7fd382f3d000 ---p 00000000 00:00 0 
7fd382f3d000-7fd38303b000 rw-p 00000000 00:00 0 
7fd38303b000-7fd38303e000 ---p 00000000 00:00 0 
7fd38303e000-7fd38313c000 rw-p 00000000 00:00 0 
7fd38313c000-7fd38313f000 ---p 00000000 00:00 0 
7fd38313f000-7fd38323d000 rw-p 00000000 00:00 0 
7fd38323d000-7fd383240000 ---p 00000000 00:00 0 
7fd383240000-7fd38333e000 rw-p 00000000 00:00 0 
7fd38333e000-7fd383341000 ---p 00000000 00:00 0 
7fd383341000-7fd38343f000 rw-p 00000000 00:00 0 
7fd38343f000-7fd383dfe000 r--p 00000000 08:01 270368                     /usr/lib/locale/locale-archive
7fd383dfe000-7fd383e01000 ---p 00000000 00:00 0 
7fd383e01000-7fd383eff000 rw-p 00000000 00:00 0 
7fd383eff000-7fd383f02000 ---p 00000000 00:00 0 
7fd383f02000-7fd384000000 rw-p 00000000 00:00 0 
7fd384000000-7fd384021000 rw-p 00000000 00:00 0 
7fd384021000-7fd388000000 ---p 00000000 00:00 0 
7fd388000000-7fd38829b000 rw-p 00000000 00:00 0 
7fd38829b000-7fd38c000000 ---p 00000000 00:00 0 
7fd38c000000-7fd38c021000 rw-p 00000000 00:00 0 
7fd38c021000-7fd390000000 ---p 00000000 00:00 0 
7fd390000000-7fd390021000 rw-p 00000000 00:00 0 
7fd390021000-7fd394000000 ---p 00000000 00:00 0 
7fd394000000-7fd394021000 rw-p 00000000 00:00 0 
7fd394021000-7fd398000000 ---p 00000000 00:00 0 
7fd398080000-7fd3980f9000 r--s 010fd000 08:01 654900                     /usr/lib/jdk/jdk1.8.0_201/lib/tools.jar
7fd3980f9000-7fd3980fa000 ---p 00000000 00:00 0 
7fd3980fa000-7fd399109000 rw-p 00000000 00:00 0 
7fd399109000-7fd3992e3000 r--s 03d6f000 08:01 656293                     /usr/lib/jdk/jdk1.8.0_201/jre/lib/rt.jar
7fd3992e3000-7fd39bbf4000 rw-p 00000000 00:00 0 
7fd39bbf4000-7fd39bbf5000 ---p 00000000 00:00 0 
7fd39bbf5000-7fd39bcf5000 rw-p 00000000 00:00 0 
7fd39bcf5000-7fd39bcf6000 ---p 00000000 00:00 0 
7fd39bcf6000-7fd39bdf6000 rw-p 00000000 00:00 0 
7fd39bdf6000-7fd39bdf7000 ---p 00000000 00:00 0 
7fd39bdf7000-7fd39bef7000 rw-p 00000000 00:00 0 
7fd39bef7000-7fd39bef8000 ---p 00000000 00:00 0 
7fd39bef8000-7fd39c00d000 rw-p 00000000 00:00 0 
7fd39c00d000-7fd39c13f000 ---p 00000000 00:00 0 
7fd39c13f000-7fd39c152000 rw-p 00000000 00:00 0 
7fd39c152000-7fd39c1e3000 ---p 00000000 00:00 0 
7fd39c1e3000-7fd39c1fb000 rw-p 00000000 00:00 0 
7fd39c1fb000-7fd39c5a4000 ---p 00000000 00:00 0 
7fd39c5a4000-7fd39cb54000 rwxp 00000000 00:00 0 
7fd39cb54000-7fd3ab5a4000 ---p 00000000 00:00 0 
7fd3ab5a4000-7fd3ab5bf000 r-xp 00000000 08:01 656508                     /usr/lib/jdk/jdk1.8.0_201/jre/lib/amd64/libzip.so
7fd3ab5bf000-7fd3ab7be000 ---p 0001b000 08:01 656508                     /usr/lib/jdk/jdk1.8.0_201/jre/lib/amd64/libzip.so
7fd3ab7be000-7fd3ab7bf000 r--p 0001a000 08:01 656508                     /usr/lib/jdk/jdk1.8.0_201/jre/lib/amd64/libzip.so
7fd3ab7bf000-7fd3ab7c0000 rw-p 0001b000 08:01 656508                     /usr/lib/jdk/jdk1.8.0_201/jre/lib/amd64/libzip.so
7fd3ab7c0000-7fd3ab7cb000 r-xp 00000000 08:01 658902                     /lib/x86_64-linux-gnu/libnss_files-2.23.so
7fd3ab7cb000-7fd3ab9ca000 ---p 0000b000 08:01 658902                     /lib/x86_64-linux-gnu/libnss_files-2.23.so
7fd3ab9ca000-7fd3ab9cb000 r--p 0000a000 08:01 658902                     /lib/x86_64-linux-gnu/libnss_files-2.23.so
7fd3ab9cb000-7fd3ab9cc000 rw-p 0000b000 08:01 658902                     /lib/x86_64-linux-gnu/libnss_files-2.23.so
7fd3ab9cc000-7fd3ab9d2000 rw-p 00000000 00:00 0 
7fd3ab9d2000-7fd3ab9dd000 r-xp 00000000 08:01 658912                     /lib/x86_64-linux-gnu/libnss_nis-2.23.so
7fd3ab9dd000-7fd3abbdc000 ---p 0000b000 08:01 658912                     /lib/x86_64-linux-gnu/libnss_nis-2.23.so
7fd3abbdc000-7fd3abbdd000 r--p 0000a000 08:01 658912                     /lib/x86_64-linux-gnu/libnss_nis-2.23.so
7fd3abbdd000-7fd3abbde000 rw-p 0000b000 08:01 658912                     /lib/x86_64-linux-gnu/libnss_nis-2.23.so
7fd3abbde000-7fd3abbf4000 r-xp 00000000 08:01 658896                     /lib/x86_64-linux-gnu/libnsl-2.23.so
7fd3abbf4000-7fd3abdf3000 ---p 00016000 08:01 658896                     /lib/x86_64-linux-gnu/libnsl-2.23.so
7fd3abdf3000-7fd3abdf4000 r--p 00015000 08:01 658896                     /lib/x86_64-linux-gnu/libnsl-2.23.so
7fd3abdf4000-7fd3abdf5000 rw-p 00016000 08:01 658896                     /lib/x86_64-linux-gnu/libnsl-2.23.so
7fd3abdf5000-7fd3abdf7000 rw-p 00000000 00:00 0 
7fd3abdf7000-7fd3abdff000 r-xp 00000000 08:01 658898                     /lib/x86_64-linux-gnu/libnss_compat-2.23.so
7fd3abdff000-7fd3abffe000 ---p 00008000 08:01 658898                     /lib/x86_64-linux-gnu/libnss_compat-2.23.so
7fd3abffe000-7fd3abfff000 r--p 00007000 08:01 658898                     /lib/x86_64-linux-gnu/libnss_compat-2.23.so
7fd3abfff000-7fd3ac000000 rw-p 00008000 08:01 658898                     /lib/x86_64-linux-gnu/libnss_compat-2.23.so
7fd3ac000000-7fd3ac4bf000 rw-p 00000000 00:00 0 
7fd3ac4bf000-7fd3b0000000 ---p 00000000 00:00 0 
7fd3b0009000-7fd3b0025000 r--s 00393000 08:01 656354                     /usr/lib/jdk/jdk1.8.0_201/jre/lib/ext/cldrdata.jar
7fd3b0025000-7fd3b0028000 ---p 00000000 00:00 0 
7fd3b0028000-7fd3b0073000 rw-p 00000000 00:00 0 
7fd3b0073000-7fd3b01a6000 ---p 00000000 00:00 0 
7fd3b01a6000-7fd3b01d2000 r-xp 00000000 08:01 656502                     /usr/lib/jdk/jdk1.8.0_201/jre/lib/amd64/libjava.so
7fd3b01d2000-7fd3b03d2000 ---p 0002c000 08:01 656502                     /usr/lib/jdk/jdk1.8.0_201/jre/lib/amd64/libjava.so
7fd3b03d2000-7fd3b03d3000 r--p 0002c000 08:01 656502                     /usr/lib/jdk/jdk1.8.0_201/jre/lib/amd64/libjava.so
7fd3b03d3000-7fd3b03d5000 rw-p 0002d000 08:01 656502                     /usr/lib/jdk/jdk1.8.0_201/jre/lib/amd64/libjava.so
7fd3b03d5000-7fd3b03e2000 r-xp 00000000 08:01 656507                     /usr/lib/jdk/jdk1.8.0_201/jre/lib/amd64/libverify.so
7fd3b03e2000-7fd3b05e1000 ---p 0000d000 08:01 656507                     /usr/lib/jdk/jdk1.8.0_201/jre/lib/amd64/libverify.so
7fd3b05e1000-7fd3b05e3000 r--p 0000c000 08:01 656507                     /usr/lib/jdk/jdk1.8.0_201/jre/lib/amd64/libverify.so
7fd3b05e3000-7fd3b05e4000 rw-p 0000e000 08:01 656507                     /usr/lib/jdk/jdk1.8.0_201/jre/lib/amd64/libverify.so
7fd3b05e4000-7fd3b05eb000 r-xp 00000000 08:01 658957                     /lib/x86_64-linux-gnu/librt-2.23.so
7fd3b05eb000-7fd3b07ea000 ---p 00007000 08:01 658957                     /lib/x86_64-linux-gnu/librt-2.23.so
7fd3b07ea000-7fd3b07eb000 r--p 00006000 08:01 658957                     /lib/x86_64-linux-gnu/librt-2.23.so
7fd3b07eb000-7fd3b07ec000 rw-p 00007000 08:01 658957                     /lib/x86_64-linux-gnu/librt-2.23.so
7fd3b07ec000-7fd3b08f4000 r-xp 00000000 08:01 658873                     /lib/x86_64-linux-gnu/libm-2.23.so
7fd3b08f4000-7fd3b0af3000 ---p 00108000 08:01 658873                     /lib/x86_64-linux-gnu/libm-2.23.so
7fd3b0af3000-7fd3b0af4000 r--p 00107000 08:01 658873                     /lib/x86_64-linux-gnu/libm-2.23.so
7fd3b0af4000-7fd3b0af5000 rw-p 00108000 08:01 658873                     /lib/x86_64-linux-gnu/libm-2.23.so
7fd3b0af5000-7fd3b17dd000 r-xp 00000000 08:01 656484                     /usr/lib/jdk/jdk1.8.0_201/jre/lib/amd64/server/libjvm.so
7fd3b17dd000-7fd3b19dc000 ---p 00ce8000 08:01 656484                     /usr/lib/jdk/jdk1.8.0_201/jre/lib/amd64/server/libjvm.so
7fd3b19dc000-7fd3b1a72000 r--p 00ce7000 08:01 656484                     /usr/lib/jdk/jdk1.8.0_201/jre/lib/amd64/server/libjvm.so
7fd3b1a72000-7fd3b1aa3000 rw-p 00d7d000 08:01 656484                     /usr/lib/jdk/jdk1.8.0_201/jre/lib/amd64/server/libjvm.so
7fd3b1aa3000-7fd3b1ade000 rw-p 00000000 00:00 0 
7fd3b1ade000-7fd3b1c9e000 r-xp 00000000 08:01 658803                     /lib/x86_64-linux-gnu/libc-2.23.so
7fd3b1c9e000-7fd3b1e9e000 ---p 001c0000 08:01 658803                     /lib/x86_64-linux-gnu/libc-2.23.so
7fd3b1e9e000-7fd3b1ea2000 r--p 001c0000 08:01 658803                     /lib/x86_64-linux-gnu/libc-2.23.so
7fd3b1ea2000-7fd3b1ea4000 rw-p 001c4000 08:01 658803                     /lib/x86_64-linux-gnu/libc-2.23.so
7fd3b1ea4000-7fd3b1ea8000 rw-p 00000000 00:00 0 
7fd3b1ea8000-7fd3b1eab000 r-xp 00000000 08:01 658827                     /lib/x86_64-linux-gnu/libdl-2.23.so
7fd3b1eab000-7fd3b20aa000 ---p 00003000 08:01 658827                     /lib/x86_64-linux-gnu/libdl-2.23.so
7fd3b20aa000-7fd3b20ab000 r--p 00002000 08:01 658827                     /lib/x86_64-linux-gnu/libdl-2.23.so
7fd3b20ab000-7fd3b20ac000 rw-p 00003000 08:01 658827                     /lib/x86_64-linux-gnu/libdl-2.23.so
7fd3b20ac000-7fd3b20c3000 r-xp 00000000 08:01 656155                     /usr/lib/jdk/jdk1.8.0_201/lib/amd64/jli/libjli.so
7fd3b20c3000-7fd3b22c2000 ---p 00017000 08:01 656155                     /usr/lib/jdk/jdk1.8.0_201/lib/amd64/jli/libjli.so
7fd3b22c2000-7fd3b22c3000 r--p 00016000 08:01 656155                     /usr/lib/jdk/jdk1.8.0_201/lib/amd64/jli/libjli.so
7fd3b22c3000-7fd3b22c4000 rw-p 00017000 08:01 656155                     /usr/lib/jdk/jdk1.8.0_201/lib/amd64/jli/libjli.so
7fd3b22c4000-7fd3b22dc000 r-xp 00000000 08:01 658949                     /lib/x86_64-linux-gnu/libpthread-2.23.so
7fd3b22dc000-7fd3b24db000 ---p 00018000 08:01 658949                     /lib/x86_64-linux-gnu/libpthread-2.23.so
7fd3b24db000-7fd3b24dc000 r--p 00017000 08:01 658949                     /lib/x86_64-linux-gnu/libpthread-2.23.so
7fd3b24dc000-7fd3b24dd000 rw-p 00018000 08:01 658949                     /lib/x86_64-linux-gnu/libpthread-2.23.so
7fd3b24dd000-7fd3b24e1000 rw-p 00000000 00:00 0 
7fd3b24e1000-7fd3b2507000 r-xp 00000000 08:01 658775                     /lib/x86_64-linux-gnu/ld-2.23.so
7fd3b2512000-7fd3b251c000 r--s 00116000 08:01 656361                     /usr/lib/jdk/jdk1.8.0_201/jre/lib/ext/localedata.jar
7fd3b251c000-7fd3b252b000 r--s 000ad000 08:01 425466                     /home/hewitt/work/DiffTGen-master/output/Math_79_simfix/target/build/classes/all0.jar
7fd3b252b000-7fd3b25e9000 rw-p 00000000 00:00 0 
7fd3b25e9000-7fd3b25ec000 ---p 00000000 00:00 0 
7fd3b25ec000-7fd3b26ef000 rw-p 00000000 00:00 0 
7fd3b26ef000-7fd3b26f3000 r--s 000a1000 08:01 656350                     /usr/lib/jdk/jdk1.8.0_201/jre/lib/jsse.jar
7fd3b26f3000-7fd3b26fb000 r--s 0006e000 08:01 398946                     /home/hewitt/work/DiffTGen-master/lib/commons-lang3-3.5.jar
7fd3b26fb000-7fd3b26fc000 r--s 00000000 08:01 398951                     /home/hewitt/work/DiffTGen-master/lib/myprinter.jar
7fd3b26fc000-7fd3b2704000 rw-s 00000000 08:01 165760                     /tmp/hsperfdata_hewitt/38466
7fd3b2704000-7fd3b2705000 rw-p 00000000 00:00 0 
7fd3b2705000-7fd3b2706000 ---p 00000000 00:00 0 
7fd3b2706000-7fd3b2707000 r--p 00025000 08:01 658775                     /lib/x86_64-linux-gnu/ld-2.23.so
7fd3b2707000-7fd3b2708000 rw-p 00026000 08:01 658775                     /lib/x86_64-linux-gnu/ld-2.23.so
7fd3b2708000-7fd3b2709000 rw-p 00000000 00:00 0 
7ffd1dfaa000-7ffd1dfcc000 rw-p 00000000 00:00 0                          [stack]
7ffd1dfd6000-7ffd1dfd9000 r--p 00000000 00:00 0                          [vvar]
7ffd1dfd9000-7ffd1dfdb000 r-xp 00000000 00:00 0                          [vdso]
ffffffffff600000-ffffffffff601000 r-xp 00000000 00:00 0                  [vsyscall]

VM Arguments:
java_command: /home/hewitt/work/DiffTGen-master/lib/evosuite-1.0.6.jar -base_dir /home/hewitt/work/DiffTGen-master/output/Math_79_simfix/target/0/6 -projectCP /home/hewitt/work/DiffTGen-master/output/Math_79_simfix/target/build/classes/all0.jar:/home/hewitt/work/DiffTGen-master/lib/myprinter.jar:/home/hewitt/work/DiffTGen-master/lib/commons-lang3-3.5.jar -class org.apache.commons.math.util.MathUtils -Dassertions=false -Dsearch_budget=60
java_class_path (initial): /home/hewitt/work/DiffTGen-master/lib/evosuite-1.0.6.jar
Launcher Type: SUN_STANDARD

Environment Variables:
JAVA_HOME=/usr/lib/jdk/jdk1.8.0_201
JRE_HOME=/usr/lib/jdk/jdk1.8.0_201/jre
CLASSPATH=.:/usr/lib/jdk/jdk1.8.0_201/lib:/usr/lib/jdk/jdk1.8.0_201/jre/lib
PATH=/usr/lib/jdk/jdk1.8.0_201/bin:/home/hewitt/bin:/home/hewitt/.local/bin:/usr/lib/jdk/jdk1.7.0_80/bin:/usr/local/sbin:/usr/local/bin:/usr/sbin:/usr/bin:/sbin:/bin:/usr/games:/usr/local/games:/snap/bin:/home/hewitt/work/defects4j_v1.4.0/defects4j/framework/bin:/opt/apache-ant-1.9.14/bin:/home/hewitt/work/defects4j_v1.4.0/defects4j/framework/bin
SHELL=/bin/bash
DISPLAY=:0

Signal Handlers:
SIGSEGV: [libjvm.so+0xad3e60], sa_mask[0]=11111111011111111101111111111110, sa_flags=SA_RESTART|SA_SIGINFO
SIGBUS: [libjvm.so+0xad3e60], sa_mask[0]=11111111011111111101111111111110, sa_flags=SA_RESTART|SA_SIGINFO
SIGFPE: [libjvm.so+0x90b880], sa_mask[0]=11111111011111111101111111111110, sa_flags=SA_RESTART|SA_SIGINFO
SIGPIPE: [libjvm.so+0x90b880], sa_mask[0]=11111111011111111101111111111110, sa_flags=SA_RESTART|SA_SIGINFO
SIGXFSZ: [libjvm.so+0x90b880], sa_mask[0]=11111111011111111101111111111110, sa_flags=SA_RESTART|SA_SIGINFO
SIGILL: [libjvm.so+0x90b880], sa_mask[0]=11111111011111111101111111111110, sa_flags=SA_RESTART|SA_SIGINFO
SIGUSR1: SIG_DFL, sa_mask[0]=00000000000000000000000000000000, sa_flags=none
SIGUSR2: [libjvm.so+0x90b750], sa_mask[0]=00100000000000000000000000000000, sa_flags=SA_RESTART|SA_SIGINFO
SIGHUP: [libjvm.so+0x90bd70], sa_mask[0]=11111111011111111101111111111110, sa_flags=SA_RESTART|SA_SIGINFO
SIGINT: [libjvm.so+0x90bd70], sa_mask[0]=11111111011111111101111111111110, sa_flags=SA_RESTART|SA_SIGINFO
SIGTERM: [libjvm.so+0x90bd70], sa_mask[0]=11111111011111111101111111111110, sa_flags=SA_RESTART|SA_SIGINFO
SIGQUIT: [libjvm.so+0x90bd70], sa_mask[0]=11111111011111111101111111111110, sa_flags=SA_RESTART|SA_SIGINFO


---------------  S Y S T E M  ---------------

OS:DISTRIB_ID=Ubuntu
DISTRIB_RELEASE=16.04
DISTRIB_CODENAME=xenial
DISTRIB_DESCRIPTION="Ubuntu 16.04.6 LTS"

uname:Linux 4.15.0-91-generic #92~16.04.1-Ubuntu SMP Fri Feb 28 14:57:22 UTC 2020 x86_64
libc:glibc 2.23 NPTL 2.23 
rlimit: STACK 8192k, CORE 0k, NPROC 15448, NOFILE 1048576, AS infinity
load average:34.18 15.94 8.49

/proc/meminfo:
MemTotal:        4015928 kB
MemFree:          389952 kB
MemAvailable:     301116 kB
Buffers:            1612 kB
Cached:            33048 kB
SwapCached:         2372 kB
Active:          2675100 kB
Inactive:         542376 kB
Active(anon):    2661712 kB
Inactive(anon):   530292 kB
Active(file):      13388 kB
Inactive(file):    12084 kB
Unevictable:          48 kB
Mlocked:              48 kB
SwapTotal:        998396 kB
SwapFree:           1320 kB
Dirty:               416 kB
Writeback:          1012 kB
AnonPages:       3181508 kB
Mapped:            26760 kB
Shmem:              9072 kB
Slab:              99060 kB
SReclaimable:      37796 kB
SUnreclaim:        61264 kB
KernelStack:       17584 kB
PageTables:        42396 kB
NFS_Unstable:          0 kB
Bounce:                0 kB
WritebackTmp:          0 kB
CommitLimit:     3006360 kB
Committed_AS:    9448564 kB
VmallocTotal:   34359738367 kB
VmallocUsed:           0 kB
VmallocChunk:          0 kB
HardwareCorrupted:     0 kB
AnonHugePages:         0 kB
ShmemHugePages:        0 kB
ShmemPmdMapped:        0 kB
CmaTotal:              0 kB
CmaFree:               0 kB
HugePages_Total:       0
HugePages_Free:        0
HugePages_Rsvd:        0
HugePages_Surp:        0
Hugepagesize:       2048 kB
DirectMap4k:      118592 kB
DirectMap2M:     4075520 kB
DirectMap1G:     2097152 kB

container (cgroup) information:
container_type: cgroupv1
cpu_cpuset_cpus: 0-3
cpu_memory_nodes: 0
active_processor_count: 4
cpu_quota: -1
cpu_period: 100000
cpu_shares: -1
memory_limit_in_bytes: -1
memory_and_swap_limit_in_bytes: -2
memory_soft_limit_in_bytes: -1
memory_usage_in_bytes: 3294752768
memory_max_usage_in_bytes: 218951680


CPU:total 4 (initial active 4) (2 cores per cpu, 1 threads per core) family 6 model 158 stepping 9, cmov, cx8, fxsr, mmx, sse, sse2, sse3, ssse3, sse4.1, sse4.2, popcnt, avx, avx2, aes, clmul, erms, 3dnowpref, lzcnt, tsc, tscinvbit, bmi1, bmi2, adx

/proc/cpuinfo:
processor	: 0
vendor_id	: GenuineIntel
cpu family	: 6
model		: 158
model name	: Intel(R) Core(TM) i7-7700HQ CPU @ 2.80GHz
stepping	: 9
microcode	: 0xb4
cpu MHz		: 2807.997
cache size	: 6144 KB
physical id	: 0
siblings	: 2
core id		: 0
cpu cores	: 2
apicid		: 0
initial apicid	: 0
fpu		: yes
fpu_exception	: yes
cpuid level	: 22
wp		: yes
flags		: fpu vme de pse tsc msr pae mce cx8 apic sep mtrr pge mca cmov pat pse36 clflush mmx fxsr sse sse2 ss ht syscall nx pdpe1gb rdtscp lm constant_tsc arch_perfmon nopl xtopology tsc_reliable nonstop_tsc cpuid pni pclmulqdq ssse3 fma cx16 pcid sse4_1 sse4_2 x2apic movbe popcnt tsc_deadline_timer aes xsave avx f16c rdrand hypervisor lahf_lm abm 3dnowprefetch cpuid_fault invpcid_single pti ssbd ibrs ibpb stibp fsgsbase tsc_adjust bmi1 avx2 smep bmi2 invpcid mpx rdseed adx smap clflushopt xsaveopt xsavec xsaves arat md_clear flush_l1d arch_capabilities
bugs		: cpu_meltdown spectre_v1 spectre_v2 spec_store_bypass l1tf mds swapgs itlb_multihit
bogomips	: 5615.99
clflush size	: 64
cache_alignment	: 64
address sizes	: 43 bits physical, 48 bits virtual
power management:

processor	: 1
vendor_id	: GenuineIntel
cpu family	: 6
model		: 158
model name	: Intel(R) Core(TM) i7-7700HQ CPU @ 2.80GHz
stepping	: 9
microcode	: 0xb4
cpu MHz		: 2807.997
cache size	: 6144 KB
physical id	: 0
siblings	: 2
core id		: 1
cpu cores	: 2
apicid		: 1
initial apicid	: 1
fpu		: yes
fpu_exception	: yes
cpuid level	: 22
wp		: yes
flags		: fpu vme de pse tsc msr pae mce cx8 apic sep mtrr pge mca cmov pat pse36 clflush mmx fxsr sse sse2 ss ht syscall nx pdpe1gb rdtscp lm constant_tsc arch_perfmon nopl xtopology tsc_reliable nonstop_tsc cpuid pni pclmulqdq ssse3 fma cx16 pcid sse4_1 sse4_2 x2apic movbe popcnt tsc_deadline_timer aes xsave avx f16c rdrand hypervisor lahf_lm abm 3dnowprefetch cpuid_fault invpcid_single pti ssbd ibrs ibpb stibp fsgsbase tsc_adjust bmi1 avx2 smep bmi2 invpcid mpx rdseed adx smap clflushopt xsaveopt xsavec xsaves arat md_clear flush_l1d arch_capabilities
bugs		: cpu_meltdown spectre_v1 spectre_v2 spec_store_bypass l1tf mds swapgs itlb_multihit
bogomips	: 5615.99
clflush size	: 64
cache_alignment	: 64
address sizes	: 43 bits physical, 48 bits virtual
power management:

processor	: 2
vendor_id	: GenuineIntel
cpu family	: 6
model		: 158
model name	: Intel(R) Core(TM) i7-7700HQ CPU @ 2.80GHz
stepping	: 9
microcode	: 0xb4
cpu MHz		: 2807.997
cache size	: 6144 KB
physical id	: 1
siblings	: 2
core id		: 0
cpu cores	: 2
apicid		: 2
initial apicid	: 2
fpu		: yes
fpu_exception	: yes
cpuid level	: 22
wp		: yes
flags		: fpu vme de pse tsc msr pae mce cx8 apic sep mtrr pge mca cmov pat pse36 clflush mmx fxsr sse sse2 ss ht syscall nx pdpe1gb rdtscp lm constant_tsc arch_perfmon nopl xtopology tsc_reliable nonstop_tsc cpuid pni pclmulqdq ssse3 fma cx16 pcid sse4_1 sse4_2 x2apic movbe popcnt tsc_deadline_timer aes xsave avx f16c rdrand hypervisor lahf_lm abm 3dnowprefetch cpuid_fault invpcid_single pti ssbd ibrs ibpb stibp fsgsbase tsc_adjust bmi1 avx2 smep bmi2 invpcid mpx rdseed adx smap clflushopt xsaveopt xsavec xsaves arat md_clear flush_l1d arch_capabilities
bugs		: cpu_meltdown spectre_v1 spectre_v2 spec_store_bypass l1tf mds swapgs itlb_multihit
bogomips	: 5615.99
clflush size	: 64
cache_alignment	: 64
address sizes	: 43 bits physical, 48 bits virtual
power management:

processor	: 3
vendor_id	: GenuineIntel
cpu family	: 6
model		: 158
model name	: Intel(R) Core(TM) i7-7700HQ CPU @ 2.80GHz
stepping	: 9
microcode	: 0xb4
cpu MHz		: 2807.997
cache size	: 6144 KB
physical id	: 1
siblings	: 2
core id		: 1
cpu cores	: 2
apicid		: 3
initial apicid	: 3
fpu		: yes
fpu_exception	: yes
cpuid level	: 22
wp		: yes
flags		: fpu vme de pse tsc msr pae mce cx8 apic sep mtrr pge mca cmov pat pse36 clflush mmx fxsr sse sse2 ss ht syscall nx pdpe1gb rdtscp lm constant_tsc arch_perfmon nopl xtopology tsc_reliable nonstop_tsc cpuid pni pclmulqdq ssse3 fma cx16 pcid sse4_1 sse4_2 x2apic movbe popcnt tsc_deadline_timer aes xsave avx f16c rdrand hypervisor lahf_lm abm 3dnowprefetch cpuid_fault invpcid_single pti ssbd ibrs ibpb stibp fsgsbase tsc_adjust bmi1 avx2 smep bmi2 invpcid mpx rdseed adx smap clflushopt xsaveopt xsavec xsaves arat md_clear flush_l1d arch_capabilities
bugs		: cpu_meltdown spectre_v1 spectre_v2 spec_store_bypass l1tf mds swapgs itlb_multihit
bogomips	: 5615.99
clflush size	: 64
cache_alignment	: 64
address sizes	: 43 bits physical, 48 bits virtual
power management:



Memory: 4k page, physical 4015928k(389952k free), swap 998396k(1320k free)

vm_info: Java HotSpot(TM) 64-Bit Server VM (25.201-b09) for linux-amd64 JRE (1.8.0_201-b09), built on Dec 15 2018 11:35:59 by "java_re" with gcc 7.3.0

time: Thu Apr  2 21:27:26 2020
timezone: CST
elapsed time: 168 seconds (0d 0h 2m 48s)

