#
# There is insufficient memory for the Java Runtime Environment to continue.
# Native memory allocation (mmap) failed to map 67108864 bytes for committing reserved memory.
# Possible reasons:
#   The system is out of physical RAM or swap space
#   In 32 bit mode, the process size limit was hit
# Possible solutions:
#   Reduce memory load on the system
#   Increase physical memory or swap space
#   Check if swap backing store is full
#   Use 64 bit Java on a 64 bit OS
#   Decrease Java heap size (-Xmx/-Xms)
#   Decrease number of Java threads
#   Decrease Java thread stack sizes (-Xss)
#   Set larger code cache with -XX:ReservedCodeCacheSize=
# This output file may be truncated or incomplete.
#
#  Out of Memory Error (os_linux.cpp:2640), pid=48492, tid=0x00007fc82c6f6700
#
# JRE version: Java(TM) SE Runtime Environment (8.0_181-b13) (build 1.8.0_181-b13)
# Java VM: Java HotSpot(TM) 64-Bit Server VM (25.181-b13 mixed mode linux-amd64 compressed oops)
# Failed to write core dump. Core dumps have been disabled. To enable core dumping, try "ulimit -c unlimited" before starting Java again
#

---------------  T H R E A D  ---------------

Current thread (0x00007fc83c0fb800):  VMThread [stack: 0x00007fc82c5f6000,0x00007fc82c6f7000] [id=48520]

Stack: [0x00007fc82c5f6000,0x00007fc82c6f7000],  sp=0x00007fc82c6f5020,  free space=1020k
Native frames: (J=compiled Java code, j=interpreted, Vv=VM code, C=native code)
V  [libjvm.so+0xad21aa]  VMError::report_and_die()+0x2ba
V  [libjvm.so+0x5022db]  report_vm_out_of_memory(char const*, int, unsigned long, VMErrorType, char const*)+0x8b
V  [libjvm.so+0x92fe33]  os::Linux::commit_memory_impl(char*, unsigned long, bool)+0x123
V  [libjvm.so+0x930059]  os::pd_commit_memory(char*, unsigned long, unsigned long, bool)+0x29
V  [libjvm.so+0x9272ba]  os::commit_memory(char*, unsigned long, unsigned long, bool)+0x2a
V  [libjvm.so+0x99d2e3]  PSVirtualSpace::expand_by(unsigned long)+0x53
V  [libjvm.so+0x99e6e8]  PSYoungGen::resize_generation(unsigned long, unsigned long)+0xf8
V  [libjvm.so+0x99d842]  PSYoungGen::resize(unsigned long, unsigned long)+0x22
V  [libjvm.so+0x99ab1b]  PSScavenge::invoke_no_policy()+0xf3b
V  [libjvm.so+0x99b2a1]  PSScavenge::invoke()+0x41
V  [libjvm.so+0x951d70]  ParallelScavengeHeap::failed_mem_allocate(unsigned long)+0x70
V  [libjvm.so+0xad3c27]  VM_ParallelGCFailedAllocation::doit()+0x97
V  [libjvm.so+0xadb745]  VM_Operation::evaluate()+0x55
V  [libjvm.so+0xad9b0a]  VMThread::evaluate_operation(VM_Operation*)+0xba
V  [libjvm.so+0xad9e8e]  VMThread::loop()+0x1ce
V  [libjvm.so+0xada300]  VMThread::run()+0x70
V  [libjvm.so+0x930198]  java_start(Thread*)+0x108

VM_Operation (0x00007fc7fea6e3a0): ParallelGCFailedAllocation, mode: safepoint, requested by thread 0x0000000002385800


---------------  P R O C E S S  ---------------

Java Threads: ( => current thread )
  0x0000000002387000 JavaThread "RMI TCP Connection(6)-127.0.0.1" daemon [_thread_in_native, id=48941, stack(0x00007fc7fec79000,0x00007fc7fed7a000)]
  0x0000000002385800 JavaThread "RMI TCP Connection(5)-127.0.0.1" daemon [_thread_blocked, id=48883, stack(0x00007fc7fe976000,0x00007fc7fea77000)]
  0x00007fc810038800 JavaThread "RMI Scheduler(0)" daemon [_thread_blocked, id=48875, stack(0x00007fc7fea77000,0x00007fc7feb78000)]
  0x00007fc810035000 JavaThread "RMI RenewClean-[127.0.0.1:5347]" daemon [_thread_blocked, id=48856, stack(0x00007fc7feb78000,0x00007fc7fec79000)]
  0x00007fc7ec005000 JavaThread "pool-3-thread-3" [_thread_in_native, id=48798, stack(0x00007fc7fed7a000,0x00007fc7fee7b000)]
  0x00007fc7ec003800 JavaThread "pool-3-thread-2" [_thread_in_native, id=48797, stack(0x00007fc7fee7b000,0x00007fc7fef7c000)]
  0x00007fc7ec002800 JavaThread "pool-3-thread-1" [_thread_in_native, id=48796, stack(0x00007fc7fef7c000,0x00007fc7ff07d000)]
  0x00007fc83c1ce000 JavaThread "Thread-3" [_thread_in_native, id=48662, stack(0x00007fc7ff07d000,0x00007fc7ff17e000)]
  0x00007fc83c1cc000 JavaThread "Thread-2" [_thread_in_native, id=48660, stack(0x00007fc7ff17e000,0x00007fc7ff27f000)]
  0x00007fc83c1ca800 JavaThread "process reaper" daemon [_thread_in_native, id=48657, stack(0x00007fc84003a000,0x00007fc840073000)]
  0x00007fc83c425800 JavaThread "pool-2-thread-1" [_thread_in_native, id=48625, stack(0x00007fc7ff27f000,0x00007fc7ff380000)]
  0x00007fc83c423000 JavaThread "GC Daemon" daemon [_thread_blocked, id=48620, stack(0x00007fc7ff380000,0x00007fc7ff481000)]
  0x00007fc83c41e800 JavaThread "RMI Reaper" [_thread_blocked, id=48615, stack(0x00007fc7ff481000,0x00007fc7ff582000)]
  0x00007fc83c415800 JavaThread "RMI TCP Accept-12562" daemon [_thread_in_native, id=48612, stack(0x00007fc7ff582000,0x00007fc7ff683000)]
  0x00007fc83c410800 JavaThread "RMI TCP Accept-9489" daemon [_thread_in_native, id=48608, stack(0x00007fc7ff683000,0x00007fc7ff784000)]
  0x00007fc83c2b4000 JavaThread "logback-3" daemon [_thread_blocked, id=48602, stack(0x00007fc7ffcfd000,0x00007fc7ffdfe000)]
  0x00007fc83c2b2000 JavaThread "logback-2" daemon [_thread_blocked, id=48593, stack(0x00007fc7ffdfe000,0x00007fc7ffeff000)]
  0x00007fc83c2b0800 JavaThread "logback-1" daemon [_thread_blocked, id=48586, stack(0x00007fc7ffeff000,0x00007fc800000000)]
  0x00007fc83c142000 JavaThread "Service Thread" daemon [_thread_blocked, id=48579, stack(0x00007fc8240cf000,0x00007fc8241d0000)]
  0x00007fc83c13f000 JavaThread "C1 CompilerThread1" daemon [_thread_blocked, id=48565, stack(0x00007fc82c0f1000,0x00007fc82c1f2000)]
  0x00007fc83c13c000 JavaThread "C2 CompilerThread0" daemon [_thread_blocked, id=48564, stack(0x00007fc82c1f2000,0x00007fc82c2f3000)]
  0x00007fc83c13a800 JavaThread "Signal Dispatcher" daemon [_thread_blocked, id=48561, stack(0x00007fc82c2f3000,0x00007fc82c3f4000)]
  0x00007fc83c107800 JavaThread "Finalizer" daemon [_thread_blocked, id=48540, stack(0x00007fc82c3f4000,0x00007fc82c4f5000)]
  0x00007fc83c105000 JavaThread "Reference Handler" daemon [_thread_blocked, id=48530, stack(0x00007fc82c4f5000,0x00007fc82c5f6000)]
  0x00007fc83c00a800 JavaThread "main" [_thread_in_native, id=48494, stack(0x00007fc844a0e000,0x00007fc844b0f000)]

Other Threads:
=>0x00007fc83c0fb800 VMThread [stack: 0x00007fc82c5f6000,0x00007fc82c6f7000] [id=48520]
  0x00007fc83c147000 WatcherThread [stack: 0x00007fc81b540000,0x00007fc81b641000] [id=48581]

VM state:at safepoint (normal execution)

VM Mutex/Monitor currently owned by a thread:  ([mutex/lock_event])
[0x00007fc83c006ce0] Threads_lock - owner thread: 0x00007fc83c0fb800
[0x00007fc83c0071e0] Heap_lock - owner thread: 0x0000000002385800

Heap:
 PSYoungGen      total 70656K, used 5096K [0x00000000d6900000, 0x00000000db300000, 0x0000000100000000)
  eden space 65536K, 0% used [0x00000000d6900000,0x00000000d6900000,0x00000000da900000)
  from space 5120K, 99% used [0x00000000da900000,0x00000000dadfa030,0x00000000dae00000)
  to   space 5120K, 0% used [0x00000000dae00000,0x00000000dae00000,0x00000000db300000)
 ParOldGen       total 86016K, used 11712K [0x0000000083a00000, 0x0000000088e00000, 0x00000000d6900000)
  object space 86016K, 13% used [0x0000000083a00000,0x00000000845702c0,0x0000000088e00000)
 Metaspace       used 14607K, capacity 15088K, committed 15232K, reserved 1062912K
  class space    used 1658K, capacity 1794K, committed 1920K, reserved 1048576K

Card table byte_map: [0x00007fc8413b9000,0x00007fc84179d000] byte_map_base: 0x00007fc840f9c000

Marking Bits: (ParMarkBitMap*) 0x00007fc843ed90a0
 Begin Bits: [0x00007fc8241d0000, 0x00007fc8260e8000)
 End Bits:   [0x00007fc8260e8000, 0x00007fc828000000)

Polling page: 0x00007fc844b2b000

CodeCache: size=245760Kb used=5771Kb max_used=5771Kb free=239988Kb
 bounds [0x00007fc82d000000, 0x00007fc82d5b0000, 0x00007fc83c000000]
 total_blobs=2025 nmethods=1674 adapters=264
 compilation: enabled

Compilation events (10 events):
Event: 116.946 Thread 0x00007fc83c13f000 1796       2       org.evosuite.runtime.instrumentation.MethodCallReplacementClassAdapter::visitField (59 bytes)
Event: 116.946 Thread 0x00007fc83c13f000 nmethod 1796 0x00007fc82d5a3e50 code [0x00007fc82d5a4000, 0x00007fc82d5a4338]
Event: 116.946 Thread 0x00007fc83c13f000 1797       2       org.evosuite.instrumentation.EndOfClassInitializerVisitor::visitField (24 bytes)
Event: 116.947 Thread 0x00007fc83c13f000 nmethod 1797 0x00007fc82d5a44d0 code [0x00007fc82d5a4640, 0x00007fc82d5a4808]
Event: 116.947 Thread 0x00007fc83c13f000 1798       2       org.evosuite.instrumentation.EndOfClassInitializerVisitor::isStatic (15 bytes)
Event: 116.947 Thread 0x00007fc83c13f000 nmethod 1798 0x00007fc82d5a48d0 code [0x00007fc82d5a4a20, 0x00007fc82d5a4b70]
Event: 116.947 Thread 0x00007fc83c13f000 1799       2       org.evosuite.runtime.instrumentation.CreateClassResetClassAdapter::visitField (160 bytes)
Event: 116.947 Thread 0x00007fc83c13f000 nmethod 1799 0x00007fc82d5a4c10 code [0x00007fc82d5a4e00, 0x00007fc82d5a5448]
Event: 116.947 Thread 0x00007fc83c13f000 1800       2       org.evosuite.shaded.org.objectweb.asm.commons.AdviceAdapter::visitInsn (1366 bytes)
Event: 116.948 Thread 0x00007fc83c13f000 nmethod 1800 0x00007fc82d5a5890 code [0x00007fc82d5a5d60, 0x00007fc82d5a6fb8]

GC Heap History (7 events):
Event: 3.830 GC heap before
{Heap before GC invocations=1 (full 0):
 PSYoungGen      total 37888K, used 32768K [0x00000000d6900000, 0x00000000d9300000, 0x0000000100000000)
  eden space 32768K, 100% used [0x00000000d6900000,0x00000000d8900000,0x00000000d8900000)
  from space 5120K, 0% used [0x00000000d8e00000,0x00000000d8e00000,0x00000000d9300000)
  to   space 5120K, 0% used [0x00000000d8900000,0x00000000d8900000,0x00000000d8e00000)
 ParOldGen       total 86016K, used 0K [0x0000000083a00000, 0x0000000088e00000, 0x00000000d6900000)
  object space 86016K, 0% used [0x0000000083a00000,0x0000000083a00000,0x0000000088e00000)
 Metaspace       used 8350K, capacity 8422K, committed 8448K, reserved 1056768K
  class space    used 1004K, capacity 1012K, committed 1024K, reserved 1048576K
Event: 3.916 GC heap after
Heap after GC invocations=1 (full 0):
 PSYoungGen      total 37888K, used 5088K [0x00000000d6900000, 0x00000000db300000, 0x0000000100000000)
  eden space 32768K, 0% used [0x00000000d6900000,0x00000000d6900000,0x00000000d8900000)
  from space 5120K, 99% used [0x00000000d8900000,0x00000000d8df8050,0x00000000d8e00000)
  to   space 5120K, 0% used [0x00000000dae00000,0x00000000dae00000,0x00000000db300000)
 ParOldGen       total 86016K, used 1769K [0x0000000083a00000, 0x0000000088e00000, 0x00000000d6900000)
  object space 86016K, 2% used [0x0000000083a00000,0x0000000083bba5e0,0x0000000088e00000)
 Metaspace       used 8350K, capacity 8422K, committed 8448K, reserved 1056768K
  class space    used 1004K, capacity 1012K, committed 1024K, reserved 1048576K
}
Event: 5.220 GC heap before
{Heap before GC invocations=2 (full 0):
 PSYoungGen      total 37888K, used 33970K [0x00000000d6900000, 0x00000000db300000, 0x0000000100000000)
  eden space 32768K, 88% used [0x00000000d6900000,0x00000000d85347c8,0x00000000d8900000)
  from space 5120K, 99% used [0x00000000d8900000,0x00000000d8df8050,0x00000000d8e00000)
  to   space 5120K, 0% used [0x00000000dae00000,0x00000000dae00000,0x00000000db300000)
 ParOldGen       total 86016K, used 1769K [0x0000000083a00000, 0x0000000088e00000, 0x00000000d6900000)
  object space 86016K, 2% used [0x0000000083a00000,0x0000000083bba5e0,0x0000000088e00000)
 Metaspace       used 10248K, capacity 10412K, committed 10624K, reserved 1058816K
  class space    used 1237K, capacity 1319K, committed 1408K, reserved 1048576K
Event: 5.320 GC heap after
Heap after GC invocations=2 (full 0):
 PSYoungGen      total 70656K, used 5120K [0x00000000d6900000, 0x00000000db300000, 0x0000000100000000)
  eden space 65536K, 0% used [0x00000000d6900000,0x00000000d6900000,0x00000000da900000)
  from space 5120K, 100% used [0x00000000dae00000,0x00000000db300000,0x00000000db300000)
  to   space 5120K, 0% used [0x00000000da900000,0x00000000da900000,0x00000000dae00000)
 ParOldGen       total 86016K, used 7039K [0x0000000083a00000, 0x0000000088e00000, 0x00000000d6900000)
  object space 86016K, 8% used [0x0000000083a00000,0x00000000840dfd08,0x0000000088e00000)
 Metaspace       used 10248K, capacity 10412K, committed 10624K, reserved 1058816K
  class space    used 1237K, capacity 1319K, committed 1408K, reserved 1048576K
}
Event: 5.320 GC heap before
{Heap before GC invocations=3 (full 1):
 PSYoungGen      total 70656K, used 5120K [0x00000000d6900000, 0x00000000db300000, 0x0000000100000000)
  eden space 65536K, 0% used [0x00000000d6900000,0x00000000d6900000,0x00000000da900000)
  from space 5120K, 100% used [0x00000000dae00000,0x00000000db300000,0x00000000db300000)
  to   space 5120K, 0% used [0x00000000da900000,0x00000000da900000,0x00000000dae00000)
 ParOldGen       total 86016K, used 7039K [0x0000000083a00000, 0x0000000088e00000, 0x00000000d6900000)
  object space 86016K, 8% used [0x0000000083a00000,0x00000000840dfd08,0x0000000088e00000)
 Metaspace       used 10248K, capacity 10412K, committed 10624K, reserved 1058816K
  class space    used 1237K, capacity 1319K, committed 1408K, reserved 1048576K
Event: 5.624 GC heap after
Heap after GC invocations=3 (full 1):
 PSYoungGen      total 70656K, used 0K [0x00000000d6900000, 0x00000000db300000, 0x0000000100000000)
  eden space 65536K, 0% used [0x00000000d6900000,0x00000000d6900000,0x00000000da900000)
  from space 5120K, 0% used [0x00000000dae00000,0x00000000dae00000,0x00000000db300000)
  to   space 5120K, 0% used [0x00000000da900000,0x00000000da900000,0x00000000dae00000)
 ParOldGen       total 86016K, used 10660K [0x0000000083a00000, 0x0000000088e00000, 0x00000000d6900000)
  object space 86016K, 12% used [0x0000000083a00000,0x0000000084469040,0x0000000088e00000)
 Metaspace       used 10240K, capacity 10402K, committed 10624K, reserved 1058816K
  class space    used 1236K, capacity 1317K, committed 1408K, reserved 1048576K
}
Event: 116.960 GC heap before
{Heap before GC invocations=4 (full 1):
 PSYoungGen      total 70656K, used 65536K [0x00000000d6900000, 0x00000000db300000, 0x0000000100000000)
  eden space 65536K, 100% used [0x00000000d6900000,0x00000000da900000,0x00000000da900000)
  from space 5120K, 0% used [0x00000000dae00000,0x00000000dae00000,0x00000000db300000)
  to   space 5120K, 0% used [0x00000000da900000,0x00000000da900000,0x00000000dae00000)
 ParOldGen       total 86016K, used 10660K [0x0000000083a00000, 0x0000000088e00000, 0x00000000d6900000)
  object space 86016K, 12% used [0x0000000083a00000,0x0000000084469040,0x0000000088e00000)
 Metaspace       used 14607K, capacity 15088K, committed 15232K, reserved 1062912K
  class space    used 1658K, capacity 1794K, committed 1920K, reserved 1048576K

Deoptimization events (10 events):
Event: 110.203 Thread 0x0000000002385800 Uncommon trap: reason=unstable_if action=reinterpret pc=0x00007fc82d29b13c method=org.evosuite.runtime.InitializingListenerUtils.getClassNameFromResourcePath(Ljava/lang/String;)Ljava/lang/String; @ 22
Event: 112.103 Thread 0x0000000002385800 Uncommon trap: reason=unstable_if action=reinterpret pc=0x00007fc82d1e7430 method=java.lang.AbstractStringBuilder.append(Ljava/lang/String;)Ljava/lang/AbstractStringBuilder; @ 1
Event: 112.119 Thread 0x0000000002385800 Uncommon trap: reason=unstable_if action=reinterpret pc=0x00007fc82d1e7df8 method=java.lang.AbstractStringBuilder.append(Ljava/lang/String;)Ljava/lang/AbstractStringBuilder; @ 1
Event: 113.065 Thread 0x0000000002385800 Uncommon trap: reason=class_check action=maybe_recompile pc=0x00007fc82d2a4d74 method=java.util.HashMap.putVal(ILjava/lang/Object;Ljava/lang/Object;ZZ)Ljava/lang/Object; @ 203
Event: 113.065 Thread 0x0000000002385800 Uncommon trap: reason=class_check action=maybe_recompile pc=0x00007fc82d2a4d74 method=java.util.HashMap.putVal(ILjava/lang/Object;Ljava/lang/Object;ZZ)Ljava/lang/Object; @ 203
Event: 113.065 Thread 0x0000000002385800 Uncommon trap: reason=class_check action=maybe_recompile pc=0x00007fc82d2a4d74 method=java.util.HashMap.putVal(ILjava/lang/Object;Ljava/lang/Object;ZZ)Ljava/lang/Object; @ 203
Event: 113.108 Thread 0x0000000002385800 Uncommon trap: reason=class_check action=maybe_recompile pc=0x00007fc82d2a4d74 method=java.util.HashMap.putVal(ILjava/lang/Object;Ljava/lang/Object;ZZ)Ljava/lang/Object; @ 203
Event: 115.333 Thread 0x0000000002385800 Uncommon trap: reason=range_check action=make_not_entrant pc=0x00007fc82d4be1c8 method=org.evosuite.shaded.org.objectweb.asm.Type.getType([CI)Lorg/evosuite/shaded/org/objectweb/asm/Type; @ 162
Event: 116.472 Thread 0x0000000002385800 Uncommon trap: reason=unstable_if action=reinterpret pc=0x00007fc82d50ffc8 method=org.evosuite.shaded.org.objectweb.asm.Item.isEqualTo(Lorg/evosuite/shaded/org/objectweb/asm/Item;)Z @ 186
Event: 116.621 Thread 0x0000000002385800 Uncommon trap: reason=unstable_if action=reinterpret pc=0x00007fc82d5687b8 method=org.evosuite.shaded.org.objectweb.asm.Frame.merge(Lorg/evosuite/shaded/org/objectweb/asm/ClassWriter;I[II)Z @ 61

Classes redefined (0 events):
No events

Internal exceptions (10 events):
Event: 92.308 Thread 0x00007fc83c2b0800 Exception <a 'java/net/ConnectException'> (0x00000000d6fcaf38) thrown at [/HUDSON/workspace/8-2-build-linux-amd64/jdk8u181/11358/hotspot/src/share/vm/prims/jni.cpp, line 709]
Event: 102.266 Thread 0x00007fc83c2b2000 Exception <a 'java/net/ConnectException'> (0x00000000d6e83f28) thrown at [/HUDSON/workspace/8-2-build-linux-amd64/jdk8u181/11358/hotspot/src/share/vm/prims/jni.cpp, line 709]
Event: 102.293 Thread 0x00007fc83c2b4000 Exception <a 'java/net/ConnectException'> (0x00000000d6f27c28) thrown at [/HUDSON/workspace/8-2-build-linux-amd64/jdk8u181/11358/hotspot/src/share/vm/prims/jni.cpp, line 709]
Event: 102.309 Thread 0x00007fc83c2b0800 Exception <a 'java/net/ConnectException'> (0x00000000d6fcba60) thrown at [/HUDSON/workspace/8-2-build-linux-amd64/jdk8u181/11358/hotspot/src/share/vm/prims/jni.cpp, line 709]
Event: 109.711 Thread 0x0000000002385800 Exception <a 'java/lang/NoSuchMethodError': <clinit>> (0x00000000d75fe530) thrown at [/HUDSON/workspace/8-2-build-linux-amd64/jdk8u181/11358/hotspot/src/share/vm/prims/jni.cpp, line 1613]
Event: 112.103 Thread 0x0000000002385800 Implicit null exception at 0x00007fc82d1e7075 to 0x00007fc82d1e741d
Event: 112.119 Thread 0x0000000002385800 Implicit null exception at 0x00007fc82d1e7a36 to 0x00007fc82d1e7de1
Event: 112.267 Thread 0x00007fc83c2b2000 Exception <a 'java/net/ConnectException'> (0x00000000d6e84a50) thrown at [/HUDSON/workspace/8-2-build-linux-amd64/jdk8u181/11358/hotspot/src/share/vm/prims/jni.cpp, line 709]
Event: 112.317 Thread 0x00007fc83c2b4000 Exception <a 'java/net/ConnectException'> (0x00000000d6f28750) thrown at [/HUDSON/workspace/8-2-build-linux-amd64/jdk8u181/11358/hotspot/src/share/vm/prims/jni.cpp, line 709]
Event: 112.318 Thread 0x00007fc83c2b0800 Exception <a 'java/net/ConnectException'> (0x00000000d6fcc588) thrown at [/HUDSON/workspace/8-2-build-linux-amd64/jdk8u181/11358/hotspot/src/share/vm/prims/jni.cpp, line 709]

Events (10 events):
Event: 116.759 loading class org/evosuite/testcase/statements/AssignmentStatement$1 done
Event: 116.760 loading class org/evosuite/testcase/variable/ArrayIndex
Event: 116.760 loading class org/evosuite/testcase/variable/ArrayIndex done
Event: 116.896 loading class java/lang/ExceptionInInitializerError
Event: 116.914 loading class java/lang/ExceptionInInitializerError done
Event: 116.915 loading class org/evosuite/utils/generic/GenericField
Event: 116.915 loading class org/evosuite/utils/generic/GenericField done
Event: 116.931 Executing VM operation: RevokeBias
Event: 116.931 Executing VM operation: RevokeBias done
Event: 116.959 Executing VM operation: ParallelGCFailedAllocation


Dynamic libraries:
00400000-00401000 r-xp 00000000 08:01 1448396                            /usr/lib/jvm/jdk1.8.0_181/bin/java
00600000-00601000 rw-p 00000000 08:01 1448396                            /usr/lib/jvm/jdk1.8.0_181/bin/java
02383000-023a4000 rw-p 00000000 00:00 0                                  [heap]
83a00000-88e00000 rw-p 00000000 00:00 0 
88e00000-d6900000 ---p 00000000 00:00 0 
d6900000-db300000 rw-p 00000000 00:00 0 
df300000-100000000 ---p 00000000 00:00 0 
100000000-1001e0000 rw-p 00000000 00:00 0 
1001e0000-140000000 ---p 00000000 00:00 0 
7fc7e4000000-7fc7e4021000 rw-p 00000000 00:00 0 
7fc7e4021000-7fc7e8000000 ---p 00000000 00:00 0 
7fc7ec000000-7fc7ec021000 rw-p 00000000 00:00 0 
7fc7ec021000-7fc7f0000000 ---p 00000000 00:00 0 
7fc7f0000000-7fc7f0021000 rw-p 00000000 00:00 0 
7fc7f0021000-7fc7f4000000 ---p 00000000 00:00 0 
7fc7f4000000-7fc7f4021000 rw-p 00000000 00:00 0 
7fc7f4021000-7fc7f8000000 ---p 00000000 00:00 0 
7fc7f8000000-7fc7f8021000 rw-p 00000000 00:00 0 
7fc7f8021000-7fc7fc000000 ---p 00000000 00:00 0 
7fc7fe576000-7fc7fe676000 rw-p 00000000 00:00 0 
7fc7fe676000-7fc7fe776000 ---p 00000000 00:00 0 
7fc7fe776000-7fc7fe976000 rw-p 00000000 00:00 0 
7fc7fe976000-7fc7fe979000 ---p 00000000 00:00 0 
7fc7fe979000-7fc7fea77000 rw-p 00000000 00:00 0 
7fc7fea77000-7fc7fea7a000 ---p 00000000 00:00 0 
7fc7fea7a000-7fc7feb78000 rw-p 00000000 00:00 0 
7fc7feb78000-7fc7feb7b000 ---p 00000000 00:00 0 
7fc7feb7b000-7fc7fec79000 rw-p 00000000 00:00 0 
7fc7fec79000-7fc7fec7c000 ---p 00000000 00:00 0 
7fc7fec7c000-7fc7fed7a000 rw-p 00000000 00:00 0 
7fc7fed7a000-7fc7fed7d000 ---p 00000000 00:00 0 
7fc7fed7d000-7fc7fee7b000 rw-p 00000000 00:00 0 
7fc7fee7b000-7fc7fee7e000 ---p 00000000 00:00 0 
7fc7fee7e000-7fc7fef7c000 rw-p 00000000 00:00 0 
7fc7fef7c000-7fc7fef7f000 ---p 00000000 00:00 0 
7fc7fef7f000-7fc7ff07d000 rw-p 00000000 00:00 0 
7fc7ff07d000-7fc7ff080000 ---p 00000000 00:00 0 
7fc7ff080000-7fc7ff17e000 rw-p 00000000 00:00 0 
7fc7ff17e000-7fc7ff181000 ---p 00000000 00:00 0 
7fc7ff181000-7fc7ff27f000 rw-p 00000000 00:00 0 
7fc7ff27f000-7fc7ff282000 ---p 00000000 00:00 0 
7fc7ff282000-7fc7ff380000 rw-p 00000000 00:00 0 
7fc7ff380000-7fc7ff383000 ---p 00000000 00:00 0 
7fc7ff383000-7fc7ff481000 rw-p 00000000 00:00 0 
7fc7ff481000-7fc7ff484000 ---p 00000000 00:00 0 
7fc7ff484000-7fc7ff582000 rw-p 00000000 00:00 0 
7fc7ff582000-7fc7ff585000 ---p 00000000 00:00 0 
7fc7ff585000-7fc7ff683000 rw-p 00000000 00:00 0 
7fc7ff683000-7fc7ff686000 ---p 00000000 00:00 0 
7fc7ff686000-7fc7ff984000 rw-p 00000000 00:00 0 
7fc7ff984000-7fc7ffcfd000 r--s 0334d000 08:01 6767                       /home/whj/dowork/DiffTGen/extra_output/Closure_62_1-plausible_jaid/target/build/classes/all0.jar
7fc7ffcfd000-7fc7ffd00000 ---p 00000000 00:00 0 
7fc7ffd00000-7fc7ffdfe000 rw-p 00000000 00:00 0 
7fc7ffdfe000-7fc7ffe01000 ---p 00000000 00:00 0 
7fc7ffe01000-7fc7ffeff000 rw-p 00000000 00:00 0 
7fc7ffeff000-7fc7fff02000 ---p 00000000 00:00 0 
7fc7fff02000-7fc800000000 rw-p 00000000 00:00 0 
7fc800000000-7fc80079c000 rw-p 00000000 00:00 0 
7fc80079c000-7fc804000000 ---p 00000000 00:00 0 
7fc804000000-7fc804021000 rw-p 00000000 00:00 0 
7fc804021000-7fc808000000 ---p 00000000 00:00 0 
7fc808000000-7fc808021000 rw-p 00000000 00:00 0 
7fc808021000-7fc80c000000 ---p 00000000 00:00 0 
7fc80c000000-7fc80c661000 rw-p 00000000 00:00 0 
7fc80c661000-7fc810000000 ---p 00000000 00:00 0 
7fc810000000-7fc81003b000 rw-p 00000000 00:00 0 
7fc81003b000-7fc814000000 ---p 00000000 00:00 0 
7fc814000000-7fc814021000 rw-p 00000000 00:00 0 
7fc814021000-7fc818000000 ---p 00000000 00:00 0 
7fc8180f7000-7fc81b0f8000 rw-p 00000000 00:00 0 
7fc81b0f8000-7fc81b10e000 r-xp 00000000 08:01 2756237                    /usr/lib/jvm/jdk1.8.0_181/jre/lib/amd64/libnet.so
7fc81b10e000-7fc81b30e000 ---p 00016000 08:01 2756237                    /usr/lib/jvm/jdk1.8.0_181/jre/lib/amd64/libnet.so
7fc81b30e000-7fc81b30f000 rw-p 00016000 08:01 2756237                    /usr/lib/jvm/jdk1.8.0_181/jre/lib/amd64/libnet.so
7fc81b30f000-7fc81b540000 r--s 01bb1000 08:01 1706762                    /home/whj/dowork/DiffTGen/lib/evosuite-1.0.6.jar
7fc81b540000-7fc81b541000 ---p 00000000 00:00 0 
7fc81b541000-7fc81b641000 rw-p 00000000 00:00 0 
7fc81b641000-7fc81c000000 r--p 00000000 08:01 1316108                    /usr/lib/locale/locale-archive
7fc81c000000-7fc81c292000 rw-p 00000000 00:00 0 
7fc81c292000-7fc820000000 ---p 00000000 00:00 0 
7fc820000000-7fc82024d000 rw-p 00000000 00:00 0 
7fc82024d000-7fc824000000 ---p 00000000 00:00 0 
7fc8240cf000-7fc8240d2000 ---p 00000000 00:00 0 
7fc8240d2000-7fc828000000 rw-p 00000000 00:00 0 
7fc828000000-7fc828021000 rw-p 00000000 00:00 0 
7fc828021000-7fc82c000000 ---p 00000000 00:00 0 
7fc82c0f1000-7fc82c0f4000 ---p 00000000 00:00 0 
7fc82c0f4000-7fc82c1f2000 rw-p 00000000 00:00 0 
7fc82c1f2000-7fc82c1f5000 ---p 00000000 00:00 0 
7fc82c1f5000-7fc82c2f3000 rw-p 00000000 00:00 0 
7fc82c2f3000-7fc82c2f6000 ---p 00000000 00:00 0 
7fc82c2f6000-7fc82c3f4000 rw-p 00000000 00:00 0 
7fc82c3f4000-7fc82c3f7000 ---p 00000000 00:00 0 
7fc82c3f7000-7fc82c4f5000 rw-p 00000000 00:00 0 
7fc82c4f5000-7fc82c4f8000 ---p 00000000 00:00 0 
7fc82c4f8000-7fc82c5f6000 rw-p 00000000 00:00 0 
7fc82c5f6000-7fc82c5f7000 ---p 00000000 00:00 0 
7fc82c5f7000-7fc82d000000 rw-p 00000000 00:00 0 
7fc82d000000-7fc82d5b0000 rwxp 00000000 00:00 0 
7fc82d5b0000-7fc83c000000 ---p 00000000 00:00 0 
7fc83c000000-7fc83c48c000 rw-p 00000000 00:00 0 
7fc83c48c000-7fc840000000 ---p 00000000 00:00 0 
7fc84000b000-7fc84001e000 r--s 00345000 08:01 2756119                    /usr/lib/jvm/jdk1.8.0_181/jre/lib/resources.jar
7fc84001e000-7fc84003a000 r--s 00393000 08:01 2756136                    /usr/lib/jvm/jdk1.8.0_181/jre/lib/ext/cldrdata.jar
7fc84003a000-7fc84003d000 ---p 00000000 00:00 0 
7fc84003d000-7fc840073000 rw-p 00000000 00:00 0 
7fc840073000-7fc8400ec000 r--s 010f9000 08:01 1448503                    /usr/lib/jvm/jdk1.8.0_181/lib/tools.jar
7fc8400ec000-7fc8402c6000 r--s 03d6b000 08:01 2756084                    /usr/lib/jvm/jdk1.8.0_181/jre/lib/rt.jar
7fc8402c6000-7fc840f1f000 rw-p 00000000 00:00 0 
7fc840f1f000-7fc840f20000 ---p 00000000 00:00 0 
7fc840f20000-7fc841020000 rw-p 00000000 00:00 0 
7fc841020000-7fc841021000 ---p 00000000 00:00 0 
7fc841021000-7fc84114b000 rw-p 00000000 00:00 0 
7fc84114b000-7fc8413b9000 ---p 00000000 00:00 0 
7fc8413b9000-7fc8413e3000 rw-p 00000000 00:00 0 
7fc8413e3000-7fc841650000 ---p 00000000 00:00 0 
7fc841650000-7fc841676000 rw-p 00000000 00:00 0 
7fc841676000-7fc84179c000 ---p 00000000 00:00 0 
7fc84179c000-7fc8417b4000 rw-p 00000000 00:00 0 
7fc8417b4000-7fc841b5d000 ---p 00000000 00:00 0 
7fc841b5d000-7fc841b78000 r-xp 00000000 08:01 2756233                    /usr/lib/jvm/jdk1.8.0_181/jre/lib/amd64/libzip.so
7fc841b78000-7fc841d78000 ---p 0001b000 08:01 2756233                    /usr/lib/jvm/jdk1.8.0_181/jre/lib/amd64/libzip.so
7fc841d78000-7fc841d79000 rw-p 0001b000 08:01 2756233                    /usr/lib/jvm/jdk1.8.0_181/jre/lib/amd64/libzip.so
7fc841d79000-7fc841d84000 r-xp 00000000 08:01 1054188                    /lib/x86_64-linux-gnu/libnss_files-2.23.so
7fc841d84000-7fc841f83000 ---p 0000b000 08:01 1054188                    /lib/x86_64-linux-gnu/libnss_files-2.23.so
7fc841f83000-7fc841f84000 r--p 0000a000 08:01 1054188                    /lib/x86_64-linux-gnu/libnss_files-2.23.so
7fc841f84000-7fc841f85000 rw-p 0000b000 08:01 1054188                    /lib/x86_64-linux-gnu/libnss_files-2.23.so
7fc841f85000-7fc841f8b000 rw-p 00000000 00:00 0 
7fc841f8b000-7fc841f96000 r-xp 00000000 08:01 1054198                    /lib/x86_64-linux-gnu/libnss_nis-2.23.so
7fc841f96000-7fc842195000 ---p 0000b000 08:01 1054198                    /lib/x86_64-linux-gnu/libnss_nis-2.23.so
7fc842195000-7fc842196000 r--p 0000a000 08:01 1054198                    /lib/x86_64-linux-gnu/libnss_nis-2.23.so
7fc842196000-7fc842197000 rw-p 0000b000 08:01 1054198                    /lib/x86_64-linux-gnu/libnss_nis-2.23.so
7fc842197000-7fc8421ad000 r-xp 00000000 08:01 1054182                    /lib/x86_64-linux-gnu/libnsl-2.23.so
7fc8421ad000-7fc8423ac000 ---p 00016000 08:01 1054182                    /lib/x86_64-linux-gnu/libnsl-2.23.so
7fc8423ac000-7fc8423ad000 r--p 00015000 08:01 1054182                    /lib/x86_64-linux-gnu/libnsl-2.23.so
7fc8423ad000-7fc8423ae000 rw-p 00016000 08:01 1054182                    /lib/x86_64-linux-gnu/libnsl-2.23.so
7fc8423ae000-7fc8423b0000 rw-p 00000000 00:00 0 
7fc8423b0000-7fc8423b8000 r-xp 00000000 08:01 1054184                    /lib/x86_64-linux-gnu/libnss_compat-2.23.so
7fc8423b8000-7fc8425b7000 ---p 00008000 08:01 1054184                    /lib/x86_64-linux-gnu/libnss_compat-2.23.so
7fc8425b7000-7fc8425b8000 r--p 00007000 08:01 1054184                    /lib/x86_64-linux-gnu/libnss_compat-2.23.so
7fc8425b8000-7fc8425b9000 rw-p 00008000 08:01 1054184                    /lib/x86_64-linux-gnu/libnss_compat-2.23.so
7fc8425b9000-7fc8425e4000 r-xp 00000000 08:01 2756227                    /usr/lib/jvm/jdk1.8.0_181/jre/lib/amd64/libjava.so
7fc8425e4000-7fc8427e3000 ---p 0002b000 08:01 2756227                    /usr/lib/jvm/jdk1.8.0_181/jre/lib/amd64/libjava.so
7fc8427e3000-7fc8427e5000 rw-p 0002a000 08:01 2756227                    /usr/lib/jvm/jdk1.8.0_181/jre/lib/amd64/libjava.so
7fc8427e5000-7fc8427f2000 r-xp 00000000 08:01 2756232                    /usr/lib/jvm/jdk1.8.0_181/jre/lib/amd64/libverify.so
7fc8427f2000-7fc8429f2000 ---p 0000d000 08:01 2756232                    /usr/lib/jvm/jdk1.8.0_181/jre/lib/amd64/libverify.so
7fc8429f2000-7fc8429f4000 rw-p 0000d000 08:01 2756232                    /usr/lib/jvm/jdk1.8.0_181/jre/lib/amd64/libverify.so
7fc8429f4000-7fc8429fb000 r-xp 00000000 08:01 1054243                    /lib/x86_64-linux-gnu/librt-2.23.so
7fc8429fb000-7fc842bfa000 ---p 00007000 08:01 1054243                    /lib/x86_64-linux-gnu/librt-2.23.so
7fc842bfa000-7fc842bfb000 r--p 00006000 08:01 1054243                    /lib/x86_64-linux-gnu/librt-2.23.so
7fc842bfb000-7fc842bfc000 rw-p 00007000 08:01 1054243                    /lib/x86_64-linux-gnu/librt-2.23.so
7fc842bfc000-7fc842d04000 r-xp 00000000 08:01 1054159                    /lib/x86_64-linux-gnu/libm-2.23.so
7fc842d04000-7fc842f03000 ---p 00108000 08:01 1054159                    /lib/x86_64-linux-gnu/libm-2.23.so
7fc842f03000-7fc842f04000 r--p 00107000 08:01 1054159                    /lib/x86_64-linux-gnu/libm-2.23.so
7fc842f04000-7fc842f05000 rw-p 00108000 08:01 1054159                    /lib/x86_64-linux-gnu/libm-2.23.so
7fc842f05000-7fc843be1000 r-xp 00000000 08:01 2756209                    /usr/lib/jvm/jdk1.8.0_181/jre/lib/amd64/server/libjvm.so
7fc843be1000-7fc843de1000 ---p 00cdc000 08:01 2756209                    /usr/lib/jvm/jdk1.8.0_181/jre/lib/amd64/server/libjvm.so
7fc843de1000-7fc843ebb000 rw-p 00cdc000 08:01 2756209                    /usr/lib/jvm/jdk1.8.0_181/jre/lib/amd64/server/libjvm.so
7fc843ebb000-7fc843f06000 rw-p 00000000 00:00 0 
7fc843f06000-7fc8440c6000 r-xp 00000000 08:01 1054089                    /lib/x86_64-linux-gnu/libc-2.23.so
7fc8440c6000-7fc8442c6000 ---p 001c0000 08:01 1054089                    /lib/x86_64-linux-gnu/libc-2.23.so
7fc8442c6000-7fc8442ca000 r--p 001c0000 08:01 1054089                    /lib/x86_64-linux-gnu/libc-2.23.so
7fc8442ca000-7fc8442cc000 rw-p 001c4000 08:01 1054089                    /lib/x86_64-linux-gnu/libc-2.23.so
7fc8442cc000-7fc8442d0000 rw-p 00000000 00:00 0 
7fc8442d0000-7fc8442d3000 r-xp 00000000 08:01 1054113                    /lib/x86_64-linux-gnu/libdl-2.23.so
7fc8442d3000-7fc8444d2000 ---p 00003000 08:01 1054113                    /lib/x86_64-linux-gnu/libdl-2.23.so
7fc8444d2000-7fc8444d3000 r--p 00002000 08:01 1054113                    /lib/x86_64-linux-gnu/libdl-2.23.so
7fc8444d3000-7fc8444d4000 rw-p 00003000 08:01 1054113                    /lib/x86_64-linux-gnu/libdl-2.23.so
7fc8444d4000-7fc8444ea000 r-xp 00000000 08:01 1449032                    /usr/lib/jvm/jdk1.8.0_181/lib/amd64/jli/libjli.so
7fc8444ea000-7fc8446e9000 ---p 00016000 08:01 1449032                    /usr/lib/jvm/jdk1.8.0_181/lib/amd64/jli/libjli.so
7fc8446e9000-7fc8446ea000 rw-p 00015000 08:01 1449032                    /usr/lib/jvm/jdk1.8.0_181/lib/amd64/jli/libjli.so
7fc8446ea000-7fc844702000 r-xp 00000000 08:01 1054235                    /lib/x86_64-linux-gnu/libpthread-2.23.so
7fc844702000-7fc844901000 ---p 00018000 08:01 1054235                    /lib/x86_64-linux-gnu/libpthread-2.23.so
7fc844901000-7fc844902000 r--p 00017000 08:01 1054235                    /lib/x86_64-linux-gnu/libpthread-2.23.so
7fc844902000-7fc844903000 rw-p 00018000 08:01 1054235                    /lib/x86_64-linux-gnu/libpthread-2.23.so
7fc844903000-7fc844907000 rw-p 00000000 00:00 0 
7fc844907000-7fc84492d000 r-xp 00000000 08:01 1054061                    /lib/x86_64-linux-gnu/ld-2.23.so
7fc844933000-7fc84493d000 r--s 00116000 08:01 2756143                    /usr/lib/jvm/jdk1.8.0_181/jre/lib/ext/localedata.jar
7fc84493d000-7fc844a0e000 rw-p 00000000 00:00 0 
7fc844a0e000-7fc844a11000 ---p 00000000 00:00 0 
7fc844a11000-7fc844b14000 rw-p 00000000 00:00 0 
7fc844b14000-7fc844b19000 r--s 0009d000 08:01 2756133                    /usr/lib/jvm/jdk1.8.0_181/jre/lib/jsse.jar
7fc844b19000-7fc844b21000 r--s 0006e000 08:01 2248917                    /home/whj/dowork/DiffTGen/lib/commons-lang3-3.5.jar
7fc844b21000-7fc844b22000 r--s 00000000 08:01 2248922                    /home/whj/dowork/DiffTGen/lib/myprinter.jar
7fc844b22000-7fc844b2a000 rw-s 00000000 08:01 1984683                    /tmp/hsperfdata_whj/48492
7fc844b2a000-7fc844b2b000 rw-p 00000000 00:00 0 
7fc844b2b000-7fc844b2c000 ---p 00000000 00:00 0 
7fc844b2c000-7fc844b2d000 r--p 00025000 08:01 1054061                    /lib/x86_64-linux-gnu/ld-2.23.so
7fc844b2d000-7fc844b2e000 rw-p 00026000 08:01 1054061                    /lib/x86_64-linux-gnu/ld-2.23.so
7fc844b2e000-7fc844b2f000 rw-p 00000000 00:00 0 
7ffc8127f000-7ffc812a1000 rw-p 00000000 00:00 0                          [stack]
7ffc813b7000-7ffc813ba000 r--p 00000000 00:00 0                          [vvar]
7ffc813ba000-7ffc813bc000 r-xp 00000000 00:00 0                          [vdso]
ffffffffff600000-ffffffffff601000 r-xp 00000000 00:00 0                  [vsyscall]

VM Arguments:
java_command: /home/whj/dowork/DiffTGen/lib/evosuite-1.0.6.jar -base_dir /home/whj/dowork/DiffTGen/extra_output/Closure_62_1-plausible_jaid/target/0/15 -projectCP /home/whj/dowork/DiffTGen/extra_output/Closure_62_1-plausible_jaid/target/build/classes/all0.jar:/home/whj/dowork/DiffTGen/lib/myprinter.jar:/home/whj/dowork/DiffTGen/lib/commons-lang3-3.5.jar -class com.google.javascript.jscomp.LightweightMessageFormatter -Dassertions=false -Dsearch_budget=60
java_class_path (initial): /home/whj/dowork/DiffTGen/lib/evosuite-1.0.6.jar
Launcher Type: SUN_STANDARD

Environment Variables:
JAVA_HOME=/usr/lib/jvm/jdk1.8.0_181
JRE_HOME=/usr/lib/jvm/jdk1.8.0_181/jre
CLASSPATH=.:/usr/lib/jvm/jdk1.8.0_181/lib:/usr/lib/jvm/jdk1.8.0_181/jre/lib
PATH=/home/whj/perl5/bin:/home/whj/dowork/defects4j-1.2.0/framework/bin:/usr/lib/jvm/jdk1.8.0_181/bin:/usr/lib/jvm/jdk1.8.0_181/jre/bin:/home/whj/bin:/home/whj/.local/bin:/usr/local/sbin:/usr/local/bin:/usr/sbin:/usr/bin:/sbin:/bin:/usr/games:/usr/local/games" :/snap/bin:/home/whj/bin
SHELL=/bin/bash
DISPLAY=:0

Signal Handlers:
SIGSEGV: [libjvm.so+0xad2a40], sa_mask[0]=11111111011111111101111111111110, sa_flags=SA_RESTART|SA_SIGINFO
SIGBUS: [libjvm.so+0xad2a40], sa_mask[0]=11111111011111111101111111111110, sa_flags=SA_RESTART|SA_SIGINFO
SIGFPE: [libjvm.so+0x92a610], sa_mask[0]=11111111011111111101111111111110, sa_flags=SA_RESTART|SA_SIGINFO
SIGPIPE: [libjvm.so+0x92a610], sa_mask[0]=11111111011111111101111111111110, sa_flags=SA_RESTART|SA_SIGINFO
SIGXFSZ: [libjvm.so+0x92a610], sa_mask[0]=11111111011111111101111111111110, sa_flags=SA_RESTART|SA_SIGINFO
SIGILL: [libjvm.so+0x92a610], sa_mask[0]=11111111011111111101111111111110, sa_flags=SA_RESTART|SA_SIGINFO
SIGUSR1: SIG_DFL, sa_mask[0]=00000000000000000000000000000000, sa_flags=none
SIGUSR2: [libjvm.so+0x92be70], sa_mask[0]=00100000000000000000000000000000, sa_flags=SA_RESTART|SA_SIGINFO
SIGHUP: [libjvm.so+0x92d270], sa_mask[0]=11111111011111111101111111111110, sa_flags=SA_RESTART|SA_SIGINFO
SIGINT: [libjvm.so+0x92d270], sa_mask[0]=11111111011111111101111111111110, sa_flags=SA_RESTART|SA_SIGINFO
SIGTERM: [libjvm.so+0x92d270], sa_mask[0]=11111111011111111101111111111110, sa_flags=SA_RESTART|SA_SIGINFO
SIGQUIT: [libjvm.so+0x92d270], sa_mask[0]=11111111011111111101111111111110, sa_flags=SA_RESTART|SA_SIGINFO


---------------  S Y S T E M  ---------------

OS:DISTRIB_ID=Ubuntu
DISTRIB_RELEASE=16.04
DISTRIB_CODENAME=xenial
DISTRIB_DESCRIPTION="Ubuntu 16.04.6 LTS"

uname:Linux 4.15.0-91-generic #92~16.04.1-Ubuntu SMP Fri Feb 28 14:57:22 UTC 2020 x86_64
libc:glibc 2.23 NPTL 2.23 
rlimit: STACK 8192k, CORE 0k, NPROC 31576, NOFILE 1048576, AS infinity
load average:18.41 15.74 12.75

/proc/meminfo:
MemTotal:        8144704 kB
MemFree:          103028 kB
MemAvailable:          0 kB
Buffers:             292 kB
Cached:             6140 kB
SwapCached:          232 kB
Active:          6740720 kB
Inactive:         845576 kB
Active(anon):    6737676 kB
Inactive(anon):   842316 kB
Active(file):       3044 kB
Inactive(file):     3260 kB
Unevictable:          32 kB
Mlocked:              32 kB
SwapTotal:        998396 kB
SwapFree:              0 kB
Dirty:                68 kB
Writeback:           192 kB
AnonPages:       7579716 kB
Mapped:             4396 kB
Shmem:                 8 kB
Slab:              95572 kB
SReclaimable:      32188 kB
SUnreclaim:        63384 kB
KernelStack:       16256 kB
PageTables:        48416 kB
NFS_Unstable:          0 kB
Bounce:                0 kB
WritebackTmp:          0 kB
CommitLimit:     5070748 kB
Committed_AS:   15157144 kB
VmallocTotal:   34359738367 kB
VmallocUsed:           0 kB
VmallocChunk:          0 kB
HardwareCorrupted:     0 kB
AnonHugePages:         0 kB
ShmemHugePages:        0 kB
ShmemPmdMapped:        0 kB
CmaTotal:              0 kB
CmaFree:               0 kB
HugePages_Total:       0
HugePages_Free:        0
HugePages_Rsvd:        0
HugePages_Surp:        0
Hugepagesize:       2048 kB
DirectMap4k:      143168 kB
DirectMap2M:     8245248 kB
DirectMap1G:     2097152 kB


CPU:total 2 (initial active 2) (2 cores per cpu, 1 threads per core) family 6 model 158 stepping 10, cmov, cx8, fxsr, mmx, sse, sse2, sse3, ssse3, sse4.1, sse4.2, popcnt, avx, avx2, aes, clmul, erms, 3dnowpref, lzcnt, tsc, tscinvbit, bmi1, bmi2, adx

/proc/cpuinfo:
processor	: 0
vendor_id	: GenuineIntel
cpu family	: 6
model		: 158
model name	: Intel(R) Core(TM) i7-8750H CPU @ 2.20GHz
stepping	: 10
microcode	: 0x96
cpu MHz		: 2207.999
cache size	: 9216 KB
physical id	: 0
siblings	: 2
core id		: 0
cpu cores	: 2
apicid		: 0
initial apicid	: 0
fpu		: yes
fpu_exception	: yes
cpuid level	: 22
wp		: yes
flags		: fpu vme de pse tsc msr pae mce cx8 apic sep mtrr pge mca cmov pat pse36 clflush mmx fxsr sse sse2 ss ht syscall nx pdpe1gb rdtscp lm constant_tsc arch_perfmon nopl xtopology tsc_reliable nonstop_tsc cpuid pni pclmulqdq ssse3 fma cx16 pcid sse4_1 sse4_2 x2apic movbe popcnt tsc_deadline_timer aes xsave avx f16c rdrand hypervisor lahf_lm abm 3dnowprefetch cpuid_fault invpcid_single pti ssbd ibrs ibpb stibp fsgsbase tsc_adjust bmi1 avx2 smep bmi2 invpcid rdseed adx smap xsaveopt arat flush_l1d arch_capabilities
bugs		: cpu_meltdown spectre_v1 spectre_v2 spec_store_bypass l1tf mds swapgs itlb_multihit
bogomips	: 4415.99
clflush size	: 64
cache_alignment	: 64
address sizes	: 42 bits physical, 48 bits virtual
power management:

processor	: 1
vendor_id	: GenuineIntel
cpu family	: 6
model		: 158
model name	: Intel(R) Core(TM) i7-8750H CPU @ 2.20GHz
stepping	: 10
microcode	: 0x96
cpu MHz		: 2207.999
cache size	: 9216 KB
physical id	: 0
siblings	: 2
core id		: 1
cpu cores	: 2
apicid		: 1
initial apicid	: 1
fpu		: yes
fpu_exception	: yes
cpuid level	: 22
wp		: yes
flags		: fpu vme de pse tsc msr pae mce cx8 apic sep mtrr pge mca cmov pat pse36 clflush mmx fxsr sse sse2 ss ht syscall nx pdpe1gb rdtscp lm constant_tsc arch_perfmon nopl xtopology tsc_reliable nonstop_tsc cpuid pni pclmulqdq ssse3 fma cx16 pcid sse4_1 sse4_2 x2apic movbe popcnt tsc_deadline_timer aes xsave avx f16c rdrand hypervisor lahf_lm abm 3dnowprefetch cpuid_fault invpcid_single pti ssbd ibrs ibpb stibp fsgsbase tsc_adjust bmi1 avx2 smep bmi2 invpcid rdseed adx smap xsaveopt arat flush_l1d arch_capabilities
bugs		: cpu_meltdown spectre_v1 spectre_v2 spec_store_bypass l1tf mds swapgs itlb_multihit
bogomips	: 4415.99
clflush size	: 64
cache_alignment	: 64
address sizes	: 42 bits physical, 48 bits virtual
power management:



Memory: 4k page, physical 8144704k(103028k free), swap 998396k(0k free)

vm_info: Java HotSpot(TM) 64-Bit Server VM (25.181-b13) for linux-amd64 JRE (1.8.0_181-b13), built on Jul  7 2018 00:56:38 by "java_re" with gcc 4.3.0 20080428 (Red Hat 4.3.0-8)

time: Sat Mar 28 19:40:54 2020
elapsed time: 118 seconds (0d 0h 1m 58s)

