#
# There is insufficient memory for the Java Runtime Environment to continue.
# Native memory allocation (mmap) failed to map 65536 bytes for committing reserved memory.
# Possible reasons:
#   The system is out of physical RAM or swap space
#   In 32 bit mode, the process size limit was hit
# Possible solutions:
#   Reduce memory load on the system
#   Increase physical memory or swap space
#   Check if swap backing store is full
#   Use 64 bit Java on a 64 bit OS
#   Decrease Java heap size (-Xmx/-Xms)
#   Decrease number of Java threads
#   Decrease Java thread stack sizes (-Xss)
#   Set larger code cache with -XX:ReservedCodeCacheSize=
# This output file may be truncated or incomplete.
#
#  Out of Memory Error (os_linux.cpp:2640), pid=55143, tid=0x00007f7e1d069700
#
# JRE version: Java(TM) SE Runtime Environment (8.0_181-b13) (build 1.8.0_181-b13)
# Java VM: Java HotSpot(TM) 64-Bit Server VM (25.181-b13 mixed mode linux-amd64 compressed oops)
# Failed to write core dump. Core dumps have been disabled. To enable core dumping, try "ulimit -c unlimited" before starting Java again
#

---------------  T H R E A D  ---------------

Current thread (0x00007f7e3413f000):  JavaThread "C1 CompilerThread1" daemon [_thread_in_vm, id=55228, stack(0x00007f7e1cf69000,0x00007f7e1d06a000)]

Stack: [0x00007f7e1cf69000,0x00007f7e1d06a000],  sp=0x00007f7e1d067e90,  free space=1019k
Native frames: (J=compiled Java code, j=interpreted, Vv=VM code, C=native code)
V  [libjvm.so+0xad21aa]  VMError::report_and_die()+0x2ba
V  [libjvm.so+0x5022db]  report_vm_out_of_memory(char const*, int, unsigned long, VMErrorType, char const*)+0x8b
V  [libjvm.so+0x92fe33]  os::Linux::commit_memory_impl(char*, unsigned long, bool)+0x123
V  [libjvm.so+0x930059]  os::pd_commit_memory(char*, unsigned long, unsigned long, bool)+0x29
V  [libjvm.so+0x9272ba]  os::commit_memory(char*, unsigned long, unsigned long, bool)+0x2a
V  [libjvm.so+0xacde89]  VirtualSpace::expand_by(unsigned long, bool)+0x199
V  [libjvm.so+0x621ffc]  CodeHeap::expand_by(unsigned long)+0x8c
V  [libjvm.so+0x4860c0]  CodeCache::allocate(int, bool)+0x60
V  [libjvm.so+0x8f49dc]  nmethod::new_nmethod(methodHandle, int, int, CodeOffsets*, int, DebugInformationRecorder*, Dependencies*, CodeBuffer*, int, OopMapSet*, ExceptionHandlerTable*, ImplicitExceptionTable*, AbstractCompiler*, int)+0x1fc
V  [libjvm.so+0x41a0bb]  ciEnv::register_method(ciMethod*, int, CodeOffsets*, int, CodeBuffer*, int, OopMapSet*, ExceptionHandlerTable*, ImplicitExceptionTable*, AbstractCompiler*, int, bool, bool, RTMState)+0x42b
V  [libjvm.so+0x35c2e9]  Compilation::install_code(int)+0xc9
V  [libjvm.so+0x35d7dc]  Compilation::compile_method()+0xec
V  [libjvm.so+0x35daae]  Compilation::Compilation(AbstractCompiler*, ciEnv*, ciMethod*, int, BufferBlob*)+0x25e
V  [libjvm.so+0x35e869]  Compiler::compile_method(ciEnv*, ciMethod*, int)+0xa9
V  [libjvm.so+0x4b5a5a]  CompileBroker::invoke_compiler_on_method(CompileTask*)+0xcba
V  [libjvm.so+0x4b6a06]  CompileBroker::compiler_thread_loop()+0x5d6
V  [libjvm.so+0xa813f3]  JavaThread::thread_main_inner()+0x103
V  [libjvm.so+0xa8153c]  JavaThread::run()+0x11c
V  [libjvm.so+0x930198]  java_start(Thread*)+0x108
C  [libpthread.so.0+0x76ba]  start_thread+0xca


Current CompileTask:
C1: 102608 1455       3       java.lang.Class::getCanonicalName (102 bytes)


---------------  P R O C E S S  ---------------

Java Threads: ( => current thread )
  0x0000000001318800 JavaThread "RMI TCP Connection(4)-127.0.0.1" daemon [_thread_in_native, id=55561, stack(0x00007f7e141b8000,0x00007f7e142b9000)]
  0x00007f7e00038800 JavaThread "RMI Scheduler(0)" daemon [_thread_blocked, id=55556, stack(0x00007f7e142b9000,0x00007f7e143ba000)]
  0x00007f7e00035000 JavaThread "RMI RenewClean-[127.0.0.1:20177]" daemon [_thread_blocked, id=55523, stack(0x00007f7e143ba000,0x00007f7e144bb000)]
  0x00007f7de4001800 JavaThread "RMI TCP Connection(5)-127.0.0.1" daemon [_thread_blocked, id=55512, stack(0x00007f7e144bb000,0x00007f7e145bc000)]
  0x00007f7dec005000 JavaThread "pool-3-thread-3" [_thread_in_native, id=55457, stack(0x00007f7e145bc000,0x00007f7e146bd000)]
  0x00007f7dec003800 JavaThread "pool-3-thread-2" [_thread_in_native, id=55454, stack(0x00007f7e146bd000,0x00007f7e147be000)]
  0x00007f7dec002800 JavaThread "pool-3-thread-1" [_thread_in_native, id=55452, stack(0x00007f7e147be000,0x00007f7e148bf000)]
  0x00007f7e34414000 JavaThread "Thread-3" [_thread_blocked, id=55314, stack(0x00007f7e148bf000,0x00007f7e149c0000)]
  0x00007f7e34412800 JavaThread "Thread-2" [_thread_blocked, id=55311, stack(0x00007f7e149c0000,0x00007f7e14ac1000)]
  0x00007f7e34411000 JavaThread "process reaper" daemon [_thread_in_native, id=55307, stack(0x00007f7e14ac1000,0x00007f7e14afa000)]
  0x00007f7e3440d000 JavaThread "pool-2-thread-1" [_thread_in_native, id=55277, stack(0x00007f7e14afa000,0x00007f7e14bfb000)]
  0x00007f7e3440b000 JavaThread "GC Daemon" daemon [_thread_blocked, id=55274, stack(0x00007f7e14bfb000,0x00007f7e14cfc000)]
  0x00007f7e34406000 JavaThread "RMI Reaper" [_thread_blocked, id=55271, stack(0x00007f7e14cfc000,0x00007f7e14dfd000)]
  0x00007f7e343ff000 JavaThread "RMI TCP Accept-13999" daemon [_thread_in_native, id=55264, stack(0x00007f7e14dfd000,0x00007f7e14efe000)]
  0x00007f7e343f8000 JavaThread "RMI TCP Accept-3940" daemon [_thread_in_native, id=55261, stack(0x00007f7e14efe000,0x00007f7e14fff000)]
  0x00007f7e3429b800 JavaThread "logback-3" daemon [_thread_blocked, id=55244, stack(0x00007f7e1c61c000,0x00007f7e1c71d000)]
  0x00007f7e3429a000 JavaThread "logback-2" daemon [_thread_blocked, id=55241, stack(0x00007f7e1c71d000,0x00007f7e1c81e000)]
  0x00007f7e34298800 JavaThread "logback-1" daemon [_thread_blocked, id=55238, stack(0x00007f7e1c81e000,0x00007f7e1c91f000)]
  0x00007f7e3414c000 JavaThread "Service Thread" daemon [_thread_blocked, id=55232, stack(0x00007f7e1ce68000,0x00007f7e1cf69000)]
=>0x00007f7e3413f000 JavaThread "C1 CompilerThread1" daemon [_thread_in_vm, id=55228, stack(0x00007f7e1cf69000,0x00007f7e1d06a000)]
  0x00007f7e3413c000 JavaThread "C2 CompilerThread0" daemon [_thread_blocked, id=55227, stack(0x00007f7e1d06a000,0x00007f7e1d16b000)]
  0x00007f7e3413a800 JavaThread "Signal Dispatcher" daemon [_thread_blocked, id=55223, stack(0x00007f7e1d16b000,0x00007f7e1d26c000)]
  0x00007f7e34107800 JavaThread "Finalizer" daemon [_thread_blocked, id=55202, stack(0x00007f7e1dc2b000,0x00007f7e1dd2c000)]
  0x00007f7e34105000 JavaThread "Reference Handler" daemon [_thread_blocked, id=55198, stack(0x00007f7e1dd2c000,0x00007f7e1de2d000)]
  0x00007f7e3400a800 JavaThread "main" [_thread_in_native, id=55149, stack(0x00007f7e39f97000,0x00007f7e3a098000)]

Other Threads:
  0x00007f7e340fb800 VMThread [stack: 0x00007f7e1de2d000,0x00007f7e1df2e000] [id=55192]
  0x00007f7e34151000 WatcherThread [stack: 0x00007f7e1cd67000,0x00007f7e1ce68000] [id=55235]

VM state:synchronizing (normal execution)

VM Mutex/Monitor currently owned by a thread:  ([mutex/lock_event])
[0x00007f7e34006020] CodeCache_lock - owner thread: 0x00007f7e3413f000
[0x00007f7e34006ca0] Threads_lock - owner thread: 0x00007f7e340fb800
[0x00007f7e340076a0] Compile_lock - owner thread: 0x00007f7e3413f000
[0x00007f7e340077a0] MethodCompileQueue_lock - owner thread: 0x00007f7e3413f000

Heap:
 PSYoungGen      total 70656K, used 35622K [0x00000000d6900000, 0x00000000db300000, 0x0000000100000000)
  eden space 65536K, 54% used [0x00000000d6900000,0x00000000d8bc9920,0x00000000da900000)
  from space 5120K, 0% used [0x00000000dae00000,0x00000000dae00000,0x00000000db300000)
  to   space 5120K, 0% used [0x00000000da900000,0x00000000da900000,0x00000000dae00000)
 ParOldGen       total 86016K, used 10660K [0x0000000083a00000, 0x0000000088e00000, 0x00000000d6900000)
  object space 86016K, 12% used [0x0000000083a00000,0x0000000084469358,0x0000000088e00000)
 Metaspace       used 13910K, capacity 14332K, committed 14592K, reserved 1062912K
  class space    used 1616K, capacity 1749K, committed 1792K, reserved 1048576K

Card table byte_map: [0x00007f7e237bd000,0x00007f7e23ba1000] byte_map_base: 0x00007f7e233a0000

Marking Bits: (ParMarkBitMap*) 0x00007f7e394620a0
 Begin Bits: [0x00007f7e1f5f4000, 0x00007f7e2150c000)
 End Bits:   [0x00007f7e2150c000, 0x00007f7e23424000)

Polling page: 0x00007f7e3a0b4000

CodeCache: size=245760Kb used=4662Kb max_used=4662Kb free=241097Kb
 bounds [0x00007f7e23f61000, 0x00007f7e243f1000, 0x00007f7e32f61000]
 total_blobs=1764 nmethods=1412 adapters=264
 compilation: enabled

Compilation events (10 events):
Event: 101.399 Thread 0x00007f7e3413f000 nmethod 1446 0x00007f7e243ed810 code [0x00007f7e243ed9a0, 0x00007f7e243edc88]
Event: 101.399 Thread 0x00007f7e3413f000 1449       3       org.evosuite.shaded.org.objectweb.asm.MethodWriter::visitLabel (321 bytes)
Event: 101.406 Thread 0x00007f7e3413f000 nmethod 1449 0x00007f7e243edf50 code [0x00007f7e243ee120, 0x00007f7e243eea88]
Event: 101.406 Thread 0x00007f7e3413f000 1451       3       org.evosuite.shaded.org.objectweb.asm.ClassWriter::newMethodItem (91 bytes)
Event: 101.407 Thread 0x00007f7e3413f000 nmethod 1451 0x00007f7e243eed50 code [0x00007f7e243eef40, 0x00007f7e243ef798]
Event: 101.407 Thread 0x00007f7e3413f000 1450       3       org.evosuite.shaded.org.objectweb.asm.MethodWriter::visitMethodInsn (228 bytes)
Event: 101.413 Thread 0x00007f7e3413f000 nmethod 1450 0x00007f7e243efc10 code [0x00007f7e243efe00, 0x00007f7e243f0528]
Event: 101.417 Thread 0x00007f7e3413f000 1452       3       org.evosuite.shaded.org.objectweb.asm.MethodVisitor::visitLocalVariable (24 bytes)
Event: 101.418 Thread 0x00007f7e3413f000 nmethod 1452 0x00007f7e243f0890 code [0x00007f7e243f0a00, 0x00007f7e243f0c68]
Event: 101.442 Thread 0x00007f7e3413f000 1455       3       java.lang.Class::getCanonicalName (102 bytes)

GC Heap History (6 events):
Event: 3.582 GC heap before
{Heap before GC invocations=1 (full 0):
 PSYoungGen      total 37888K, used 32768K [0x00000000d6900000, 0x00000000d9300000, 0x0000000100000000)
  eden space 32768K, 100% used [0x00000000d6900000,0x00000000d8900000,0x00000000d8900000)
  from space 5120K, 0% used [0x00000000d8e00000,0x00000000d8e00000,0x00000000d9300000)
  to   space 5120K, 0% used [0x00000000d8900000,0x00000000d8900000,0x00000000d8e00000)
 ParOldGen       total 86016K, used 0K [0x0000000083a00000, 0x0000000088e00000, 0x00000000d6900000)
  object space 86016K, 0% used [0x0000000083a00000,0x0000000083a00000,0x0000000088e00000)
 Metaspace       used 8361K, capacity 8470K, committed 8704K, reserved 1056768K
  class space    used 1004K, capacity 1012K, committed 1024K, reserved 1048576K
Event: 3.625 GC heap after
Heap after GC invocations=1 (full 0):
 PSYoungGen      total 37888K, used 5088K [0x00000000d6900000, 0x00000000db300000, 0x0000000100000000)
  eden space 32768K, 0% used [0x00000000d6900000,0x00000000d6900000,0x00000000d8900000)
  from space 5120K, 99% used [0x00000000d8900000,0x00000000d8df8050,0x00000000d8e00000)
  to   space 5120K, 0% used [0x00000000dae00000,0x00000000dae00000,0x00000000db300000)
 ParOldGen       total 86016K, used 1737K [0x0000000083a00000, 0x0000000088e00000, 0x00000000d6900000)
  object space 86016K, 2% used [0x0000000083a00000,0x0000000083bb25e0,0x0000000088e00000)
 Metaspace       used 8361K, capacity 8470K, committed 8704K, reserved 1056768K
  class space    used 1004K, capacity 1012K, committed 1024K, reserved 1048576K
}
Event: 4.951 GC heap before
{Heap before GC invocations=2 (full 0):
 PSYoungGen      total 37888K, used 34018K [0x00000000d6900000, 0x00000000db300000, 0x0000000100000000)
  eden space 32768K, 88% used [0x00000000d6900000,0x00000000d8540ae0,0x00000000d8900000)
  from space 5120K, 99% used [0x00000000d8900000,0x00000000d8df8050,0x00000000d8e00000)
  to   space 5120K, 0% used [0x00000000dae00000,0x00000000dae00000,0x00000000db300000)
 ParOldGen       total 86016K, used 1737K [0x0000000083a00000, 0x0000000088e00000, 0x00000000d6900000)
  object space 86016K, 2% used [0x0000000083a00000,0x0000000083bb25e0,0x0000000088e00000)
 Metaspace       used 10251K, capacity 10396K, committed 10624K, reserved 1058816K
  class space    used 1238K, capacity 1319K, committed 1408K, reserved 1048576K
Event: 5.033 GC heap after
Heap after GC invocations=2 (full 0):
 PSYoungGen      total 70656K, used 5120K [0x00000000d6900000, 0x00000000db300000, 0x0000000100000000)
  eden space 65536K, 0% used [0x00000000d6900000,0x00000000d6900000,0x00000000da900000)
  from space 5120K, 100% used [0x00000000dae00000,0x00000000db300000,0x00000000db300000)
  to   space 5120K, 0% used [0x00000000da900000,0x00000000da900000,0x00000000dae00000)
 ParOldGen       total 86016K, used 7023K [0x0000000083a00000, 0x0000000088e00000, 0x00000000d6900000)
  object space 86016K, 8% used [0x0000000083a00000,0x00000000840dbd00,0x0000000088e00000)
 Metaspace       used 10251K, capacity 10396K, committed 10624K, reserved 1058816K
  class space    used 1238K, capacity 1319K, committed 1408K, reserved 1048576K
}
Event: 5.033 GC heap before
{Heap before GC invocations=3 (full 1):
 PSYoungGen      total 70656K, used 5120K [0x00000000d6900000, 0x00000000db300000, 0x0000000100000000)
  eden space 65536K, 0% used [0x00000000d6900000,0x00000000d6900000,0x00000000da900000)
  from space 5120K, 100% used [0x00000000dae00000,0x00000000db300000,0x00000000db300000)
  to   space 5120K, 0% used [0x00000000da900000,0x00000000da900000,0x00000000dae00000)
 ParOldGen       total 86016K, used 7023K [0x0000000083a00000, 0x0000000088e00000, 0x00000000d6900000)
  object space 86016K, 8% used [0x0000000083a00000,0x00000000840dbd00,0x0000000088e00000)
 Metaspace       used 10251K, capacity 10396K, committed 10624K, reserved 1058816K
  class space    used 1238K, capacity 1319K, committed 1408K, reserved 1048576K
Event: 5.355 GC heap after
Heap after GC invocations=3 (full 1):
 PSYoungGen      total 70656K, used 0K [0x00000000d6900000, 0x00000000db300000, 0x0000000100000000)
  eden space 65536K, 0% used [0x00000000d6900000,0x00000000d6900000,0x00000000da900000)
  from space 5120K, 0% used [0x00000000dae00000,0x00000000dae00000,0x00000000db300000)
  to   space 5120K, 0% used [0x00000000da900000,0x00000000da900000,0x00000000dae00000)
 ParOldGen       total 86016K, used 10660K [0x0000000083a00000, 0x0000000088e00000, 0x00000000d6900000)
  object space 86016K, 12% used [0x0000000083a00000,0x0000000084469358,0x0000000088e00000)
 Metaspace       used 10243K, capacity 10386K, committed 10624K, reserved 1058816K
  class space    used 1236K, capacity 1317K, committed 1408K, reserved 1048576K
}

Deoptimization events (10 events):
Event: 96.424 Thread 0x00007f7de4001800 Uncommon trap: reason=bimorphic action=maybe_recompile pc=0x00007f7e241bc9d4 method=java.util.HashMap.putVal(ILjava/lang/Object;Ljava/lang/Object;ZZ)Ljava/lang/Object; @ 91
Event: 96.424 Thread 0x00007f7de4001800 Uncommon trap: reason=bimorphic action=maybe_recompile pc=0x00007f7e241bc9d4 method=java.util.HashMap.putVal(ILjava/lang/Object;Ljava/lang/Object;ZZ)Ljava/lang/Object; @ 91
Event: 96.441 Thread 0x00007f7de4001800 Uncommon trap: reason=bimorphic action=maybe_recompile pc=0x00007f7e241bc9d4 method=java.util.HashMap.putVal(ILjava/lang/Object;Ljava/lang/Object;ZZ)Ljava/lang/Object; @ 91
Event: 96.441 Thread 0x00007f7de4001800 Uncommon trap: reason=bimorphic action=maybe_recompile pc=0x00007f7e241bc9d4 method=java.util.HashMap.putVal(ILjava/lang/Object;Ljava/lang/Object;ZZ)Ljava/lang/Object; @ 91
Event: 98.795 Thread 0x00007f7de4001800 Uncommon trap: reason=unstable_if action=reinterpret pc=0x00007f7e2413fe30 method=java.lang.AbstractStringBuilder.append(Ljava/lang/String;)Ljava/lang/AbstractStringBuilder; @ 1
Event: 98.828 Thread 0x00007f7de4001800 Uncommon trap: reason=unstable_if action=reinterpret pc=0x00007f7e2413f0b8 method=java.lang.AbstractStringBuilder.append(Ljava/lang/String;)Ljava/lang/AbstractStringBuilder; @ 1
Event: 99.011 Thread 0x00007f7de4001800 Uncommon trap: reason=class_check action=maybe_recompile pc=0x00007f7e24346db4 method=java.util.HashMap.putVal(ILjava/lang/Object;Ljava/lang/Object;ZZ)Ljava/lang/Object; @ 203
Event: 99.204 Thread 0x00007f7de4001800 Uncommon trap: reason=class_check action=maybe_recompile pc=0x00007f7e24346db4 method=java.util.HashMap.putVal(ILjava/lang/Object;Ljava/lang/Object;ZZ)Ljava/lang/Object; @ 203
Event: 99.204 Thread 0x00007f7de4001800 Uncommon trap: reason=class_check action=maybe_recompile pc=0x00007f7e24346db4 method=java.util.HashMap.putVal(ILjava/lang/Object;Ljava/lang/Object;ZZ)Ljava/lang/Object; @ 203
Event: 99.204 Thread 0x00007f7de4001800 Uncommon trap: reason=class_check action=maybe_recompile pc=0x00007f7e24346db4 method=java.util.HashMap.putVal(ILjava/lang/Object;Ljava/lang/Object;ZZ)Ljava/lang/Object; @ 203

Classes redefined (0 events):
No events

Internal exceptions (10 events):
Event: 72.022 Thread 0x00007f7e3429b800 Exception <a 'java/net/ConnectException'> (0x00000000d6fc82e8) thrown at [/HUDSON/workspace/8-2-build-linux-amd64/jdk8u181/11358/hotspot/src/share/vm/prims/jni.cpp, line 709]
Event: 81.998 Thread 0x00007f7e3429a000 Exception <a 'java/net/ConnectException'> (0x00000000d6e812d8) thrown at [/HUDSON/workspace/8-2-build-linux-amd64/jdk8u181/11358/hotspot/src/share/vm/prims/jni.cpp, line 709]
Event: 81.998 Thread 0x00007f7e34298800 Exception <a 'java/net/ConnectException'> (0x00000000d6f24fd8) thrown at [/HUDSON/workspace/8-2-build-linux-amd64/jdk8u181/11358/hotspot/src/share/vm/prims/jni.cpp, line 709]
Event: 82.023 Thread 0x00007f7e3429b800 Exception <a 'java/net/ConnectException'> (0x00000000d6fc8e10) thrown at [/HUDSON/workspace/8-2-build-linux-amd64/jdk8u181/11358/hotspot/src/share/vm/prims/jni.cpp, line 709]
Event: 91.999 Thread 0x00007f7e3429a000 Exception <a 'java/net/ConnectException'> (0x00000000d6e81e00) thrown at [/HUDSON/workspace/8-2-build-linux-amd64/jdk8u181/11358/hotspot/src/share/vm/prims/jni.cpp, line 709]
Event: 91.999 Thread 0x00007f7e34298800 Exception <a 'java/net/ConnectException'> (0x00000000d6f25b00) thrown at [/HUDSON/workspace/8-2-build-linux-amd64/jdk8u181/11358/hotspot/src/share/vm/prims/jni.cpp, line 709]
Event: 92.024 Thread 0x00007f7e3429b800 Exception <a 'java/net/ConnectException'> (0x00000000d6fc9938) thrown at [/HUDSON/workspace/8-2-build-linux-amd64/jdk8u181/11358/hotspot/src/share/vm/prims/jni.cpp, line 709]
Event: 97.101 Thread 0x00007f7de4001800 Exception <a 'java/lang/NoSuchMethodError': <clinit>> (0x00000000d75c8fe8) thrown at [/HUDSON/workspace/8-2-build-linux-amd64/jdk8u181/11358/hotspot/src/share/vm/prims/jni.cpp, line 1613]
Event: 98.795 Thread 0x00007f7de4001800 Implicit null exception at 0x00007f7e2413fa75 to 0x00007f7e2413fe1d
Event: 98.828 Thread 0x00007f7de4001800 Implicit null exception at 0x00007f7e2413ecf6 to 0x00007f7e2413f0a1

Events (10 events):
Event: 100.649 loading class org/evosuite/testcase/execution/ExecutionTraceProxy done
Event: 100.939 loading class org/evosuite/testcase/execution/ExecutionTraceImpl
Event: 101.118 loading class org/evosuite/testcase/execution/ExecutionTraceImpl done
Event: 101.213 loading class org/evosuite/testcase/execution/MethodCall
Event: 101.213 loading class org/evosuite/testcase/execution/MethodCall done
Event: 101.307 loading class org/evosuite/utils/generic/GenericField
Event: 101.307 loading class org/evosuite/utils/generic/GenericField done
Event: 101.333 loading class org/evosuite/testcase/statements/FieldStatement$1
Event: 101.333 loading class org/evosuite/testcase/statements/FieldStatement$1 done
Event: 101.535 Executing VM operation: BulkRevokeBias


Dynamic libraries:
00400000-00401000 r-xp 00000000 08:01 1448396                            /usr/lib/jvm/jdk1.8.0_181/bin/java
00600000-00601000 rw-p 00000000 08:01 1448396                            /usr/lib/jvm/jdk1.8.0_181/bin/java
01316000-01337000 rw-p 00000000 00:00 0                                  [heap]
83a00000-88e00000 rw-p 00000000 00:00 0 
88e00000-d6900000 ---p 00000000 00:00 0 
d6900000-db300000 rw-p 00000000 00:00 0 
db300000-100000000 ---p 00000000 00:00 0 
100000000-1001c0000 rw-p 00000000 00:00 0 
1001c0000-140000000 ---p 00000000 00:00 0 
7f7ddfc00000-7f7ddfc80000 rw-p 00000000 00:00 0 
7f7ddfc80000-7f7ddfe00000 ---p 00000000 00:00 0 
7f7ddfe00000-7f7de0000000 rw-p 00000000 00:00 0 
7f7de0000000-7f7de0021000 rw-p 00000000 00:00 0 
7f7de0021000-7f7de4000000 ---p 00000000 00:00 0 
7f7de4000000-7f7de4021000 rw-p 00000000 00:00 0 
7f7de4021000-7f7de8000000 ---p 00000000 00:00 0 
7f7de8000000-7f7de8021000 rw-p 00000000 00:00 0 
7f7de8021000-7f7dec000000 ---p 00000000 00:00 0 
7f7dec000000-7f7dec021000 rw-p 00000000 00:00 0 
7f7dec021000-7f7df0000000 ---p 00000000 00:00 0 
7f7df0000000-7f7df0021000 rw-p 00000000 00:00 0 
7f7df0021000-7f7df4000000 ---p 00000000 00:00 0 
7f7df4000000-7f7df4021000 rw-p 00000000 00:00 0 
7f7df4021000-7f7df8000000 ---p 00000000 00:00 0 
7f7df8000000-7f7df863f000 rw-p 00000000 00:00 0 
7f7df863f000-7f7dfc000000 ---p 00000000 00:00 0 
7f7dfc000000-7f7dfc652000 rw-p 00000000 00:00 0 
7f7dfc652000-7f7e00000000 ---p 00000000 00:00 0 
7f7e00000000-7f7e001c3000 rw-p 00000000 00:00 0 
7f7e001c3000-7f7e04000000 ---p 00000000 00:00 0 
7f7e04000000-7f7e04021000 rw-p 00000000 00:00 0 
7f7e04021000-7f7e08000000 ---p 00000000 00:00 0 
7f7e08000000-7f7e08021000 rw-p 00000000 00:00 0 
7f7e08021000-7f7e0c000000 ---p 00000000 00:00 0 
7f7e0c000000-7f7e0c021000 rw-p 00000000 00:00 0 
7f7e0c021000-7f7e10000000 ---p 00000000 00:00 0 
7f7e10000000-7f7e10021000 rw-p 00000000 00:00 0 
7f7e10021000-7f7e14000000 ---p 00000000 00:00 0 
7f7e141b8000-7f7e141bb000 ---p 00000000 00:00 0 
7f7e141bb000-7f7e142b9000 rw-p 00000000 00:00 0 
7f7e142b9000-7f7e142bc000 ---p 00000000 00:00 0 
7f7e142bc000-7f7e143ba000 rw-p 00000000 00:00 0 
7f7e143ba000-7f7e143bd000 ---p 00000000 00:00 0 
7f7e143bd000-7f7e144bb000 rw-p 00000000 00:00 0 
7f7e144bb000-7f7e144be000 ---p 00000000 00:00 0 
7f7e144be000-7f7e145bc000 rw-p 00000000 00:00 0 
7f7e145bc000-7f7e145bf000 ---p 00000000 00:00 0 
7f7e145bf000-7f7e146bd000 rw-p 00000000 00:00 0 
7f7e146bd000-7f7e146c0000 ---p 00000000 00:00 0 
7f7e146c0000-7f7e147be000 rw-p 00000000 00:00 0 
7f7e147be000-7f7e147c1000 ---p 00000000 00:00 0 
7f7e147c1000-7f7e148bf000 rw-p 00000000 00:00 0 
7f7e148bf000-7f7e148c2000 ---p 00000000 00:00 0 
7f7e148c2000-7f7e149c0000 rw-p 00000000 00:00 0 
7f7e149c0000-7f7e149c3000 ---p 00000000 00:00 0 
7f7e149c3000-7f7e14ac1000 rw-p 00000000 00:00 0 
7f7e14ac1000-7f7e14ac4000 ---p 00000000 00:00 0 
7f7e14ac4000-7f7e14afa000 rw-p 00000000 00:00 0 
7f7e14afa000-7f7e14afd000 ---p 00000000 00:00 0 
7f7e14afd000-7f7e14bfb000 rw-p 00000000 00:00 0 
7f7e14bfb000-7f7e14bfe000 ---p 00000000 00:00 0 
7f7e14bfe000-7f7e14cfc000 rw-p 00000000 00:00 0 
7f7e14cfc000-7f7e14cff000 ---p 00000000 00:00 0 
7f7e14cff000-7f7e14dfd000 rw-p 00000000 00:00 0 
7f7e14dfd000-7f7e14e00000 ---p 00000000 00:00 0 
7f7e14e00000-7f7e14efe000 rw-p 00000000 00:00 0 
7f7e14efe000-7f7e14f01000 ---p 00000000 00:00 0 
7f7e14f01000-7f7e18000000 rw-p 00000000 00:00 0 
7f7e18000000-7f7e1804a000 rw-p 00000000 00:00 0 
7f7e1804a000-7f7e1c000000 ---p 00000000 00:00 0 
7f7e1c00e000-7f7e1c02a000 r--s 00393000 08:01 2756136                    /usr/lib/jvm/jdk1.8.0_181/jre/lib/ext/cldrdata.jar
7f7e1c02a000-7f7e1c22a000 rw-p 00000000 00:00 0 
7f7e1c22a000-7f7e1c5a3000 r--s 0334d000 08:01 7815                       /home/whj/dowork/DiffTGen/extra_output/Closure_63_1_jaid/target/build/classes/all0.jar
7f7e1c5a3000-7f7e1c61c000 r--s 010f9000 08:01 1448503                    /usr/lib/jvm/jdk1.8.0_181/lib/tools.jar
7f7e1c61c000-7f7e1c61f000 ---p 00000000 00:00 0 
7f7e1c61f000-7f7e1c71d000 rw-p 00000000 00:00 0 
7f7e1c71d000-7f7e1c720000 ---p 00000000 00:00 0 
7f7e1c720000-7f7e1c81e000 rw-p 00000000 00:00 0 
7f7e1c81e000-7f7e1c821000 ---p 00000000 00:00 0 
7f7e1c821000-7f7e1c91f000 rw-p 00000000 00:00 0 
7f7e1c91f000-7f7e1c935000 r-xp 00000000 08:01 2756237                    /usr/lib/jvm/jdk1.8.0_181/jre/lib/amd64/libnet.so
7f7e1c935000-7f7e1cb35000 ---p 00016000 08:01 2756237                    /usr/lib/jvm/jdk1.8.0_181/jre/lib/amd64/libnet.so
7f7e1cb35000-7f7e1cb36000 rw-p 00016000 08:01 2756237                    /usr/lib/jvm/jdk1.8.0_181/jre/lib/amd64/libnet.so
7f7e1cb36000-7f7e1cd67000 r--s 01bb1000 08:01 1706762                    /home/whj/dowork/DiffTGen/lib/evosuite-1.0.6.jar
7f7e1cd67000-7f7e1cd68000 ---p 00000000 00:00 0 
7f7e1cd68000-7f7e1ce68000 rw-p 00000000 00:00 0 
7f7e1ce68000-7f7e1ce6b000 ---p 00000000 00:00 0 
7f7e1ce6b000-7f7e1cf69000 rw-p 00000000 00:00 0 
7f7e1cf69000-7f7e1cf6c000 ---p 00000000 00:00 0 
7f7e1cf6c000-7f7e1d06a000 rw-p 00000000 00:00 0 
7f7e1d06a000-7f7e1d06d000 ---p 00000000 00:00 0 
7f7e1d06d000-7f7e1d16b000 rw-p 00000000 00:00 0 
7f7e1d16b000-7f7e1d16e000 ---p 00000000 00:00 0 
7f7e1d16e000-7f7e1d26c000 rw-p 00000000 00:00 0 
7f7e1d26c000-7f7e1dc2b000 r--p 00000000 08:01 1316108                    /usr/lib/locale/locale-archive
7f7e1dc2b000-7f7e1dc2e000 ---p 00000000 00:00 0 
7f7e1dc2e000-7f7e1dd2c000 rw-p 00000000 00:00 0 
7f7e1dd2c000-7f7e1dd2f000 ---p 00000000 00:00 0 
7f7e1dd2f000-7f7e1de2d000 rw-p 00000000 00:00 0 
7f7e1de2d000-7f7e1de2e000 ---p 00000000 00:00 0 
7f7e1de2e000-7f7e1e837000 rw-p 00000000 00:00 0 
7f7e1e837000-7f7e1ea11000 r--s 03d6b000 08:01 2756084                    /usr/lib/jvm/jdk1.8.0_181/jre/lib/rt.jar
7f7e1ea11000-7f7e23424000 rw-p 00000000 00:00 0 
7f7e23424000-7f7e23425000 ---p 00000000 00:00 0 
7f7e23425000-7f7e2354f000 rw-p 00000000 00:00 0 
7f7e2354f000-7f7e237bd000 ---p 00000000 00:00 0 
7f7e237bd000-7f7e237e7000 rw-p 00000000 00:00 0 
7f7e237e7000-7f7e23a54000 ---p 00000000 00:00 0 
7f7e23a54000-7f7e23a7a000 rw-p 00000000 00:00 0 
7f7e23a7a000-7f7e23ba0000 ---p 00000000 00:00 0 
7f7e23ba0000-7f7e23bb4000 rw-p 00000000 00:00 0 
7f7e23bb4000-7f7e23f61000 ---p 00000000 00:00 0 
7f7e23f61000-7f7e243f1000 rwxp 00000000 00:00 0 
7f7e24401000-7f7e32f61000 ---p 00000000 00:00 0 
7f7e32f61000-7f7e32f7c000 r-xp 00000000 08:01 2756233                    /usr/lib/jvm/jdk1.8.0_181/jre/lib/amd64/libzip.so
7f7e32f7c000-7f7e3317c000 ---p 0001b000 08:01 2756233                    /usr/lib/jvm/jdk1.8.0_181/jre/lib/amd64/libzip.so
7f7e3317c000-7f7e3317d000 rw-p 0001b000 08:01 2756233                    /usr/lib/jvm/jdk1.8.0_181/jre/lib/amd64/libzip.so
7f7e3317d000-7f7e33188000 r-xp 00000000 08:01 1054188                    /lib/x86_64-linux-gnu/libnss_files-2.23.so
7f7e33188000-7f7e33387000 ---p 0000b000 08:01 1054188                    /lib/x86_64-linux-gnu/libnss_files-2.23.so
7f7e33387000-7f7e33388000 r--p 0000a000 08:01 1054188                    /lib/x86_64-linux-gnu/libnss_files-2.23.so
7f7e33388000-7f7e33389000 rw-p 0000b000 08:01 1054188                    /lib/x86_64-linux-gnu/libnss_files-2.23.so
7f7e33389000-7f7e3338f000 rw-p 00000000 00:00 0 
7f7e3338f000-7f7e3339a000 r-xp 00000000 08:01 1054198                    /lib/x86_64-linux-gnu/libnss_nis-2.23.so
7f7e3339a000-7f7e33599000 ---p 0000b000 08:01 1054198                    /lib/x86_64-linux-gnu/libnss_nis-2.23.so
7f7e33599000-7f7e3359a000 r--p 0000a000 08:01 1054198                    /lib/x86_64-linux-gnu/libnss_nis-2.23.so
7f7e3359a000-7f7e3359b000 rw-p 0000b000 08:01 1054198                    /lib/x86_64-linux-gnu/libnss_nis-2.23.so
7f7e3359b000-7f7e335b1000 r-xp 00000000 08:01 1054182                    /lib/x86_64-linux-gnu/libnsl-2.23.so
7f7e335b1000-7f7e337b0000 ---p 00016000 08:01 1054182                    /lib/x86_64-linux-gnu/libnsl-2.23.so
7f7e337b0000-7f7e337b1000 r--p 00015000 08:01 1054182                    /lib/x86_64-linux-gnu/libnsl-2.23.so
7f7e337b1000-7f7e337b2000 rw-p 00016000 08:01 1054182                    /lib/x86_64-linux-gnu/libnsl-2.23.so
7f7e337b2000-7f7e337b4000 rw-p 00000000 00:00 0 
7f7e337b4000-7f7e337bc000 r-xp 00000000 08:01 1054184                    /lib/x86_64-linux-gnu/libnss_compat-2.23.so
7f7e337bc000-7f7e339bb000 ---p 00008000 08:01 1054184                    /lib/x86_64-linux-gnu/libnss_compat-2.23.so
7f7e339bb000-7f7e339bc000 r--p 00007000 08:01 1054184                    /lib/x86_64-linux-gnu/libnss_compat-2.23.so
7f7e339bc000-7f7e339bd000 rw-p 00008000 08:01 1054184                    /lib/x86_64-linux-gnu/libnss_compat-2.23.so
7f7e339bd000-7f7e339e8000 r-xp 00000000 08:01 2756227                    /usr/lib/jvm/jdk1.8.0_181/jre/lib/amd64/libjava.so
7f7e339e8000-7f7e33be7000 ---p 0002b000 08:01 2756227                    /usr/lib/jvm/jdk1.8.0_181/jre/lib/amd64/libjava.so
7f7e33be7000-7f7e33be9000 rw-p 0002a000 08:01 2756227                    /usr/lib/jvm/jdk1.8.0_181/jre/lib/amd64/libjava.so
7f7e33be9000-7f7e33bf6000 r-xp 00000000 08:01 2756232                    /usr/lib/jvm/jdk1.8.0_181/jre/lib/amd64/libverify.so
7f7e33bf6000-7f7e33df6000 ---p 0000d000 08:01 2756232                    /usr/lib/jvm/jdk1.8.0_181/jre/lib/amd64/libverify.so
7f7e33df6000-7f7e33df8000 rw-p 0000d000 08:01 2756232                    /usr/lib/jvm/jdk1.8.0_181/jre/lib/amd64/libverify.so
7f7e33df8000-7f7e33dff000 r-xp 00000000 08:01 1054243                    /lib/x86_64-linux-gnu/librt-2.23.so
7f7e33dff000-7f7e33ffe000 ---p 00007000 08:01 1054243                    /lib/x86_64-linux-gnu/librt-2.23.so
7f7e33ffe000-7f7e33fff000 r--p 00006000 08:01 1054243                    /lib/x86_64-linux-gnu/librt-2.23.so
7f7e33fff000-7f7e34000000 rw-p 00007000 08:01 1054243                    /lib/x86_64-linux-gnu/librt-2.23.so
7f7e34000000-7f7e34474000 rw-p 00000000 00:00 0 
7f7e34474000-7f7e38000000 ---p 00000000 00:00 0 
7f7e3800e000-7f7e38084000 rw-p 00000000 00:00 0 
7f7e38084000-7f7e38085000 ---p 00000000 00:00 0 
7f7e38085000-7f7e38185000 rw-p 00000000 00:00 0 
7f7e38185000-7f7e3828d000 r-xp 00000000 08:01 1054159                    /lib/x86_64-linux-gnu/libm-2.23.so
7f7e3828d000-7f7e3848c000 ---p 00108000 08:01 1054159                    /lib/x86_64-linux-gnu/libm-2.23.so
7f7e3848c000-7f7e3848d000 r--p 00107000 08:01 1054159                    /lib/x86_64-linux-gnu/libm-2.23.so
7f7e3848d000-7f7e3848e000 rw-p 00108000 08:01 1054159                    /lib/x86_64-linux-gnu/libm-2.23.so
7f7e3848e000-7f7e3916a000 r-xp 00000000 08:01 2756209                    /usr/lib/jvm/jdk1.8.0_181/jre/lib/amd64/server/libjvm.so
7f7e3916a000-7f7e3936a000 ---p 00cdc000 08:01 2756209                    /usr/lib/jvm/jdk1.8.0_181/jre/lib/amd64/server/libjvm.so
7f7e3936a000-7f7e39444000 rw-p 00cdc000 08:01 2756209                    /usr/lib/jvm/jdk1.8.0_181/jre/lib/amd64/server/libjvm.so
7f7e39444000-7f7e3948f000 rw-p 00000000 00:00 0 
7f7e3948f000-7f7e3964f000 r-xp 00000000 08:01 1054089                    /lib/x86_64-linux-gnu/libc-2.23.so
7f7e3964f000-7f7e3984f000 ---p 001c0000 08:01 1054089                    /lib/x86_64-linux-gnu/libc-2.23.so
7f7e3984f000-7f7e39853000 r--p 001c0000 08:01 1054089                    /lib/x86_64-linux-gnu/libc-2.23.so
7f7e39853000-7f7e39855000 rw-p 001c4000 08:01 1054089                    /lib/x86_64-linux-gnu/libc-2.23.so
7f7e39855000-7f7e39859000 rw-p 00000000 00:00 0 
7f7e39859000-7f7e3985c000 r-xp 00000000 08:01 1054113                    /lib/x86_64-linux-gnu/libdl-2.23.so
7f7e3985c000-7f7e39a5b000 ---p 00003000 08:01 1054113                    /lib/x86_64-linux-gnu/libdl-2.23.so
7f7e39a5b000-7f7e39a5c000 r--p 00002000 08:01 1054113                    /lib/x86_64-linux-gnu/libdl-2.23.so
7f7e39a5c000-7f7e39a5d000 rw-p 00003000 08:01 1054113                    /lib/x86_64-linux-gnu/libdl-2.23.so
7f7e39a5d000-7f7e39a73000 r-xp 00000000 08:01 1449032                    /usr/lib/jvm/jdk1.8.0_181/lib/amd64/jli/libjli.so
7f7e39a73000-7f7e39c72000 ---p 00016000 08:01 1449032                    /usr/lib/jvm/jdk1.8.0_181/lib/amd64/jli/libjli.so
7f7e39c72000-7f7e39c73000 rw-p 00015000 08:01 1449032                    /usr/lib/jvm/jdk1.8.0_181/lib/amd64/jli/libjli.so
7f7e39c73000-7f7e39c8b000 r-xp 00000000 08:01 1054235                    /lib/x86_64-linux-gnu/libpthread-2.23.so
7f7e39c8b000-7f7e39e8a000 ---p 00018000 08:01 1054235                    /lib/x86_64-linux-gnu/libpthread-2.23.so
7f7e39e8a000-7f7e39e8b000 r--p 00017000 08:01 1054235                    /lib/x86_64-linux-gnu/libpthread-2.23.so
7f7e39e8b000-7f7e39e8c000 rw-p 00018000 08:01 1054235                    /lib/x86_64-linux-gnu/libpthread-2.23.so
7f7e39e8c000-7f7e39e90000 rw-p 00000000 00:00 0 
7f7e39e90000-7f7e39eb6000 r-xp 00000000 08:01 1054061                    /lib/x86_64-linux-gnu/ld-2.23.so
7f7e39ebc000-7f7e39ec6000 r--s 00116000 08:01 2756143                    /usr/lib/jvm/jdk1.8.0_181/jre/lib/ext/localedata.jar
7f7e39ec6000-7f7e39f97000 rw-p 00000000 00:00 0 
7f7e39f97000-7f7e39f9a000 ---p 00000000 00:00 0 
7f7e39f9a000-7f7e3a09d000 rw-p 00000000 00:00 0 
7f7e3a09d000-7f7e3a0a2000 r--s 0009d000 08:01 2756133                    /usr/lib/jvm/jdk1.8.0_181/jre/lib/jsse.jar
7f7e3a0a2000-7f7e3a0aa000 r--s 0006e000 08:01 2248917                    /home/whj/dowork/DiffTGen/lib/commons-lang3-3.5.jar
7f7e3a0aa000-7f7e3a0ab000 r--s 00000000 08:01 2248922                    /home/whj/dowork/DiffTGen/lib/myprinter.jar
7f7e3a0ab000-7f7e3a0b3000 rw-s 00000000 08:01 1984693                    /tmp/hsperfdata_whj/55143
7f7e3a0b3000-7f7e3a0b4000 rw-p 00000000 00:00 0 
7f7e3a0b4000-7f7e3a0b5000 ---p 00000000 00:00 0 
7f7e3a0b5000-7f7e3a0b6000 r--p 00025000 08:01 1054061                    /lib/x86_64-linux-gnu/ld-2.23.so
7f7e3a0b6000-7f7e3a0b7000 rw-p 00026000 08:01 1054061                    /lib/x86_64-linux-gnu/ld-2.23.so
7f7e3a0b7000-7f7e3a0b8000 rw-p 00000000 00:00 0 
7fffaa479000-7fffaa49b000 rw-p 00000000 00:00 0                          [stack]
7fffaa5aa000-7fffaa5ad000 r--p 00000000 00:00 0                          [vvar]
7fffaa5ad000-7fffaa5af000 r-xp 00000000 00:00 0                          [vdso]
ffffffffff600000-ffffffffff601000 r-xp 00000000 00:00 0                  [vsyscall]

VM Arguments:
java_command: /home/whj/dowork/DiffTGen/lib/evosuite-1.0.6.jar -base_dir /home/whj/dowork/DiffTGen/extra_output/Closure_63_1_jaid/target/0/6 -projectCP /home/whj/dowork/DiffTGen/extra_output/Closure_63_1_jaid/target/build/classes/all0.jar:/home/whj/dowork/DiffTGen/lib/myprinter.jar:/home/whj/dowork/DiffTGen/lib/commons-lang3-3.5.jar -class com.google.javascript.jscomp.LightweightMessageFormatter -Dassertions=false -Dsearch_budget=60
java_class_path (initial): /home/whj/dowork/DiffTGen/lib/evosuite-1.0.6.jar
Launcher Type: SUN_STANDARD

Environment Variables:
JAVA_HOME=/usr/lib/jvm/jdk1.8.0_181
JRE_HOME=/usr/lib/jvm/jdk1.8.0_181/jre
CLASSPATH=.:/usr/lib/jvm/jdk1.8.0_181/lib:/usr/lib/jvm/jdk1.8.0_181/jre/lib
PATH=/home/whj/perl5/bin:/home/whj/dowork/defects4j-1.2.0/framework/bin:/usr/lib/jvm/jdk1.8.0_181/bin:/usr/lib/jvm/jdk1.8.0_181/jre/bin:/home/whj/bin:/home/whj/.local/bin:/usr/local/sbin:/usr/local/bin:/usr/sbin:/usr/bin:/sbin:/bin:/usr/games:/usr/local/games" :/snap/bin:/home/whj/bin
SHELL=/bin/bash
DISPLAY=:0

Signal Handlers:
SIGSEGV: [libjvm.so+0xad2a40], sa_mask[0]=11111111011111111101111111111110, sa_flags=SA_RESTART|SA_SIGINFO
SIGBUS: [libjvm.so+0xad2a40], sa_mask[0]=11111111011111111101111111111110, sa_flags=SA_RESTART|SA_SIGINFO
SIGFPE: [libjvm.so+0x92a610], sa_mask[0]=11111111011111111101111111111110, sa_flags=SA_RESTART|SA_SIGINFO
SIGPIPE: [libjvm.so+0x92a610], sa_mask[0]=11111111011111111101111111111110, sa_flags=SA_RESTART|SA_SIGINFO
SIGXFSZ: [libjvm.so+0x92a610], sa_mask[0]=11111111011111111101111111111110, sa_flags=SA_RESTART|SA_SIGINFO
SIGILL: [libjvm.so+0x92a610], sa_mask[0]=11111111011111111101111111111110, sa_flags=SA_RESTART|SA_SIGINFO
SIGUSR1: SIG_DFL, sa_mask[0]=00000000000000000000000000000000, sa_flags=none
SIGUSR2: [libjvm.so+0x92be70], sa_mask[0]=00100000000000000000000000000000, sa_flags=SA_RESTART|SA_SIGINFO
SIGHUP: [libjvm.so+0x92d270], sa_mask[0]=11111111011111111101111111111110, sa_flags=SA_RESTART|SA_SIGINFO
SIGINT: [libjvm.so+0x92d270], sa_mask[0]=11111111011111111101111111111110, sa_flags=SA_RESTART|SA_SIGINFO
SIGTERM: [libjvm.so+0x92d270], sa_mask[0]=11111111011111111101111111111110, sa_flags=SA_RESTART|SA_SIGINFO
SIGQUIT: [libjvm.so+0x92d270], sa_mask[0]=11111111011111111101111111111110, sa_flags=SA_RESTART|SA_SIGINFO


---------------  S Y S T E M  ---------------

OS:DISTRIB_ID=Ubuntu
DISTRIB_RELEASE=16.04
DISTRIB_CODENAME=xenial
DISTRIB_DESCRIPTION="Ubuntu 16.04.6 LTS"

uname:Linux 4.15.0-91-generic #92~16.04.1-Ubuntu SMP Fri Feb 28 14:57:22 UTC 2020 x86_64
libc:glibc 2.23 NPTL 2.23 
rlimit: STACK 8192k, CORE 0k, NPROC 31576, NOFILE 1048576, AS infinity
load average:19.52 15.10 14.54

/proc/meminfo:
MemTotal:        8144704 kB
MemFree:          232020 kB
MemAvailable:     117932 kB
Buffers:             408 kB
Cached:            13076 kB
SwapCached:         1124 kB
Active:          6593544 kB
Inactive:         834260 kB
Active(anon):    6588988 kB
Inactive(anon):   825448 kB
Active(file):       4556 kB
Inactive(file):     8812 kB
Unevictable:          32 kB
Mlocked:              32 kB
SwapTotal:        998396 kB
SwapFree:            964 kB
Dirty:               108 kB
Writeback:           972 kB
AnonPages:       7413380 kB
Mapped:            10260 kB
Shmem:                 8 kB
Slab:              94088 kB
SReclaimable:      32104 kB
SUnreclaim:        61984 kB
KernelStack:       15952 kB
PageTables:        48080 kB
NFS_Unstable:          0 kB
Bounce:                0 kB
WritebackTmp:          0 kB
CommitLimit:     5070748 kB
Committed_AS:   14840784 kB
VmallocTotal:   34359738367 kB
VmallocUsed:           0 kB
VmallocChunk:          0 kB
HardwareCorrupted:     0 kB
AnonHugePages:         0 kB
ShmemHugePages:        0 kB
ShmemPmdMapped:        0 kB
CmaTotal:              0 kB
CmaFree:               0 kB
HugePages_Total:       0
HugePages_Free:        0
HugePages_Rsvd:        0
HugePages_Surp:        0
Hugepagesize:       2048 kB
DirectMap4k:      143168 kB
DirectMap2M:     8245248 kB
DirectMap1G:     2097152 kB


CPU:total 2 (initial active 2) (2 cores per cpu, 1 threads per core) family 6 model 158 stepping 10, cmov, cx8, fxsr, mmx, sse, sse2, sse3, ssse3, sse4.1, sse4.2, popcnt, avx, avx2, aes, clmul, erms, 3dnowpref, lzcnt, tsc, tscinvbit, bmi1, bmi2, adx

/proc/cpuinfo:
processor	: 0
vendor_id	: GenuineIntel
cpu family	: 6
model		: 158
model name	: Intel(R) Core(TM) i7-8750H CPU @ 2.20GHz
stepping	: 10
microcode	: 0x96
cpu MHz		: 2207.999
cache size	: 9216 KB
physical id	: 0
siblings	: 2
core id		: 0
cpu cores	: 2
apicid		: 0
initial apicid	: 0
fpu		: yes
fpu_exception	: yes
cpuid level	: 22
wp		: yes
flags		: fpu vme de pse tsc msr pae mce cx8 apic sep mtrr pge mca cmov pat pse36 clflush mmx fxsr sse sse2 ss ht syscall nx pdpe1gb rdtscp lm constant_tsc arch_perfmon nopl xtopology tsc_reliable nonstop_tsc cpuid pni pclmulqdq ssse3 fma cx16 pcid sse4_1 sse4_2 x2apic movbe popcnt tsc_deadline_timer aes xsave avx f16c rdrand hypervisor lahf_lm abm 3dnowprefetch cpuid_fault invpcid_single pti ssbd ibrs ibpb stibp fsgsbase tsc_adjust bmi1 avx2 smep bmi2 invpcid rdseed adx smap xsaveopt arat flush_l1d arch_capabilities
bugs		: cpu_meltdown spectre_v1 spectre_v2 spec_store_bypass l1tf mds swapgs itlb_multihit
bogomips	: 4415.99
clflush size	: 64
cache_alignment	: 64
address sizes	: 42 bits physical, 48 bits virtual
power management:

processor	: 1
vendor_id	: GenuineIntel
cpu family	: 6
model		: 158
model name	: Intel(R) Core(TM) i7-8750H CPU @ 2.20GHz
stepping	: 10
microcode	: 0x96
cpu MHz		: 2207.999
cache size	: 9216 KB
physical id	: 0
siblings	: 2
core id		: 1
cpu cores	: 2
apicid		: 1
initial apicid	: 1
fpu		: yes
fpu_exception	: yes
cpuid level	: 22
wp		: yes
flags		: fpu vme de pse tsc msr pae mce cx8 apic sep mtrr pge mca cmov pat pse36 clflush mmx fxsr sse sse2 ss ht syscall nx pdpe1gb rdtscp lm constant_tsc arch_perfmon nopl xtopology tsc_reliable nonstop_tsc cpuid pni pclmulqdq ssse3 fma cx16 pcid sse4_1 sse4_2 x2apic movbe popcnt tsc_deadline_timer aes xsave avx f16c rdrand hypervisor lahf_lm abm 3dnowprefetch cpuid_fault invpcid_single pti ssbd ibrs ibpb stibp fsgsbase tsc_adjust bmi1 avx2 smep bmi2 invpcid rdseed adx smap xsaveopt arat flush_l1d arch_capabilities
bugs		: cpu_meltdown spectre_v1 spectre_v2 spec_store_bypass l1tf mds swapgs itlb_multihit
bogomips	: 4415.99
clflush size	: 64
cache_alignment	: 64
address sizes	: 42 bits physical, 48 bits virtual
power management:



Memory: 4k page, physical 8144704k(232020k free), swap 998396k(996k free)

vm_info: Java HotSpot(TM) 64-Bit Server VM (25.181-b13) for linux-amd64 JRE (1.8.0_181-b13), built on Jul  7 2018 00:56:38 by "java_re" with gcc 4.3.0 20080428 (Red Hat 4.3.0-8)

time: Sat Mar 28 20:23:04 2020
elapsed time: 107 seconds (0d 0h 1m 47s)

