#
# There is insufficient memory for the Java Runtime Environment to continue.
# Native memory allocation (mmap) failed to map 144703488 bytes for committing reserved memory.
# Possible reasons:
#   The system is out of physical RAM or swap space
#   In 32 bit mode, the process size limit was hit
# Possible solutions:
#   Reduce memory load on the system
#   Increase physical memory or swap space
#   Check if swap backing store is full
#   Use 64 bit Java on a 64 bit OS
#   Decrease Java heap size (-Xmx/-Xms)
#   Decrease number of Java threads
#   Decrease Java thread stack sizes (-Xss)
#   Set larger code cache with -XX:ReservedCodeCacheSize=
# This output file may be truncated or incomplete.
#
#  Out of Memory Error (os_linux.cpp:2640), pid=62658, tid=0x00007f71483c9700
#
# JRE version: Java(TM) SE Runtime Environment (8.0_181-b13) (build 1.8.0_181-b13)
# Java VM: Java HotSpot(TM) 64-Bit Server VM (25.181-b13 mixed mode linux-amd64 compressed oops)
# Failed to write core dump. Core dumps have been disabled. To enable core dumping, try "ulimit -c unlimited" before starting Java again
#

---------------  T H R E A D  ---------------

Current thread (0x00007f715c0fb800):  VMThread [stack: 0x00007f71482c9000,0x00007f71483ca000] [id=62690]

Stack: [0x00007f71482c9000,0x00007f71483ca000],  sp=0x00007f71483c8320,  free space=1020k
Native frames: (J=compiled Java code, j=interpreted, Vv=VM code, C=native code)
V  [libjvm.so+0xad21aa]  VMError::report_and_die()+0x2ba
V  [libjvm.so+0x5022db]  report_vm_out_of_memory(char const*, int, unsigned long, VMErrorType, char const*)+0x8b
V  [libjvm.so+0x92fe33]  os::Linux::commit_memory_impl(char*, unsigned long, bool)+0x123
V  [libjvm.so+0x930059]  os::pd_commit_memory(char*, unsigned long, unsigned long, bool)+0x29
V  [libjvm.so+0x9272ba]  os::commit_memory(char*, unsigned long, unsigned long, bool)+0x2a
V  [libjvm.so+0x99d2e3]  PSVirtualSpace::expand_by(unsigned long)+0x53
V  [libjvm.so+0x99e6e8]  PSYoungGen::resize_generation(unsigned long, unsigned long)+0xf8
V  [libjvm.so+0x99d842]  PSYoungGen::resize(unsigned long, unsigned long)+0x22
V  [libjvm.so+0x99ab1b]  PSScavenge::invoke_no_policy()+0xf3b
V  [libjvm.so+0x99b2a1]  PSScavenge::invoke()+0x41
V  [libjvm.so+0x951d70]  ParallelScavengeHeap::failed_mem_allocate(unsigned long)+0x70
V  [libjvm.so+0xad3c27]  VM_ParallelGCFailedAllocation::doit()+0x97
V  [libjvm.so+0xadb745]  VM_Operation::evaluate()+0x55
V  [libjvm.so+0xad9b0a]  VMThread::evaluate_operation(VM_Operation*)+0xba
V  [libjvm.so+0xad9e8e]  VMThread::loop()+0x1ce
V  [libjvm.so+0xada300]  VMThread::run()+0x70
V  [libjvm.so+0x930198]  java_start(Thread*)+0x108

VM_Operation (0x00007f7139addc60): ParallelGCFailedAllocation, mode: safepoint, requested by thread 0x0000000001f88800


---------------  P R O C E S S  ---------------

Java Threads: ( => current thread )
  0x0000000001f8a000 JavaThread "RMI TCP Connection(5)-127.0.0.1" daemon [_thread_blocked, id=63126, stack(0x00007f7139ce6000,0x00007f7139de7000)]
  0x0000000001f88800 JavaThread "RMI TCP Connection(4)-127.0.0.1" daemon [_thread_blocked, id=63083, stack(0x00007f71399e3000,0x00007f7139ae4000)]
  0x00007f7130038000 JavaThread "RMI Scheduler(0)" daemon [_thread_blocked, id=63071, stack(0x00007f7139ae4000,0x00007f7139be5000)]
  0x00007f7130032800 JavaThread "RMI RenewClean-[127.0.0.1:9167]" daemon [_thread_blocked, id=63061, stack(0x00007f7139be5000,0x00007f7139ce6000)]
  0x00007f710c015800 JavaThread "pool-3-thread-3" [_thread_in_native, id=62988, stack(0x00007f7139de7000,0x00007f7139ee8000)]
  0x00007f710c014000 JavaThread "pool-3-thread-2" [_thread_in_native, id=62981, stack(0x00007f7139ee8000,0x00007f7139fe9000)]
  0x00007f710c012800 JavaThread "pool-3-thread-1" [_thread_in_native, id=62975, stack(0x00007f7139fe9000,0x00007f713a0ea000)]
  0x00007f715c367800 JavaThread "Thread-3" [_thread_in_native, id=62839, stack(0x00007f713a0ea000,0x00007f713a1eb000)]
  0x00007f715c366000 JavaThread "Thread-2" [_thread_in_native, id=62837, stack(0x00007f713a1eb000,0x00007f713a2ec000)]
  0x00007f715c364800 JavaThread "process reaper" daemon [_thread_in_native, id=62834, stack(0x00007f7160023000,0x00007f716005c000)]
  0x00007f715c35e800 JavaThread "pool-2-thread-1" [_thread_in_native, id=62811, stack(0x00007f713a2ec000,0x00007f713a3ed000)]
  0x00007f715c35c800 JavaThread "GC Daemon" daemon [_thread_blocked, id=62804, stack(0x00007f713a3ed000,0x00007f713a4ee000)]
  0x00007f715c359800 JavaThread "RMI Reaper" [_thread_blocked, id=62795, stack(0x00007f713a4ee000,0x00007f713a5ef000)]
  0x00007f715c350800 JavaThread "RMI TCP Accept-9734" daemon [_thread_in_native, id=62784, stack(0x00007f713a5ef000,0x00007f713a6f0000)]
  0x00007f715c34b800 JavaThread "RMI TCP Accept-20393" daemon [_thread_in_native, id=62778, stack(0x00007f713a6f0000,0x00007f713a7f1000)]
  0x00007f715c294000 JavaThread "logback-3" daemon [_thread_blocked, id=62758, stack(0x00007f713a9f1000,0x00007f713aaf2000)]
  0x00007f715c292000 JavaThread "logback-2" daemon [_thread_blocked, id=62756, stack(0x00007f713aaf2000,0x00007f713abf3000)]
  0x00007f715c290800 JavaThread "logback-1" daemon [_thread_blocked, id=62752, stack(0x00007f713abf3000,0x00007f713acf4000)]
  0x00007f715c142000 JavaThread "Service Thread" daemon [_thread_blocked, id=62719, stack(0x00007f713b23d000,0x00007f713b33e000)]
  0x00007f715c13f000 JavaThread "C1 CompilerThread1" daemon [_thread_blocked, id=62716, stack(0x00007f713b33e000,0x00007f713b43f000)]
  0x00007f715c13c000 JavaThread "C2 CompilerThread0" daemon [_thread_blocked, id=62714, stack(0x00007f713b43f000,0x00007f713b540000)]
  0x00007f715c13a800 JavaThread "Signal Dispatcher" daemon [_thread_blocked, id=62712, stack(0x00007f713b540000,0x00007f713b641000)]
  0x00007f715c107800 JavaThread "Finalizer" daemon [_thread_blocked, id=62709, stack(0x00007f71480c7000,0x00007f71481c8000)]
  0x00007f715c105000 JavaThread "Reference Handler" daemon [_thread_blocked, id=62700, stack(0x00007f71481c8000,0x00007f71482c9000)]
  0x00007f715c00a800 JavaThread "main" [_thread_in_native, id=62667, stack(0x00007f7164493000,0x00007f7164594000)]

Other Threads:
=>0x00007f715c0fb800 VMThread [stack: 0x00007f71482c9000,0x00007f71483ca000] [id=62690]
  0x00007f715c146800 WatcherThread [stack: 0x00007f713b13c000,0x00007f713b23d000] [id=62720]

VM state:at safepoint (normal execution)

VM Mutex/Monitor currently owned by a thread:  ([mutex/lock_event])
[0x00007f715c006ce0] Threads_lock - owner thread: 0x00007f715c0fb800
[0x00007f715c0071e0] Heap_lock - owner thread: 0x0000000001f88800

Heap:
 PSYoungGen      total 136192K, used 7662K [0x00000000d6900000, 0x00000000df800000, 0x0000000100000000)
  eden space 128512K, 0% used [0x00000000d6900000,0x00000000d6900000,0x00000000de680000)
  from space 7680K, 99% used [0x00000000de680000,0x00000000dedfb9c8,0x00000000dee00000)
  to   space 5120K, 0% used [0x00000000dee00000,0x00000000dee00000,0x00000000df300000)
 ParOldGen       total 86016K, used 24186K [0x0000000083a00000, 0x0000000088e00000, 0x00000000d6900000)
  object space 86016K, 28% used [0x0000000083a00000,0x000000008519e858,0x0000000088e00000)
 Metaspace       used 18072K, capacity 18594K, committed 18688K, reserved 1064960K
  class space    used 2053K, capacity 2215K, committed 2304K, reserved 1048576K

Card table byte_map: [0x00007f7160e3e000,0x00007f7161222000] byte_map_base: 0x00007f7160a21000

Marking Bits: (ParMarkBitMap*) 0x00007f716395e0a0
 Begin Bits: [0x00007f71491d0000, 0x00007f714b0e8000)
 End Bits:   [0x00007f714b0e8000, 0x00007f714d000000)

Polling page: 0x00007f71645b0000

CodeCache: size=245760Kb used=7975Kb max_used=7975Kb free=237784Kb
 bounds [0x00007f714d000000, 0x00007f714d7e0000, 0x00007f715c000000]
 total_blobs=2578 nmethods=2156 adapters=335
 compilation: enabled

Compilation events (10 events):
Event: 116.180 Thread 0x00007f715c13f000 2212       1       java.nio.Buffer::limit (5 bytes)
Event: 116.181 Thread 0x00007f715c13f000 nmethod 2212 0x00007f714d7be110 code [0x00007f714d7be260, 0x00007f714d7be370]
Event: 116.184 Thread 0x00007f715c13f000 2215       2       java.util.regex.Pattern::sequence (553 bytes)
Event: 116.190 Thread 0x00007f715c13f000 nmethod 2215 0x00007f714d7ce790 code [0x00007f714d7ceac0, 0x00007f714d7cfcc8]
Event: 116.193 Thread 0x00007f715c13f000 2216   !   2       org.evosuite.instrumentation.InstrumentingClassLoader::instrumentClass (257 bytes)
Event: 116.196 Thread 0x00007f715c13f000 nmethod 2216 0x00007f714d7d51d0 code [0x00007f714d7d5560, 0x00007f714d7d69a8]
Event: 116.198 Thread 0x00007f715c13f000 2217       2       java.util.regex.Pattern$BmpCharProperty::<init> (5 bytes)
Event: 116.198 Thread 0x00007f715c13f000 nmethod 2217 0x00007f714d1869d0 code [0x00007f714d186b20, 0x00007f714d186c90]
Event: 116.198 Thread 0x00007f715c13f000 2218       2       java.util.regex.Pattern$BmpCharProperty::<init> (6 bytes)
Event: 116.198 Thread 0x00007f715c13f000 nmethod 2218 0x00007f714d1865d0 code [0x00007f714d186720, 0x00007f714d186890]

GC Heap History (10 events):
Event: 103.811 GC heap after
Heap after GC invocations=3 (full 1):
 PSYoungGen      total 37888K, used 5115K [0x00000000d6900000, 0x00000000d9300000, 0x0000000100000000)
  eden space 32768K, 0% used [0x00000000d6900000,0x00000000d6900000,0x00000000d8900000)
  from space 5120K, 99% used [0x00000000d8e00000,0x00000000d92fed50,0x00000000d9300000)
  to   space 5120K, 0% used [0x00000000d8900000,0x00000000d8900000,0x00000000d8e00000)
 ParOldGen       total 86016K, used 5762K [0x0000000083a00000, 0x0000000088e00000, 0x00000000d6900000)
  object space 86016K, 6% used [0x0000000083a00000,0x0000000083fa0960,0x0000000088e00000)
 Metaspace       used 13838K, capacity 14230K, committed 14592K, reserved 1062912K
  class space    used 1596K, capacity 1704K, committed 1792K, reserved 1048576K
}
Event: 104.297 GC heap before
{Heap before GC invocations=4 (full 1):
 PSYoungGen      total 37888K, used 37883K [0x00000000d6900000, 0x00000000d9300000, 0x0000000100000000)
  eden space 32768K, 100% used [0x00000000d6900000,0x00000000d8900000,0x00000000d8900000)
  from space 5120K, 99% used [0x00000000d8e00000,0x00000000d92fed50,0x00000000d9300000)
  to   space 5120K, 0% used [0x00000000d8900000,0x00000000d8900000,0x00000000d8e00000)
 ParOldGen       total 86016K, used 5762K [0x0000000083a00000, 0x0000000088e00000, 0x00000000d6900000)
  object space 86016K, 6% used [0x0000000083a00000,0x0000000083fa0960,0x0000000088e00000)
 Metaspace       used 13926K, capacity 14358K, committed 14592K, reserved 1062912K
  class space    used 1596K, capacity 1704K, committed 1792K, reserved 1048576K
Event: 104.317 GC heap after
Heap after GC invocations=4 (full 1):
 PSYoungGen      total 37888K, used 5098K [0x00000000d6900000, 0x00000000db300000, 0x0000000100000000)
  eden space 32768K, 0% used [0x00000000d6900000,0x00000000d6900000,0x00000000d8900000)
  from space 5120K, 99% used [0x00000000d8900000,0x00000000d8dfa8d0,0x00000000d8e00000)
  to   space 5120K, 0% used [0x00000000dae00000,0x00000000dae00000,0x00000000db300000)
 ParOldGen       total 86016K, used 6906K [0x0000000083a00000, 0x0000000088e00000, 0x00000000d6900000)
  object space 86016K, 8% used [0x0000000083a00000,0x00000000840be9b0,0x0000000088e00000)
 Metaspace       used 13926K, capacity 14358K, committed 14592K, reserved 1062912K
  class space    used 1596K, capacity 1704K, committed 1792K, reserved 1048576K
}
Event: 104.994 GC heap before
{Heap before GC invocations=5 (full 1):
 PSYoungGen      total 37888K, used 37866K [0x00000000d6900000, 0x00000000db300000, 0x0000000100000000)
  eden space 32768K, 100% used [0x00000000d6900000,0x00000000d8900000,0x00000000d8900000)
  from space 5120K, 99% used [0x00000000d8900000,0x00000000d8dfa8d0,0x00000000d8e00000)
  to   space 5120K, 0% used [0x00000000dae00000,0x00000000dae00000,0x00000000db300000)
 ParOldGen       total 86016K, used 6906K [0x0000000083a00000, 0x0000000088e00000, 0x00000000d6900000)
  object space 86016K, 8% used [0x0000000083a00000,0x00000000840be9b0,0x0000000088e00000)
 Metaspace       used 13951K, capacity 14358K, committed 14592K, reserved 1062912K
  class space    used 1596K, capacity 1704K, committed 1792K, reserved 1048576K
Event: 105.018 GC heap after
Heap after GC invocations=5 (full 1):
 PSYoungGen      total 70656K, used 5107K [0x00000000d6900000, 0x00000000db300000, 0x0000000100000000)
  eden space 65536K, 0% used [0x00000000d6900000,0x00000000d6900000,0x00000000da900000)
  from space 5120K, 99% used [0x00000000dae00000,0x00000000db2fcd98,0x00000000db300000)
  to   space 5120K, 0% used [0x00000000da900000,0x00000000da900000,0x00000000dae00000)
 ParOldGen       total 86016K, used 7774K [0x0000000083a00000, 0x0000000088e00000, 0x00000000d6900000)
  object space 86016K, 9% used [0x0000000083a00000,0x00000000841979d0,0x0000000088e00000)
 Metaspace       used 13951K, capacity 14358K, committed 14592K, reserved 1062912K
  class space    used 1596K, capacity 1704K, committed 1792K, reserved 1048576K
}
Event: 105.754 GC heap before
{Heap before GC invocations=6 (full 1):
 PSYoungGen      total 70656K, used 70643K [0x00000000d6900000, 0x00000000db300000, 0x0000000100000000)
  eden space 65536K, 100% used [0x00000000d6900000,0x00000000da900000,0x00000000da900000)
  from space 5120K, 99% used [0x00000000dae00000,0x00000000db2fcd98,0x00000000db300000)
  to   space 5120K, 0% used [0x00000000da900000,0x00000000da900000,0x00000000dae00000)
 ParOldGen       total 86016K, used 7774K [0x0000000083a00000, 0x0000000088e00000, 0x00000000d6900000)
  object space 86016K, 9% used [0x0000000083a00000,0x00000000841979d0,0x0000000088e00000)
 Metaspace       used 13984K, capacity 14422K, committed 14592K, reserved 1062912K
  class space    used 1596K, capacity 1704K, committed 1792K, reserved 1048576K
Event: 105.781 GC heap after
Heap after GC invocations=6 (full 1):
 PSYoungGen      total 70656K, used 5091K [0x00000000d6900000, 0x00000000df300000, 0x0000000100000000)
  eden space 65536K, 0% used [0x00000000d6900000,0x00000000d6900000,0x00000000da900000)
  from space 5120K, 99% used [0x00000000da900000,0x00000000dadf8d48,0x00000000dae00000)
  to   space 5120K, 0% used [0x00000000dee00000,0x00000000dee00000,0x00000000df300000)
 ParOldGen       total 86016K, used 8491K [0x0000000083a00000, 0x0000000088e00000, 0x00000000d6900000)
  object space 86016K, 9% used [0x0000000083a00000,0x000000008424ade0,0x0000000088e00000)
 Metaspace       used 13984K, capacity 14422K, committed 14592K, reserved 1062912K
  class space    used 1596K, capacity 1704K, committed 1792K, reserved 1048576K
}
Event: 106.556 GC heap before
{Heap before GC invocations=7 (full 1):
 PSYoungGen      total 70656K, used 70627K [0x00000000d6900000, 0x00000000df300000, 0x0000000100000000)
  eden space 65536K, 100% used [0x00000000d6900000,0x00000000da900000,0x00000000da900000)
  from space 5120K, 99% used [0x00000000da900000,0x00000000dadf8d48,0x00000000dae00000)
  to   space 5120K, 0% used [0x00000000dee00000,0x00000000dee00000,0x00000000df300000)
 ParOldGen       total 86016K, used 8491K [0x0000000083a00000, 0x0000000088e00000, 0x00000000d6900000)
  object space 86016K, 9% used [0x0000000083a00000,0x000000008424ade0,0x0000000088e00000)
 Metaspace       used 14047K, capacity 14422K, committed 14592K, reserved 1062912K
  class space    used 1596K, capacity 1704K, committed 1792K, reserved 1048576K
Event: 106.613 GC heap after
Heap after GC invocations=7 (full 1):
 PSYoungGen      total 133632K, used 5106K [0x00000000d6900000, 0x00000000df800000, 0x0000000100000000)
  eden space 128512K, 0% used [0x00000000d6900000,0x00000000d6900000,0x00000000de680000)
  from space 5120K, 99% used [0x00000000dee00000,0x00000000df2fc9f0,0x00000000df300000)
  to   space 7680K, 0% used [0x00000000de680000,0x00000000de680000,0x00000000dee00000)
 ParOldGen       total 86016K, used 10784K [0x0000000083a00000, 0x0000000088e00000, 0x00000000d6900000)
  object space 86016K, 12% used [0x0000000083a00000,0x0000000084488198,0x0000000088e00000)
 Metaspace       used 14047K, capacity 14422K, committed 14592K, reserved 1062912K
  class space    used 1596K, capacity 1704K, committed 1792K, reserved 1048576K
}
Event: 116.242 GC heap before
{Heap before GC invocations=8 (full 1):
 PSYoungGen      total 133632K, used 133618K [0x00000000d6900000, 0x00000000df800000, 0x0000000100000000)
  eden space 128512K, 100% used [0x00000000d6900000,0x00000000de680000,0x00000000de680000)
  from space 5120K, 99% used [0x00000000dee00000,0x00000000df2fc9f0,0x00000000df300000)
  to   space 7680K, 0% used [0x00000000de680000,0x00000000de680000,0x00000000dee00000)
 ParOldGen       total 86016K, used 10784K [0x0000000083a00000, 0x0000000088e00000, 0x00000000d6900000)
  object space 86016K, 12% used [0x0000000083a00000,0x0000000084488198,0x0000000088e00000)
 Metaspace       used 18072K, capacity 18594K, committed 18688K, reserved 1064960K
  class space    used 2053K, capacity 2215K, committed 2304K, reserved 1048576K

Deoptimization events (10 events):
Event: 101.891 Thread 0x0000000001f88800 Uncommon trap: reason=bimorphic action=maybe_recompile pc=0x00007f714d253a94 method=java.util.HashMap.putVal(ILjava/lang/Object;Ljava/lang/Object;ZZ)Ljava/lang/Object; @ 91
Event: 102.642 Thread 0x0000000001f88800 Uncommon trap: reason=unstable_if action=reinterpret pc=0x00007f714d3cd2ec method=java.io.ObjectInputStream$HandleTable.finish(I)V @ 4
Event: 102.942 Thread 0x0000000001f88800 Uncommon trap: reason=class_check action=maybe_recompile pc=0x00007f714d3d3274 method=java.util.HashMap.putVal(ILjava/lang/Object;Ljava/lang/Object;ZZ)Ljava/lang/Object; @ 203
Event: 102.971 Thread 0x0000000001f88800 Uncommon trap: reason=class_check action=maybe_recompile pc=0x00007f714d3d3274 method=java.util.HashMap.putVal(ILjava/lang/Object;Ljava/lang/Object;ZZ)Ljava/lang/Object; @ 203
Event: 102.973 Thread 0x0000000001f88800 Uncommon trap: reason=class_check action=maybe_recompile pc=0x00007f714d3d3274 method=java.util.HashMap.putVal(ILjava/lang/Object;Ljava/lang/Object;ZZ)Ljava/lang/Object; @ 203
Event: 102.973 Thread 0x0000000001f88800 Uncommon trap: reason=class_check action=maybe_recompile pc=0x00007f714d3d3274 method=java.util.HashMap.putVal(ILjava/lang/Object;Ljava/lang/Object;ZZ)Ljava/lang/Object; @ 203
Event: 103.967 Thread 0x0000000001f88800 Uncommon trap: reason=unstable_if action=reinterpret pc=0x00007f714d1d3c28 method=java.lang.AbstractStringBuilder.append(Ljava/lang/String;)Ljava/lang/AbstractStringBuilder; @ 1
Event: 106.778 Thread 0x0000000001f88800 Uncommon trap: reason=predicate action=maybe_recompile pc=0x00007f714d5b0f10 method=java.util.ArrayList.indexOf(Ljava/lang/Object;)I @ 44
Event: 109.717 Thread 0x0000000001f88800 Uncommon trap: reason=unstable_if action=reinterpret pc=0x00007f714d4cce90 method=java.util.HashMap.putVal(ILjava/lang/Object;Ljava/lang/Object;ZZ)Ljava/lang/Object; @ 162
Event: 115.353 Thread 0x0000000001f88800 Uncommon trap: reason=unstable_if action=reinterpret pc=0x00007f714d4b3924 method=java.io.SerialCallbackContext.check()V @ 4

Classes redefined (0 events):
No events

Internal exceptions (10 events):
Event: 92.038 Thread 0x00007f715c292000 Exception <a 'java/net/ConnectException'> (0x00000000d6d2dd88) thrown at [/HUDSON/workspace/8-2-build-linux-amd64/jdk8u181/11358/hotspot/src/share/vm/prims/jni.cpp, line 709]
Event: 92.084 Thread 0x00007f715c294000 Exception <a 'java/net/ConnectException'> (0x00000000d6d7fd08) thrown at [/HUDSON/workspace/8-2-build-linux-amd64/jdk8u181/11358/hotspot/src/share/vm/prims/jni.cpp, line 709]
Event: 102.033 Thread 0x00007f715c290800 Exception <a 'java/net/ConnectException'> (0x00000000d6cdca68) thrown at [/HUDSON/workspace/8-2-build-linux-amd64/jdk8u181/11358/hotspot/src/share/vm/prims/jni.cpp, line 709]
Event: 102.039 Thread 0x00007f715c292000 Exception <a 'java/net/ConnectException'> (0x00000000d6d2e8b0) thrown at [/HUDSON/workspace/8-2-build-linux-amd64/jdk8u181/11358/hotspot/src/share/vm/prims/jni.cpp, line 709]
Event: 102.085 Thread 0x00007f715c294000 Exception <a 'java/net/ConnectException'> (0x00000000d6d80830) thrown at [/HUDSON/workspace/8-2-build-linux-amd64/jdk8u181/11358/hotspot/src/share/vm/prims/jni.cpp, line 709]
Event: 102.250 Thread 0x0000000001f88800 Exception <a 'java/lang/NoSuchMethodError': <clinit>> (0x00000000d7486258) thrown at [/HUDSON/workspace/8-2-build-linux-amd64/jdk8u181/11358/hotspot/src/share/vm/prims/jni.cpp, line 1613]
Event: 103.967 Thread 0x0000000001f88800 Implicit null exception at 0x00007f714d1d3836 to 0x00007f714d1d3c11
Event: 112.209 Thread 0x00007f715c292000 Exception <a 'java/net/ConnectException'> (0x00000000db24c750) thrown at [/HUDSON/workspace/8-2-build-linux-amd64/jdk8u181/11358/hotspot/src/share/vm/prims/jni.cpp, line 709]
Event: 112.209 Thread 0x00007f715c290800 Exception <a 'java/net/ConnectException'> (0x00000000db17b938) thrown at [/HUDSON/workspace/8-2-build-linux-amd64/jdk8u181/11358/hotspot/src/share/vm/prims/jni.cpp, line 709]
Event: 112.209 Thread 0x00007f715c294000 Exception <a 'java/net/ConnectException'> (0x00000000db5696a0) thrown at [/HUDSON/workspace/8-2-build-linux-amd64/jdk8u181/11358/hotspot/src/share/vm/prims/jni.cpp, line 709]

Events (10 events):
Event: 116.047 loading class java/awt/BasicStroke done
Event: 116.048 loading class java/awt/geom/GeneralPath
Event: 116.048 loading class java/awt/geom/Path2D$Float
Event: 116.048 loading class java/awt/geom/Path2D
Event: 116.049 loading class java/awt/geom/Path2D done
Event: 116.049 loading class java/awt/geom/Path2D$Float done
Event: 116.050 loading class java/awt/geom/GeneralPath done
Event: 116.085 Thread 0x0000000001f88800 DEOPT PACKING pc=0x00007f714d6707e4 sp=0x00007f7139addb00
Event: 116.085 Thread 0x0000000001f88800 DEOPT UNPACKING pc=0x00007f714d047784 sp=0x00007f7139add848 mode 0
Event: 116.224 Executing VM operation: ParallelGCFailedAllocation


Dynamic libraries:
00400000-00401000 r-xp 00000000 08:01 1448396                            /usr/lib/jvm/jdk1.8.0_181/bin/java
00600000-00601000 rw-p 00000000 08:01 1448396                            /usr/lib/jvm/jdk1.8.0_181/bin/java
01f86000-01fa7000 rw-p 00000000 00:00 0                                  [heap]
83a00000-88e00000 rw-p 00000000 00:00 0 
88e00000-d6900000 ---p 00000000 00:00 0 
d6900000-df800000 rw-p 00000000 00:00 0 
e8200000-100000000 ---p 00000000 00:00 0 
100000000-100240000 rw-p 00000000 00:00 0 
100240000-140000000 ---p 00000000 00:00 0 
7f7104000000-7f7104021000 rw-p 00000000 00:00 0 
7f7104021000-7f7108000000 ---p 00000000 00:00 0 
7f710c000000-7f710c021000 rw-p 00000000 00:00 0 
7f710c021000-7f7110000000 ---p 00000000 00:00 0 
7f7110000000-7f7110021000 rw-p 00000000 00:00 0 
7f7110021000-7f7114000000 ---p 00000000 00:00 0 
7f7114000000-7f7114021000 rw-p 00000000 00:00 0 
7f7114021000-7f7118000000 ---p 00000000 00:00 0 
7f7118000000-7f7118021000 rw-p 00000000 00:00 0 
7f7118021000-7f711c000000 ---p 00000000 00:00 0 
7f711cfff000-7f7120000000 rw-p 00000000 00:00 0 
7f7120000000-7f7120ea0000 rw-p 00000000 00:00 0 
7f7120ea0000-7f7124000000 ---p 00000000 00:00 0 
7f7124000000-7f7124021000 rw-p 00000000 00:00 0 
7f7124021000-7f7128000000 ---p 00000000 00:00 0 
7f7128000000-7f7128021000 rw-p 00000000 00:00 0 
7f7128021000-7f712c000000 ---p 00000000 00:00 0 
7f712c000000-7f712c839000 rw-p 00000000 00:00 0 
7f712c839000-7f7130000000 ---p 00000000 00:00 0 
7f7130000000-7f713003b000 rw-p 00000000 00:00 0 
7f713003b000-7f7134000000 ---p 00000000 00:00 0 
7f7134000000-7f7134021000 rw-p 00000000 00:00 0 
7f7134021000-7f7138000000 ---p 00000000 00:00 0 
7f71393e3000-7f71395e3000 rw-p 00000000 00:00 0 
7f71395e3000-7f71397e3000 rw-p 00000000 00:00 0 
7f71397e3000-7f71399e3000 rw-p 00000000 00:00 0 
7f71399e3000-7f71399e6000 ---p 00000000 00:00 0 
7f71399e6000-7f7139ae4000 rw-p 00000000 00:00 0 
7f7139ae4000-7f7139ae7000 ---p 00000000 00:00 0 
7f7139ae7000-7f7139be5000 rw-p 00000000 00:00 0 
7f7139be5000-7f7139be8000 ---p 00000000 00:00 0 
7f7139be8000-7f7139ce6000 rw-p 00000000 00:00 0 
7f7139ce6000-7f7139ce9000 ---p 00000000 00:00 0 
7f7139ce9000-7f7139de7000 rw-p 00000000 00:00 0 
7f7139de7000-7f7139dea000 ---p 00000000 00:00 0 
7f7139dea000-7f7139ee8000 rw-p 00000000 00:00 0 
7f7139ee8000-7f7139eeb000 ---p 00000000 00:00 0 
7f7139eeb000-7f7139fe9000 rw-p 00000000 00:00 0 
7f7139fe9000-7f7139fec000 ---p 00000000 00:00 0 
7f7139fec000-7f713a0ea000 rw-p 00000000 00:00 0 
7f713a0ea000-7f713a0ed000 ---p 00000000 00:00 0 
7f713a0ed000-7f713a1eb000 rw-p 00000000 00:00 0 
7f713a1eb000-7f713a1ee000 ---p 00000000 00:00 0 
7f713a1ee000-7f713a2ec000 rw-p 00000000 00:00 0 
7f713a2ec000-7f713a2ef000 ---p 00000000 00:00 0 
7f713a2ef000-7f713a3ed000 rw-p 00000000 00:00 0 
7f713a3ed000-7f713a3f0000 ---p 00000000 00:00 0 
7f713a3f0000-7f713a4ee000 rw-p 00000000 00:00 0 
7f713a4ee000-7f713a4f1000 ---p 00000000 00:00 0 
7f713a4f1000-7f713a5ef000 rw-p 00000000 00:00 0 
7f713a5ef000-7f713a5f2000 ---p 00000000 00:00 0 
7f713a5f2000-7f713a6f0000 rw-p 00000000 00:00 0 
7f713a6f0000-7f713a6f3000 ---p 00000000 00:00 0 
7f713a6f3000-7f713a9f1000 rw-p 00000000 00:00 0 
7f713a9f1000-7f713a9f4000 ---p 00000000 00:00 0 
7f713a9f4000-7f713aaf2000 rw-p 00000000 00:00 0 
7f713aaf2000-7f713aaf5000 ---p 00000000 00:00 0 
7f713aaf5000-7f713abf3000 rw-p 00000000 00:00 0 
7f713abf3000-7f713abf6000 ---p 00000000 00:00 0 
7f713abf6000-7f713acf4000 rw-p 00000000 00:00 0 
7f713acf4000-7f713ad0a000 r-xp 00000000 08:01 2756237                    /usr/lib/jvm/jdk1.8.0_181/jre/lib/amd64/libnet.so
7f713ad0a000-7f713af0a000 ---p 00016000 08:01 2756237                    /usr/lib/jvm/jdk1.8.0_181/jre/lib/amd64/libnet.so
7f713af0a000-7f713af0b000 rw-p 00016000 08:01 2756237                    /usr/lib/jvm/jdk1.8.0_181/jre/lib/amd64/libnet.so
7f713af0b000-7f713b13c000 r--s 01bb1000 08:01 1706762                    /home/whj/dowork/DiffTGen/lib/evosuite-1.0.6.jar
7f713b13c000-7f713b13d000 ---p 00000000 00:00 0 
7f713b13d000-7f713b23d000 rw-p 00000000 00:00 0 
7f713b23d000-7f713b240000 ---p 00000000 00:00 0 
7f713b240000-7f713b33e000 rw-p 00000000 00:00 0 
7f713b33e000-7f713b341000 ---p 00000000 00:00 0 
7f713b341000-7f713b43f000 rw-p 00000000 00:00 0 
7f713b43f000-7f713b442000 ---p 00000000 00:00 0 
7f713b442000-7f713b540000 rw-p 00000000 00:00 0 
7f713b540000-7f713b543000 ---p 00000000 00:00 0 
7f713b543000-7f713b641000 rw-p 00000000 00:00 0 
7f713b641000-7f713c000000 r--p 00000000 08:01 1316108                    /usr/lib/locale/locale-archive
7f713c000000-7f713c502000 rw-p 00000000 00:00 0 
7f713c502000-7f7140000000 ---p 00000000 00:00 0 
7f7140000000-7f7140292000 rw-p 00000000 00:00 0 
7f7140292000-7f7144000000 ---p 00000000 00:00 0 
7f7144000000-7f7144021000 rw-p 00000000 00:00 0 
7f7144021000-7f7148000000 ---p 00000000 00:00 0 
7f714803b000-7f714804e000 r--s 00345000 08:01 2756119                    /usr/lib/jvm/jdk1.8.0_181/jre/lib/resources.jar
7f714804e000-7f71480c7000 r--s 010f9000 08:01 1448503                    /usr/lib/jvm/jdk1.8.0_181/lib/tools.jar
7f71480c7000-7f71480ca000 ---p 00000000 00:00 0 
7f71480ca000-7f71481c8000 rw-p 00000000 00:00 0 
7f71481c8000-7f71481cb000 ---p 00000000 00:00 0 
7f71481cb000-7f71482c9000 rw-p 00000000 00:00 0 
7f71482c9000-7f71482ca000 ---p 00000000 00:00 0 
7f71482ca000-7f714d000000 rw-p 00000000 00:00 0 
7f714d000000-7f714d7e0000 rwxp 00000000 00:00 0 
7f714d7e0000-7f715c000000 ---p 00000000 00:00 0 
7f715c000000-7f715c46c000 rw-p 00000000 00:00 0 
7f715c46c000-7f7160000000 ---p 00000000 00:00 0 
7f7160007000-7f7160023000 r--s 00393000 08:01 2756136                    /usr/lib/jvm/jdk1.8.0_181/jre/lib/ext/cldrdata.jar
7f7160023000-7f7160026000 ---p 00000000 00:00 0 
7f7160026000-7f716005c000 rw-p 00000000 00:00 0 
7f716005c000-7f716006e000 r--s 00169000 08:01 3147869                    /home/whj/dowork/DiffTGen/extra_output/Chart_1_2-plausible_jaid/target/build/classes/all0.jar
7f716006e000-7f7160371000 rw-p 00000000 00:00 0 
7f7160371000-7f716054b000 r--s 03d6b000 08:01 2756084                    /usr/lib/jvm/jdk1.8.0_181/jre/lib/rt.jar
7f716054b000-7f71609a4000 rw-p 00000000 00:00 0 
7f71609a4000-7f71609a5000 ---p 00000000 00:00 0 
7f71609a5000-7f7160aa5000 rw-p 00000000 00:00 0 
7f7160aa5000-7f7160aa6000 ---p 00000000 00:00 0 
7f7160aa6000-7f7160bd0000 rw-p 00000000 00:00 0 
7f7160bd0000-7f7160e3e000 ---p 00000000 00:00 0 
7f7160e3e000-7f7160e68000 rw-p 00000000 00:00 0 
7f7160e68000-7f71610d5000 ---p 00000000 00:00 0 
7f71610d5000-7f716111d000 rw-p 00000000 00:00 0 
7f716111d000-7f7161221000 ---p 00000000 00:00 0 
7f7161221000-7f7161242000 rw-p 00000000 00:00 0 
7f7161242000-7f71615e2000 ---p 00000000 00:00 0 
7f71615e2000-7f71615fd000 r-xp 00000000 08:01 2756233                    /usr/lib/jvm/jdk1.8.0_181/jre/lib/amd64/libzip.so
7f71615fd000-7f71617fd000 ---p 0001b000 08:01 2756233                    /usr/lib/jvm/jdk1.8.0_181/jre/lib/amd64/libzip.so
7f71617fd000-7f71617fe000 rw-p 0001b000 08:01 2756233                    /usr/lib/jvm/jdk1.8.0_181/jre/lib/amd64/libzip.so
7f71617fe000-7f7161809000 r-xp 00000000 08:01 1054188                    /lib/x86_64-linux-gnu/libnss_files-2.23.so
7f7161809000-7f7161a08000 ---p 0000b000 08:01 1054188                    /lib/x86_64-linux-gnu/libnss_files-2.23.so
7f7161a08000-7f7161a09000 r--p 0000a000 08:01 1054188                    /lib/x86_64-linux-gnu/libnss_files-2.23.so
7f7161a09000-7f7161a0a000 rw-p 0000b000 08:01 1054188                    /lib/x86_64-linux-gnu/libnss_files-2.23.so
7f7161a0a000-7f7161a10000 rw-p 00000000 00:00 0 
7f7161a10000-7f7161a1b000 r-xp 00000000 08:01 1054198                    /lib/x86_64-linux-gnu/libnss_nis-2.23.so
7f7161a1b000-7f7161c1a000 ---p 0000b000 08:01 1054198                    /lib/x86_64-linux-gnu/libnss_nis-2.23.so
7f7161c1a000-7f7161c1b000 r--p 0000a000 08:01 1054198                    /lib/x86_64-linux-gnu/libnss_nis-2.23.so
7f7161c1b000-7f7161c1c000 rw-p 0000b000 08:01 1054198                    /lib/x86_64-linux-gnu/libnss_nis-2.23.so
7f7161c1c000-7f7161c32000 r-xp 00000000 08:01 1054182                    /lib/x86_64-linux-gnu/libnsl-2.23.so
7f7161c32000-7f7161e31000 ---p 00016000 08:01 1054182                    /lib/x86_64-linux-gnu/libnsl-2.23.so
7f7161e31000-7f7161e32000 r--p 00015000 08:01 1054182                    /lib/x86_64-linux-gnu/libnsl-2.23.so
7f7161e32000-7f7161e33000 rw-p 00016000 08:01 1054182                    /lib/x86_64-linux-gnu/libnsl-2.23.so
7f7161e33000-7f7161e35000 rw-p 00000000 00:00 0 
7f7161e35000-7f7161e3d000 r-xp 00000000 08:01 1054184                    /lib/x86_64-linux-gnu/libnss_compat-2.23.so
7f7161e3d000-7f716203c000 ---p 00008000 08:01 1054184                    /lib/x86_64-linux-gnu/libnss_compat-2.23.so
7f716203c000-7f716203d000 r--p 00007000 08:01 1054184                    /lib/x86_64-linux-gnu/libnss_compat-2.23.so
7f716203d000-7f716203e000 rw-p 00008000 08:01 1054184                    /lib/x86_64-linux-gnu/libnss_compat-2.23.so
7f716203e000-7f7162069000 r-xp 00000000 08:01 2756227                    /usr/lib/jvm/jdk1.8.0_181/jre/lib/amd64/libjava.so
7f7162069000-7f7162268000 ---p 0002b000 08:01 2756227                    /usr/lib/jvm/jdk1.8.0_181/jre/lib/amd64/libjava.so
7f7162268000-7f716226a000 rw-p 0002a000 08:01 2756227                    /usr/lib/jvm/jdk1.8.0_181/jre/lib/amd64/libjava.so
7f716226a000-7f7162277000 r-xp 00000000 08:01 2756232                    /usr/lib/jvm/jdk1.8.0_181/jre/lib/amd64/libverify.so
7f7162277000-7f7162477000 ---p 0000d000 08:01 2756232                    /usr/lib/jvm/jdk1.8.0_181/jre/lib/amd64/libverify.so
7f7162477000-7f7162479000 rw-p 0000d000 08:01 2756232                    /usr/lib/jvm/jdk1.8.0_181/jre/lib/amd64/libverify.so
7f7162479000-7f7162480000 r-xp 00000000 08:01 1054243                    /lib/x86_64-linux-gnu/librt-2.23.so
7f7162480000-7f716267f000 ---p 00007000 08:01 1054243                    /lib/x86_64-linux-gnu/librt-2.23.so
7f716267f000-7f7162680000 r--p 00006000 08:01 1054243                    /lib/x86_64-linux-gnu/librt-2.23.so
7f7162680000-7f7162681000 rw-p 00007000 08:01 1054243                    /lib/x86_64-linux-gnu/librt-2.23.so
7f7162681000-7f7162789000 r-xp 00000000 08:01 1054159                    /lib/x86_64-linux-gnu/libm-2.23.so
7f7162789000-7f7162988000 ---p 00108000 08:01 1054159                    /lib/x86_64-linux-gnu/libm-2.23.so
7f7162988000-7f7162989000 r--p 00107000 08:01 1054159                    /lib/x86_64-linux-gnu/libm-2.23.so
7f7162989000-7f716298a000 rw-p 00108000 08:01 1054159                    /lib/x86_64-linux-gnu/libm-2.23.so
7f716298a000-7f7163666000 r-xp 00000000 08:01 2756209                    /usr/lib/jvm/jdk1.8.0_181/jre/lib/amd64/server/libjvm.so
7f7163666000-7f7163866000 ---p 00cdc000 08:01 2756209                    /usr/lib/jvm/jdk1.8.0_181/jre/lib/amd64/server/libjvm.so
7f7163866000-7f7163940000 rw-p 00cdc000 08:01 2756209                    /usr/lib/jvm/jdk1.8.0_181/jre/lib/amd64/server/libjvm.so
7f7163940000-7f716398b000 rw-p 00000000 00:00 0 
7f716398b000-7f7163b4b000 r-xp 00000000 08:01 1054089                    /lib/x86_64-linux-gnu/libc-2.23.so
7f7163b4b000-7f7163d4b000 ---p 001c0000 08:01 1054089                    /lib/x86_64-linux-gnu/libc-2.23.so
7f7163d4b000-7f7163d4f000 r--p 001c0000 08:01 1054089                    /lib/x86_64-linux-gnu/libc-2.23.so
7f7163d4f000-7f7163d51000 rw-p 001c4000 08:01 1054089                    /lib/x86_64-linux-gnu/libc-2.23.so
7f7163d51000-7f7163d55000 rw-p 00000000 00:00 0 
7f7163d55000-7f7163d58000 r-xp 00000000 08:01 1054113                    /lib/x86_64-linux-gnu/libdl-2.23.so
7f7163d58000-7f7163f57000 ---p 00003000 08:01 1054113                    /lib/x86_64-linux-gnu/libdl-2.23.so
7f7163f57000-7f7163f58000 r--p 00002000 08:01 1054113                    /lib/x86_64-linux-gnu/libdl-2.23.so
7f7163f58000-7f7163f59000 rw-p 00003000 08:01 1054113                    /lib/x86_64-linux-gnu/libdl-2.23.so
7f7163f59000-7f7163f6f000 r-xp 00000000 08:01 1449032                    /usr/lib/jvm/jdk1.8.0_181/lib/amd64/jli/libjli.so
7f7163f6f000-7f716416e000 ---p 00016000 08:01 1449032                    /usr/lib/jvm/jdk1.8.0_181/lib/amd64/jli/libjli.so
7f716416e000-7f716416f000 rw-p 00015000 08:01 1449032                    /usr/lib/jvm/jdk1.8.0_181/lib/amd64/jli/libjli.so
7f716416f000-7f7164187000 r-xp 00000000 08:01 1054235                    /lib/x86_64-linux-gnu/libpthread-2.23.so
7f7164187000-7f7164386000 ---p 00018000 08:01 1054235                    /lib/x86_64-linux-gnu/libpthread-2.23.so
7f7164386000-7f7164387000 r--p 00017000 08:01 1054235                    /lib/x86_64-linux-gnu/libpthread-2.23.so
7f7164387000-7f7164388000 rw-p 00018000 08:01 1054235                    /lib/x86_64-linux-gnu/libpthread-2.23.so
7f7164388000-7f716438c000 rw-p 00000000 00:00 0 
7f716438c000-7f71643b2000 r-xp 00000000 08:01 1054061                    /lib/x86_64-linux-gnu/ld-2.23.so
7f71643b8000-7f71643c2000 r--s 00116000 08:01 2756143                    /usr/lib/jvm/jdk1.8.0_181/jre/lib/ext/localedata.jar
7f71643c2000-7f7164493000 rw-p 00000000 00:00 0 
7f7164493000-7f7164496000 ---p 00000000 00:00 0 
7f7164496000-7f7164599000 rw-p 00000000 00:00 0 
7f7164599000-7f716459e000 r--s 0009d000 08:01 2756133                    /usr/lib/jvm/jdk1.8.0_181/jre/lib/jsse.jar
7f716459e000-7f71645a6000 r--s 0006e000 08:01 2248917                    /home/whj/dowork/DiffTGen/lib/commons-lang3-3.5.jar
7f71645a6000-7f71645a7000 r--s 00000000 08:01 2248922                    /home/whj/dowork/DiffTGen/lib/myprinter.jar
7f71645a7000-7f71645af000 rw-s 00000000 08:01 1984673                    /tmp/hsperfdata_whj/62658
7f71645af000-7f71645b0000 rw-p 00000000 00:00 0 
7f71645b0000-7f71645b1000 ---p 00000000 00:00 0 
7f71645b1000-7f71645b2000 r--p 00025000 08:01 1054061                    /lib/x86_64-linux-gnu/ld-2.23.so
7f71645b2000-7f71645b3000 rw-p 00026000 08:01 1054061                    /lib/x86_64-linux-gnu/ld-2.23.so
7f71645b3000-7f71645b4000 rw-p 00000000 00:00 0 
7ffcf5160000-7ffcf5182000 rw-p 00000000 00:00 0                          [stack]
7ffcf51d6000-7ffcf51d9000 r--p 00000000 00:00 0                          [vvar]
7ffcf51d9000-7ffcf51db000 r-xp 00000000 00:00 0                          [vdso]
ffffffffff600000-ffffffffff601000 r-xp 00000000 00:00 0                  [vsyscall]

VM Arguments:
java_command: /home/whj/dowork/DiffTGen/lib/evosuite-1.0.6.jar -base_dir /home/whj/dowork/DiffTGen/extra_output/Chart_1_2-plausible_jaid/target/0/9 -projectCP /home/whj/dowork/DiffTGen/extra_output/Chart_1_2-plausible_jaid/target/build/classes/all0.jar:/home/whj/dowork/DiffTGen/lib/myprinter.jar:/home/whj/dowork/DiffTGen/lib/commons-lang3-3.5.jar -class org.jfree.chart.renderer.category.AbstractCategoryItemRenderer -Dassertions=false -Dsearch_budget=60
java_class_path (initial): /home/whj/dowork/DiffTGen/lib/evosuite-1.0.6.jar
Launcher Type: SUN_STANDARD

Environment Variables:
JAVA_HOME=/usr/lib/jvm/jdk1.8.0_181
JRE_HOME=/usr/lib/jvm/jdk1.8.0_181/jre
CLASSPATH=.:/usr/lib/jvm/jdk1.8.0_181/lib:/usr/lib/jvm/jdk1.8.0_181/jre/lib
PATH=/home/whj/perl5/bin:/home/whj/dowork/defects4j-1.2.0/framework/bin:/usr/lib/jvm/jdk1.8.0_181/bin:/usr/lib/jvm/jdk1.8.0_181/jre/bin:/home/whj/bin:/home/whj/.local/bin:/usr/local/sbin:/usr/local/bin:/usr/sbin:/usr/bin:/sbin:/bin:/usr/games:/usr/local/games" :/snap/bin:/home/whj/bin
SHELL=/bin/bash
DISPLAY=:0

Signal Handlers:
SIGSEGV: [libjvm.so+0xad2a40], sa_mask[0]=11111111011111111101111111111110, sa_flags=SA_RESTART|SA_SIGINFO
SIGBUS: [libjvm.so+0xad2a40], sa_mask[0]=11111111011111111101111111111110, sa_flags=SA_RESTART|SA_SIGINFO
SIGFPE: [libjvm.so+0x92a610], sa_mask[0]=11111111011111111101111111111110, sa_flags=SA_RESTART|SA_SIGINFO
SIGPIPE: [libjvm.so+0x92a610], sa_mask[0]=11111111011111111101111111111110, sa_flags=SA_RESTART|SA_SIGINFO
SIGXFSZ: [libjvm.so+0x92a610], sa_mask[0]=11111111011111111101111111111110, sa_flags=SA_RESTART|SA_SIGINFO
SIGILL: [libjvm.so+0x92a610], sa_mask[0]=11111111011111111101111111111110, sa_flags=SA_RESTART|SA_SIGINFO
SIGUSR1: SIG_DFL, sa_mask[0]=00000000000000000000000000000000, sa_flags=none
SIGUSR2: [libjvm.so+0x92be70], sa_mask[0]=00100000000000000000000000000000, sa_flags=SA_RESTART|SA_SIGINFO
SIGHUP: [libjvm.so+0x92d270], sa_mask[0]=11111111011111111101111111111110, sa_flags=SA_RESTART|SA_SIGINFO
SIGINT: [libjvm.so+0x92d270], sa_mask[0]=11111111011111111101111111111110, sa_flags=SA_RESTART|SA_SIGINFO
SIGTERM: [libjvm.so+0x92d270], sa_mask[0]=11111111011111111101111111111110, sa_flags=SA_RESTART|SA_SIGINFO
SIGQUIT: [libjvm.so+0x92d270], sa_mask[0]=11111111011111111101111111111110, sa_flags=SA_RESTART|SA_SIGINFO


---------------  S Y S T E M  ---------------

OS:DISTRIB_ID=Ubuntu
DISTRIB_RELEASE=16.04
DISTRIB_CODENAME=xenial
DISTRIB_DESCRIPTION="Ubuntu 16.04.6 LTS"

uname:Linux 4.15.0-91-generic #92~16.04.1-Ubuntu SMP Fri Feb 28 14:57:22 UTC 2020 x86_64
libc:glibc 2.23 NPTL 2.23 
rlimit: STACK 8192k, CORE 0k, NPROC 31576, NOFILE 1048576, AS infinity
load average:19.27 16.46 15.63

/proc/meminfo:
MemTotal:        8144704 kB
MemFree:         1012832 kB
MemAvailable:     903340 kB
Buffers:            1268 kB
Cached:            23292 kB
SwapCached:         1776 kB
Active:          5960988 kB
Inactive:         748864 kB
Active(anon):    5945712 kB
Inactive(anon):   741104 kB
Active(file):      15276 kB
Inactive(file):     7760 kB
Unevictable:          32 kB
Mlocked:              32 kB
SwapTotal:        998396 kB
SwapFree:           2292 kB
Dirty:               116 kB
Writeback:             0 kB
AnonPages:       6683880 kB
Mapped:            16484 kB
Shmem:              1216 kB
Slab:              88732 kB
SReclaimable:      31624 kB
SUnreclaim:        57108 kB
KernelStack:       16060 kB
PageTables:        46624 kB
NFS_Unstable:          0 kB
Bounce:                0 kB
WritebackTmp:          0 kB
CommitLimit:     5070748 kB
Committed_AS:   13702556 kB
VmallocTotal:   34359738367 kB
VmallocUsed:           0 kB
VmallocChunk:          0 kB
HardwareCorrupted:     0 kB
AnonHugePages:         0 kB
ShmemHugePages:        0 kB
ShmemPmdMapped:        0 kB
CmaTotal:              0 kB
CmaFree:               0 kB
HugePages_Total:       0
HugePages_Free:        0
HugePages_Rsvd:        0
HugePages_Surp:        0
Hugepagesize:       2048 kB
DirectMap4k:      128832 kB
DirectMap2M:     7211008 kB
DirectMap1G:     3145728 kB


CPU:total 2 (initial active 2) (2 cores per cpu, 1 threads per core) family 6 model 158 stepping 10, cmov, cx8, fxsr, mmx, sse, sse2, sse3, ssse3, sse4.1, sse4.2, popcnt, avx, avx2, aes, clmul, erms, 3dnowpref, lzcnt, tsc, tscinvbit, bmi1, bmi2, adx

/proc/cpuinfo:
processor	: 0
vendor_id	: GenuineIntel
cpu family	: 6
model		: 158
model name	: Intel(R) Core(TM) i7-8750H CPU @ 2.20GHz
stepping	: 10
microcode	: 0x96
cpu MHz		: 2207.999
cache size	: 9216 KB
physical id	: 0
siblings	: 2
core id		: 0
cpu cores	: 2
apicid		: 0
initial apicid	: 0
fpu		: yes
fpu_exception	: yes
cpuid level	: 22
wp		: yes
flags		: fpu vme de pse tsc msr pae mce cx8 apic sep mtrr pge mca cmov pat pse36 clflush mmx fxsr sse sse2 ss ht syscall nx pdpe1gb rdtscp lm constant_tsc arch_perfmon nopl xtopology tsc_reliable nonstop_tsc cpuid pni pclmulqdq ssse3 fma cx16 pcid sse4_1 sse4_2 x2apic movbe popcnt tsc_deadline_timer aes xsave avx f16c rdrand hypervisor lahf_lm abm 3dnowprefetch cpuid_fault invpcid_single pti ssbd ibrs ibpb stibp fsgsbase tsc_adjust bmi1 avx2 smep bmi2 invpcid rdseed adx smap xsaveopt arat flush_l1d arch_capabilities
bugs		: cpu_meltdown spectre_v1 spectre_v2 spec_store_bypass l1tf mds swapgs itlb_multihit
bogomips	: 4415.99
clflush size	: 64
cache_alignment	: 64
address sizes	: 42 bits physical, 48 bits virtual
power management:

processor	: 1
vendor_id	: GenuineIntel
cpu family	: 6
model		: 158
model name	: Intel(R) Core(TM) i7-8750H CPU @ 2.20GHz
stepping	: 10
microcode	: 0x96
cpu MHz		: 2207.999
cache size	: 9216 KB
physical id	: 0
siblings	: 2
core id		: 1
cpu cores	: 2
apicid		: 1
initial apicid	: 1
fpu		: yes
fpu_exception	: yes
cpuid level	: 22
wp		: yes
flags		: fpu vme de pse tsc msr pae mce cx8 apic sep mtrr pge mca cmov pat pse36 clflush mmx fxsr sse sse2 ss ht syscall nx pdpe1gb rdtscp lm constant_tsc arch_perfmon nopl xtopology tsc_reliable nonstop_tsc cpuid pni pclmulqdq ssse3 fma cx16 pcid sse4_1 sse4_2 x2apic movbe popcnt tsc_deadline_timer aes xsave avx f16c rdrand hypervisor lahf_lm abm 3dnowprefetch cpuid_fault invpcid_single pti ssbd ibrs ibpb stibp fsgsbase tsc_adjust bmi1 avx2 smep bmi2 invpcid rdseed adx smap xsaveopt arat flush_l1d arch_capabilities
bugs		: cpu_meltdown spectre_v1 spectre_v2 spec_store_bypass l1tf mds swapgs itlb_multihit
bogomips	: 4415.99
clflush size	: 64
cache_alignment	: 64
address sizes	: 42 bits physical, 48 bits virtual
power management:



Memory: 4k page, physical 8144704k(1012832k free), swap 998396k(2292k free)

vm_info: Java HotSpot(TM) 64-Bit Server VM (25.181-b13) for linux-amd64 JRE (1.8.0_181-b13), built on Jul  7 2018 00:56:38 by "java_re" with gcc 4.3.0 20080428 (Red Hat 4.3.0-8)

time: Fri Mar 27 16:02:01 2020
elapsed time: 118 seconds (0d 0h 1m 58s)

