#
# There is insufficient memory for the Java Runtime Environment to continue.
# Native memory allocation (mmap) failed to map 33554432 bytes for committing reserved memory.
# Possible reasons:
#   The system is out of physical RAM or swap space
#   In 32 bit mode, the process size limit was hit
# Possible solutions:
#   Reduce memory load on the system
#   Increase physical memory or swap space
#   Check if swap backing store is full
#   Use 64 bit Java on a 64 bit OS
#   Decrease Java heap size (-Xmx/-Xms)
#   Decrease number of Java threads
#   Decrease Java thread stack sizes (-Xss)
#   Set larger code cache with -XX:ReservedCodeCacheSize=
# This output file may be truncated or incomplete.
#
#  Out of Memory Error (os_linux.cpp:2640), pid=23114, tid=0x00007f7890ac8700
#
# JRE version: Java(TM) SE Runtime Environment (8.0_181-b13) (build 1.8.0_181-b13)
# Java VM: Java HotSpot(TM) 64-Bit Server VM (25.181-b13 mixed mode linux-amd64 compressed oops)
# Failed to write core dump. Core dumps have been disabled. To enable core dumping, try "ulimit -c unlimited" before starting Java again
#

---------------  T H R E A D  ---------------

Current thread (0x00007f78a40fb800):  VMThread [stack: 0x00007f78909c8000,0x00007f7890ac9000] [id=23152]

Stack: [0x00007f78909c8000,0x00007f7890ac9000],  sp=0x00007f7890ac7320,  free space=1020k
Native frames: (J=compiled Java code, j=interpreted, Vv=VM code, C=native code)
V  [libjvm.so+0xad21aa]  VMError::report_and_die()+0x2ba
V  [libjvm.so+0x5022db]  report_vm_out_of_memory(char const*, int, unsigned long, VMErrorType, char const*)+0x8b
V  [libjvm.so+0x92fe33]  os::Linux::commit_memory_impl(char*, unsigned long, bool)+0x123
V  [libjvm.so+0x930059]  os::pd_commit_memory(char*, unsigned long, unsigned long, bool)+0x29
V  [libjvm.so+0x9272ba]  os::commit_memory(char*, unsigned long, unsigned long, bool)+0x2a
V  [libjvm.so+0x99d2e3]  PSVirtualSpace::expand_by(unsigned long)+0x53
V  [libjvm.so+0x99e6e8]  PSYoungGen::resize_generation(unsigned long, unsigned long)+0xf8
V  [libjvm.so+0x99d842]  PSYoungGen::resize(unsigned long, unsigned long)+0x22
V  [libjvm.so+0x99ab1b]  PSScavenge::invoke_no_policy()+0xf3b
V  [libjvm.so+0x99b2a1]  PSScavenge::invoke()+0x41
V  [libjvm.so+0x951d70]  ParallelScavengeHeap::failed_mem_allocate(unsigned long)+0x70
V  [libjvm.so+0xad3c27]  VM_ParallelGCFailedAllocation::doit()+0x97
V  [libjvm.so+0xadb745]  VM_Operation::evaluate()+0x55
V  [libjvm.so+0xad9b0a]  VMThread::evaluate_operation(VM_Operation*)+0xba
V  [libjvm.so+0xad9e8e]  VMThread::loop()+0x1ce
V  [libjvm.so+0xada300]  VMThread::run()+0x70
V  [libjvm.so+0x930198]  java_start(Thread*)+0x108

VM_Operation (0x00007f78571eacf0): ParallelGCFailedAllocation, mode: safepoint, requested by thread 0x0000000001eb0800


---------------  P R O C E S S  ---------------

Java Threads: ( => current thread )
  0x0000000001eb2000 JavaThread "RMI TCP Connection(5)-127.0.0.1" daemon [_thread_in_native, id=23589, stack(0x00007f78573f6000,0x00007f78574f7000)]
  0x0000000001eb0800 JavaThread "RMI TCP Connection(4)-127.0.0.1" daemon [_thread_blocked, id=23538, stack(0x00007f78570f3000,0x00007f78571f4000)]
  0x00007f7878038000 JavaThread "RMI Scheduler(0)" daemon [_thread_blocked, id=23535, stack(0x00007f78571f4000,0x00007f78572f5000)]
  0x00007f7878032800 JavaThread "RMI RenewClean-[127.0.0.1:16852]" daemon [_thread_blocked, id=23521, stack(0x00007f78572f5000,0x00007f78573f6000)]
  0x00007f7858005800 JavaThread "pool-3-thread-3" [_thread_in_native, id=23447, stack(0x00007f78574f7000,0x00007f78575f8000)]
  0x00007f7858004000 JavaThread "pool-3-thread-2" [_thread_in_native, id=23445, stack(0x00007f78575f8000,0x00007f78576f9000)]
  0x00007f7858003000 JavaThread "pool-3-thread-1" [_thread_in_native, id=23443, stack(0x00007f78576f9000,0x00007f78577fa000)]
  0x00007f78a436b800 JavaThread "Thread-3" [_thread_in_native, id=23343, stack(0x00007f78577fa000,0x00007f78578fb000)]
  0x00007f78a436a000 JavaThread "Thread-2" [_thread_in_native, id=23341, stack(0x00007f78578fb000,0x00007f78579fc000)]
  0x00007f78a4368800 JavaThread "process reaper" daemon [_thread_in_native, id=23334, stack(0x00007f78a8007000,0x00007f78a8040000)]
  0x00007f78a4362800 JavaThread "pool-2-thread-1" [_thread_in_native, id=23302, stack(0x00007f78579fc000,0x00007f7857afd000)]
  0x00007f78a4360000 JavaThread "GC Daemon" daemon [_thread_blocked, id=23301, stack(0x00007f7857afd000,0x00007f7857bfe000)]
  0x00007f78a435d800 JavaThread "RMI Reaper" [_thread_blocked, id=23300, stack(0x00007f7857bfe000,0x00007f7857cff000)]
  0x00007f78a4354800 JavaThread "RMI TCP Accept-10434" daemon [_thread_in_native, id=23293, stack(0x00007f7857cff000,0x00007f7857e00000)]
  0x00007f78a434f000 JavaThread "RMI TCP Accept-15442" daemon [_thread_in_native, id=23288, stack(0x00007f7880025000,0x00007f7880126000)]
  0x00007f78a4293800 JavaThread "logback-3" daemon [_thread_blocked, id=23235, stack(0x00007f7880126000,0x00007f7880227000)]
  0x00007f78a4292000 JavaThread "logback-2" daemon [_thread_blocked, id=23228, stack(0x00007f7880227000,0x00007f7880328000)]
  0x00007f78a4290800 JavaThread "logback-1" daemon [_thread_blocked, id=23223, stack(0x00007f7880328000,0x00007f7880429000)]
  0x00007f78a4142000 JavaThread "Service Thread" daemon [_thread_blocked, id=23186, stack(0x00007f78903c2000,0x00007f78904c3000)]
  0x00007f78a413f000 JavaThread "C1 CompilerThread1" daemon [_thread_blocked, id=23178, stack(0x00007f78904c3000,0x00007f78905c4000)]
  0x00007f78a413c000 JavaThread "C2 CompilerThread0" daemon [_thread_blocked, id=23174, stack(0x00007f78905c4000,0x00007f78906c5000)]
  0x00007f78a413a800 JavaThread "Signal Dispatcher" daemon [_thread_blocked, id=23171, stack(0x00007f78906c5000,0x00007f78907c6000)]
  0x00007f78a4107800 JavaThread "Finalizer" daemon [_thread_blocked, id=23165, stack(0x00007f78907c6000,0x00007f78908c7000)]
  0x00007f78a4105000 JavaThread "Reference Handler" daemon [_thread_blocked, id=23160, stack(0x00007f78908c7000,0x00007f78909c8000)]
  0x00007f78a400a800 JavaThread "main" [_thread_in_native, id=23125, stack(0x00007f78acb76000,0x00007f78acc77000)]

Other Threads:
=>0x00007f78a40fb800 VMThread [stack: 0x00007f78909c8000,0x00007f7890ac9000] [id=23152]
  0x00007f78a4146800 WatcherThread [stack: 0x00007f78902c1000,0x00007f78903c2000] [id=23197]

VM state:at safepoint (normal execution)

VM Mutex/Monitor currently owned by a thread:  ([mutex/lock_event])
[0x00007f78a4006ca0] Threads_lock - owner thread: 0x00007f78a40fb800
[0x00007f78a40071a0] Heap_lock - owner thread: 0x0000000001eb0800

Heap:
 PSYoungGen      total 37888K, used 4922K [0x00000000d6900000, 0x00000000d9300000, 0x0000000100000000)
  eden space 32768K, 0% used [0x00000000d6900000,0x00000000d6900000,0x00000000d8900000)
  from space 5120K, 96% used [0x00000000d8900000,0x00000000d8dce990,0x00000000d8e00000)
  to   space 5120K, 0% used [0x00000000d8e00000,0x00000000d8e00000,0x00000000d9300000)
 ParOldGen       total 86016K, used 4575K [0x0000000083a00000, 0x0000000088e00000, 0x00000000d6900000)
  object space 86016K, 5% used [0x0000000083a00000,0x0000000083e77d30,0x0000000088e00000)
 Metaspace       used 13749K, capacity 14206K, committed 14336K, reserved 1062912K
  class space    used 1580K, capacity 1700K, committed 1792K, reserved 1048576K

Card table byte_map: [0x00007f78a9521000,0x00007f78a9905000] byte_map_base: 0x00007f78a9104000

Marking Bits: (ParMarkBitMap*) 0x00007f78ac0410a0
 Begin Bits: [0x00007f78911d0000, 0x00007f78930e8000)
 End Bits:   [0x00007f78930e8000, 0x00007f7895000000)

Polling page: 0x00007f78acc93000

CodeCache: size=245760Kb used=5343Kb max_used=5343Kb free=240416Kb
 bounds [0x00007f7895000000, 0x00007f7895540000, 0x00007f78a4000000]
 total_blobs=1975 nmethods=1627 adapters=260
 compilation: enabled

Compilation events (10 events):
Event: 104.392 Thread 0x00007f78a413f000 1659       2       org.evosuite.shaded.org.objectweb.asm.tree.analysis.SourceInterpreter::copyOperation (13 bytes)
Event: 104.392 Thread 0x00007f78a413f000 nmethod 1659 0x00007f7895537490 code [0x00007f7895537600, 0x00007f7895537830]
Event: 104.392 Thread 0x00007f78a413f000 1655       2       org.evosuite.shaded.org.objectweb.asm.commons.AdviceAdapter::visitJumpInsn (254 bytes)
Event: 104.393 Thread 0x00007f78a413f000 nmethod 1655 0x00007f7895537950 code [0x00007f7895537b20, 0x00007f7895537ec8]
Event: 104.393 Thread 0x00007f78a413f000 1657       2       org.evosuite.shaded.org.objectweb.asm.tree.analysis.Frame::setLocal (43 bytes)
Event: 104.393 Thread 0x00007f78a413f000 nmethod 1657 0x00007f78955380d0 code [0x00007f7895538280, 0x00007f7895538718]
Event: 104.393 Thread 0x00007f78a413f000 1656   !   2       java.util.Collections$SynchronizedCollection::add (25 bytes)
Event: 104.393 Thread 0x00007f78a413f000 nmethod 1656 0x00007f7895538a10 code [0x00007f7895538b80, 0x00007f7895538e88]
Event: 104.393 Thread 0x00007f78a413f000 1654       2       org.evosuite.instrumentation.ReturnValueAdapter::visitInsn (155 bytes)
Event: 104.393 Thread 0x00007f78a413f000 nmethod 1654 0x00007f7895538f90 code [0x00007f7895539160, 0x00007f7895539488]

GC Heap History (7 events):
Event: 3.561 GC heap before
{Heap before GC invocations=1 (full 0):
 PSYoungGen      total 37888K, used 19112K [0x00000000d6900000, 0x00000000d9300000, 0x0000000100000000)
  eden space 32768K, 58% used [0x00000000d6900000,0x00000000d7baa260,0x00000000d8900000)
  from space 5120K, 0% used [0x00000000d8e00000,0x00000000d8e00000,0x00000000d9300000)
  to   space 5120K, 0% used [0x00000000d8900000,0x00000000d8900000,0x00000000d8e00000)
 ParOldGen       total 86016K, used 0K [0x0000000083a00000, 0x0000000088e00000, 0x00000000d6900000)
  object space 86016K, 0% used [0x0000000083a00000,0x0000000083a00000,0x0000000088e00000)
 Metaspace       used 10221K, capacity 10396K, committed 10624K, reserved 1058816K
  class space    used 1237K, capacity 1319K, committed 1408K, reserved 1048576K
Event: 3.572 GC heap after
Heap after GC invocations=1 (full 0):
 PSYoungGen      total 37888K, used 4166K [0x00000000d6900000, 0x00000000d9300000, 0x0000000100000000)
  eden space 32768K, 0% used [0x00000000d6900000,0x00000000d6900000,0x00000000d8900000)
  from space 5120K, 81% used [0x00000000d8900000,0x00000000d8d118a0,0x00000000d8e00000)
  to   space 5120K, 0% used [0x00000000d8e00000,0x00000000d8e00000,0x00000000d9300000)
 ParOldGen       total 86016K, used 80K [0x0000000083a00000, 0x0000000088e00000, 0x00000000d6900000)
  object space 86016K, 0% used [0x0000000083a00000,0x0000000083a14010,0x0000000088e00000)
 Metaspace       used 10221K, capacity 10396K, committed 10624K, reserved 1058816K
  class space    used 1237K, capacity 1319K, committed 1408K, reserved 1048576K
}
Event: 3.572 GC heap before
{Heap before GC invocations=2 (full 1):
 PSYoungGen      total 37888K, used 4166K [0x00000000d6900000, 0x00000000d9300000, 0x0000000100000000)
  eden space 32768K, 0% used [0x00000000d6900000,0x00000000d6900000,0x00000000d8900000)
  from space 5120K, 81% used [0x00000000d8900000,0x00000000d8d118a0,0x00000000d8e00000)
  to   space 5120K, 0% used [0x00000000d8e00000,0x00000000d8e00000,0x00000000d9300000)
 ParOldGen       total 86016K, used 80K [0x0000000083a00000, 0x0000000088e00000, 0x00000000d6900000)
  object space 86016K, 0% used [0x0000000083a00000,0x0000000083a14010,0x0000000088e00000)
 Metaspace       used 10221K, capacity 10396K, committed 10624K, reserved 1058816K
  class space    used 1237K, capacity 1319K, committed 1408K, reserved 1048576K
Event: 3.637 GC heap after
Heap after GC invocations=2 (full 1):
 PSYoungGen      total 37888K, used 0K [0x00000000d6900000, 0x00000000d9300000, 0x0000000100000000)
  eden space 32768K, 0% used [0x00000000d6900000,0x00000000d6900000,0x00000000d8900000)
  from space 5120K, 0% used [0x00000000d8900000,0x00000000d8900000,0x00000000d8e00000)
  to   space 5120K, 0% used [0x00000000d8e00000,0x00000000d8e00000,0x00000000d9300000)
 ParOldGen       total 86016K, used 4074K [0x0000000083a00000, 0x0000000088e00000, 0x00000000d6900000)
  object space 86016K, 4% used [0x0000000083a00000,0x0000000083dfab20,0x0000000088e00000)
 Metaspace       used 10213K, capacity 10386K, committed 10624K, reserved 1058816K
  class space    used 1236K, capacity 1317K, committed 1408K, reserved 1048576K
}
Event: 102.665 GC heap before
{Heap before GC invocations=3 (full 1):
 PSYoungGen      total 37888K, used 32768K [0x00000000d6900000, 0x00000000d9300000, 0x0000000100000000)
  eden space 32768K, 100% used [0x00000000d6900000,0x00000000d8900000,0x00000000d8900000)
  from space 5120K, 0% used [0x00000000d8900000,0x00000000d8900000,0x00000000d8e00000)
  to   space 5120K, 0% used [0x00000000d8e00000,0x00000000d8e00000,0x00000000d9300000)
 ParOldGen       total 86016K, used 4074K [0x0000000083a00000, 0x0000000088e00000, 0x00000000d6900000)
  object space 86016K, 4% used [0x0000000083a00000,0x0000000083dfab20,0x0000000088e00000)
 Metaspace       used 13641K, capacity 14078K, committed 14336K, reserved 1062912K
  class space    used 1579K, capacity 1700K, committed 1792K, reserved 1048576K
Event: 102.731 GC heap after
Heap after GC invocations=3 (full 1):
 PSYoungGen      total 37888K, used 5116K [0x00000000d6900000, 0x00000000d9300000, 0x0000000100000000)
  eden space 32768K, 0% used [0x00000000d6900000,0x00000000d6900000,0x00000000d8900000)
  from space 5120K, 99% used [0x00000000d8e00000,0x00000000d92ff058,0x00000000d9300000)
  to   space 5120K, 0% used [0x00000000d8900000,0x00000000d8900000,0x00000000d8e00000)
 ParOldGen       total 86016K, used 4575K [0x0000000083a00000, 0x0000000088e00000, 0x00000000d6900000)
  object space 86016K, 5% used [0x0000000083a00000,0x0000000083e77d30,0x0000000088e00000)
 Metaspace       used 13641K, capacity 14078K, committed 14336K, reserved 1062912K
  class space    used 1579K, capacity 1700K, committed 1792K, reserved 1048576K
}
Event: 104.461 GC heap before
{Heap before GC invocations=4 (full 1):
 PSYoungGen      total 37888K, used 37884K [0x00000000d6900000, 0x00000000d9300000, 0x0000000100000000)
  eden space 32768K, 100% used [0x00000000d6900000,0x00000000d8900000,0x00000000d8900000)
  from space 5120K, 99% used [0x00000000d8e00000,0x00000000d92ff058,0x00000000d9300000)
  to   space 5120K, 0% used [0x00000000d8900000,0x00000000d8900000,0x00000000d8e00000)
 ParOldGen       total 86016K, used 4575K [0x0000000083a00000, 0x0000000088e00000, 0x00000000d6900000)
  object space 86016K, 5% used [0x0000000083a00000,0x0000000083e77d30,0x0000000088e00000)
 Metaspace       used 13749K, capacity 14206K, committed 14336K, reserved 1062912K
  class space    used 1580K, capacity 1700K, committed 1792K, reserved 1048576K

Deoptimization events (10 events):
Event: 99.385 Thread 0x0000000001eb0800 Uncommon trap: reason=bimorphic action=maybe_recompile pc=0x00007f789524c0d0 method=java.util.HashMap.putVal(ILjava/lang/Object;Ljava/lang/Object;ZZ)Ljava/lang/Object; @ 91
Event: 101.209 Thread 0x0000000001eb0800 Uncommon trap: reason=class_check action=maybe_recompile pc=0x00007f78953df1e8 method=java.util.HashMap.putVal(ILjava/lang/Object;Ljava/lang/Object;ZZ)Ljava/lang/Object; @ 203
Event: 101.938 Thread 0x0000000001eb0800 Uncommon trap: reason=class_check action=maybe_recompile pc=0x00007f78953df1e8 method=java.util.HashMap.putVal(ILjava/lang/Object;Ljava/lang/Object;ZZ)Ljava/lang/Object; @ 203
Event: 101.938 Thread 0x0000000001eb0800 Uncommon trap: reason=class_check action=maybe_recompile pc=0x00007f78953df1e8 method=java.util.HashMap.putVal(ILjava/lang/Object;Ljava/lang/Object;ZZ)Ljava/lang/Object; @ 203
Event: 101.938 Thread 0x0000000001eb0800 Uncommon trap: reason=class_check action=maybe_recompile pc=0x00007f78953df1e8 method=java.util.HashMap.putVal(ILjava/lang/Object;Ljava/lang/Object;ZZ)Ljava/lang/Object; @ 203
Event: 103.460 Thread 0x0000000001eb0800 Uncommon trap: reason=unstable_if action=reinterpret pc=0x00007f78951d6628 method=java.lang.AbstractStringBuilder.append(Ljava/lang/String;)Ljava/lang/AbstractStringBuilder; @ 1
Event: 103.739 Thread 0x0000000001eb0800 Uncommon trap: reason=bimorphic action=maybe_recompile pc=0x00007f78954e8c34 method=java.util.AbstractCollection.addAll(Ljava/util/Collection;)Z @ 3
Event: 103.739 Thread 0x0000000001eb0800 Uncommon trap: reason=bimorphic action=maybe_recompile pc=0x00007f78954e8c34 method=java.util.AbstractCollection.addAll(Ljava/util/Collection;)Z @ 3
Event: 103.739 Thread 0x0000000001eb0800 Uncommon trap: reason=bimorphic action=maybe_recompile pc=0x00007f78954e8c34 method=java.util.AbstractCollection.addAll(Ljava/util/Collection;)Z @ 3
Event: 103.739 Thread 0x0000000001eb0800 Uncommon trap: reason=bimorphic action=maybe_recompile pc=0x00007f78954e8c34 method=java.util.AbstractCollection.addAll(Ljava/util/Collection;)Z @ 3

Classes redefined (0 events):
No events

Internal exceptions (10 events):
Event: 81.967 Thread 0x00007f78a4292000 Exception <a 'java/net/ConnectException'> (0x00000000d6d2c8a8) thrown at [/HUDSON/workspace/8-2-build-linux-amd64/jdk8u181/11358/hotspot/src/share/vm/prims/jni.cpp, line 709]
Event: 81.986 Thread 0x00007f78a4293800 Exception <a 'java/net/ConnectException'> (0x00000000d6d7e828) thrown at [/HUDSON/workspace/8-2-build-linux-amd64/jdk8u181/11358/hotspot/src/share/vm/prims/jni.cpp, line 709]
Event: 91.958 Thread 0x00007f78a4290800 Exception <a 'java/net/ConnectException'> (0x00000000d6cdb588) thrown at [/HUDSON/workspace/8-2-build-linux-amd64/jdk8u181/11358/hotspot/src/share/vm/prims/jni.cpp, line 709]
Event: 91.968 Thread 0x00007f78a4292000 Exception <a 'java/net/ConnectException'> (0x00000000d6d2d3d0) thrown at [/HUDSON/workspace/8-2-build-linux-amd64/jdk8u181/11358/hotspot/src/share/vm/prims/jni.cpp, line 709]
Event: 91.987 Thread 0x00007f78a4293800 Exception <a 'java/net/ConnectException'> (0x00000000d6d7f350) thrown at [/HUDSON/workspace/8-2-build-linux-amd64/jdk8u181/11358/hotspot/src/share/vm/prims/jni.cpp, line 709]
Event: 100.046 Thread 0x0000000001eb0800 Exception <a 'java/lang/NoSuchMethodError': <clinit>> (0x00000000d7460b88) thrown at [/HUDSON/workspace/8-2-build-linux-amd64/jdk8u181/11358/hotspot/src/share/vm/prims/jni.cpp, line 1613]
Event: 102.065 Thread 0x00007f78a4293800 Exception <a 'java/net/ConnectException'> (0x00000000d6d7fe78) thrown at [/HUDSON/workspace/8-2-build-linux-amd64/jdk8u181/11358/hotspot/src/share/vm/prims/jni.cpp, line 709]
Event: 102.065 Thread 0x00007f78a4292000 Exception <a 'java/net/ConnectException'> (0x00000000d6d2def8) thrown at [/HUDSON/workspace/8-2-build-linux-amd64/jdk8u181/11358/hotspot/src/share/vm/prims/jni.cpp, line 709]
Event: 102.065 Thread 0x00007f78a4290800 Exception <a 'java/net/ConnectException'> (0x00000000d6cdc0b0) thrown at [/HUDSON/workspace/8-2-build-linux-amd64/jdk8u181/11358/hotspot/src/share/vm/prims/jni.cpp, line 709]
Event: 103.460 Thread 0x0000000001eb0800 Implicit null exception at 0x00007f78951d6236 to 0x00007f78951d6611

Events (10 events):
Event: 103.739 Thread 0x0000000001eb0800 Uncommon trap: trap_request=0xffffffc6 fr.pc=0x00007f78954e8c34
Event: 103.739 Thread 0x0000000001eb0800 DEOPT PACKING pc=0x00007f78954e8c34 sp=0x00007f78571eb100
Event: 103.739 Thread 0x0000000001eb0800 DEOPT UNPACKING pc=0x00007f789504573a sp=0x00007f78571eb100 mode 2
Event: 103.739 Thread 0x0000000001eb0800 Uncommon trap: trap_request=0xffffffc6 fr.pc=0x00007f78954e8c34
Event: 103.739 Thread 0x0000000001eb0800 DEOPT PACKING pc=0x00007f78954e8c34 sp=0x00007f78571eb100
Event: 103.739 Thread 0x0000000001eb0800 DEOPT UNPACKING pc=0x00007f789504573a sp=0x00007f78571eb100 mode 2
Event: 103.739 Thread 0x0000000001eb0800 Uncommon trap: trap_request=0xffffffc6 fr.pc=0x00007f78954e8c34
Event: 103.739 Thread 0x0000000001eb0800 DEOPT PACKING pc=0x00007f78954e8c34 sp=0x00007f78571eb100
Event: 103.739 Thread 0x0000000001eb0800 DEOPT UNPACKING pc=0x00007f789504573a sp=0x00007f78571eb100 mode 2
Event: 104.460 Executing VM operation: ParallelGCFailedAllocation


Dynamic libraries:
00400000-00401000 r-xp 00000000 08:01 1448396                            /usr/lib/jvm/jdk1.8.0_181/bin/java
00600000-00601000 rw-p 00000000 08:01 1448396                            /usr/lib/jvm/jdk1.8.0_181/bin/java
01eae000-01ecf000 rw-p 00000000 00:00 0                                  [heap]
83a00000-88e00000 rw-p 00000000 00:00 0 
88e00000-d6900000 ---p 00000000 00:00 0 
d6900000-d9300000 rw-p 00000000 00:00 0 
db300000-100000000 ---p 00000000 00:00 0 
100000000-1001c0000 rw-p 00000000 00:00 0 
1001c0000-140000000 ---p 00000000 00:00 0 
7f7850000000-7f7850021000 rw-p 00000000 00:00 0 
7f7850021000-7f7854000000 ---p 00000000 00:00 0 
7f7856cf3000-7f7856d33000 rw-p 00000000 00:00 0 
7f7856d33000-7f7856ef3000 ---p 00000000 00:00 0 
7f7856ef3000-7f78570f3000 rw-p 00000000 00:00 0 
7f78570f3000-7f78570f6000 ---p 00000000 00:00 0 
7f78570f6000-7f78571f4000 rw-p 00000000 00:00 0 
7f78571f4000-7f78571f7000 ---p 00000000 00:00 0 
7f78571f7000-7f78572f5000 rw-p 00000000 00:00 0 
7f78572f5000-7f78572f8000 ---p 00000000 00:00 0 
7f78572f8000-7f78573f6000 rw-p 00000000 00:00 0 
7f78573f6000-7f78573f9000 ---p 00000000 00:00 0 
7f78573f9000-7f78574f7000 rw-p 00000000 00:00 0 
7f78574f7000-7f78574fa000 ---p 00000000 00:00 0 
7f78574fa000-7f78575f8000 rw-p 00000000 00:00 0 
7f78575f8000-7f78575fb000 ---p 00000000 00:00 0 
7f78575fb000-7f78576f9000 rw-p 00000000 00:00 0 
7f78576f9000-7f78576fc000 ---p 00000000 00:00 0 
7f78576fc000-7f78577fa000 rw-p 00000000 00:00 0 
7f78577fa000-7f78577fd000 ---p 00000000 00:00 0 
7f78577fd000-7f78578fb000 rw-p 00000000 00:00 0 
7f78578fb000-7f78578fe000 ---p 00000000 00:00 0 
7f78578fe000-7f78579fc000 rw-p 00000000 00:00 0 
7f78579fc000-7f78579ff000 ---p 00000000 00:00 0 
7f78579ff000-7f7857afd000 rw-p 00000000 00:00 0 
7f7857afd000-7f7857b00000 ---p 00000000 00:00 0 
7f7857b00000-7f7857bfe000 rw-p 00000000 00:00 0 
7f7857bfe000-7f7857c01000 ---p 00000000 00:00 0 
7f7857c01000-7f7857cff000 rw-p 00000000 00:00 0 
7f7857cff000-7f7857d02000 ---p 00000000 00:00 0 
7f7857d02000-7f7858000000 rw-p 00000000 00:00 0 
7f7858000000-7f7858021000 rw-p 00000000 00:00 0 
7f7858021000-7f785c000000 ---p 00000000 00:00 0 
7f785c000000-7f785c021000 rw-p 00000000 00:00 0 
7f785c021000-7f7860000000 ---p 00000000 00:00 0 
7f7860000000-7f7860021000 rw-p 00000000 00:00 0 
7f7860021000-7f7864000000 ---p 00000000 00:00 0 
7f7864000000-7f7864021000 rw-p 00000000 00:00 0 
7f7864021000-7f7868000000 ---p 00000000 00:00 0 
7f7868000000-7f78684ba000 rw-p 00000000 00:00 0 
7f78684ba000-7f786c000000 ---p 00000000 00:00 0 
7f786c000000-7f786c021000 rw-p 00000000 00:00 0 
7f786c021000-7f7870000000 ---p 00000000 00:00 0 
7f7870000000-7f7870021000 rw-p 00000000 00:00 0 
7f7870021000-7f7874000000 ---p 00000000 00:00 0 
7f7874000000-7f787426c000 rw-p 00000000 00:00 0 
7f787426c000-7f7878000000 ---p 00000000 00:00 0 
7f7878000000-7f787803b000 rw-p 00000000 00:00 0 
7f787803b000-7f787c000000 ---p 00000000 00:00 0 
7f787c000000-7f787c021000 rw-p 00000000 00:00 0 
7f787c021000-7f7880000000 ---p 00000000 00:00 0 
7f7880009000-7f7880025000 r--s 00393000 08:01 2756136                    /usr/lib/jvm/jdk1.8.0_181/jre/lib/ext/cldrdata.jar
7f7880025000-7f7880028000 ---p 00000000 00:00 0 
7f7880028000-7f7880126000 rw-p 00000000 00:00 0 
7f7880126000-7f7880129000 ---p 00000000 00:00 0 
7f7880129000-7f7880227000 rw-p 00000000 00:00 0 
7f7880227000-7f788022a000 ---p 00000000 00:00 0 
7f788022a000-7f7880328000 rw-p 00000000 00:00 0 
7f7880328000-7f788032b000 ---p 00000000 00:00 0 
7f788032b000-7f788342a000 rw-p 00000000 00:00 0 
7f788342a000-7f7883440000 r-xp 00000000 08:01 2756237                    /usr/lib/jvm/jdk1.8.0_181/jre/lib/amd64/libnet.so
7f7883440000-7f7883640000 ---p 00016000 08:01 2756237                    /usr/lib/jvm/jdk1.8.0_181/jre/lib/amd64/libnet.so
7f7883640000-7f7883641000 rw-p 00016000 08:01 2756237                    /usr/lib/jvm/jdk1.8.0_181/jre/lib/amd64/libnet.so
7f7883641000-7f7884000000 r--p 00000000 08:01 1316108                    /usr/lib/locale/locale-archive
7f7884000000-7f78841d6000 rw-p 00000000 00:00 0 
7f78841d6000-7f7888000000 ---p 00000000 00:00 0 
7f7888000000-7f78882ac000 rw-p 00000000 00:00 0 
7f78882ac000-7f788c000000 ---p 00000000 00:00 0 
7f788c000000-7f788c021000 rw-p 00000000 00:00 0 
7f788c021000-7f7890000000 ---p 00000000 00:00 0 
7f7890017000-7f7890090000 r--s 010f9000 08:01 1448503                    /usr/lib/jvm/jdk1.8.0_181/lib/tools.jar
7f7890090000-7f78902c1000 r--s 01bb1000 08:01 1706762                    /home/whj/dowork/DiffTGen/lib/evosuite-1.0.6.jar
7f78902c1000-7f78902c2000 ---p 00000000 00:00 0 
7f78902c2000-7f78903c2000 rw-p 00000000 00:00 0 
7f78903c2000-7f78903c5000 ---p 00000000 00:00 0 
7f78903c5000-7f78904c3000 rw-p 00000000 00:00 0 
7f78904c3000-7f78904c6000 ---p 00000000 00:00 0 
7f78904c6000-7f78905c4000 rw-p 00000000 00:00 0 
7f78905c4000-7f78905c7000 ---p 00000000 00:00 0 
7f78905c7000-7f78906c5000 rw-p 00000000 00:00 0 
7f78906c5000-7f78906c8000 ---p 00000000 00:00 0 
7f78906c8000-7f78907c6000 rw-p 00000000 00:00 0 
7f78907c6000-7f78907c9000 ---p 00000000 00:00 0 
7f78907c9000-7f78908c7000 rw-p 00000000 00:00 0 
7f78908c7000-7f78908ca000 ---p 00000000 00:00 0 
7f78908ca000-7f78909c8000 rw-p 00000000 00:00 0 
7f78909c8000-7f78909c9000 ---p 00000000 00:00 0 
7f78909c9000-7f7895000000 rw-p 00000000 00:00 0 
7f7895000000-7f7895540000 rwxp 00000000 00:00 0 
7f7895540000-7f78a4000000 ---p 00000000 00:00 0 
7f78a4000000-7f78a446c000 rw-p 00000000 00:00 0 
7f78a446c000-7f78a8000000 ---p 00000000 00:00 0 
7f78a8007000-7f78a800a000 ---p 00000000 00:00 0 
7f78a800a000-7f78a8040000 rw-p 00000000 00:00 0 
7f78a8040000-7f78a8052000 r--s 00169000 08:01 4837                       /home/whj/dowork/DiffTGen/extra_output/Chart_1_1_jaid/target/build/classes/all0.jar
7f78a8052000-7f78a8254000 rw-p 00000000 00:00 0 
7f78a8254000-7f78a842e000 r--s 03d6b000 08:01 2756084                    /usr/lib/jvm/jdk1.8.0_181/jre/lib/rt.jar
7f78a842e000-7f78a9087000 rw-p 00000000 00:00 0 
7f78a9087000-7f78a9088000 ---p 00000000 00:00 0 
7f78a9088000-7f78a9188000 rw-p 00000000 00:00 0 
7f78a9188000-7f78a9189000 ---p 00000000 00:00 0 
7f78a9189000-7f78a92b3000 rw-p 00000000 00:00 0 
7f78a92b3000-7f78a9521000 ---p 00000000 00:00 0 
7f78a9521000-7f78a954b000 rw-p 00000000 00:00 0 
7f78a954b000-7f78a97b8000 ---p 00000000 00:00 0 
7f78a97b8000-7f78a97ce000 rw-p 00000000 00:00 0 
7f78a97ce000-7f78a9904000 ---p 00000000 00:00 0 
7f78a9904000-7f78a991a000 rw-p 00000000 00:00 0 
7f78a991a000-7f78a9cc5000 ---p 00000000 00:00 0 
7f78a9cc5000-7f78a9ce0000 r-xp 00000000 08:01 2756233                    /usr/lib/jvm/jdk1.8.0_181/jre/lib/amd64/libzip.so
7f78a9ce0000-7f78a9ee0000 ---p 0001b000 08:01 2756233                    /usr/lib/jvm/jdk1.8.0_181/jre/lib/amd64/libzip.so
7f78a9ee0000-7f78a9ee1000 rw-p 0001b000 08:01 2756233                    /usr/lib/jvm/jdk1.8.0_181/jre/lib/amd64/libzip.so
7f78a9ee1000-7f78a9eec000 r-xp 00000000 08:01 1054188                    /lib/x86_64-linux-gnu/libnss_files-2.23.so
7f78a9eec000-7f78aa0eb000 ---p 0000b000 08:01 1054188                    /lib/x86_64-linux-gnu/libnss_files-2.23.so
7f78aa0eb000-7f78aa0ec000 r--p 0000a000 08:01 1054188                    /lib/x86_64-linux-gnu/libnss_files-2.23.so
7f78aa0ec000-7f78aa0ed000 rw-p 0000b000 08:01 1054188                    /lib/x86_64-linux-gnu/libnss_files-2.23.so
7f78aa0ed000-7f78aa0f3000 rw-p 00000000 00:00 0 
7f78aa0f3000-7f78aa0fe000 r-xp 00000000 08:01 1054198                    /lib/x86_64-linux-gnu/libnss_nis-2.23.so
7f78aa0fe000-7f78aa2fd000 ---p 0000b000 08:01 1054198                    /lib/x86_64-linux-gnu/libnss_nis-2.23.so
7f78aa2fd000-7f78aa2fe000 r--p 0000a000 08:01 1054198                    /lib/x86_64-linux-gnu/libnss_nis-2.23.so
7f78aa2fe000-7f78aa2ff000 rw-p 0000b000 08:01 1054198                    /lib/x86_64-linux-gnu/libnss_nis-2.23.so
7f78aa2ff000-7f78aa315000 r-xp 00000000 08:01 1054182                    /lib/x86_64-linux-gnu/libnsl-2.23.so
7f78aa315000-7f78aa514000 ---p 00016000 08:01 1054182                    /lib/x86_64-linux-gnu/libnsl-2.23.so
7f78aa514000-7f78aa515000 r--p 00015000 08:01 1054182                    /lib/x86_64-linux-gnu/libnsl-2.23.so
7f78aa515000-7f78aa516000 rw-p 00016000 08:01 1054182                    /lib/x86_64-linux-gnu/libnsl-2.23.so
7f78aa516000-7f78aa518000 rw-p 00000000 00:00 0 
7f78aa518000-7f78aa520000 r-xp 00000000 08:01 1054184                    /lib/x86_64-linux-gnu/libnss_compat-2.23.so
7f78aa520000-7f78aa71f000 ---p 00008000 08:01 1054184                    /lib/x86_64-linux-gnu/libnss_compat-2.23.so
7f78aa71f000-7f78aa720000 r--p 00007000 08:01 1054184                    /lib/x86_64-linux-gnu/libnss_compat-2.23.so
7f78aa720000-7f78aa721000 rw-p 00008000 08:01 1054184                    /lib/x86_64-linux-gnu/libnss_compat-2.23.so
7f78aa721000-7f78aa74c000 r-xp 00000000 08:01 2756227                    /usr/lib/jvm/jdk1.8.0_181/jre/lib/amd64/libjava.so
7f78aa74c000-7f78aa94b000 ---p 0002b000 08:01 2756227                    /usr/lib/jvm/jdk1.8.0_181/jre/lib/amd64/libjava.so
7f78aa94b000-7f78aa94d000 rw-p 0002a000 08:01 2756227                    /usr/lib/jvm/jdk1.8.0_181/jre/lib/amd64/libjava.so
7f78aa94d000-7f78aa95a000 r-xp 00000000 08:01 2756232                    /usr/lib/jvm/jdk1.8.0_181/jre/lib/amd64/libverify.so
7f78aa95a000-7f78aab5a000 ---p 0000d000 08:01 2756232                    /usr/lib/jvm/jdk1.8.0_181/jre/lib/amd64/libverify.so
7f78aab5a000-7f78aab5c000 rw-p 0000d000 08:01 2756232                    /usr/lib/jvm/jdk1.8.0_181/jre/lib/amd64/libverify.so
7f78aab5c000-7f78aab63000 r-xp 00000000 08:01 1054243                    /lib/x86_64-linux-gnu/librt-2.23.so
7f78aab63000-7f78aad62000 ---p 00007000 08:01 1054243                    /lib/x86_64-linux-gnu/librt-2.23.so
7f78aad62000-7f78aad63000 r--p 00006000 08:01 1054243                    /lib/x86_64-linux-gnu/librt-2.23.so
7f78aad63000-7f78aad64000 rw-p 00007000 08:01 1054243                    /lib/x86_64-linux-gnu/librt-2.23.so
7f78aad64000-7f78aae6c000 r-xp 00000000 08:01 1054159                    /lib/x86_64-linux-gnu/libm-2.23.so
7f78aae6c000-7f78ab06b000 ---p 00108000 08:01 1054159                    /lib/x86_64-linux-gnu/libm-2.23.so
7f78ab06b000-7f78ab06c000 r--p 00107000 08:01 1054159                    /lib/x86_64-linux-gnu/libm-2.23.so
7f78ab06c000-7f78ab06d000 rw-p 00108000 08:01 1054159                    /lib/x86_64-linux-gnu/libm-2.23.so
7f78ab06d000-7f78abd49000 r-xp 00000000 08:01 2756209                    /usr/lib/jvm/jdk1.8.0_181/jre/lib/amd64/server/libjvm.so
7f78abd49000-7f78abf49000 ---p 00cdc000 08:01 2756209                    /usr/lib/jvm/jdk1.8.0_181/jre/lib/amd64/server/libjvm.so
7f78abf49000-7f78ac023000 rw-p 00cdc000 08:01 2756209                    /usr/lib/jvm/jdk1.8.0_181/jre/lib/amd64/server/libjvm.so
7f78ac023000-7f78ac06e000 rw-p 00000000 00:00 0 
7f78ac06e000-7f78ac22e000 r-xp 00000000 08:01 1054089                    /lib/x86_64-linux-gnu/libc-2.23.so
7f78ac22e000-7f78ac42e000 ---p 001c0000 08:01 1054089                    /lib/x86_64-linux-gnu/libc-2.23.so
7f78ac42e000-7f78ac432000 r--p 001c0000 08:01 1054089                    /lib/x86_64-linux-gnu/libc-2.23.so
7f78ac432000-7f78ac434000 rw-p 001c4000 08:01 1054089                    /lib/x86_64-linux-gnu/libc-2.23.so
7f78ac434000-7f78ac438000 rw-p 00000000 00:00 0 
7f78ac438000-7f78ac43b000 r-xp 00000000 08:01 1054113                    /lib/x86_64-linux-gnu/libdl-2.23.so
7f78ac43b000-7f78ac63a000 ---p 00003000 08:01 1054113                    /lib/x86_64-linux-gnu/libdl-2.23.so
7f78ac63a000-7f78ac63b000 r--p 00002000 08:01 1054113                    /lib/x86_64-linux-gnu/libdl-2.23.so
7f78ac63b000-7f78ac63c000 rw-p 00003000 08:01 1054113                    /lib/x86_64-linux-gnu/libdl-2.23.so
7f78ac63c000-7f78ac652000 r-xp 00000000 08:01 1449032                    /usr/lib/jvm/jdk1.8.0_181/lib/amd64/jli/libjli.so
7f78ac652000-7f78ac851000 ---p 00016000 08:01 1449032                    /usr/lib/jvm/jdk1.8.0_181/lib/amd64/jli/libjli.so
7f78ac851000-7f78ac852000 rw-p 00015000 08:01 1449032                    /usr/lib/jvm/jdk1.8.0_181/lib/amd64/jli/libjli.so
7f78ac852000-7f78ac86a000 r-xp 00000000 08:01 1054235                    /lib/x86_64-linux-gnu/libpthread-2.23.so
7f78ac86a000-7f78aca69000 ---p 00018000 08:01 1054235                    /lib/x86_64-linux-gnu/libpthread-2.23.so
7f78aca69000-7f78aca6a000 r--p 00017000 08:01 1054235                    /lib/x86_64-linux-gnu/libpthread-2.23.so
7f78aca6a000-7f78aca6b000 rw-p 00018000 08:01 1054235                    /lib/x86_64-linux-gnu/libpthread-2.23.so
7f78aca6b000-7f78aca6f000 rw-p 00000000 00:00 0 
7f78aca6f000-7f78aca95000 r-xp 00000000 08:01 1054061                    /lib/x86_64-linux-gnu/ld-2.23.so
7f78aca9b000-7f78acaa5000 r--s 00116000 08:01 2756143                    /usr/lib/jvm/jdk1.8.0_181/jre/lib/ext/localedata.jar
7f78acaa5000-7f78acb76000 rw-p 00000000 00:00 0 
7f78acb76000-7f78acb79000 ---p 00000000 00:00 0 
7f78acb79000-7f78acc7c000 rw-p 00000000 00:00 0 
7f78acc7c000-7f78acc81000 r--s 0009d000 08:01 2756133                    /usr/lib/jvm/jdk1.8.0_181/jre/lib/jsse.jar
7f78acc81000-7f78acc89000 r--s 0006e000 08:01 2248917                    /home/whj/dowork/DiffTGen/lib/commons-lang3-3.5.jar
7f78acc89000-7f78acc8a000 r--s 00000000 08:01 2248922                    /home/whj/dowork/DiffTGen/lib/myprinter.jar
7f78acc8a000-7f78acc92000 rw-s 00000000 08:01 1984687                    /tmp/hsperfdata_whj/23114
7f78acc92000-7f78acc93000 rw-p 00000000 00:00 0 
7f78acc93000-7f78acc94000 ---p 00000000 00:00 0 
7f78acc94000-7f78acc95000 r--p 00025000 08:01 1054061                    /lib/x86_64-linux-gnu/ld-2.23.so
7f78acc95000-7f78acc96000 rw-p 00026000 08:01 1054061                    /lib/x86_64-linux-gnu/ld-2.23.so
7f78acc96000-7f78acc97000 rw-p 00000000 00:00 0 
7ffc1f6fd000-7ffc1f71f000 rw-p 00000000 00:00 0                          [stack]
7ffc1f796000-7ffc1f799000 r--p 00000000 00:00 0                          [vvar]
7ffc1f799000-7ffc1f79b000 r-xp 00000000 00:00 0                          [vdso]
ffffffffff600000-ffffffffff601000 r-xp 00000000 00:00 0                  [vsyscall]

VM Arguments:
java_command: /home/whj/dowork/DiffTGen/lib/evosuite-1.0.6.jar -base_dir /home/whj/dowork/DiffTGen/extra_output/Chart_1_1_jaid/target/0/21 -projectCP /home/whj/dowork/DiffTGen/extra_output/Chart_1_1_jaid/target/build/classes/all0.jar:/home/whj/dowork/DiffTGen/lib/myprinter.jar:/home/whj/dowork/DiffTGen/lib/commons-lang3-3.5.jar -class org.jfree.chart.renderer.category.AbstractCategoryItemRenderer -Dassertions=false -Dsearch_budget=60
java_class_path (initial): /home/whj/dowork/DiffTGen/lib/evosuite-1.0.6.jar
Launcher Type: SUN_STANDARD

Environment Variables:
JAVA_HOME=/usr/lib/jvm/jdk1.8.0_181
JRE_HOME=/usr/lib/jvm/jdk1.8.0_181/jre
CLASSPATH=.:/usr/lib/jvm/jdk1.8.0_181/lib:/usr/lib/jvm/jdk1.8.0_181/jre/lib
PATH=/home/whj/perl5/bin:/home/whj/dowork/defects4j-1.2.0/framework/bin:/usr/lib/jvm/jdk1.8.0_181/bin:/usr/lib/jvm/jdk1.8.0_181/jre/bin:/home/whj/bin:/home/whj/.local/bin:/usr/local/sbin:/usr/local/bin:/usr/sbin:/usr/bin:/sbin:/bin:/usr/games:/usr/local/games" :/snap/bin:/home/whj/bin
SHELL=/bin/bash
DISPLAY=:0

Signal Handlers:
SIGSEGV: [libjvm.so+0xad2a40], sa_mask[0]=11111111011111111101111111111110, sa_flags=SA_RESTART|SA_SIGINFO
SIGBUS: [libjvm.so+0xad2a40], sa_mask[0]=11111111011111111101111111111110, sa_flags=SA_RESTART|SA_SIGINFO
SIGFPE: [libjvm.so+0x92a610], sa_mask[0]=11111111011111111101111111111110, sa_flags=SA_RESTART|SA_SIGINFO
SIGPIPE: [libjvm.so+0x92a610], sa_mask[0]=11111111011111111101111111111110, sa_flags=SA_RESTART|SA_SIGINFO
SIGXFSZ: [libjvm.so+0x92a610], sa_mask[0]=11111111011111111101111111111110, sa_flags=SA_RESTART|SA_SIGINFO
SIGILL: [libjvm.so+0x92a610], sa_mask[0]=11111111011111111101111111111110, sa_flags=SA_RESTART|SA_SIGINFO
SIGUSR1: SIG_DFL, sa_mask[0]=00000000000000000000000000000000, sa_flags=none
SIGUSR2: [libjvm.so+0x92be70], sa_mask[0]=00100000000000000000000000000000, sa_flags=SA_RESTART|SA_SIGINFO
SIGHUP: [libjvm.so+0x92d270], sa_mask[0]=11111111011111111101111111111110, sa_flags=SA_RESTART|SA_SIGINFO
SIGINT: [libjvm.so+0x92d270], sa_mask[0]=11111111011111111101111111111110, sa_flags=SA_RESTART|SA_SIGINFO
SIGTERM: [libjvm.so+0x92d270], sa_mask[0]=11111111011111111101111111111110, sa_flags=SA_RESTART|SA_SIGINFO
SIGQUIT: [libjvm.so+0x92d270], sa_mask[0]=11111111011111111101111111111110, sa_flags=SA_RESTART|SA_SIGINFO


---------------  S Y S T E M  ---------------

OS:DISTRIB_ID=Ubuntu
DISTRIB_RELEASE=16.04
DISTRIB_CODENAME=xenial
DISTRIB_DESCRIPTION="Ubuntu 16.04.6 LTS"

uname:Linux 4.15.0-91-generic #92~16.04.1-Ubuntu SMP Fri Feb 28 14:57:22 UTC 2020 x86_64
libc:glibc 2.23 NPTL 2.23 
rlimit: STACK 8192k, CORE 0k, NPROC 31576, NOFILE 1048576, AS infinity
load average:17.30 14.73 14.72

/proc/meminfo:
MemTotal:        8144704 kB
MemFree:          103172 kB
MemAvailable:          0 kB
Buffers:             116 kB
Cached:            11440 kB
SwapCached:         3600 kB
Active:          6913500 kB
Inactive:         703320 kB
Active(anon):    6906716 kB
Inactive(anon):   699992 kB
Active(file):       6784 kB
Inactive(file):     3328 kB
Unevictable:          32 kB
Mlocked:              32 kB
SwapTotal:        998396 kB
SwapFree:              0 kB
Dirty:               152 kB
Writeback:           264 kB
AnonPages:       7601956 kB
Mapped:            10300 kB
Shmem:              1268 kB
Slab:              88528 kB
SReclaimable:      31648 kB
SUnreclaim:        56880 kB
KernelStack:       16320 kB
PageTables:        48692 kB
NFS_Unstable:          0 kB
Bounce:                0 kB
WritebackTmp:          0 kB
CommitLimit:     5070748 kB
Committed_AS:   14638480 kB
VmallocTotal:   34359738367 kB
VmallocUsed:           0 kB
VmallocChunk:          0 kB
HardwareCorrupted:     0 kB
AnonHugePages:         0 kB
ShmemHugePages:        0 kB
ShmemPmdMapped:        0 kB
CmaTotal:              0 kB
CmaFree:               0 kB
HugePages_Total:       0
HugePages_Free:        0
HugePages_Rsvd:        0
HugePages_Surp:        0
Hugepagesize:       2048 kB
DirectMap4k:      134976 kB
DirectMap2M:     7204864 kB
DirectMap1G:     3145728 kB


CPU:total 2 (initial active 2) (2 cores per cpu, 1 threads per core) family 6 model 158 stepping 10, cmov, cx8, fxsr, mmx, sse, sse2, sse3, ssse3, sse4.1, sse4.2, popcnt, avx, avx2, aes, clmul, erms, 3dnowpref, lzcnt, tsc, tscinvbit, bmi1, bmi2, adx

/proc/cpuinfo:
processor	: 0
vendor_id	: GenuineIntel
cpu family	: 6
model		: 158
model name	: Intel(R) Core(TM) i7-8750H CPU @ 2.20GHz
stepping	: 10
microcode	: 0x96
cpu MHz		: 2207.999
cache size	: 9216 KB
physical id	: 0
siblings	: 2
core id		: 0
cpu cores	: 2
apicid		: 0
initial apicid	: 0
fpu		: yes
fpu_exception	: yes
cpuid level	: 22
wp		: yes
flags		: fpu vme de pse tsc msr pae mce cx8 apic sep mtrr pge mca cmov pat pse36 clflush mmx fxsr sse sse2 ss ht syscall nx pdpe1gb rdtscp lm constant_tsc arch_perfmon nopl xtopology tsc_reliable nonstop_tsc cpuid pni pclmulqdq ssse3 fma cx16 pcid sse4_1 sse4_2 x2apic movbe popcnt tsc_deadline_timer aes xsave avx f16c rdrand hypervisor lahf_lm abm 3dnowprefetch cpuid_fault invpcid_single pti ssbd ibrs ibpb stibp fsgsbase tsc_adjust bmi1 avx2 smep bmi2 invpcid rdseed adx smap xsaveopt arat flush_l1d arch_capabilities
bugs		: cpu_meltdown spectre_v1 spectre_v2 spec_store_bypass l1tf mds swapgs itlb_multihit
bogomips	: 4415.99
clflush size	: 64
cache_alignment	: 64
address sizes	: 42 bits physical, 48 bits virtual
power management:

processor	: 1
vendor_id	: GenuineIntel
cpu family	: 6
model		: 158
model name	: Intel(R) Core(TM) i7-8750H CPU @ 2.20GHz
stepping	: 10
microcode	: 0x96
cpu MHz		: 2207.999
cache size	: 9216 KB
physical id	: 0
siblings	: 2
core id		: 1
cpu cores	: 2
apicid		: 1
initial apicid	: 1
fpu		: yes
fpu_exception	: yes
cpuid level	: 22
wp		: yes
flags		: fpu vme de pse tsc msr pae mce cx8 apic sep mtrr pge mca cmov pat pse36 clflush mmx fxsr sse sse2 ss ht syscall nx pdpe1gb rdtscp lm constant_tsc arch_perfmon nopl xtopology tsc_reliable nonstop_tsc cpuid pni pclmulqdq ssse3 fma cx16 pcid sse4_1 sse4_2 x2apic movbe popcnt tsc_deadline_timer aes xsave avx f16c rdrand hypervisor lahf_lm abm 3dnowprefetch cpuid_fault invpcid_single pti ssbd ibrs ibpb stibp fsgsbase tsc_adjust bmi1 avx2 smep bmi2 invpcid rdseed adx smap xsaveopt arat flush_l1d arch_capabilities
bugs		: cpu_meltdown spectre_v1 spectre_v2 spec_store_bypass l1tf mds swapgs itlb_multihit
bogomips	: 4415.99
clflush size	: 64
cache_alignment	: 64
address sizes	: 42 bits physical, 48 bits virtual
power management:



Memory: 4k page, physical 8144704k(103500k free), swap 998396k(8k free)

vm_info: Java HotSpot(TM) 64-Bit Server VM (25.181-b13) for linux-amd64 JRE (1.8.0_181-b13), built on Jul  7 2018 00:56:38 by "java_re" with gcc 4.3.0 20080428 (Red Hat 4.3.0-8)

time: Fri Mar 27 21:52:29 2020
elapsed time: 105 seconds (0d 0h 1m 45s)

