#
# There is insufficient memory for the Java Runtime Environment to continue.
# Native memory allocation (mmap) failed to map 65536 bytes for committing reserved memory.
# Possible reasons:
#   The system is out of physical RAM or swap space
#   In 32 bit mode, the process size limit was hit
# Possible solutions:
#   Reduce memory load on the system
#   Increase physical memory or swap space
#   Check if swap backing store is full
#   Use 64 bit Java on a 64 bit OS
#   Decrease Java heap size (-Xmx/-Xms)
#   Decrease number of Java threads
#   Decrease Java thread stack sizes (-Xss)
#   Set larger code cache with -XX:ReservedCodeCacheSize=
# This output file may be truncated or incomplete.
#
#  Out of Memory Error (os_linux.cpp:2640), pid=98102, tid=0x00007febca275700
#
# JRE version: Java(TM) SE Runtime Environment (8.0_181-b13) (build 1.8.0_181-b13)
# Java VM: Java HotSpot(TM) 64-Bit Server VM (25.181-b13 mixed mode linux-amd64 compressed oops)
# Failed to write core dump. Core dumps have been disabled. To enable core dumping, try "ulimit -c unlimited" before starting Java again
#

---------------  T H R E A D  ---------------

Current thread (0x00007febe013f000):  JavaThread "C1 CompilerThread1" daemon [_thread_in_vm, id=98190, stack(0x00007febca175000,0x00007febca276000)]

Stack: [0x00007febca175000,0x00007febca276000],  sp=0x00007febca273e10,  free space=1019k
Native frames: (J=compiled Java code, j=interpreted, Vv=VM code, C=native code)
V  [libjvm.so+0xad21aa]  VMError::report_and_die()+0x2ba
V  [libjvm.so+0x5022db]  report_vm_out_of_memory(char const*, int, unsigned long, VMErrorType, char const*)+0x8b
V  [libjvm.so+0x92fe33]  os::Linux::commit_memory_impl(char*, unsigned long, bool)+0x123
V  [libjvm.so+0x930059]  os::pd_commit_memory(char*, unsigned long, unsigned long, bool)+0x29
V  [libjvm.so+0x9272ba]  os::commit_memory(char*, unsigned long, unsigned long, bool)+0x2a
V  [libjvm.so+0xacde89]  VirtualSpace::expand_by(unsigned long, bool)+0x199
V  [libjvm.so+0x621ffc]  CodeHeap::expand_by(unsigned long)+0x8c
V  [libjvm.so+0x4860c0]  CodeCache::allocate(int, bool)+0x60
V  [libjvm.so+0x8f49dc]  nmethod::new_nmethod(methodHandle, int, int, CodeOffsets*, int, DebugInformationRecorder*, Dependencies*, CodeBuffer*, int, OopMapSet*, ExceptionHandlerTable*, ImplicitExceptionTable*, AbstractCompiler*, int)+0x1fc
V  [libjvm.so+0x41a0bb]  ciEnv::register_method(ciMethod*, int, CodeOffsets*, int, CodeBuffer*, int, OopMapSet*, ExceptionHandlerTable*, ImplicitExceptionTable*, AbstractCompiler*, int, bool, bool, RTMState)+0x42b
V  [libjvm.so+0x35c2e9]  Compilation::install_code(int)+0xc9
V  [libjvm.so+0x35d7dc]  Compilation::compile_method()+0xec
V  [libjvm.so+0x35daae]  Compilation::Compilation(AbstractCompiler*, ciEnv*, ciMethod*, int, BufferBlob*)+0x25e
V  [libjvm.so+0x35e869]  Compiler::compile_method(ciEnv*, ciMethod*, int)+0xa9
V  [libjvm.so+0x4b5a5a]  CompileBroker::invoke_compiler_on_method(CompileTask*)+0xcba
V  [libjvm.so+0x4b6a06]  CompileBroker::compiler_thread_loop()+0x5d6
V  [libjvm.so+0xa813f3]  JavaThread::thread_main_inner()+0x103
V  [libjvm.so+0xa8153c]  JavaThread::run()+0x11c
V  [libjvm.so+0x930198]  java_start(Thread*)+0x108
C  [libpthread.so.0+0x76ba]  start_thread+0xca


Current CompileTask:
C1: 120330 2158   !   3       sun.rmi.server.UnicastServerRef::logCall (96 bytes)


---------------  P R O C E S S  ---------------

Java Threads: ( => current thread )
  0x00000000019b9000 JavaThread "RMI TCP Connection(5)-127.0.0.1" daemon [_thread_blocked, id=98651, stack(0x00007febc4251000,0x00007febc4352000)]
  0x00000000019b7800 JavaThread "RMI TCP Connection(idle)" daemon [_thread_blocked, id=98530, stack(0x00007febc4952000,0x00007febc4a53000)]
  0x00007febb0048000 JavaThread "RMI Scheduler(0)" daemon [_thread_blocked, id=98518, stack(0x00007febc88c6000,0x00007febc89c7000)]
  0x00007febb0030800 JavaThread "RMI RenewClean-[127.0.0.1:15709]" daemon [_thread_blocked, id=98502, stack(0x00007febc89c7000,0x00007febc8ac8000)]
  0x00007feb88001800 JavaThread "RMI TCP Connection(6)-127.0.0.1" daemon [_thread_in_native, id=98488, stack(0x00007febc8ae4000,0x00007febc8be5000)]
  0x00007feb90005000 JavaThread "pool-3-thread-3" [_thread_in_native, id=98437, stack(0x00007febc8be5000,0x00007febc8ce6000)]
  0x00007feb90003800 JavaThread "pool-3-thread-2" [_thread_in_native, id=98429, stack(0x00007febc8ce6000,0x00007febc8de7000)]
  0x00007feb90002800 JavaThread "pool-3-thread-1" [_thread_in_native, id=98426, stack(0x00007febc8de7000,0x00007febc8ee8000)]
  0x00007febe0393800 JavaThread "Thread-3" [_thread_in_native, id=98304, stack(0x00007febc8ee8000,0x00007febc8fe9000)]
  0x00007febe0391800 JavaThread "Thread-2" [_thread_in_native, id=98301, stack(0x00007febc8fe9000,0x00007febc90ea000)]
  0x00007febe0390000 JavaThread "process reaper" daemon [_thread_in_native, id=98295, stack(0x00007febc90ea000,0x00007febc9123000)]
  0x00007febe038a800 JavaThread "pool-2-thread-1" [_thread_in_native, id=98261, stack(0x00007febc9123000,0x00007febc9224000)]
  0x00007febe0388000 JavaThread "GC Daemon" daemon [_thread_blocked, id=98256, stack(0x00007febc9224000,0x00007febc9325000)]
  0x00007febe0385800 JavaThread "RMI Reaper" [_thread_blocked, id=98255, stack(0x00007febc9325000,0x00007febc9426000)]
  0x00007febe037c800 JavaThread "RMI TCP Accept-15612" daemon [_thread_in_native, id=98251, stack(0x00007febc9426000,0x00007febc9527000)]
  0x00007febe0377800 JavaThread "RMI TCP Accept-9462" daemon [_thread_in_native, id=98246, stack(0x00007febc9527000,0x00007febc9628000)]
  0x00007febe0294000 JavaThread "logback-3" daemon [_thread_blocked, id=98226, stack(0x00007febc9828000,0x00007febc9929000)]
  0x00007febe0292000 JavaThread "logback-2" daemon [_thread_blocked, id=98224, stack(0x00007febc9929000,0x00007febc9a2a000)]
  0x00007febe0290800 JavaThread "logback-1" daemon [_thread_blocked, id=98222, stack(0x00007febc9a2a000,0x00007febc9b2b000)]
  0x00007febe0142000 JavaThread "Service Thread" daemon [_thread_blocked, id=98191, stack(0x00007febca074000,0x00007febca175000)]
=>0x00007febe013f000 JavaThread "C1 CompilerThread1" daemon [_thread_in_vm, id=98190, stack(0x00007febca175000,0x00007febca276000)]
  0x00007febe013c000 JavaThread "C2 CompilerThread0" daemon [_thread_blocked, id=98189, stack(0x00007febca276000,0x00007febca377000)]
  0x00007febe013a800 JavaThread "Signal Dispatcher" daemon [_thread_blocked, id=98184, stack(0x00007febca377000,0x00007febca478000)]
  0x00007febe0107800 JavaThread "Finalizer" daemon [_thread_blocked, id=98159, stack(0x00007febcae37000,0x00007febcaf38000)]
  0x00007febe0105000 JavaThread "Reference Handler" daemon [_thread_blocked, id=98149, stack(0x00007febcaf38000,0x00007febcb039000)]
  0x00007febe000a800 JavaThread "main" [_thread_in_native, id=98105, stack(0x00007febe73f6000,0x00007febe74f7000)]

Other Threads:
  0x00007febe00fb800 VMThread [stack: 0x00007febcb039000,0x00007febcb13a000] [id=98141]
  0x00007febe0146800 WatcherThread [stack: 0x00007febc9f73000,0x00007febca074000] [id=98196]

VM state:not at safepoint (normal execution)

VM Mutex/Monitor currently owned by a thread:  ([mutex/lock_event])
[0x00007febe0006000] CodeCache_lock - owner thread: 0x00007febe013f000
[0x00007febe0007680] Compile_lock - owner thread: 0x00007febe013f000
[0x00007febe0007780] MethodCompileQueue_lock - owner thread: 0x00007febe013f000

Heap:
 PSYoungGen      total 37888K, used 32199K [0x00000000d6900000, 0x00000000d9300000, 0x0000000100000000)
  eden space 32768K, 82% used [0x00000000d6900000,0x00000000d8375de0,0x00000000d8900000)
  from space 5120K, 99% used [0x00000000d8900000,0x00000000d8dfc010,0x00000000d8e00000)
  to   space 5120K, 0% used [0x00000000d8e00000,0x00000000d8e00000,0x00000000d9300000)
 ParOldGen       total 86016K, used 4654K [0x0000000083a00000, 0x0000000088e00000, 0x00000000d6900000)
  object space 86016K, 5% used [0x0000000083a00000,0x0000000083e8b9b8,0x0000000088e00000)
 Metaspace       used 18008K, capacity 18528K, committed 18688K, reserved 1064960K
  class space    used 2127K, capacity 2302K, committed 2304K, reserved 1048576K

Card table byte_map: [0x00007febd0c1c000,0x00007febd1000000] byte_map_base: 0x00007febd07ff000

Marking Bits: (ParMarkBitMap*) 0x00007febe68c60a0
 Begin Bits: [0x00007febc4a53000, 0x00007febc696b000)
 End Bits:   [0x00007febc696b000, 0x00007febc8883000)

Polling page: 0x00007febe7513000

CodeCache: size=245760Kb used=7208Kb max_used=7208Kb free=238551Kb
 bounds [0x00007febd1000000, 0x00007febd1710000, 0x00007febe0000000]
 total_blobs=2478 nmethods=2055 adapters=335
 compilation: enabled

Compilation events (10 events):
Event: 119.943 Thread 0x00007febe013f000 nmethod 2153 0x00007febd170bc90 code [0x00007febd170be20, 0x00007febd170c0d8]
Event: 119.943 Thread 0x00007febe013f000 2154       3       java.io.ObjectOutputStream$BlockDataOutputStream::flush (12 bytes)
Event: 119.943 Thread 0x00007febe013f000 nmethod 2154 0x00007febd170c210 code [0x00007febd170c380, 0x00007febd170c5d8]
Event: 119.943 Thread 0x00007febe013f000 2155       3       sun.rmi.transport.ConnectionOutputStream::done (15 bytes)
Event: 119.943 Thread 0x00007febe013f000 nmethod 2155 0x00007febd170c6d0 code [0x00007febd170c840, 0x00007febd170ca28]
Event: 119.943 Thread 0x00007febe013f000 2156       3       sun.rmi.transport.StreamRemoteCall::getResultStream (86 bytes)
Event: 119.945 Thread 0x00007febe013f000 nmethod 2156 0x00007febd170cad0 code [0x00007febd170cd80, 0x00007febd170e148]
Event: 119.950 Thread 0x00007febe013f000 2157       3       sun.rmi.server.UnicastServerRef::unmarshalParametersUnchecked (44 bytes)
Event: 119.950 Thread 0x00007febe013f000 nmethod 2157 0x00007febd170ed90 code [0x00007febd170ef40, 0x00007febd170f618]
Event: 119.992 Thread 0x00007febe013f000 2158   !   3       sun.rmi.server.UnicastServerRef::logCall (96 bytes)

GC Heap History (10 events):
Event: 2.471 GC heap before
{Heap before GC invocations=2 (full 1):
 PSYoungGen      total 37888K, used 4134K [0x00000000d6900000, 0x00000000d9300000, 0x0000000100000000)
  eden space 32768K, 0% used [0x00000000d6900000,0x00000000d6900000,0x00000000d8900000)
  from space 5120K, 80% used [0x00000000d8900000,0x00000000d8d098c0,0x00000000d8e00000)
  to   space 5120K, 0% used [0x00000000d8e00000,0x00000000d8e00000,0x00000000d9300000)
 ParOldGen       total 86016K, used 72K [0x0000000083a00000, 0x0000000088e00000, 0x00000000d6900000)
  object space 86016K, 0% used [0x0000000083a00000,0x0000000083a12010,0x0000000088e00000)
 Metaspace       used 10269K, capacity 10404K, committed 10624K, reserved 1058816K
  class space    used 1246K, capacity 1321K, committed 1408K, reserved 1048576K
Event: 2.508 GC heap after
Heap after GC invocations=2 (full 1):
 PSYoungGen      total 37888K, used 0K [0x00000000d6900000, 0x00000000d9300000, 0x0000000100000000)
  eden space 32768K, 0% used [0x00000000d6900000,0x00000000d6900000,0x00000000d8900000)
  from space 5120K, 0% used [0x00000000d8900000,0x00000000d8900000,0x00000000d8e00000)
  to   space 5120K, 0% used [0x00000000d8e00000,0x00000000d8e00000,0x00000000d9300000)
 ParOldGen       total 86016K, used 4074K [0x0000000083a00000, 0x0000000088e00000, 0x00000000d6900000)
  object space 86016K, 4% used [0x0000000083a00000,0x0000000083dfaa08,0x0000000088e00000)
 Metaspace       used 10261K, capacity 10394K, committed 10624K, reserved 1058816K
  class space    used 1245K, capacity 1319K, committed 1408K, reserved 1048576K
}
Event: 56.522 GC heap before
{Heap before GC invocations=3 (full 1):
 PSYoungGen      total 37888K, used 32768K [0x00000000d6900000, 0x00000000d9300000, 0x0000000100000000)
  eden space 32768K, 100% used [0x00000000d6900000,0x00000000d8900000,0x00000000d8900000)
  from space 5120K, 0% used [0x00000000d8900000,0x00000000d8900000,0x00000000d8e00000)
  to   space 5120K, 0% used [0x00000000d8e00000,0x00000000d8e00000,0x00000000d9300000)
 ParOldGen       total 86016K, used 4074K [0x0000000083a00000, 0x0000000088e00000, 0x00000000d6900000)
  object space 86016K, 4% used [0x0000000083a00000,0x0000000083dfaa08,0x0000000088e00000)
 Metaspace       used 13992K, capacity 14380K, committed 14592K, reserved 1062912K
  class space    used 1621K, capacity 1744K, committed 1792K, reserved 1048576K
Event: 56.529 GC heap after
Heap after GC invocations=3 (full 1):
 PSYoungGen      total 37888K, used 4548K [0x00000000d6900000, 0x00000000d9300000, 0x0000000100000000)
  eden space 32768K, 0% used [0x00000000d6900000,0x00000000d6900000,0x00000000d8900000)
  from space 5120K, 88% used [0x00000000d8e00000,0x00000000d9271288,0x00000000d9300000)
  to   space 5120K, 0% used [0x00000000d8900000,0x00000000d8900000,0x00000000d8e00000)
 ParOldGen       total 86016K, used 4074K [0x0000000083a00000, 0x0000000088e00000, 0x00000000d6900000)
  object space 86016K, 4% used [0x0000000083a00000,0x0000000083dfaa08,0x0000000088e00000)
 Metaspace       used 13992K, capacity 14380K, committed 14592K, reserved 1062912K
  class space    used 1621K, capacity 1744K, committed 1792K, reserved 1048576K
}
Event: 57.274 GC heap before
{Heap before GC invocations=4 (full 1):
 PSYoungGen      total 37888K, used 37316K [0x00000000d6900000, 0x00000000d9300000, 0x0000000100000000)
  eden space 32768K, 100% used [0x00000000d6900000,0x00000000d8900000,0x00000000d8900000)
  from space 5120K, 88% used [0x00000000d8e00000,0x00000000d9271288,0x00000000d9300000)
  to   space 5120K, 0% used [0x00000000d8900000,0x00000000d8900000,0x00000000d8e00000)
 ParOldGen       total 86016K, used 4074K [0x0000000083a00000, 0x0000000088e00000, 0x00000000d6900000)
  object space 86016K, 4% used [0x0000000083a00000,0x0000000083dfaa08,0x0000000088e00000)
 Metaspace       used 14143K, capacity 14572K, committed 14848K, reserved 1062912K
  class space    used 1622K, capacity 1744K, committed 1792K, reserved 1048576K
Event: 57.281 GC heap after
Heap after GC invocations=4 (full 1):
 PSYoungGen      total 37888K, used 4342K [0x00000000d6900000, 0x00000000d9300000, 0x0000000100000000)
  eden space 32768K, 0% used [0x00000000d6900000,0x00000000d6900000,0x00000000d8900000)
  from space 5120K, 84% used [0x00000000d8900000,0x00000000d8d3d830,0x00000000d8e00000)
  to   space 5120K, 0% used [0x00000000d8e00000,0x00000000d8e00000,0x00000000d9300000)
 ParOldGen       total 86016K, used 4082K [0x0000000083a00000, 0x0000000088e00000, 0x00000000d6900000)
  object space 86016K, 4% used [0x0000000083a00000,0x0000000083dfca08,0x0000000088e00000)
 Metaspace       used 14143K, capacity 14572K, committed 14848K, reserved 1062912K
  class space    used 1622K, capacity 1744K, committed 1792K, reserved 1048576K
}
Event: 79.092 GC heap before
{Heap before GC invocations=5 (full 1):
 PSYoungGen      total 37888K, used 37110K [0x00000000d6900000, 0x00000000d9300000, 0x0000000100000000)
  eden space 32768K, 100% used [0x00000000d6900000,0x00000000d8900000,0x00000000d8900000)
  from space 5120K, 84% used [0x00000000d8900000,0x00000000d8d3d830,0x00000000d8e00000)
  to   space 5120K, 0% used [0x00000000d8e00000,0x00000000d8e00000,0x00000000d9300000)
 ParOldGen       total 86016K, used 4082K [0x0000000083a00000, 0x0000000088e00000, 0x00000000d6900000)
  object space 86016K, 4% used [0x0000000083a00000,0x0000000083dfca08,0x0000000088e00000)
 Metaspace       used 17674K, capacity 18216K, committed 18432K, reserved 1064960K
  class space    used 2087K, capacity 2266K, committed 2304K, reserved 1048576K
Event: 79.101 GC heap after
Heap after GC invocations=5 (full 1):
 PSYoungGen      total 37888K, used 5116K [0x00000000d6900000, 0x00000000d9300000, 0x0000000100000000)
  eden space 32768K, 0% used [0x00000000d6900000,0x00000000d6900000,0x00000000d8900000)
  from space 5120K, 99% used [0x00000000d8e00000,0x00000000d92ff030,0x00000000d9300000)
  to   space 5120K, 0% used [0x00000000d8900000,0x00000000d8900000,0x00000000d8e00000)
 ParOldGen       total 86016K, used 4549K [0x0000000083a00000, 0x0000000088e00000, 0x00000000d6900000)
  object space 86016K, 5% used [0x0000000083a00000,0x0000000083e71588,0x0000000088e00000)
 Metaspace       used 17674K, capacity 18216K, committed 18432K, reserved 1064960K
  class space    used 2087K, capacity 2266K, committed 2304K, reserved 1048576K
}
Event: 99.613 GC heap before
{Heap before GC invocations=6 (full 1):
 PSYoungGen      total 37888K, used 37884K [0x00000000d6900000, 0x00000000d9300000, 0x0000000100000000)
  eden space 32768K, 100% used [0x00000000d6900000,0x00000000d8900000,0x00000000d8900000)
  from space 5120K, 99% used [0x00000000d8e00000,0x00000000d92ff030,0x00000000d9300000)
  to   space 5120K, 0% used [0x00000000d8900000,0x00000000d8900000,0x00000000d8e00000)
 ParOldGen       total 86016K, used 4549K [0x0000000083a00000, 0x0000000088e00000, 0x00000000d6900000)
  object space 86016K, 5% used [0x0000000083a00000,0x0000000083e71588,0x0000000088e00000)
 Metaspace       used 17822K, capacity 18368K, committed 18432K, reserved 1064960K
  class space    used 2106K, capacity 2270K, committed 2304K, reserved 1048576K
Event: 99.625 GC heap after
Heap after GC invocations=6 (full 1):
 PSYoungGen      total 37888K, used 5104K [0x00000000d6900000, 0x00000000d9300000, 0x0000000100000000)
  eden space 32768K, 0% used [0x00000000d6900000,0x00000000d6900000,0x00000000d8900000)
  from space 5120K, 99% used [0x00000000d8900000,0x00000000d8dfc010,0x00000000d8e00000)
  to   space 5120K, 0% used [0x00000000d8e00000,0x00000000d8e00000,0x00000000d9300000)
 ParOldGen       total 86016K, used 4654K [0x0000000083a00000, 0x0000000088e00000, 0x00000000d6900000)
  object space 86016K, 5% used [0x0000000083a00000,0x0000000083e8b9b8,0x0000000088e00000)
 Metaspace       used 17822K, capacity 18368K, committed 18432K, reserved 1064960K
  class space    used 2106K, capacity 2270K, committed 2304K, reserved 1048576K
}

Deoptimization events (10 events):
Event: 97.510 Thread 0x00000000019b9000 Uncommon trap: reason=predicate action=maybe_recompile pc=0x00007febd1695ea4 method=java.io.ObjectInputStream.readArray(Z)Ljava/lang/Object; @ 406
Event: 99.318 Thread 0x00000000019b9000 Uncommon trap: reason=array_check action=maybe_recompile pc=0x00007febd169b750 method=java.io.ObjectInputStream.readArray(Z)Ljava/lang/Object; @ 415
Event: 99.318 Thread 0x00000000019b9000 Uncommon trap: reason=array_check action=maybe_recompile pc=0x00007febd169b750 method=java.io.ObjectInputStream.readArray(Z)Ljava/lang/Object; @ 415
Event: 99.318 Thread 0x00000000019b9000 Uncommon trap: reason=array_check action=maybe_recompile pc=0x00007febd169b750 method=java.io.ObjectInputStream.readArray(Z)Ljava/lang/Object; @ 415
Event: 99.318 Thread 0x00000000019b9000 Uncommon trap: reason=array_check action=maybe_recompile pc=0x00007febd169b750 method=java.io.ObjectInputStream.readArray(Z)Ljava/lang/Object; @ 415
Event: 99.326 Thread 0x00000000019b9000 Uncommon trap: reason=class_check action=maybe_recompile pc=0x00007febd1673adc method=java.lang.reflect.Array.newInstance(Ljava/lang/Class;I)Ljava/lang/Object; @ 2
Event: 99.326 Thread 0x00000000019b9000 Uncommon trap: reason=class_check action=maybe_recompile pc=0x00007febd1673adc method=java.lang.reflect.Array.newInstance(Ljava/lang/Class;I)Ljava/lang/Object; @ 2
Event: 99.326 Thread 0x00000000019b9000 Uncommon trap: reason=class_check action=maybe_recompile pc=0x00007febd1673adc method=java.lang.reflect.Array.newInstance(Ljava/lang/Class;I)Ljava/lang/Object; @ 2
Event: 99.327 Thread 0x00000000019b9000 Uncommon trap: reason=class_check action=maybe_recompile pc=0x00007febd1673adc method=java.lang.reflect.Array.newInstance(Ljava/lang/Class;I)Ljava/lang/Object; @ 2
Event: 99.604 Thread 0x00000000019b9000 Uncommon trap: reason=class_check action=maybe_recompile pc=0x00007febd16a3aac method=java.lang.reflect.Array.newInstance(Ljava/lang/Class;I)Ljava/lang/Object; @ 2

Classes redefined (0 events):
No events

Internal exceptions (10 events):
Event: 81.313 Thread 0x00007febe0294000 Exception <a 'java/net/ConnectException'> (0x00000000d6e5d5d8) thrown at [/HUDSON/workspace/8-2-build-linux-amd64/jdk8u181/11358/hotspot/src/share/vm/prims/jni.cpp, line 709]
Event: 91.274 Thread 0x00007febe0290800 Exception <a 'java/net/ConnectException'> (0x00000000d6e18be0) thrown at [/HUDSON/workspace/8-2-build-linux-amd64/jdk8u181/11358/hotspot/src/share/vm/prims/jni.cpp, line 709]
Event: 91.294 Thread 0x00007febe0292000 Exception <a 'java/net/ConnectException'> (0x00000000d6e3b670) thrown at [/HUDSON/workspace/8-2-build-linux-amd64/jdk8u181/11358/hotspot/src/share/vm/prims/jni.cpp, line 709]
Event: 91.314 Thread 0x00007febe0294000 Exception <a 'java/net/ConnectException'> (0x00000000d6e5e100) thrown at [/HUDSON/workspace/8-2-build-linux-amd64/jdk8u181/11358/hotspot/src/share/vm/prims/jni.cpp, line 709]
Event: 101.275 Thread 0x00007febe0290800 Exception <a 'java/net/ConnectException'> (0x00000000d7cb3448) thrown at [/HUDSON/workspace/8-2-build-linux-amd64/jdk8u181/11358/hotspot/src/share/vm/prims/jni.cpp, line 709]
Event: 101.295 Thread 0x00007febe0292000 Exception <a 'java/net/ConnectException'> (0x00000000d7cc9d28) thrown at [/HUDSON/workspace/8-2-build-linux-amd64/jdk8u181/11358/hotspot/src/share/vm/prims/jni.cpp, line 709]
Event: 101.315 Thread 0x00007febe0294000 Exception <a 'java/net/ConnectException'> (0x00000000d7ddab90) thrown at [/HUDSON/workspace/8-2-build-linux-amd64/jdk8u181/11358/hotspot/src/share/vm/prims/jni.cpp, line 709]
Event: 111.275 Thread 0x00007febe0290800 Exception <a 'java/net/ConnectException'> (0x00000000d7cb3f70) thrown at [/HUDSON/workspace/8-2-build-linux-amd64/jdk8u181/11358/hotspot/src/share/vm/prims/jni.cpp, line 709]
Event: 111.295 Thread 0x00007febe0292000 Exception <a 'java/net/ConnectException'> (0x00000000d7cca850) thrown at [/HUDSON/workspace/8-2-build-linux-amd64/jdk8u181/11358/hotspot/src/share/vm/prims/jni.cpp, line 709]
Event: 111.315 Thread 0x00007febe0294000 Exception <a 'java/net/ConnectException'> (0x00000000d7ddb6b8) thrown at [/HUDSON/workspace/8-2-build-linux-amd64/jdk8u181/11358/hotspot/src/share/vm/prims/jni.cpp, line 709]

Events (10 events):
Event: 100.806 loading class javax/swing/plaf/basic/BasicTextUI
Event: 100.807 loading class javax/swing/text/ViewFactory
Event: 100.807 loading class javax/swing/text/ViewFactory done
Event: 100.807 loading class javax/swing/plaf/basic/BasicTextUI done
Event: 100.807 loading class javax/swing/plaf/basic/BasicEditorPaneUI done
Event: 100.807 loading class javax/swing/plaf/basic/BasicTextPaneUI done
Event: 100.807 loading class javax/swing/plaf/basic/BasicTextUI$DragListener
Event: 100.808 loading class javax/swing/plaf/basic/BasicTextUI$DragListener done
Event: 100.808 loading class javax/swing/text/Element
Event: 100.808 loading class javax/swing/text/Element done


Dynamic libraries:
00400000-00401000 r-xp 00000000 08:01 1448396                            /usr/lib/jvm/jdk1.8.0_181/bin/java
00600000-00601000 rw-p 00000000 08:01 1448396                            /usr/lib/jvm/jdk1.8.0_181/bin/java
019b5000-019d6000 rw-p 00000000 00:00 0                                  [heap]
83a00000-88e00000 rw-p 00000000 00:00 0 
88e00000-d6900000 ---p 00000000 00:00 0 
d6900000-d9300000 rw-p 00000000 00:00 0 
d9300000-100000000 ---p 00000000 00:00 0 
100000000-100240000 rw-p 00000000 00:00 0 
100240000-140000000 ---p 00000000 00:00 0 
7feb88000000-7feb88021000 rw-p 00000000 00:00 0 
7feb88021000-7feb8c000000 ---p 00000000 00:00 0 
7feb90000000-7feb90021000 rw-p 00000000 00:00 0 
7feb90021000-7feb94000000 ---p 00000000 00:00 0 
7feb94000000-7feb94021000 rw-p 00000000 00:00 0 
7feb94021000-7feb98000000 ---p 00000000 00:00 0 
7feb98000000-7feb98021000 rw-p 00000000 00:00 0 
7feb98021000-7feb9c000000 ---p 00000000 00:00 0 
7feb9cfff000-7feba0000000 rw-p 00000000 00:00 0 
7feba0000000-7feba0021000 rw-p 00000000 00:00 0 
7feba0021000-7feba4000000 ---p 00000000 00:00 0 
7feba4000000-7feba4021000 rw-p 00000000 00:00 0 
7feba4021000-7feba8000000 ---p 00000000 00:00 0 
7feba8000000-7feba8730000 rw-p 00000000 00:00 0 
7feba8730000-7febac000000 ---p 00000000 00:00 0 
7febac000000-7febac82d000 rw-p 00000000 00:00 0 
7febac82d000-7febb0000000 ---p 00000000 00:00 0 
7febb0000000-7febb0069000 rw-p 00000000 00:00 0 
7febb0069000-7febb4000000 ---p 00000000 00:00 0 
7febb4000000-7febb4021000 rw-p 00000000 00:00 0 
7febb4021000-7febb8000000 ---p 00000000 00:00 0 
7febb8000000-7febb806a000 rw-p 00000000 00:00 0 
7febb806a000-7febbc000000 ---p 00000000 00:00 0 
7febbc000000-7febbc021000 rw-p 00000000 00:00 0 
7febbc021000-7febc0000000 ---p 00000000 00:00 0 
7febc0000000-7febc03d5000 rw-p 00000000 00:00 0 
7febc03d5000-7febc4000000 ---p 00000000 00:00 0 
7febc4251000-7febc4254000 ---p 00000000 00:00 0 
7febc4254000-7febc4552000 rw-p 00000000 00:00 0 
7febc4552000-7febc4752000 rw-p 00000000 00:00 0 
7febc4752000-7febc4952000 rw-p 00000000 00:00 0 
7febc4952000-7febc4955000 ---p 00000000 00:00 0 
7febc4955000-7febc8883000 rw-p 00000000 00:00 0 
7febc88c6000-7febc88c9000 ---p 00000000 00:00 0 
7febc88c9000-7febc89c7000 rw-p 00000000 00:00 0 
7febc89c7000-7febc89ca000 ---p 00000000 00:00 0 
7febc89ca000-7febc8ac8000 rw-p 00000000 00:00 0 
7febc8ac8000-7febc8ae4000 r--s 00393000 08:01 2756136                    /usr/lib/jvm/jdk1.8.0_181/jre/lib/ext/cldrdata.jar
7febc8ae4000-7febc8ae7000 ---p 00000000 00:00 0 
7febc8ae7000-7febc8be5000 rw-p 00000000 00:00 0 
7febc8be5000-7febc8be8000 ---p 00000000 00:00 0 
7febc8be8000-7febc8ce6000 rw-p 00000000 00:00 0 
7febc8ce6000-7febc8ce9000 ---p 00000000 00:00 0 
7febc8ce9000-7febc8de7000 rw-p 00000000 00:00 0 
7febc8de7000-7febc8dea000 ---p 00000000 00:00 0 
7febc8dea000-7febc8ee8000 rw-p 00000000 00:00 0 
7febc8ee8000-7febc8eeb000 ---p 00000000 00:00 0 
7febc8eeb000-7febc8fe9000 rw-p 00000000 00:00 0 
7febc8fe9000-7febc8fec000 ---p 00000000 00:00 0 
7febc8fec000-7febc90ea000 rw-p 00000000 00:00 0 
7febc90ea000-7febc90ed000 ---p 00000000 00:00 0 
7febc90ed000-7febc9123000 rw-p 00000000 00:00 0 
7febc9123000-7febc9126000 ---p 00000000 00:00 0 
7febc9126000-7febc9224000 rw-p 00000000 00:00 0 
7febc9224000-7febc9227000 ---p 00000000 00:00 0 
7febc9227000-7febc9325000 rw-p 00000000 00:00 0 
7febc9325000-7febc9328000 ---p 00000000 00:00 0 
7febc9328000-7febc9426000 rw-p 00000000 00:00 0 
7febc9426000-7febc9429000 ---p 00000000 00:00 0 
7febc9429000-7febc9527000 rw-p 00000000 00:00 0 
7febc9527000-7febc952a000 ---p 00000000 00:00 0 
7febc952a000-7febc9828000 rw-p 00000000 00:00 0 
7febc9828000-7febc982b000 ---p 00000000 00:00 0 
7febc982b000-7febc9929000 rw-p 00000000 00:00 0 
7febc9929000-7febc992c000 ---p 00000000 00:00 0 
7febc992c000-7febc9a2a000 rw-p 00000000 00:00 0 
7febc9a2a000-7febc9a2d000 ---p 00000000 00:00 0 
7febc9a2d000-7febc9b2b000 rw-p 00000000 00:00 0 
7febc9b2b000-7febc9b41000 r-xp 00000000 08:01 2756237                    /usr/lib/jvm/jdk1.8.0_181/jre/lib/amd64/libnet.so
7febc9b41000-7febc9d41000 ---p 00016000 08:01 2756237                    /usr/lib/jvm/jdk1.8.0_181/jre/lib/amd64/libnet.so
7febc9d41000-7febc9d42000 rw-p 00016000 08:01 2756237                    /usr/lib/jvm/jdk1.8.0_181/jre/lib/amd64/libnet.so
7febc9d42000-7febc9f73000 r--s 01bb1000 08:01 1706762                    /home/whj/dowork/DiffTGen/lib/evosuite-1.0.6.jar
7febc9f73000-7febc9f74000 ---p 00000000 00:00 0 
7febc9f74000-7febca074000 rw-p 00000000 00:00 0 
7febca074000-7febca077000 ---p 00000000 00:00 0 
7febca077000-7febca175000 rw-p 00000000 00:00 0 
7febca175000-7febca178000 ---p 00000000 00:00 0 
7febca178000-7febca276000 rw-p 00000000 00:00 0 
7febca276000-7febca279000 ---p 00000000 00:00 0 
7febca279000-7febca377000 rw-p 00000000 00:00 0 
7febca377000-7febca37a000 ---p 00000000 00:00 0 
7febca37a000-7febca478000 rw-p 00000000 00:00 0 
7febca478000-7febcae37000 r--p 00000000 08:01 1316108                    /usr/lib/locale/locale-archive
7febcae37000-7febcae3a000 ---p 00000000 00:00 0 
7febcae3a000-7febcaf38000 rw-p 00000000 00:00 0 
7febcaf38000-7febcaf3b000 ---p 00000000 00:00 0 
7febcaf3b000-7febcb039000 rw-p 00000000 00:00 0 
7febcb039000-7febcb03a000 ---p 00000000 00:00 0 
7febcb03a000-7febcba43000 rw-p 00000000 00:00 0 
7febcba43000-7febcbc1d000 r--s 03d6b000 08:01 2756084                    /usr/lib/jvm/jdk1.8.0_181/jre/lib/rt.jar
7febcbc1d000-7febcc000000 rw-p 00000000 00:00 0 
7febcc000000-7febcc072000 rw-p 00000000 00:00 0 
7febcc072000-7febd0000000 ---p 00000000 00:00 0 
7febd000a000-7febd0083000 r--s 010f9000 08:01 1448503                    /usr/lib/jvm/jdk1.8.0_181/lib/tools.jar
7febd0083000-7febd0883000 rw-p 00000000 00:00 0 
7febd0883000-7febd0884000 ---p 00000000 00:00 0 
7febd0884000-7febd09ae000 rw-p 00000000 00:00 0 
7febd09ae000-7febd0c1c000 ---p 00000000 00:00 0 
7febd0c1c000-7febd0c46000 rw-p 00000000 00:00 0 
7febd0c46000-7febd0eb3000 ---p 00000000 00:00 0 
7febd0eb3000-7febd0ec9000 rw-p 00000000 00:00 0 
7febd0ec9000-7febd0fff000 ---p 00000000 00:00 0 
7febd0fff000-7febd1000000 rw-p 00000000 00:00 0 
7febd1000000-7febd1710000 rwxp 00000000 00:00 0 
7febd1720000-7febe0000000 ---p 00000000 00:00 0 
7febe0000000-7febe046c000 rw-p 00000000 00:00 0 
7febe046c000-7febe4000000 ---p 00000000 00:00 0 
7febe4003000-7febe4013000 r--s 00140000 08:01 3152284                    /home/whj/dowork/DiffTGen/extra_output/Chart_11_1_capgen/target/build/classes/all0.jar
7febe4013000-7febe4089000 rw-p 00000000 00:00 0 
7febe4089000-7febe408a000 ---p 00000000 00:00 0 
7febe408a000-7febe41a7000 rw-p 00000000 00:00 0 
7febe41a7000-7febe454a000 ---p 00000000 00:00 0 
7febe454a000-7febe4565000 r-xp 00000000 08:01 2756233                    /usr/lib/jvm/jdk1.8.0_181/jre/lib/amd64/libzip.so
7febe4565000-7febe4765000 ---p 0001b000 08:01 2756233                    /usr/lib/jvm/jdk1.8.0_181/jre/lib/amd64/libzip.so
7febe4765000-7febe4766000 rw-p 0001b000 08:01 2756233                    /usr/lib/jvm/jdk1.8.0_181/jre/lib/amd64/libzip.so
7febe4766000-7febe4771000 r-xp 00000000 08:01 1054188                    /lib/x86_64-linux-gnu/libnss_files-2.23.so
7febe4771000-7febe4970000 ---p 0000b000 08:01 1054188                    /lib/x86_64-linux-gnu/libnss_files-2.23.so
7febe4970000-7febe4971000 r--p 0000a000 08:01 1054188                    /lib/x86_64-linux-gnu/libnss_files-2.23.so
7febe4971000-7febe4972000 rw-p 0000b000 08:01 1054188                    /lib/x86_64-linux-gnu/libnss_files-2.23.so
7febe4972000-7febe4978000 rw-p 00000000 00:00 0 
7febe4978000-7febe4983000 r-xp 00000000 08:01 1054198                    /lib/x86_64-linux-gnu/libnss_nis-2.23.so
7febe4983000-7febe4b82000 ---p 0000b000 08:01 1054198                    /lib/x86_64-linux-gnu/libnss_nis-2.23.so
7febe4b82000-7febe4b83000 r--p 0000a000 08:01 1054198                    /lib/x86_64-linux-gnu/libnss_nis-2.23.so
7febe4b83000-7febe4b84000 rw-p 0000b000 08:01 1054198                    /lib/x86_64-linux-gnu/libnss_nis-2.23.so
7febe4b84000-7febe4b9a000 r-xp 00000000 08:01 1054182                    /lib/x86_64-linux-gnu/libnsl-2.23.so
7febe4b9a000-7febe4d99000 ---p 00016000 08:01 1054182                    /lib/x86_64-linux-gnu/libnsl-2.23.so
7febe4d99000-7febe4d9a000 r--p 00015000 08:01 1054182                    /lib/x86_64-linux-gnu/libnsl-2.23.so
7febe4d9a000-7febe4d9b000 rw-p 00016000 08:01 1054182                    /lib/x86_64-linux-gnu/libnsl-2.23.so
7febe4d9b000-7febe4d9d000 rw-p 00000000 00:00 0 
7febe4d9d000-7febe4da5000 r-xp 00000000 08:01 1054184                    /lib/x86_64-linux-gnu/libnss_compat-2.23.so
7febe4da5000-7febe4fa4000 ---p 00008000 08:01 1054184                    /lib/x86_64-linux-gnu/libnss_compat-2.23.so
7febe4fa4000-7febe4fa5000 r--p 00007000 08:01 1054184                    /lib/x86_64-linux-gnu/libnss_compat-2.23.so
7febe4fa5000-7febe4fa6000 rw-p 00008000 08:01 1054184                    /lib/x86_64-linux-gnu/libnss_compat-2.23.so
7febe4fa6000-7febe4fd1000 r-xp 00000000 08:01 2756227                    /usr/lib/jvm/jdk1.8.0_181/jre/lib/amd64/libjava.so
7febe4fd1000-7febe51d0000 ---p 0002b000 08:01 2756227                    /usr/lib/jvm/jdk1.8.0_181/jre/lib/amd64/libjava.so
7febe51d0000-7febe51d2000 rw-p 0002a000 08:01 2756227                    /usr/lib/jvm/jdk1.8.0_181/jre/lib/amd64/libjava.so
7febe51d2000-7febe51df000 r-xp 00000000 08:01 2756232                    /usr/lib/jvm/jdk1.8.0_181/jre/lib/amd64/libverify.so
7febe51df000-7febe53df000 ---p 0000d000 08:01 2756232                    /usr/lib/jvm/jdk1.8.0_181/jre/lib/amd64/libverify.so
7febe53df000-7febe53e1000 rw-p 0000d000 08:01 2756232                    /usr/lib/jvm/jdk1.8.0_181/jre/lib/amd64/libverify.so
7febe53e1000-7febe53e8000 r-xp 00000000 08:01 1054243                    /lib/x86_64-linux-gnu/librt-2.23.so
7febe53e8000-7febe55e7000 ---p 00007000 08:01 1054243                    /lib/x86_64-linux-gnu/librt-2.23.so
7febe55e7000-7febe55e8000 r--p 00006000 08:01 1054243                    /lib/x86_64-linux-gnu/librt-2.23.so
7febe55e8000-7febe55e9000 rw-p 00007000 08:01 1054243                    /lib/x86_64-linux-gnu/librt-2.23.so
7febe55e9000-7febe56f1000 r-xp 00000000 08:01 1054159                    /lib/x86_64-linux-gnu/libm-2.23.so
7febe56f1000-7febe58f0000 ---p 00108000 08:01 1054159                    /lib/x86_64-linux-gnu/libm-2.23.so
7febe58f0000-7febe58f1000 r--p 00107000 08:01 1054159                    /lib/x86_64-linux-gnu/libm-2.23.so
7febe58f1000-7febe58f2000 rw-p 00108000 08:01 1054159                    /lib/x86_64-linux-gnu/libm-2.23.so
7febe58f2000-7febe65ce000 r-xp 00000000 08:01 2756209                    /usr/lib/jvm/jdk1.8.0_181/jre/lib/amd64/server/libjvm.so
7febe65ce000-7febe67ce000 ---p 00cdc000 08:01 2756209                    /usr/lib/jvm/jdk1.8.0_181/jre/lib/amd64/server/libjvm.so
7febe67ce000-7febe68a8000 rw-p 00cdc000 08:01 2756209                    /usr/lib/jvm/jdk1.8.0_181/jre/lib/amd64/server/libjvm.so
7febe68a8000-7febe68f3000 rw-p 00000000 00:00 0 
7febe68f3000-7febe6ab3000 r-xp 00000000 08:01 1054089                    /lib/x86_64-linux-gnu/libc-2.23.so
7febe6ab3000-7febe6cb3000 ---p 001c0000 08:01 1054089                    /lib/x86_64-linux-gnu/libc-2.23.so
7febe6cb3000-7febe6cb7000 r--p 001c0000 08:01 1054089                    /lib/x86_64-linux-gnu/libc-2.23.so
7febe6cb7000-7febe6cb9000 rw-p 001c4000 08:01 1054089                    /lib/x86_64-linux-gnu/libc-2.23.so
7febe6cb9000-7febe6cbd000 rw-p 00000000 00:00 0 
7febe6cbd000-7febe6cc0000 r-xp 00000000 08:01 1054113                    /lib/x86_64-linux-gnu/libdl-2.23.so
7febe6cc0000-7febe6ebf000 ---p 00003000 08:01 1054113                    /lib/x86_64-linux-gnu/libdl-2.23.so
7febe6ebf000-7febe6ec0000 r--p 00002000 08:01 1054113                    /lib/x86_64-linux-gnu/libdl-2.23.so
7febe6ec0000-7febe6ec1000 rw-p 00003000 08:01 1054113                    /lib/x86_64-linux-gnu/libdl-2.23.so
7febe6ec1000-7febe6ed7000 r-xp 00000000 08:01 1449032                    /usr/lib/jvm/jdk1.8.0_181/lib/amd64/jli/libjli.so
7febe6ed7000-7febe70d6000 ---p 00016000 08:01 1449032                    /usr/lib/jvm/jdk1.8.0_181/lib/amd64/jli/libjli.so
7febe70d6000-7febe70d7000 rw-p 00015000 08:01 1449032                    /usr/lib/jvm/jdk1.8.0_181/lib/amd64/jli/libjli.so
7febe70d7000-7febe70ef000 r-xp 00000000 08:01 1054235                    /lib/x86_64-linux-gnu/libpthread-2.23.so
7febe70ef000-7febe72ee000 ---p 00018000 08:01 1054235                    /lib/x86_64-linux-gnu/libpthread-2.23.so
7febe72ee000-7febe72ef000 r--p 00017000 08:01 1054235                    /lib/x86_64-linux-gnu/libpthread-2.23.so
7febe72ef000-7febe72f0000 rw-p 00018000 08:01 1054235                    /lib/x86_64-linux-gnu/libpthread-2.23.so
7febe72f0000-7febe72f4000 rw-p 00000000 00:00 0 
7febe72f4000-7febe731a000 r-xp 00000000 08:01 1054061                    /lib/x86_64-linux-gnu/ld-2.23.so
7febe731b000-7febe7325000 r--s 00116000 08:01 2756143                    /usr/lib/jvm/jdk1.8.0_181/jre/lib/ext/localedata.jar
7febe7325000-7febe73f6000 rw-p 00000000 00:00 0 
7febe73f6000-7febe73f9000 ---p 00000000 00:00 0 
7febe73f9000-7febe74fc000 rw-p 00000000 00:00 0 
7febe74fc000-7febe7501000 r--s 0009d000 08:01 2756133                    /usr/lib/jvm/jdk1.8.0_181/jre/lib/jsse.jar
7febe7501000-7febe7509000 r--s 0006e000 08:01 2248917                    /home/whj/dowork/DiffTGen/lib/commons-lang3-3.5.jar
7febe7509000-7febe750a000 r--s 00000000 08:01 2248922                    /home/whj/dowork/DiffTGen/lib/myprinter.jar
7febe750a000-7febe7512000 rw-s 00000000 08:01 1984678                    /tmp/hsperfdata_whj/98102
7febe7512000-7febe7513000 rw-p 00000000 00:00 0 
7febe7513000-7febe7514000 r--p 00000000 00:00 0 
7febe7514000-7febe7517000 r--p 00000000 00:00 0                          [vvar]
7febe7517000-7febe7519000 r-xp 00000000 00:00 0                          [vdso]
7febe7519000-7febe751a000 r--p 00025000 08:01 1054061                    /lib/x86_64-linux-gnu/ld-2.23.so
7febe751a000-7febe751b000 rw-p 00026000 08:01 1054061                    /lib/x86_64-linux-gnu/ld-2.23.so
7febe751b000-7febe751c000 rw-p 00000000 00:00 0 
7ffd55dda000-7ffd55dfc000 rw-p 00000000 00:00 0                          [stack]
ffffffffff600000-ffffffffff601000 r-xp 00000000 00:00 0                  [vsyscall]

VM Arguments:
java_command: /home/whj/dowork/DiffTGen/lib/evosuite-1.0.6.jar -base_dir /home/whj/dowork/DiffTGen/extra_output/Chart_11_1_capgen/target/0/2 -projectCP /home/whj/dowork/DiffTGen/extra_output/Chart_11_1_capgen/target/build/classes/all0.jar:/home/whj/dowork/DiffTGen/lib/myprinter.jar:/home/whj/dowork/DiffTGen/lib/commons-lang3-3.5.jar -class org.jfree.chart.util.ShapeUtilities -Dassertions=false -Dsearch_budget=60
java_class_path (initial): /home/whj/dowork/DiffTGen/lib/evosuite-1.0.6.jar
Launcher Type: SUN_STANDARD

Environment Variables:
JAVA_HOME=/usr/lib/jvm/jdk1.8.0_181
JRE_HOME=/usr/lib/jvm/jdk1.8.0_181/jre
CLASSPATH=.:/usr/lib/jvm/jdk1.8.0_181/lib:/usr/lib/jvm/jdk1.8.0_181/jre/lib
PATH=/home/whj/perl5/bin:/home/whj/dowork/defects4j-1.2.0/framework/bin:/usr/lib/jvm/jdk1.8.0_181/bin:/usr/lib/jvm/jdk1.8.0_181/jre/bin:/home/whj/bin:/home/whj/.local/bin:/usr/local/sbin:/usr/local/bin:/usr/sbin:/usr/bin:/sbin:/bin:/usr/games:/usr/local/games" :/snap/bin:/home/whj/bin
SHELL=/bin/bash
DISPLAY=:0

Signal Handlers:
SIGSEGV: [libjvm.so+0xad2a40], sa_mask[0]=11111111011111111101111111111110, sa_flags=SA_RESTART|SA_SIGINFO
SIGBUS: [libjvm.so+0xad2a40], sa_mask[0]=11111111011111111101111111111110, sa_flags=SA_RESTART|SA_SIGINFO
SIGFPE: [libjvm.so+0x92a610], sa_mask[0]=11111111011111111101111111111110, sa_flags=SA_RESTART|SA_SIGINFO
SIGPIPE: [libjvm.so+0x92a610], sa_mask[0]=11111111011111111101111111111110, sa_flags=SA_RESTART|SA_SIGINFO
SIGXFSZ: [libjvm.so+0x92a610], sa_mask[0]=11111111011111111101111111111110, sa_flags=SA_RESTART|SA_SIGINFO
SIGILL: [libjvm.so+0x92a610], sa_mask[0]=11111111011111111101111111111110, sa_flags=SA_RESTART|SA_SIGINFO
SIGUSR1: SIG_DFL, sa_mask[0]=00000000000000000000000000000000, sa_flags=none
SIGUSR2: [libjvm.so+0x92be70], sa_mask[0]=00100000000000000000000000000000, sa_flags=SA_RESTART|SA_SIGINFO
SIGHUP: [libjvm.so+0x92d270], sa_mask[0]=11111111011111111101111111111110, sa_flags=SA_RESTART|SA_SIGINFO
SIGINT: [libjvm.so+0x92d270], sa_mask[0]=11111111011111111101111111111110, sa_flags=SA_RESTART|SA_SIGINFO
SIGTERM: [libjvm.so+0x92d270], sa_mask[0]=11111111011111111101111111111110, sa_flags=SA_RESTART|SA_SIGINFO
SIGQUIT: [libjvm.so+0x92d270], sa_mask[0]=11111111011111111101111111111110, sa_flags=SA_RESTART|SA_SIGINFO


---------------  S Y S T E M  ---------------

OS:DISTRIB_ID=Ubuntu
DISTRIB_RELEASE=16.04
DISTRIB_CODENAME=xenial
DISTRIB_DESCRIPTION="Ubuntu 16.04.6 LTS"

uname:Linux 4.15.0-91-generic #92~16.04.1-Ubuntu SMP Fri Feb 28 14:57:22 UTC 2020 x86_64
libc:glibc 2.23 NPTL 2.23 
rlimit: STACK 8192k, CORE 0k, NPROC 31576, NOFILE 1048576, AS infinity
load average:17.57 15.93 15.36

/proc/meminfo:
MemTotal:        8144704 kB
MemFree:         1223308 kB
MemAvailable:    1112880 kB
Buffers:             572 kB
Cached:            22376 kB
SwapCached:         3632 kB
Active:          5738528 kB
Inactive:         759476 kB
Active(anon):    5732584 kB
Inactive(anon):   744020 kB
Active(file):       5944 kB
Inactive(file):    15456 kB
Unevictable:          32 kB
Mlocked:              32 kB
SwapTotal:        998396 kB
SwapFree:            672 kB
Dirty:                 0 kB
Writeback:          1160 kB
AnonPages:       6471696 kB
Mapped:            16420 kB
Shmem:              1308 kB
Slab:              88292 kB
SReclaimable:      31388 kB
SUnreclaim:        56904 kB
KernelStack:       16160 kB
PageTables:        49056 kB
NFS_Unstable:          0 kB
Bounce:                0 kB
WritebackTmp:          0 kB
CommitLimit:     5070748 kB
Committed_AS:   17115532 kB
VmallocTotal:   34359738367 kB
VmallocUsed:           0 kB
VmallocChunk:          0 kB
HardwareCorrupted:     0 kB
AnonHugePages:         0 kB
ShmemHugePages:        0 kB
ShmemPmdMapped:        0 kB
CmaTotal:              0 kB
CmaFree:               0 kB
HugePages_Total:       0
HugePages_Free:        0
HugePages_Rsvd:        0
HugePages_Surp:        0
Hugepagesize:       2048 kB
DirectMap4k:      128832 kB
DirectMap2M:     7211008 kB
DirectMap1G:     3145728 kB


CPU:total 2 (initial active 2) (2 cores per cpu, 1 threads per core) family 6 model 158 stepping 10, cmov, cx8, fxsr, mmx, sse, sse2, sse3, ssse3, sse4.1, sse4.2, popcnt, avx, avx2, aes, clmul, erms, 3dnowpref, lzcnt, tsc, tscinvbit, bmi1, bmi2, adx

/proc/cpuinfo:
processor	: 0
vendor_id	: GenuineIntel
cpu family	: 6
model		: 158
model name	: Intel(R) Core(TM) i7-8750H CPU @ 2.20GHz
stepping	: 10
microcode	: 0x96
cpu MHz		: 2207.999
cache size	: 9216 KB
physical id	: 0
siblings	: 2
core id		: 0
cpu cores	: 2
apicid		: 0
initial apicid	: 0
fpu		: yes
fpu_exception	: yes
cpuid level	: 22
wp		: yes
flags		: fpu vme de pse tsc msr pae mce cx8 apic sep mtrr pge mca cmov pat pse36 clflush mmx fxsr sse sse2 ss ht syscall nx pdpe1gb rdtscp lm constant_tsc arch_perfmon nopl xtopology tsc_reliable nonstop_tsc cpuid pni pclmulqdq ssse3 fma cx16 pcid sse4_1 sse4_2 x2apic movbe popcnt tsc_deadline_timer aes xsave avx f16c rdrand hypervisor lahf_lm abm 3dnowprefetch cpuid_fault invpcid_single pti ssbd ibrs ibpb stibp fsgsbase tsc_adjust bmi1 avx2 smep bmi2 invpcid rdseed adx smap xsaveopt arat flush_l1d arch_capabilities
bugs		: cpu_meltdown spectre_v1 spectre_v2 spec_store_bypass l1tf mds swapgs itlb_multihit
bogomips	: 4415.99
clflush size	: 64
cache_alignment	: 64
address sizes	: 42 bits physical, 48 bits virtual
power management:

processor	: 1
vendor_id	: GenuineIntel
cpu family	: 6
model		: 158
model name	: Intel(R) Core(TM) i7-8750H CPU @ 2.20GHz
stepping	: 10
microcode	: 0x96
cpu MHz		: 2207.999
cache size	: 9216 KB
physical id	: 0
siblings	: 2
core id		: 1
cpu cores	: 2
apicid		: 1
initial apicid	: 1
fpu		: yes
fpu_exception	: yes
cpuid level	: 22
wp		: yes
flags		: fpu vme de pse tsc msr pae mce cx8 apic sep mtrr pge mca cmov pat pse36 clflush mmx fxsr sse sse2 ss ht syscall nx pdpe1gb rdtscp lm constant_tsc arch_perfmon nopl xtopology tsc_reliable nonstop_tsc cpuid pni pclmulqdq ssse3 fma cx16 pcid sse4_1 sse4_2 x2apic movbe popcnt tsc_deadline_timer aes xsave avx f16c rdrand hypervisor lahf_lm abm 3dnowprefetch cpuid_fault invpcid_single pti ssbd ibrs ibpb stibp fsgsbase tsc_adjust bmi1 avx2 smep bmi2 invpcid rdseed adx smap xsaveopt arat flush_l1d arch_capabilities
bugs		: cpu_meltdown spectre_v1 spectre_v2 spec_store_bypass l1tf mds swapgs itlb_multihit
bogomips	: 4415.99
clflush size	: 64
cache_alignment	: 64
address sizes	: 42 bits physical, 48 bits virtual
power management:



Memory: 4k page, physical 8144704k(1223308k free), swap 998396k(672k free)

vm_info: Java HotSpot(TM) 64-Bit Server VM (25.181-b13) for linux-amd64 JRE (1.8.0_181-b13), built on Jul  7 2018 00:56:38 by "java_re" with gcc 4.3.0 20080428 (Red Hat 4.3.0-8)

time: Fri Mar 27 18:22:34 2020
elapsed time: 120 seconds (0d 0h 2m 0s)

