#
# There is insufficient memory for the Java Runtime Environment to continue.
# Native memory allocation (mmap) failed to map 27787264 bytes for committing reserved memory.
# Possible reasons:
#   The system is out of physical RAM or swap space
#   In 32 bit mode, the process size limit was hit
# Possible solutions:
#   Reduce memory load on the system
#   Increase physical memory or swap space
#   Check if swap backing store is full
#   Use 64 bit Java on a 64 bit OS
#   Decrease Java heap size (-Xmx/-Xms)
#   Decrease number of Java threads
#   Decrease Java thread stack sizes (-Xss)
#   Set larger code cache with -XX:ReservedCodeCacheSize=
# This output file may be truncated or incomplete.
#
#  Out of Memory Error (os_linux.cpp:2640), pid=81079, tid=0x00007fe3979f9700
#
# JRE version: Java(TM) SE Runtime Environment (8.0_181-b13) (build 1.8.0_181-b13)
# Java VM: Java HotSpot(TM) 64-Bit Server VM (25.181-b13 mixed mode linux-amd64 compressed oops)
# Failed to write core dump. Core dumps have been disabled. To enable core dumping, try "ulimit -c unlimited" before starting Java again
#

---------------  T H R E A D  ---------------

Current thread (0x00007fe3b00fb800):  VMThread [stack: 0x00007fe3978f9000,0x00007fe3979fa000] [id=81118]

Stack: [0x00007fe3978f9000,0x00007fe3979fa000],  sp=0x00007fe3979f80a0,  free space=1020k
Native frames: (J=compiled Java code, j=interpreted, Vv=VM code, C=native code)
V  [libjvm.so+0xad21aa]  VMError::report_and_die()+0x2ba
V  [libjvm.so+0x5022db]  report_vm_out_of_memory(char const*, int, unsigned long, VMErrorType, char const*)+0x8b
V  [libjvm.so+0x92fe33]  os::Linux::commit_memory_impl(char*, unsigned long, bool)+0x123
V  [libjvm.so+0x930059]  os::pd_commit_memory(char*, unsigned long, unsigned long, bool)+0x29
V  [libjvm.so+0x9272ba]  os::commit_memory(char*, unsigned long, unsigned long, bool)+0x2a
V  [libjvm.so+0x99d2e3]  PSVirtualSpace::expand_by(unsigned long)+0x53
V  [libjvm.so+0x99e6e8]  PSYoungGen::resize_generation(unsigned long, unsigned long)+0xf8
V  [libjvm.so+0x99d842]  PSYoungGen::resize(unsigned long, unsigned long)+0x22
V  [libjvm.so+0x99ab1b]  PSScavenge::invoke_no_policy()+0xf3b
V  [libjvm.so+0x99b2a1]  PSScavenge::invoke()+0x41
V  [libjvm.so+0x951d70]  ParallelScavengeHeap::failed_mem_allocate(unsigned long)+0x70
V  [libjvm.so+0xad3c27]  VM_ParallelGCFailedAllocation::doit()+0x97
V  [libjvm.so+0xadb745]  VM_Operation::evaluate()+0x55
V  [libjvm.so+0xad9b0a]  VMThread::evaluate_operation(VM_Operation*)+0xba
V  [libjvm.so+0xad9e8e]  VMThread::loop()+0x1ce
V  [libjvm.so+0xada300]  VMThread::run()+0x70
V  [libjvm.so+0x930198]  java_start(Thread*)+0x108

VM_Operation (0x00007fe395141850): ParallelGCFailedAllocation, mode: safepoint, requested by thread 0x00000000007c9800


---------------  P R O C E S S  ---------------

Java Threads: ( => current thread )
  0x00000000007c9800 JavaThread "RMI TCP Connection(5)-127.0.0.1" daemon [_thread_blocked, id=81474, stack(0x00007fe395045000,0x00007fe395146000)]
  0x00007fe388038000 JavaThread "RMI Scheduler(0)" daemon [_thread_blocked, id=81470, stack(0x00007fe395146000,0x00007fe395247000)]
  0x00007fe388033000 JavaThread "RMI RenewClean-[127.0.0.1:5028]" daemon [_thread_blocked, id=81448, stack(0x00007fe395247000,0x00007fe395348000)]
  0x00007fe358001800 JavaThread "RMI TCP Connection(6)-127.0.0.1" daemon [_thread_in_native, id=81433, stack(0x00007fe395364000,0x00007fe395465000)]
  0x00007fe360005000 JavaThread "pool-3-thread-3" [_thread_in_native, id=81385, stack(0x00007fe395465000,0x00007fe395566000)]
  0x00007fe360003800 JavaThread "pool-3-thread-2" [_thread_in_native, id=81380, stack(0x00007fe395566000,0x00007fe395667000)]
  0x00007fe360002800 JavaThread "pool-3-thread-1" [_thread_in_native, id=81371, stack(0x00007fe395667000,0x00007fe395768000)]
  0x00007fe3b0367800 JavaThread "Thread-3" [_thread_in_native, id=81250, stack(0x00007fe395768000,0x00007fe395869000)]
  0x00007fe3b0366000 JavaThread "Thread-2" [_thread_in_native, id=81245, stack(0x00007fe395869000,0x00007fe39596a000)]
  0x00007fe3b0364800 JavaThread "process reaper" daemon [_thread_in_native, id=81241, stack(0x00007fe3b4006000,0x00007fe3b403f000)]
  0x00007fe3b035e800 JavaThread "pool-2-thread-1" [_thread_in_native, id=81225, stack(0x00007fe39596a000,0x00007fe395a6b000)]
  0x00007fe3b035c000 JavaThread "GC Daemon" daemon [_thread_blocked, id=81224, stack(0x00007fe395a6b000,0x00007fe395b6c000)]
  0x00007fe3b0359800 JavaThread "RMI Reaper" [_thread_blocked, id=81223, stack(0x00007fe395b6c000,0x00007fe395c6d000)]
  0x00007fe3b0352800 JavaThread "RMI TCP Accept-21919" daemon [_thread_in_native, id=81222, stack(0x00007fe395c6d000,0x00007fe395d6e000)]
  0x00007fe3b034b800 JavaThread "RMI TCP Accept-21897" daemon [_thread_in_native, id=81219, stack(0x00007fe395d6e000,0x00007fe395e6f000)]
  0x00007fe3b0293800 JavaThread "logback-3" daemon [_thread_blocked, id=81193, stack(0x00007fe3960e8000,0x00007fe3961e9000)]
  0x00007fe3b0292000 JavaThread "logback-2" daemon [_thread_blocked, id=81189, stack(0x00007fe3961e9000,0x00007fe3962ea000)]
  0x00007fe3b0290800 JavaThread "logback-1" daemon [_thread_blocked, id=81187, stack(0x00007fe3962ea000,0x00007fe3963eb000)]
  0x00007fe3b0142000 JavaThread "Service Thread" daemon [_thread_blocked, id=81160, stack(0x00007fe396934000,0x00007fe396a35000)]
  0x00007fe3b013f000 JavaThread "C1 CompilerThread1" daemon [_thread_blocked, id=81149, stack(0x00007fe396a35000,0x00007fe396b36000)]
  0x00007fe3b013c000 JavaThread "C2 CompilerThread0" daemon [_thread_blocked, id=81138, stack(0x00007fe396b36000,0x00007fe396c37000)]
  0x00007fe3b013a800 JavaThread "Signal Dispatcher" daemon [_thread_blocked, id=81134, stack(0x00007fe396c37000,0x00007fe396d38000)]
  0x00007fe3b0107800 JavaThread "Finalizer" daemon [_thread_blocked, id=81133, stack(0x00007fe3976f7000,0x00007fe3977f8000)]
  0x00007fe3b0105000 JavaThread "Reference Handler" daemon [_thread_blocked, id=81126, stack(0x00007fe3977f8000,0x00007fe3978f9000)]
  0x00007fe3b000a800 JavaThread "main" [_thread_in_native, id=81091, stack(0x00007fe3b7aa3000,0x00007fe3b7ba4000)]

Other Threads:
=>0x00007fe3b00fb800 VMThread [stack: 0x00007fe3978f9000,0x00007fe3979fa000] [id=81118]
  0x00007fe3b0146800 WatcherThread [stack: 0x00007fe396833000,0x00007fe396934000] [id=81169]

VM state:at safepoint (normal execution)

VM Mutex/Monitor currently owned by a thread:  ([mutex/lock_event])
[0x00007fe3b0006c80] Threads_lock - owner thread: 0x00007fe3b00fb800
[0x00007fe3b0007180] Heap_lock - owner thread: 0x00000000007c9800

Heap:
 PSYoungGen      total 37376K, used 7580K [0x00000000d6900000, 0x00000000d9880000, 0x0000000100000000)
  eden space 27648K, 0% used [0x00000000d6900000,0x00000000d6900000,0x00000000d8400000)
  from space 9728K, 77% used [0x00000000d8400000,0x00000000d8b67080,0x00000000d8d80000)
  to   space 7680K, 0% used [0x00000000d8d80000,0x00000000d8d80000,0x00000000d9500000)
 ParOldGen       total 86016K, used 12475K [0x0000000083a00000, 0x0000000088e00000, 0x00000000d6900000)
  object space 86016K, 14% used [0x0000000083a00000,0x000000008462ed58,0x0000000088e00000)
 Metaspace       used 17092K, capacity 17626K, committed 17792K, reserved 1064960K
  class space    used 1954K, capacity 2109K, committed 2176K, reserved 1048576K

Card table byte_map: [0x00007fe3b444e000,0x00007fe3b4832000] byte_map_base: 0x00007fe3b4031000

Marking Bits: (ParMarkBitMap*) 0x00007fe3b6f6e0a0
 Begin Bits: [0x00007fe39d0cf000, 0x00007fe39efe7000)
 End Bits:   [0x00007fe39efe7000, 0x00007fe3a0eff000)

Polling page: 0x00007fe3b7bc0000

CodeCache: size=245760Kb used=8100Kb max_used=8100Kb free=237659Kb
 bounds [0x00007fe3a1000000, 0x00007fe3a1800000, 0x00007fe3b0000000]
 total_blobs=2638 nmethods=2270 adapters=281
 compilation: enabled

Compilation events (10 events):
Event: 130.905 Thread 0x00007fe3b013f000 nmethod 2497 0x00007fe3a153c7d0 code [0x00007fe3a153c9c0, 0x00007fe3a153d368]
Event: 130.909 Thread 0x00007fe3b013c000 2498   !   4       java.io.ObjectInputStream$BlockDataInputStream::readUTFSpan (502 bytes)
Event: 130.931 Thread 0x00007fe3b013c000 nmethod 2498 0x00007fe3a17e8ed0 code [0x00007fe3a17e9120, 0x00007fe3a17e9af8]
Event: 130.931 Thread 0x00007fe3b013c000 2499   !   4       java.io.ObjectInputStream::readObject0 (566 bytes)
Event: 130.983 Thread 0x00007fe3b013f000 2500       3       java.io.ObjectStreamClass::getPackageName (47 bytes)
Event: 130.983 Thread 0x00007fe3b013f000 nmethod 2500 0x00007fe3a153bb50 code [0x00007fe3a153bd20, 0x00007fe3a153c528]
Event: 131.051 Thread 0x00007fe3b013f000 2502       3       org.evosuite.coverage.method.MethodNoExceptionCoverageTestFitness::hashCode (26 bytes)
Event: 131.052 Thread 0x00007fe3b013f000 nmethod 2502 0x00007fe3a1545010 code [0x00007fe3a1545180, 0x00007fe3a1545478]
Event: 131.110 Thread 0x00007fe3b013f000 2504       3       org.evosuite.coverage.method.MethodNoExceptionCoverageTestFitness::equals (65 bytes)
Event: 131.110 Thread 0x00007fe3b013f000 nmethod 2504 0x00007fe3a1540090 code [0x00007fe3a1540240, 0x00007fe3a15408d8]

GC Heap History (10 events):
Event: 57.450 GC heap after
Heap after GC invocations=5 (full 1):
 PSYoungGen      total 37888K, used 5096K [0x00000000d6900000, 0x00000000d9300000, 0x0000000100000000)
  eden space 32768K, 0% used [0x00000000d6900000,0x00000000d6900000,0x00000000d8900000)
  from space 5120K, 99% used [0x00000000d8e00000,0x00000000d92fa030,0x00000000d9300000)
  to   space 5120K, 0% used [0x00000000d8900000,0x00000000d8900000,0x00000000d8e00000)
 ParOldGen       total 86016K, used 4270K [0x0000000083a00000, 0x0000000088e00000, 0x00000000d6900000)
  object space 86016K, 4% used [0x0000000083a00000,0x0000000083e2b898,0x0000000088e00000)
 Metaspace       used 14507K, capacity 14912K, committed 15104K, reserved 1062912K
  class space    used 1640K, capacity 1750K, committed 1792K, reserved 1048576K
}
Event: 64.636 GC heap before
{Heap before GC invocations=6 (full 1):
 PSYoungGen      total 37888K, used 37864K [0x00000000d6900000, 0x00000000d9300000, 0x0000000100000000)
  eden space 32768K, 100% used [0x00000000d6900000,0x00000000d8900000,0x00000000d8900000)
  from space 5120K, 99% used [0x00000000d8e00000,0x00000000d92fa030,0x00000000d9300000)
  to   space 5120K, 0% used [0x00000000d8900000,0x00000000d8900000,0x00000000d8e00000)
 ParOldGen       total 86016K, used 4270K [0x0000000083a00000, 0x0000000088e00000, 0x00000000d6900000)
  object space 86016K, 4% used [0x0000000083a00000,0x0000000083e2b898,0x0000000088e00000)
 Metaspace       used 16417K, capacity 16922K, committed 17280K, reserved 1064960K
  class space    used 1888K, capacity 2073K, committed 2176K, reserved 1048576K
Event: 64.659 GC heap after
Heap after GC invocations=6 (full 1):
 PSYoungGen      total 37888K, used 5120K [0x00000000d6900000, 0x00000000d9300000, 0x0000000100000000)
  eden space 32768K, 0% used [0x00000000d6900000,0x00000000d6900000,0x00000000d8900000)
  from space 5120K, 100% used [0x00000000d8900000,0x00000000d8e00000,0x00000000d8e00000)
  to   space 5120K, 0% used [0x00000000d8e00000,0x00000000d8e00000,0x00000000d9300000)
 ParOldGen       total 86016K, used 5837K [0x0000000083a00000, 0x0000000088e00000, 0x00000000d6900000)
  object space 86016K, 6% used [0x0000000083a00000,0x0000000083fb37c8,0x0000000088e00000)
 Metaspace       used 16417K, capacity 16922K, committed 17280K, reserved 1064960K
  class space    used 1888K, capacity 2073K, committed 2176K, reserved 1048576K
}
Event: 73.869 GC heap before
{Heap before GC invocations=7 (full 1):
 PSYoungGen      total 37888K, used 37888K [0x00000000d6900000, 0x00000000d9300000, 0x0000000100000000)
  eden space 32768K, 100% used [0x00000000d6900000,0x00000000d8900000,0x00000000d8900000)
  from space 5120K, 100% used [0x00000000d8900000,0x00000000d8e00000,0x00000000d8e00000)
  to   space 5120K, 0% used [0x00000000d8e00000,0x00000000d8e00000,0x00000000d9300000)
 ParOldGen       total 86016K, used 5837K [0x0000000083a00000, 0x0000000088e00000, 0x00000000d6900000)
  object space 86016K, 6% used [0x0000000083a00000,0x0000000083fb37c8,0x0000000088e00000)
 Metaspace       used 16750K, capacity 17300K, committed 17536K, reserved 1064960K
  class space    used 1933K, capacity 2108K, committed 2176K, reserved 1048576K
Event: 73.888 GC heap after
Heap after GC invocations=7 (full 1):
 PSYoungGen      total 35328K, used 5120K [0x00000000d6900000, 0x00000000d9780000, 0x0000000100000000)
  eden space 30208K, 0% used [0x00000000d6900000,0x00000000d6900000,0x00000000d8680000)
  from space 5120K, 100% used [0x00000000d8e00000,0x00000000d9300000,0x00000000d9300000)
  to   space 7680K, 0% used [0x00000000d8680000,0x00000000d8680000,0x00000000d8e00000)
 ParOldGen       total 86016K, used 6941K [0x0000000083a00000, 0x0000000088e00000, 0x00000000d6900000)
  object space 86016K, 8% used [0x0000000083a00000,0x00000000840c7478,0x0000000088e00000)
 Metaspace       used 16750K, capacity 17300K, committed 17536K, reserved 1064960K
  class space    used 1933K, capacity 2108K, committed 2176K, reserved 1048576K
}
Event: 96.123 GC heap before
{Heap before GC invocations=8 (full 1):
 PSYoungGen      total 35328K, used 35328K [0x00000000d6900000, 0x00000000d9780000, 0x0000000100000000)
  eden space 30208K, 100% used [0x00000000d6900000,0x00000000d8680000,0x00000000d8680000)
  from space 5120K, 100% used [0x00000000d8e00000,0x00000000d9300000,0x00000000d9300000)
  to   space 7680K, 0% used [0x00000000d8680000,0x00000000d8680000,0x00000000d8e00000)
 ParOldGen       total 86016K, used 6941K [0x0000000083a00000, 0x0000000088e00000, 0x00000000d6900000)
  object space 86016K, 8% used [0x0000000083a00000,0x00000000840c7478,0x0000000088e00000)
 Metaspace       used 16789K, capacity 17300K, committed 17536K, reserved 1064960K
  class space    used 1935K, capacity 2108K, committed 2176K, reserved 1048576K
Event: 96.143 GC heap after
Heap after GC invocations=8 (full 1):
 PSYoungGen      total 36352K, used 6372K [0x00000000d6900000, 0x00000000d9500000, 0x0000000100000000)
  eden space 29696K, 0% used [0x00000000d6900000,0x00000000d6900000,0x00000000d8600000)
  from space 6656K, 95% used [0x00000000d8680000,0x00000000d8cb9040,0x00000000d8d00000)
  to   space 7680K, 0% used [0x00000000d8d80000,0x00000000d8d80000,0x00000000d9500000)
 ParOldGen       total 86016K, used 6941K [0x0000000083a00000, 0x0000000088e00000, 0x00000000d6900000)
  object space 86016K, 8% used [0x0000000083a00000,0x00000000840c7478,0x0000000088e00000)
 Metaspace       used 16789K, capacity 17300K, committed 17536K, reserved 1064960K
  class space    used 1935K, capacity 2108K, committed 2176K, reserved 1048576K
}
Event: 109.999 GC heap before
{Heap before GC invocations=9 (full 1):
 PSYoungGen      total 36352K, used 36068K [0x00000000d6900000, 0x00000000d9500000, 0x0000000100000000)
  eden space 29696K, 100% used [0x00000000d6900000,0x00000000d8600000,0x00000000d8600000)
  from space 6656K, 95% used [0x00000000d8680000,0x00000000d8cb9040,0x00000000d8d00000)
  to   space 7680K, 0% used [0x00000000d8d80000,0x00000000d8d80000,0x00000000d9500000)
 ParOldGen       total 86016K, used 6941K [0x0000000083a00000, 0x0000000088e00000, 0x00000000d6900000)
  object space 86016K, 8% used [0x0000000083a00000,0x00000000840c7478,0x0000000088e00000)
 Metaspace       used 17009K, capacity 17556K, committed 17792K, reserved 1064960K
  class space    used 1952K, capacity 2108K, committed 2176K, reserved 1048576K
Event: 110.067 GC heap after
Heap after GC invocations=9 (full 1):
 PSYoungGen      total 35328K, used 7668K [0x00000000d6900000, 0x00000000d9880000, 0x0000000100000000)
  eden space 27648K, 0% used [0x00000000d6900000,0x00000000d6900000,0x00000000d8400000)
  from space 7680K, 99% used [0x00000000d8d80000,0x00000000d94fd040,0x00000000d9500000)
  to   space 9728K, 0% used [0x00000000d8400000,0x00000000d8400000,0x00000000d8d80000)
 ParOldGen       total 86016K, used 10066K [0x0000000083a00000, 0x0000000088e00000, 0x00000000d6900000)
  object space 86016K, 11% used [0x0000000083a00000,0x00000000843d4970,0x0000000088e00000)
 Metaspace       used 17009K, capacity 17556K, committed 17792K, reserved 1064960K
  class space    used 1952K, capacity 2108K, committed 2176K, reserved 1048576K
}
Event: 131.179 GC heap before
{Heap before GC invocations=10 (full 1):
 PSYoungGen      total 35328K, used 35316K [0x00000000d6900000, 0x00000000d9880000, 0x0000000100000000)
  eden space 27648K, 100% used [0x00000000d6900000,0x00000000d8400000,0x00000000d8400000)
  from space 7680K, 99% used [0x00000000d8d80000,0x00000000d94fd040,0x00000000d9500000)
  to   space 9728K, 0% used [0x00000000d8400000,0x00000000d8400000,0x00000000d8d80000)
 ParOldGen       total 86016K, used 10066K [0x0000000083a00000, 0x0000000088e00000, 0x00000000d6900000)
  object space 86016K, 11% used [0x0000000083a00000,0x00000000843d4970,0x0000000088e00000)
 Metaspace       used 17092K, capacity 17626K, committed 17792K, reserved 1064960K
  class space    used 1954K, capacity 2109K, committed 2176K, reserved 1048576K

Deoptimization events (10 events):
Event: 100.195 Thread 0x00007fe358001800 Uncommon trap: reason=predicate action=maybe_recompile pc=0x00007fe3a179c628 method=java.io.ObjectInputStream.readArray(Z)Ljava/lang/Object; @ 406
Event: 108.907 Thread 0x00007fe358001800 Uncommon trap: reason=array_check action=maybe_recompile pc=0x00007fe3a17a1584 method=java.io.ObjectInputStream.readArray(Z)Ljava/lang/Object; @ 415
Event: 108.907 Thread 0x00007fe358001800 Uncommon trap: reason=array_check action=maybe_recompile pc=0x00007fe3a17a1584 method=java.io.ObjectInputStream.readArray(Z)Ljava/lang/Object; @ 415
Event: 108.907 Thread 0x00007fe358001800 Uncommon trap: reason=array_check action=maybe_recompile pc=0x00007fe3a17a1584 method=java.io.ObjectInputStream.readArray(Z)Ljava/lang/Object; @ 415
Event: 108.907 Thread 0x00007fe358001800 Uncommon trap: reason=array_check action=maybe_recompile pc=0x00007fe3a17a1584 method=java.io.ObjectInputStream.readArray(Z)Ljava/lang/Object; @ 415
Event: 110.569 Thread 0x00007fe360002800 Uncommon trap: reason=class_check action=maybe_recompile pc=0x00007fe3a17c8474 method=java.util.HashMap.readObject(Ljava/io/ObjectInputStream;)V @ 5
Event: 110.569 Thread 0x00007fe360002800 Uncommon trap: reason=class_check action=maybe_recompile pc=0x00007fe3a17c8474 method=java.util.HashMap.readObject(Ljava/io/ObjectInputStream;)V @ 5
Event: 129.598 Thread 0x00007fe358001800 Uncommon trap: reason=unstable_if action=reinterpret pc=0x00007fe3a13c9ac8 method=java.io.ObjectInputStream$BlockDataInputStream.readUTFSpan(Ljava/lang/StringBuilder;J)J @ 35
Event: 130.881 Thread 0x00007fe358001800 Uncommon trap: reason=unstable_if action=reinterpret pc=0x00007fe3a16e3a34 method=java.lang.Math.min(JJ)J @ 3
Event: 130.899 Thread 0x00007fe358001800 Uncommon trap: reason=unstable_if action=reinterpret pc=0x00007fe3a172aa80 method=java.lang.Math.min(JJ)J @ 3

Classes redefined (0 events):
No events

Internal exceptions (10 events):
Event: 91.535 Thread 0x00007fe3b0293800 Exception <a 'java/net/ConnectException'> (0x00000000d75f0df8) thrown at [/HUDSON/workspace/8-2-build-linux-amd64/jdk8u181/11358/hotspot/src/share/vm/prims/jni.cpp, line 709]
Event: 101.513 Thread 0x00007fe3b0290800 Exception <a 'java/net/ConnectException'> (0x00000000d72a8e98) thrown at [/HUDSON/workspace/8-2-build-linux-amd64/jdk8u181/11358/hotspot/src/share/vm/prims/jni.cpp, line 709]
Event: 101.516 Thread 0x00007fe3b0292000 Exception <a 'java/net/ConnectException'> (0x00000000d72b6388) thrown at [/HUDSON/workspace/8-2-build-linux-amd64/jdk8u181/11358/hotspot/src/share/vm/prims/jni.cpp, line 709]
Event: 101.535 Thread 0x00007fe3b0293800 Exception <a 'java/net/ConnectException'> (0x00000000d72c3878) thrown at [/HUDSON/workspace/8-2-build-linux-amd64/jdk8u181/11358/hotspot/src/share/vm/prims/jni.cpp, line 709]
Event: 111.514 Thread 0x00007fe3b0290800 Exception <a 'java/net/ConnectException'> (0x00000000d6fab728) thrown at [/HUDSON/workspace/8-2-build-linux-amd64/jdk8u181/11358/hotspot/src/share/vm/prims/jni.cpp, line 709]
Event: 111.517 Thread 0x00007fe3b0292000 Exception <a 'java/net/ConnectException'> (0x00000000d6fb3878) thrown at [/HUDSON/workspace/8-2-build-linux-amd64/jdk8u181/11358/hotspot/src/share/vm/prims/jni.cpp, line 709]
Event: 111.536 Thread 0x00007fe3b0293800 Exception <a 'java/net/ConnectException'> (0x00000000d6fbb9c8) thrown at [/HUDSON/workspace/8-2-build-linux-amd64/jdk8u181/11358/hotspot/src/share/vm/prims/jni.cpp, line 709]
Event: 121.719 Thread 0x00007fe3b0292000 Exception <a 'java/net/ConnectException'> (0x00000000d6fb43a0) thrown at [/HUDSON/workspace/8-2-build-linux-amd64/jdk8u181/11358/hotspot/src/share/vm/prims/jni.cpp, line 709]
Event: 121.719 Thread 0x00007fe3b0290800 Exception <a 'java/net/ConnectException'> (0x00000000d6fac250) thrown at [/HUDSON/workspace/8-2-build-linux-amd64/jdk8u181/11358/hotspot/src/share/vm/prims/jni.cpp, line 709]
Event: 121.719 Thread 0x00007fe3b0293800 Exception <a 'java/net/ConnectException'> (0x00000000d6fbc4f0) thrown at [/HUDSON/workspace/8-2-build-linux-amd64/jdk8u181/11358/hotspot/src/share/vm/prims/jni.cpp, line 709]

Events (10 events):
Event: 129.599 Thread 0x00007fe358001800 DEOPT UNPACKING pc=0x00007fe3a104573a sp=0x00007fe395461618 mode 2
Event: 130.881 Thread 0x00007fe358001800 Uncommon trap: trap_request=0xffffff65 fr.pc=0x00007fe3a16e3a34
Event: 130.881 Thread 0x00007fe358001800 DEOPT PACKING pc=0x00007fe3a16e3a34 sp=0x00007fe3954616f0
Event: 130.881 Thread 0x00007fe358001800 DEOPT UNPACKING pc=0x00007fe3a104573a sp=0x00007fe395461538 mode 2
Event: 130.899 Thread 0x00007fe358001800 Uncommon trap: trap_request=0xffffff65 fr.pc=0x00007fe3a172aa80
Event: 130.899 Thread 0x00007fe358001800 DEOPT PACKING pc=0x00007fe3a172aa80 sp=0x00007fe395461610
Event: 130.899 Thread 0x00007fe358001800 DEOPT UNPACKING pc=0x00007fe3a104573a sp=0x00007fe395461578 mode 2
Event: 130.941 loading class org/evosuite/testcase/variable/ConstantValue
Event: 130.941 loading class org/evosuite/testcase/variable/ConstantValue done
Event: 131.179 Executing VM operation: ParallelGCFailedAllocation


Dynamic libraries:
00400000-00401000 r-xp 00000000 08:01 1448396                            /usr/lib/jvm/jdk1.8.0_181/bin/java
00600000-00601000 rw-p 00000000 08:01 1448396                            /usr/lib/jvm/jdk1.8.0_181/bin/java
007c7000-007e8000 rw-p 00000000 00:00 0                                  [heap]
83a00000-88e00000 rw-p 00000000 00:00 0 
88e00000-d6900000 ---p 00000000 00:00 0 
d6900000-d9880000 rw-p 00000000 00:00 0 
db300000-100000000 ---p 00000000 00:00 0 
100000000-100220000 rw-p 00000000 00:00 0 
100220000-140000000 ---p 00000000 00:00 0 
7fe358000000-7fe358021000 rw-p 00000000 00:00 0 
7fe358021000-7fe35c000000 ---p 00000000 00:00 0 
7fe360000000-7fe360021000 rw-p 00000000 00:00 0 
7fe360021000-7fe364000000 ---p 00000000 00:00 0 
7fe364000000-7fe364021000 rw-p 00000000 00:00 0 
7fe364021000-7fe368000000 ---p 00000000 00:00 0 
7fe368000000-7fe368021000 rw-p 00000000 00:00 0 
7fe368021000-7fe36c000000 ---p 00000000 00:00 0 
7fe36c000000-7fe36c021000 rw-p 00000000 00:00 0 
7fe36c021000-7fe370000000 ---p 00000000 00:00 0 
7fe370fff000-7fe374000000 rw-p 00000000 00:00 0 
7fe374000000-7fe374bd9000 rw-p 00000000 00:00 0 
7fe374bd9000-7fe378000000 ---p 00000000 00:00 0 
7fe378000000-7fe378021000 rw-p 00000000 00:00 0 
7fe378021000-7fe37c000000 ---p 00000000 00:00 0 
7fe37c000000-7fe37c021000 rw-p 00000000 00:00 0 
7fe37c021000-7fe380000000 ---p 00000000 00:00 0 
7fe380000000-7fe380ec3000 rw-p 00000000 00:00 0 
7fe380ec3000-7fe384000000 ---p 00000000 00:00 0 
7fe384000000-7fe384021000 rw-p 00000000 00:00 0 
7fe384021000-7fe388000000 ---p 00000000 00:00 0 
7fe388000000-7fe3882df000 rw-p 00000000 00:00 0 
7fe3882df000-7fe38c000000 ---p 00000000 00:00 0 
7fe38c000000-7fe38c292000 rw-p 00000000 00:00 0 
7fe38c292000-7fe390000000 ---p 00000000 00:00 0 
7fe390000000-7fe3901be000 rw-p 00000000 00:00 0 
7fe3901be000-7fe394000000 ---p 00000000 00:00 0 
7fe39483f000-7fe39497f000 rw-p 00000000 00:00 0 
7fe39497f000-7fe394a3f000 ---p 00000000 00:00 0 
7fe394a3f000-7fe394a52000 r--s 00345000 08:01 2756119                    /usr/lib/jvm/jdk1.8.0_181/jre/lib/resources.jar
7fe394c45000-7fe394e45000 rw-p 00000000 00:00 0 
7fe394e45000-7fe395045000 rw-p 00000000 00:00 0 
7fe395045000-7fe395048000 ---p 00000000 00:00 0 
7fe395048000-7fe395146000 rw-p 00000000 00:00 0 
7fe395146000-7fe395149000 ---p 00000000 00:00 0 
7fe395149000-7fe395247000 rw-p 00000000 00:00 0 
7fe395247000-7fe39524a000 ---p 00000000 00:00 0 
7fe39524a000-7fe395348000 rw-p 00000000 00:00 0 
7fe395348000-7fe395364000 r--s 00393000 08:01 2756136                    /usr/lib/jvm/jdk1.8.0_181/jre/lib/ext/cldrdata.jar
7fe395364000-7fe395367000 ---p 00000000 00:00 0 
7fe395367000-7fe395465000 rw-p 00000000 00:00 0 
7fe395465000-7fe395468000 ---p 00000000 00:00 0 
7fe395468000-7fe395566000 rw-p 00000000 00:00 0 
7fe395566000-7fe395569000 ---p 00000000 00:00 0 
7fe395569000-7fe395667000 rw-p 00000000 00:00 0 
7fe395667000-7fe39566a000 ---p 00000000 00:00 0 
7fe39566a000-7fe395768000 rw-p 00000000 00:00 0 
7fe395768000-7fe39576b000 ---p 00000000 00:00 0 
7fe39576b000-7fe395869000 rw-p 00000000 00:00 0 
7fe395869000-7fe39586c000 ---p 00000000 00:00 0 
7fe39586c000-7fe39596a000 rw-p 00000000 00:00 0 
7fe39596a000-7fe39596d000 ---p 00000000 00:00 0 
7fe39596d000-7fe395a6b000 rw-p 00000000 00:00 0 
7fe395a6b000-7fe395a6e000 ---p 00000000 00:00 0 
7fe395a6e000-7fe395b6c000 rw-p 00000000 00:00 0 
7fe395b6c000-7fe395b6f000 ---p 00000000 00:00 0 
7fe395b6f000-7fe395c6d000 rw-p 00000000 00:00 0 
7fe395c6d000-7fe395c70000 ---p 00000000 00:00 0 
7fe395c70000-7fe395d6e000 rw-p 00000000 00:00 0 
7fe395d6e000-7fe395d71000 ---p 00000000 00:00 0 
7fe395d71000-7fe39606f000 rw-p 00000000 00:00 0 
7fe39606f000-7fe3960e8000 r--s 010f9000 08:01 1448503                    /usr/lib/jvm/jdk1.8.0_181/lib/tools.jar
7fe3960e8000-7fe3960eb000 ---p 00000000 00:00 0 
7fe3960eb000-7fe3961e9000 rw-p 00000000 00:00 0 
7fe3961e9000-7fe3961ec000 ---p 00000000 00:00 0 
7fe3961ec000-7fe3962ea000 rw-p 00000000 00:00 0 
7fe3962ea000-7fe3962ed000 ---p 00000000 00:00 0 
7fe3962ed000-7fe3963eb000 rw-p 00000000 00:00 0 
7fe3963eb000-7fe396401000 r-xp 00000000 08:01 2756237                    /usr/lib/jvm/jdk1.8.0_181/jre/lib/amd64/libnet.so
7fe396401000-7fe396601000 ---p 00016000 08:01 2756237                    /usr/lib/jvm/jdk1.8.0_181/jre/lib/amd64/libnet.so
7fe396601000-7fe396602000 rw-p 00016000 08:01 2756237                    /usr/lib/jvm/jdk1.8.0_181/jre/lib/amd64/libnet.so
7fe396602000-7fe396833000 r--s 01bb1000 08:01 1706762                    /home/whj/dowork/DiffTGen/lib/evosuite-1.0.6.jar
7fe396833000-7fe396834000 ---p 00000000 00:00 0 
7fe396834000-7fe396934000 rw-p 00000000 00:00 0 
7fe396934000-7fe396937000 ---p 00000000 00:00 0 
7fe396937000-7fe396a35000 rw-p 00000000 00:00 0 
7fe396a35000-7fe396a38000 ---p 00000000 00:00 0 
7fe396a38000-7fe396b36000 rw-p 00000000 00:00 0 
7fe396b36000-7fe396b39000 ---p 00000000 00:00 0 
7fe396b39000-7fe396c37000 rw-p 00000000 00:00 0 
7fe396c37000-7fe396c3a000 ---p 00000000 00:00 0 
7fe396c3a000-7fe396d38000 rw-p 00000000 00:00 0 
7fe396d38000-7fe3976f7000 r--p 00000000 08:01 1316108                    /usr/lib/locale/locale-archive
7fe3976f7000-7fe3976fa000 ---p 00000000 00:00 0 
7fe3976fa000-7fe3977f8000 rw-p 00000000 00:00 0 
7fe3977f8000-7fe3977fb000 ---p 00000000 00:00 0 
7fe3977fb000-7fe3978f9000 rw-p 00000000 00:00 0 
7fe3978f9000-7fe3978fa000 ---p 00000000 00:00 0 
7fe3978fa000-7fe398000000 rw-p 00000000 00:00 0 
7fe398000000-7fe398021000 rw-p 00000000 00:00 0 
7fe398021000-7fe39c000000 ---p 00000000 00:00 0 
7fe39c005000-7fe39c00f000 r--s 00116000 08:01 2756143                    /usr/lib/jvm/jdk1.8.0_181/jre/lib/ext/localedata.jar
7fe39c00f000-7fe39c312000 rw-p 00000000 00:00 0 
7fe39c312000-7fe39c4ec000 r--s 03d6b000 08:01 2756084                    /usr/lib/jvm/jdk1.8.0_181/jre/lib/rt.jar
7fe39c4ec000-7fe3a0eff000 rw-p 00000000 00:00 0 
7fe3a0eff000-7fe3a0f00000 ---p 00000000 00:00 0 
7fe3a0f00000-7fe3a1000000 rw-p 00000000 00:00 0 
7fe3a1000000-7fe3a1800000 rwxp 00000000 00:00 0 
7fe3a1800000-7fe3b0000000 ---p 00000000 00:00 0 
7fe3b0000000-7fe3b046c000 rw-p 00000000 00:00 0 
7fe3b046c000-7fe3b4000000 ---p 00000000 00:00 0 
7fe3b4006000-7fe3b4009000 ---p 00000000 00:00 0 
7fe3b4009000-7fe3b40b5000 rw-p 00000000 00:00 0 
7fe3b40b5000-7fe3b40b6000 ---p 00000000 00:00 0 
7fe3b40b6000-7fe3b41e0000 rw-p 00000000 00:00 0 
7fe3b41e0000-7fe3b444e000 ---p 00000000 00:00 0 
7fe3b444e000-7fe3b4478000 rw-p 00000000 00:00 0 
7fe3b4478000-7fe3b46e5000 ---p 00000000 00:00 0 
7fe3b46e5000-7fe3b46fe000 rw-p 00000000 00:00 0 
7fe3b46fe000-7fe3b4831000 ---p 00000000 00:00 0 
7fe3b4831000-7fe3b4852000 rw-p 00000000 00:00 0 
7fe3b4852000-7fe3b4bf2000 ---p 00000000 00:00 0 
7fe3b4bf2000-7fe3b4c0d000 r-xp 00000000 08:01 2756233                    /usr/lib/jvm/jdk1.8.0_181/jre/lib/amd64/libzip.so
7fe3b4c0d000-7fe3b4e0d000 ---p 0001b000 08:01 2756233                    /usr/lib/jvm/jdk1.8.0_181/jre/lib/amd64/libzip.so
7fe3b4e0d000-7fe3b4e0e000 rw-p 0001b000 08:01 2756233                    /usr/lib/jvm/jdk1.8.0_181/jre/lib/amd64/libzip.so
7fe3b4e0e000-7fe3b4e19000 r-xp 00000000 08:01 1054188                    /lib/x86_64-linux-gnu/libnss_files-2.23.so
7fe3b4e19000-7fe3b5018000 ---p 0000b000 08:01 1054188                    /lib/x86_64-linux-gnu/libnss_files-2.23.so
7fe3b5018000-7fe3b5019000 r--p 0000a000 08:01 1054188                    /lib/x86_64-linux-gnu/libnss_files-2.23.so
7fe3b5019000-7fe3b501a000 rw-p 0000b000 08:01 1054188                    /lib/x86_64-linux-gnu/libnss_files-2.23.so
7fe3b501a000-7fe3b5020000 rw-p 00000000 00:00 0 
7fe3b5020000-7fe3b502b000 r-xp 00000000 08:01 1054198                    /lib/x86_64-linux-gnu/libnss_nis-2.23.so
7fe3b502b000-7fe3b522a000 ---p 0000b000 08:01 1054198                    /lib/x86_64-linux-gnu/libnss_nis-2.23.so
7fe3b522a000-7fe3b522b000 r--p 0000a000 08:01 1054198                    /lib/x86_64-linux-gnu/libnss_nis-2.23.so
7fe3b522b000-7fe3b522c000 rw-p 0000b000 08:01 1054198                    /lib/x86_64-linux-gnu/libnss_nis-2.23.so
7fe3b522c000-7fe3b5242000 r-xp 00000000 08:01 1054182                    /lib/x86_64-linux-gnu/libnsl-2.23.so
7fe3b5242000-7fe3b5441000 ---p 00016000 08:01 1054182                    /lib/x86_64-linux-gnu/libnsl-2.23.so
7fe3b5441000-7fe3b5442000 r--p 00015000 08:01 1054182                    /lib/x86_64-linux-gnu/libnsl-2.23.so
7fe3b5442000-7fe3b5443000 rw-p 00016000 08:01 1054182                    /lib/x86_64-linux-gnu/libnsl-2.23.so
7fe3b5443000-7fe3b5445000 rw-p 00000000 00:00 0 
7fe3b5445000-7fe3b544d000 r-xp 00000000 08:01 1054184                    /lib/x86_64-linux-gnu/libnss_compat-2.23.so
7fe3b544d000-7fe3b564c000 ---p 00008000 08:01 1054184                    /lib/x86_64-linux-gnu/libnss_compat-2.23.so
7fe3b564c000-7fe3b564d000 r--p 00007000 08:01 1054184                    /lib/x86_64-linux-gnu/libnss_compat-2.23.so
7fe3b564d000-7fe3b564e000 rw-p 00008000 08:01 1054184                    /lib/x86_64-linux-gnu/libnss_compat-2.23.so
7fe3b564e000-7fe3b5679000 r-xp 00000000 08:01 2756227                    /usr/lib/jvm/jdk1.8.0_181/jre/lib/amd64/libjava.so
7fe3b5679000-7fe3b5878000 ---p 0002b000 08:01 2756227                    /usr/lib/jvm/jdk1.8.0_181/jre/lib/amd64/libjava.so
7fe3b5878000-7fe3b587a000 rw-p 0002a000 08:01 2756227                    /usr/lib/jvm/jdk1.8.0_181/jre/lib/amd64/libjava.so
7fe3b587a000-7fe3b5887000 r-xp 00000000 08:01 2756232                    /usr/lib/jvm/jdk1.8.0_181/jre/lib/amd64/libverify.so
7fe3b5887000-7fe3b5a87000 ---p 0000d000 08:01 2756232                    /usr/lib/jvm/jdk1.8.0_181/jre/lib/amd64/libverify.so
7fe3b5a87000-7fe3b5a89000 rw-p 0000d000 08:01 2756232                    /usr/lib/jvm/jdk1.8.0_181/jre/lib/amd64/libverify.so
7fe3b5a89000-7fe3b5a90000 r-xp 00000000 08:01 1054243                    /lib/x86_64-linux-gnu/librt-2.23.so
7fe3b5a90000-7fe3b5c8f000 ---p 00007000 08:01 1054243                    /lib/x86_64-linux-gnu/librt-2.23.so
7fe3b5c8f000-7fe3b5c90000 r--p 00006000 08:01 1054243                    /lib/x86_64-linux-gnu/librt-2.23.so
7fe3b5c90000-7fe3b5c91000 rw-p 00007000 08:01 1054243                    /lib/x86_64-linux-gnu/librt-2.23.so
7fe3b5c91000-7fe3b5d99000 r-xp 00000000 08:01 1054159                    /lib/x86_64-linux-gnu/libm-2.23.so
7fe3b5d99000-7fe3b5f98000 ---p 00108000 08:01 1054159                    /lib/x86_64-linux-gnu/libm-2.23.so
7fe3b5f98000-7fe3b5f99000 r--p 00107000 08:01 1054159                    /lib/x86_64-linux-gnu/libm-2.23.so
7fe3b5f99000-7fe3b5f9a000 rw-p 00108000 08:01 1054159                    /lib/x86_64-linux-gnu/libm-2.23.so
7fe3b5f9a000-7fe3b6c76000 r-xp 00000000 08:01 2756209                    /usr/lib/jvm/jdk1.8.0_181/jre/lib/amd64/server/libjvm.so
7fe3b6c76000-7fe3b6e76000 ---p 00cdc000 08:01 2756209                    /usr/lib/jvm/jdk1.8.0_181/jre/lib/amd64/server/libjvm.so
7fe3b6e76000-7fe3b6f50000 rw-p 00cdc000 08:01 2756209                    /usr/lib/jvm/jdk1.8.0_181/jre/lib/amd64/server/libjvm.so
7fe3b6f50000-7fe3b6f9b000 rw-p 00000000 00:00 0 
7fe3b6f9b000-7fe3b715b000 r-xp 00000000 08:01 1054089                    /lib/x86_64-linux-gnu/libc-2.23.so
7fe3b715b000-7fe3b735b000 ---p 001c0000 08:01 1054089                    /lib/x86_64-linux-gnu/libc-2.23.so
7fe3b735b000-7fe3b735f000 r--p 001c0000 08:01 1054089                    /lib/x86_64-linux-gnu/libc-2.23.so
7fe3b735f000-7fe3b7361000 rw-p 001c4000 08:01 1054089                    /lib/x86_64-linux-gnu/libc-2.23.so
7fe3b7361000-7fe3b7365000 rw-p 00000000 00:00 0 
7fe3b7365000-7fe3b7368000 r-xp 00000000 08:01 1054113                    /lib/x86_64-linux-gnu/libdl-2.23.so
7fe3b7368000-7fe3b7567000 ---p 00003000 08:01 1054113                    /lib/x86_64-linux-gnu/libdl-2.23.so
7fe3b7567000-7fe3b7568000 r--p 00002000 08:01 1054113                    /lib/x86_64-linux-gnu/libdl-2.23.so
7fe3b7568000-7fe3b7569000 rw-p 00003000 08:01 1054113                    /lib/x86_64-linux-gnu/libdl-2.23.so
7fe3b7569000-7fe3b757f000 r-xp 00000000 08:01 1449032                    /usr/lib/jvm/jdk1.8.0_181/lib/amd64/jli/libjli.so
7fe3b757f000-7fe3b777e000 ---p 00016000 08:01 1449032                    /usr/lib/jvm/jdk1.8.0_181/lib/amd64/jli/libjli.so
7fe3b777e000-7fe3b777f000 rw-p 00015000 08:01 1449032                    /usr/lib/jvm/jdk1.8.0_181/lib/amd64/jli/libjli.so
7fe3b777f000-7fe3b7797000 r-xp 00000000 08:01 1054235                    /lib/x86_64-linux-gnu/libpthread-2.23.so
7fe3b7797000-7fe3b7996000 ---p 00018000 08:01 1054235                    /lib/x86_64-linux-gnu/libpthread-2.23.so
7fe3b7996000-7fe3b7997000 r--p 00017000 08:01 1054235                    /lib/x86_64-linux-gnu/libpthread-2.23.so
7fe3b7997000-7fe3b7998000 rw-p 00018000 08:01 1054235                    /lib/x86_64-linux-gnu/libpthread-2.23.so
7fe3b7998000-7fe3b799c000 rw-p 00000000 00:00 0 
7fe3b799c000-7fe3b79c2000 r-xp 00000000 08:01 1054061                    /lib/x86_64-linux-gnu/ld-2.23.so
7fe3b79c2000-7fe3b79d2000 r--s 00140000 08:01 3150319                    /home/whj/dowork/DiffTGen/extra_output/Chart_9_1_sequencer/target/build/classes/all0.jar
7fe3b79d2000-7fe3b7aa3000 rw-p 00000000 00:00 0 
7fe3b7aa3000-7fe3b7aa6000 ---p 00000000 00:00 0 
7fe3b7aa6000-7fe3b7ba9000 rw-p 00000000 00:00 0 
7fe3b7ba9000-7fe3b7bae000 r--s 0009d000 08:01 2756133                    /usr/lib/jvm/jdk1.8.0_181/jre/lib/jsse.jar
7fe3b7bae000-7fe3b7bb6000 r--s 0006e000 08:01 2248917                    /home/whj/dowork/DiffTGen/lib/commons-lang3-3.5.jar
7fe3b7bb6000-7fe3b7bb7000 r--s 00000000 08:01 2248922                    /home/whj/dowork/DiffTGen/lib/myprinter.jar
7fe3b7bb7000-7fe3b7bbf000 rw-s 00000000 08:01 1984671                    /tmp/hsperfdata_whj/81079
7fe3b7bbf000-7fe3b7bc0000 rw-p 00000000 00:00 0 
7fe3b7bc0000-7fe3b7bc1000 ---p 00000000 00:00 0 
7fe3b7bc1000-7fe3b7bc2000 r--p 00025000 08:01 1054061                    /lib/x86_64-linux-gnu/ld-2.23.so
7fe3b7bc2000-7fe3b7bc3000 rw-p 00026000 08:01 1054061                    /lib/x86_64-linux-gnu/ld-2.23.so
7fe3b7bc3000-7fe3b7bc4000 rw-p 00000000 00:00 0 
7ffc56a6b000-7ffc56a8d000 rw-p 00000000 00:00 0                          [stack]
7ffc56aba000-7ffc56abd000 r--p 00000000 00:00 0                          [vvar]
7ffc56abd000-7ffc56abf000 r-xp 00000000 00:00 0                          [vdso]
ffffffffff600000-ffffffffff601000 r-xp 00000000 00:00 0                  [vsyscall]

VM Arguments:
java_command: /home/whj/dowork/DiffTGen/lib/evosuite-1.0.6.jar -base_dir /home/whj/dowork/DiffTGen/extra_output/Chart_9_1_sequencer/target/0/8 -projectCP /home/whj/dowork/DiffTGen/extra_output/Chart_9_1_sequencer/target/build/classes/all0.jar:/home/whj/dowork/DiffTGen/lib/myprinter.jar:/home/whj/dowork/DiffTGen/lib/commons-lang3-3.5.jar -class org.jfree.data.time.TimeSeries -Dassertions=false -Dsearch_budget=60
java_class_path (initial): /home/whj/dowork/DiffTGen/lib/evosuite-1.0.6.jar
Launcher Type: SUN_STANDARD

Environment Variables:
JAVA_HOME=/usr/lib/jvm/jdk1.8.0_181
JRE_HOME=/usr/lib/jvm/jdk1.8.0_181/jre
CLASSPATH=.:/usr/lib/jvm/jdk1.8.0_181/lib:/usr/lib/jvm/jdk1.8.0_181/jre/lib
PATH=/home/whj/perl5/bin:/home/whj/dowork/defects4j-1.2.0/framework/bin:/usr/lib/jvm/jdk1.8.0_181/bin:/usr/lib/jvm/jdk1.8.0_181/jre/bin:/home/whj/bin:/home/whj/.local/bin:/usr/local/sbin:/usr/local/bin:/usr/sbin:/usr/bin:/sbin:/bin:/usr/games:/usr/local/games" :/snap/bin:/home/whj/bin
SHELL=/bin/bash
DISPLAY=:0

Signal Handlers:
SIGSEGV: [libjvm.so+0xad2a40], sa_mask[0]=11111111011111111101111111111110, sa_flags=SA_RESTART|SA_SIGINFO
SIGBUS: [libjvm.so+0xad2a40], sa_mask[0]=11111111011111111101111111111110, sa_flags=SA_RESTART|SA_SIGINFO
SIGFPE: [libjvm.so+0x92a610], sa_mask[0]=11111111011111111101111111111110, sa_flags=SA_RESTART|SA_SIGINFO
SIGPIPE: [libjvm.so+0x92a610], sa_mask[0]=11111111011111111101111111111110, sa_flags=SA_RESTART|SA_SIGINFO
SIGXFSZ: [libjvm.so+0x92a610], sa_mask[0]=11111111011111111101111111111110, sa_flags=SA_RESTART|SA_SIGINFO
SIGILL: [libjvm.so+0x92a610], sa_mask[0]=11111111011111111101111111111110, sa_flags=SA_RESTART|SA_SIGINFO
SIGUSR1: SIG_DFL, sa_mask[0]=00000000000000000000000000000000, sa_flags=none
SIGUSR2: [libjvm.so+0x92be70], sa_mask[0]=00100000000000000000000000000000, sa_flags=SA_RESTART|SA_SIGINFO
SIGHUP: [libjvm.so+0x92d270], sa_mask[0]=11111111011111111101111111111110, sa_flags=SA_RESTART|SA_SIGINFO
SIGINT: [libjvm.so+0x92d270], sa_mask[0]=11111111011111111101111111111110, sa_flags=SA_RESTART|SA_SIGINFO
SIGTERM: [libjvm.so+0x92d270], sa_mask[0]=11111111011111111101111111111110, sa_flags=SA_RESTART|SA_SIGINFO
SIGQUIT: [libjvm.so+0x92d270], sa_mask[0]=11111111011111111101111111111110, sa_flags=SA_RESTART|SA_SIGINFO


---------------  S Y S T E M  ---------------

OS:DISTRIB_ID=Ubuntu
DISTRIB_RELEASE=16.04
DISTRIB_CODENAME=xenial
DISTRIB_DESCRIPTION="Ubuntu 16.04.6 LTS"

uname:Linux 4.15.0-91-generic #92~16.04.1-Ubuntu SMP Fri Feb 28 14:57:22 UTC 2020 x86_64
libc:glibc 2.23 NPTL 2.23 
rlimit: STACK 8192k, CORE 0k, NPROC 31576, NOFILE 1048576, AS infinity
load average:19.60 16.74 14.82

/proc/meminfo:
MemTotal:        8144704 kB
MemFree:          102628 kB
MemAvailable:          0 kB
Buffers:             460 kB
Cached:            14620 kB
SwapCached:         1152 kB
Active:          6739660 kB
Inactive:         846312 kB
Active(anon):    6731116 kB
Inactive(anon):   841284 kB
Active(file):       8544 kB
Inactive(file):     5028 kB
Unevictable:          32 kB
Mlocked:              32 kB
SwapTotal:        998396 kB
SwapFree:              4 kB
Dirty:                72 kB
Writeback:            76 kB
AnonPages:       7570528 kB
Mapped:            12832 kB
Shmem:              1212 kB
Slab:              88572 kB
SReclaimable:      31660 kB
SUnreclaim:        56912 kB
KernelStack:       16384 kB
PageTables:        49264 kB
NFS_Unstable:          0 kB
Bounce:                0 kB
WritebackTmp:          0 kB
CommitLimit:     5070748 kB
Committed_AS:   14557832 kB
VmallocTotal:   34359738367 kB
VmallocUsed:           0 kB
VmallocChunk:          0 kB
HardwareCorrupted:     0 kB
AnonHugePages:         0 kB
ShmemHugePages:        0 kB
ShmemPmdMapped:        0 kB
CmaTotal:              0 kB
CmaFree:               0 kB
HugePages_Total:       0
HugePages_Free:        0
HugePages_Rsvd:        0
HugePages_Surp:        0
Hugepagesize:       2048 kB
DirectMap4k:      128832 kB
DirectMap2M:     7211008 kB
DirectMap1G:     3145728 kB


CPU:total 2 (initial active 2) (2 cores per cpu, 1 threads per core) family 6 model 158 stepping 10, cmov, cx8, fxsr, mmx, sse, sse2, sse3, ssse3, sse4.1, sse4.2, popcnt, avx, avx2, aes, clmul, erms, 3dnowpref, lzcnt, tsc, tscinvbit, bmi1, bmi2, adx

/proc/cpuinfo:
processor	: 0
vendor_id	: GenuineIntel
cpu family	: 6
model		: 158
model name	: Intel(R) Core(TM) i7-8750H CPU @ 2.20GHz
stepping	: 10
microcode	: 0x96
cpu MHz		: 2207.999
cache size	: 9216 KB
physical id	: 0
siblings	: 2
core id		: 0
cpu cores	: 2
apicid		: 0
initial apicid	: 0
fpu		: yes
fpu_exception	: yes
cpuid level	: 22
wp		: yes
flags		: fpu vme de pse tsc msr pae mce cx8 apic sep mtrr pge mca cmov pat pse36 clflush mmx fxsr sse sse2 ss ht syscall nx pdpe1gb rdtscp lm constant_tsc arch_perfmon nopl xtopology tsc_reliable nonstop_tsc cpuid pni pclmulqdq ssse3 fma cx16 pcid sse4_1 sse4_2 x2apic movbe popcnt tsc_deadline_timer aes xsave avx f16c rdrand hypervisor lahf_lm abm 3dnowprefetch cpuid_fault invpcid_single pti ssbd ibrs ibpb stibp fsgsbase tsc_adjust bmi1 avx2 smep bmi2 invpcid rdseed adx smap xsaveopt arat flush_l1d arch_capabilities
bugs		: cpu_meltdown spectre_v1 spectre_v2 spec_store_bypass l1tf mds swapgs itlb_multihit
bogomips	: 4415.99
clflush size	: 64
cache_alignment	: 64
address sizes	: 42 bits physical, 48 bits virtual
power management:

processor	: 1
vendor_id	: GenuineIntel
cpu family	: 6
model		: 158
model name	: Intel(R) Core(TM) i7-8750H CPU @ 2.20GHz
stepping	: 10
microcode	: 0x96
cpu MHz		: 2207.999
cache size	: 9216 KB
physical id	: 0
siblings	: 2
core id		: 1
cpu cores	: 2
apicid		: 1
initial apicid	: 1
fpu		: yes
fpu_exception	: yes
cpuid level	: 22
wp		: yes
flags		: fpu vme de pse tsc msr pae mce cx8 apic sep mtrr pge mca cmov pat pse36 clflush mmx fxsr sse sse2 ss ht syscall nx pdpe1gb rdtscp lm constant_tsc arch_perfmon nopl xtopology tsc_reliable nonstop_tsc cpuid pni pclmulqdq ssse3 fma cx16 pcid sse4_1 sse4_2 x2apic movbe popcnt tsc_deadline_timer aes xsave avx f16c rdrand hypervisor lahf_lm abm 3dnowprefetch cpuid_fault invpcid_single pti ssbd ibrs ibpb stibp fsgsbase tsc_adjust bmi1 avx2 smep bmi2 invpcid rdseed adx smap xsaveopt arat flush_l1d arch_capabilities
bugs		: cpu_meltdown spectre_v1 spectre_v2 spec_store_bypass l1tf mds swapgs itlb_multihit
bogomips	: 4415.99
clflush size	: 64
cache_alignment	: 64
address sizes	: 42 bits physical, 48 bits virtual
power management:



Memory: 4k page, physical 8144704k(102516k free), swap 998396k(0k free)

vm_info: Java HotSpot(TM) 64-Bit Server VM (25.181-b13) for linux-amd64 JRE (1.8.0_181-b13), built on Jul  7 2018 00:56:38 by "java_re" with gcc 4.3.0 20080428 (Red Hat 4.3.0-8)

time: Fri Mar 27 17:28:11 2020
elapsed time: 132 seconds (0d 0h 2m 12s)

