#
# There is insufficient memory for the Java Runtime Environment to continue.
# Native memory allocation (mmap) failed to map 67108864 bytes for committing reserved memory.
# Possible reasons:
#   The system is out of physical RAM or swap space
#   In 32 bit mode, the process size limit was hit
# Possible solutions:
#   Reduce memory load on the system
#   Increase physical memory or swap space
#   Check if swap backing store is full
#   Use 64 bit Java on a 64 bit OS
#   Decrease Java heap size (-Xmx/-Xms)
#   Decrease number of Java threads
#   Decrease Java thread stack sizes (-Xss)
#   Set larger code cache with -XX:ReservedCodeCacheSize=
# This output file may be truncated or incomplete.
#
#  Out of Memory Error (os_linux.cpp:2640), pid=49118, tid=0x00007f64482fa700
#
# JRE version: Java(TM) SE Runtime Environment (8.0_181-b13) (build 1.8.0_181-b13)
# Java VM: Java HotSpot(TM) 64-Bit Server VM (25.181-b13 mixed mode linux-amd64 compressed oops)
# Failed to write core dump. Core dumps have been disabled. To enable core dumping, try "ulimit -c unlimited" before starting Java again
#

---------------  T H R E A D  ---------------

Current thread (0x00007f64440fb800):  VMThread [stack: 0x00007f64481fa000,0x00007f64482fb000] [id=49149]

Stack: [0x00007f64481fa000,0x00007f64482fb000],  sp=0x00007f64482f9120,  free space=1020k
Native frames: (J=compiled Java code, j=interpreted, Vv=VM code, C=native code)
V  [libjvm.so+0xad21aa]  VMError::report_and_die()+0x2ba
V  [libjvm.so+0x5022db]  report_vm_out_of_memory(char const*, int, unsigned long, VMErrorType, char const*)+0x8b
V  [libjvm.so+0x92fe33]  os::Linux::commit_memory_impl(char*, unsigned long, bool)+0x123
V  [libjvm.so+0x930059]  os::pd_commit_memory(char*, unsigned long, unsigned long, bool)+0x29
V  [libjvm.so+0x9272ba]  os::commit_memory(char*, unsigned long, unsigned long, bool)+0x2a
V  [libjvm.so+0x99d2e3]  PSVirtualSpace::expand_by(unsigned long)+0x53
V  [libjvm.so+0x99e6e8]  PSYoungGen::resize_generation(unsigned long, unsigned long)+0xf8
V  [libjvm.so+0x99d842]  PSYoungGen::resize(unsigned long, unsigned long)+0x22
V  [libjvm.so+0x99ab1b]  PSScavenge::invoke_no_policy()+0xf3b
V  [libjvm.so+0x99b2a1]  PSScavenge::invoke()+0x41
V  [libjvm.so+0x951d70]  ParallelScavengeHeap::failed_mem_allocate(unsigned long)+0x70
V  [libjvm.so+0xad3c27]  VM_ParallelGCFailedAllocation::doit()+0x97
V  [libjvm.so+0xadb745]  VM_Operation::evaluate()+0x55
V  [libjvm.so+0xad9b0a]  VMThread::evaluate_operation(VM_Operation*)+0xba
V  [libjvm.so+0xad9e8e]  VMThread::loop()+0x1ce
V  [libjvm.so+0xada300]  VMThread::run()+0x70
V  [libjvm.so+0x930198]  java_start(Thread*)+0x108

VM_Operation (0x00007f642e99f040): ParallelGCFailedAllocation, mode: safepoint, requested by thread 0x0000000000708800


---------------  P R O C E S S  ---------------

Java Threads: ( => current thread )
  0x0000000000708800 JavaThread "RMI TCP Connection(4)-127.0.0.1" daemon [_thread_blocked, id=49521, stack(0x00007f642e8a7000,0x00007f642e9a8000)]
  0x00007f6414038000 JavaThread "RMI Scheduler(0)" daemon [_thread_blocked, id=49517, stack(0x00007f642e9a8000,0x00007f642eaa9000)]
  0x00007f6414033000 JavaThread "RMI RenewClean-[127.0.0.1:17827]" daemon [_thread_blocked, id=49507, stack(0x00007f642eaa9000,0x00007f642ebaa000)]
  0x00007f63ec001800 JavaThread "RMI TCP Connection(5)-127.0.0.1" daemon [_thread_in_native, id=49496, stack(0x00007f642ebaa000,0x00007f642ecab000)]
  0x00007f63f8005000 JavaThread "pool-3-thread-3" [_thread_in_native, id=49443, stack(0x00007f642ecab000,0x00007f642edac000)]
  0x00007f63f8003800 JavaThread "pool-3-thread-2" [_thread_in_native, id=49440, stack(0x00007f642edac000,0x00007f642eead000)]
  0x00007f63f8002800 JavaThread "pool-3-thread-1" [_thread_in_native, id=49437, stack(0x00007f642eead000,0x00007f642efae000)]
  0x00007f6444393800 JavaThread "Thread-3" [_thread_in_native, id=49310, stack(0x00007f642efae000,0x00007f642f0af000)]
  0x00007f6444391800 JavaThread "Thread-2" [_thread_in_native, id=49302, stack(0x00007f642f0af000,0x00007f642f1b0000)]
  0x00007f6444390000 JavaThread "process reaper" daemon [_thread_in_native, id=49290, stack(0x00007f6448035000,0x00007f644806e000)]
  0x00007f644438a800 JavaThread "pool-2-thread-1" [_thread_in_native, id=49251, stack(0x00007f642f1b0000,0x00007f642f2b1000)]
  0x00007f6444388000 JavaThread "GC Daemon" daemon [_thread_blocked, id=49247, stack(0x00007f642f2b1000,0x00007f642f3b2000)]
  0x00007f6444385800 JavaThread "RMI Reaper" [_thread_blocked, id=49242, stack(0x00007f642f3b2000,0x00007f642f4b3000)]
  0x00007f644437e800 JavaThread "RMI TCP Accept-7894" daemon [_thread_in_native, id=49240, stack(0x00007f642f4b3000,0x00007f642f5b4000)]
  0x00007f6444377000 JavaThread "RMI TCP Accept-3788" daemon [_thread_in_native, id=49236, stack(0x00007f642f5b4000,0x00007f642f6b5000)]
  0x00007f64442b3800 JavaThread "logback-3" daemon [_thread_blocked, id=49232, stack(0x00007f642f8b5000,0x00007f642f9b6000)]
  0x00007f64442b2000 JavaThread "logback-2" daemon [_thread_blocked, id=49231, stack(0x00007f642f9b6000,0x00007f642fab7000)]
  0x00007f64442b0800 JavaThread "logback-1" daemon [_thread_blocked, id=49230, stack(0x00007f642fab7000,0x00007f642fbb8000)]
  0x00007f6444142000 JavaThread "Service Thread" daemon [_thread_blocked, id=49198, stack(0x00007f643413c000,0x00007f643423d000)]
  0x00007f644413f000 JavaThread "C1 CompilerThread1" daemon [_thread_blocked, id=49193, stack(0x00007f643423d000,0x00007f643433e000)]
  0x00007f644413c000 JavaThread "C2 CompilerThread0" daemon [_thread_blocked, id=49187, stack(0x00007f643433e000,0x00007f643443f000)]
  0x00007f644413a800 JavaThread "Signal Dispatcher" daemon [_thread_blocked, id=49177, stack(0x00007f643443f000,0x00007f6434540000)]
  0x00007f6444107800 JavaThread "Finalizer" daemon [_thread_blocked, id=49162, stack(0x00007f6434eff000,0x00007f6435000000)]
  0x00007f6444105000 JavaThread "Reference Handler" daemon [_thread_blocked, id=49157, stack(0x00007f64480f9000,0x00007f64481fa000)]
  0x00007f644400a800 JavaThread "main" [_thread_in_native, id=49121, stack(0x00007f644d526000,0x00007f644d627000)]

Other Threads:
=>0x00007f64440fb800 VMThread [stack: 0x00007f64481fa000,0x00007f64482fb000] [id=49149]
  0x00007f6444147000 WatcherThread [stack: 0x00007f643403b000,0x00007f643413c000] [id=49205]

VM state:at safepoint (normal execution)

VM Mutex/Monitor currently owned by a thread:  ([mutex/lock_event])
[0x00007f6444006cc0] Threads_lock - owner thread: 0x00007f64440fb800
[0x00007f64440071c0] Heap_lock - owner thread: 0x0000000000708800

Heap:
 PSYoungGen      total 70656K, used 5113K [0x00000000d6900000, 0x00000000db300000, 0x0000000100000000)
  eden space 65536K, 0% used [0x00000000d6900000,0x00000000d6900000,0x00000000da900000)
  from space 5120K, 99% used [0x00000000da900000,0x00000000dadfe428,0x00000000dae00000)
  to   space 5120K, 0% used [0x00000000dae00000,0x00000000dae00000,0x00000000db300000)
 ParOldGen       total 86016K, used 6175K [0x0000000083a00000, 0x0000000088e00000, 0x00000000d6900000)
  object space 86016K, 7% used [0x0000000083a00000,0x0000000084007dc0,0x0000000088e00000)
 Metaspace       used 13826K, capacity 14186K, committed 14336K, reserved 1062912K
  class space    used 1575K, capacity 1668K, committed 1792K, reserved 1048576K

Card table byte_map: [0x00007f6449ed1000,0x00007f644a2b5000] byte_map_base: 0x00007f6449ab4000

Marking Bits: (ParMarkBitMap*) 0x00007f644c9f10a0
 Begin Bits: [0x00007f64291d0000, 0x00007f642b0e8000)
 End Bits:   [0x00007f642b0e8000, 0x00007f642d000000)

Polling page: 0x00007f644d643000

CodeCache: size=245760Kb used=5595Kb max_used=5605Kb free=240164Kb
 bounds [0x00007f6435000000, 0x00007f6435580000, 0x00007f6444000000]
 total_blobs=2095 nmethods=1748 adapters=260
 compilation: enabled

Compilation events (10 events):
Event: 100.807 Thread 0x00007f644413f000 nmethod 1783 0x00007f6435568b50 code [0x00007f6435568ce0, 0x00007f6435568f28]
Event: 100.807 Thread 0x00007f644413f000 1784   !   2       org.evosuite.shaded.org.objectweb.asm.tree.analysis.Analyzer::analyze (1698 bytes)
Event: 101.120 Thread 0x00007f644413c000 nmethod 1729 0x00007f643556da90 code [0x00007f643556de00, 0x00007f643556faa0]
Event: 101.144 Thread 0x00007f644413c000 1785       4       java.lang.Integer::formatUnsignedInt (48 bytes)
Event: 101.196 Thread 0x00007f644413f000 nmethod 1784 0x00007f6435571d50 code [0x00007f6435572580, 0x00007f64355766a8]
Event: 101.198 Thread 0x00007f644413f000 1786       2       org.evosuite.graphs.cfg.BasicBlock::setInstructions (70 bytes)
Event: 101.209 Thread 0x00007f644413c000 nmethod 1785 0x00007f643556a790 code [0x00007f643556a8e0, 0x00007f643556aab8]
Event: 101.212 Thread 0x00007f644413c000 1789       4       org.evosuite.instrumentation.coverage.BranchInstrumentation::analyze (274 bytes)
Event: 101.348 Thread 0x00007f644413f000 nmethod 1786 0x00007f6435569ed0 code [0x00007f643556a0a0, 0x00007f643556a4c8]
Event: 101.348 Thread 0x00007f644413f000 1787       2       org.evosuite.graphs.cfg.BasicBlock::getFirstInstruction (28 bytes)

GC Heap History (10 events):
Event: 2.976 GC heap after
Heap after GC invocations=1 (full 0):
 PSYoungGen      total 37888K, used 4254K [0x00000000d6900000, 0x00000000d9300000, 0x0000000100000000)
  eden space 32768K, 0% used [0x00000000d6900000,0x00000000d6900000,0x00000000d8900000)
  from space 5120K, 83% used [0x00000000d8900000,0x00000000d8d27898,0x00000000d8e00000)
  to   space 5120K, 0% used [0x00000000d8e00000,0x00000000d8e00000,0x00000000d9300000)
 ParOldGen       total 86016K, used 0K [0x0000000083a00000, 0x0000000088e00000, 0x00000000d6900000)
  object space 86016K, 0% used [0x0000000083a00000,0x0000000083a00000,0x0000000088e00000)
 Metaspace       used 10313K, capacity 10480K, committed 10624K, reserved 1058816K
  class space    used 1249K, capacity 1325K, committed 1408K, reserved 1048576K
}
Event: 2.976 GC heap before
{Heap before GC invocations=2 (full 1):
 PSYoungGen      total 37888K, used 4254K [0x00000000d6900000, 0x00000000d9300000, 0x0000000100000000)
  eden space 32768K, 0% used [0x00000000d6900000,0x00000000d6900000,0x00000000d8900000)
  from space 5120K, 83% used [0x00000000d8900000,0x00000000d8d27898,0x00000000d8e00000)
  to   space 5120K, 0% used [0x00000000d8e00000,0x00000000d8e00000,0x00000000d9300000)
 ParOldGen       total 86016K, used 0K [0x0000000083a00000, 0x0000000088e00000, 0x00000000d6900000)
  object space 86016K, 0% used [0x0000000083a00000,0x0000000083a00000,0x0000000088e00000)
 Metaspace       used 10313K, capacity 10480K, committed 10624K, reserved 1058816K
  class space    used 1249K, capacity 1325K, committed 1408K, reserved 1048576K
Event: 3.129 GC heap after
Heap after GC invocations=2 (full 1):
 PSYoungGen      total 37888K, used 0K [0x00000000d6900000, 0x00000000d9300000, 0x0000000100000000)
  eden space 32768K, 0% used [0x00000000d6900000,0x00000000d6900000,0x00000000d8900000)
  from space 5120K, 0% used [0x00000000d8900000,0x00000000d8900000,0x00000000d8e00000)
  to   space 5120K, 0% used [0x00000000d8e00000,0x00000000d8e00000,0x00000000d9300000)
 ParOldGen       total 86016K, used 4095K [0x0000000083a00000, 0x0000000088e00000, 0x00000000d6900000)
  object space 86016K, 4% used [0x0000000083a00000,0x0000000083dffd28,0x0000000088e00000)
 Metaspace       used 10305K, capacity 10470K, committed 10624K, reserved 1058816K
  class space    used 1248K, capacity 1323K, committed 1408K, reserved 1048576K
}
Event: 97.716 GC heap before
{Heap before GC invocations=3 (full 1):
 PSYoungGen      total 37888K, used 32768K [0x00000000d6900000, 0x00000000d9300000, 0x0000000100000000)
  eden space 32768K, 100% used [0x00000000d6900000,0x00000000d8900000,0x00000000d8900000)
  from space 5120K, 0% used [0x00000000d8900000,0x00000000d8900000,0x00000000d8e00000)
  to   space 5120K, 0% used [0x00000000d8e00000,0x00000000d8e00000,0x00000000d9300000)
 ParOldGen       total 86016K, used 4095K [0x0000000083a00000, 0x0000000088e00000, 0x00000000d6900000)
  object space 86016K, 4% used [0x0000000083a00000,0x0000000083dffd28,0x0000000088e00000)
 Metaspace       used 13646K, capacity 13994K, committed 14336K, reserved 1062912K
  class space    used 1574K, capacity 1668K, committed 1792K, reserved 1048576K
Event: 97.744 GC heap after
Heap after GC invocations=3 (full 1):
 PSYoungGen      total 37888K, used 5109K [0x00000000d6900000, 0x00000000d9300000, 0x0000000100000000)
  eden space 32768K, 0% used [0x00000000d6900000,0x00000000d6900000,0x00000000d8900000)
  from space 5120K, 99% used [0x00000000d8e00000,0x00000000d92fd540,0x00000000d9300000)
  to   space 5120K, 0% used [0x00000000d8900000,0x00000000d8900000,0x00000000d8e00000)
 ParOldGen       total 86016K, used 4807K [0x0000000083a00000, 0x0000000088e00000, 0x00000000d6900000)
  object space 86016K, 5% used [0x0000000083a00000,0x0000000083eb1dd8,0x0000000088e00000)
 Metaspace       used 13646K, capacity 13994K, committed 14336K, reserved 1062912K
  class space    used 1574K, capacity 1668K, committed 1792K, reserved 1048576K
}
Event: 98.672 GC heap before
{Heap before GC invocations=4 (full 1):
 PSYoungGen      total 37888K, used 37877K [0x00000000d6900000, 0x00000000d9300000, 0x0000000100000000)
  eden space 32768K, 100% used [0x00000000d6900000,0x00000000d8900000,0x00000000d8900000)
  from space 5120K, 99% used [0x00000000d8e00000,0x00000000d92fd540,0x00000000d9300000)
  to   space 5120K, 0% used [0x00000000d8900000,0x00000000d8900000,0x00000000d8e00000)
 ParOldGen       total 86016K, used 4807K [0x0000000083a00000, 0x0000000088e00000, 0x00000000d6900000)
  object space 86016K, 5% used [0x0000000083a00000,0x0000000083eb1dd8,0x0000000088e00000)
 Metaspace       used 13745K, capacity 14122K, committed 14336K, reserved 1062912K
  class space    used 1575K, capacity 1668K, committed 1792K, reserved 1048576K
Event: 98.969 GC heap after
Heap after GC invocations=4 (full 1):
 PSYoungGen      total 37888K, used 5088K [0x00000000d6900000, 0x00000000db300000, 0x0000000100000000)
  eden space 32768K, 0% used [0x00000000d6900000,0x00000000d6900000,0x00000000d8900000)
  from space 5120K, 99% used [0x00000000d8900000,0x00000000d8df8360,0x00000000d8e00000)
  to   space 5120K, 0% used [0x00000000dae00000,0x00000000dae00000,0x00000000db300000)
 ParOldGen       total 86016K, used 4831K [0x0000000083a00000, 0x0000000088e00000, 0x00000000d6900000)
  object space 86016K, 5% used [0x0000000083a00000,0x0000000083eb7dd8,0x0000000088e00000)
 Metaspace       used 13745K, capacity 14122K, committed 14336K, reserved 1062912K
  class space    used 1575K, capacity 1668K, committed 1792K, reserved 1048576K
}
Event: 99.986 GC heap before
{Heap before GC invocations=5 (full 1):
 PSYoungGen      total 37888K, used 37856K [0x00000000d6900000, 0x00000000db300000, 0x0000000100000000)
  eden space 32768K, 100% used [0x00000000d6900000,0x00000000d8900000,0x00000000d8900000)
  from space 5120K, 99% used [0x00000000d8900000,0x00000000d8df8360,0x00000000d8e00000)
  to   space 5120K, 0% used [0x00000000dae00000,0x00000000dae00000,0x00000000db300000)
 ParOldGen       total 86016K, used 4831K [0x0000000083a00000, 0x0000000088e00000, 0x00000000d6900000)
  object space 86016K, 5% used [0x0000000083a00000,0x0000000083eb7dd8,0x0000000088e00000)
 Metaspace       used 13776K, capacity 14122K, committed 14336K, reserved 1062912K
  class space    used 1575K, capacity 1668K, committed 1792K, reserved 1048576K
Event: 100.039 GC heap after
Heap after GC invocations=5 (full 1):
 PSYoungGen      total 70656K, used 5104K [0x00000000d6900000, 0x00000000db300000, 0x0000000100000000)
  eden space 65536K, 0% used [0x00000000d6900000,0x00000000d6900000,0x00000000da900000)
  from space 5120K, 99% used [0x00000000dae00000,0x00000000db2fc330,0x00000000db300000)
  to   space 5120K, 0% used [0x00000000da900000,0x00000000da900000,0x00000000dae00000)
 ParOldGen       total 86016K, used 5743K [0x0000000083a00000, 0x0000000088e00000, 0x00000000d6900000)
  object space 86016K, 6% used [0x0000000083a00000,0x0000000083f9be68,0x0000000088e00000)
 Metaspace       used 13776K, capacity 14122K, committed 14336K, reserved 1062912K
  class space    used 1575K, capacity 1668K, committed 1792K, reserved 1048576K
}
Event: 101.350 GC heap before
{Heap before GC invocations=6 (full 1):
 PSYoungGen      total 70656K, used 70640K [0x00000000d6900000, 0x00000000db300000, 0x0000000100000000)
  eden space 65536K, 100% used [0x00000000d6900000,0x00000000da900000,0x00000000da900000)
  from space 5120K, 99% used [0x00000000dae00000,0x00000000db2fc330,0x00000000db300000)
  to   space 5120K, 0% used [0x00000000da900000,0x00000000da900000,0x00000000dae00000)
 ParOldGen       total 86016K, used 5743K [0x0000000083a00000, 0x0000000088e00000, 0x00000000d6900000)
  object space 86016K, 6% used [0x0000000083a00000,0x0000000083f9be68,0x0000000088e00000)
 Metaspace       used 13826K, capacity 14186K, committed 14336K, reserved 1062912K
  class space    used 1575K, capacity 1668K, committed 1792K, reserved 1048576K

Deoptimization events (10 events):
Event: 94.162 Thread 0x0000000000708800 Uncommon trap: reason=bimorphic action=maybe_recompile pc=0x00007f643525d310 method=java.util.HashMap.putVal(ILjava/lang/Object;Ljava/lang/Object;ZZ)Ljava/lang/Object; @ 91
Event: 94.162 Thread 0x0000000000708800 Uncommon trap: reason=bimorphic action=maybe_recompile pc=0x00007f643525d310 method=java.util.HashMap.putVal(ILjava/lang/Object;Ljava/lang/Object;ZZ)Ljava/lang/Object; @ 91
Event: 94.162 Thread 0x0000000000708800 Uncommon trap: reason=bimorphic action=maybe_recompile pc=0x00007f643525d310 method=java.util.HashMap.putVal(ILjava/lang/Object;Ljava/lang/Object;ZZ)Ljava/lang/Object; @ 91
Event: 96.863 Thread 0x0000000000708800 Uncommon trap: reason=class_check action=maybe_recompile pc=0x00007f643541e168 method=java.util.HashMap.putVal(ILjava/lang/Object;Ljava/lang/Object;ZZ)Ljava/lang/Object; @ 203
Event: 96.863 Thread 0x0000000000708800 Uncommon trap: reason=class_check action=maybe_recompile pc=0x00007f643541e168 method=java.util.HashMap.putVal(ILjava/lang/Object;Ljava/lang/Object;ZZ)Ljava/lang/Object; @ 203
Event: 96.863 Thread 0x0000000000708800 Uncommon trap: reason=class_check action=maybe_recompile pc=0x00007f643541e168 method=java.util.HashMap.putVal(ILjava/lang/Object;Ljava/lang/Object;ZZ)Ljava/lang/Object; @ 203
Event: 96.863 Thread 0x0000000000708800 Uncommon trap: reason=class_check action=maybe_recompile pc=0x00007f643541e168 method=java.util.HashMap.putVal(ILjava/lang/Object;Ljava/lang/Object;ZZ)Ljava/lang/Object; @ 203
Event: 97.853 Thread 0x0000000000708800 Uncommon trap: reason=unstable_if action=reinterpret pc=0x00007f64351e7a78 method=java.lang.AbstractStringBuilder.append(Ljava/lang/String;)Ljava/lang/AbstractStringBuilder; @ 1
Event: 98.260 Thread 0x0000000000708800 Uncommon trap: reason=bimorphic action=maybe_recompile pc=0x00007f64354c36b0 method=java.util.HashMap.putVal(ILjava/lang/Object;Ljava/lang/Object;ZZ)Ljava/lang/Object; @ 203
Event: 98.260 Thread 0x0000000000708800 Uncommon trap: reason=bimorphic action=maybe_recompile pc=0x00007f64354c36b0 method=java.util.HashMap.putVal(ILjava/lang/Object;Ljava/lang/Object;ZZ)Ljava/lang/Object; @ 203

Classes redefined (0 events):
No events

Internal exceptions (10 events):
Event: 71.734 Thread 0x00007f64442b2000 Exception <a 'java/net/ConnectException'> (0x00000000d6cd67f8) thrown at [/HUDSON/workspace/8-2-build-linux-amd64/jdk8u181/11358/hotspot/src/share/vm/prims/jni.cpp, line 709]
Event: 71.744 Thread 0x00007f64442b3800 Exception <a 'java/net/ConnectException'> (0x00000000d6d28778) thrown at [/HUDSON/workspace/8-2-build-linux-amd64/jdk8u181/11358/hotspot/src/share/vm/prims/jni.cpp, line 709]
Event: 81.726 Thread 0x00007f64442b0800 Exception <a 'java/net/ConnectException'> (0x00000000d6c854d8) thrown at [/HUDSON/workspace/8-2-build-linux-amd64/jdk8u181/11358/hotspot/src/share/vm/prims/jni.cpp, line 709]
Event: 81.734 Thread 0x00007f64442b2000 Exception <a 'java/net/ConnectException'> (0x00000000d6cd7320) thrown at [/HUDSON/workspace/8-2-build-linux-amd64/jdk8u181/11358/hotspot/src/share/vm/prims/jni.cpp, line 709]
Event: 81.744 Thread 0x00007f64442b3800 Exception <a 'java/net/ConnectException'> (0x00000000d6d292a0) thrown at [/HUDSON/workspace/8-2-build-linux-amd64/jdk8u181/11358/hotspot/src/share/vm/prims/jni.cpp, line 709]
Event: 91.726 Thread 0x00007f64442b0800 Exception <a 'java/net/ConnectException'> (0x00000000d6c86000) thrown at [/HUDSON/workspace/8-2-build-linux-amd64/jdk8u181/11358/hotspot/src/share/vm/prims/jni.cpp, line 709]
Event: 91.734 Thread 0x00007f64442b2000 Exception <a 'java/net/ConnectException'> (0x00000000d6cd7e48) thrown at [/HUDSON/workspace/8-2-build-linux-amd64/jdk8u181/11358/hotspot/src/share/vm/prims/jni.cpp, line 709]
Event: 91.744 Thread 0x00007f64442b3800 Exception <a 'java/net/ConnectException'> (0x00000000d6d29dc8) thrown at [/HUDSON/workspace/8-2-build-linux-amd64/jdk8u181/11358/hotspot/src/share/vm/prims/jni.cpp, line 709]
Event: 94.858 Thread 0x0000000000708800 Exception <a 'java/lang/NoSuchMethodError': <clinit>> (0x00000000d7430b28) thrown at [/HUDSON/workspace/8-2-build-linux-amd64/jdk8u181/11358/hotspot/src/share/vm/prims/jni.cpp, line 1613]
Event: 97.853 Thread 0x0000000000708800 Implicit null exception at 0x00007f64351e76b6 to 0x00007f64351e7a61

Events (10 events):
Event: 99.831 Thread 0x0000000000708800 DEOPT UNPACKING pc=0x00007f6435047784 sp=0x00007f642e99ed30 mode 0
Event: 99.831 Thread 0x0000000000708800 DEOPT PACKING pc=0x00007f64354b60ed sp=0x00007f642e99ef40
Event: 99.831 Thread 0x0000000000708800 DEOPT UNPACKING pc=0x00007f6435047784 sp=0x00007f642e99ed30 mode 0
Event: 99.832 Thread 0x0000000000708800 DEOPT PACKING pc=0x00007f64354b60ed sp=0x00007f642e99ef40
Event: 99.832 Thread 0x0000000000708800 DEOPT UNPACKING pc=0x00007f6435047784 sp=0x00007f642e99ed30 mode 0
Event: 99.986 Executing VM operation: ParallelGCFailedAllocation
Event: 100.039 Executing VM operation: ParallelGCFailedAllocation done
Event: 101.236 Thread 0x0000000000708800 DEOPT PACKING pc=0x00007f64354ff449 sp=0x00007f642e99f1c0
Event: 101.253 Thread 0x0000000000708800 DEOPT UNPACKING pc=0x00007f6435047784 sp=0x00007f642e99f030 mode 0
Event: 101.350 Executing VM operation: ParallelGCFailedAllocation


Dynamic libraries:
00400000-00401000 r-xp 00000000 08:01 1448396                            /usr/lib/jvm/jdk1.8.0_181/bin/java
00600000-00601000 rw-p 00000000 08:01 1448396                            /usr/lib/jvm/jdk1.8.0_181/bin/java
00706000-00727000 rw-p 00000000 00:00 0                                  [heap]
83a00000-88e00000 rw-p 00000000 00:00 0 
88e00000-d6900000 ---p 00000000 00:00 0 
d6900000-db300000 rw-p 00000000 00:00 0 
df300000-100000000 ---p 00000000 00:00 0 
100000000-1001c0000 rw-p 00000000 00:00 0 
1001c0000-140000000 ---p 00000000 00:00 0 
7f63ec000000-7f63ec021000 rw-p 00000000 00:00 0 
7f63ec021000-7f63f0000000 ---p 00000000 00:00 0 
7f63f4000000-7f63f4021000 rw-p 00000000 00:00 0 
7f63f4021000-7f63f8000000 ---p 00000000 00:00 0 
7f63f8000000-7f63f8021000 rw-p 00000000 00:00 0 
7f63f8021000-7f63fc000000 ---p 00000000 00:00 0 
7f63fc000000-7f63fc021000 rw-p 00000000 00:00 0 
7f63fc021000-7f6400000000 ---p 00000000 00:00 0 
7f6400fff000-7f6404000000 rw-p 00000000 00:00 0 
7f6404000000-7f6404021000 rw-p 00000000 00:00 0 
7f6404021000-7f6408000000 ---p 00000000 00:00 0 
7f6408000000-7f6408021000 rw-p 00000000 00:00 0 
7f6408021000-7f640c000000 ---p 00000000 00:00 0 
7f640c000000-7f640c813000 rw-p 00000000 00:00 0 
7f640c813000-7f6410000000 ---p 00000000 00:00 0 
7f6410000000-7f64106c9000 rw-p 00000000 00:00 0 
7f64106c9000-7f6414000000 ---p 00000000 00:00 0 
7f6414000000-7f641403b000 rw-p 00000000 00:00 0 
7f641403b000-7f6418000000 ---p 00000000 00:00 0 
7f6418000000-7f6418021000 rw-p 00000000 00:00 0 
7f6418021000-7f641c000000 ---p 00000000 00:00 0 
7f641c000000-7f641c292000 rw-p 00000000 00:00 0 
7f641c292000-7f6420000000 ---p 00000000 00:00 0 
7f6420000000-7f6420021000 rw-p 00000000 00:00 0 
7f6420021000-7f6424000000 ---p 00000000 00:00 0 
7f6424000000-7f6424277000 rw-p 00000000 00:00 0 
7f6424277000-7f6428000000 ---p 00000000 00:00 0 
7f64291d0000-7f642d000000 rw-p 00000000 00:00 0 
7f642e4a7000-7f642e4e7000 rw-p 00000000 00:00 0 
7f642e4e7000-7f642e6a7000 ---p 00000000 00:00 0 
7f642e6a7000-7f642e8a7000 rw-p 00000000 00:00 0 
7f642e8a7000-7f642e8aa000 ---p 00000000 00:00 0 
7f642e8aa000-7f642e9a8000 rw-p 00000000 00:00 0 
7f642e9a8000-7f642e9ab000 ---p 00000000 00:00 0 
7f642e9ab000-7f642eaa9000 rw-p 00000000 00:00 0 
7f642eaa9000-7f642eaac000 ---p 00000000 00:00 0 
7f642eaac000-7f642ebaa000 rw-p 00000000 00:00 0 
7f642ebaa000-7f642ebad000 ---p 00000000 00:00 0 
7f642ebad000-7f642ecab000 rw-p 00000000 00:00 0 
7f642ecab000-7f642ecae000 ---p 00000000 00:00 0 
7f642ecae000-7f642edac000 rw-p 00000000 00:00 0 
7f642edac000-7f642edaf000 ---p 00000000 00:00 0 
7f642edaf000-7f642eead000 rw-p 00000000 00:00 0 
7f642eead000-7f642eeb0000 ---p 00000000 00:00 0 
7f642eeb0000-7f642efae000 rw-p 00000000 00:00 0 
7f642efae000-7f642efb1000 ---p 00000000 00:00 0 
7f642efb1000-7f642f0af000 rw-p 00000000 00:00 0 
7f642f0af000-7f642f0b2000 ---p 00000000 00:00 0 
7f642f0b2000-7f642f1b0000 rw-p 00000000 00:00 0 
7f642f1b0000-7f642f1b3000 ---p 00000000 00:00 0 
7f642f1b3000-7f642f2b1000 rw-p 00000000 00:00 0 
7f642f2b1000-7f642f2b4000 ---p 00000000 00:00 0 
7f642f2b4000-7f642f3b2000 rw-p 00000000 00:00 0 
7f642f3b2000-7f642f3b5000 ---p 00000000 00:00 0 
7f642f3b5000-7f642f4b3000 rw-p 00000000 00:00 0 
7f642f4b3000-7f642f4b6000 ---p 00000000 00:00 0 
7f642f4b6000-7f642f5b4000 rw-p 00000000 00:00 0 
7f642f5b4000-7f642f5b7000 ---p 00000000 00:00 0 
7f642f5b7000-7f642f8b5000 rw-p 00000000 00:00 0 
7f642f8b5000-7f642f8b8000 ---p 00000000 00:00 0 
7f642f8b8000-7f642f9b6000 rw-p 00000000 00:00 0 
7f642f9b6000-7f642f9b9000 ---p 00000000 00:00 0 
7f642f9b9000-7f642fab7000 rw-p 00000000 00:00 0 
7f642fab7000-7f642faba000 ---p 00000000 00:00 0 
7f642faba000-7f642fbb8000 rw-p 00000000 00:00 0 
7f642fbb8000-7f642fbce000 r-xp 00000000 08:01 2756237                    /usr/lib/jvm/jdk1.8.0_181/jre/lib/amd64/libnet.so
7f642fbce000-7f642fdce000 ---p 00016000 08:01 2756237                    /usr/lib/jvm/jdk1.8.0_181/jre/lib/amd64/libnet.so
7f642fdce000-7f642fdcf000 rw-p 00016000 08:01 2756237                    /usr/lib/jvm/jdk1.8.0_181/jre/lib/amd64/libnet.so
7f642fdcf000-7f6430000000 r--s 01bb1000 08:01 1706762                    /home/whj/dowork/DiffTGen/lib/evosuite-1.0.6.jar
7f6430000000-7f6430021000 rw-p 00000000 00:00 0 
7f6430021000-7f6434000000 ---p 00000000 00:00 0 
7f643403b000-7f643403c000 ---p 00000000 00:00 0 
7f643403c000-7f643413c000 rw-p 00000000 00:00 0 
7f643413c000-7f643413f000 ---p 00000000 00:00 0 
7f643413f000-7f643423d000 rw-p 00000000 00:00 0 
7f643423d000-7f6434240000 ---p 00000000 00:00 0 
7f6434240000-7f643433e000 rw-p 00000000 00:00 0 
7f643433e000-7f6434341000 ---p 00000000 00:00 0 
7f6434341000-7f643443f000 rw-p 00000000 00:00 0 
7f643443f000-7f6434442000 ---p 00000000 00:00 0 
7f6434442000-7f6434540000 rw-p 00000000 00:00 0 
7f6434540000-7f6434eff000 r--p 00000000 08:01 1316108                    /usr/lib/locale/locale-archive
7f6434eff000-7f6434f02000 ---p 00000000 00:00 0 
7f6434f02000-7f6435000000 rw-p 00000000 00:00 0 
7f6435000000-7f6435580000 rwxp 00000000 00:00 0 
7f6435580000-7f6444000000 ---p 00000000 00:00 0 
7f6444000000-7f644448c000 rw-p 00000000 00:00 0 
7f644448c000-7f6448000000 ---p 00000000 00:00 0 
7f6448006000-7f6448019000 r--s 00345000 08:01 2756119                    /usr/lib/jvm/jdk1.8.0_181/jre/lib/resources.jar
7f6448019000-7f6448035000 r--s 00393000 08:01 2756136                    /usr/lib/jvm/jdk1.8.0_181/jre/lib/ext/cldrdata.jar
7f6448035000-7f6448038000 ---p 00000000 00:00 0 
7f6448038000-7f644806e000 rw-p 00000000 00:00 0 
7f644806e000-7f6448080000 r--s 00169000 08:01 3032675                    /home/whj/dowork/DiffTGen/extra_output/Chart_1_2_sequencer/target/build/classes/all0.jar
7f6448080000-7f64480f9000 r--s 010f9000 08:01 1448503                    /usr/lib/jvm/jdk1.8.0_181/lib/tools.jar
7f64480f9000-7f64480fc000 ---p 00000000 00:00 0 
7f64480fc000-7f64481fa000 rw-p 00000000 00:00 0 
7f64481fa000-7f64481fb000 ---p 00000000 00:00 0 
7f64481fb000-7f6448c04000 rw-p 00000000 00:00 0 
7f6448c04000-7f6448dde000 r--s 03d6b000 08:01 2756084                    /usr/lib/jvm/jdk1.8.0_181/jre/lib/rt.jar
7f6448dde000-7f6449a37000 rw-p 00000000 00:00 0 
7f6449a37000-7f6449a38000 ---p 00000000 00:00 0 
7f6449a38000-7f6449b38000 rw-p 00000000 00:00 0 
7f6449b38000-7f6449b39000 ---p 00000000 00:00 0 
7f6449b39000-7f6449c63000 rw-p 00000000 00:00 0 
7f6449c63000-7f6449ed1000 ---p 00000000 00:00 0 
7f6449ed1000-7f6449efb000 rw-p 00000000 00:00 0 
7f6449efb000-7f644a168000 ---p 00000000 00:00 0 
7f644a168000-7f644a18e000 rw-p 00000000 00:00 0 
7f644a18e000-7f644a2b4000 ---p 00000000 00:00 0 
7f644a2b4000-7f644a2cb000 rw-p 00000000 00:00 0 
7f644a2cb000-7f644a675000 ---p 00000000 00:00 0 
7f644a675000-7f644a690000 r-xp 00000000 08:01 2756233                    /usr/lib/jvm/jdk1.8.0_181/jre/lib/amd64/libzip.so
7f644a690000-7f644a890000 ---p 0001b000 08:01 2756233                    /usr/lib/jvm/jdk1.8.0_181/jre/lib/amd64/libzip.so
7f644a890000-7f644a891000 rw-p 0001b000 08:01 2756233                    /usr/lib/jvm/jdk1.8.0_181/jre/lib/amd64/libzip.so
7f644a891000-7f644a89c000 r-xp 00000000 08:01 1054188                    /lib/x86_64-linux-gnu/libnss_files-2.23.so
7f644a89c000-7f644aa9b000 ---p 0000b000 08:01 1054188                    /lib/x86_64-linux-gnu/libnss_files-2.23.so
7f644aa9b000-7f644aa9c000 r--p 0000a000 08:01 1054188                    /lib/x86_64-linux-gnu/libnss_files-2.23.so
7f644aa9c000-7f644aa9d000 rw-p 0000b000 08:01 1054188                    /lib/x86_64-linux-gnu/libnss_files-2.23.so
7f644aa9d000-7f644aaa3000 rw-p 00000000 00:00 0 
7f644aaa3000-7f644aaae000 r-xp 00000000 08:01 1054198                    /lib/x86_64-linux-gnu/libnss_nis-2.23.so
7f644aaae000-7f644acad000 ---p 0000b000 08:01 1054198                    /lib/x86_64-linux-gnu/libnss_nis-2.23.so
7f644acad000-7f644acae000 r--p 0000a000 08:01 1054198                    /lib/x86_64-linux-gnu/libnss_nis-2.23.so
7f644acae000-7f644acaf000 rw-p 0000b000 08:01 1054198                    /lib/x86_64-linux-gnu/libnss_nis-2.23.so
7f644acaf000-7f644acc5000 r-xp 00000000 08:01 1054182                    /lib/x86_64-linux-gnu/libnsl-2.23.so
7f644acc5000-7f644aec4000 ---p 00016000 08:01 1054182                    /lib/x86_64-linux-gnu/libnsl-2.23.so
7f644aec4000-7f644aec5000 r--p 00015000 08:01 1054182                    /lib/x86_64-linux-gnu/libnsl-2.23.so
7f644aec5000-7f644aec6000 rw-p 00016000 08:01 1054182                    /lib/x86_64-linux-gnu/libnsl-2.23.so
7f644aec6000-7f644aec8000 rw-p 00000000 00:00 0 
7f644aec8000-7f644aed0000 r-xp 00000000 08:01 1054184                    /lib/x86_64-linux-gnu/libnss_compat-2.23.so
7f644aed0000-7f644b0cf000 ---p 00008000 08:01 1054184                    /lib/x86_64-linux-gnu/libnss_compat-2.23.so
7f644b0cf000-7f644b0d0000 r--p 00007000 08:01 1054184                    /lib/x86_64-linux-gnu/libnss_compat-2.23.so
7f644b0d0000-7f644b0d1000 rw-p 00008000 08:01 1054184                    /lib/x86_64-linux-gnu/libnss_compat-2.23.so
7f644b0d1000-7f644b0fc000 r-xp 00000000 08:01 2756227                    /usr/lib/jvm/jdk1.8.0_181/jre/lib/amd64/libjava.so
7f644b0fc000-7f644b2fb000 ---p 0002b000 08:01 2756227                    /usr/lib/jvm/jdk1.8.0_181/jre/lib/amd64/libjava.so
7f644b2fb000-7f644b2fd000 rw-p 0002a000 08:01 2756227                    /usr/lib/jvm/jdk1.8.0_181/jre/lib/amd64/libjava.so
7f644b2fd000-7f644b30a000 r-xp 00000000 08:01 2756232                    /usr/lib/jvm/jdk1.8.0_181/jre/lib/amd64/libverify.so
7f644b30a000-7f644b50a000 ---p 0000d000 08:01 2756232                    /usr/lib/jvm/jdk1.8.0_181/jre/lib/amd64/libverify.so
7f644b50a000-7f644b50c000 rw-p 0000d000 08:01 2756232                    /usr/lib/jvm/jdk1.8.0_181/jre/lib/amd64/libverify.so
7f644b50c000-7f644b513000 r-xp 00000000 08:01 1054243                    /lib/x86_64-linux-gnu/librt-2.23.so
7f644b513000-7f644b712000 ---p 00007000 08:01 1054243                    /lib/x86_64-linux-gnu/librt-2.23.so
7f644b712000-7f644b713000 r--p 00006000 08:01 1054243                    /lib/x86_64-linux-gnu/librt-2.23.so
7f644b713000-7f644b714000 rw-p 00007000 08:01 1054243                    /lib/x86_64-linux-gnu/librt-2.23.so
7f644b714000-7f644b81c000 r-xp 00000000 08:01 1054159                    /lib/x86_64-linux-gnu/libm-2.23.so
7f644b81c000-7f644ba1b000 ---p 00108000 08:01 1054159                    /lib/x86_64-linux-gnu/libm-2.23.so
7f644ba1b000-7f644ba1c000 r--p 00107000 08:01 1054159                    /lib/x86_64-linux-gnu/libm-2.23.so
7f644ba1c000-7f644ba1d000 rw-p 00108000 08:01 1054159                    /lib/x86_64-linux-gnu/libm-2.23.so
7f644ba1d000-7f644c6f9000 r-xp 00000000 08:01 2756209                    /usr/lib/jvm/jdk1.8.0_181/jre/lib/amd64/server/libjvm.so
7f644c6f9000-7f644c8f9000 ---p 00cdc000 08:01 2756209                    /usr/lib/jvm/jdk1.8.0_181/jre/lib/amd64/server/libjvm.so
7f644c8f9000-7f644c9d3000 rw-p 00cdc000 08:01 2756209                    /usr/lib/jvm/jdk1.8.0_181/jre/lib/amd64/server/libjvm.so
7f644c9d3000-7f644ca1e000 rw-p 00000000 00:00 0 
7f644ca1e000-7f644cbde000 r-xp 00000000 08:01 1054089                    /lib/x86_64-linux-gnu/libc-2.23.so
7f644cbde000-7f644cdde000 ---p 001c0000 08:01 1054089                    /lib/x86_64-linux-gnu/libc-2.23.so
7f644cdde000-7f644cde2000 r--p 001c0000 08:01 1054089                    /lib/x86_64-linux-gnu/libc-2.23.so
7f644cde2000-7f644cde4000 rw-p 001c4000 08:01 1054089                    /lib/x86_64-linux-gnu/libc-2.23.so
7f644cde4000-7f644cde8000 rw-p 00000000 00:00 0 
7f644cde8000-7f644cdeb000 r-xp 00000000 08:01 1054113                    /lib/x86_64-linux-gnu/libdl-2.23.so
7f644cdeb000-7f644cfea000 ---p 00003000 08:01 1054113                    /lib/x86_64-linux-gnu/libdl-2.23.so
7f644cfea000-7f644cfeb000 r--p 00002000 08:01 1054113                    /lib/x86_64-linux-gnu/libdl-2.23.so
7f644cfeb000-7f644cfec000 rw-p 00003000 08:01 1054113                    /lib/x86_64-linux-gnu/libdl-2.23.so
7f644cfec000-7f644d002000 r-xp 00000000 08:01 1449032                    /usr/lib/jvm/jdk1.8.0_181/lib/amd64/jli/libjli.so
7f644d002000-7f644d201000 ---p 00016000 08:01 1449032                    /usr/lib/jvm/jdk1.8.0_181/lib/amd64/jli/libjli.so
7f644d201000-7f644d202000 rw-p 00015000 08:01 1449032                    /usr/lib/jvm/jdk1.8.0_181/lib/amd64/jli/libjli.so
7f644d202000-7f644d21a000 r-xp 00000000 08:01 1054235                    /lib/x86_64-linux-gnu/libpthread-2.23.so
7f644d21a000-7f644d419000 ---p 00018000 08:01 1054235                    /lib/x86_64-linux-gnu/libpthread-2.23.so
7f644d419000-7f644d41a000 r--p 00017000 08:01 1054235                    /lib/x86_64-linux-gnu/libpthread-2.23.so
7f644d41a000-7f644d41b000 rw-p 00018000 08:01 1054235                    /lib/x86_64-linux-gnu/libpthread-2.23.so
7f644d41b000-7f644d41f000 rw-p 00000000 00:00 0 
7f644d41f000-7f644d445000 r-xp 00000000 08:01 1054061                    /lib/x86_64-linux-gnu/ld-2.23.so
7f644d44b000-7f644d455000 r--s 00116000 08:01 2756143                    /usr/lib/jvm/jdk1.8.0_181/jre/lib/ext/localedata.jar
7f644d455000-7f644d526000 rw-p 00000000 00:00 0 
7f644d526000-7f644d529000 ---p 00000000 00:00 0 
7f644d529000-7f644d62c000 rw-p 00000000 00:00 0 
7f644d62c000-7f644d631000 r--s 0009d000 08:01 2756133                    /usr/lib/jvm/jdk1.8.0_181/jre/lib/jsse.jar
7f644d631000-7f644d639000 r--s 0006e000 08:01 2248917                    /home/whj/dowork/DiffTGen/lib/commons-lang3-3.5.jar
7f644d639000-7f644d63a000 r--s 00000000 08:01 2248922                    /home/whj/dowork/DiffTGen/lib/myprinter.jar
7f644d63a000-7f644d642000 rw-s 00000000 08:01 1984669                    /tmp/hsperfdata_whj/49118
7f644d642000-7f644d643000 rw-p 00000000 00:00 0 
7f644d643000-7f644d644000 ---p 00000000 00:00 0 
7f644d644000-7f644d645000 r--p 00025000 08:01 1054061                    /lib/x86_64-linux-gnu/ld-2.23.so
7f644d645000-7f644d646000 rw-p 00026000 08:01 1054061                    /lib/x86_64-linux-gnu/ld-2.23.so
7f644d646000-7f644d647000 rw-p 00000000 00:00 0 
7ffca4ae8000-7ffca4b0a000 rw-p 00000000 00:00 0                          [stack]
7ffca4b29000-7ffca4b2c000 r--p 00000000 00:00 0                          [vvar]
7ffca4b2c000-7ffca4b2e000 r-xp 00000000 00:00 0                          [vdso]
ffffffffff600000-ffffffffff601000 r-xp 00000000 00:00 0                  [vsyscall]

VM Arguments:
java_command: /home/whj/dowork/DiffTGen/lib/evosuite-1.0.6.jar -base_dir /home/whj/dowork/DiffTGen/extra_output/Chart_1_2_sequencer/target/0/13 -projectCP /home/whj/dowork/DiffTGen/extra_output/Chart_1_2_sequencer/target/build/classes/all0.jar:/home/whj/dowork/DiffTGen/lib/myprinter.jar:/home/whj/dowork/DiffTGen/lib/commons-lang3-3.5.jar -class org.jfree.chart.renderer.category.AbstractCategoryItemRenderer -Dassertions=false -Dsearch_budget=60
java_class_path (initial): /home/whj/dowork/DiffTGen/lib/evosuite-1.0.6.jar
Launcher Type: SUN_STANDARD

Environment Variables:
JAVA_HOME=/usr/lib/jvm/jdk1.8.0_181
JRE_HOME=/usr/lib/jvm/jdk1.8.0_181/jre
CLASSPATH=.:/usr/lib/jvm/jdk1.8.0_181/lib:/usr/lib/jvm/jdk1.8.0_181/jre/lib
PATH=/home/whj/perl5/bin:/home/whj/dowork/defects4j-1.2.0/framework/bin:/usr/lib/jvm/jdk1.8.0_181/bin:/usr/lib/jvm/jdk1.8.0_181/jre/bin:/home/whj/bin:/home/whj/.local/bin:/usr/local/sbin:/usr/local/bin:/usr/sbin:/usr/bin:/sbin:/bin:/usr/games:/usr/local/games" :/snap/bin:/home/whj/bin
SHELL=/bin/bash
DISPLAY=:0

Signal Handlers:
SIGSEGV: [libjvm.so+0xad2a40], sa_mask[0]=11111111011111111101111111111110, sa_flags=SA_RESTART|SA_SIGINFO
SIGBUS: [libjvm.so+0xad2a40], sa_mask[0]=11111111011111111101111111111110, sa_flags=SA_RESTART|SA_SIGINFO
SIGFPE: [libjvm.so+0x92a610], sa_mask[0]=11111111011111111101111111111110, sa_flags=SA_RESTART|SA_SIGINFO
SIGPIPE: [libjvm.so+0x92a610], sa_mask[0]=11111111011111111101111111111110, sa_flags=SA_RESTART|SA_SIGINFO
SIGXFSZ: [libjvm.so+0x92a610], sa_mask[0]=11111111011111111101111111111110, sa_flags=SA_RESTART|SA_SIGINFO
SIGILL: [libjvm.so+0x92a610], sa_mask[0]=11111111011111111101111111111110, sa_flags=SA_RESTART|SA_SIGINFO
SIGUSR1: SIG_DFL, sa_mask[0]=00000000000000000000000000000000, sa_flags=none
SIGUSR2: [libjvm.so+0x92be70], sa_mask[0]=00100000000000000000000000000000, sa_flags=SA_RESTART|SA_SIGINFO
SIGHUP: [libjvm.so+0x92d270], sa_mask[0]=11111111011111111101111111111110, sa_flags=SA_RESTART|SA_SIGINFO
SIGINT: [libjvm.so+0x92d270], sa_mask[0]=11111111011111111101111111111110, sa_flags=SA_RESTART|SA_SIGINFO
SIGTERM: [libjvm.so+0x92d270], sa_mask[0]=11111111011111111101111111111110, sa_flags=SA_RESTART|SA_SIGINFO
SIGQUIT: [libjvm.so+0x92d270], sa_mask[0]=11111111011111111101111111111110, sa_flags=SA_RESTART|SA_SIGINFO


---------------  S Y S T E M  ---------------

OS:DISTRIB_ID=Ubuntu
DISTRIB_RELEASE=16.04
DISTRIB_CODENAME=xenial
DISTRIB_DESCRIPTION="Ubuntu 16.04.6 LTS"

uname:Linux 4.15.0-91-generic #92~16.04.1-Ubuntu SMP Fri Feb 28 14:57:22 UTC 2020 x86_64
libc:glibc 2.23 NPTL 2.23 
rlimit: STACK 8192k, CORE 0k, NPROC 31576, NOFILE 1048576, AS infinity
load average:17.00 14.61 14.51

/proc/meminfo:
MemTotal:        8144704 kB
MemFree:          106684 kB
MemAvailable:          0 kB
Buffers:             108 kB
Cached:            11356 kB
SwapCached:         1364 kB
Active:          6735224 kB
Inactive:         845876 kB
Active(anon):    6728796 kB
Inactive(anon):   841184 kB
Active(file):       6428 kB
Inactive(file):     4692 kB
Unevictable:          32 kB
Mlocked:              32 kB
SwapTotal:        998396 kB
SwapFree:            280 kB
Dirty:               252 kB
Writeback:           260 kB
AnonPages:       7568772 kB
Mapped:            10268 kB
Shmem:               200 kB
Slab:              88760 kB
SReclaimable:      31584 kB
SUnreclaim:        57176 kB
KernelStack:       16432 kB
PageTables:        49360 kB
NFS_Unstable:          0 kB
Bounce:                0 kB
WritebackTmp:          0 kB
CommitLimit:     5070748 kB
Committed_AS:   14782396 kB
VmallocTotal:   34359738367 kB
VmallocUsed:           0 kB
VmallocChunk:          0 kB
HardwareCorrupted:     0 kB
AnonHugePages:         0 kB
ShmemHugePages:        0 kB
ShmemPmdMapped:        0 kB
CmaTotal:              0 kB
CmaFree:               0 kB
HugePages_Total:       0
HugePages_Free:        0
HugePages_Rsvd:        0
HugePages_Surp:        0
Hugepagesize:       2048 kB
DirectMap4k:      126784 kB
DirectMap2M:     7213056 kB
DirectMap1G:     3145728 kB


CPU:total 2 (initial active 2) (2 cores per cpu, 1 threads per core) family 6 model 158 stepping 10, cmov, cx8, fxsr, mmx, sse, sse2, sse3, ssse3, sse4.1, sse4.2, popcnt, avx, avx2, aes, clmul, erms, 3dnowpref, lzcnt, tsc, tscinvbit, bmi1, bmi2, adx

/proc/cpuinfo:
processor	: 0
vendor_id	: GenuineIntel
cpu family	: 6
model		: 158
model name	: Intel(R) Core(TM) i7-8750H CPU @ 2.20GHz
stepping	: 10
microcode	: 0x96
cpu MHz		: 2207.999
cache size	: 9216 KB
physical id	: 0
siblings	: 2
core id		: 0
cpu cores	: 2
apicid		: 0
initial apicid	: 0
fpu		: yes
fpu_exception	: yes
cpuid level	: 22
wp		: yes
flags		: fpu vme de pse tsc msr pae mce cx8 apic sep mtrr pge mca cmov pat pse36 clflush mmx fxsr sse sse2 ss ht syscall nx pdpe1gb rdtscp lm constant_tsc arch_perfmon nopl xtopology tsc_reliable nonstop_tsc cpuid pni pclmulqdq ssse3 fma cx16 pcid sse4_1 sse4_2 x2apic movbe popcnt tsc_deadline_timer aes xsave avx f16c rdrand hypervisor lahf_lm abm 3dnowprefetch cpuid_fault invpcid_single pti ssbd ibrs ibpb stibp fsgsbase tsc_adjust bmi1 avx2 smep bmi2 invpcid rdseed adx smap xsaveopt arat flush_l1d arch_capabilities
bugs		: cpu_meltdown spectre_v1 spectre_v2 spec_store_bypass l1tf mds swapgs itlb_multihit
bogomips	: 4415.99
clflush size	: 64
cache_alignment	: 64
address sizes	: 42 bits physical, 48 bits virtual
power management:

processor	: 1
vendor_id	: GenuineIntel
cpu family	: 6
model		: 158
model name	: Intel(R) Core(TM) i7-8750H CPU @ 2.20GHz
stepping	: 10
microcode	: 0x96
cpu MHz		: 2207.999
cache size	: 9216 KB
physical id	: 0
siblings	: 2
core id		: 1
cpu cores	: 2
apicid		: 1
initial apicid	: 1
fpu		: yes
fpu_exception	: yes
cpuid level	: 22
wp		: yes
flags		: fpu vme de pse tsc msr pae mce cx8 apic sep mtrr pge mca cmov pat pse36 clflush mmx fxsr sse sse2 ss ht syscall nx pdpe1gb rdtscp lm constant_tsc arch_perfmon nopl xtopology tsc_reliable nonstop_tsc cpuid pni pclmulqdq ssse3 fma cx16 pcid sse4_1 sse4_2 x2apic movbe popcnt tsc_deadline_timer aes xsave avx f16c rdrand hypervisor lahf_lm abm 3dnowprefetch cpuid_fault invpcid_single pti ssbd ibrs ibpb stibp fsgsbase tsc_adjust bmi1 avx2 smep bmi2 invpcid rdseed adx smap xsaveopt arat flush_l1d arch_capabilities
bugs		: cpu_meltdown spectre_v1 spectre_v2 spec_store_bypass l1tf mds swapgs itlb_multihit
bogomips	: 4415.99
clflush size	: 64
cache_alignment	: 64
address sizes	: 42 bits physical, 48 bits virtual
power management:



Memory: 4k page, physical 8144704k(107768k free), swap 998396k(0k free)

vm_info: Java HotSpot(TM) 64-Bit Server VM (25.181-b13) for linux-amd64 JRE (1.8.0_181-b13), built on Jul  7 2018 00:56:38 by "java_re" with gcc 4.3.0 20080428 (Red Hat 4.3.0-8)

time: Fri Mar 27 14:53:56 2020
elapsed time: 102 seconds (0d 0h 1m 42s)

