#
# There is insufficient memory for the Java Runtime Environment to continue.
# Native memory allocation (mmap) failed to map 148897792 bytes for committing reserved memory.
# Possible reasons:
#   The system is out of physical RAM or swap space
#   In 32 bit mode, the process size limit was hit
# Possible solutions:
#   Reduce memory load on the system
#   Increase physical memory or swap space
#   Check if swap backing store is full
#   Use 64 bit Java on a 64 bit OS
#   Decrease Java heap size (-Xmx/-Xms)
#   Decrease number of Java threads
#   Decrease Java thread stack sizes (-Xss)
#   Set larger code cache with -XX:ReservedCodeCacheSize=
# This output file may be truncated or incomplete.
#
#  Out of Memory Error (os_linux.cpp:2640), pid=51192, tid=0x00007fb7bd0ce700
#
# JRE version: Java(TM) SE Runtime Environment (8.0_181-b13) (build 1.8.0_181-b13)
# Java VM: Java HotSpot(TM) 64-Bit Server VM (25.181-b13 mixed mode linux-amd64 compressed oops)
# Failed to write core dump. Core dumps have been disabled. To enable core dumping, try "ulimit -c unlimited" before starting Java again
#

---------------  T H R E A D  ---------------

Current thread (0x00007fb7d00fb800):  VMThread [stack: 0x00007fb7bcfce000,0x00007fb7bd0cf000] [id=51221]

Stack: [0x00007fb7bcfce000,0x00007fb7bd0cf000],  sp=0x00007fb7bd0cd220,  free space=1020k
Native frames: (J=compiled Java code, j=interpreted, Vv=VM code, C=native code)
V  [libjvm.so+0xad21aa]  VMError::report_and_die()+0x2ba
V  [libjvm.so+0x5022db]  report_vm_out_of_memory(char const*, int, unsigned long, VMErrorType, char const*)+0x8b
V  [libjvm.so+0x92fe33]  os::Linux::commit_memory_impl(char*, unsigned long, bool)+0x123
V  [libjvm.so+0x930059]  os::pd_commit_memory(char*, unsigned long, unsigned long, bool)+0x29
V  [libjvm.so+0x9272ba]  os::commit_memory(char*, unsigned long, unsigned long, bool)+0x2a
V  [libjvm.so+0x99d2e3]  PSVirtualSpace::expand_by(unsigned long)+0x53
V  [libjvm.so+0x99e6e8]  PSYoungGen::resize_generation(unsigned long, unsigned long)+0xf8
V  [libjvm.so+0x99d842]  PSYoungGen::resize(unsigned long, unsigned long)+0x22
V  [libjvm.so+0x99ab1b]  PSScavenge::invoke_no_policy()+0xf3b
V  [libjvm.so+0x99b2a1]  PSScavenge::invoke()+0x41
V  [libjvm.so+0x951d70]  ParallelScavengeHeap::failed_mem_allocate(unsigned long)+0x70
V  [libjvm.so+0xad3c27]  VM_ParallelGCFailedAllocation::doit()+0x97
V  [libjvm.so+0xadb745]  VM_Operation::evaluate()+0x55
V  [libjvm.so+0xad9b0a]  VMThread::evaluate_operation(VM_Operation*)+0xba
V  [libjvm.so+0xad9e8e]  VMThread::loop()+0x1ce
V  [libjvm.so+0xada300]  VMThread::run()+0x70
V  [libjvm.so+0x930198]  java_start(Thread*)+0x108

VM_Operation (0x00007fb7837f38f0): ParallelGCFailedAllocation, mode: safepoint, requested by thread 0x0000000001e2e800


---------------  P R O C E S S  ---------------

Java Threads: ( => current thread )
  0x0000000001e30000 JavaThread "RMI TCP Connection(6)-127.0.0.1" daemon [_thread_in_native, id=51742, stack(0x00007fb782ff6000,0x00007fb7830f7000)]
  0x0000000001e2e800 JavaThread "RMI TCP Connection(4)-127.0.0.1" daemon [_thread_blocked, id=51602, stack(0x00007fb7836f7000,0x00007fb7837f8000)]
  0x00007fb7ac038000 JavaThread "RMI Scheduler(0)" daemon [_thread_blocked, id=51599, stack(0x00007fb7837f8000,0x00007fb7838f9000)]
  0x00007fb7ac030800 JavaThread "RMI RenewClean-[127.0.0.1:2245]" daemon [_thread_blocked, id=51573, stack(0x00007fb7838f9000,0x00007fb7839fa000)]
  0x00007fb77c001800 JavaThread "RMI TCP Connection(5)-127.0.0.1" daemon [_thread_blocked, id=51562, stack(0x00007fb7839fa000,0x00007fb783afb000)]
  0x00007fb784005800 JavaThread "pool-3-thread-3" [_thread_in_native, id=51506, stack(0x00007fb783afb000,0x00007fb783bfc000)]
  0x00007fb784004000 JavaThread "pool-3-thread-2" [_thread_in_native, id=51505, stack(0x00007fb783bfc000,0x00007fb783cfd000)]
  0x00007fb784003000 JavaThread "pool-3-thread-1" [_thread_in_native, id=51504, stack(0x00007fb783cfd000,0x00007fb783dfe000)]
  0x00007fb7d0384000 JavaThread "Thread-3" [_thread_in_native, id=51381, stack(0x00007fb783dfe000,0x00007fb783eff000)]
  0x00007fb7d0382800 JavaThread "Thread-2" [_thread_in_native, id=51372, stack(0x00007fb783eff000,0x00007fb784000000)]
  0x00007fb7d0381000 JavaThread "process reaper" daemon [_thread_in_native, id=51369, stack(0x00007fb7d4023000,0x00007fb7d405c000)]
  0x00007fb7d037b000 JavaThread "pool-2-thread-1" [_thread_in_native, id=51347, stack(0x00007fb79c0ae000,0x00007fb79c1af000)]
  0x00007fb7d0378800 JavaThread "GC Daemon" daemon [_thread_blocked, id=51344, stack(0x00007fb79c1af000,0x00007fb79c2b0000)]
  0x00007fb7d0376000 JavaThread "RMI Reaper" [_thread_blocked, id=51342, stack(0x00007fb79c2b0000,0x00007fb79c3b1000)]
  0x00007fb7d036d000 JavaThread "RMI TCP Accept-18958" daemon [_thread_in_native, id=51339, stack(0x00007fb79c3b1000,0x00007fb79c4b2000)]
  0x00007fb7d0368000 JavaThread "RMI TCP Accept-21112" daemon [_thread_in_native, id=51333, stack(0x00007fb79c4b2000,0x00007fb79c5b3000)]
  0x00007fb7d0294000 JavaThread "logback-3" daemon [_thread_blocked, id=51315, stack(0x00007fb79c7b3000,0x00007fb79c8b4000)]
  0x00007fb7d0292000 JavaThread "logback-2" daemon [_thread_blocked, id=51312, stack(0x00007fb79c8b4000,0x00007fb79c9b5000)]
  0x00007fb7d0290800 JavaThread "logback-1" daemon [_thread_blocked, id=51309, stack(0x00007fb79c9b5000,0x00007fb79cab6000)]
  0x00007fb7d0142000 JavaThread "Service Thread" daemon [_thread_blocked, id=51272, stack(0x00007fb7bc009000,0x00007fb7bc10a000)]
  0x00007fb7d013f000 JavaThread "C1 CompilerThread1" daemon [_thread_blocked, id=51267, stack(0x00007fb7bc10a000,0x00007fb7bc20b000)]
  0x00007fb7d013c000 JavaThread "C2 CompilerThread0" daemon [_thread_blocked, id=51263, stack(0x00007fb7bc20b000,0x00007fb7bc30c000)]
  0x00007fb7d013a800 JavaThread "Signal Dispatcher" daemon [_thread_blocked, id=51260, stack(0x00007fb7bc30c000,0x00007fb7bc40d000)]
  0x00007fb7d0107800 JavaThread "Finalizer" daemon [_thread_blocked, id=51234, stack(0x00007fb7bcdcc000,0x00007fb7bcecd000)]
  0x00007fb7d0105000 JavaThread "Reference Handler" daemon [_thread_blocked, id=51229, stack(0x00007fb7bcecd000,0x00007fb7bcfce000)]
  0x00007fb7d000a800 JavaThread "main" [_thread_in_native, id=51193, stack(0x00007fb7d9211000,0x00007fb7d9312000)]

Other Threads:
=>0x00007fb7d00fb800 VMThread [stack: 0x00007fb7bcfce000,0x00007fb7bd0cf000] [id=51221]
  0x00007fb7d0147000 WatcherThread [stack: 0x00007fb79feff000,0x00007fb7a0000000] [id=51275]

VM state:at safepoint (normal execution)

VM Mutex/Monitor currently owned by a thread:  ([mutex/lock_event])
[0x00007fb7d0006ce0] Threads_lock - owner thread: 0x00007fb7d00fb800
[0x00007fb7d00071e0] Heap_lock - owner thread: 0x0000000001e2e800

Heap:
 PSYoungGen      total 135168K, used 10737K [0x00000000d6900000, 0x00000000dfb00000, 0x0000000100000000)
  eden space 124416K, 0% used [0x00000000d6900000,0x00000000d6900000,0x00000000de280000)
  from space 10752K, 99% used [0x00000000de280000,0x00000000decfc6d0,0x00000000ded00000)
  to   space 7168K, 0% used [0x00000000ded00000,0x00000000ded00000,0x00000000df400000)
 ParOldGen       total 86016K, used 40670K [0x0000000083a00000, 0x0000000088e00000, 0x00000000d6900000)
  object space 86016K, 47% used [0x0000000083a00000,0x00000000861b78f8,0x0000000088e00000)
 Metaspace       used 20164K, capacity 20678K, committed 20992K, reserved 1067008K
  class space    used 2346K, capacity 2511K, committed 2560K, reserved 1048576K

Card table byte_map: [0x00007fb7d5bbc000,0x00007fb7d5fa0000] byte_map_base: 0x00007fb7d579f000

Marking Bits: (ParMarkBitMap*) 0x00007fb7d86dc0a0
 Begin Bits: [0x00007fb7bd1d0000, 0x00007fb7bf0e8000)
 End Bits:   [0x00007fb7bf0e8000, 0x00007fb7c1000000)

Polling page: 0x00007fb7d932e000

CodeCache: size=245760Kb used=8579Kb max_used=8642Kb free=237180Kb
 bounds [0x00007fb7c1000000, 0x00007fb7c1880000, 0x00007fb7d0000000]
 total_blobs=2761 nmethods=2307 adapters=367
 compilation: enabled

Compilation events (10 events):
Event: 127.901 Thread 0x00007fb7d013f000 2468 %     3       java.lang.Class::copyMethods @ 12 (36 bytes)
Event: 127.901 Thread 0x00007fb7d013f000 nmethod 2468% 0x00007fb7c1871c10 code [0x00007fb7c1871e20, 0x00007fb7c18728d8]
Event: 127.901 Thread 0x00007fb7d013f000 2469       3       java.lang.Class::copyMethods (36 bytes)
Event: 127.902 Thread 0x00007fb7d013f000 nmethod 2469 0x00007fb7c1872e90 code [0x00007fb7c1873080, 0x00007fb7c1873a78]
Event: 127.903 Thread 0x00007fb7d013f000 2470   !   2       java.io.ObjectInputStream$ValidationList::doCallbacks (58 bytes)
Event: 127.904 Thread 0x00007fb7d013f000 nmethod 2470 0x00007fb7c1873f90 code [0x00007fb7c1874120, 0x00007fb7c1874458]
Event: 127.910 Thread 0x00007fb7d013f000 2471       2       java.lang.invoke.DirectMethodHandle::internalMemberName (8 bytes)
Event: 127.910 Thread 0x00007fb7d013f000 nmethod 2471 0x00007fb7c1874790 code [0x00007fb7c1874900, 0x00007fb7c1874a70]
Event: 127.921 Thread 0x00007fb7d013f000 2472       2       org.evosuite.testcase.statements.numeric.NumericalPrimitiveStatement::readObject (13 bytes)
Event: 127.921 Thread 0x00007fb7d013f000 nmethod 2472 0x00007fb7c1874b10 code [0x00007fb7c1874c80, 0x00007fb7c1874e38]

GC Heap History (10 events):
Event: 102.318 GC heap after
Heap after GC invocations=5 (full 1):
 PSYoungGen      total 37888K, used 5103K [0x00000000d6900000, 0x00000000db300000, 0x0000000100000000)
  eden space 32768K, 0% used [0x00000000d6900000,0x00000000d6900000,0x00000000d8900000)
  from space 5120K, 99% used [0x00000000d8e00000,0x00000000d92fbfd8,0x00000000d9300000)
  to   space 5120K, 0% used [0x00000000d8900000,0x00000000d8900000,0x00000000d8e00000)
 ParOldGen       total 86016K, used 5929K [0x0000000083a00000, 0x0000000088e00000, 0x00000000d6900000)
  object space 86016K, 6% used [0x0000000083a00000,0x0000000083fca590,0x0000000088e00000)
 Metaspace       used 13771K, capacity 14194K, committed 14336K, reserved 1062912K
  class space    used 1578K, capacity 1668K, committed 1792K, reserved 1048576K
}
Event: 102.727 GC heap before
{Heap before GC invocations=6 (full 1):
 PSYoungGen      total 37888K, used 37871K [0x00000000d6900000, 0x00000000db300000, 0x0000000100000000)
  eden space 32768K, 100% used [0x00000000d6900000,0x00000000d8900000,0x00000000d8900000)
  from space 5120K, 99% used [0x00000000d8e00000,0x00000000d92fbfd8,0x00000000d9300000)
  to   space 5120K, 0% used [0x00000000d8900000,0x00000000d8900000,0x00000000d8e00000)
 ParOldGen       total 86016K, used 5929K [0x0000000083a00000, 0x0000000088e00000, 0x00000000d6900000)
  object space 86016K, 6% used [0x0000000083a00000,0x0000000083fca590,0x0000000088e00000)
 Metaspace       used 13789K, capacity 14194K, committed 14336K, reserved 1062912K
  class space    used 1578K, capacity 1668K, committed 1792K, reserved 1048576K
Event: 102.736 GC heap after
Heap after GC invocations=6 (full 1):
 PSYoungGen      total 37888K, used 5119K [0x00000000d6900000, 0x00000000db300000, 0x0000000100000000)
  eden space 32768K, 0% used [0x00000000d6900000,0x00000000d6900000,0x00000000d8900000)
  from space 5120K, 99% used [0x00000000d8900000,0x00000000d8dfffc8,0x00000000d8e00000)
  to   space 5120K, 0% used [0x00000000dae00000,0x00000000dae00000,0x00000000db300000)
 ParOldGen       total 86016K, used 6225K [0x0000000083a00000, 0x0000000088e00000, 0x00000000d6900000)
  object space 86016K, 7% used [0x0000000083a00000,0x0000000084014620,0x0000000088e00000)
 Metaspace       used 13789K, capacity 14194K, committed 14336K, reserved 1062912K
  class space    used 1578K, capacity 1668K, committed 1792K, reserved 1048576K
}
Event: 103.099 GC heap before
{Heap before GC invocations=7 (full 1):
 PSYoungGen      total 37888K, used 37887K [0x00000000d6900000, 0x00000000db300000, 0x0000000100000000)
  eden space 32768K, 100% used [0x00000000d6900000,0x00000000d8900000,0x00000000d8900000)
  from space 5120K, 99% used [0x00000000d8900000,0x00000000d8dfffc8,0x00000000d8e00000)
  to   space 5120K, 0% used [0x00000000dae00000,0x00000000dae00000,0x00000000db300000)
 ParOldGen       total 86016K, used 6225K [0x0000000083a00000, 0x0000000088e00000, 0x00000000d6900000)
  object space 86016K, 7% used [0x0000000083a00000,0x0000000084014620,0x0000000088e00000)
 Metaspace       used 13828K, capacity 14258K, committed 14592K, reserved 1062912K
  class space    used 1578K, capacity 1668K, committed 1792K, reserved 1048576K
Event: 103.116 GC heap after
Heap after GC invocations=7 (full 1):
 PSYoungGen      total 69120K, used 5103K [0x00000000d6900000, 0x00000000db600000, 0x0000000100000000)
  eden space 64000K, 0% used [0x00000000d6900000,0x00000000d6900000,0x00000000da780000)
  from space 5120K, 99% used [0x00000000dae00000,0x00000000db2fbf78,0x00000000db300000)
  to   space 6656K, 0% used [0x00000000da780000,0x00000000da780000,0x00000000dae00000)
 ParOldGen       total 86016K, used 6369K [0x0000000083a00000, 0x0000000088e00000, 0x00000000d6900000)
  object space 86016K, 7% used [0x0000000083a00000,0x0000000084038640,0x0000000088e00000)
 Metaspace       used 13828K, capacity 14258K, committed 14592K, reserved 1062912K
  class space    used 1578K, capacity 1668K, committed 1792K, reserved 1048576K
}
Event: 104.282 GC heap before
{Heap before GC invocations=8 (full 1):
 PSYoungGen      total 69120K, used 69103K [0x00000000d6900000, 0x00000000db600000, 0x0000000100000000)
  eden space 64000K, 100% used [0x00000000d6900000,0x00000000da780000,0x00000000da780000)
  from space 5120K, 99% used [0x00000000dae00000,0x00000000db2fbf78,0x00000000db300000)
  to   space 6656K, 0% used [0x00000000da780000,0x00000000da780000,0x00000000dae00000)
 ParOldGen       total 86016K, used 6369K [0x0000000083a00000, 0x0000000088e00000, 0x00000000d6900000)
  object space 86016K, 7% used [0x0000000083a00000,0x0000000084038640,0x0000000088e00000)
 Metaspace       used 13908K, capacity 14296K, committed 14592K, reserved 1062912K
  class space    used 1581K, capacity 1701K, committed 1792K, reserved 1048576K
Event: 104.319 GC heap after
Heap after GC invocations=8 (full 1):
 PSYoungGen      total 70656K, used 6643K [0x00000000d6900000, 0x00000000df400000, 0x0000000100000000)
  eden space 64000K, 0% used [0x00000000d6900000,0x00000000d6900000,0x00000000da780000)
  from space 6656K, 99% used [0x00000000da780000,0x00000000dadfcf98,0x00000000dae00000)
  to   space 7168K, 0% used [0x00000000ded00000,0x00000000ded00000,0x00000000df400000)
 ParOldGen       total 86016K, used 7070K [0x0000000083a00000, 0x0000000088e00000, 0x00000000d6900000)
  object space 86016K, 8% used [0x0000000083a00000,0x00000000840e7820,0x0000000088e00000)
 Metaspace       used 13908K, capacity 14296K, committed 14592K, reserved 1062912K
  class space    used 1581K, capacity 1701K, committed 1792K, reserved 1048576K
}
Event: 109.177 GC heap before
{Heap before GC invocations=9 (full 1):
 PSYoungGen      total 70656K, used 70643K [0x00000000d6900000, 0x00000000df400000, 0x0000000100000000)
  eden space 64000K, 100% used [0x00000000d6900000,0x00000000da780000,0x00000000da780000)
  from space 6656K, 99% used [0x00000000da780000,0x00000000dadfcf98,0x00000000dae00000)
  to   space 7168K, 0% used [0x00000000ded00000,0x00000000ded00000,0x00000000df400000)
 ParOldGen       total 86016K, used 7070K [0x0000000083a00000, 0x0000000088e00000, 0x00000000d6900000)
  object space 86016K, 8% used [0x0000000083a00000,0x00000000840e7820,0x0000000088e00000)
 Metaspace       used 16663K, capacity 17098K, committed 17408K, reserved 1064960K
  class space    used 1833K, capacity 1989K, committed 2048K, reserved 1048576K
Event: 109.276 GC heap after
Heap after GC invocations=9 (full 1):
 PSYoungGen      total 131584K, used 7146K [0x00000000d6900000, 0x00000000dfb00000, 0x0000000100000000)
  eden space 124416K, 0% used [0x00000000d6900000,0x00000000d6900000,0x00000000de280000)
  from space 7168K, 99% used [0x00000000ded00000,0x00000000df3fabd8,0x00000000df400000)
  to   space 10752K, 0% used [0x00000000de280000,0x00000000de280000,0x00000000ded00000)
 ParOldGen       total 86016K, used 13699K [0x0000000083a00000, 0x0000000088e00000, 0x00000000d6900000)
  object space 86016K, 15% used [0x0000000083a00000,0x0000000084760c48,0x0000000088e00000)
 Metaspace       used 16663K, capacity 17098K, committed 17408K, reserved 1064960K
  class space    used 1833K, capacity 1989K, committed 2048K, reserved 1048576K
}
Event: 127.960 GC heap before
{Heap before GC invocations=10 (full 1):
 PSYoungGen      total 131584K, used 129535K [0x00000000d6900000, 0x00000000dfb00000, 0x0000000100000000)
  eden space 124416K, 98% used [0x00000000d6900000,0x00000000de085420,0x00000000de280000)
  from space 7168K, 99% used [0x00000000ded00000,0x00000000df3fabd8,0x00000000df400000)
  to   space 10752K, 0% used [0x00000000de280000,0x00000000de280000,0x00000000ded00000)
 ParOldGen       total 86016K, used 13699K [0x0000000083a00000, 0x0000000088e00000, 0x00000000d6900000)
  object space 86016K, 15% used [0x0000000083a00000,0x0000000084760c48,0x0000000088e00000)
 Metaspace       used 20164K, capacity 20678K, committed 20992K, reserved 1067008K
  class space    used 2346K, capacity 2511K, committed 2560K, reserved 1048576K

Deoptimization events (10 events):
Event: 124.966 Thread 0x0000000001e2e800 Uncommon trap: reason=bimorphic action=maybe_recompile pc=0x00007fb7c17eb984 method=org.evosuite.shaded.org.objectweb.asm.MethodVisitor.visitFieldInsn(ILjava/lang/String;Ljava/lang/String;Ljava/lang/String;)V @ 16
Event: 124.966 Thread 0x0000000001e2e800 Uncommon trap: reason=bimorphic action=maybe_recompile pc=0x00007fb7c17eb984 method=org.evosuite.shaded.org.objectweb.asm.MethodVisitor.visitFieldInsn(ILjava/lang/String;Ljava/lang/String;Ljava/lang/String;)V @ 16
Event: 124.966 Thread 0x0000000001e2e800 Uncommon trap: reason=bimorphic action=maybe_recompile pc=0x00007fb7c17eb984 method=org.evosuite.shaded.org.objectweb.asm.MethodVisitor.visitFieldInsn(ILjava/lang/String;Ljava/lang/String;Ljava/lang/String;)V @ 16
Event: 124.966 Thread 0x0000000001e2e800 Uncommon trap: reason=bimorphic action=maybe_recompile pc=0x00007fb7c17eb984 method=org.evosuite.shaded.org.objectweb.asm.MethodVisitor.visitFieldInsn(ILjava/lang/String;Ljava/lang/String;Ljava/lang/String;)V @ 16
Event: 125.179 Thread 0x0000000001e2e800 Uncommon trap: reason=unstable_if action=reinterpret pc=0x00007fb7c140491c method=java.util.HashMap.putVal(ILjava/lang/Object;Ljava/lang/Object;ZZ)Ljava/lang/Object; @ 162
Event: 126.187 Thread 0x0000000001e2e800 Uncommon trap: reason=class_check action=maybe_recompile pc=0x00007fb7c1843848 method=org.evosuite.shaded.org.objectweb.asm.MethodVisitor.visitJumpInsn(ILorg/evosuite/shaded/org/objectweb/asm/Label;)V @ 13
Event: 126.187 Thread 0x0000000001e2e800 Uncommon trap: reason=class_check action=maybe_recompile pc=0x00007fb7c1843848 method=org.evosuite.shaded.org.objectweb.asm.MethodVisitor.visitJumpInsn(ILorg/evosuite/shaded/org/objectweb/asm/Label;)V @ 13
Event: 126.187 Thread 0x0000000001e2e800 Uncommon trap: reason=class_check action=maybe_recompile pc=0x00007fb7c1843848 method=org.evosuite.shaded.org.objectweb.asm.MethodVisitor.visitJumpInsn(ILorg/evosuite/shaded/org/objectweb/asm/Label;)V @ 13
Event: 126.187 Thread 0x0000000001e2e800 Uncommon trap: reason=class_check action=maybe_recompile pc=0x00007fb7c1843848 method=org.evosuite.shaded.org.objectweb.asm.MethodVisitor.visitJumpInsn(ILorg/evosuite/shaded/org/objectweb/asm/Label;)V @ 13
Event: 127.536 Thread 0x0000000001e2e800 Uncommon trap: reason=unstable_if action=reinterpret pc=0x00007fb7c184d87c method=java.util.HashMap.putVal(ILjava/lang/Object;Ljava/lang/Object;ZZ)Ljava/lang/Object; @ 109

Classes redefined (0 events):
No events

Internal exceptions (10 events):
Event: 100.937 Thread 0x0000000001e2e800 Implicit null exception at 0x00007fb7c11c9636 to 0x00007fb7c11c9a11
Event: 101.383 Thread 0x00007fb7d0290800 Exception <a 'java/net/ConnectException'> (0x00000000d7d06ca8) thrown at [/HUDSON/workspace/8-2-build-linux-amd64/jdk8u181/11358/hotspot/src/share/vm/prims/jni.cpp, line 709]
Event: 101.394 Thread 0x00007fb7d0294000 Exception <a 'java/net/ConnectException'> (0x00000000d7d3c168) thrown at [/HUDSON/workspace/8-2-build-linux-amd64/jdk8u181/11358/hotspot/src/share/vm/prims/jni.cpp, line 709]
Event: 101.404 Thread 0x00007fb7d0292000 Exception <a 'java/net/ConnectException'> (0x00000000d7fd3668) thrown at [/HUDSON/workspace/8-2-build-linux-amd64/jdk8u181/11358/hotspot/src/share/vm/prims/jni.cpp, line 709]
Event: 111.384 Thread 0x00007fb7d0290800 Exception <a 'java/net/ConnectException'> (0x00000000d8e0b4e8) thrown at [/HUDSON/workspace/8-2-build-linux-amd64/jdk8u181/11358/hotspot/src/share/vm/prims/jni.cpp, line 709]
Event: 111.395 Thread 0x00007fb7d0294000 Exception <a 'java/net/ConnectException'> (0x00000000d8e8ef08) thrown at [/HUDSON/workspace/8-2-build-linux-amd64/jdk8u181/11358/hotspot/src/share/vm/prims/jni.cpp, line 709]
Event: 111.404 Thread 0x00007fb7d0292000 Exception <a 'java/net/ConnectException'> (0x00000000d8f12920) thrown at [/HUDSON/workspace/8-2-build-linux-amd64/jdk8u181/11358/hotspot/src/share/vm/prims/jni.cpp, line 709]
Event: 121.385 Thread 0x00007fb7d0290800 Exception <a 'java/net/ConnectException'> (0x00000000d8e0c010) thrown at [/HUDSON/workspace/8-2-build-linux-amd64/jdk8u181/11358/hotspot/src/share/vm/prims/jni.cpp, line 709]
Event: 121.396 Thread 0x00007fb7d0294000 Exception <a 'java/net/ConnectException'> (0x00000000d8e8fa30) thrown at [/HUDSON/workspace/8-2-build-linux-amd64/jdk8u181/11358/hotspot/src/share/vm/prims/jni.cpp, line 709]
Event: 121.405 Thread 0x00007fb7d0292000 Exception <a 'java/net/ConnectException'> (0x00000000d8f13448) thrown at [/HUDSON/workspace/8-2-build-linux-amd64/jdk8u181/11358/hotspot/src/share/vm/prims/jni.cpp, line 709]

Events (10 events):
Event: 127.921 Thread 0x00007fb7d013f000 flushing nmethod 0x00007fb7c1129f50
Event: 127.921 Thread 0x00007fb7d013f000 flushing nmethod 0x00007fb7c112d050
Event: 127.921 Thread 0x00007fb7d013f000 flushing nmethod 0x00007fb7c112d4d0
Event: 127.921 Thread 0x00007fb7d013f000 flushing nmethod 0x00007fb7c1136d10
Event: 127.921 Thread 0x00007fb7d013f000 flushing nmethod 0x00007fb7c1138990
Event: 127.921 Thread 0x00007fb7d013f000 flushing nmethod 0x00007fb7c1138ed0
Event: 127.921 Thread 0x00007fb7d013f000 flushing nmethod 0x00007fb7c11392d0
Event: 127.921 Thread 0x00007fb7d013f000 flushing nmethod 0x00007fb7c114c990
Event: 127.921 Thread 0x00007fb7d013f000 flushing nmethod 0x00007fb7c114e5d0
Event: 127.942 Executing VM operation: ParallelGCFailedAllocation


Dynamic libraries:
00400000-00401000 r-xp 00000000 08:01 1448396                            /usr/lib/jvm/jdk1.8.0_181/bin/java
00600000-00601000 rw-p 00000000 08:01 1448396                            /usr/lib/jvm/jdk1.8.0_181/bin/java
01e2c000-01e4d000 rw-p 00000000 00:00 0                                  [heap]
83a00000-88e00000 rw-p 00000000 00:00 0 
88e00000-d6900000 ---p 00000000 00:00 0 
d6900000-dfb00000 rw-p 00000000 00:00 0 
e8900000-100000000 ---p 00000000 00:00 0 
100000000-100280000 rw-p 00000000 00:00 0 
100280000-140000000 ---p 00000000 00:00 0 
7fb77c000000-7fb77c021000 rw-p 00000000 00:00 0 
7fb77c021000-7fb780000000 ---p 00000000 00:00 0 
7fb782ce4000-7fb782ee4000 rw-p 00000000 00:00 0 
7fb782ff6000-7fb782ff9000 ---p 00000000 00:00 0 
7fb782ff9000-7fb7832f7000 rw-p 00000000 00:00 0 
7fb7832f7000-7fb7834f7000 rw-p 00000000 00:00 0 
7fb7834f7000-7fb7836f7000 rw-p 00000000 00:00 0 
7fb7836f7000-7fb7836fa000 ---p 00000000 00:00 0 
7fb7836fa000-7fb7837f8000 rw-p 00000000 00:00 0 
7fb7837f8000-7fb7837fb000 ---p 00000000 00:00 0 
7fb7837fb000-7fb7838f9000 rw-p 00000000 00:00 0 
7fb7838f9000-7fb7838fc000 ---p 00000000 00:00 0 
7fb7838fc000-7fb7839fa000 rw-p 00000000 00:00 0 
7fb7839fa000-7fb7839fd000 ---p 00000000 00:00 0 
7fb7839fd000-7fb783afb000 rw-p 00000000 00:00 0 
7fb783afb000-7fb783afe000 ---p 00000000 00:00 0 
7fb783afe000-7fb783bfc000 rw-p 00000000 00:00 0 
7fb783bfc000-7fb783bff000 ---p 00000000 00:00 0 
7fb783bff000-7fb783cfd000 rw-p 00000000 00:00 0 
7fb783cfd000-7fb783d00000 ---p 00000000 00:00 0 
7fb783d00000-7fb783dfe000 rw-p 00000000 00:00 0 
7fb783dfe000-7fb783e01000 ---p 00000000 00:00 0 
7fb783e01000-7fb783eff000 rw-p 00000000 00:00 0 
7fb783eff000-7fb783f02000 ---p 00000000 00:00 0 
7fb783f02000-7fb784000000 rw-p 00000000 00:00 0 
7fb784000000-7fb784021000 rw-p 00000000 00:00 0 
7fb784021000-7fb788000000 ---p 00000000 00:00 0 
7fb788000000-7fb788021000 rw-p 00000000 00:00 0 
7fb788021000-7fb78c000000 ---p 00000000 00:00 0 
7fb78c000000-7fb78c021000 rw-p 00000000 00:00 0 
7fb78c021000-7fb790000000 ---p 00000000 00:00 0 
7fb790000000-7fb790021000 rw-p 00000000 00:00 0 
7fb790021000-7fb794000000 ---p 00000000 00:00 0 
7fb794000000-7fb794021000 rw-p 00000000 00:00 0 
7fb794021000-7fb798000000 ---p 00000000 00:00 0 
7fb798000000-7fb798fb0000 rw-p 00000000 00:00 0 
7fb798fb0000-7fb79c000000 ---p 00000000 00:00 0 
7fb79c09b000-7fb79c0ae000 r--s 00345000 08:01 2756119                    /usr/lib/jvm/jdk1.8.0_181/jre/lib/resources.jar
7fb79c0ae000-7fb79c0b1000 ---p 00000000 00:00 0 
7fb79c0b1000-7fb79c1af000 rw-p 00000000 00:00 0 
7fb79c1af000-7fb79c1b2000 ---p 00000000 00:00 0 
7fb79c1b2000-7fb79c2b0000 rw-p 00000000 00:00 0 
7fb79c2b0000-7fb79c2b3000 ---p 00000000 00:00 0 
7fb79c2b3000-7fb79c3b1000 rw-p 00000000 00:00 0 
7fb79c3b1000-7fb79c3b4000 ---p 00000000 00:00 0 
7fb79c3b4000-7fb79c4b2000 rw-p 00000000 00:00 0 
7fb79c4b2000-7fb79c4b5000 ---p 00000000 00:00 0 
7fb79c4b5000-7fb79c7b3000 rw-p 00000000 00:00 0 
7fb79c7b3000-7fb79c7b6000 ---p 00000000 00:00 0 
7fb79c7b6000-7fb79c8b4000 rw-p 00000000 00:00 0 
7fb79c8b4000-7fb79c8b7000 ---p 00000000 00:00 0 
7fb79c8b7000-7fb79c9b5000 rw-p 00000000 00:00 0 
7fb79c9b5000-7fb79c9b8000 ---p 00000000 00:00 0 
7fb79c9b8000-7fb79fab7000 rw-p 00000000 00:00 0 
7fb79fab7000-7fb79facd000 r-xp 00000000 08:01 2756237                    /usr/lib/jvm/jdk1.8.0_181/jre/lib/amd64/libnet.so
7fb79facd000-7fb79fccd000 ---p 00016000 08:01 2756237                    /usr/lib/jvm/jdk1.8.0_181/jre/lib/amd64/libnet.so
7fb79fccd000-7fb79fcce000 rw-p 00016000 08:01 2756237                    /usr/lib/jvm/jdk1.8.0_181/jre/lib/amd64/libnet.so
7fb79fcce000-7fb79feff000 r--s 01bb1000 08:01 1706762                    /home/whj/dowork/DiffTGen/lib/evosuite-1.0.6.jar
7fb79feff000-7fb79ff00000 ---p 00000000 00:00 0 
7fb79ff00000-7fb7a0000000 rw-p 00000000 00:00 0 
7fb7a0000000-7fb7a0021000 rw-p 00000000 00:00 0 
7fb7a0021000-7fb7a4000000 ---p 00000000 00:00 0 
7fb7a4000000-7fb7a5a60000 rw-p 00000000 00:00 0 
7fb7a5a60000-7fb7a8000000 ---p 00000000 00:00 0 
7fb7a8000000-7fb7a8021000 rw-p 00000000 00:00 0 
7fb7a8021000-7fb7ac000000 ---p 00000000 00:00 0 
7fb7ac000000-7fb7ac03c000 rw-p 00000000 00:00 0 
7fb7ac03c000-7fb7b0000000 ---p 00000000 00:00 0 
7fb7b0000000-7fb7b0496000 rw-p 00000000 00:00 0 
7fb7b0496000-7fb7b4000000 ---p 00000000 00:00 0 
7fb7b4000000-7fb7b4292000 rw-p 00000000 00:00 0 
7fb7b4292000-7fb7b8000000 ---p 00000000 00:00 0 
7fb7b8000000-7fb7b8021000 rw-p 00000000 00:00 0 
7fb7b8021000-7fb7bc000000 ---p 00000000 00:00 0 
7fb7bc009000-7fb7bc00c000 ---p 00000000 00:00 0 
7fb7bc00c000-7fb7bc10a000 rw-p 00000000 00:00 0 
7fb7bc10a000-7fb7bc10d000 ---p 00000000 00:00 0 
7fb7bc10d000-7fb7bc20b000 rw-p 00000000 00:00 0 
7fb7bc20b000-7fb7bc20e000 ---p 00000000 00:00 0 
7fb7bc20e000-7fb7bc30c000 rw-p 00000000 00:00 0 
7fb7bc30c000-7fb7bc30f000 ---p 00000000 00:00 0 
7fb7bc30f000-7fb7bc40d000 rw-p 00000000 00:00 0 
7fb7bc40d000-7fb7bcdcc000 r--p 00000000 08:01 1316108                    /usr/lib/locale/locale-archive
7fb7bcdcc000-7fb7bcdcf000 ---p 00000000 00:00 0 
7fb7bcdcf000-7fb7bcecd000 rw-p 00000000 00:00 0 
7fb7bcecd000-7fb7bced0000 ---p 00000000 00:00 0 
7fb7bced0000-7fb7bcfce000 rw-p 00000000 00:00 0 
7fb7bcfce000-7fb7bcfcf000 ---p 00000000 00:00 0 
7fb7bcfcf000-7fb7c1000000 rw-p 00000000 00:00 0 
7fb7c1000000-7fb7c1880000 rwxp 00000000 00:00 0 
7fb7c1880000-7fb7d0000000 ---p 00000000 00:00 0 
7fb7d0000000-7fb7d046c000 rw-p 00000000 00:00 0 
7fb7d046c000-7fb7d4000000 ---p 00000000 00:00 0 
7fb7d4007000-7fb7d4023000 r--s 00393000 08:01 2756136                    /usr/lib/jvm/jdk1.8.0_181/jre/lib/ext/cldrdata.jar
7fb7d4023000-7fb7d4026000 ---p 00000000 00:00 0 
7fb7d4026000-7fb7d405c000 rw-p 00000000 00:00 0 
7fb7d405c000-7fb7d406e000 r--s 00169000 08:01 3033071                    /home/whj/dowork/DiffTGen/extra_output/Chart_1_1-plausible_sketchfix/target/build/classes/all0.jar
7fb7d406e000-7fb7d40e7000 r--s 010f9000 08:01 1448503                    /usr/lib/jvm/jdk1.8.0_181/lib/tools.jar
7fb7d40e7000-7fb7d48ef000 rw-p 00000000 00:00 0 
7fb7d48ef000-7fb7d4ac9000 r--s 03d6b000 08:01 2756084                    /usr/lib/jvm/jdk1.8.0_181/jre/lib/rt.jar
7fb7d4ac9000-7fb7d5722000 rw-p 00000000 00:00 0 
7fb7d5722000-7fb7d5723000 ---p 00000000 00:00 0 
7fb7d5723000-7fb7d5823000 rw-p 00000000 00:00 0 
7fb7d5823000-7fb7d5824000 ---p 00000000 00:00 0 
7fb7d5824000-7fb7d594e000 rw-p 00000000 00:00 0 
7fb7d594e000-7fb7d5bbc000 ---p 00000000 00:00 0 
7fb7d5bbc000-7fb7d5be6000 rw-p 00000000 00:00 0 
7fb7d5be6000-7fb7d5e53000 ---p 00000000 00:00 0 
7fb7d5e53000-7fb7d5e9d000 rw-p 00000000 00:00 0 
7fb7d5e9d000-7fb7d5f9f000 ---p 00000000 00:00 0 
7fb7d5f9f000-7fb7d5fc2000 rw-p 00000000 00:00 0 
7fb7d5fc2000-7fb7d6360000 ---p 00000000 00:00 0 
7fb7d6360000-7fb7d637b000 r-xp 00000000 08:01 2756233                    /usr/lib/jvm/jdk1.8.0_181/jre/lib/amd64/libzip.so
7fb7d637b000-7fb7d657b000 ---p 0001b000 08:01 2756233                    /usr/lib/jvm/jdk1.8.0_181/jre/lib/amd64/libzip.so
7fb7d657b000-7fb7d657c000 rw-p 0001b000 08:01 2756233                    /usr/lib/jvm/jdk1.8.0_181/jre/lib/amd64/libzip.so
7fb7d657c000-7fb7d6587000 r-xp 00000000 08:01 1054188                    /lib/x86_64-linux-gnu/libnss_files-2.23.so
7fb7d6587000-7fb7d6786000 ---p 0000b000 08:01 1054188                    /lib/x86_64-linux-gnu/libnss_files-2.23.so
7fb7d6786000-7fb7d6787000 r--p 0000a000 08:01 1054188                    /lib/x86_64-linux-gnu/libnss_files-2.23.so
7fb7d6787000-7fb7d6788000 rw-p 0000b000 08:01 1054188                    /lib/x86_64-linux-gnu/libnss_files-2.23.so
7fb7d6788000-7fb7d678e000 rw-p 00000000 00:00 0 
7fb7d678e000-7fb7d6799000 r-xp 00000000 08:01 1054198                    /lib/x86_64-linux-gnu/libnss_nis-2.23.so
7fb7d6799000-7fb7d6998000 ---p 0000b000 08:01 1054198                    /lib/x86_64-linux-gnu/libnss_nis-2.23.so
7fb7d6998000-7fb7d6999000 r--p 0000a000 08:01 1054198                    /lib/x86_64-linux-gnu/libnss_nis-2.23.so
7fb7d6999000-7fb7d699a000 rw-p 0000b000 08:01 1054198                    /lib/x86_64-linux-gnu/libnss_nis-2.23.so
7fb7d699a000-7fb7d69b0000 r-xp 00000000 08:01 1054182                    /lib/x86_64-linux-gnu/libnsl-2.23.so
7fb7d69b0000-7fb7d6baf000 ---p 00016000 08:01 1054182                    /lib/x86_64-linux-gnu/libnsl-2.23.so
7fb7d6baf000-7fb7d6bb0000 r--p 00015000 08:01 1054182                    /lib/x86_64-linux-gnu/libnsl-2.23.so
7fb7d6bb0000-7fb7d6bb1000 rw-p 00016000 08:01 1054182                    /lib/x86_64-linux-gnu/libnsl-2.23.so
7fb7d6bb1000-7fb7d6bb3000 rw-p 00000000 00:00 0 
7fb7d6bb3000-7fb7d6bbb000 r-xp 00000000 08:01 1054184                    /lib/x86_64-linux-gnu/libnss_compat-2.23.so
7fb7d6bbb000-7fb7d6dba000 ---p 00008000 08:01 1054184                    /lib/x86_64-linux-gnu/libnss_compat-2.23.so
7fb7d6dba000-7fb7d6dbb000 r--p 00007000 08:01 1054184                    /lib/x86_64-linux-gnu/libnss_compat-2.23.so
7fb7d6dbb000-7fb7d6dbc000 rw-p 00008000 08:01 1054184                    /lib/x86_64-linux-gnu/libnss_compat-2.23.so
7fb7d6dbc000-7fb7d6de7000 r-xp 00000000 08:01 2756227                    /usr/lib/jvm/jdk1.8.0_181/jre/lib/amd64/libjava.so
7fb7d6de7000-7fb7d6fe6000 ---p 0002b000 08:01 2756227                    /usr/lib/jvm/jdk1.8.0_181/jre/lib/amd64/libjava.so
7fb7d6fe6000-7fb7d6fe8000 rw-p 0002a000 08:01 2756227                    /usr/lib/jvm/jdk1.8.0_181/jre/lib/amd64/libjava.so
7fb7d6fe8000-7fb7d6ff5000 r-xp 00000000 08:01 2756232                    /usr/lib/jvm/jdk1.8.0_181/jre/lib/amd64/libverify.so
7fb7d6ff5000-7fb7d71f5000 ---p 0000d000 08:01 2756232                    /usr/lib/jvm/jdk1.8.0_181/jre/lib/amd64/libverify.so
7fb7d71f5000-7fb7d71f7000 rw-p 0000d000 08:01 2756232                    /usr/lib/jvm/jdk1.8.0_181/jre/lib/amd64/libverify.so
7fb7d71f7000-7fb7d71fe000 r-xp 00000000 08:01 1054243                    /lib/x86_64-linux-gnu/librt-2.23.so
7fb7d71fe000-7fb7d73fd000 ---p 00007000 08:01 1054243                    /lib/x86_64-linux-gnu/librt-2.23.so
7fb7d73fd000-7fb7d73fe000 r--p 00006000 08:01 1054243                    /lib/x86_64-linux-gnu/librt-2.23.so
7fb7d73fe000-7fb7d73ff000 rw-p 00007000 08:01 1054243                    /lib/x86_64-linux-gnu/librt-2.23.so
7fb7d73ff000-7fb7d7507000 r-xp 00000000 08:01 1054159                    /lib/x86_64-linux-gnu/libm-2.23.so
7fb7d7507000-7fb7d7706000 ---p 00108000 08:01 1054159                    /lib/x86_64-linux-gnu/libm-2.23.so
7fb7d7706000-7fb7d7707000 r--p 00107000 08:01 1054159                    /lib/x86_64-linux-gnu/libm-2.23.so
7fb7d7707000-7fb7d7708000 rw-p 00108000 08:01 1054159                    /lib/x86_64-linux-gnu/libm-2.23.so
7fb7d7708000-7fb7d83e4000 r-xp 00000000 08:01 2756209                    /usr/lib/jvm/jdk1.8.0_181/jre/lib/amd64/server/libjvm.so
7fb7d83e4000-7fb7d85e4000 ---p 00cdc000 08:01 2756209                    /usr/lib/jvm/jdk1.8.0_181/jre/lib/amd64/server/libjvm.so
7fb7d85e4000-7fb7d86be000 rw-p 00cdc000 08:01 2756209                    /usr/lib/jvm/jdk1.8.0_181/jre/lib/amd64/server/libjvm.so
7fb7d86be000-7fb7d8709000 rw-p 00000000 00:00 0 
7fb7d8709000-7fb7d88c9000 r-xp 00000000 08:01 1054089                    /lib/x86_64-linux-gnu/libc-2.23.so
7fb7d88c9000-7fb7d8ac9000 ---p 001c0000 08:01 1054089                    /lib/x86_64-linux-gnu/libc-2.23.so
7fb7d8ac9000-7fb7d8acd000 r--p 001c0000 08:01 1054089                    /lib/x86_64-linux-gnu/libc-2.23.so
7fb7d8acd000-7fb7d8acf000 rw-p 001c4000 08:01 1054089                    /lib/x86_64-linux-gnu/libc-2.23.so
7fb7d8acf000-7fb7d8ad3000 rw-p 00000000 00:00 0 
7fb7d8ad3000-7fb7d8ad6000 r-xp 00000000 08:01 1054113                    /lib/x86_64-linux-gnu/libdl-2.23.so
7fb7d8ad6000-7fb7d8cd5000 ---p 00003000 08:01 1054113                    /lib/x86_64-linux-gnu/libdl-2.23.so
7fb7d8cd5000-7fb7d8cd6000 r--p 00002000 08:01 1054113                    /lib/x86_64-linux-gnu/libdl-2.23.so
7fb7d8cd6000-7fb7d8cd7000 rw-p 00003000 08:01 1054113                    /lib/x86_64-linux-gnu/libdl-2.23.so
7fb7d8cd7000-7fb7d8ced000 r-xp 00000000 08:01 1449032                    /usr/lib/jvm/jdk1.8.0_181/lib/amd64/jli/libjli.so
7fb7d8ced000-7fb7d8eec000 ---p 00016000 08:01 1449032                    /usr/lib/jvm/jdk1.8.0_181/lib/amd64/jli/libjli.so
7fb7d8eec000-7fb7d8eed000 rw-p 00015000 08:01 1449032                    /usr/lib/jvm/jdk1.8.0_181/lib/amd64/jli/libjli.so
7fb7d8eed000-7fb7d8f05000 r-xp 00000000 08:01 1054235                    /lib/x86_64-linux-gnu/libpthread-2.23.so
7fb7d8f05000-7fb7d9104000 ---p 00018000 08:01 1054235                    /lib/x86_64-linux-gnu/libpthread-2.23.so
7fb7d9104000-7fb7d9105000 r--p 00017000 08:01 1054235                    /lib/x86_64-linux-gnu/libpthread-2.23.so
7fb7d9105000-7fb7d9106000 rw-p 00018000 08:01 1054235                    /lib/x86_64-linux-gnu/libpthread-2.23.so
7fb7d9106000-7fb7d910a000 rw-p 00000000 00:00 0 
7fb7d910a000-7fb7d9130000 r-xp 00000000 08:01 1054061                    /lib/x86_64-linux-gnu/ld-2.23.so
7fb7d9136000-7fb7d9140000 r--s 00116000 08:01 2756143                    /usr/lib/jvm/jdk1.8.0_181/jre/lib/ext/localedata.jar
7fb7d9140000-7fb7d9211000 rw-p 00000000 00:00 0 
7fb7d9211000-7fb7d9214000 ---p 00000000 00:00 0 
7fb7d9214000-7fb7d9317000 rw-p 00000000 00:00 0 
7fb7d9317000-7fb7d931c000 r--s 0009d000 08:01 2756133                    /usr/lib/jvm/jdk1.8.0_181/jre/lib/jsse.jar
7fb7d931c000-7fb7d9324000 r--s 0006e000 08:01 2248917                    /home/whj/dowork/DiffTGen/lib/commons-lang3-3.5.jar
7fb7d9324000-7fb7d9325000 r--s 00000000 08:01 2248922                    /home/whj/dowork/DiffTGen/lib/myprinter.jar
7fb7d9325000-7fb7d932d000 rw-s 00000000 08:01 1984666                    /tmp/hsperfdata_whj/51192
7fb7d932d000-7fb7d932e000 rw-p 00000000 00:00 0 
7fb7d932e000-7fb7d932f000 ---p 00000000 00:00 0 
7fb7d932f000-7fb7d9330000 r--p 00025000 08:01 1054061                    /lib/x86_64-linux-gnu/ld-2.23.so
7fb7d9330000-7fb7d9331000 rw-p 00026000 08:01 1054061                    /lib/x86_64-linux-gnu/ld-2.23.so
7fb7d9331000-7fb7d9332000 rw-p 00000000 00:00 0 
7ffd1d58a000-7ffd1d5ac000 rw-p 00000000 00:00 0                          [stack]
7ffd1d5bb000-7ffd1d5be000 r--p 00000000 00:00 0                          [vvar]
7ffd1d5be000-7ffd1d5c0000 r-xp 00000000 00:00 0                          [vdso]
ffffffffff600000-ffffffffff601000 r-xp 00000000 00:00 0                  [vsyscall]

VM Arguments:
java_command: /home/whj/dowork/DiffTGen/lib/evosuite-1.0.6.jar -base_dir /home/whj/dowork/DiffTGen/extra_output/Chart_1_1-plausible_sketchfix/target/0/0 -projectCP /home/whj/dowork/DiffTGen/extra_output/Chart_1_1-plausible_sketchfix/target/build/classes/all0.jar:/home/whj/dowork/DiffTGen/lib/myprinter.jar:/home/whj/dowork/DiffTGen/lib/commons-lang3-3.5.jar -class org.jfree.chart.renderer.category.AbstractCategoryItemRenderer -Dassertions=false -Dsearch_budget=60
java_class_path (initial): /home/whj/dowork/DiffTGen/lib/evosuite-1.0.6.jar
Launcher Type: SUN_STANDARD

Environment Variables:
JAVA_HOME=/usr/lib/jvm/jdk1.8.0_181
JRE_HOME=/usr/lib/jvm/jdk1.8.0_181/jre
CLASSPATH=.:/usr/lib/jvm/jdk1.8.0_181/lib:/usr/lib/jvm/jdk1.8.0_181/jre/lib
PATH=/home/whj/perl5/bin:/home/whj/dowork/defects4j-1.2.0/framework/bin:/usr/lib/jvm/jdk1.8.0_181/bin:/usr/lib/jvm/jdk1.8.0_181/jre/bin:/home/whj/bin:/home/whj/.local/bin:/usr/local/sbin:/usr/local/bin:/usr/sbin:/usr/bin:/sbin:/bin:/usr/games:/usr/local/games" :/snap/bin:/home/whj/bin
SHELL=/bin/bash
DISPLAY=:0

Signal Handlers:
SIGSEGV: [libjvm.so+0xad2a40], sa_mask[0]=11111111011111111101111111111110, sa_flags=SA_RESTART|SA_SIGINFO
SIGBUS: [libjvm.so+0xad2a40], sa_mask[0]=11111111011111111101111111111110, sa_flags=SA_RESTART|SA_SIGINFO
SIGFPE: [libjvm.so+0x92a610], sa_mask[0]=11111111011111111101111111111110, sa_flags=SA_RESTART|SA_SIGINFO
SIGPIPE: [libjvm.so+0x92a610], sa_mask[0]=11111111011111111101111111111110, sa_flags=SA_RESTART|SA_SIGINFO
SIGXFSZ: [libjvm.so+0x92a610], sa_mask[0]=11111111011111111101111111111110, sa_flags=SA_RESTART|SA_SIGINFO
SIGILL: [libjvm.so+0x92a610], sa_mask[0]=11111111011111111101111111111110, sa_flags=SA_RESTART|SA_SIGINFO
SIGUSR1: SIG_DFL, sa_mask[0]=00000000000000000000000000000000, sa_flags=none
SIGUSR2: [libjvm.so+0x92be70], sa_mask[0]=00100000000000000000000000000000, sa_flags=SA_RESTART|SA_SIGINFO
SIGHUP: [libjvm.so+0x92d270], sa_mask[0]=11111111011111111101111111111110, sa_flags=SA_RESTART|SA_SIGINFO
SIGINT: [libjvm.so+0x92d270], sa_mask[0]=11111111011111111101111111111110, sa_flags=SA_RESTART|SA_SIGINFO
SIGTERM: [libjvm.so+0x92d270], sa_mask[0]=11111111011111111101111111111110, sa_flags=SA_RESTART|SA_SIGINFO
SIGQUIT: [libjvm.so+0x92d270], sa_mask[0]=11111111011111111101111111111110, sa_flags=SA_RESTART|SA_SIGINFO


---------------  S Y S T E M  ---------------

OS:DISTRIB_ID=Ubuntu
DISTRIB_RELEASE=16.04
DISTRIB_CODENAME=xenial
DISTRIB_DESCRIPTION="Ubuntu 16.04.6 LTS"

uname:Linux 4.15.0-91-generic #92~16.04.1-Ubuntu SMP Fri Feb 28 14:57:22 UTC 2020 x86_64
libc:glibc 2.23 NPTL 2.23 
rlimit: STACK 8192k, CORE 0k, NPROC 31576, NOFILE 1048576, AS infinity
load average:18.73 15.22 14.67

/proc/meminfo:
MemTotal:        8144704 kB
MemFree:          106028 kB
MemAvailable:          0 kB
Buffers:             148 kB
Cached:            12844 kB
SwapCached:         2164 kB
Active:          6739724 kB
Inactive:         845652 kB
Active(anon):    6732724 kB
Inactive(anon):   841488 kB
Active(file):       7000 kB
Inactive(file):     4164 kB
Unevictable:          32 kB
Mlocked:              32 kB
SwapTotal:        998396 kB
SwapFree:             12 kB
Dirty:               228 kB
Writeback:           408 kB
AnonPages:       7570912 kB
Mapped:            12268 kB
Shmem:              1748 kB
Slab:              88648 kB
SReclaimable:      31600 kB
SUnreclaim:        57048 kB
KernelStack:       14016 kB
PageTables:        47580 kB
NFS_Unstable:          0 kB
Bounce:                0 kB
WritebackTmp:          0 kB
CommitLimit:     5070748 kB
Committed_AS:   13564620 kB
VmallocTotal:   34359738367 kB
VmallocUsed:           0 kB
VmallocChunk:          0 kB
HardwareCorrupted:     0 kB
AnonHugePages:         0 kB
ShmemHugePages:        0 kB
ShmemPmdMapped:        0 kB
CmaTotal:              0 kB
CmaFree:               0 kB
HugePages_Total:       0
HugePages_Free:        0
HugePages_Rsvd:        0
HugePages_Surp:        0
Hugepagesize:       2048 kB
DirectMap4k:      126784 kB
DirectMap2M:     7213056 kB
DirectMap1G:     3145728 kB


CPU:total 2 (initial active 2) (2 cores per cpu, 1 threads per core) family 6 model 158 stepping 10, cmov, cx8, fxsr, mmx, sse, sse2, sse3, ssse3, sse4.1, sse4.2, popcnt, avx, avx2, aes, clmul, erms, 3dnowpref, lzcnt, tsc, tscinvbit, bmi1, bmi2, adx

/proc/cpuinfo:
processor	: 0
vendor_id	: GenuineIntel
cpu family	: 6
model		: 158
model name	: Intel(R) Core(TM) i7-8750H CPU @ 2.20GHz
stepping	: 10
microcode	: 0x96
cpu MHz		: 2207.999
cache size	: 9216 KB
physical id	: 0
siblings	: 2
core id		: 0
cpu cores	: 2
apicid		: 0
initial apicid	: 0
fpu		: yes
fpu_exception	: yes
cpuid level	: 22
wp		: yes
flags		: fpu vme de pse tsc msr pae mce cx8 apic sep mtrr pge mca cmov pat pse36 clflush mmx fxsr sse sse2 ss ht syscall nx pdpe1gb rdtscp lm constant_tsc arch_perfmon nopl xtopology tsc_reliable nonstop_tsc cpuid pni pclmulqdq ssse3 fma cx16 pcid sse4_1 sse4_2 x2apic movbe popcnt tsc_deadline_timer aes xsave avx f16c rdrand hypervisor lahf_lm abm 3dnowprefetch cpuid_fault invpcid_single pti ssbd ibrs ibpb stibp fsgsbase tsc_adjust bmi1 avx2 smep bmi2 invpcid rdseed adx smap xsaveopt arat flush_l1d arch_capabilities
bugs		: cpu_meltdown spectre_v1 spectre_v2 spec_store_bypass l1tf mds swapgs itlb_multihit
bogomips	: 4415.99
clflush size	: 64
cache_alignment	: 64
address sizes	: 42 bits physical, 48 bits virtual
power management:

processor	: 1
vendor_id	: GenuineIntel
cpu family	: 6
model		: 158
model name	: Intel(R) Core(TM) i7-8750H CPU @ 2.20GHz
stepping	: 10
microcode	: 0x96
cpu MHz		: 2207.999
cache size	: 9216 KB
physical id	: 0
siblings	: 2
core id		: 1
cpu cores	: 2
apicid		: 1
initial apicid	: 1
fpu		: yes
fpu_exception	: yes
cpuid level	: 22
wp		: yes
flags		: fpu vme de pse tsc msr pae mce cx8 apic sep mtrr pge mca cmov pat pse36 clflush mmx fxsr sse sse2 ss ht syscall nx pdpe1gb rdtscp lm constant_tsc arch_perfmon nopl xtopology tsc_reliable nonstop_tsc cpuid pni pclmulqdq ssse3 fma cx16 pcid sse4_1 sse4_2 x2apic movbe popcnt tsc_deadline_timer aes xsave avx f16c rdrand hypervisor lahf_lm abm 3dnowprefetch cpuid_fault invpcid_single pti ssbd ibrs ibpb stibp fsgsbase tsc_adjust bmi1 avx2 smep bmi2 invpcid rdseed adx smap xsaveopt arat flush_l1d arch_capabilities
bugs		: cpu_meltdown spectre_v1 spectre_v2 spec_store_bypass l1tf mds swapgs itlb_multihit
bogomips	: 4415.99
clflush size	: 64
cache_alignment	: 64
address sizes	: 42 bits physical, 48 bits virtual
power management:



Memory: 4k page, physical 8144704k(106028k free), swap 998396k(12k free)

vm_info: Java HotSpot(TM) 64-Bit Server VM (25.181-b13) for linux-amd64 JRE (1.8.0_181-b13), built on Jul  7 2018 00:56:38 by "java_re" with gcc 4.3.0 20080428 (Red Hat 4.3.0-8)

time: Fri Mar 27 15:05:35 2020
elapsed time: 129 seconds (0d 0h 2m 9s)

