#
# There is insufficient memory for the Java Runtime Environment to continue.
# Native memory allocation (mmap) failed to map 65536 bytes for committing reserved memory.
# Possible reasons:
#   The system is out of physical RAM or swap space
#   In 32 bit mode, the process size limit was hit
# Possible solutions:
#   Reduce memory load on the system
#   Increase physical memory or swap space
#   Check if swap backing store is full
#   Use 64 bit Java on a 64 bit OS
#   Decrease Java heap size (-Xmx/-Xms)
#   Decrease number of Java threads
#   Decrease Java thread stack sizes (-Xss)
#   Set larger code cache with -XX:ReservedCodeCacheSize=
# This output file may be truncated or incomplete.
#
#  Out of Memory Error (os_linux.cpp:2640), pid=19452, tid=0x00007f8158708700
#
# JRE version: Java(TM) SE Runtime Environment (8.0_181-b13) (build 1.8.0_181-b13)
# Java VM: Java HotSpot(TM) 64-Bit Server VM (25.181-b13 mixed mode linux-amd64 compressed oops)
# Failed to write core dump. Core dumps have been disabled. To enable core dumping, try "ulimit -c unlimited" before starting Java again
#

---------------  T H R E A D  ---------------

Current thread (0x00007f815413c000):  JavaThread "C2 CompilerThread0" daemon [_thread_in_vm, id=19522, stack(0x00007f8158608000,0x00007f8158709000)]

Stack: [0x00007f8158608000,0x00007f8158709000],  sp=0x00007f8158705af0,  free space=1014k
Native frames: (J=compiled Java code, j=interpreted, Vv=VM code, C=native code)
V  [libjvm.so+0xad21aa]  VMError::report_and_die()+0x2ba
V  [libjvm.so+0x5022db]  report_vm_out_of_memory(char const*, int, unsigned long, VMErrorType, char const*)+0x8b
V  [libjvm.so+0x92fe33]  os::Linux::commit_memory_impl(char*, unsigned long, bool)+0x123
V  [libjvm.so+0x930059]  os::pd_commit_memory(char*, unsigned long, unsigned long, bool)+0x29
V  [libjvm.so+0x9272ba]  os::commit_memory(char*, unsigned long, unsigned long, bool)+0x2a
V  [libjvm.so+0xacde89]  VirtualSpace::expand_by(unsigned long, bool)+0x199
V  [libjvm.so+0x621ffc]  CodeHeap::expand_by(unsigned long)+0x8c
V  [libjvm.so+0x4860c0]  CodeCache::allocate(int, bool)+0x60
V  [libjvm.so+0x8f49dc]  nmethod::new_nmethod(methodHandle, int, int, CodeOffsets*, int, DebugInformationRecorder*, Dependencies*, CodeBuffer*, int, OopMapSet*, ExceptionHandlerTable*, ImplicitExceptionTable*, AbstractCompiler*, int)+0x1fc
V  [libjvm.so+0x41a0bb]  ciEnv::register_method(ciMethod*, int, CodeOffsets*, int, CodeBuffer*, int, OopMapSet*, ExceptionHandlerTable*, ImplicitExceptionTable*, AbstractCompiler*, int, bool, bool, RTMState)+0x42b
V  [libjvm.so+0x4ab5dd]  Compile::Compile(ciEnv*, C2Compiler*, ciMethod*, int, bool, bool, bool)+0x15ad
V  [libjvm.so+0x3f6775]  C2Compiler::compile_method(ciEnv*, ciMethod*, int)+0x1f5
V  [libjvm.so+0x4b5a5a]  CompileBroker::invoke_compiler_on_method(CompileTask*)+0xcba
V  [libjvm.so+0x4b6a06]  CompileBroker::compiler_thread_loop()+0x5d6
V  [libjvm.so+0xa813f3]  JavaThread::thread_main_inner()+0x103
V  [libjvm.so+0xa8153c]  JavaThread::run()+0x11c
V  [libjvm.so+0x930198]  java_start(Thread*)+0x108
C  [libpthread.so.0+0x76ba]  start_thread+0xca


Current CompileTask:
C2: 104986 1180   !   4       java.io.ObjectInputStream::readObject0 (566 bytes)


---------------  P R O C E S S  ---------------

Java Threads: ( => current thread )
  0x0000000001021000 JavaThread "RMI TCP Connection(5)-127.0.0.1" daemon [_thread_in_native, id=19907, stack(0x00007f811817f000,0x00007f8118280000)]
  0x000000000101f800 JavaThread "RMI TCP Connection(4)-127.0.0.1" daemon [_thread_blocked, id=19874, stack(0x00007f8107dfe000,0x00007f8107eff000)]
  0x00007f8130038000 JavaThread "RMI Scheduler(0)" daemon [_thread_blocked, id=19870, stack(0x00007f8107eff000,0x00007f8108000000)]
  0x00007f8130034800 JavaThread "RMI RenewClean-[127.0.0.1:14273]" daemon [_thread_blocked, id=19858, stack(0x00007f811807e000,0x00007f811817f000)]
  0x00007f8108005000 JavaThread "pool-3-thread-3" [_thread_in_native, id=19773, stack(0x00007f8118280000,0x00007f8118381000)]
  0x00007f8108003800 JavaThread "pool-3-thread-2" [_thread_in_native, id=19771, stack(0x00007f8118381000,0x00007f8118482000)]
  0x00007f8108002800 JavaThread "pool-3-thread-1" [_thread_in_native, id=19766, stack(0x00007f8118482000,0x00007f8118583000)]
  0x00007f8154474000 JavaThread "Thread-3" [_thread_in_native, id=19662, stack(0x00007f8118583000,0x00007f8118684000)]
  0x00007f8154472800 JavaThread "Thread-2" [_thread_in_native, id=19658, stack(0x00007f8118684000,0x00007f8118785000)]
  0x00007f8154471000 JavaThread "process reaper" daemon [_thread_in_native, id=19652, stack(0x00007f8158022000,0x00007f815805b000)]
  0x00007f815446d800 JavaThread "pool-2-thread-1" [_thread_in_native, id=19608, stack(0x00007f8118785000,0x00007f8118886000)]
  0x00007f815446b000 JavaThread "GC Daemon" daemon [_thread_blocked, id=19606, stack(0x00007f8118886000,0x00007f8118987000)]
  0x00007f8154466800 JavaThread "RMI Reaper" [_thread_blocked, id=19603, stack(0x00007f8118987000,0x00007f8118a88000)]
  0x00007f815445f800 JavaThread "RMI TCP Accept-18269" daemon [_thread_in_native, id=19600, stack(0x00007f8118a88000,0x00007f8118b89000)]
  0x00007f8154458000 JavaThread "RMI TCP Accept-4989" daemon [_thread_in_native, id=19597, stack(0x00007f8118b89000,0x00007f8118c8a000)]
  0x00007f81542fc000 JavaThread "logback-3" daemon [_thread_blocked, id=19567, stack(0x00007f81402f7000,0x00007f81403f8000)]
  0x00007f81542fa000 JavaThread "logback-2" daemon [_thread_blocked, id=19563, stack(0x00007f81403f8000,0x00007f81404f9000)]
  0x00007f81542f8800 JavaThread "logback-1" daemon [_thread_blocked, id=19561, stack(0x00007f81404f9000,0x00007f81405fa000)]
  0x00007f815414c000 JavaThread "Service Thread" daemon [_thread_blocked, id=19536, stack(0x00007f8158406000,0x00007f8158507000)]
  0x00007f815413f000 JavaThread "C1 CompilerThread1" daemon [_thread_blocked, id=19531, stack(0x00007f8158507000,0x00007f8158608000)]
=>0x00007f815413c000 JavaThread "C2 CompilerThread0" daemon [_thread_in_vm, id=19522, stack(0x00007f8158608000,0x00007f8158709000)]
  0x00007f815413a800 JavaThread "Signal Dispatcher" daemon [_thread_blocked, id=19510, stack(0x00007f8158709000,0x00007f815880a000)]
  0x00007f8154107800 JavaThread "Finalizer" daemon [_thread_blocked, id=19502, stack(0x00007f815880a000,0x00007f815890b000)]
  0x00007f8154105000 JavaThread "Reference Handler" daemon [_thread_blocked, id=19494, stack(0x00007f815890b000,0x00007f8158a0c000)]
  0x00007f815400a800 JavaThread "main" [_thread_in_native, id=19457, stack(0x00007f815dd38000,0x00007f815de39000)]

Other Threads:
  0x00007f81540fb800 VMThread [stack: 0x00007f8158a0c000,0x00007f8158b0d000] [id=19486]
  0x00007f8154151000 WatcherThread [stack: 0x00007f8158305000,0x00007f8158406000] [id=19544]

VM state:not at safepoint (normal execution)

VM Mutex/Monitor currently owned by a thread:  ([mutex/lock_event])
[0x00007f8154006040] CodeCache_lock - owner thread: 0x00007f815413c000
[0x00007f81540076c0] Compile_lock - owner thread: 0x00007f815413c000
[0x00007f81540077c0] MethodCompileQueue_lock - owner thread: 0x00007f815413c000

Heap:
 PSYoungGen      total 37888K, used 13698K [0x00000000d6900000, 0x00000000d9300000, 0x0000000100000000)
  eden space 32768K, 41% used [0x00000000d6900000,0x00000000d76608f8,0x00000000d8900000)
  from space 5120K, 0% used [0x00000000d8e00000,0x00000000d8e00000,0x00000000d9300000)
  to   space 5120K, 0% used [0x00000000d8900000,0x00000000d8900000,0x00000000d8e00000)
 ParOldGen       total 86016K, used 10626K [0x0000000083a00000, 0x0000000088e00000, 0x00000000d6900000)
  object space 86016K, 12% used [0x0000000083a00000,0x0000000084460ab8,0x0000000088e00000)
 Metaspace       used 12777K, capacity 13166K, committed 13184K, reserved 1060864K
  class space    used 1517K, capacity 1651K, committed 1664K, reserved 1048576K

Card table byte_map: [0x00007f815a6e3000,0x00007f815aac7000] byte_map_base: 0x00007f815a2c6000

Marking Bits: (ParMarkBitMap*) 0x00007f815d2030a0
 Begin Bits: [0x00007f81411d0000, 0x00007f81430e8000)
 End Bits:   [0x00007f81430e8000, 0x00007f8145000000)

Polling page: 0x00007f815de55000

CodeCache: size=245760Kb used=4131Kb max_used=4131Kb free=241628Kb
 bounds [0x00007f8145000000, 0x00007f8145410000, 0x00007f8154000000]
 total_blobs=1549 nmethods=1212 adapters=248
 compilation: enabled

Compilation events (10 events):
Event: 102.819 Thread 0x00007f815413f000 1217       3       java.lang.ClassLoader::findLoadedClass (16 bytes)
Event: 102.819 Thread 0x00007f815413f000 nmethod 1217 0x00007f8145401e50 code [0x00007f8145401fe0, 0x00007f8145402218]
Event: 102.882 Thread 0x00007f815413f000 1218       3       java.lang.Thread::getContextClassLoader (32 bytes)
Event: 102.883 Thread 0x00007f815413f000 nmethod 1218 0x00007f81454022d0 code [0x00007f81454024c0, 0x00007f8145402d98]
Event: 102.918 Thread 0x00007f815413f000 1219       3       java.lang.reflect.Constructor::setConstructorAccessor (21 bytes)
Event: 102.919 Thread 0x00007f815413f000 nmethod 1219 0x00007f8145403190 code [0x00007f8145403300, 0x00007f81454036a8]
Event: 102.993 Thread 0x00007f815413f000 1220       3       java.lang.Class::newReflectionData (74 bytes)
Event: 102.995 Thread 0x00007f815413f000 nmethod 1220 0x00007f81454037d0 code [0x00007f81454039c0, 0x00007f8145404370]
Event: 103.366 Thread 0x00007f815413f000 1221       3       org.evosuite.shaded.org.objectweb.asm.ClassReader::readUnsignedShort (26 bytes)
Event: 103.366 Thread 0x00007f815413f000 nmethod 1221 0x00007f8145404750 code [0x00007f81454048c0, 0x00007f8145404a70]

GC Heap History (6 events):
Event: 2.576 GC heap before
{Heap before GC invocations=1 (full 0):
 PSYoungGen      total 37888K, used 32768K [0x00000000d6900000, 0x00000000d9300000, 0x0000000100000000)
  eden space 32768K, 100% used [0x00000000d6900000,0x00000000d8900000,0x00000000d8900000)
  from space 5120K, 0% used [0x00000000d8e00000,0x00000000d8e00000,0x00000000d9300000)
  to   space 5120K, 0% used [0x00000000d8900000,0x00000000d8900000,0x00000000d8e00000)
 ParOldGen       total 86016K, used 0K [0x0000000083a00000, 0x0000000088e00000, 0x00000000d6900000)
  object space 86016K, 0% used [0x0000000083a00000,0x0000000083a00000,0x0000000088e00000)
 Metaspace       used 8366K, capacity 8486K, committed 8704K, reserved 1056768K
  class space    used 1004K, capacity 1012K, committed 1024K, reserved 1048576K
Event: 2.589 GC heap after
Heap after GC invocations=1 (full 0):
 PSYoungGen      total 37888K, used 5088K [0x00000000d6900000, 0x00000000d9300000, 0x0000000100000000)
  eden space 32768K, 0% used [0x00000000d6900000,0x00000000d6900000,0x00000000d8900000)
  from space 5120K, 99% used [0x00000000d8900000,0x00000000d8df8050,0x00000000d8e00000)
  to   space 5120K, 0% used [0x00000000d8e00000,0x00000000d8e00000,0x00000000d9300000)
 ParOldGen       total 86016K, used 1749K [0x0000000083a00000, 0x0000000088e00000, 0x00000000d6900000)
  object space 86016K, 2% used [0x0000000083a00000,0x0000000083bb5400,0x0000000088e00000)
 Metaspace       used 8366K, capacity 8486K, committed 8704K, reserved 1056768K
  class space    used 1004K, capacity 1012K, committed 1024K, reserved 1048576K
}
Event: 3.523 GC heap before
{Heap before GC invocations=2 (full 0):
 PSYoungGen      total 37888K, used 33966K [0x00000000d6900000, 0x00000000d9300000, 0x0000000100000000)
  eden space 32768K, 88% used [0x00000000d6900000,0x00000000d8533a18,0x00000000d8900000)
  from space 5120K, 99% used [0x00000000d8900000,0x00000000d8df8050,0x00000000d8e00000)
  to   space 5120K, 0% used [0x00000000d8e00000,0x00000000d8e00000,0x00000000d9300000)
 ParOldGen       total 86016K, used 1749K [0x0000000083a00000, 0x0000000088e00000, 0x00000000d6900000)
  object space 86016K, 2% used [0x0000000083a00000,0x0000000083bb5400,0x0000000088e00000)
 Metaspace       used 10254K, capacity 10412K, committed 10624K, reserved 1058816K
  class space    used 1237K, capacity 1319K, committed 1408K, reserved 1048576K
Event: 3.580 GC heap after
Heap after GC invocations=2 (full 0):
 PSYoungGen      total 37888K, used 5104K [0x00000000d6900000, 0x00000000d9300000, 0x0000000100000000)
  eden space 32768K, 0% used [0x00000000d6900000,0x00000000d6900000,0x00000000d8900000)
  from space 5120K, 99% used [0x00000000d8e00000,0x00000000d92fc030,0x00000000d9300000)
  to   space 5120K, 0% used [0x00000000d8900000,0x00000000d8900000,0x00000000d8e00000)
 ParOldGen       total 86016K, used 7020K [0x0000000083a00000, 0x0000000088e00000, 0x00000000d6900000)
  object space 86016K, 8% used [0x0000000083a00000,0x00000000840db168,0x0000000088e00000)
 Metaspace       used 10254K, capacity 10412K, committed 10624K, reserved 1058816K
  class space    used 1237K, capacity 1319K, committed 1408K, reserved 1048576K
}
Event: 3.580 GC heap before
{Heap before GC invocations=3 (full 1):
 PSYoungGen      total 37888K, used 5104K [0x00000000d6900000, 0x00000000d9300000, 0x0000000100000000)
  eden space 32768K, 0% used [0x00000000d6900000,0x00000000d6900000,0x00000000d8900000)
  from space 5120K, 99% used [0x00000000d8e00000,0x00000000d92fc030,0x00000000d9300000)
  to   space 5120K, 0% used [0x00000000d8900000,0x00000000d8900000,0x00000000d8e00000)
 ParOldGen       total 86016K, used 7020K [0x0000000083a00000, 0x0000000088e00000, 0x00000000d6900000)
  object space 86016K, 8% used [0x0000000083a00000,0x00000000840db168,0x0000000088e00000)
 Metaspace       used 10254K, capacity 10412K, committed 10624K, reserved 1058816K
  class space    used 1237K, capacity 1319K, committed 1408K, reserved 1048576K
Event: 3.749 GC heap after
Heap after GC invocations=3 (full 1):
 PSYoungGen      total 37888K, used 0K [0x00000000d6900000, 0x00000000d9300000, 0x0000000100000000)
  eden space 32768K, 0% used [0x00000000d6900000,0x00000000d6900000,0x00000000d8900000)
  from space 5120K, 0% used [0x00000000d8e00000,0x00000000d8e00000,0x00000000d9300000)
  to   space 5120K, 0% used [0x00000000d8900000,0x00000000d8900000,0x00000000d8e00000)
 ParOldGen       total 86016K, used 10626K [0x0000000083a00000, 0x0000000088e00000, 0x00000000d6900000)
  object space 86016K, 12% used [0x0000000083a00000,0x0000000084460ab8,0x0000000088e00000)
 Metaspace       used 10246K, capacity 10402K, committed 10624K, reserved 1058816K
  class space    used 1236K, capacity 1317K, committed 1408K, reserved 1048576K
}

Deoptimization events (8 events):
Event: 2.131 Thread 0x00007f815400a800 Uncommon trap: reason=unstable_if action=reinterpret pc=0x00007f814514c474 method=java.lang.String.startsWith(Ljava/lang/String;I)Z @ 25
Event: 3.330 Thread 0x00007f815400a800 Uncommon trap: reason=unstable_if action=reinterpret pc=0x00007f81451ff90c method=java.lang.String.indexOf([CII[CIII)I @ 3
Event: 6.581 Thread 0x00007f8100001800 Uncommon trap: reason=unstable_if action=reinterpret pc=0x00007f81451e23cc method=sun.misc.MetaIndex.mayContain(Ljava/lang/String;)Z @ 38
Event: 100.993 Thread 0x000000000101f800 Uncommon trap: reason=bimorphic action=maybe_recompile pc=0x00007f8145269494 method=java.util.HashMap.putVal(ILjava/lang/Object;Ljava/lang/Object;ZZ)Ljava/lang/Object; @ 91
Event: 101.025 Thread 0x000000000101f800 Uncommon trap: reason=bimorphic action=maybe_recompile pc=0x00007f8145269494 method=java.util.HashMap.putVal(ILjava/lang/Object;Ljava/lang/Object;ZZ)Ljava/lang/Object; @ 91
Event: 101.025 Thread 0x000000000101f800 Uncommon trap: reason=bimorphic action=maybe_recompile pc=0x00007f8145269494 method=java.util.HashMap.putVal(ILjava/lang/Object;Ljava/lang/Object;ZZ)Ljava/lang/Object; @ 91
Event: 101.025 Thread 0x000000000101f800 Uncommon trap: reason=bimorphic action=maybe_recompile pc=0x00007f8145269494 method=java.util.HashMap.putVal(ILjava/lang/Object;Ljava/lang/Object;ZZ)Ljava/lang/Object; @ 91
Event: 103.497 Thread 0x000000000101f800 Uncommon trap: reason=unstable_if action=reinterpret pc=0x00007f81452b4e74 method=org.evosuite.runtime.InitializingListenerUtils.getClassNameFromResourcePath(Ljava/lang/String;)Ljava/lang/String; @ 22

Classes redefined (0 events):
No events

Internal exceptions (10 events):
Event: 81.751 Thread 0x00007f81542f8800 Exception <a 'java/net/ConnectException'> (0x00000000d6c42268) thrown at [/HUDSON/workspace/8-2-build-linux-amd64/jdk8u181/11358/hotspot/src/share/vm/prims/jni.cpp, line 709]
Event: 81.751 Thread 0x00007f81542fa000 Exception <a 'java/net/ConnectException'> (0x00000000d6c94320) thrown at [/HUDSON/workspace/8-2-build-linux-amd64/jdk8u181/11358/hotspot/src/share/vm/prims/jni.cpp, line 709]
Event: 81.752 Thread 0x00007f81542fc000 Exception <a 'java/net/ConnectException'> (0x00000000d6ce6168) thrown at [/HUDSON/workspace/8-2-build-linux-amd64/jdk8u181/11358/hotspot/src/share/vm/prims/jni.cpp, line 709]
Event: 91.752 Thread 0x00007f81542fc000 Exception <a 'java/net/ConnectException'> (0x00000000d6ce6c90) thrown at [/HUDSON/workspace/8-2-build-linux-amd64/jdk8u181/11358/hotspot/src/share/vm/prims/jni.cpp, line 709]
Event: 91.753 Thread 0x00007f81542f8800 Exception <a 'java/net/ConnectException'> (0x00000000d6c42d90) thrown at [/HUDSON/workspace/8-2-build-linux-amd64/jdk8u181/11358/hotspot/src/share/vm/prims/jni.cpp, line 709]
Event: 91.753 Thread 0x00007f81542fa000 Exception <a 'java/net/ConnectException'> (0x00000000d6c94e48) thrown at [/HUDSON/workspace/8-2-build-linux-amd64/jdk8u181/11358/hotspot/src/share/vm/prims/jni.cpp, line 709]
Event: 101.754 Thread 0x00007f81542fa000 Exception <a 'java/net/ConnectException'> (0x00000000d6c95970) thrown at [/HUDSON/workspace/8-2-build-linux-amd64/jdk8u181/11358/hotspot/src/share/vm/prims/jni.cpp, line 709]
Event: 101.754 Thread 0x00007f81542f8800 Exception <a 'java/net/ConnectException'> (0x00000000d6c438b8) thrown at [/HUDSON/workspace/8-2-build-linux-amd64/jdk8u181/11358/hotspot/src/share/vm/prims/jni.cpp, line 709]
Event: 101.754 Thread 0x00007f81542fc000 Exception <a 'java/net/ConnectException'> (0x00000000d6ce77b8) thrown at [/HUDSON/workspace/8-2-build-linux-amd64/jdk8u181/11358/hotspot/src/share/vm/prims/jni.cpp, line 709]
Event: 101.830 Thread 0x000000000101f800 Exception <a 'java/lang/NoSuchMethodError': <clinit>> (0x00000000d73cae18) thrown at [/HUDSON/workspace/8-2-build-linux-amd64/jdk8u181/11358/hotspot/src/share/vm/prims/jni.cpp, line 1613]

Events (10 events):
Event: 102.821 loading class org/evosuite/utils/generic/GenericMethod done
Event: 102.844 loading class org/evosuite/testcase/statements/MethodStatement$1
Event: 102.844 loading class org/evosuite/testcase/statements/MethodStatement$1 done
Event: 103.009 loading class org/evosuite/shaded/org/objectweb/asm/ClassReader
Event: 103.009 loading class org/evosuite/shaded/org/objectweb/asm/ClassReader done
Event: 103.406 Thread 0x000000000101f800 Uncommon trap: trap_request=0xffffff65 fr.pc=0x00007f81452b4e74
Event: 103.570 Thread 0x000000000101f800 DEOPT PACKING pc=0x00007f81452b4e74 sp=0x00007f8107ef7940
Event: 103.570 Thread 0x000000000101f800 DEOPT UNPACKING pc=0x00007f814504573a sp=0x00007f8107ef78d8 mode 2
Event: 103.609 loading class org/evosuite/instrumentation/TransformationStatistics
Event: 103.620 loading class org/evosuite/instrumentation/TransformationStatistics done


Dynamic libraries:
00400000-00401000 r-xp 00000000 08:01 1448396                            /usr/lib/jvm/jdk1.8.0_181/bin/java
00600000-00601000 rw-p 00000000 08:01 1448396                            /usr/lib/jvm/jdk1.8.0_181/bin/java
0101d000-0103e000 rw-p 00000000 00:00 0                                  [heap]
83a00000-88e00000 rw-p 00000000 00:00 0 
88e00000-d6900000 ---p 00000000 00:00 0 
d6900000-d9300000 rw-p 00000000 00:00 0 
d9300000-100000000 ---p 00000000 00:00 0 
100000000-1001a0000 rw-p 00000000 00:00 0 
1001a0000-140000000 ---p 00000000 00:00 0 
7f8100000000-7f8100021000 rw-p 00000000 00:00 0 
7f8100021000-7f8104000000 ---p 00000000 00:00 0 
7f8107bfe000-7f8107d3e000 rw-p 00000000 00:00 0 
7f8107d3e000-7f8107dfe000 ---p 00000000 00:00 0 
7f8107dfe000-7f8107e01000 ---p 00000000 00:00 0 
7f8107e01000-7f8107eff000 rw-p 00000000 00:00 0 
7f8107eff000-7f8107f02000 ---p 00000000 00:00 0 
7f8107f02000-7f8108000000 rw-p 00000000 00:00 0 
7f8108000000-7f8108021000 rw-p 00000000 00:00 0 
7f8108021000-7f810c000000 ---p 00000000 00:00 0 
7f810c000000-7f810c021000 rw-p 00000000 00:00 0 
7f810c021000-7f8110000000 ---p 00000000 00:00 0 
7f8110000000-7f8110021000 rw-p 00000000 00:00 0 
7f8110021000-7f8114000000 ---p 00000000 00:00 0 
7f8114000000-7f8114021000 rw-p 00000000 00:00 0 
7f8114021000-7f8118000000 ---p 00000000 00:00 0 
7f811807e000-7f8118081000 ---p 00000000 00:00 0 
7f8118081000-7f811817f000 rw-p 00000000 00:00 0 
7f811817f000-7f8118182000 ---p 00000000 00:00 0 
7f8118182000-7f8118280000 rw-p 00000000 00:00 0 
7f8118280000-7f8118283000 ---p 00000000 00:00 0 
7f8118283000-7f8118381000 rw-p 00000000 00:00 0 
7f8118381000-7f8118384000 ---p 00000000 00:00 0 
7f8118384000-7f8118482000 rw-p 00000000 00:00 0 
7f8118482000-7f8118485000 ---p 00000000 00:00 0 
7f8118485000-7f8118583000 rw-p 00000000 00:00 0 
7f8118583000-7f8118586000 ---p 00000000 00:00 0 
7f8118586000-7f8118684000 rw-p 00000000 00:00 0 
7f8118684000-7f8118687000 ---p 00000000 00:00 0 
7f8118687000-7f8118785000 rw-p 00000000 00:00 0 
7f8118785000-7f8118788000 ---p 00000000 00:00 0 
7f8118788000-7f8118886000 rw-p 00000000 00:00 0 
7f8118886000-7f8118889000 ---p 00000000 00:00 0 
7f8118889000-7f8118987000 rw-p 00000000 00:00 0 
7f8118987000-7f811898a000 ---p 00000000 00:00 0 
7f811898a000-7f8118a88000 rw-p 00000000 00:00 0 
7f8118a88000-7f8118a8b000 ---p 00000000 00:00 0 
7f8118a8b000-7f8118b89000 rw-p 00000000 00:00 0 
7f8118b89000-7f8118b8c000 ---p 00000000 00:00 0 
7f8118b8c000-7f8118c8a000 rw-p 00000000 00:00 0 
7f8118c8a000-7f8118fff000 r--s 03318000 08:01 1984558                    /home/whj/dowork/DiffTGen/extra_output/Closure_92_6_sequencer/target/build/classes/all0.jar
7f8118fff000-7f811c000000 rw-p 00000000 00:00 0 
7f811c000000-7f811c2f6000 rw-p 00000000 00:00 0 
7f811c2f6000-7f8120000000 ---p 00000000 00:00 0 
7f8120000000-7f8120021000 rw-p 00000000 00:00 0 
7f8120021000-7f8124000000 ---p 00000000 00:00 0 
7f8124000000-7f8124021000 rw-p 00000000 00:00 0 
7f8124021000-7f8128000000 ---p 00000000 00:00 0 
7f8128000000-7f81288ee000 rw-p 00000000 00:00 0 
7f81288ee000-7f812c000000 ---p 00000000 00:00 0 
7f812c000000-7f812c021000 rw-p 00000000 00:00 0 
7f812c021000-7f8130000000 ---p 00000000 00:00 0 
7f8130000000-7f813003b000 rw-p 00000000 00:00 0 
7f813003b000-7f8134000000 ---p 00000000 00:00 0 
7f8134000000-7f8134021000 rw-p 00000000 00:00 0 
7f8134021000-7f8138000000 ---p 00000000 00:00 0 
7f8138000000-7f813805a000 rw-p 00000000 00:00 0 
7f813805a000-7f813c000000 ---p 00000000 00:00 0 
7f813c000000-7f813c1ce000 rw-p 00000000 00:00 0 
7f813c1ce000-7f8140000000 ---p 00000000 00:00 0 
7f81400f7000-7f81402f7000 rw-p 00000000 00:00 0 
7f81402f7000-7f81402fa000 ---p 00000000 00:00 0 
7f81402fa000-7f81403f8000 rw-p 00000000 00:00 0 
7f81403f8000-7f81403fb000 ---p 00000000 00:00 0 
7f81403fb000-7f81404f9000 rw-p 00000000 00:00 0 
7f81404f9000-7f81404fc000 ---p 00000000 00:00 0 
7f81404fc000-7f81405fa000 rw-p 00000000 00:00 0 
7f81405fa000-7f8140610000 r-xp 00000000 08:01 2756237                    /usr/lib/jvm/jdk1.8.0_181/jre/lib/amd64/libnet.so
7f8140610000-7f8140810000 ---p 00016000 08:01 2756237                    /usr/lib/jvm/jdk1.8.0_181/jre/lib/amd64/libnet.so
7f8140810000-7f8140811000 rw-p 00016000 08:01 2756237                    /usr/lib/jvm/jdk1.8.0_181/jre/lib/amd64/libnet.so
7f8140811000-7f81411d0000 r--p 00000000 08:01 1316108                    /usr/lib/locale/locale-archive
7f81411d0000-7f8145000000 rw-p 00000000 00:00 0 
7f8145000000-7f8145410000 rwxp 00000000 00:00 0 
7f8145420000-7f8154000000 ---p 00000000 00:00 0 
7f8154000000-7f81544d4000 rw-p 00000000 00:00 0 
7f81544d4000-7f8158000000 ---p 00000000 00:00 0 
7f8158006000-7f8158022000 r--s 00393000 08:01 2756136                    /usr/lib/jvm/jdk1.8.0_181/jre/lib/ext/cldrdata.jar
7f8158022000-7f8158025000 ---p 00000000 00:00 0 
7f8158025000-7f815805b000 rw-p 00000000 00:00 0 
7f815805b000-7f81580d4000 r--s 010f9000 08:01 1448503                    /usr/lib/jvm/jdk1.8.0_181/lib/tools.jar
7f81580d4000-7f8158305000 r--s 01bb1000 08:01 1706762                    /home/whj/dowork/DiffTGen/lib/evosuite-1.0.6.jar
7f8158305000-7f8158306000 ---p 00000000 00:00 0 
7f8158306000-7f8158406000 rw-p 00000000 00:00 0 
7f8158406000-7f8158409000 ---p 00000000 00:00 0 
7f8158409000-7f8158507000 rw-p 00000000 00:00 0 
7f8158507000-7f815850a000 ---p 00000000 00:00 0 
7f815850a000-7f8158608000 rw-p 00000000 00:00 0 
7f8158608000-7f815860b000 ---p 00000000 00:00 0 
7f815860b000-7f8158709000 rw-p 00000000 00:00 0 
7f8158709000-7f815870c000 ---p 00000000 00:00 0 
7f815870c000-7f815880a000 rw-p 00000000 00:00 0 
7f815880a000-7f815880d000 ---p 00000000 00:00 0 
7f815880d000-7f815890b000 rw-p 00000000 00:00 0 
7f815890b000-7f815890e000 ---p 00000000 00:00 0 
7f815890e000-7f8158a0c000 rw-p 00000000 00:00 0 
7f8158a0c000-7f8158a0d000 ---p 00000000 00:00 0 
7f8158a0d000-7f8159416000 rw-p 00000000 00:00 0 
7f8159416000-7f81595f0000 r--s 03d6b000 08:01 2756084                    /usr/lib/jvm/jdk1.8.0_181/jre/lib/rt.jar
7f81595f0000-7f815a249000 rw-p 00000000 00:00 0 
7f815a249000-7f815a24a000 ---p 00000000 00:00 0 
7f815a24a000-7f815a34a000 rw-p 00000000 00:00 0 
7f815a34a000-7f815a34b000 ---p 00000000 00:00 0 
7f815a34b000-7f815a475000 rw-p 00000000 00:00 0 
7f815a475000-7f815a6e3000 ---p 00000000 00:00 0 
7f815a6e3000-7f815a70d000 rw-p 00000000 00:00 0 
7f815a70d000-7f815a97a000 ---p 00000000 00:00 0 
7f815a97a000-7f815a990000 rw-p 00000000 00:00 0 
7f815a990000-7f815aac6000 ---p 00000000 00:00 0 
7f815aac6000-7f815aad8000 rw-p 00000000 00:00 0 
7f815aad8000-7f815ae87000 ---p 00000000 00:00 0 
7f815ae87000-7f815aea2000 r-xp 00000000 08:01 2756233                    /usr/lib/jvm/jdk1.8.0_181/jre/lib/amd64/libzip.so
7f815aea2000-7f815b0a2000 ---p 0001b000 08:01 2756233                    /usr/lib/jvm/jdk1.8.0_181/jre/lib/amd64/libzip.so
7f815b0a2000-7f815b0a3000 rw-p 0001b000 08:01 2756233                    /usr/lib/jvm/jdk1.8.0_181/jre/lib/amd64/libzip.so
7f815b0a3000-7f815b0ae000 r-xp 00000000 08:01 1054188                    /lib/x86_64-linux-gnu/libnss_files-2.23.so
7f815b0ae000-7f815b2ad000 ---p 0000b000 08:01 1054188                    /lib/x86_64-linux-gnu/libnss_files-2.23.so
7f815b2ad000-7f815b2ae000 r--p 0000a000 08:01 1054188                    /lib/x86_64-linux-gnu/libnss_files-2.23.so
7f815b2ae000-7f815b2af000 rw-p 0000b000 08:01 1054188                    /lib/x86_64-linux-gnu/libnss_files-2.23.so
7f815b2af000-7f815b2b5000 rw-p 00000000 00:00 0 
7f815b2b5000-7f815b2c0000 r-xp 00000000 08:01 1054198                    /lib/x86_64-linux-gnu/libnss_nis-2.23.so
7f815b2c0000-7f815b4bf000 ---p 0000b000 08:01 1054198                    /lib/x86_64-linux-gnu/libnss_nis-2.23.so
7f815b4bf000-7f815b4c0000 r--p 0000a000 08:01 1054198                    /lib/x86_64-linux-gnu/libnss_nis-2.23.so
7f815b4c0000-7f815b4c1000 rw-p 0000b000 08:01 1054198                    /lib/x86_64-linux-gnu/libnss_nis-2.23.so
7f815b4c1000-7f815b4d7000 r-xp 00000000 08:01 1054182                    /lib/x86_64-linux-gnu/libnsl-2.23.so
7f815b4d7000-7f815b6d6000 ---p 00016000 08:01 1054182                    /lib/x86_64-linux-gnu/libnsl-2.23.so
7f815b6d6000-7f815b6d7000 r--p 00015000 08:01 1054182                    /lib/x86_64-linux-gnu/libnsl-2.23.so
7f815b6d7000-7f815b6d8000 rw-p 00016000 08:01 1054182                    /lib/x86_64-linux-gnu/libnsl-2.23.so
7f815b6d8000-7f815b6da000 rw-p 00000000 00:00 0 
7f815b6da000-7f815b6e2000 r-xp 00000000 08:01 1054184                    /lib/x86_64-linux-gnu/libnss_compat-2.23.so
7f815b6e2000-7f815b8e1000 ---p 00008000 08:01 1054184                    /lib/x86_64-linux-gnu/libnss_compat-2.23.so
7f815b8e1000-7f815b8e2000 r--p 00007000 08:01 1054184                    /lib/x86_64-linux-gnu/libnss_compat-2.23.so
7f815b8e2000-7f815b8e3000 rw-p 00008000 08:01 1054184                    /lib/x86_64-linux-gnu/libnss_compat-2.23.so
7f815b8e3000-7f815b90e000 r-xp 00000000 08:01 2756227                    /usr/lib/jvm/jdk1.8.0_181/jre/lib/amd64/libjava.so
7f815b90e000-7f815bb0d000 ---p 0002b000 08:01 2756227                    /usr/lib/jvm/jdk1.8.0_181/jre/lib/amd64/libjava.so
7f815bb0d000-7f815bb0f000 rw-p 0002a000 08:01 2756227                    /usr/lib/jvm/jdk1.8.0_181/jre/lib/amd64/libjava.so
7f815bb0f000-7f815bb1c000 r-xp 00000000 08:01 2756232                    /usr/lib/jvm/jdk1.8.0_181/jre/lib/amd64/libverify.so
7f815bb1c000-7f815bd1c000 ---p 0000d000 08:01 2756232                    /usr/lib/jvm/jdk1.8.0_181/jre/lib/amd64/libverify.so
7f815bd1c000-7f815bd1e000 rw-p 0000d000 08:01 2756232                    /usr/lib/jvm/jdk1.8.0_181/jre/lib/amd64/libverify.so
7f815bd1e000-7f815bd25000 r-xp 00000000 08:01 1054243                    /lib/x86_64-linux-gnu/librt-2.23.so
7f815bd25000-7f815bf24000 ---p 00007000 08:01 1054243                    /lib/x86_64-linux-gnu/librt-2.23.so
7f815bf24000-7f815bf25000 r--p 00006000 08:01 1054243                    /lib/x86_64-linux-gnu/librt-2.23.so
7f815bf25000-7f815bf26000 rw-p 00007000 08:01 1054243                    /lib/x86_64-linux-gnu/librt-2.23.so
7f815bf26000-7f815c02e000 r-xp 00000000 08:01 1054159                    /lib/x86_64-linux-gnu/libm-2.23.so
7f815c02e000-7f815c22d000 ---p 00108000 08:01 1054159                    /lib/x86_64-linux-gnu/libm-2.23.so
7f815c22d000-7f815c22e000 r--p 00107000 08:01 1054159                    /lib/x86_64-linux-gnu/libm-2.23.so
7f815c22e000-7f815c22f000 rw-p 00108000 08:01 1054159                    /lib/x86_64-linux-gnu/libm-2.23.so
7f815c22f000-7f815cf0b000 r-xp 00000000 08:01 2756209                    /usr/lib/jvm/jdk1.8.0_181/jre/lib/amd64/server/libjvm.so
7f815cf0b000-7f815d10b000 ---p 00cdc000 08:01 2756209                    /usr/lib/jvm/jdk1.8.0_181/jre/lib/amd64/server/libjvm.so
7f815d10b000-7f815d1e5000 rw-p 00cdc000 08:01 2756209                    /usr/lib/jvm/jdk1.8.0_181/jre/lib/amd64/server/libjvm.so
7f815d1e5000-7f815d230000 rw-p 00000000 00:00 0 
7f815d230000-7f815d3f0000 r-xp 00000000 08:01 1054089                    /lib/x86_64-linux-gnu/libc-2.23.so
7f815d3f0000-7f815d5f0000 ---p 001c0000 08:01 1054089                    /lib/x86_64-linux-gnu/libc-2.23.so
7f815d5f0000-7f815d5f4000 r--p 001c0000 08:01 1054089                    /lib/x86_64-linux-gnu/libc-2.23.so
7f815d5f4000-7f815d5f6000 rw-p 001c4000 08:01 1054089                    /lib/x86_64-linux-gnu/libc-2.23.so
7f815d5f6000-7f815d5fa000 rw-p 00000000 00:00 0 
7f815d5fa000-7f815d5fd000 r-xp 00000000 08:01 1054113                    /lib/x86_64-linux-gnu/libdl-2.23.so
7f815d5fd000-7f815d7fc000 ---p 00003000 08:01 1054113                    /lib/x86_64-linux-gnu/libdl-2.23.so
7f815d7fc000-7f815d7fd000 r--p 00002000 08:01 1054113                    /lib/x86_64-linux-gnu/libdl-2.23.so
7f815d7fd000-7f815d7fe000 rw-p 00003000 08:01 1054113                    /lib/x86_64-linux-gnu/libdl-2.23.so
7f815d7fe000-7f815d814000 r-xp 00000000 08:01 1449032                    /usr/lib/jvm/jdk1.8.0_181/lib/amd64/jli/libjli.so
7f815d814000-7f815da13000 ---p 00016000 08:01 1449032                    /usr/lib/jvm/jdk1.8.0_181/lib/amd64/jli/libjli.so
7f815da13000-7f815da14000 rw-p 00015000 08:01 1449032                    /usr/lib/jvm/jdk1.8.0_181/lib/amd64/jli/libjli.so
7f815da14000-7f815da2c000 r-xp 00000000 08:01 1054235                    /lib/x86_64-linux-gnu/libpthread-2.23.so
7f815da2c000-7f815dc2b000 ---p 00018000 08:01 1054235                    /lib/x86_64-linux-gnu/libpthread-2.23.so
7f815dc2b000-7f815dc2c000 r--p 00017000 08:01 1054235                    /lib/x86_64-linux-gnu/libpthread-2.23.so
7f815dc2c000-7f815dc2d000 rw-p 00018000 08:01 1054235                    /lib/x86_64-linux-gnu/libpthread-2.23.so
7f815dc2d000-7f815dc31000 rw-p 00000000 00:00 0 
7f815dc31000-7f815dc57000 r-xp 00000000 08:01 1054061                    /lib/x86_64-linux-gnu/ld-2.23.so
7f815dc5d000-7f815dc67000 r--s 00116000 08:01 2756143                    /usr/lib/jvm/jdk1.8.0_181/jre/lib/ext/localedata.jar
7f815dc67000-7f815dd38000 rw-p 00000000 00:00 0 
7f815dd38000-7f815dd3b000 ---p 00000000 00:00 0 
7f815dd3b000-7f815de3e000 rw-p 00000000 00:00 0 
7f815de3e000-7f815de43000 r--s 0009d000 08:01 2756133                    /usr/lib/jvm/jdk1.8.0_181/jre/lib/jsse.jar
7f815de43000-7f815de4b000 r--s 0006e000 08:01 2248917                    /home/whj/dowork/DiffTGen/lib/commons-lang3-3.5.jar
7f815de4b000-7f815de4c000 r--s 00000000 08:01 2248922                    /home/whj/dowork/DiffTGen/lib/myprinter.jar
7f815de4c000-7f815de54000 rw-s 00000000 08:01 1984553                    /tmp/hsperfdata_whj/19452
7f815de54000-7f815de55000 rw-p 00000000 00:00 0 
7f815de55000-7f815de56000 r--p 00000000 00:00 0 
7f815de56000-7f815de57000 r--p 00025000 08:01 1054061                    /lib/x86_64-linux-gnu/ld-2.23.so
7f815de57000-7f815de58000 rw-p 00026000 08:01 1054061                    /lib/x86_64-linux-gnu/ld-2.23.so
7f815de58000-7f815de59000 rw-p 00000000 00:00 0 
7ffde28af000-7ffde28d1000 rw-p 00000000 00:00 0                          [stack]
7ffde2904000-7ffde2907000 r--p 00000000 00:00 0                          [vvar]
7ffde2907000-7ffde2909000 r-xp 00000000 00:00 0                          [vdso]
ffffffffff600000-ffffffffff601000 r-xp 00000000 00:00 0                  [vsyscall]

VM Arguments:
java_command: /home/whj/dowork/DiffTGen/lib/evosuite-1.0.6.jar -base_dir /home/whj/dowork/DiffTGen/extra_output/Closure_92_6_sequencer/target/0/23 -projectCP /home/whj/dowork/DiffTGen/extra_output/Closure_92_6_sequencer/target/build/classes/all0.jar:/home/whj/dowork/DiffTGen/lib/myprinter.jar:/home/whj/dowork/DiffTGen/lib/commons-lang3-3.5.jar -class com.google.javascript.jscomp.ProcessClosurePrimitives -Dassertions=false -Dsearch_budget=60
java_class_path (initial): /home/whj/dowork/DiffTGen/lib/evosuite-1.0.6.jar
Launcher Type: SUN_STANDARD

Environment Variables:
JAVA_HOME=/usr/lib/jvm/jdk1.8.0_181
JRE_HOME=/usr/lib/jvm/jdk1.8.0_181/jre
CLASSPATH=.:/usr/lib/jvm/jdk1.8.0_181/lib:/usr/lib/jvm/jdk1.8.0_181/jre/lib
PATH=/home/whj/perl5/bin:/home/whj/dowork/defects4j-1.2.0/framework/bin:/usr/lib/jvm/jdk1.8.0_181/bin:/usr/lib/jvm/jdk1.8.0_181/jre/bin:/home/whj/bin:/home/whj/.local/bin:/usr/local/sbin:/usr/local/bin:/usr/sbin:/usr/bin:/sbin:/bin:/usr/games:/usr/local/games" :/snap/bin:/home/whj/bin
SHELL=/bin/bash
DISPLAY=:0

Signal Handlers:
SIGSEGV: [libjvm.so+0xad2a40], sa_mask[0]=11111111011111111101111111111110, sa_flags=SA_RESTART|SA_SIGINFO
SIGBUS: [libjvm.so+0xad2a40], sa_mask[0]=11111111011111111101111111111110, sa_flags=SA_RESTART|SA_SIGINFO
SIGFPE: [libjvm.so+0x92a610], sa_mask[0]=11111111011111111101111111111110, sa_flags=SA_RESTART|SA_SIGINFO
SIGPIPE: [libjvm.so+0x92a610], sa_mask[0]=11111111011111111101111111111110, sa_flags=SA_RESTART|SA_SIGINFO
SIGXFSZ: [libjvm.so+0x92a610], sa_mask[0]=11111111011111111101111111111110, sa_flags=SA_RESTART|SA_SIGINFO
SIGILL: [libjvm.so+0x92a610], sa_mask[0]=11111111011111111101111111111110, sa_flags=SA_RESTART|SA_SIGINFO
SIGUSR1: SIG_DFL, sa_mask[0]=00000000000000000000000000000000, sa_flags=none
SIGUSR2: [libjvm.so+0x92be70], sa_mask[0]=00100000000000000000000000000000, sa_flags=SA_RESTART|SA_SIGINFO
SIGHUP: [libjvm.so+0x92d270], sa_mask[0]=11111111011111111101111111111110, sa_flags=SA_RESTART|SA_SIGINFO
SIGINT: [libjvm.so+0x92d270], sa_mask[0]=11111111011111111101111111111110, sa_flags=SA_RESTART|SA_SIGINFO
SIGTERM: [libjvm.so+0x92d270], sa_mask[0]=11111111011111111101111111111110, sa_flags=SA_RESTART|SA_SIGINFO
SIGQUIT: [libjvm.so+0x92d270], sa_mask[0]=11111111011111111101111111111110, sa_flags=SA_RESTART|SA_SIGINFO


---------------  S Y S T E M  ---------------

OS:DISTRIB_ID=Ubuntu
DISTRIB_RELEASE=16.04
DISTRIB_CODENAME=xenial
DISTRIB_DESCRIPTION="Ubuntu 16.04.6 LTS"

uname:Linux 4.15.0-91-generic #92~16.04.1-Ubuntu SMP Fri Feb 28 14:57:22 UTC 2020 x86_64
libc:glibc 2.23 NPTL 2.23 
rlimit: STACK 8192k, CORE 0k, NPROC 31576, NOFILE 1048576, AS infinity
load average:16.82 15.40 15.00

/proc/meminfo:
MemTotal:        8144704 kB
MemFree:         1071812 kB
MemAvailable:     968752 kB
Buffers:             700 kB
Cached:            36492 kB
SwapCached:         1260 kB
Active:          5862904 kB
Inactive:         756804 kB
Active(anon):    5845840 kB
Inactive(anon):   738024 kB
Active(file):      17064 kB
Inactive(file):    18780 kB
Unevictable:          32 kB
Mlocked:              32 kB
SwapTotal:        998396 kB
SwapFree:            928 kB
Dirty:               280 kB
Writeback:             0 kB
AnonPages:       6581936 kB
Mapped:            28556 kB
Shmem:              1116 kB
Slab:              88284 kB
SReclaimable:      31680 kB
SUnreclaim:        56604 kB
KernelStack:       15104 kB
PageTables:        46348 kB
NFS_Unstable:          0 kB
Bounce:                0 kB
WritebackTmp:          0 kB
CommitLimit:     5070748 kB
Committed_AS:   12779304 kB
VmallocTotal:   34359738367 kB
VmallocUsed:           0 kB
VmallocChunk:          0 kB
HardwareCorrupted:     0 kB
AnonHugePages:         0 kB
ShmemHugePages:        0 kB
ShmemPmdMapped:        0 kB
CmaTotal:              0 kB
CmaFree:               0 kB
HugePages_Total:       0
HugePages_Free:        0
HugePages_Rsvd:        0
HugePages_Surp:        0
Hugepagesize:       2048 kB
DirectMap4k:      114496 kB
DirectMap2M:     6176768 kB
DirectMap1G:     4194304 kB


CPU:total 2 (initial active 2) (2 cores per cpu, 1 threads per core) family 6 model 158 stepping 10, cmov, cx8, fxsr, mmx, sse, sse2, sse3, ssse3, sse4.1, sse4.2, popcnt, avx, avx2, aes, clmul, erms, 3dnowpref, lzcnt, tsc, tscinvbit, bmi1, bmi2, adx

/proc/cpuinfo:
processor	: 0
vendor_id	: GenuineIntel
cpu family	: 6
model		: 158
model name	: Intel(R) Core(TM) i7-8750H CPU @ 2.20GHz
stepping	: 10
microcode	: 0x96
cpu MHz		: 2207.999
cache size	: 9216 KB
physical id	: 0
siblings	: 2
core id		: 0
cpu cores	: 2
apicid		: 0
initial apicid	: 0
fpu		: yes
fpu_exception	: yes
cpuid level	: 22
wp		: yes
flags		: fpu vme de pse tsc msr pae mce cx8 apic sep mtrr pge mca cmov pat pse36 clflush mmx fxsr sse sse2 ss ht syscall nx pdpe1gb rdtscp lm constant_tsc arch_perfmon nopl xtopology tsc_reliable nonstop_tsc cpuid pni pclmulqdq ssse3 fma cx16 pcid sse4_1 sse4_2 x2apic movbe popcnt tsc_deadline_timer aes xsave avx f16c rdrand hypervisor lahf_lm abm 3dnowprefetch cpuid_fault invpcid_single pti ssbd ibrs ibpb stibp fsgsbase tsc_adjust bmi1 avx2 smep bmi2 invpcid rdseed adx smap xsaveopt arat flush_l1d arch_capabilities
bugs		: cpu_meltdown spectre_v1 spectre_v2 spec_store_bypass l1tf mds swapgs itlb_multihit
bogomips	: 4415.99
clflush size	: 64
cache_alignment	: 64
address sizes	: 42 bits physical, 48 bits virtual
power management:

processor	: 1
vendor_id	: GenuineIntel
cpu family	: 6
model		: 158
model name	: Intel(R) Core(TM) i7-8750H CPU @ 2.20GHz
stepping	: 10
microcode	: 0x96
cpu MHz		: 2207.999
cache size	: 9216 KB
physical id	: 0
siblings	: 2
core id		: 1
cpu cores	: 2
apicid		: 1
initial apicid	: 1
fpu		: yes
fpu_exception	: yes
cpuid level	: 22
wp		: yes
flags		: fpu vme de pse tsc msr pae mce cx8 apic sep mtrr pge mca cmov pat pse36 clflush mmx fxsr sse sse2 ss ht syscall nx pdpe1gb rdtscp lm constant_tsc arch_perfmon nopl xtopology tsc_reliable nonstop_tsc cpuid pni pclmulqdq ssse3 fma cx16 pcid sse4_1 sse4_2 x2apic movbe popcnt tsc_deadline_timer aes xsave avx f16c rdrand hypervisor lahf_lm abm 3dnowprefetch cpuid_fault invpcid_single pti ssbd ibrs ibpb stibp fsgsbase tsc_adjust bmi1 avx2 smep bmi2 invpcid rdseed adx smap xsaveopt arat flush_l1d arch_capabilities
bugs		: cpu_meltdown spectre_v1 spectre_v2 spec_store_bypass l1tf mds swapgs itlb_multihit
bogomips	: 4415.99
clflush size	: 64
cache_alignment	: 64
address sizes	: 42 bits physical, 48 bits virtual
power management:



Memory: 4k page, physical 8144704k(1070416k free), swap 998396k(984k free)

vm_info: Java HotSpot(TM) 64-Bit Server VM (25.181-b13) for linux-amd64 JRE (1.8.0_181-b13), built on Jul  7 2018 00:56:38 by "java_re" with gcc 4.3.0 20080428 (Red Hat 4.3.0-8)

time: Fri Mar 27 12:35:05 2020
elapsed time: 105 seconds (0d 0h 1m 45s)

