#
# There is insufficient memory for the Java Runtime Environment to continue.
# Native memory allocation (mmap) failed to map 67108864 bytes for committing reserved memory.
# Possible reasons:
#   The system is out of physical RAM or swap space
#   In 32 bit mode, the process size limit was hit
# Possible solutions:
#   Reduce memory load on the system
#   Increase physical memory or swap space
#   Check if swap backing store is full
#   Use 64 bit Java on a 64 bit OS
#   Decrease Java heap size (-Xmx/-Xms)
#   Decrease number of Java threads
#   Decrease Java thread stack sizes (-Xss)
#   Set larger code cache with -XX:ReservedCodeCacheSize=
# This output file may be truncated or incomplete.
#
#  Out of Memory Error (os_linux.cpp:2640), pid=49784, tid=0x00007f1ff6344700
#
# JRE version: Java(TM) SE Runtime Environment (8.0_181-b13) (build 1.8.0_181-b13)
# Java VM: Java HotSpot(TM) 64-Bit Server VM (25.181-b13 mixed mode linux-amd64 compressed oops)
# Failed to write core dump. Core dumps have been disabled. To enable core dumping, try "ulimit -c unlimited" before starting Java again
#

---------------  T H R E A D  ---------------

Current thread (0x00007f200c0fb800):  VMThread [stack: 0x00007f1ff6244000,0x00007f1ff6345000] [id=49817]

Stack: [0x00007f1ff6244000,0x00007f1ff6345000],  sp=0x00007f1ff6343220,  free space=1020k
Native frames: (J=compiled Java code, j=interpreted, Vv=VM code, C=native code)
V  [libjvm.so+0xad21aa]  VMError::report_and_die()+0x2ba
V  [libjvm.so+0x5022db]  report_vm_out_of_memory(char const*, int, unsigned long, VMErrorType, char const*)+0x8b
V  [libjvm.so+0x92fe33]  os::Linux::commit_memory_impl(char*, unsigned long, bool)+0x123
V  [libjvm.so+0x930059]  os::pd_commit_memory(char*, unsigned long, unsigned long, bool)+0x29
V  [libjvm.so+0x9272ba]  os::commit_memory(char*, unsigned long, unsigned long, bool)+0x2a
V  [libjvm.so+0x99d2e3]  PSVirtualSpace::expand_by(unsigned long)+0x53
V  [libjvm.so+0x99e6e8]  PSYoungGen::resize_generation(unsigned long, unsigned long)+0xf8
V  [libjvm.so+0x99d842]  PSYoungGen::resize(unsigned long, unsigned long)+0x22
V  [libjvm.so+0x99ab1b]  PSScavenge::invoke_no_policy()+0xf3b
V  [libjvm.so+0x99b2a1]  PSScavenge::invoke()+0x41
V  [libjvm.so+0x951d70]  ParallelScavengeHeap::failed_mem_allocate(unsigned long)+0x70
V  [libjvm.so+0xad3c27]  VM_ParallelGCFailedAllocation::doit()+0x97
V  [libjvm.so+0xadb745]  VM_Operation::evaluate()+0x55
V  [libjvm.so+0xad9b0a]  VMThread::evaluate_operation(VM_Operation*)+0xba
V  [libjvm.so+0xad9e8e]  VMThread::loop()+0x1ce
V  [libjvm.so+0xada300]  VMThread::run()+0x70
V  [libjvm.so+0x930198]  java_start(Thread*)+0x108

VM_Operation (0x00007f1fcc9ed2d0): ParallelGCFailedAllocation, mode: safepoint, requested by thread 0x000000000218a800


---------------  P R O C E S S  ---------------

Java Threads: ( => current thread )
  0x000000000218a800 JavaThread "RMI TCP Connection(4)-127.0.0.1" daemon [_thread_blocked, id=50217, stack(0x00007f1fcc8f8000,0x00007f1fcc9f9000)]
  0x00007f1fe4058000 JavaThread "RMI Scheduler(0)" daemon [_thread_blocked, id=50214, stack(0x00007f1fcc9f9000,0x00007f1fccafa000)]
  0x00007f1fe404a800 JavaThread "RMI RenewClean-[127.0.0.1:14397]" daemon [_thread_blocked, id=50189, stack(0x00007f1fccafa000,0x00007f1fccbfb000)]
  0x00007f1fb4001800 JavaThread "RMI TCP Connection(5)-127.0.0.1" daemon [_thread_blocked, id=50171, stack(0x00007f1fccbfb000,0x00007f1fcccfc000)]
  0x00007f1fbc005800 JavaThread "pool-3-thread-3" [_thread_in_native, id=50122, stack(0x00007f1fcccfc000,0x00007f1fccdfd000)]
  0x00007f1fbc004000 JavaThread "pool-3-thread-2" [_thread_in_native, id=50121, stack(0x00007f1fccdfd000,0x00007f1fccefe000)]
  0x00007f1fbc003000 JavaThread "pool-3-thread-1" [_thread_in_native, id=50119, stack(0x00007f1fccefe000,0x00007f1fccfff000)]
  0x00007f200c373800 JavaThread "Thread-3" [_thread_in_native, id=50000, stack(0x00007f1ff4068000,0x00007f1ff4169000)]
  0x00007f200c372000 JavaThread "Thread-2" [_thread_in_native, id=49994, stack(0x00007f1ff4169000,0x00007f1ff426a000)]
  0x00007f200c370800 JavaThread "process reaper" daemon [_thread_in_native, id=49985, stack(0x00007f1ff426a000,0x00007f1ff42a3000)]
  0x00007f200c36b000 JavaThread "pool-2-thread-1" [_thread_in_native, id=49944, stack(0x00007f1ff42a3000,0x00007f1ff43a4000)]
  0x00007f200c368800 JavaThread "GC Daemon" daemon [_thread_blocked, id=49941, stack(0x00007f1ff43a4000,0x00007f1ff44a5000)]
  0x00007f200c366000 JavaThread "RMI Reaper" [_thread_blocked, id=49933, stack(0x00007f1ff44a5000,0x00007f1ff45a6000)]
  0x00007f200c35f000 JavaThread "RMI TCP Accept-2936" daemon [_thread_in_native, id=49928, stack(0x00007f1ff45a6000,0x00007f1ff46a7000)]
  0x00007f200c358000 JavaThread "RMI TCP Accept-8682" daemon [_thread_in_native, id=49917, stack(0x00007f1ff46a7000,0x00007f1ff47a8000)]
  0x00007f200c29c000 JavaThread "logback-3" daemon [_thread_blocked, id=49901, stack(0x00007f1ff4a33000,0x00007f1ff4b34000)]
  0x00007f200c29a800 JavaThread "logback-2" daemon [_thread_blocked, id=49897, stack(0x00007f1ff4b34000,0x00007f1ff4c35000)]
  0x00007f200c299000 JavaThread "logback-1" daemon [_thread_blocked, id=49890, stack(0x00007f1ff4c35000,0x00007f1ff4d36000)]
  0x00007f200c142000 JavaThread "Service Thread" daemon [_thread_blocked, id=49869, stack(0x00007f1ff527f000,0x00007f1ff5380000)]
  0x00007f200c13f000 JavaThread "C1 CompilerThread1" daemon [_thread_blocked, id=49865, stack(0x00007f1ff5380000,0x00007f1ff5481000)]
  0x00007f200c13c000 JavaThread "C2 CompilerThread0" daemon [_thread_in_native, id=49854, stack(0x00007f1ff5481000,0x00007f1ff5582000)]
  0x00007f200c13a800 JavaThread "Signal Dispatcher" daemon [_thread_blocked, id=49843, stack(0x00007f1ff5582000,0x00007f1ff5683000)]
  0x00007f200c107800 JavaThread "Finalizer" daemon [_thread_blocked, id=49832, stack(0x00007f1ff6042000,0x00007f1ff6143000)]
  0x00007f200c105000 JavaThread "Reference Handler" daemon [_thread_blocked, id=49827, stack(0x00007f1ff6143000,0x00007f1ff6244000)]
  0x00007f200c00a800 JavaThread "main" [_thread_in_native, id=49793, stack(0x00007f20123a9000,0x00007f20124aa000)]

Other Threads:
=>0x00007f200c0fb800 VMThread [stack: 0x00007f1ff6244000,0x00007f1ff6345000] [id=49817]
  0x00007f200c147000 WatcherThread [stack: 0x00007f1ff517e000,0x00007f1ff527f000] [id=49875]

VM state:at safepoint (normal execution)

VM Mutex/Monitor currently owned by a thread:  ([mutex/lock_event])
[0x00007f200c006cc0] Threads_lock - owner thread: 0x00007f200c0fb800
[0x00007f200c0071c0] Heap_lock - owner thread: 0x000000000218a800

Heap:
 PSYoungGen      total 70656K, used 6130K [0x00000000d6900000, 0x00000000db500000, 0x0000000100000000)
  eden space 64512K, 0% used [0x00000000d6900000,0x00000000d6900000,0x00000000da800000)
  from space 6144K, 99% used [0x00000000da800000,0x00000000dadfca38,0x00000000dae00000)
  to   space 5120K, 0% used [0x00000000dae00000,0x00000000dae00000,0x00000000db300000)
 ParOldGen       total 86016K, used 6302K [0x0000000083a00000, 0x0000000088e00000, 0x00000000d6900000)
  object space 86016K, 7% used [0x0000000083a00000,0x00000000840279a0,0x0000000088e00000)
 Metaspace       used 13933K, capacity 14314K, committed 14592K, reserved 1062912K
  class space    used 1578K, capacity 1668K, committed 1792K, reserved 1048576K

Card table byte_map: [0x00007f1ffbbd4000,0x00007f1ffbfb8000] byte_map_base: 0x00007f1ffb7b7000

Marking Bits: (ParMarkBitMap*) 0x00007f20118740a0
 Begin Bits: [0x00007f1ff7a0b000, 0x00007f1ff9923000)
 End Bits:   [0x00007f1ff9923000, 0x00007f1ffb83b000)

Polling page: 0x00007f20124c6000

CodeCache: size=245760Kb used=6312Kb max_used=6312Kb free=239447Kb
 bounds [0x00007f1ffc378000, 0x00007f1ffc9a8000, 0x00007f200b378000]
 total_blobs=2132 nmethods=1785 adapters=260
 compilation: enabled

Compilation events (10 events):
Event: 102.912 Thread 0x00007f200c13f000 1814       1       org.evosuite.graphs.cfg.ExitBlock::isExitBlock (2 bytes)
Event: 102.912 Thread 0x00007f200c13f000 nmethod 1814 0x00007f1ffc9a3150 code [0x00007f1ffc9a32a0, 0x00007f1ffc9a33b0]
Event: 102.968 Thread 0x00007f200c13f000 1816       2       org.evosuite.coverage.mutation.Mutation::getDefaultInfectionDistance (25 bytes)
Event: 102.969 Thread 0x00007f200c13f000 nmethod 1816 0x00007f1ffc9a3410 code [0x00007f1ffc9a3580, 0x00007f1ffc9a3828]
Event: 103.099 Thread 0x00007f200c13f000 1817       2       java.lang.Character::getType (9 bytes)
Event: 103.105 Thread 0x00007f200c13f000 nmethod 1817 0x00007f1ffc9a3950 code [0x00007f1ffc9a3ac0, 0x00007f1ffc9a3c38]
Event: 103.105 Thread 0x00007f200c13f000 1819       2       java.io.UnixFileSystem::prefixLength (25 bytes)
Event: 103.111 Thread 0x00007f200c13f000 nmethod 1819 0x00007f1ffc9a3cd0 code [0x00007f1ffc9a3e40, 0x00007f1ffc9a4068]
Event: 103.111 Thread 0x00007f200c13f000 1818       2       java.lang.CharacterDataLatin1::getType (11 bytes)
Event: 103.112 Thread 0x00007f200c13f000 nmethod 1818 0x00007f1ffc9a41d0 code [0x00007f1ffc9a4340, 0x00007f1ffc9a44d0]

GC Heap History (10 events):
Event: 98.709 GC heap after
Heap after GC invocations=3 (full 1):
 PSYoungGen      total 37888K, used 5094K [0x00000000d6900000, 0x00000000d9300000, 0x0000000100000000)
  eden space 32768K, 0% used [0x00000000d6900000,0x00000000d6900000,0x00000000d8900000)
  from space 5120K, 99% used [0x00000000d8e00000,0x00000000d92f9a60,0x00000000d9300000)
  to   space 5120K, 0% used [0x00000000d8900000,0x00000000d8900000,0x00000000d8e00000)
 ParOldGen       total 86016K, used 4221K [0x0000000083a00000, 0x0000000088e00000, 0x00000000d6900000)
  object space 86016K, 4% used [0x0000000083a00000,0x0000000083e1f748,0x0000000088e00000)
 Metaspace       used 13721K, capacity 14122K, committed 14336K, reserved 1062912K
  class space    used 1577K, capacity 1668K, committed 1792K, reserved 1048576K
}
Event: 99.557 GC heap before
{Heap before GC invocations=4 (full 1):
 PSYoungGen      total 37888K, used 37862K [0x00000000d6900000, 0x00000000d9300000, 0x0000000100000000)
  eden space 32768K, 100% used [0x00000000d6900000,0x00000000d8900000,0x00000000d8900000)
  from space 5120K, 99% used [0x00000000d8e00000,0x00000000d92f9a60,0x00000000d9300000)
  to   space 5120K, 0% used [0x00000000d8900000,0x00000000d8900000,0x00000000d8e00000)
 ParOldGen       total 86016K, used 4221K [0x0000000083a00000, 0x0000000088e00000, 0x00000000d6900000)
  object space 86016K, 4% used [0x0000000083a00000,0x0000000083e1f748,0x0000000088e00000)
 Metaspace       used 13821K, capacity 14186K, committed 14592K, reserved 1062912K
  class space    used 1578K, capacity 1668K, committed 1792K, reserved 1048576K
Event: 99.565 GC heap after
Heap after GC invocations=4 (full 1):
 PSYoungGen      total 37888K, used 4550K [0x00000000d6900000, 0x00000000d9300000, 0x0000000100000000)
  eden space 32768K, 0% used [0x00000000d6900000,0x00000000d6900000,0x00000000d8900000)
  from space 5120K, 88% used [0x00000000d8900000,0x00000000d8d719a0,0x00000000d8e00000)
  to   space 5120K, 0% used [0x00000000d8e00000,0x00000000d8e00000,0x00000000d9300000)
 ParOldGen       total 86016K, used 4229K [0x0000000083a00000, 0x0000000088e00000, 0x00000000d6900000)
  object space 86016K, 4% used [0x0000000083a00000,0x0000000083e21748,0x0000000088e00000)
 Metaspace       used 13821K, capacity 14186K, committed 14592K, reserved 1062912K
  class space    used 1578K, capacity 1668K, committed 1792K, reserved 1048576K
}
Event: 100.262 GC heap before
{Heap before GC invocations=5 (full 1):
 PSYoungGen      total 37888K, used 37318K [0x00000000d6900000, 0x00000000d9300000, 0x0000000100000000)
  eden space 32768K, 100% used [0x00000000d6900000,0x00000000d8900000,0x00000000d8900000)
  from space 5120K, 88% used [0x00000000d8900000,0x00000000d8d719a0,0x00000000d8e00000)
  to   space 5120K, 0% used [0x00000000d8e00000,0x00000000d8e00000,0x00000000d9300000)
 ParOldGen       total 86016K, used 4229K [0x0000000083a00000, 0x0000000088e00000, 0x00000000d6900000)
  object space 86016K, 4% used [0x0000000083a00000,0x0000000083e21748,0x0000000088e00000)
 Metaspace       used 13838K, capacity 14186K, committed 14592K, reserved 1062912K
  class space    used 1578K, capacity 1668K, committed 1792K, reserved 1048576K
Event: 100.272 GC heap after
Heap after GC invocations=5 (full 1):
 PSYoungGen      total 37888K, used 5110K [0x00000000d6900000, 0x00000000d9300000, 0x0000000100000000)
  eden space 32768K, 0% used [0x00000000d6900000,0x00000000d6900000,0x00000000d8900000)
  from space 5120K, 99% used [0x00000000d8e00000,0x00000000d92fda10,0x00000000d9300000)
  to   space 5120K, 0% used [0x00000000d8900000,0x00000000d8900000,0x00000000d8e00000)
 ParOldGen       total 86016K, used 4517K [0x0000000083a00000, 0x0000000088e00000, 0x00000000d6900000)
  object space 86016K, 5% used [0x0000000083a00000,0x0000000083e69748,0x0000000088e00000)
 Metaspace       used 13838K, capacity 14186K, committed 14592K, reserved 1062912K
  class space    used 1578K, capacity 1668K, committed 1792K, reserved 1048576K
}
Event: 100.723 GC heap before
{Heap before GC invocations=6 (full 1):
 PSYoungGen      total 37888K, used 37878K [0x00000000d6900000, 0x00000000d9300000, 0x0000000100000000)
  eden space 32768K, 100% used [0x00000000d6900000,0x00000000d8900000,0x00000000d8900000)
  from space 5120K, 99% used [0x00000000d8e00000,0x00000000d92fda10,0x00000000d9300000)
  to   space 5120K, 0% used [0x00000000d8900000,0x00000000d8900000,0x00000000d8e00000)
 ParOldGen       total 86016K, used 4517K [0x0000000083a00000, 0x0000000088e00000, 0x00000000d6900000)
  object space 86016K, 5% used [0x0000000083a00000,0x0000000083e69748,0x0000000088e00000)
 Metaspace       used 13854K, capacity 14186K, committed 14592K, reserved 1062912K
  class space    used 1578K, capacity 1668K, committed 1792K, reserved 1048576K
Event: 100.742 GC heap after
Heap after GC invocations=6 (full 1):
 PSYoungGen      total 37888K, used 5108K [0x00000000d6900000, 0x00000000db300000, 0x0000000100000000)
  eden space 32768K, 0% used [0x00000000d6900000,0x00000000d6900000,0x00000000d8900000)
  from space 5120K, 99% used [0x00000000d8900000,0x00000000d8dfd018,0x00000000d8e00000)
  to   space 5120K, 0% used [0x00000000dae00000,0x00000000dae00000,0x00000000db300000)
 ParOldGen       total 86016K, used 4837K [0x0000000083a00000, 0x0000000088e00000, 0x00000000d6900000)
  object space 86016K, 5% used [0x0000000083a00000,0x0000000083eb9748,0x0000000088e00000)
 Metaspace       used 13854K, capacity 14186K, committed 14592K, reserved 1062912K
  class space    used 1578K, capacity 1668K, committed 1792K, reserved 1048576K
}
Event: 100.998 GC heap before
{Heap before GC invocations=7 (full 1):
 PSYoungGen      total 37888K, used 37876K [0x00000000d6900000, 0x00000000db300000, 0x0000000100000000)
  eden space 32768K, 100% used [0x00000000d6900000,0x00000000d8900000,0x00000000d8900000)
  from space 5120K, 99% used [0x00000000d8900000,0x00000000d8dfd018,0x00000000d8e00000)
  to   space 5120K, 0% used [0x00000000dae00000,0x00000000dae00000,0x00000000db300000)
 ParOldGen       total 86016K, used 4837K [0x0000000083a00000, 0x0000000088e00000, 0x00000000d6900000)
  object space 86016K, 5% used [0x0000000083a00000,0x0000000083eb9748,0x0000000088e00000)
 Metaspace       used 13873K, capacity 14250K, committed 14592K, reserved 1062912K
  class space    used 1578K, capacity 1668K, committed 1792K, reserved 1048576K
Event: 101.032 GC heap after
Heap after GC invocations=7 (full 1):
 PSYoungGen      total 69632K, used 5094K [0x00000000d6900000, 0x00000000db500000, 0x0000000100000000)
  eden space 64512K, 0% used [0x00000000d6900000,0x00000000d6900000,0x00000000da800000)
  from space 5120K, 99% used [0x00000000dae00000,0x00000000db2f99f0,0x00000000db300000)
  to   space 6144K, 0% used [0x00000000da800000,0x00000000da800000,0x00000000dae00000)
 ParOldGen       total 86016K, used 5005K [0x0000000083a00000, 0x0000000088e00000, 0x00000000d6900000)
  object space 86016K, 5% used [0x0000000083a00000,0x0000000083ee3758,0x0000000088e00000)
 Metaspace       used 13873K, capacity 14250K, committed 14592K, reserved 1062912K
  class space    used 1578K, capacity 1668K, committed 1792K, reserved 1048576K
}
Event: 103.179 GC heap before
{Heap before GC invocations=8 (full 1):
 PSYoungGen      total 69632K, used 69606K [0x00000000d6900000, 0x00000000db500000, 0x0000000100000000)
  eden space 64512K, 100% used [0x00000000d6900000,0x00000000da800000,0x00000000da800000)
  from space 5120K, 99% used [0x00000000dae00000,0x00000000db2f99f0,0x00000000db300000)
  to   space 6144K, 0% used [0x00000000da800000,0x00000000da800000,0x00000000dae00000)
 ParOldGen       total 86016K, used 5005K [0x0000000083a00000, 0x0000000088e00000, 0x00000000d6900000)
  object space 86016K, 5% used [0x0000000083a00000,0x0000000083ee3758,0x0000000088e00000)
 Metaspace       used 13933K, capacity 14314K, committed 14592K, reserved 1062912K
  class space    used 1578K, capacity 1668K, committed 1792K, reserved 1048576K

Deoptimization events (10 events):
Event: 95.474 Thread 0x000000000218a800 Uncommon trap: reason=bimorphic action=maybe_recompile pc=0x00007f1ffc5e0494 method=java.util.HashMap.putVal(ILjava/lang/Object;Ljava/lang/Object;ZZ)Ljava/lang/Object; @ 91
Event: 95.474 Thread 0x000000000218a800 Uncommon trap: reason=bimorphic action=maybe_recompile pc=0x00007f1ffc5e0494 method=java.util.HashMap.putVal(ILjava/lang/Object;Ljava/lang/Object;ZZ)Ljava/lang/Object; @ 91
Event: 95.474 Thread 0x000000000218a800 Uncommon trap: reason=bimorphic action=maybe_recompile pc=0x00007f1ffc5e0494 method=java.util.HashMap.putVal(ILjava/lang/Object;Ljava/lang/Object;ZZ)Ljava/lang/Object; @ 91
Event: 95.474 Thread 0x000000000218a800 Uncommon trap: reason=bimorphic action=maybe_recompile pc=0x00007f1ffc5e0494 method=java.util.HashMap.putVal(ILjava/lang/Object;Ljava/lang/Object;ZZ)Ljava/lang/Object; @ 91
Event: 96.687 Thread 0x000000000218a800 Uncommon trap: reason=class_check action=maybe_recompile pc=0x00007f1ffc742e50 method=java.util.HashMap.putVal(ILjava/lang/Object;Ljava/lang/Object;ZZ)Ljava/lang/Object; @ 203
Event: 96.742 Thread 0x000000000218a800 Uncommon trap: reason=class_check action=maybe_recompile pc=0x00007f1ffc742e50 method=java.util.HashMap.putVal(ILjava/lang/Object;Ljava/lang/Object;ZZ)Ljava/lang/Object; @ 203
Event: 96.742 Thread 0x000000000218a800 Uncommon trap: reason=class_check action=maybe_recompile pc=0x00007f1ffc742e50 method=java.util.HashMap.putVal(ILjava/lang/Object;Ljava/lang/Object;ZZ)Ljava/lang/Object; @ 203
Event: 96.772 Thread 0x000000000218a800 Uncommon trap: reason=class_check action=maybe_recompile pc=0x00007f1ffc742e50 method=java.util.HashMap.putVal(ILjava/lang/Object;Ljava/lang/Object;ZZ)Ljava/lang/Object; @ 203
Event: 98.871 Thread 0x000000000218a800 Uncommon trap: reason=unstable_if action=reinterpret pc=0x00007f1ffc55ceac method=java.lang.AbstractStringBuilder.append(Ljava/lang/String;)Ljava/lang/AbstractStringBuilder; @ 1
Event: 99.138 Thread 0x000000000218a800 Uncommon trap: reason=unstable_if action=reinterpret pc=0x00007f1ffc87a1dc method=org.evosuite.shaded.org.objectweb.asm.Type.getArgumentsAndReturnSizes(Ljava/lang/String;)I @ 47

Classes redefined (0 events):
No events

Internal exceptions (10 events):
Event: 81.784 Thread 0x00007f200c299000 Exception <a 'java/net/ConnectException'> (0x00000000d6d2a608) thrown at [/HUDSON/workspace/8-2-build-linux-amd64/jdk8u181/11358/hotspot/src/share/vm/prims/jni.cpp, line 709]
Event: 81.790 Thread 0x00007f200c29c000 Exception <a 'java/net/ConnectException'> (0x00000000d6d7c588) thrown at [/HUDSON/workspace/8-2-build-linux-amd64/jdk8u181/11358/hotspot/src/share/vm/prims/jni.cpp, line 709]
Event: 91.779 Thread 0x00007f200c29a800 Exception <a 'java/net/ConnectException'> (0x00000000d6cd92e8) thrown at [/HUDSON/workspace/8-2-build-linux-amd64/jdk8u181/11358/hotspot/src/share/vm/prims/jni.cpp, line 709]
Event: 91.785 Thread 0x00007f200c299000 Exception <a 'java/net/ConnectException'> (0x00000000d6d2b130) thrown at [/HUDSON/workspace/8-2-build-linux-amd64/jdk8u181/11358/hotspot/src/share/vm/prims/jni.cpp, line 709]
Event: 91.791 Thread 0x00007f200c29c000 Exception <a 'java/net/ConnectException'> (0x00000000d6d7d0b0) thrown at [/HUDSON/workspace/8-2-build-linux-amd64/jdk8u181/11358/hotspot/src/share/vm/prims/jni.cpp, line 709]
Event: 96.021 Thread 0x000000000218a800 Exception <a 'java/lang/NoSuchMethodError': <clinit>> (0x00000000d7461e18) thrown at [/HUDSON/workspace/8-2-build-linux-amd64/jdk8u181/11358/hotspot/src/share/vm/prims/jni.cpp, line 1613]
Event: 98.871 Thread 0x000000000218a800 Implicit null exception at 0x00007f1ffc55cab4 to 0x00007f1ffc55ce95
Event: 101.780 Thread 0x00007f200c29a800 Exception <a 'java/net/ConnectException'> (0x00000000d8ca0d78) thrown at [/HUDSON/workspace/8-2-build-linux-amd64/jdk8u181/11358/hotspot/src/share/vm/prims/jni.cpp, line 709]
Event: 101.785 Thread 0x00007f200c299000 Exception <a 'java/net/ConnectException'> (0x00000000d8d09b90) thrown at [/HUDSON/workspace/8-2-build-linux-amd64/jdk8u181/11358/hotspot/src/share/vm/prims/jni.cpp, line 709]
Event: 101.791 Thread 0x00007f200c29c000 Exception <a 'java/net/ConnectException'> (0x00000000d8d729a8) thrown at [/HUDSON/workspace/8-2-build-linux-amd64/jdk8u181/11358/hotspot/src/share/vm/prims/jni.cpp, line 709]

Events (10 events):
Event: 101.437 Thread 0x000000000218a800 DEOPT UNPACKING pc=0x00007f1ffc3bf784 sp=0x00007f1fcc9ed770 mode 0
Event: 101.606 Thread 0x000000000218a800 DEOPT PACKING pc=0x00007f1ffc90ce79 sp=0x00007f1fcc9ed900
Event: 101.606 Thread 0x000000000218a800 DEOPT UNPACKING pc=0x00007f1ffc3bf784 sp=0x00007f1fcc9ed770 mode 0
Event: 101.889 Thread 0x000000000218a800 DEOPT PACKING pc=0x00007f1ffc7fd3c8 sp=0x00007f1fcc9ed2b0
Event: 101.889 Thread 0x000000000218a800 DEOPT UNPACKING pc=0x00007f1ffc3bf784 sp=0x00007f1fcc9ed1f8 mode 0
Event: 101.893 Thread 0x000000000218a800 DEOPT PACKING pc=0x00007f1ffc90ce79 sp=0x00007f1fcc9ed900
Event: 101.893 Thread 0x000000000218a800 DEOPT UNPACKING pc=0x00007f1ffc3bf784 sp=0x00007f1fcc9ed770 mode 0
Event: 102.643 Thread 0x000000000218a800 DEOPT PACKING pc=0x00007f1ffc90ce79 sp=0x00007f1fcc9ed900
Event: 102.643 Thread 0x000000000218a800 DEOPT UNPACKING pc=0x00007f1ffc3bf784 sp=0x00007f1fcc9ed770 mode 0
Event: 103.130 Executing VM operation: ParallelGCFailedAllocation


Dynamic libraries:
00400000-00401000 r-xp 00000000 08:01 1448396                            /usr/lib/jvm/jdk1.8.0_181/bin/java
00600000-00601000 rw-p 00000000 08:01 1448396                            /usr/lib/jvm/jdk1.8.0_181/bin/java
02188000-021a9000 rw-p 00000000 00:00 0                                  [heap]
83a00000-88e00000 rw-p 00000000 00:00 0 
88e00000-d6900000 ---p 00000000 00:00 0 
d6900000-db500000 rw-p 00000000 00:00 0 
df500000-100000000 ---p 00000000 00:00 0 
100000000-1001c0000 rw-p 00000000 00:00 0 
1001c0000-140000000 ---p 00000000 00:00 0 
7f1fb4000000-7f1fb4021000 rw-p 00000000 00:00 0 
7f1fb4021000-7f1fb8000000 ---p 00000000 00:00 0 
7f1fbc000000-7f1fbc021000 rw-p 00000000 00:00 0 
7f1fbc021000-7f1fc0000000 ---p 00000000 00:00 0 
7f1fc0000000-7f1fc0021000 rw-p 00000000 00:00 0 
7f1fc0021000-7f1fc4000000 ---p 00000000 00:00 0 
7f1fc4000000-7f1fc4021000 rw-p 00000000 00:00 0 
7f1fc4021000-7f1fc8000000 ---p 00000000 00:00 0 
7f1fc8000000-7f1fc8021000 rw-p 00000000 00:00 0 
7f1fc8021000-7f1fcc000000 ---p 00000000 00:00 0 
7f1fcc4f8000-7f1fcc578000 rw-p 00000000 00:00 0 
7f1fcc578000-7f1fcc6f8000 ---p 00000000 00:00 0 
7f1fcc6f8000-7f1fcc8f8000 rw-p 00000000 00:00 0 
7f1fcc8f8000-7f1fcc8fb000 ---p 00000000 00:00 0 
7f1fcc8fb000-7f1fcc9f9000 rw-p 00000000 00:00 0 
7f1fcc9f9000-7f1fcc9fc000 ---p 00000000 00:00 0 
7f1fcc9fc000-7f1fccafa000 rw-p 00000000 00:00 0 
7f1fccafa000-7f1fccafd000 ---p 00000000 00:00 0 
7f1fccafd000-7f1fccbfb000 rw-p 00000000 00:00 0 
7f1fccbfb000-7f1fccbfe000 ---p 00000000 00:00 0 
7f1fccbfe000-7f1fcccfc000 rw-p 00000000 00:00 0 
7f1fcccfc000-7f1fcccff000 ---p 00000000 00:00 0 
7f1fcccff000-7f1fccdfd000 rw-p 00000000 00:00 0 
7f1fccdfd000-7f1fcce00000 ---p 00000000 00:00 0 
7f1fcce00000-7f1fccefe000 rw-p 00000000 00:00 0 
7f1fccefe000-7f1fccf01000 ---p 00000000 00:00 0 
7f1fccf01000-7f1fd0000000 rw-p 00000000 00:00 0 
7f1fd0000000-7f1fd0c64000 rw-p 00000000 00:00 0 
7f1fd0c64000-7f1fd4000000 ---p 00000000 00:00 0 
7f1fd4000000-7f1fd4021000 rw-p 00000000 00:00 0 
7f1fd4021000-7f1fd8000000 ---p 00000000 00:00 0 
7f1fd8000000-7f1fd8021000 rw-p 00000000 00:00 0 
7f1fd8021000-7f1fdc000000 ---p 00000000 00:00 0 
7f1fdc000000-7f1fdc922000 rw-p 00000000 00:00 0 
7f1fdc922000-7f1fe0000000 ---p 00000000 00:00 0 
7f1fe0000000-7f1fe0021000 rw-p 00000000 00:00 0 
7f1fe0021000-7f1fe4000000 ---p 00000000 00:00 0 
7f1fe4000000-7f1fe405b000 rw-p 00000000 00:00 0 
7f1fe405b000-7f1fe8000000 ---p 00000000 00:00 0 
7f1fe8000000-7f1fe8150000 rw-p 00000000 00:00 0 
7f1fe8150000-7f1fec000000 ---p 00000000 00:00 0 
7f1fec000000-7f1fec292000 rw-p 00000000 00:00 0 
7f1fec292000-7f1ff0000000 ---p 00000000 00:00 0 
7f1ff0000000-7f1ff0021000 rw-p 00000000 00:00 0 
7f1ff0021000-7f1ff4000000 ---p 00000000 00:00 0 
7f1ff4039000-7f1ff404c000 r--s 00345000 08:01 2756119                    /usr/lib/jvm/jdk1.8.0_181/jre/lib/resources.jar
7f1ff404c000-7f1ff4068000 r--s 00393000 08:01 2756136                    /usr/lib/jvm/jdk1.8.0_181/jre/lib/ext/cldrdata.jar
7f1ff4068000-7f1ff406b000 ---p 00000000 00:00 0 
7f1ff406b000-7f1ff4169000 rw-p 00000000 00:00 0 
7f1ff4169000-7f1ff416c000 ---p 00000000 00:00 0 
7f1ff416c000-7f1ff426a000 rw-p 00000000 00:00 0 
7f1ff426a000-7f1ff426d000 ---p 00000000 00:00 0 
7f1ff426d000-7f1ff42a3000 rw-p 00000000 00:00 0 
7f1ff42a3000-7f1ff42a6000 ---p 00000000 00:00 0 
7f1ff42a6000-7f1ff43a4000 rw-p 00000000 00:00 0 
7f1ff43a4000-7f1ff43a7000 ---p 00000000 00:00 0 
7f1ff43a7000-7f1ff44a5000 rw-p 00000000 00:00 0 
7f1ff44a5000-7f1ff44a8000 ---p 00000000 00:00 0 
7f1ff44a8000-7f1ff45a6000 rw-p 00000000 00:00 0 
7f1ff45a6000-7f1ff45a9000 ---p 00000000 00:00 0 
7f1ff45a9000-7f1ff46a7000 rw-p 00000000 00:00 0 
7f1ff46a7000-7f1ff46aa000 ---p 00000000 00:00 0 
7f1ff46aa000-7f1ff49a8000 rw-p 00000000 00:00 0 
7f1ff49a8000-7f1ff49ba000 r--s 00169000 08:01 3032675                    /home/whj/dowork/DiffTGen/extra_output/Chart_1_2_sequencer/target/build/classes/all0.jar
7f1ff49ba000-7f1ff4a33000 r--s 010f9000 08:01 1448503                    /usr/lib/jvm/jdk1.8.0_181/lib/tools.jar
7f1ff4a33000-7f1ff4a36000 ---p 00000000 00:00 0 
7f1ff4a36000-7f1ff4b34000 rw-p 00000000 00:00 0 
7f1ff4b34000-7f1ff4b37000 ---p 00000000 00:00 0 
7f1ff4b37000-7f1ff4c35000 rw-p 00000000 00:00 0 
7f1ff4c35000-7f1ff4c38000 ---p 00000000 00:00 0 
7f1ff4c38000-7f1ff4d36000 rw-p 00000000 00:00 0 
7f1ff4d36000-7f1ff4d4c000 r-xp 00000000 08:01 2756237                    /usr/lib/jvm/jdk1.8.0_181/jre/lib/amd64/libnet.so
7f1ff4d4c000-7f1ff4f4c000 ---p 00016000 08:01 2756237                    /usr/lib/jvm/jdk1.8.0_181/jre/lib/amd64/libnet.so
7f1ff4f4c000-7f1ff4f4d000 rw-p 00016000 08:01 2756237                    /usr/lib/jvm/jdk1.8.0_181/jre/lib/amd64/libnet.so
7f1ff4f4d000-7f1ff517e000 r--s 01bb1000 08:01 1706762                    /home/whj/dowork/DiffTGen/lib/evosuite-1.0.6.jar
7f1ff517e000-7f1ff517f000 ---p 00000000 00:00 0 
7f1ff517f000-7f1ff527f000 rw-p 00000000 00:00 0 
7f1ff527f000-7f1ff5282000 ---p 00000000 00:00 0 
7f1ff5282000-7f1ff5380000 rw-p 00000000 00:00 0 
7f1ff5380000-7f1ff5383000 ---p 00000000 00:00 0 
7f1ff5383000-7f1ff5481000 rw-p 00000000 00:00 0 
7f1ff5481000-7f1ff5484000 ---p 00000000 00:00 0 
7f1ff5484000-7f1ff5582000 rw-p 00000000 00:00 0 
7f1ff5582000-7f1ff5585000 ---p 00000000 00:00 0 
7f1ff5585000-7f1ff5683000 rw-p 00000000 00:00 0 
7f1ff5683000-7f1ff6042000 r--p 00000000 08:01 1316108                    /usr/lib/locale/locale-archive
7f1ff6042000-7f1ff6045000 ---p 00000000 00:00 0 
7f1ff6045000-7f1ff6143000 rw-p 00000000 00:00 0 
7f1ff6143000-7f1ff6146000 ---p 00000000 00:00 0 
7f1ff6146000-7f1ff6244000 rw-p 00000000 00:00 0 
7f1ff6244000-7f1ff6245000 ---p 00000000 00:00 0 
7f1ff6245000-7f1ff6c4e000 rw-p 00000000 00:00 0 
7f1ff6c4e000-7f1ff6e28000 r--s 03d6b000 08:01 2756084                    /usr/lib/jvm/jdk1.8.0_181/jre/lib/rt.jar
7f1ff6e28000-7f1ffb83b000 rw-p 00000000 00:00 0 
7f1ffb83b000-7f1ffb83c000 ---p 00000000 00:00 0 
7f1ffb83c000-7f1ffb966000 rw-p 00000000 00:00 0 
7f1ffb966000-7f1ffbbd4000 ---p 00000000 00:00 0 
7f1ffbbd4000-7f1ffbbfe000 rw-p 00000000 00:00 0 
7f1ffbbfe000-7f1ffbe6b000 ---p 00000000 00:00 0 
7f1ffbe6b000-7f1ffbe92000 rw-p 00000000 00:00 0 
7f1ffbe92000-7f1ffbfb7000 ---p 00000000 00:00 0 
7f1ffbfb7000-7f1ffbfd1000 rw-p 00000000 00:00 0 
7f1ffbfd1000-7f1ffc378000 ---p 00000000 00:00 0 
7f1ffc378000-7f1ffc9a8000 rwxp 00000000 00:00 0 
7f1ffc9a8000-7f200b378000 ---p 00000000 00:00 0 
7f200b378000-7f200b393000 r-xp 00000000 08:01 2756233                    /usr/lib/jvm/jdk1.8.0_181/jre/lib/amd64/libzip.so
7f200b393000-7f200b593000 ---p 0001b000 08:01 2756233                    /usr/lib/jvm/jdk1.8.0_181/jre/lib/amd64/libzip.so
7f200b593000-7f200b594000 rw-p 0001b000 08:01 2756233                    /usr/lib/jvm/jdk1.8.0_181/jre/lib/amd64/libzip.so
7f200b594000-7f200b59f000 r-xp 00000000 08:01 1054188                    /lib/x86_64-linux-gnu/libnss_files-2.23.so
7f200b59f000-7f200b79e000 ---p 0000b000 08:01 1054188                    /lib/x86_64-linux-gnu/libnss_files-2.23.so
7f200b79e000-7f200b79f000 r--p 0000a000 08:01 1054188                    /lib/x86_64-linux-gnu/libnss_files-2.23.so
7f200b79f000-7f200b7a0000 rw-p 0000b000 08:01 1054188                    /lib/x86_64-linux-gnu/libnss_files-2.23.so
7f200b7a0000-7f200b7a6000 rw-p 00000000 00:00 0 
7f200b7a6000-7f200b7b1000 r-xp 00000000 08:01 1054198                    /lib/x86_64-linux-gnu/libnss_nis-2.23.so
7f200b7b1000-7f200b9b0000 ---p 0000b000 08:01 1054198                    /lib/x86_64-linux-gnu/libnss_nis-2.23.so
7f200b9b0000-7f200b9b1000 r--p 0000a000 08:01 1054198                    /lib/x86_64-linux-gnu/libnss_nis-2.23.so
7f200b9b1000-7f200b9b2000 rw-p 0000b000 08:01 1054198                    /lib/x86_64-linux-gnu/libnss_nis-2.23.so
7f200b9b2000-7f200b9c8000 r-xp 00000000 08:01 1054182                    /lib/x86_64-linux-gnu/libnsl-2.23.so
7f200b9c8000-7f200bbc7000 ---p 00016000 08:01 1054182                    /lib/x86_64-linux-gnu/libnsl-2.23.so
7f200bbc7000-7f200bbc8000 r--p 00015000 08:01 1054182                    /lib/x86_64-linux-gnu/libnsl-2.23.so
7f200bbc8000-7f200bbc9000 rw-p 00016000 08:01 1054182                    /lib/x86_64-linux-gnu/libnsl-2.23.so
7f200bbc9000-7f200bbcb000 rw-p 00000000 00:00 0 
7f200bbcb000-7f200bbd3000 r-xp 00000000 08:01 1054184                    /lib/x86_64-linux-gnu/libnss_compat-2.23.so
7f200bbd3000-7f200bdd2000 ---p 00008000 08:01 1054184                    /lib/x86_64-linux-gnu/libnss_compat-2.23.so
7f200bdd2000-7f200bdd3000 r--p 00007000 08:01 1054184                    /lib/x86_64-linux-gnu/libnss_compat-2.23.so
7f200bdd3000-7f200bdd4000 rw-p 00008000 08:01 1054184                    /lib/x86_64-linux-gnu/libnss_compat-2.23.so
7f200bdd4000-7f200bdff000 r-xp 00000000 08:01 2756227                    /usr/lib/jvm/jdk1.8.0_181/jre/lib/amd64/libjava.so
7f200bdff000-7f200bffe000 ---p 0002b000 08:01 2756227                    /usr/lib/jvm/jdk1.8.0_181/jre/lib/amd64/libjava.so
7f200bffe000-7f200c000000 rw-p 0002a000 08:01 2756227                    /usr/lib/jvm/jdk1.8.0_181/jre/lib/amd64/libjava.so
7f200c000000-7f200c474000 rw-p 00000000 00:00 0 
7f200c474000-7f2010000000 ---p 00000000 00:00 0 
7f2010009000-7f201007f000 rw-p 00000000 00:00 0 
7f201007f000-7f2010080000 ---p 00000000 00:00 0 
7f2010080000-7f2010180000 rw-p 00000000 00:00 0 
7f2010180000-7f201018d000 r-xp 00000000 08:01 2756232                    /usr/lib/jvm/jdk1.8.0_181/jre/lib/amd64/libverify.so
7f201018d000-7f201038d000 ---p 0000d000 08:01 2756232                    /usr/lib/jvm/jdk1.8.0_181/jre/lib/amd64/libverify.so
7f201038d000-7f201038f000 rw-p 0000d000 08:01 2756232                    /usr/lib/jvm/jdk1.8.0_181/jre/lib/amd64/libverify.so
7f201038f000-7f2010396000 r-xp 00000000 08:01 1054243                    /lib/x86_64-linux-gnu/librt-2.23.so
7f2010396000-7f2010595000 ---p 00007000 08:01 1054243                    /lib/x86_64-linux-gnu/librt-2.23.so
7f2010595000-7f2010596000 r--p 00006000 08:01 1054243                    /lib/x86_64-linux-gnu/librt-2.23.so
7f2010596000-7f2010597000 rw-p 00007000 08:01 1054243                    /lib/x86_64-linux-gnu/librt-2.23.so
7f2010597000-7f201069f000 r-xp 00000000 08:01 1054159                    /lib/x86_64-linux-gnu/libm-2.23.so
7f201069f000-7f201089e000 ---p 00108000 08:01 1054159                    /lib/x86_64-linux-gnu/libm-2.23.so
7f201089e000-7f201089f000 r--p 00107000 08:01 1054159                    /lib/x86_64-linux-gnu/libm-2.23.so
7f201089f000-7f20108a0000 rw-p 00108000 08:01 1054159                    /lib/x86_64-linux-gnu/libm-2.23.so
7f20108a0000-7f201157c000 r-xp 00000000 08:01 2756209                    /usr/lib/jvm/jdk1.8.0_181/jre/lib/amd64/server/libjvm.so
7f201157c000-7f201177c000 ---p 00cdc000 08:01 2756209                    /usr/lib/jvm/jdk1.8.0_181/jre/lib/amd64/server/libjvm.so
7f201177c000-7f2011856000 rw-p 00cdc000 08:01 2756209                    /usr/lib/jvm/jdk1.8.0_181/jre/lib/amd64/server/libjvm.so
7f2011856000-7f20118a1000 rw-p 00000000 00:00 0 
7f20118a1000-7f2011a61000 r-xp 00000000 08:01 1054089                    /lib/x86_64-linux-gnu/libc-2.23.so
7f2011a61000-7f2011c61000 ---p 001c0000 08:01 1054089                    /lib/x86_64-linux-gnu/libc-2.23.so
7f2011c61000-7f2011c65000 r--p 001c0000 08:01 1054089                    /lib/x86_64-linux-gnu/libc-2.23.so
7f2011c65000-7f2011c67000 rw-p 001c4000 08:01 1054089                    /lib/x86_64-linux-gnu/libc-2.23.so
7f2011c67000-7f2011c6b000 rw-p 00000000 00:00 0 
7f2011c6b000-7f2011c6e000 r-xp 00000000 08:01 1054113                    /lib/x86_64-linux-gnu/libdl-2.23.so
7f2011c6e000-7f2011e6d000 ---p 00003000 08:01 1054113                    /lib/x86_64-linux-gnu/libdl-2.23.so
7f2011e6d000-7f2011e6e000 r--p 00002000 08:01 1054113                    /lib/x86_64-linux-gnu/libdl-2.23.so
7f2011e6e000-7f2011e6f000 rw-p 00003000 08:01 1054113                    /lib/x86_64-linux-gnu/libdl-2.23.so
7f2011e6f000-7f2011e85000 r-xp 00000000 08:01 1449032                    /usr/lib/jvm/jdk1.8.0_181/lib/amd64/jli/libjli.so
7f2011e85000-7f2012084000 ---p 00016000 08:01 1449032                    /usr/lib/jvm/jdk1.8.0_181/lib/amd64/jli/libjli.so
7f2012084000-7f2012085000 rw-p 00015000 08:01 1449032                    /usr/lib/jvm/jdk1.8.0_181/lib/amd64/jli/libjli.so
7f2012085000-7f201209d000 r-xp 00000000 08:01 1054235                    /lib/x86_64-linux-gnu/libpthread-2.23.so
7f201209d000-7f201229c000 ---p 00018000 08:01 1054235                    /lib/x86_64-linux-gnu/libpthread-2.23.so
7f201229c000-7f201229d000 r--p 00017000 08:01 1054235                    /lib/x86_64-linux-gnu/libpthread-2.23.so
7f201229d000-7f201229e000 rw-p 00018000 08:01 1054235                    /lib/x86_64-linux-gnu/libpthread-2.23.so
7f201229e000-7f20122a2000 rw-p 00000000 00:00 0 
7f20122a2000-7f20122c8000 r-xp 00000000 08:01 1054061                    /lib/x86_64-linux-gnu/ld-2.23.so
7f20122ce000-7f20122d8000 r--s 00116000 08:01 2756143                    /usr/lib/jvm/jdk1.8.0_181/jre/lib/ext/localedata.jar
7f20122d8000-7f20123a9000 rw-p 00000000 00:00 0 
7f20123a9000-7f20123ac000 ---p 00000000 00:00 0 
7f20123ac000-7f20124af000 rw-p 00000000 00:00 0 
7f20124af000-7f20124b4000 r--s 0009d000 08:01 2756133                    /usr/lib/jvm/jdk1.8.0_181/jre/lib/jsse.jar
7f20124b4000-7f20124bc000 r--s 0006e000 08:01 2248917                    /home/whj/dowork/DiffTGen/lib/commons-lang3-3.5.jar
7f20124bc000-7f20124bd000 r--s 00000000 08:01 2248922                    /home/whj/dowork/DiffTGen/lib/myprinter.jar
7f20124bd000-7f20124c5000 rw-s 00000000 08:01 1984671                    /tmp/hsperfdata_whj/49784
7f20124c5000-7f20124c6000 rw-p 00000000 00:00 0 
7f20124c6000-7f20124c7000 ---p 00000000 00:00 0 
7f20124c7000-7f20124c8000 r--p 00025000 08:01 1054061                    /lib/x86_64-linux-gnu/ld-2.23.so
7f20124c8000-7f20124c9000 rw-p 00026000 08:01 1054061                    /lib/x86_64-linux-gnu/ld-2.23.so
7f20124c9000-7f20124ca000 rw-p 00000000 00:00 0 
7ffd04503000-7ffd04525000 rw-p 00000000 00:00 0                          [stack]
7ffd045ef000-7ffd045f2000 r--p 00000000 00:00 0                          [vvar]
7ffd045f2000-7ffd045f4000 r-xp 00000000 00:00 0                          [vdso]
ffffffffff600000-ffffffffff601000 r-xp 00000000 00:00 0                  [vsyscall]

VM Arguments:
java_command: /home/whj/dowork/DiffTGen/lib/evosuite-1.0.6.jar -base_dir /home/whj/dowork/DiffTGen/extra_output/Chart_1_2_sequencer/target/0/18 -projectCP /home/whj/dowork/DiffTGen/extra_output/Chart_1_2_sequencer/target/build/classes/all0.jar:/home/whj/dowork/DiffTGen/lib/myprinter.jar:/home/whj/dowork/DiffTGen/lib/commons-lang3-3.5.jar -class org.jfree.chart.renderer.category.AbstractCategoryItemRenderer -Dassertions=false -Dsearch_budget=60
java_class_path (initial): /home/whj/dowork/DiffTGen/lib/evosuite-1.0.6.jar
Launcher Type: SUN_STANDARD

Environment Variables:
JAVA_HOME=/usr/lib/jvm/jdk1.8.0_181
JRE_HOME=/usr/lib/jvm/jdk1.8.0_181/jre
CLASSPATH=.:/usr/lib/jvm/jdk1.8.0_181/lib:/usr/lib/jvm/jdk1.8.0_181/jre/lib
PATH=/home/whj/perl5/bin:/home/whj/dowork/defects4j-1.2.0/framework/bin:/usr/lib/jvm/jdk1.8.0_181/bin:/usr/lib/jvm/jdk1.8.0_181/jre/bin:/home/whj/bin:/home/whj/.local/bin:/usr/local/sbin:/usr/local/bin:/usr/sbin:/usr/bin:/sbin:/bin:/usr/games:/usr/local/games" :/snap/bin:/home/whj/bin
SHELL=/bin/bash
DISPLAY=:0

Signal Handlers:
SIGSEGV: [libjvm.so+0xad2a40], sa_mask[0]=11111111011111111101111111111110, sa_flags=SA_RESTART|SA_SIGINFO
SIGBUS: [libjvm.so+0xad2a40], sa_mask[0]=11111111011111111101111111111110, sa_flags=SA_RESTART|SA_SIGINFO
SIGFPE: [libjvm.so+0x92a610], sa_mask[0]=11111111011111111101111111111110, sa_flags=SA_RESTART|SA_SIGINFO
SIGPIPE: [libjvm.so+0x92a610], sa_mask[0]=11111111011111111101111111111110, sa_flags=SA_RESTART|SA_SIGINFO
SIGXFSZ: [libjvm.so+0x92a610], sa_mask[0]=11111111011111111101111111111110, sa_flags=SA_RESTART|SA_SIGINFO
SIGILL: [libjvm.so+0x92a610], sa_mask[0]=11111111011111111101111111111110, sa_flags=SA_RESTART|SA_SIGINFO
SIGUSR1: SIG_DFL, sa_mask[0]=00000000000000000000000000000000, sa_flags=none
SIGUSR2: [libjvm.so+0x92be70], sa_mask[0]=00100000000000000000000000000000, sa_flags=SA_RESTART|SA_SIGINFO
SIGHUP: [libjvm.so+0x92d270], sa_mask[0]=11111111011111111101111111111110, sa_flags=SA_RESTART|SA_SIGINFO
SIGINT: [libjvm.so+0x92d270], sa_mask[0]=11111111011111111101111111111110, sa_flags=SA_RESTART|SA_SIGINFO
SIGTERM: [libjvm.so+0x92d270], sa_mask[0]=11111111011111111101111111111110, sa_flags=SA_RESTART|SA_SIGINFO
SIGQUIT: [libjvm.so+0x92d270], sa_mask[0]=11111111011111111101111111111110, sa_flags=SA_RESTART|SA_SIGINFO


---------------  S Y S T E M  ---------------

OS:DISTRIB_ID=Ubuntu
DISTRIB_RELEASE=16.04
DISTRIB_CODENAME=xenial
DISTRIB_DESCRIPTION="Ubuntu 16.04.6 LTS"

uname:Linux 4.15.0-91-generic #92~16.04.1-Ubuntu SMP Fri Feb 28 14:57:22 UTC 2020 x86_64
libc:glibc 2.23 NPTL 2.23 
rlimit: STACK 8192k, CORE 0k, NPROC 31576, NOFILE 1048576, AS infinity
load average:16.38 14.79 14.58

/proc/meminfo:
MemTotal:        8144704 kB
MemFree:          125844 kB
MemAvailable:      16348 kB
Buffers:             144 kB
Cached:            22980 kB
SwapCached:         6560 kB
Active:          7072516 kB
Inactive:         489596 kB
Active(anon):    7059312 kB
Inactive(anon):   479956 kB
Active(file):      13204 kB
Inactive(file):     9640 kB
Unevictable:          32 kB
Mlocked:              32 kB
SwapTotal:        998396 kB
SwapFree:              0 kB
Dirty:               328 kB
Writeback:           184 kB
AnonPages:       7532688 kB
Mapped:            16956 kB
Shmem:               148 kB
Slab:              88712 kB
SReclaimable:      31796 kB
SUnreclaim:        56916 kB
KernelStack:       16400 kB
PageTables:        49080 kB
NFS_Unstable:          0 kB
Bounce:                0 kB
WritebackTmp:          0 kB
CommitLimit:     5070748 kB
Committed_AS:   14790424 kB
VmallocTotal:   34359738367 kB
VmallocUsed:           0 kB
VmallocChunk:          0 kB
HardwareCorrupted:     0 kB
AnonHugePages:         0 kB
ShmemHugePages:        0 kB
ShmemPmdMapped:        0 kB
CmaTotal:              0 kB
CmaFree:               0 kB
HugePages_Total:       0
HugePages_Free:        0
HugePages_Rsvd:        0
HugePages_Surp:        0
Hugepagesize:       2048 kB
DirectMap4k:      126784 kB
DirectMap2M:     7213056 kB
DirectMap1G:     3145728 kB


CPU:total 2 (initial active 2) (2 cores per cpu, 1 threads per core) family 6 model 158 stepping 10, cmov, cx8, fxsr, mmx, sse, sse2, sse3, ssse3, sse4.1, sse4.2, popcnt, avx, avx2, aes, clmul, erms, 3dnowpref, lzcnt, tsc, tscinvbit, bmi1, bmi2, adx

/proc/cpuinfo:
processor	: 0
vendor_id	: GenuineIntel
cpu family	: 6
model		: 158
model name	: Intel(R) Core(TM) i7-8750H CPU @ 2.20GHz
stepping	: 10
microcode	: 0x96
cpu MHz		: 2207.999
cache size	: 9216 KB
physical id	: 0
siblings	: 2
core id		: 0
cpu cores	: 2
apicid		: 0
initial apicid	: 0
fpu		: yes
fpu_exception	: yes
cpuid level	: 22
wp		: yes
flags		: fpu vme de pse tsc msr pae mce cx8 apic sep mtrr pge mca cmov pat pse36 clflush mmx fxsr sse sse2 ss ht syscall nx pdpe1gb rdtscp lm constant_tsc arch_perfmon nopl xtopology tsc_reliable nonstop_tsc cpuid pni pclmulqdq ssse3 fma cx16 pcid sse4_1 sse4_2 x2apic movbe popcnt tsc_deadline_timer aes xsave avx f16c rdrand hypervisor lahf_lm abm 3dnowprefetch cpuid_fault invpcid_single pti ssbd ibrs ibpb stibp fsgsbase tsc_adjust bmi1 avx2 smep bmi2 invpcid rdseed adx smap xsaveopt arat flush_l1d arch_capabilities
bugs		: cpu_meltdown spectre_v1 spectre_v2 spec_store_bypass l1tf mds swapgs itlb_multihit
bogomips	: 4415.99
clflush size	: 64
cache_alignment	: 64
address sizes	: 42 bits physical, 48 bits virtual
power management:

processor	: 1
vendor_id	: GenuineIntel
cpu family	: 6
model		: 158
model name	: Intel(R) Core(TM) i7-8750H CPU @ 2.20GHz
stepping	: 10
microcode	: 0x96
cpu MHz		: 2207.999
cache size	: 9216 KB
physical id	: 0
siblings	: 2
core id		: 1
cpu cores	: 2
apicid		: 1
initial apicid	: 1
fpu		: yes
fpu_exception	: yes
cpuid level	: 22
wp		: yes
flags		: fpu vme de pse tsc msr pae mce cx8 apic sep mtrr pge mca cmov pat pse36 clflush mmx fxsr sse sse2 ss ht syscall nx pdpe1gb rdtscp lm constant_tsc arch_perfmon nopl xtopology tsc_reliable nonstop_tsc cpuid pni pclmulqdq ssse3 fma cx16 pcid sse4_1 sse4_2 x2apic movbe popcnt tsc_deadline_timer aes xsave avx f16c rdrand hypervisor lahf_lm abm 3dnowprefetch cpuid_fault invpcid_single pti ssbd ibrs ibpb stibp fsgsbase tsc_adjust bmi1 avx2 smep bmi2 invpcid rdseed adx smap xsaveopt arat flush_l1d arch_capabilities
bugs		: cpu_meltdown spectre_v1 spectre_v2 spec_store_bypass l1tf mds swapgs itlb_multihit
bogomips	: 4415.99
clflush size	: 64
cache_alignment	: 64
address sizes	: 42 bits physical, 48 bits virtual
power management:



Memory: 4k page, physical 8144704k(125256k free), swap 998396k(56k free)

vm_info: Java HotSpot(TM) 64-Bit Server VM (25.181-b13) for linux-amd64 JRE (1.8.0_181-b13), built on Jul  7 2018 00:56:38 by "java_re" with gcc 4.3.0 20080428 (Red Hat 4.3.0-8)

time: Fri Mar 27 14:57:36 2020
elapsed time: 103 seconds (0d 0h 1m 43s)

