#
# There is insufficient memory for the Java Runtime Environment to continue.
# Native memory allocation (mmap) failed to map 262144 bytes for committing reserved memory.
# Possible reasons:
#   The system is out of physical RAM or swap space
#   In 32 bit mode, the process size limit was hit
# Possible solutions:
#   Reduce memory load on the system
#   Increase physical memory or swap space
#   Check if swap backing store is full
#   Use 64 bit Java on a 64 bit OS
#   Decrease Java heap size (-Xmx/-Xms)
#   Decrease number of Java threads
#   Decrease Java thread stack sizes (-Xss)
#   Set larger code cache with -XX:ReservedCodeCacheSize=
# This output file may be truncated or incomplete.
#
#  Out of Memory Error (os_linux.cpp:2640), pid=10613, tid=0x00007fcaa08cb700
#
# JRE version: Java(TM) SE Runtime Environment (8.0_181-b13) (build 1.8.0_181-b13)
# Java VM: Java HotSpot(TM) 64-Bit Server VM (25.181-b13 mixed mode linux-amd64 compressed oops)
# Failed to write core dump. Core dumps have been disabled. To enable core dumping, try "ulimit -c unlimited" before starting Java again
#

---------------  T H R E A D  ---------------

Current thread (0x0000000001bb6800):  JavaThread "RMI TCP Connection(4)-127.0.0.1" daemon [_thread_in_vm, id=11014, stack(0x00007fcaa07cb000,0x00007fcaa08cc000)]

Stack: [0x00007fcaa07cb000,0x00007fcaa08cc000],  sp=0x00007fcaa08c3250,  free space=992k
Native frames: (J=compiled Java code, j=interpreted, Vv=VM code, C=native code)
V  [libjvm.so+0xad21aa]  VMError::report_and_die()+0x2ba
V  [libjvm.so+0x5022db]  report_vm_out_of_memory(char const*, int, unsigned long, VMErrorType, char const*)+0x8b
V  [libjvm.so+0x92fe33]  os::Linux::commit_memory_impl(char*, unsigned long, bool)+0x123
V  [libjvm.so+0x930059]  os::pd_commit_memory(char*, unsigned long, unsigned long, bool)+0x29
V  [libjvm.so+0x9272ba]  os::commit_memory(char*, unsigned long, unsigned long, bool)+0x2a
V  [libjvm.so+0xacde89]  VirtualSpace::expand_by(unsigned long, bool)+0x199
V  [libjvm.so+0x8ab626]  VirtualSpaceList::expand_node_by(VirtualSpaceNode*, unsigned long, unsigned long)+0x76
V  [libjvm.so+0x8ae250]  VirtualSpaceList::expand_by(unsigned long, unsigned long)+0xf0
V  [libjvm.so+0x8ae3e3]  VirtualSpaceList::get_new_chunk(unsigned long, unsigned long)+0xb3
V  [libjvm.so+0x8aed5c]  SpaceManager::grow_and_allocate(unsigned long)+0x37c
V  [libjvm.so+0x8af03b]  SpaceManager::allocate_work(unsigned long)+0x14b
V  [libjvm.so+0x8af0cc]  SpaceManager::allocate(unsigned long)+0x7c
V  [libjvm.so+0x8af31e]  Metaspace::allocate(ClassLoaderData*, unsigned long, bool, MetaspaceObj::Type, Thread*)+0x17e
V  [libjvm.so+0x4f6216]  ConstMethod::allocate(ClassLoaderData*, int, InlineTableSizes*, ConstMethod::MethodType, Thread*)+0xf6
V  [libjvm.so+0x8b91f8]  Method::allocate(ClassLoaderData*, int, AccessFlags, InlineTableSizes*, ConstMethod::MethodType, Thread*)+0x38
V  [libjvm.so+0x461d0f]  ClassFileParser::parse_method(bool, AccessFlags*, Thread*)+0x173f
V  [libjvm.so+0x4624a5]  ClassFileParser::parse_methods(bool, AccessFlags*, bool*, bool*, Thread*)+0x295
V  [libjvm.so+0x46542a]  ClassFileParser::parseClassFile(Symbol*, ClassLoaderData*, Handle, KlassHandle, GrowableArray<Handle>*, TempNewSymbol&, bool, Thread*)+0xcca
V  [libjvm.so+0xa4230f]  SystemDictionary::resolve_from_stream(Symbol*, Handle, Handle, ClassFileStream*, bool, Thread*)+0x14f
V  [libjvm.so+0x71800e]  jvm_define_class_common(JNIEnv_*, char const*, _jobject*, signed char const*, int, _jobject*, char const*, unsigned char, Thread*)+0x2ae
V  [libjvm.so+0x71bd51]  JVM_DefineClassWithSource+0xe1
C  [libjava.so+0xec18]  Java_java_lang_ClassLoader_defineClass1+0x1c8
J 1086  java.lang.ClassLoader.defineClass1(Ljava/lang/String;[BIILjava/security/ProtectionDomain;Ljava/lang/String;)Ljava/lang/Class; (0 bytes) @ 0x00007fcaa939890b [0x00007fcaa9398800+0x10b]
J 931 C1 java.lang.ClassLoader.defineClass(Ljava/lang/String;[BIILjava/security/ProtectionDomain;)Ljava/lang/Class; (43 bytes) @ 0x00007fcaa932fc94 [0x00007fcaa932f6c0+0x5d4]
j  java.lang.ClassLoader.defineClass(Ljava/lang/String;[BII)Ljava/lang/Class;+7
j  org.evosuite.instrumentation.InstrumentingClassLoader.instrumentClass(Ljava/lang/String;)Ljava/lang/Class;+107
j  org.evosuite.instrumentation.InstrumentingClassLoader.loadClass(Ljava/lang/String;)Ljava/lang/Class;+136
v  ~StubRoutines::call_stub
V  [libjvm.so+0x697a76]  JavaCalls::call_helper(JavaValue*, methodHandle*, JavaCallArguments*, Thread*)+0x1056
V  [libjvm.so+0x697f81]  JavaCalls::call_virtual(JavaValue*, KlassHandle, Symbol*, Symbol*, JavaCallArguments*, Thread*)+0x321
V  [libjvm.so+0x6983d6]  JavaCalls::call_virtual(JavaValue*, Handle, KlassHandle, Symbol*, Symbol*, Handle, Thread*)+0x56
V  [libjvm.so+0xa47760]  SystemDictionary::load_instance_class(Symbol*, Handle, Thread*)+0x3f0
V  [libjvm.so+0xa466ac]  SystemDictionary::resolve_instance_class_or_null(Symbol*, Handle, Handle, Thread*)+0x78c
V  [libjvm.so+0xa47b83]  SystemDictionary::resolve_or_fail(Symbol*, Handle, Handle, bool, Thread*)+0x33
V  [libjvm.so+0x9a54f6]  get_mirror_from_signature(methodHandle, SignatureStream*, Thread*)+0xc6
V  [libjvm.so+0x9a8bbe]  Reflection::get_parameter_types(methodHandle, int, oopDesc**, Thread*)+0x18e
V  [libjvm.so+0x9a975c]  Reflection::new_method(methodHandle, bool, bool, Thread*)+0xfc
V  [libjvm.so+0x730849]  get_class_declared_methods_helper(JNIEnv_*, _jclass*, unsigned char, bool, Klass*, Thread*)+0x479
V  [libjvm.so+0x730cdb]  JVM_GetClassDeclaredMethods+0xcb
j  java.lang.Class.getDeclaredMethods0(Z)[Ljava/lang/reflect/Method;+0
J 986 C1 java.lang.Class.privateGetDeclaredMethods(Z)[Ljava/lang/reflect/Method; (67 bytes) @ 0x00007fcaa9358974 [0x00007fcaa9358660+0x314]
j  java.lang.Class.getDeclaredMethods()[Ljava/lang/reflect/Method;+11
j  org.evosuite.utils.generic.GenericMethod.readObject(Ljava/io/ObjectInputStream;)V+39
v  ~StubRoutines::call_stub
V  [libjvm.so+0x697a76]  JavaCalls::call_helper(JavaValue*, methodHandle*, JavaCallArguments*, Thread*)+0x1056
V  [libjvm.so+0x9a6737]  Reflection::invoke(instanceKlassHandle, methodHandle, Handle, bool, objArrayHandle, BasicType, objArrayHandle, bool, Thread*)+0x5d7
V  [libjvm.so+0x9a9e47]  Reflection::invoke_method(oopDesc*, Handle, objArrayHandle, Thread*)+0x147
V  [libjvm.so+0x729c7b]  JVM_InvokeMethod+0x26b
j  sun.reflect.NativeMethodAccessorImpl.invoke0(Ljava/lang/reflect/Method;Ljava/lang/Object;[Ljava/lang/Object;)Ljava/lang/Object;+0
j  sun.reflect.NativeMethodAccessorImpl.invoke(Ljava/lang/Object;[Ljava/lang/Object;)Ljava/lang/Object;+100
J 1131 C2 java.io.ObjectInputStream.readSerialData(Ljava/lang/Object;Ljava/io/ObjectStreamClass;)V (367 bytes) @ 0x00007fcaa9473d90 [0x00007fcaa9473280+0xb10]
J 1128 C2 java.io.ObjectInputStream.readOrdinaryObject(Z)Ljava/lang/Object; (322 bytes) @ 0x00007fcaa9617b9c [0x00007fcaa9617920+0x27c]
J 1919 C1 java.io.ObjectInputStream.readObject0(Z)Ljava/lang/Object; (566 bytes) @ 0x00007fcaa96554c4 [0x00007fcaa9654920+0xba4]
J 1131 C2 java.io.ObjectInputStream.readSerialData(Ljava/lang/Object;Ljava/io/ObjectStreamClass;)V (367 bytes) @ 0x00007fcaa94738a0 [0x00007fcaa9473280+0x620]
J 1128 C2 java.io.ObjectInputStream.readOrdinaryObject(Z)Ljava/lang/Object; (322 bytes) @ 0x00007fcaa9617b9c [0x00007fcaa9617920+0x27c]
J 1919 C1 java.io.ObjectInputStream.readObject0(Z)Ljava/lang/Object; (566 bytes) @ 0x00007fcaa96554c4 [0x00007fcaa9654920+0xba4]
J 1129 C2 java.io.ObjectInputStream.readObject()Ljava/lang/Object; (130 bytes) @ 0x00007fcaa960244c [0x00007fcaa9602400+0x4c]
j  java.util.ArrayList.readObject(Ljava/io/ObjectInputStream;)V+76
j  sun.reflect.GeneratedMethodAccessor6.invoke(Ljava/lang/Object;[Ljava/lang/Object;)Ljava/lang/Object;+40
J 1032 C1 sun.reflect.DelegatingMethodAccessorImpl.invoke(Ljava/lang/Object;[Ljava/lang/Object;)Ljava/lang/Object; (10 bytes) @ 0x00007fcaa9380384 [0x00007fcaa9380280+0x104]
J 1031 C1 java.lang.reflect.Method.invoke(Ljava/lang/Object;[Ljava/lang/Object;)Ljava/lang/Object; (62 bytes) @ 0x00007fcaa937fdcc [0x00007fcaa937f9e0+0x3ec]
J 1038 C1 java.io.ObjectStreamClass.invokeReadObject(Ljava/lang/Object;Ljava/io/ObjectInputStream;)V (93 bytes) @ 0x00007fcaa93824ac [0x00007fcaa9382140+0x36c]
J 1019 C1 java.io.ObjectInputStream.readSerialData(Ljava/lang/Object;Ljava/io/ObjectStreamClass;)V (367 bytes) @ 0x00007fcaa9375eac [0x00007fcaa9375600+0x8ac]
J 1007 C1 java.io.ObjectInputStream.readOrdinaryObject(Z)Ljava/lang/Object; (322 bytes) @ 0x00007fcaa9368a94 [0x00007fcaa93681c0+0x8d4]
J 952 C1 java.io.ObjectInputStream.readObject0(Z)Ljava/lang/Object; (566 bytes) @ 0x00007fcaa933ec54 [0x00007fcaa933e020+0xc34]
J 999 C1 java.io.ObjectInputStream.defaultReadFields(Ljava/lang/Object;Ljava/io/ObjectStreamClass;)V (199 bytes) @ 0x00007fcaa935e91c [0x00007fcaa935e2e0+0x63c]
J 1019 C1 java.io.ObjectInputStream.readSerialData(Ljava/lang/Object;Ljava/io/ObjectStreamClass;)V (367 bytes) @ 0x00007fcaa9376204 [0x00007fcaa9375600+0xc04]
J 1007 C1 java.io.ObjectInputStream.readOrdinaryObject(Z)Ljava/lang/Object; (322 bytes) @ 0x00007fcaa9368a94 [0x00007fcaa93681c0+0x8d4]
J 952 C1 java.io.ObjectInputStream.readObject0(Z)Ljava/lang/Object; (566 bytes) @ 0x00007fcaa933ec54 [0x00007fcaa933e020+0xc34]
J 999 C1 java.io.ObjectInputStream.defaultReadFields(Ljava/lang/Object;Ljava/io/ObjectStreamClass;)V (199 bytes) @ 0x00007fcaa935e91c [0x00007fcaa935e2e0+0x63c]
J 1028 C1 java.io.ObjectInputStream.defaultReadObject()V (87 bytes) @ 0x00007fcaa937ea6c [0x00007fcaa937e740+0x32c]
j  org.evosuite.testcase.DefaultTestCase.readObject(Ljava/io/ObjectInputStream;)V+1
v  ~StubRoutines::call_stub
V  [libjvm.so+0x697a76]  JavaCalls::call_helper(JavaValue*, methodHandle*, JavaCallArguments*, Thread*)+0x1056
V  [libjvm.so+0x9a6737]  Reflection::invoke(instanceKlassHandle, methodHandle, Handle, bool, objArrayHandle, BasicType, objArrayHandle, bool, Thread*)+0x5d7
V  [libjvm.so+0x9a9e47]  Reflection::invoke_method(oopDesc*, Handle, objArrayHandle, Thread*)+0x147
V  [libjvm.so+0x729c7b]  JVM_InvokeMethod+0x26b
j  sun.reflect.NativeMethodAccessorImpl.invoke0(Ljava/lang/reflect/Method;Ljava/lang/Object;[Ljava/lang/Object;)Ljava/lang/Object;+0
j  sun.reflect.NativeMethodAccessorImpl.invoke(Ljava/lang/Object;[Ljava/lang/Object;)Ljava/lang/Object;+100
J 1032 C1 sun.reflect.DelegatingMethodAccessorImpl.invoke(Ljava/lang/Object;[Ljava/lang/Object;)Ljava/lang/Object; (10 bytes) @ 0x00007fcaa9380384 [0x00007fcaa9380280+0x104]
J 1031 C1 java.lang.reflect.Method.invoke(Ljava/lang/Object;[Ljava/lang/Object;)Ljava/lang/Object; (62 bytes) @ 0x00007fcaa937fdcc [0x00007fcaa937f9e0+0x3ec]
J 1038 C1 java.io.ObjectStreamClass.invokeReadObject(Ljava/lang/Object;Ljava/io/ObjectInputStream;)V (93 bytes) @ 0x00007fcaa93824ac [0x00007fcaa9382140+0x36c]
J 1019 C1 java.io.ObjectInputStream.readSerialData(Ljava/lang/Object;Ljava/io/ObjectStreamClass;)V (367 bytes) @ 0x00007fcaa9375eac [0x00007fcaa9375600+0x8ac]
J 1007 C1 java.io.ObjectInputStream.readOrdinaryObject(Z)Ljava/lang/Object; (322 bytes) @ 0x00007fcaa9368a94 [0x00007fcaa93681c0+0x8d4]
J 952 C1 java.io.ObjectInputStream.readObject0(Z)Ljava/lang/Object; (566 bytes) @ 0x00007fcaa933ec54 [0x00007fcaa933e020+0xc34]
J 999 C1 java.io.ObjectInputStream.defaultReadFields(Ljava/lang/Object;Ljava/io/ObjectStreamClass;)V (199 bytes) @ 0x00007fcaa935e91c [0x00007fcaa935e2e0+0x63c]
J 1019 C1 java.io.ObjectInputStream.readSerialData(Ljava/lang/Object;Ljava/io/ObjectStreamClass;)V (367 bytes) @ 0x00007fcaa9376204 [0x00007fcaa9375600+0xc04]
J 1007 C1 java.io.ObjectInputStream.readOrdinaryObject(Z)Ljava/lang/Object; (322 bytes) @ 0x00007fcaa9368a94 [0x00007fcaa93681c0+0x8d4]
J 952 C1 java.io.ObjectInputStream.readObject0(Z)Ljava/lang/Object; (566 bytes) @ 0x00007fcaa933ec54 [0x00007fcaa933e020+0xc34]
J 1001 C1 java.io.ObjectInputStream.readObject()Ljava/lang/Object; (130 bytes) @ 0x00007fcaa9362ad4 [0x00007fcaa9362a00+0xd4]
j  java.util.ArrayList.readObject(Ljava/io/ObjectInputStream;)V+76
j  sun.reflect.GeneratedMethodAccessor6.invoke(Ljava/lang/Object;[Ljava/lang/Object;)Ljava/lang/Object;+40
J 1032 C1 sun.reflect.DelegatingMethodAccessorImpl.invoke(Ljava/lang/Object;[Ljava/lang/Object;)Ljava/lang/Object; (10 bytes) @ 0x00007fcaa9380384 [0x00007fcaa9380280+0x104]
J 1031 C1 java.lang.reflect.Method.invoke(Ljava/lang/Object;[Ljava/lang/Object;)Ljava/lang/Object; (62 bytes) @ 0x00007fcaa937fdcc [0x00007fcaa937f9e0+0x3ec]
J 1038 C1 java.io.ObjectStreamClass.invokeReadObject(Ljava/lang/Object;Ljava/io/ObjectInputStream;)V (93 bytes) @ 0x00007fcaa93824ac [0x00007fcaa9382140+0x36c]
J 1019 C1 java.io.ObjectInputStream.readSerialData(Ljava/lang/Object;Ljava/io/ObjectStreamClass;)V (367 bytes) @ 0x00007fcaa9375eac [0x00007fcaa9375600+0x8ac]
J 1007 C1 java.io.ObjectInputStream.readOrdinaryObject(Z)Ljava/lang/Object; (322 bytes) @ 0x00007fcaa9368a94 [0x00007fcaa93681c0+0x8d4]
J 952 C1 java.io.ObjectInputStream.readObject0(Z)Ljava/lang/Object; (566 bytes) @ 0x00007fcaa933ec54 [0x00007fcaa933e020+0xc34]
J 999 C1 java.io.ObjectInputStream.defaultReadFields(Ljava/lang/Object;Ljava/io/ObjectStreamClass;)V (199 bytes) @ 0x00007fcaa935e91c [0x00007fcaa935e2e0+0x63c]
j  java.io.ObjectInputStream.readSerialData(Ljava/lang/Object;Ljava/io/ObjectStreamClass;)V+298
...<more frames>...

Java frames: (J=compiled Java code, j=interpreted, Vv=VM code)
J 1086  java.lang.ClassLoader.defineClass1(Ljava/lang/String;[BIILjava/security/ProtectionDomain;Ljava/lang/String;)Ljava/lang/Class; (0 bytes) @ 0x00007fcaa9398891 [0x00007fcaa9398800+0x91]
J 931 C1 java.lang.ClassLoader.defineClass(Ljava/lang/String;[BIILjava/security/ProtectionDomain;)Ljava/lang/Class; (43 bytes) @ 0x00007fcaa932fc94 [0x00007fcaa932f6c0+0x5d4]
j  java.lang.ClassLoader.defineClass(Ljava/lang/String;[BII)Ljava/lang/Class;+7
j  org.evosuite.instrumentation.InstrumentingClassLoader.instrumentClass(Ljava/lang/String;)Ljava/lang/Class;+107
j  org.evosuite.instrumentation.InstrumentingClassLoader.loadClass(Ljava/lang/String;)Ljava/lang/Class;+136
v  ~StubRoutines::call_stub
j  java.lang.Class.getDeclaredMethods0(Z)[Ljava/lang/reflect/Method;+0
J 986 C1 java.lang.Class.privateGetDeclaredMethods(Z)[Ljava/lang/reflect/Method; (67 bytes) @ 0x00007fcaa9358974 [0x00007fcaa9358660+0x314]
j  java.lang.Class.getDeclaredMethods()[Ljava/lang/reflect/Method;+11
j  org.evosuite.utils.generic.GenericMethod.readObject(Ljava/io/ObjectInputStream;)V+39
v  ~StubRoutines::call_stub
j  sun.reflect.NativeMethodAccessorImpl.invoke0(Ljava/lang/reflect/Method;Ljava/lang/Object;[Ljava/lang/Object;)Ljava/lang/Object;+0
j  sun.reflect.NativeMethodAccessorImpl.invoke(Ljava/lang/Object;[Ljava/lang/Object;)Ljava/lang/Object;+100
J 1131 C2 java.io.ObjectInputStream.readSerialData(Ljava/lang/Object;Ljava/io/ObjectStreamClass;)V (367 bytes) @ 0x00007fcaa9473d90 [0x00007fcaa9473280+0xb10]
J 1128 C2 java.io.ObjectInputStream.readOrdinaryObject(Z)Ljava/lang/Object; (322 bytes) @ 0x00007fcaa9617b9c [0x00007fcaa9617920+0x27c]
J 1919 C1 java.io.ObjectInputStream.readObject0(Z)Ljava/lang/Object; (566 bytes) @ 0x00007fcaa96554c4 [0x00007fcaa9654920+0xba4]
J 1131 C2 java.io.ObjectInputStream.readSerialData(Ljava/lang/Object;Ljava/io/ObjectStreamClass;)V (367 bytes) @ 0x00007fcaa94738a0 [0x00007fcaa9473280+0x620]
J 1128 C2 java.io.ObjectInputStream.readOrdinaryObject(Z)Ljava/lang/Object; (322 bytes) @ 0x00007fcaa9617b9c [0x00007fcaa9617920+0x27c]
J 1919 C1 java.io.ObjectInputStream.readObject0(Z)Ljava/lang/Object; (566 bytes) @ 0x00007fcaa96554c4 [0x00007fcaa9654920+0xba4]
J 1129 C2 java.io.ObjectInputStream.readObject()Ljava/lang/Object; (130 bytes) @ 0x00007fcaa960244c [0x00007fcaa9602400+0x4c]
j  java.util.ArrayList.readObject(Ljava/io/ObjectInputStream;)V+76
j  sun.reflect.GeneratedMethodAccessor6.invoke(Ljava/lang/Object;[Ljava/lang/Object;)Ljava/lang/Object;+40
J 1032 C1 sun.reflect.DelegatingMethodAccessorImpl.invoke(Ljava/lang/Object;[Ljava/lang/Object;)Ljava/lang/Object; (10 bytes) @ 0x00007fcaa9380384 [0x00007fcaa9380280+0x104]
J 1031 C1 java.lang.reflect.Method.invoke(Ljava/lang/Object;[Ljava/lang/Object;)Ljava/lang/Object; (62 bytes) @ 0x00007fcaa937fdcc [0x00007fcaa937f9e0+0x3ec]
J 1038 C1 java.io.ObjectStreamClass.invokeReadObject(Ljava/lang/Object;Ljava/io/ObjectInputStream;)V (93 bytes) @ 0x00007fcaa93824ac [0x00007fcaa9382140+0x36c]
J 1019 C1 java.io.ObjectInputStream.readSerialData(Ljava/lang/Object;Ljava/io/ObjectStreamClass;)V (367 bytes) @ 0x00007fcaa9375eac [0x00007fcaa9375600+0x8ac]
J 1007 C1 java.io.ObjectInputStream.readOrdinaryObject(Z)Ljava/lang/Object; (322 bytes) @ 0x00007fcaa9368a94 [0x00007fcaa93681c0+0x8d4]
J 952 C1 java.io.ObjectInputStream.readObject0(Z)Ljava/lang/Object; (566 bytes) @ 0x00007fcaa933ec54 [0x00007fcaa933e020+0xc34]
J 999 C1 java.io.ObjectInputStream.defaultReadFields(Ljava/lang/Object;Ljava/io/ObjectStreamClass;)V (199 bytes) @ 0x00007fcaa935e91c [0x00007fcaa935e2e0+0x63c]
J 1019 C1 java.io.ObjectInputStream.readSerialData(Ljava/lang/Object;Ljava/io/ObjectStreamClass;)V (367 bytes) @ 0x00007fcaa9376204 [0x00007fcaa9375600+0xc04]
J 1007 C1 java.io.ObjectInputStream.readOrdinaryObject(Z)Ljava/lang/Object; (322 bytes) @ 0x00007fcaa9368a94 [0x00007fcaa93681c0+0x8d4]
J 952 C1 java.io.ObjectInputStream.readObject0(Z)Ljava/lang/Object; (566 bytes) @ 0x00007fcaa933ec54 [0x00007fcaa933e020+0xc34]
J 999 C1 java.io.ObjectInputStream.defaultReadFields(Ljava/lang/Object;Ljava/io/ObjectStreamClass;)V (199 bytes) @ 0x00007fcaa935e91c [0x00007fcaa935e2e0+0x63c]
J 1028 C1 java.io.ObjectInputStream.defaultReadObject()V (87 bytes) @ 0x00007fcaa937ea6c [0x00007fcaa937e740+0x32c]
j  org.evosuite.testcase.DefaultTestCase.readObject(Ljava/io/ObjectInputStream;)V+1
v  ~StubRoutines::call_stub
j  sun.reflect.NativeMethodAccessorImpl.invoke0(Ljava/lang/reflect/Method;Ljava/lang/Object;[Ljava/lang/Object;)Ljava/lang/Object;+0
j  sun.reflect.NativeMethodAccessorImpl.invoke(Ljava/lang/Object;[Ljava/lang/Object;)Ljava/lang/Object;+100
J 1032 C1 sun.reflect.DelegatingMethodAccessorImpl.invoke(Ljava/lang/Object;[Ljava/lang/Object;)Ljava/lang/Object; (10 bytes) @ 0x00007fcaa9380384 [0x00007fcaa9380280+0x104]
J 1031 C1 java.lang.reflect.Method.invoke(Ljava/lang/Object;[Ljava/lang/Object;)Ljava/lang/Object; (62 bytes) @ 0x00007fcaa937fdcc [0x00007fcaa937f9e0+0x3ec]
J 1038 C1 java.io.ObjectStreamClass.invokeReadObject(Ljava/lang/Object;Ljava/io/ObjectInputStream;)V (93 bytes) @ 0x00007fcaa93824ac [0x00007fcaa9382140+0x36c]
J 1019 C1 java.io.ObjectInputStream.readSerialData(Ljava/lang/Object;Ljava/io/ObjectStreamClass;)V (367 bytes) @ 0x00007fcaa9375eac [0x00007fcaa9375600+0x8ac]
J 1007 C1 java.io.ObjectInputStream.readOrdinaryObject(Z)Ljava/lang/Object; (322 bytes) @ 0x00007fcaa9368a94 [0x00007fcaa93681c0+0x8d4]
J 952 C1 java.io.ObjectInputStream.readObject0(Z)Ljava/lang/Object; (566 bytes) @ 0x00007fcaa933ec54 [0x00007fcaa933e020+0xc34]
J 999 C1 java.io.ObjectInputStream.defaultReadFields(Ljava/lang/Object;Ljava/io/ObjectStreamClass;)V (199 bytes) @ 0x00007fcaa935e91c [0x00007fcaa935e2e0+0x63c]
J 1019 C1 java.io.ObjectInputStream.readSerialData(Ljava/lang/Object;Ljava/io/ObjectStreamClass;)V (367 bytes) @ 0x00007fcaa9376204 [0x00007fcaa9375600+0xc04]
J 1007 C1 java.io.ObjectInputStream.readOrdinaryObject(Z)Ljava/lang/Object; (322 bytes) @ 0x00007fcaa9368a94 [0x00007fcaa93681c0+0x8d4]
J 952 C1 java.io.ObjectInputStream.readObject0(Z)Ljava/lang/Object; (566 bytes) @ 0x00007fcaa933ec54 [0x00007fcaa933e020+0xc34]
J 1001 C1 java.io.ObjectInputStream.readObject()Ljava/lang/Object; (130 bytes) @ 0x00007fcaa9362ad4 [0x00007fcaa9362a00+0xd4]
j  java.util.ArrayList.readObject(Ljava/io/ObjectInputStream;)V+76
j  sun.reflect.GeneratedMethodAccessor6.invoke(Ljava/lang/Object;[Ljava/lang/Object;)Ljava/lang/Object;+40
J 1032 C1 sun.reflect.DelegatingMethodAccessorImpl.invoke(Ljava/lang/Object;[Ljava/lang/Object;)Ljava/lang/Object; (10 bytes) @ 0x00007fcaa9380384 [0x00007fcaa9380280+0x104]
J 1031 C1 java.lang.reflect.Method.invoke(Ljava/lang/Object;[Ljava/lang/Object;)Ljava/lang/Object; (62 bytes) @ 0x00007fcaa937fdcc [0x00007fcaa937f9e0+0x3ec]
J 1038 C1 java.io.ObjectStreamClass.invokeReadObject(Ljava/lang/Object;Ljava/io/ObjectInputStream;)V (93 bytes) @ 0x00007fcaa93824ac [0x00007fcaa9382140+0x36c]
J 1019 C1 java.io.ObjectInputStream.readSerialData(Ljava/lang/Object;Ljava/io/ObjectStreamClass;)V (367 bytes) @ 0x00007fcaa9375eac [0x00007fcaa9375600+0x8ac]
J 1007 C1 java.io.ObjectInputStream.readOrdinaryObject(Z)Ljava/lang/Object; (322 bytes) @ 0x00007fcaa9368a94 [0x00007fcaa93681c0+0x8d4]
J 952 C1 java.io.ObjectInputStream.readObject0(Z)Ljava/lang/Object; (566 bytes) @ 0x00007fcaa933ec54 [0x00007fcaa933e020+0xc34]
J 999 C1 java.io.ObjectInputStream.defaultReadFields(Ljava/lang/Object;Ljava/io/ObjectStreamClass;)V (199 bytes) @ 0x00007fcaa935e91c [0x00007fcaa935e2e0+0x63c]
j  java.io.ObjectInputStream.readSerialData(Ljava/lang/Object;Ljava/io/ObjectStreamClass;)V+298
j  java.io.ObjectInputStream.readOrdinaryObject(Z)Ljava/lang/Object;+183
J 952 C1 java.io.ObjectInputStream.readObject0(Z)Ljava/lang/Object; (566 bytes) @ 0x00007fcaa933ec54 [0x00007fcaa933e020+0xc34]
j  java.io.ObjectInputStream.readObject()Ljava/lang/Object;+19
j  sun.rmi.server.UnicastRef.unmarshalValue(Ljava/lang/Class;Ljava/io/ObjectInput;)Ljava/lang/Object;+171
j  sun.rmi.server.UnicastServerRef.unmarshalParametersUnchecked(Ljava/lang/reflect/Method;Ljava/io/ObjectInput;)[Ljava/lang/Object;+31
j  sun.rmi.server.UnicastServerRef.unmarshalParameters(Ljava/lang/Object;Ljava/lang/reflect/Method;Lsun/rmi/server/MarshalInputStream;)[Ljava/lang/Object;+23
j  sun.rmi.server.UnicastServerRef.dispatch(Ljava/rmi/Remote;Ljava/rmi/server/RemoteCall;)V+168
j  sun.rmi.transport.Transport$1.run()Ljava/lang/Void;+23
j  sun.rmi.transport.Transport$1.run()Ljava/lang/Object;+1
v  ~StubRoutines::call_stub
J 140  java.security.AccessController.doPrivileged(Ljava/security/PrivilegedExceptionAction;Ljava/security/AccessControlContext;)Ljava/lang/Object; (0 bytes) @ 0x00007fcaa9158de3 [0x00007fcaa9158d80+0x63]
j  sun.rmi.transport.Transport.serviceCall(Ljava/rmi/server/RemoteCall;)Z+157
j  sun.rmi.transport.tcp.TCPTransport.handleMessages(Lsun/rmi/transport/Connection;Z)V+185
j  sun.rmi.transport.tcp.TCPTransport$ConnectionHandler.run0()V+696
j  sun.rmi.transport.tcp.TCPTransport$ConnectionHandler.lambda$run$0()Ljava/lang/Void;+1
j  sun.rmi.transport.tcp.TCPTransport$ConnectionHandler$$Lambda$19.run()Ljava/lang/Object;+4
v  ~StubRoutines::call_stub
j  java.security.AccessController.doPrivileged(Ljava/security/PrivilegedAction;Ljava/security/AccessControlContext;)Ljava/lang/Object;+0
j  sun.rmi.transport.tcp.TCPTransport$ConnectionHandler.run()V+58
j  java.util.concurrent.ThreadPoolExecutor.runWorker(Ljava/util/concurrent/ThreadPoolExecutor$Worker;)V+95
j  java.util.concurrent.ThreadPoolExecutor$Worker.run()V+5
j  java.lang.Thread.run()V+11
v  ~StubRoutines::call_stub

---------------  P R O C E S S  ---------------

Java Threads: ( => current thread )
  0x0000000001bb8000 JavaThread "RMI TCP Connection(5)-127.0.0.1" daemon [_thread_in_native, id=11100, stack(0x00007fcaa0ace000,0x00007fcaa0bcf000)]
=>0x0000000001bb6800 JavaThread "RMI TCP Connection(4)-127.0.0.1" daemon [_thread_in_vm, id=11014, stack(0x00007fcaa07cb000,0x00007fcaa08cc000)]
  0x00007fca84048000 JavaThread "RMI Scheduler(0)" daemon [_thread_blocked, id=11006, stack(0x00007fcaa08cc000,0x00007fcaa09cd000)]
  0x00007fca8403a800 JavaThread "RMI RenewClean-[127.0.0.1:10598]" daemon [_thread_blocked, id=10991, stack(0x00007fcaa09cd000,0x00007fcaa0ace000)]
  0x00007fca70006000 JavaThread "pool-3-thread-3" [_thread_in_native, id=10911, stack(0x00007fcaa0bcf000,0x00007fcaa0cd0000)]
  0x00007fca70004000 JavaThread "pool-3-thread-2" [_thread_in_native, id=10909, stack(0x00007fcaa0cd0000,0x00007fcaa0dd1000)]
  0x00007fca70003000 JavaThread "pool-3-thread-1" [_thread_in_native, id=10908, stack(0x00007fcaa0dd1000,0x00007fcaa0ed2000)]
  0x00007fcab8369000 JavaThread "Thread-3" [_thread_in_native, id=10793, stack(0x00007fcaa0ed2000,0x00007fcaa0fd3000)]
  0x00007fcab8367000 JavaThread "Thread-2" [_thread_in_native, id=10791, stack(0x00007fcaa0fd3000,0x00007fcaa10d4000)]
  0x00007fcab8365800 JavaThread "process reaper" daemon [_thread_in_native, id=10789, stack(0x00007fcabc03e000,0x00007fcabc077000)]
  0x00007fcab8360000 JavaThread "pool-2-thread-1" [_thread_in_native, id=10749, stack(0x00007fcaa10d4000,0x00007fcaa11d5000)]
  0x00007fcab835d800 JavaThread "GC Daemon" daemon [_thread_blocked, id=10747, stack(0x00007fcaa11d5000,0x00007fcaa12d6000)]
  0x00007fcab835b000 JavaThread "RMI Reaper" [_thread_blocked, id=10744, stack(0x00007fcaa12d6000,0x00007fcaa13d7000)]
  0x00007fcab8354000 JavaThread "RMI TCP Accept-3228" daemon [_thread_in_native, id=10738, stack(0x00007fcaa13d7000,0x00007fcaa14d8000)]
  0x00007fcab834d000 JavaThread "RMI TCP Accept-15779" daemon [_thread_in_native, id=10732, stack(0x00007fcaa14d8000,0x00007fcaa15d9000)]
  0x00007fcab8294000 JavaThread "logback-3" daemon [_thread_blocked, id=10725, stack(0x00007fcaa1852000,0x00007fcaa1953000)]
  0x00007fcab8292000 JavaThread "logback-2" daemon [_thread_blocked, id=10721, stack(0x00007fcaa1953000,0x00007fcaa1a54000)]
  0x00007fcab8290800 JavaThread "logback-1" daemon [_thread_blocked, id=10717, stack(0x00007fcaa1a54000,0x00007fcaa1b55000)]
  0x00007fcab8142000 JavaThread "Service Thread" daemon [_thread_blocked, id=10693, stack(0x00007fcaa209e000,0x00007fcaa219f000)]
  0x00007fcab813f000 JavaThread "C1 CompilerThread1" daemon [_thread_blocked, id=10685, stack(0x00007fcaa219f000,0x00007fcaa22a0000)]
  0x00007fcab813c000 JavaThread "C2 CompilerThread0" daemon [_thread_in_vm, id=10672, stack(0x00007fcaa22a0000,0x00007fcaa23a1000)]
  0x00007fcab813a800 JavaThread "Signal Dispatcher" daemon [_thread_blocked, id=10666, stack(0x00007fcaa23a1000,0x00007fcaa24a2000)]
  0x00007fcab8107800 JavaThread "Finalizer" daemon [_thread_blocked, id=10661, stack(0x00007fcaa2e61000,0x00007fcaa2f62000)]
  0x00007fcab8105000 JavaThread "Reference Handler" daemon [_thread_blocked, id=10650, stack(0x00007fcaa2f62000,0x00007fcaa3063000)]
  0x00007fcab800a800 JavaThread "main" [_thread_in_native, id=10621, stack(0x00007fcabf236000,0x00007fcabf337000)]

Other Threads:
  0x00007fcab80fb800 VMThread [stack: 0x00007fcaa3063000,0x00007fcaa3164000] [id=10646]
  0x00007fcab8146800 WatcherThread [stack: 0x00007fcaa1f9d000,0x00007fcaa209e000] [id=10701]

VM state:not at safepoint (normal execution)

VM Mutex/Monitor currently owned by a thread: None

Heap:
 PSYoungGen      total 70656K, used 11059K [0x00000000d6900000, 0x00000000df300000, 0x0000000100000000)
  eden space 65536K, 9% used [0x00000000d6900000,0x00000000d6ecce78,0x00000000da900000)
  from space 5120K, 99% used [0x00000000da900000,0x00000000dadffe18,0x00000000dae00000)
  to   space 5120K, 0% used [0x00000000dee00000,0x00000000dee00000,0x00000000df300000)
 ParOldGen       total 86016K, used 10397K [0x0000000083a00000, 0x0000000088e00000, 0x00000000d6900000)
  object space 86016K, 12% used [0x0000000083a00000,0x0000000084427758,0x0000000088e00000)
 Metaspace       used 15188K, capacity 15604K, committed 15744K, reserved 1062912K
  class space    used 1693K, capacity 1826K, committed 1920K, reserved 1048576K

Card table byte_map: [0x00007fcaa885c000,0x00007fcaa8c40000] byte_map_base: 0x00007fcaa843f000

Marking Bits: (ParMarkBitMap*) 0x00007fcabe7010a0
 Begin Bits: [0x00007fcaa482a000, 0x00007fcaa6742000)
 End Bits:   [0x00007fcaa6742000, 0x00007fcaa865a000)

Polling page: 0x00007fcabf353000

CodeCache: size=245760Kb used=6806Kb max_used=6806Kb free=238953Kb
 bounds [0x00007fcaa9000000, 0x00007fcaa96b0000, 0x00007fcab8000000]
 total_blobs=2378 nmethods=2018 adapters=272
 compilation: enabled

Compilation events (10 events):
Event: 114.966 Thread 0x00007fcab813f000 2040       2       java.io.ObjectInputStream::readClassDescriptor (15 bytes)
Event: 114.966 Thread 0x00007fcab813f000 nmethod 2040 0x00007fcaa96a5d50 code [0x00007fcaa96a5ec0, 0x00007fcaa96a60a8]
Event: 114.967 Thread 0x00007fcab813f000 2042       2       java.io.ObjectStreamClass::classNamesEqual (32 bytes)
Event: 114.970 Thread 0x00007fcab813f000 nmethod 2042 0x00007fcaa96a6150 code [0x00007fcaa96a6300, 0x00007fcaa96a6528]
Event: 115.024 Thread 0x00007fcab813f000 2043       2       sun.rmi.server.MarshalInputStream::readLocation (5 bytes)
Event: 115.024 Thread 0x00007fcab813f000 nmethod 2043 0x00007fcaa96a6710 code [0x00007fcaa96a6880, 0x00007fcaa96a69e8]
Event: 115.024 Thread 0x00007fcab813f000 2044  s    2       sun.rmi.server.LoaderHandler::getDefaultCodebaseURLs (35 bytes)
Event: 115.024 Thread 0x00007fcab813f000 nmethod 2044 0x00007fcaa96a6a90 code [0x00007fcaa96a6c00, 0x00007fcaa96a6fc8]
Event: 115.090 Thread 0x00007fcab813f000 2045       2       java.io.DataOutputStream::<init> (19 bytes)
Event: 115.092 Thread 0x00007fcab813f000 nmethod 2045 0x00007fcaa96a7090 code [0x00007fcaa96a7200, 0x00007fcaa96a7410]

GC Heap History (10 events):
Event: 3.630 GC heap before
{Heap before GC invocations=2 (full 1):
 PSYoungGen      total 37888K, used 4230K [0x00000000d6900000, 0x00000000d9300000, 0x0000000100000000)
  eden space 32768K, 0% used [0x00000000d6900000,0x00000000d6900000,0x00000000d8900000)
  from space 5120K, 82% used [0x00000000d8900000,0x00000000d8d218b0,0x00000000d8e00000)
  to   space 5120K, 0% used [0x00000000d8e00000,0x00000000d8e00000,0x00000000d9300000)
 ParOldGen       total 86016K, used 0K [0x0000000083a00000, 0x0000000088e00000, 0x00000000d6900000)
  object space 86016K, 0% used [0x0000000083a00000,0x0000000083a00000,0x0000000088e00000)
 Metaspace       used 10234K, capacity 10396K, committed 10624K, reserved 1058816K
  class space    used 1237K, capacity 1319K, committed 1408K, reserved 1048576K
Event: 3.714 GC heap after
Heap after GC invocations=2 (full 1):
 PSYoungGen      total 37888K, used 0K [0x00000000d6900000, 0x00000000d9300000, 0x0000000100000000)
  eden space 32768K, 0% used [0x00000000d6900000,0x00000000d6900000,0x00000000d8900000)
  from space 5120K, 0% used [0x00000000d8900000,0x00000000d8900000,0x00000000d8e00000)
  to   space 5120K, 0% used [0x00000000d8e00000,0x00000000d8e00000,0x00000000d9300000)
 ParOldGen       total 86016K, used 4063K [0x0000000083a00000, 0x0000000088e00000, 0x00000000d6900000)
  object space 86016K, 4% used [0x0000000083a00000,0x0000000083df7c60,0x0000000088e00000)
 Metaspace       used 10226K, capacity 10386K, committed 10624K, reserved 1058816K
  class space    used 1236K, capacity 1317K, committed 1408K, reserved 1048576K
}
Event: 106.747 GC heap before
{Heap before GC invocations=3 (full 1):
 PSYoungGen      total 37888K, used 32768K [0x00000000d6900000, 0x00000000d9300000, 0x0000000100000000)
  eden space 32768K, 100% used [0x00000000d6900000,0x00000000d8900000,0x00000000d8900000)
  from space 5120K, 0% used [0x00000000d8900000,0x00000000d8900000,0x00000000d8e00000)
  to   space 5120K, 0% used [0x00000000d8e00000,0x00000000d8e00000,0x00000000d9300000)
 ParOldGen       total 86016K, used 4063K [0x0000000083a00000, 0x0000000088e00000, 0x00000000d6900000)
  object space 86016K, 4% used [0x0000000083a00000,0x0000000083df7c60,0x0000000088e00000)
 Metaspace       used 13758K, capacity 14116K, committed 14336K, reserved 1062912K
  class space    used 1579K, capacity 1669K, committed 1792K, reserved 1048576K
Event: 106.827 GC heap after
Heap after GC invocations=3 (full 1):
 PSYoungGen      total 37888K, used 5098K [0x00000000d6900000, 0x00000000d9300000, 0x0000000100000000)
  eden space 32768K, 0% used [0x00000000d6900000,0x00000000d6900000,0x00000000d8900000)
  from space 5120K, 99% used [0x00000000d8e00000,0x00000000d92fa960,0x00000000d9300000)
  to   space 5120K, 0% used [0x00000000d8900000,0x00000000d8900000,0x00000000d8e00000)
 ParOldGen       total 86016K, used 5466K [0x0000000083a00000, 0x0000000088e00000, 0x00000000d6900000)
  object space 86016K, 6% used [0x0000000083a00000,0x0000000083f56b88,0x0000000088e00000)
 Metaspace       used 13758K, capacity 14116K, committed 14336K, reserved 1062912K
  class space    used 1579K, capacity 1669K, committed 1792K, reserved 1048576K
}
Event: 107.865 GC heap before
{Heap before GC invocations=4 (full 1):
 PSYoungGen      total 37888K, used 37866K [0x00000000d6900000, 0x00000000d9300000, 0x0000000100000000)
  eden space 32768K, 100% used [0x00000000d6900000,0x00000000d8900000,0x00000000d8900000)
  from space 5120K, 99% used [0x00000000d8e00000,0x00000000d92fa960,0x00000000d9300000)
  to   space 5120K, 0% used [0x00000000d8900000,0x00000000d8900000,0x00000000d8e00000)
 ParOldGen       total 86016K, used 5466K [0x0000000083a00000, 0x0000000088e00000, 0x00000000d6900000)
  object space 86016K, 6% used [0x0000000083a00000,0x0000000083f56b88,0x0000000088e00000)
 Metaspace       used 13901K, capacity 14308K, committed 14592K, reserved 1062912K
  class space    used 1579K, capacity 1669K, committed 1792K, reserved 1048576K
Event: 107.893 GC heap after
Heap after GC invocations=4 (full 1):
 PSYoungGen      total 37888K, used 5098K [0x00000000d6900000, 0x00000000db300000, 0x0000000100000000)
  eden space 32768K, 0% used [0x00000000d6900000,0x00000000d6900000,0x00000000d8900000)
  from space 5120K, 99% used [0x00000000d8900000,0x00000000d8dfab80,0x00000000d8e00000)
  to   space 5120K, 0% used [0x00000000dae00000,0x00000000dae00000,0x00000000db300000)
 ParOldGen       total 86016K, used 6569K [0x0000000083a00000, 0x0000000088e00000, 0x00000000d6900000)
  object space 86016K, 7% used [0x0000000083a00000,0x000000008406a710,0x0000000088e00000)
 Metaspace       used 13901K, capacity 14308K, committed 14592K, reserved 1062912K
  class space    used 1579K, capacity 1669K, committed 1792K, reserved 1048576K
}
Event: 108.489 GC heap before
{Heap before GC invocations=5 (full 1):
 PSYoungGen      total 37888K, used 37866K [0x00000000d6900000, 0x00000000db300000, 0x0000000100000000)
  eden space 32768K, 100% used [0x00000000d6900000,0x00000000d8900000,0x00000000d8900000)
  from space 5120K, 99% used [0x00000000d8900000,0x00000000d8dfab80,0x00000000d8e00000)
  to   space 5120K, 0% used [0x00000000dae00000,0x00000000dae00000,0x00000000db300000)
 ParOldGen       total 86016K, used 6569K [0x0000000083a00000, 0x0000000088e00000, 0x00000000d6900000)
  object space 86016K, 7% used [0x0000000083a00000,0x000000008406a710,0x0000000088e00000)
 Metaspace       used 13930K, capacity 14308K, committed 14592K, reserved 1062912K
  class space    used 1579K, capacity 1669K, committed 1792K, reserved 1048576K
Event: 108.536 GC heap after
Heap after GC invocations=5 (full 1):
 PSYoungGen      total 70656K, used 5114K [0x00000000d6900000, 0x00000000db300000, 0x0000000100000000)
  eden space 65536K, 0% used [0x00000000d6900000,0x00000000d6900000,0x00000000da900000)
  from space 5120K, 99% used [0x00000000dae00000,0x00000000db2feb90,0x00000000db300000)
  to   space 5120K, 0% used [0x00000000da900000,0x00000000da900000,0x00000000dae00000)
 ParOldGen       total 86016K, used 6753K [0x0000000083a00000, 0x0000000088e00000, 0x00000000d6900000)
  object space 86016K, 7% used [0x0000000083a00000,0x0000000084098710,0x0000000088e00000)
 Metaspace       used 13930K, capacity 14308K, committed 14592K, reserved 1062912K
  class space    used 1579K, capacity 1669K, committed 1792K, reserved 1048576K
}
Event: 112.746 GC heap before
{Heap before GC invocations=6 (full 1):
 PSYoungGen      total 70656K, used 70650K [0x00000000d6900000, 0x00000000db300000, 0x0000000100000000)
  eden space 65536K, 100% used [0x00000000d6900000,0x00000000da900000,0x00000000da900000)
  from space 5120K, 99% used [0x00000000dae00000,0x00000000db2feb90,0x00000000db300000)
  to   space 5120K, 0% used [0x00000000da900000,0x00000000da900000,0x00000000dae00000)
 ParOldGen       total 86016K, used 6753K [0x0000000083a00000, 0x0000000088e00000, 0x00000000d6900000)
  object space 86016K, 7% used [0x0000000083a00000,0x0000000084098710,0x0000000088e00000)
 Metaspace       used 15005K, capacity 15476K, committed 15744K, reserved 1062912K
  class space    used 1686K, capacity 1826K, committed 1920K, reserved 1048576K
Event: 112.975 GC heap after
Heap after GC invocations=6 (full 1):
 PSYoungGen      total 70656K, used 5119K [0x00000000d6900000, 0x00000000df300000, 0x0000000100000000)
  eden space 65536K, 0% used [0x00000000d6900000,0x00000000d6900000,0x00000000da900000)
  from space 5120K, 99% used [0x00000000da900000,0x00000000dadffe18,0x00000000dae00000)
  to   space 5120K, 0% used [0x00000000dee00000,0x00000000dee00000,0x00000000df300000)
 ParOldGen       total 86016K, used 10397K [0x0000000083a00000, 0x0000000088e00000, 0x00000000d6900000)
  object space 86016K, 12% used [0x0000000083a00000,0x0000000084427758,0x0000000088e00000)
 Metaspace       used 15005K, capacity 15476K, committed 15744K, reserved 1062912K
  class space    used 1686K, capacity 1826K, committed 1920K, reserved 1048576K
}

Deoptimization events (10 events):
Event: 104.629 Thread 0x0000000001bb6800 Uncommon trap: reason=bimorphic action=maybe_recompile pc=0x00007fcaa9246a54 method=java.util.HashMap.putVal(ILjava/lang/Object;Ljava/lang/Object;ZZ)Ljava/lang/Object; @ 91
Event: 104.629 Thread 0x0000000001bb6800 Uncommon trap: reason=bimorphic action=maybe_recompile pc=0x00007fcaa9246a54 method=java.util.HashMap.putVal(ILjava/lang/Object;Ljava/lang/Object;ZZ)Ljava/lang/Object; @ 91
Event: 104.989 Thread 0x0000000001bb6800 Uncommon trap: reason=class_check action=maybe_recompile pc=0x00007fcaa9246a8c method=java.util.HashMap.putVal(ILjava/lang/Object;Ljava/lang/Object;ZZ)Ljava/lang/Object; @ 203
Event: 105.058 Thread 0x0000000001bb6800 Uncommon trap: reason=bimorphic action=maybe_recompile pc=0x00007fcaa9246a54 method=java.util.HashMap.putVal(ILjava/lang/Object;Ljava/lang/Object;ZZ)Ljava/lang/Object; @ 91
Event: 106.586 Thread 0x0000000001bb6800 Uncommon trap: reason=bimorphic action=maybe_recompile pc=0x00007fcaa9486e58 method=java.util.HashMap.putVal(ILjava/lang/Object;Ljava/lang/Object;ZZ)Ljava/lang/Object; @ 203
Event: 106.694 Thread 0x0000000001bb6800 Uncommon trap: reason=bimorphic action=maybe_recompile pc=0x00007fcaa9486e58 method=java.util.HashMap.putVal(ILjava/lang/Object;Ljava/lang/Object;ZZ)Ljava/lang/Object; @ 203
Event: 109.112 Thread 0x0000000001bb6800 Uncommon trap: reason=predicate action=maybe_recompile pc=0x00007fcaa95a7ed0 method=java.util.ArrayList.indexOf(Ljava/lang/Object;)I @ 44
Event: 111.170 Thread 0x0000000001bb6800 Uncommon trap: reason=unstable_if action=reinterpret pc=0x00007fcaa9561a70 method=java.io.ObjectStreamClass.hasReadResolveMethod()Z @ 8
Event: 111.472 Thread 0x0000000001bb6800 Uncommon trap: reason=unstable_if action=reinterpret pc=0x00007fcaa9659478 method=org.evosuite.shaded.org.objectweb.asm.Type.getArgumentTypes(Ljava/lang/String;)[Lorg/evosuite/shaded/org/objectweb/asm/Type; @ 58
Event: 111.591 Thread 0x0000000001bb6800 Uncommon trap: reason=unstable_if action=reinterpret pc=0x00007fcaa94ee434 method=java.util.HashMap.putVal(ILjava/lang/Object;Ljava/lang/Object;ZZ)Ljava/lang/Object; @ 162

Classes redefined (0 events):
No events

Internal exceptions (10 events):
Event: 92.087 Thread 0x00007fcab8292000 Exception <a 'java/net/ConnectException'> (0x00000000d6cdb568) thrown at [/HUDSON/workspace/8-2-build-linux-amd64/jdk8u181/11358/hotspot/src/share/vm/prims/jni.cpp, line 709]
Event: 92.102 Thread 0x00007fcab8290800 Exception <a 'java/net/ConnectException'> (0x00000000d6d2d3b0) thrown at [/HUDSON/workspace/8-2-build-linux-amd64/jdk8u181/11358/hotspot/src/share/vm/prims/jni.cpp, line 709]
Event: 92.108 Thread 0x00007fcab8294000 Exception <a 'java/net/ConnectException'> (0x00000000d6d7f330) thrown at [/HUDSON/workspace/8-2-build-linux-amd64/jdk8u181/11358/hotspot/src/share/vm/prims/jni.cpp, line 709]
Event: 102.088 Thread 0x00007fcab8292000 Exception <a 'java/net/ConnectException'> (0x00000000d6cdc090) thrown at [/HUDSON/workspace/8-2-build-linux-amd64/jdk8u181/11358/hotspot/src/share/vm/prims/jni.cpp, line 709]
Event: 102.103 Thread 0x00007fcab8290800 Exception <a 'java/net/ConnectException'> (0x00000000d6d2ded8) thrown at [/HUDSON/workspace/8-2-build-linux-amd64/jdk8u181/11358/hotspot/src/share/vm/prims/jni.cpp, line 709]
Event: 102.108 Thread 0x00007fcab8294000 Exception <a 'java/net/ConnectException'> (0x00000000d6d7fe58) thrown at [/HUDSON/workspace/8-2-build-linux-amd64/jdk8u181/11358/hotspot/src/share/vm/prims/jni.cpp, line 709]
Event: 103.183 Thread 0x0000000001bb6800 Exception <a 'java/lang/NoSuchMethodError': <clinit>> (0x00000000d739c6d0) thrown at [/HUDSON/workspace/8-2-build-linux-amd64/jdk8u181/11358/hotspot/src/share/vm/prims/jni.cpp, line 1613]
Event: 112.124 Thread 0x00007fcab8290800 Exception <a 'java/net/ConnectException'> (0x00000000da0d9a98) thrown at [/HUDSON/workspace/8-2-build-linux-amd64/jdk8u181/11358/hotspot/src/share/vm/prims/jni.cpp, line 709]
Event: 112.124 Thread 0x00007fcab8294000 Exception <a 'java/net/ConnectException'> (0x00000000da144350) thrown at [/HUDSON/workspace/8-2-build-linux-amd64/jdk8u181/11358/hotspot/src/share/vm/prims/jni.cpp, line 709]
Event: 112.124 Thread 0x00007fcab8292000 Exception <a 'java/net/ConnectException'> (0x00000000da06f1e0) thrown at [/HUDSON/workspace/8-2-build-linux-amd64/jdk8u181/11358/hotspot/src/share/vm/prims/jni.cpp, line 709]

Events (10 events):
Event: 111.643 loading class java/awt/Composite
Event: 111.686 loading class java/awt/Composite done
Event: 112.188 loading class java/util/EventObject
Event: 112.290 loading class java/util/EventObject done
Event: 112.319 loading class java/awt/RenderingHints
Event: 112.319 loading class java/awt/RenderingHints done
Event: 112.620 Executing VM operation: ParallelGCFailedAllocation
Event: 112.975 Executing VM operation: ParallelGCFailedAllocation done
Event: 114.137 Thread 0x0000000001bb6800 DEOPT PACKING pc=0x00007fcaa942d0be sp=0x00007fcaa08c3f90
Event: 114.137 Thread 0x0000000001bb6800 DEOPT UNPACKING pc=0x00007fcaa9047784 sp=0x00007fcaa08c3df8 mode 0


Dynamic libraries:
00400000-00401000 r-xp 00000000 08:01 1448396                            /usr/lib/jvm/jdk1.8.0_181/bin/java
00600000-00601000 rw-p 00000000 08:01 1448396                            /usr/lib/jvm/jdk1.8.0_181/bin/java
01bb4000-01bd5000 rw-p 00000000 00:00 0                                  [heap]
83a00000-88e00000 rw-p 00000000 00:00 0 
88e00000-d6900000 ---p 00000000 00:00 0 
d6900000-df300000 rw-p 00000000 00:00 0 
df300000-100000000 ---p 00000000 00:00 0 
100000000-1001e0000 rw-p 00000000 00:00 0 
1001e0000-140000000 ---p 00000000 00:00 0 
7fca64000000-7fca64021000 rw-p 00000000 00:00 0 
7fca64021000-7fca68000000 ---p 00000000 00:00 0 
7fca68000000-7fca68021000 rw-p 00000000 00:00 0 
7fca68021000-7fca6c000000 ---p 00000000 00:00 0 
7fca6c000000-7fca6c021000 rw-p 00000000 00:00 0 
7fca6c021000-7fca70000000 ---p 00000000 00:00 0 
7fca70000000-7fca70021000 rw-p 00000000 00:00 0 
7fca70021000-7fca74000000 ---p 00000000 00:00 0 
7fca74000000-7fca74021000 rw-p 00000000 00:00 0 
7fca74021000-7fca78000000 ---p 00000000 00:00 0 
7fca78000000-7fca78021000 rw-p 00000000 00:00 0 
7fca78021000-7fca7c000000 ---p 00000000 00:00 0 
7fca7c000000-7fca7cd65000 rw-p 00000000 00:00 0 
7fca7cd65000-7fca80000000 ---p 00000000 00:00 0 
7fca80000000-7fca80915000 rw-p 00000000 00:00 0 
7fca80915000-7fca84000000 ---p 00000000 00:00 0 
7fca84000000-7fca8404b000 rw-p 00000000 00:00 0 
7fca8404b000-7fca88000000 ---p 00000000 00:00 0 
7fca88000000-7fca88021000 rw-p 00000000 00:00 0 
7fca88021000-7fca8c000000 ---p 00000000 00:00 0 
7fca8c000000-7fca8c06a000 rw-p 00000000 00:00 0 
7fca8c06a000-7fca90000000 ---p 00000000 00:00 0 
7fca90000000-7fca90021000 rw-p 00000000 00:00 0 
7fca90021000-7fca94000000 ---p 00000000 00:00 0 
7fca94000000-7fca94021000 rw-p 00000000 00:00 0 
7fca94021000-7fca98000000 ---p 00000000 00:00 0 
7fca98fff000-7fca9c000000 rw-p 00000000 00:00 0 
7fca9c000000-7fca9c414000 rw-p 00000000 00:00 0 
7fca9c414000-7fcaa0000000 ---p 00000000 00:00 0 
7fcaa03cb000-7fcaa054b000 rw-p 00000000 00:00 0 
7fcaa058b000-7fcaa05cb000 ---p 00000000 00:00 0 
7fcaa05cb000-7fcaa07cb000 rw-p 00000000 00:00 0 
7fcaa07cb000-7fcaa07ce000 ---p 00000000 00:00 0 
7fcaa07ce000-7fcaa08cc000 rw-p 00000000 00:00 0 
7fcaa08cc000-7fcaa08cf000 ---p 00000000 00:00 0 
7fcaa08cf000-7fcaa09cd000 rw-p 00000000 00:00 0 
7fcaa09cd000-7fcaa09d0000 ---p 00000000 00:00 0 
7fcaa09d0000-7fcaa0ace000 rw-p 00000000 00:00 0 
7fcaa0ace000-7fcaa0ad1000 ---p 00000000 00:00 0 
7fcaa0ad1000-7fcaa0bcf000 rw-p 00000000 00:00 0 
7fcaa0bcf000-7fcaa0bd2000 ---p 00000000 00:00 0 
7fcaa0bd2000-7fcaa0cd0000 rw-p 00000000 00:00 0 
7fcaa0cd0000-7fcaa0cd3000 ---p 00000000 00:00 0 
7fcaa0cd3000-7fcaa0dd1000 rw-p 00000000 00:00 0 
7fcaa0dd1000-7fcaa0dd4000 ---p 00000000 00:00 0 
7fcaa0dd4000-7fcaa0ed2000 rw-p 00000000 00:00 0 
7fcaa0ed2000-7fcaa0ed5000 ---p 00000000 00:00 0 
7fcaa0ed5000-7fcaa0fd3000 rw-p 00000000 00:00 0 
7fcaa0fd3000-7fcaa0fd6000 ---p 00000000 00:00 0 
7fcaa0fd6000-7fcaa10d4000 rw-p 00000000 00:00 0 
7fcaa10d4000-7fcaa10d7000 ---p 00000000 00:00 0 
7fcaa10d7000-7fcaa11d5000 rw-p 00000000 00:00 0 
7fcaa11d5000-7fcaa11d8000 ---p 00000000 00:00 0 
7fcaa11d8000-7fcaa12d6000 rw-p 00000000 00:00 0 
7fcaa12d6000-7fcaa12d9000 ---p 00000000 00:00 0 
7fcaa12d9000-7fcaa13d7000 rw-p 00000000 00:00 0 
7fcaa13d7000-7fcaa13da000 ---p 00000000 00:00 0 
7fcaa13da000-7fcaa14d8000 rw-p 00000000 00:00 0 
7fcaa14d8000-7fcaa14db000 ---p 00000000 00:00 0 
7fcaa14db000-7fcaa17d9000 rw-p 00000000 00:00 0 
7fcaa17d9000-7fcaa1852000 r--s 010f9000 08:01 1448503                    /usr/lib/jvm/jdk1.8.0_181/lib/tools.jar
7fcaa1852000-7fcaa1855000 ---p 00000000 00:00 0 
7fcaa1855000-7fcaa1953000 rw-p 00000000 00:00 0 
7fcaa1953000-7fcaa1956000 ---p 00000000 00:00 0 
7fcaa1956000-7fcaa1a54000 rw-p 00000000 00:00 0 
7fcaa1a54000-7fcaa1a57000 ---p 00000000 00:00 0 
7fcaa1a57000-7fcaa1b55000 rw-p 00000000 00:00 0 
7fcaa1b55000-7fcaa1b6b000 r-xp 00000000 08:01 2756237                    /usr/lib/jvm/jdk1.8.0_181/jre/lib/amd64/libnet.so
7fcaa1b6b000-7fcaa1d6b000 ---p 00016000 08:01 2756237                    /usr/lib/jvm/jdk1.8.0_181/jre/lib/amd64/libnet.so
7fcaa1d6b000-7fcaa1d6c000 rw-p 00016000 08:01 2756237                    /usr/lib/jvm/jdk1.8.0_181/jre/lib/amd64/libnet.so
7fcaa1d6c000-7fcaa1f9d000 r--s 01bb1000 08:01 1706762                    /home/whj/dowork/DiffTGen/lib/evosuite-1.0.6.jar
7fcaa1f9d000-7fcaa1f9e000 ---p 00000000 00:00 0 
7fcaa1f9e000-7fcaa209e000 rw-p 00000000 00:00 0 
7fcaa209e000-7fcaa20a1000 ---p 00000000 00:00 0 
7fcaa20a1000-7fcaa219f000 rw-p 00000000 00:00 0 
7fcaa219f000-7fcaa21a2000 ---p 00000000 00:00 0 
7fcaa21a2000-7fcaa22a0000 rw-p 00000000 00:00 0 
7fcaa22a0000-7fcaa22a3000 ---p 00000000 00:00 0 
7fcaa22a3000-7fcaa23a1000 rw-p 00000000 00:00 0 
7fcaa23a1000-7fcaa23a4000 ---p 00000000 00:00 0 
7fcaa23a4000-7fcaa24a2000 rw-p 00000000 00:00 0 
7fcaa24a2000-7fcaa2e61000 r--p 00000000 08:01 1316108                    /usr/lib/locale/locale-archive
7fcaa2e61000-7fcaa2e64000 ---p 00000000 00:00 0 
7fcaa2e64000-7fcaa2f62000 rw-p 00000000 00:00 0 
7fcaa2f62000-7fcaa2f65000 ---p 00000000 00:00 0 
7fcaa2f65000-7fcaa3063000 rw-p 00000000 00:00 0 
7fcaa3063000-7fcaa3064000 ---p 00000000 00:00 0 
7fcaa3064000-7fcaa3a6d000 rw-p 00000000 00:00 0 
7fcaa3a6d000-7fcaa3c47000 r--s 03d6b000 08:01 2756084                    /usr/lib/jvm/jdk1.8.0_181/jre/lib/rt.jar
7fcaa3c47000-7fcaa865a000 rw-p 00000000 00:00 0 
7fcaa865a000-7fcaa865b000 ---p 00000000 00:00 0 
7fcaa865b000-7fcaa875b000 rw-p 00000000 00:00 0 
7fcaa875b000-7fcaa875c000 ---p 00000000 00:00 0 
7fcaa875c000-7fcaa8886000 rw-p 00000000 00:00 0 
7fcaa8886000-7fcaa8af3000 ---p 00000000 00:00 0 
7fcaa8af3000-7fcaa8b39000 rw-p 00000000 00:00 0 
7fcaa8b39000-7fcaa8c3f000 ---p 00000000 00:00 0 
7fcaa8c3f000-7fcaa8c5b000 rw-p 00000000 00:00 0 
7fcaa8c5b000-7fcaa9000000 ---p 00000000 00:00 0 
7fcaa9000000-7fcaa96b0000 rwxp 00000000 00:00 0 
7fcaa96b0000-7fcab8000000 ---p 00000000 00:00 0 
7fcab8000000-7fcab846c000 rw-p 00000000 00:00 0 
7fcab846c000-7fcabc000000 ---p 00000000 00:00 0 
7fcabc005000-7fcabc018000 r--s 00345000 08:01 2756119                    /usr/lib/jvm/jdk1.8.0_181/jre/lib/resources.jar
7fcabc018000-7fcabc022000 r--s 00116000 08:01 2756143                    /usr/lib/jvm/jdk1.8.0_181/jre/lib/ext/localedata.jar
7fcabc022000-7fcabc03e000 r--s 00393000 08:01 2756136                    /usr/lib/jvm/jdk1.8.0_181/jre/lib/ext/cldrdata.jar
7fcabc03e000-7fcabc041000 ---p 00000000 00:00 0 
7fcabc041000-7fcabc117000 rw-p 00000000 00:00 0 
7fcabc117000-7fcabc385000 ---p 00000000 00:00 0 
7fcabc385000-7fcabc3a0000 r-xp 00000000 08:01 2756233                    /usr/lib/jvm/jdk1.8.0_181/jre/lib/amd64/libzip.so
7fcabc3a0000-7fcabc5a0000 ---p 0001b000 08:01 2756233                    /usr/lib/jvm/jdk1.8.0_181/jre/lib/amd64/libzip.so
7fcabc5a0000-7fcabc5a1000 rw-p 0001b000 08:01 2756233                    /usr/lib/jvm/jdk1.8.0_181/jre/lib/amd64/libzip.so
7fcabc5a1000-7fcabc5ac000 r-xp 00000000 08:01 1054188                    /lib/x86_64-linux-gnu/libnss_files-2.23.so
7fcabc5ac000-7fcabc7ab000 ---p 0000b000 08:01 1054188                    /lib/x86_64-linux-gnu/libnss_files-2.23.so
7fcabc7ab000-7fcabc7ac000 r--p 0000a000 08:01 1054188                    /lib/x86_64-linux-gnu/libnss_files-2.23.so
7fcabc7ac000-7fcabc7ad000 rw-p 0000b000 08:01 1054188                    /lib/x86_64-linux-gnu/libnss_files-2.23.so
7fcabc7ad000-7fcabc7b3000 rw-p 00000000 00:00 0 
7fcabc7b3000-7fcabc7be000 r-xp 00000000 08:01 1054198                    /lib/x86_64-linux-gnu/libnss_nis-2.23.so
7fcabc7be000-7fcabc9bd000 ---p 0000b000 08:01 1054198                    /lib/x86_64-linux-gnu/libnss_nis-2.23.so
7fcabc9bd000-7fcabc9be000 r--p 0000a000 08:01 1054198                    /lib/x86_64-linux-gnu/libnss_nis-2.23.so
7fcabc9be000-7fcabc9bf000 rw-p 0000b000 08:01 1054198                    /lib/x86_64-linux-gnu/libnss_nis-2.23.so
7fcabc9bf000-7fcabc9d5000 r-xp 00000000 08:01 1054182                    /lib/x86_64-linux-gnu/libnsl-2.23.so
7fcabc9d5000-7fcabcbd4000 ---p 00016000 08:01 1054182                    /lib/x86_64-linux-gnu/libnsl-2.23.so
7fcabcbd4000-7fcabcbd5000 r--p 00015000 08:01 1054182                    /lib/x86_64-linux-gnu/libnsl-2.23.so
7fcabcbd5000-7fcabcbd6000 rw-p 00016000 08:01 1054182                    /lib/x86_64-linux-gnu/libnsl-2.23.so
7fcabcbd6000-7fcabcbd8000 rw-p 00000000 00:00 0 
7fcabcbd8000-7fcabcbe0000 r-xp 00000000 08:01 1054184                    /lib/x86_64-linux-gnu/libnss_compat-2.23.so
7fcabcbe0000-7fcabcddf000 ---p 00008000 08:01 1054184                    /lib/x86_64-linux-gnu/libnss_compat-2.23.so
7fcabcddf000-7fcabcde0000 r--p 00007000 08:01 1054184                    /lib/x86_64-linux-gnu/libnss_compat-2.23.so
7fcabcde0000-7fcabcde1000 rw-p 00008000 08:01 1054184                    /lib/x86_64-linux-gnu/libnss_compat-2.23.so
7fcabcde1000-7fcabce0c000 r-xp 00000000 08:01 2756227                    /usr/lib/jvm/jdk1.8.0_181/jre/lib/amd64/libjava.so
7fcabce0c000-7fcabd00b000 ---p 0002b000 08:01 2756227                    /usr/lib/jvm/jdk1.8.0_181/jre/lib/amd64/libjava.so
7fcabd00b000-7fcabd00d000 rw-p 0002a000 08:01 2756227                    /usr/lib/jvm/jdk1.8.0_181/jre/lib/amd64/libjava.so
7fcabd00d000-7fcabd01a000 r-xp 00000000 08:01 2756232                    /usr/lib/jvm/jdk1.8.0_181/jre/lib/amd64/libverify.so
7fcabd01a000-7fcabd21a000 ---p 0000d000 08:01 2756232                    /usr/lib/jvm/jdk1.8.0_181/jre/lib/amd64/libverify.so
7fcabd21a000-7fcabd21c000 rw-p 0000d000 08:01 2756232                    /usr/lib/jvm/jdk1.8.0_181/jre/lib/amd64/libverify.so
7fcabd21c000-7fcabd223000 r-xp 00000000 08:01 1054243                    /lib/x86_64-linux-gnu/librt-2.23.so
7fcabd223000-7fcabd422000 ---p 00007000 08:01 1054243                    /lib/x86_64-linux-gnu/librt-2.23.so
7fcabd422000-7fcabd423000 r--p 00006000 08:01 1054243                    /lib/x86_64-linux-gnu/librt-2.23.so
7fcabd423000-7fcabd424000 rw-p 00007000 08:01 1054243                    /lib/x86_64-linux-gnu/librt-2.23.so
7fcabd424000-7fcabd52c000 r-xp 00000000 08:01 1054159                    /lib/x86_64-linux-gnu/libm-2.23.so
7fcabd52c000-7fcabd72b000 ---p 00108000 08:01 1054159                    /lib/x86_64-linux-gnu/libm-2.23.so
7fcabd72b000-7fcabd72c000 r--p 00107000 08:01 1054159                    /lib/x86_64-linux-gnu/libm-2.23.so
7fcabd72c000-7fcabd72d000 rw-p 00108000 08:01 1054159                    /lib/x86_64-linux-gnu/libm-2.23.so
7fcabd72d000-7fcabe409000 r-xp 00000000 08:01 2756209                    /usr/lib/jvm/jdk1.8.0_181/jre/lib/amd64/server/libjvm.so
7fcabe409000-7fcabe609000 ---p 00cdc000 08:01 2756209                    /usr/lib/jvm/jdk1.8.0_181/jre/lib/amd64/server/libjvm.so
7fcabe609000-7fcabe6e3000 rw-p 00cdc000 08:01 2756209                    /usr/lib/jvm/jdk1.8.0_181/jre/lib/amd64/server/libjvm.so
7fcabe6e3000-7fcabe72e000 rw-p 00000000 00:00 0 
7fcabe72e000-7fcabe8ee000 r-xp 00000000 08:01 1054089                    /lib/x86_64-linux-gnu/libc-2.23.so
7fcabe8ee000-7fcabeaee000 ---p 001c0000 08:01 1054089                    /lib/x86_64-linux-gnu/libc-2.23.so
7fcabeaee000-7fcabeaf2000 r--p 001c0000 08:01 1054089                    /lib/x86_64-linux-gnu/libc-2.23.so
7fcabeaf2000-7fcabeaf4000 rw-p 001c4000 08:01 1054089                    /lib/x86_64-linux-gnu/libc-2.23.so
7fcabeaf4000-7fcabeaf8000 rw-p 00000000 00:00 0 
7fcabeaf8000-7fcabeafb000 r-xp 00000000 08:01 1054113                    /lib/x86_64-linux-gnu/libdl-2.23.so
7fcabeafb000-7fcabecfa000 ---p 00003000 08:01 1054113                    /lib/x86_64-linux-gnu/libdl-2.23.so
7fcabecfa000-7fcabecfb000 r--p 00002000 08:01 1054113                    /lib/x86_64-linux-gnu/libdl-2.23.so
7fcabecfb000-7fcabecfc000 rw-p 00003000 08:01 1054113                    /lib/x86_64-linux-gnu/libdl-2.23.so
7fcabecfc000-7fcabed12000 r-xp 00000000 08:01 1449032                    /usr/lib/jvm/jdk1.8.0_181/lib/amd64/jli/libjli.so
7fcabed12000-7fcabef11000 ---p 00016000 08:01 1449032                    /usr/lib/jvm/jdk1.8.0_181/lib/amd64/jli/libjli.so
7fcabef11000-7fcabef12000 rw-p 00015000 08:01 1449032                    /usr/lib/jvm/jdk1.8.0_181/lib/amd64/jli/libjli.so
7fcabef12000-7fcabef2a000 r-xp 00000000 08:01 1054235                    /lib/x86_64-linux-gnu/libpthread-2.23.so
7fcabef2a000-7fcabf129000 ---p 00018000 08:01 1054235                    /lib/x86_64-linux-gnu/libpthread-2.23.so
7fcabf129000-7fcabf12a000 r--p 00017000 08:01 1054235                    /lib/x86_64-linux-gnu/libpthread-2.23.so
7fcabf12a000-7fcabf12b000 rw-p 00018000 08:01 1054235                    /lib/x86_64-linux-gnu/libpthread-2.23.so
7fcabf12b000-7fcabf12f000 rw-p 00000000 00:00 0 
7fcabf12f000-7fcabf155000 r-xp 00000000 08:01 1054061                    /lib/x86_64-linux-gnu/ld-2.23.so
7fcabf155000-7fcabf165000 r--s 00139000 08:01 3312                       /home/whj/dowork/DiffTGen/extra_output/Chart_26_3_jaid/target/build/classes/all0.jar
7fcabf165000-7fcabf236000 rw-p 00000000 00:00 0 
7fcabf236000-7fcabf239000 ---p 00000000 00:00 0 
7fcabf239000-7fcabf33c000 rw-p 00000000 00:00 0 
7fcabf33c000-7fcabf341000 r--s 0009d000 08:01 2756133                    /usr/lib/jvm/jdk1.8.0_181/jre/lib/jsse.jar
7fcabf341000-7fcabf349000 r--s 0006e000 08:01 2248917                    /home/whj/dowork/DiffTGen/lib/commons-lang3-3.5.jar
7fcabf349000-7fcabf34a000 r--s 00000000 08:01 2248922                    /home/whj/dowork/DiffTGen/lib/myprinter.jar
7fcabf34a000-7fcabf352000 rw-s 00000000 08:01 1984690                    /tmp/hsperfdata_whj/10613
7fcabf352000-7fcabf353000 rw-p 00000000 00:00 0 
7fcabf353000-7fcabf354000 r--p 00000000 00:00 0 
7fcabf354000-7fcabf355000 r--p 00025000 08:01 1054061                    /lib/x86_64-linux-gnu/ld-2.23.so
7fcabf355000-7fcabf356000 rw-p 00026000 08:01 1054061                    /lib/x86_64-linux-gnu/ld-2.23.so
7fcabf356000-7fcabf357000 rw-p 00000000 00:00 0 
7fff2ef03000-7fff2ef25000 rw-p 00000000 00:00 0                          [stack]
7fff2eff3000-7fff2eff6000 r--p 00000000 00:00 0                          [vvar]
7fff2eff6000-7fff2eff8000 r-xp 00000000 00:00 0                          [vdso]
ffffffffff600000-ffffffffff601000 r-xp 00000000 00:00 0                  [vsyscall]

VM Arguments:
java_command: /home/whj/dowork/DiffTGen/lib/evosuite-1.0.6.jar -base_dir /home/whj/dowork/DiffTGen/extra_output/Chart_26_3_jaid/target/0/23 -projectCP /home/whj/dowork/DiffTGen/extra_output/Chart_26_3_jaid/target/build/classes/all0.jar:/home/whj/dowork/DiffTGen/lib/myprinter.jar:/home/whj/dowork/DiffTGen/lib/commons-lang3-3.5.jar -class org.jfree.chart.axis.Axis -Dassertions=false -Dsearch_budget=60
java_class_path (initial): /home/whj/dowork/DiffTGen/lib/evosuite-1.0.6.jar
Launcher Type: SUN_STANDARD

Environment Variables:
JAVA_HOME=/usr/lib/jvm/jdk1.8.0_181
JRE_HOME=/usr/lib/jvm/jdk1.8.0_181/jre
CLASSPATH=.:/usr/lib/jvm/jdk1.8.0_181/lib:/usr/lib/jvm/jdk1.8.0_181/jre/lib
PATH=/home/whj/perl5/bin:/home/whj/dowork/defects4j-1.2.0/framework/bin:/usr/lib/jvm/jdk1.8.0_181/bin:/usr/lib/jvm/jdk1.8.0_181/jre/bin:/home/whj/bin:/home/whj/.local/bin:/usr/local/sbin:/usr/local/bin:/usr/sbin:/usr/bin:/sbin:/bin:/usr/games:/usr/local/games" :/snap/bin:/home/whj/bin
SHELL=/bin/bash
DISPLAY=:0

Signal Handlers:
SIGSEGV: [libjvm.so+0xad2a40], sa_mask[0]=11111111011111111101111111111110, sa_flags=SA_RESTART|SA_SIGINFO
SIGBUS: [libjvm.so+0xad2a40], sa_mask[0]=11111111011111111101111111111110, sa_flags=SA_RESTART|SA_SIGINFO
SIGFPE: [libjvm.so+0x92a610], sa_mask[0]=11111111011111111101111111111110, sa_flags=SA_RESTART|SA_SIGINFO
SIGPIPE: [libjvm.so+0x92a610], sa_mask[0]=11111111011111111101111111111110, sa_flags=SA_RESTART|SA_SIGINFO
SIGXFSZ: [libjvm.so+0x92a610], sa_mask[0]=11111111011111111101111111111110, sa_flags=SA_RESTART|SA_SIGINFO
SIGILL: [libjvm.so+0x92a610], sa_mask[0]=11111111011111111101111111111110, sa_flags=SA_RESTART|SA_SIGINFO
SIGUSR1: SIG_DFL, sa_mask[0]=00000000000000000000000000000000, sa_flags=none
SIGUSR2: [libjvm.so+0x92be70], sa_mask[0]=00100000000000000000000000000000, sa_flags=SA_RESTART|SA_SIGINFO
SIGHUP: [libjvm.so+0x92d270], sa_mask[0]=11111111011111111101111111111110, sa_flags=SA_RESTART|SA_SIGINFO
SIGINT: [libjvm.so+0x92d270], sa_mask[0]=11111111011111111101111111111110, sa_flags=SA_RESTART|SA_SIGINFO
SIGTERM: [libjvm.so+0x92d270], sa_mask[0]=11111111011111111101111111111110, sa_flags=SA_RESTART|SA_SIGINFO
SIGQUIT: [libjvm.so+0x92d270], sa_mask[0]=11111111011111111101111111111110, sa_flags=SA_RESTART|SA_SIGINFO


---------------  S Y S T E M  ---------------

OS:DISTRIB_ID=Ubuntu
DISTRIB_RELEASE=16.04
DISTRIB_CODENAME=xenial
DISTRIB_DESCRIPTION="Ubuntu 16.04.6 LTS"

uname:Linux 4.15.0-91-generic #92~16.04.1-Ubuntu SMP Fri Feb 28 14:57:22 UTC 2020 x86_64
libc:glibc 2.23 NPTL 2.23 
rlimit: STACK 8192k, CORE 0k, NPROC 31576, NOFILE 1048576, AS infinity
load average:22.67 16.68 12.31

/proc/meminfo:
MemTotal:        8144704 kB
MemFree:          947408 kB
MemAvailable:     843412 kB
Buffers:             880 kB
Cached:            34512 kB
SwapCached:         1964 kB
Active:          5985388 kB
Inactive:         750528 kB
Active(anon):    5969428 kB
Inactive(anon):   732496 kB
Active(file):      15960 kB
Inactive(file):    18032 kB
Unevictable:          32 kB
Mlocked:              32 kB
SwapTotal:        998396 kB
SwapFree:           1252 kB
Dirty:               172 kB
Writeback:           944 kB
AnonPages:       6700988 kB
Mapped:            27396 kB
Shmem:              1160 kB
Slab:              88836 kB
SReclaimable:      31664 kB
SUnreclaim:        57172 kB
KernelStack:       16272 kB
PageTables:        47400 kB
NFS_Unstable:          0 kB
Bounce:                0 kB
WritebackTmp:          0 kB
CommitLimit:     5070748 kB
Committed_AS:   14078356 kB
VmallocTotal:   34359738367 kB
VmallocUsed:           0 kB
VmallocChunk:          0 kB
HardwareCorrupted:     0 kB
AnonHugePages:         0 kB
ShmemHugePages:        0 kB
ShmemPmdMapped:        0 kB
CmaTotal:              0 kB
CmaFree:               0 kB
HugePages_Total:       0
HugePages_Free:        0
HugePages_Rsvd:        0
HugePages_Surp:        0
Hugepagesize:       2048 kB
DirectMap4k:      128832 kB
DirectMap2M:     7211008 kB
DirectMap1G:     3145728 kB


CPU:total 2 (initial active 2) (2 cores per cpu, 1 threads per core) family 6 model 158 stepping 10, cmov, cx8, fxsr, mmx, sse, sse2, sse3, ssse3, sse4.1, sse4.2, popcnt, avx, avx2, aes, clmul, erms, 3dnowpref, lzcnt, tsc, tscinvbit, bmi1, bmi2, adx

/proc/cpuinfo:
processor	: 0
vendor_id	: GenuineIntel
cpu family	: 6
model		: 158
model name	: Intel(R) Core(TM) i7-8750H CPU @ 2.20GHz
stepping	: 10
microcode	: 0x96
cpu MHz		: 2207.999
cache size	: 9216 KB
physical id	: 0
siblings	: 2
core id		: 0
cpu cores	: 2
apicid		: 0
initial apicid	: 0
fpu		: yes
fpu_exception	: yes
cpuid level	: 22
wp		: yes
flags		: fpu vme de pse tsc msr pae mce cx8 apic sep mtrr pge mca cmov pat pse36 clflush mmx fxsr sse sse2 ss ht syscall nx pdpe1gb rdtscp lm constant_tsc arch_perfmon nopl xtopology tsc_reliable nonstop_tsc cpuid pni pclmulqdq ssse3 fma cx16 pcid sse4_1 sse4_2 x2apic movbe popcnt tsc_deadline_timer aes xsave avx f16c rdrand hypervisor lahf_lm abm 3dnowprefetch cpuid_fault invpcid_single pti ssbd ibrs ibpb stibp fsgsbase tsc_adjust bmi1 avx2 smep bmi2 invpcid rdseed adx smap xsaveopt arat flush_l1d arch_capabilities
bugs		: cpu_meltdown spectre_v1 spectre_v2 spec_store_bypass l1tf mds swapgs itlb_multihit
bogomips	: 4415.99
clflush size	: 64
cache_alignment	: 64
address sizes	: 42 bits physical, 48 bits virtual
power management:

processor	: 1
vendor_id	: GenuineIntel
cpu family	: 6
model		: 158
model name	: Intel(R) Core(TM) i7-8750H CPU @ 2.20GHz
stepping	: 10
microcode	: 0x96
cpu MHz		: 2207.999
cache size	: 9216 KB
physical id	: 0
siblings	: 2
core id		: 1
cpu cores	: 2
apicid		: 1
initial apicid	: 1
fpu		: yes
fpu_exception	: yes
cpuid level	: 22
wp		: yes
flags		: fpu vme de pse tsc msr pae mce cx8 apic sep mtrr pge mca cmov pat pse36 clflush mmx fxsr sse sse2 ss ht syscall nx pdpe1gb rdtscp lm constant_tsc arch_perfmon nopl xtopology tsc_reliable nonstop_tsc cpuid pni pclmulqdq ssse3 fma cx16 pcid sse4_1 sse4_2 x2apic movbe popcnt tsc_deadline_timer aes xsave avx f16c rdrand hypervisor lahf_lm abm 3dnowprefetch cpuid_fault invpcid_single pti ssbd ibrs ibpb stibp fsgsbase tsc_adjust bmi1 avx2 smep bmi2 invpcid rdseed adx smap xsaveopt arat flush_l1d arch_capabilities
bugs		: cpu_meltdown spectre_v1 spectre_v2 spec_store_bypass l1tf mds swapgs itlb_multihit
bogomips	: 4415.99
clflush size	: 64
cache_alignment	: 64
address sizes	: 42 bits physical, 48 bits virtual
power management:



Memory: 4k page, physical 8144704k(947408k free), swap 998396k(1252k free)

vm_info: Java HotSpot(TM) 64-Bit Server VM (25.181-b13) for linux-amd64 JRE (1.8.0_181-b13), built on Jul  7 2018 00:56:38 by "java_re" with gcc 4.3.0 20080428 (Red Hat 4.3.0-8)

time: Fri Mar 27 20:51:39 2020
elapsed time: 117 seconds (0d 0h 1m 57s)

