#
# There is insufficient memory for the Java Runtime Environment to continue.
# Native memory allocation (mmap) failed to map 28835840 bytes for committing reserved memory.
# Possible reasons:
#   The system is out of physical RAM or swap space
#   In 32 bit mode, the process size limit was hit
# Possible solutions:
#   Reduce memory load on the system
#   Increase physical memory or swap space
#   Check if swap backing store is full
#   Use 64 bit Java on a 64 bit OS
#   Decrease Java heap size (-Xmx/-Xms)
#   Decrease number of Java threads
#   Decrease Java thread stack sizes (-Xss)
#   Set larger code cache with -XX:ReservedCodeCacheSize=
# This output file may be truncated or incomplete.
#
#  Out of Memory Error (os_linux.cpp:2640), pid=44448, tid=0x00007ff20c3eb700
#
# JRE version: Java(TM) SE Runtime Environment (8.0_181-b13) (build 1.8.0_181-b13)
# Java VM: Java HotSpot(TM) 64-Bit Server VM (25.181-b13 mixed mode linux-amd64 compressed oops)
# Failed to write core dump. Core dumps have been disabled. To enable core dumping, try "ulimit -c unlimited" before starting Java again
#

---------------  T H R E A D  ---------------

Current thread (0x00007ff2080fb800):  VMThread [stack: 0x00007ff20c2eb000,0x00007ff20c3ec000] [id=44488]

Stack: [0x00007ff20c2eb000,0x00007ff20c3ec000],  sp=0x00007ff20c3ea280,  free space=1020k
Native frames: (J=compiled Java code, j=interpreted, Vv=VM code, C=native code)
V  [libjvm.so+0xad21aa]  VMError::report_and_die()+0x2ba
V  [libjvm.so+0x5022db]  report_vm_out_of_memory(char const*, int, unsigned long, VMErrorType, char const*)+0x8b
V  [libjvm.so+0x92fe33]  os::Linux::commit_memory_impl(char*, unsigned long, bool)+0x123
V  [libjvm.so+0x930059]  os::pd_commit_memory(char*, unsigned long, unsigned long, bool)+0x29
V  [libjvm.so+0x9272ba]  os::commit_memory(char*, unsigned long, unsigned long, bool)+0x2a
V  [libjvm.so+0x99d2e3]  PSVirtualSpace::expand_by(unsigned long)+0x53
V  [libjvm.so+0x98dba0]  PSOldGen::expand(unsigned long)+0x170
V  [libjvm.so+0x98ddab]  PSOldGen::resize(unsigned long)+0x1cb
V  [libjvm.so+0x995ab1]  PSParallelCompact::invoke_no_policy(bool)+0x991
V  [libjvm.so+0x995da3]  PSParallelCompact::invoke(bool)+0x63
V  [libjvm.so+0x488e34]  CollectedHeap::collect_as_vm_thread(GCCause::Cause)+0x114
V  [libjvm.so+0xad3631]  VM_CollectForMetadataAllocation::doit()+0x161
V  [libjvm.so+0xadb745]  VM_Operation::evaluate()+0x55
V  [libjvm.so+0xad9b0a]  VMThread::evaluate_operation(VM_Operation*)+0xba
V  [libjvm.so+0xad9e8e]  VMThread::loop()+0x1ce
V  [libjvm.so+0xada300]  VMThread::run()+0x70
V  [libjvm.so+0x930198]  java_start(Thread*)+0x108

VM_Operation (0x00007ff1bbaf3760): CollectForMetadataAllocation, mode: safepoint, requested by thread 0x0000000002228800


---------------  P R O C E S S  ---------------

Java Threads: ( => current thread )
  0x000000000222b000 JavaThread "RMI TCP Connection(6)-127.0.0.1" daemon [_thread_blocked, id=44950, stack(0x00007ff1bb2f9000,0x00007ff1bb3fa000)]
  0x000000000222a000 JavaThread "RMI TCP Connection(5)-127.0.0.1" daemon [_thread_in_native, id=44911, stack(0x00007ff1bbcfd000,0x00007ff1bbdfe000)]
  0x0000000002228800 JavaThread "RMI TCP Connection(4)-127.0.0.1" daemon [_thread_blocked, id=44869, stack(0x00007ff1bb9fa000,0x00007ff1bbafb000)]
  0x00007ff1e4068000 JavaThread "RMI Scheduler(0)" daemon [_thread_blocked, id=44860, stack(0x00007ff1bbafb000,0x00007ff1bbbfc000)]
  0x00007ff1e4052800 JavaThread "RMI RenewClean-[127.0.0.1:7472]" daemon [_thread_blocked, id=44834, stack(0x00007ff1bbbfc000,0x00007ff1bbcfd000)]
  0x00007ff1bc005000 JavaThread "pool-3-thread-3" [_thread_in_native, id=44781, stack(0x00007ff1bbdfe000,0x00007ff1bbeff000)]
  0x00007ff1bc003800 JavaThread "pool-3-thread-2" [_thread_in_native, id=44779, stack(0x00007ff1bbeff000,0x00007ff1bc000000)]
  0x00007ff1bc002800 JavaThread "pool-3-thread-1" [_thread_in_native, id=44777, stack(0x00007ff1cc0dd000,0x00007ff1cc1de000)]
  0x00007ff208367800 JavaThread "Thread-3" [_thread_in_native, id=44667, stack(0x00007ff1cc1de000,0x00007ff1cc2df000)]
  0x00007ff208366000 JavaThread "Thread-2" [_thread_in_native, id=44663, stack(0x00007ff1cc2df000,0x00007ff1cc3e0000)]
  0x00007ff208364800 JavaThread "process reaper" daemon [_thread_in_native, id=44657, stack(0x00007ff20c025000,0x00007ff20c05e000)]
  0x00007ff20835f000 JavaThread "pool-2-thread-1" [_thread_in_native, id=44608, stack(0x00007ff1cc3e0000,0x00007ff1cc4e1000)]
  0x00007ff20835c800 JavaThread "GC Daemon" daemon [_thread_blocked, id=44603, stack(0x00007ff1cc4e1000,0x00007ff1cc5e2000)]
  0x00007ff20835a000 JavaThread "RMI Reaper" [_thread_blocked, id=44601, stack(0x00007ff1cc5e2000,0x00007ff1cc6e3000)]
  0x00007ff208353000 JavaThread "RMI TCP Accept-10277" daemon [_thread_in_native, id=44596, stack(0x00007ff1cc6e3000,0x00007ff1cc7e4000)]
  0x00007ff20834b800 JavaThread "RMI TCP Accept-2072" daemon [_thread_in_native, id=44580, stack(0x00007ff1cc7e4000,0x00007ff1cc8e5000)]
  0x00007ff208294000 JavaThread "logback-3" daemon [_thread_blocked, id=44569, stack(0x00007ff1ccae5000,0x00007ff1ccbe6000)]
  0x00007ff208292800 JavaThread "logback-2" daemon [_thread_blocked, id=44568, stack(0x00007ff1ccbe6000,0x00007ff1ccce7000)]
  0x00007ff208291000 JavaThread "logback-1" daemon [_thread_blocked, id=44564, stack(0x00007ff1ccce7000,0x00007ff1ccde8000)]
  0x00007ff208142000 JavaThread "Service Thread" daemon [_thread_blocked, id=44536, stack(0x00007ff1f440d000,0x00007ff1f450e000)]
  0x00007ff20813f000 JavaThread "C1 CompilerThread1" daemon [_thread_blocked, id=44528, stack(0x00007ff1f450e000,0x00007ff1f460f000)]
  0x00007ff20813c000 JavaThread "C2 CompilerThread0" daemon [_thread_blocked, id=44521, stack(0x00007ff1f460f000,0x00007ff1f4710000)]
  0x00007ff20813a800 JavaThread "Signal Dispatcher" daemon [_thread_blocked, id=44509, stack(0x00007ff1f4710000,0x00007ff1f4811000)]
  0x00007ff208107800 JavaThread "Finalizer" daemon [_thread_blocked, id=44500, stack(0x00007ff20c0e9000,0x00007ff20c1ea000)]
  0x00007ff208105000 JavaThread "Reference Handler" daemon [_thread_blocked, id=44491, stack(0x00007ff20c1ea000,0x00007ff20c2eb000)]
  0x00007ff20800a800 JavaThread "main" [_thread_in_native, id=44464, stack(0x00007ff211617000,0x00007ff211718000)]

Other Threads:
=>0x00007ff2080fb800 VMThread [stack: 0x00007ff20c2eb000,0x00007ff20c3ec000] [id=44488]
  0x00007ff208147000 WatcherThread [stack: 0x00007ff1f430c000,0x00007ff1f440d000] [id=44541]

VM state:at safepoint (normal execution)

VM Mutex/Monitor currently owned by a thread:  ([mutex/lock_event])
[0x00007ff208006640] ExpandHeap_lock - owner thread: 0x00007ff2080fb800
[0x00007ff208006cc0] Threads_lock - owner thread: 0x00007ff2080fb800
[0x00007ff2080071c0] Heap_lock - owner thread: 0x0000000002228800

Heap:
 PSYoungGen      total 218112K, used 0K [0x00000000d6900000, 0x00000000e7f00000, 0x0000000100000000)
  eden space 201728K, 0% used [0x00000000d6900000,0x00000000d6900000,0x00000000e2e00000)
  from space 16384K, 0% used [0x00000000e6f00000,0x00000000e6f00000,0x00000000e7f00000)
  to   space 28160K, 0% used [0x00000000e4800000,0x00000000e4800000,0x00000000e6380000)
 ParOldGen       total 86016K, used 51930K [0x0000000083a00000, 0x0000000088e00000, 0x00000000d6900000)
  object space 86016K, 60% used [0x0000000083a00000,0x0000000086cb6b30,0x0000000088e00000)
 Metaspace       used 20707K, capacity 21178K, committed 21248K, reserved 1069056K
  class space    used 2397K, capacity 2547K, committed 2560K, reserved 1048576K

Card table byte_map: [0x00007ff20dfc2000,0x00007ff20e3a6000] byte_map_base: 0x00007ff20dba5000

Marking Bits: (ParMarkBitMap*) 0x00007ff210ae20a0
 Begin Bits: [0x00007ff1f51d0000, 0x00007ff1f70e8000)
 End Bits:   [0x00007ff1f70e8000, 0x00007ff1f9000000)

Polling page: 0x00007ff211734000

CodeCache: size=245760Kb used=8226Kb max_used=8226Kb free=237533Kb
 bounds [0x00007ff1f9000000, 0x00007ff1f9810000, 0x00007ff208000000]
 total_blobs=2729 nmethods=2263 adapters=379
 compilation: enabled

Compilation events (10 events):
Event: 124.190 Thread 0x00007ff20813f000 2409       3       java.lang.Class::copyMethods (36 bytes)
Event: 124.191 Thread 0x00007ff20813f000 nmethod 2409 0x00007ff1f9808890 code [0x00007ff1f9808a80, 0x00007ff1f9809478]
Event: 124.647 Thread 0x00007ff20813f000 2410       2       org.evosuite.coverage.method.MethodCoverageTestFitness::hashCode (26 bytes)
Event: 124.647 Thread 0x00007ff20813f000 nmethod 2410 0x00007ff1f912c590 code [0x00007ff1f912c700, 0x00007ff1f912c8b8]
Event: 124.886 Thread 0x00007ff20813f000 2411 %     3       org.evosuite.utils.generic.GenericMethod::readObject @ 52 (153 bytes)
Event: 124.887 Thread 0x00007ff20813f000 nmethod 2411% 0x00007ff1f9809990 code [0x00007ff1f9809cc0, 0x00007ff1f980b588]
Event: 124.992 Thread 0x00007ff20813f000 2412   !   2       sun.reflect.GeneratedSerializationConstructorAccessor71::newInstance (49 bytes)
Event: 124.992 Thread 0x00007ff20813f000 nmethod 2412 0x00007ff1f910eed0 code [0x00007ff1f910f060, 0x00007ff1f910f3a8]
Event: 125.226 Thread 0x00007ff20813f000 2414   !   2       sun.reflect.GeneratedSerializationConstructorAccessor57::newInstance (49 bytes)
Event: 125.227 Thread 0x00007ff20813f000 nmethod 2414 0x00007ff1f922cd50 code [0x00007ff1f922cee0, 0x00007ff1f922d208]

GC Heap History (10 events):
Event: 98.347 GC heap after
Heap after GC invocations=7 (full 1):
 PSYoungGen      total 69632K, used 5102K [0x00000000d6900000, 0x00000000db500000, 0x0000000100000000)
  eden space 64512K, 0% used [0x00000000d6900000,0x00000000d6900000,0x00000000da800000)
  from space 5120K, 99% used [0x00000000dae00000,0x00000000db2fb9e0,0x00000000db300000)
  to   space 6144K, 0% used [0x00000000da800000,0x00000000da800000,0x00000000dae00000)
 ParOldGen       total 86016K, used 5637K [0x0000000083a00000, 0x0000000088e00000, 0x00000000d6900000)
  object space 86016K, 6% used [0x0000000083a00000,0x0000000083f814f8,0x0000000088e00000)
 Metaspace       used 13958K, capacity 14254K, committed 14592K, reserved 1062912K
  class space    used 1579K, capacity 1668K, committed 1792K, reserved 1048576K
}
Event: 99.398 GC heap before
{Heap before GC invocations=8 (full 1):
 PSYoungGen      total 69632K, used 69614K [0x00000000d6900000, 0x00000000db500000, 0x0000000100000000)
  eden space 64512K, 100% used [0x00000000d6900000,0x00000000da800000,0x00000000da800000)
  from space 5120K, 99% used [0x00000000dae00000,0x00000000db2fb9e0,0x00000000db300000)
  to   space 6144K, 0% used [0x00000000da800000,0x00000000da800000,0x00000000dae00000)
 ParOldGen       total 86016K, used 5637K [0x0000000083a00000, 0x0000000088e00000, 0x00000000d6900000)
  object space 86016K, 6% used [0x0000000083a00000,0x0000000083f814f8,0x0000000088e00000)
 Metaspace       used 14010K, capacity 14382K, committed 14592K, reserved 1062912K
  class space    used 1579K, capacity 1668K, committed 1792K, reserved 1048576K
Event: 99.432 GC heap after
Heap after GC invocations=8 (full 1):
 PSYoungGen      total 70656K, used 6138K [0x00000000d6900000, 0x00000000df500000, 0x0000000100000000)
  eden space 64512K, 0% used [0x00000000d6900000,0x00000000d6900000,0x00000000da800000)
  from space 6144K, 99% used [0x00000000da800000,0x00000000dadfe950,0x00000000dae00000)
  to   space 7168K, 0% used [0x00000000dee00000,0x00000000dee00000,0x00000000df500000)
 ParOldGen       total 86016K, used 6838K [0x0000000083a00000, 0x0000000088e00000, 0x00000000d6900000)
  object space 86016K, 7% used [0x0000000083a00000,0x00000000840ada68,0x0000000088e00000)
 Metaspace       used 14010K, capacity 14382K, committed 14592K, reserved 1062912K
  class space    used 1579K, capacity 1668K, committed 1792K, reserved 1048576K
}
Event: 108.437 GC heap before
{Heap before GC invocations=9 (full 1):
 PSYoungGen      total 70656K, used 70650K [0x00000000d6900000, 0x00000000df500000, 0x0000000100000000)
  eden space 64512K, 100% used [0x00000000d6900000,0x00000000da800000,0x00000000da800000)
  from space 6144K, 99% used [0x00000000da800000,0x00000000dadfe950,0x00000000dae00000)
  to   space 7168K, 0% used [0x00000000dee00000,0x00000000dee00000,0x00000000df500000)
 ParOldGen       total 86016K, used 6838K [0x0000000083a00000, 0x0000000088e00000, 0x00000000d6900000)
  object space 86016K, 7% used [0x0000000083a00000,0x00000000840ada68,0x0000000088e00000)
 Metaspace       used 16849K, capacity 17290K, committed 17408K, reserved 1064960K
  class space    used 1854K, capacity 1989K, committed 2048K, reserved 1048576K
Event: 108.763 GC heap after
Heap after GC invocations=9 (full 1):
 PSYoungGen      total 133120K, used 7154K [0x00000000d6900000, 0x00000000dfb00000, 0x0000000100000000)
  eden space 125952K, 0% used [0x00000000d6900000,0x00000000d6900000,0x00000000de400000)
  from space 7168K, 99% used [0x00000000dee00000,0x00000000df4fc878,0x00000000df500000)
  to   space 10240K, 0% used [0x00000000de400000,0x00000000de400000,0x00000000dee00000)
 ParOldGen       total 86016K, used 11912K [0x0000000083a00000, 0x0000000088e00000, 0x00000000d6900000)
  object space 86016K, 13% used [0x0000000083a00000,0x00000000845a2038,0x0000000088e00000)
 Metaspace       used 16849K, capacity 17290K, committed 17408K, reserved 1064960K
  class space    used 1854K, capacity 1989K, committed 2048K, reserved 1048576K
}
Event: 119.189 GC heap before
{Heap before GC invocations=10 (full 1):
 PSYoungGen      total 133120K, used 133106K [0x00000000d6900000, 0x00000000dfb00000, 0x0000000100000000)
  eden space 125952K, 100% used [0x00000000d6900000,0x00000000de400000,0x00000000de400000)
  from space 7168K, 99% used [0x00000000dee00000,0x00000000df4fc878,0x00000000df500000)
  to   space 10240K, 0% used [0x00000000de400000,0x00000000de400000,0x00000000dee00000)
 ParOldGen       total 86016K, used 11912K [0x0000000083a00000, 0x0000000088e00000, 0x00000000d6900000)
  object space 86016K, 13% used [0x0000000083a00000,0x00000000845a2038,0x0000000088e00000)
 Metaspace       used 19934K, capacity 20462K, committed 20608K, reserved 1067008K
  class space    used 2277K, capacity 2417K, committed 2432K, reserved 1048576K
Event: 119.417 GC heap after
Heap after GC invocations=10 (full 1):
 PSYoungGen      total 136192K, used 10234K [0x00000000d6900000, 0x00000000e7f00000, 0x0000000100000000)
  eden space 125952K, 0% used [0x00000000d6900000,0x00000000d6900000,0x00000000de400000)
  from space 10240K, 99% used [0x00000000de400000,0x00000000dedfeae8,0x00000000dee00000)
  to   space 16384K, 0% used [0x00000000e6f00000,0x00000000e6f00000,0x00000000e7f00000)
 ParOldGen       total 86016K, used 24433K [0x0000000083a00000, 0x0000000088e00000, 0x00000000d6900000)
  object space 86016K, 28% used [0x0000000083a00000,0x00000000851dc700,0x0000000088e00000)
 Metaspace       used 19934K, capacity 20462K, committed 20608K, reserved 1067008K
  class space    used 2277K, capacity 2417K, committed 2432K, reserved 1048576K
}
Event: 126.517 GC heap before
{Heap before GC invocations=11 (full 1):
 PSYoungGen      total 136192K, used 98732K [0x00000000d6900000, 0x00000000e7f00000, 0x0000000100000000)
  eden space 125952K, 70% used [0x00000000d6900000,0x00000000dbf6c668,0x00000000de400000)
  from space 10240K, 99% used [0x00000000de400000,0x00000000dedfeae8,0x00000000dee00000)
  to   space 16384K, 0% used [0x00000000e6f00000,0x00000000e6f00000,0x00000000e7f00000)
 ParOldGen       total 86016K, used 24433K [0x0000000083a00000, 0x0000000088e00000, 0x00000000d6900000)
  object space 86016K, 28% used [0x0000000083a00000,0x00000000851dc700,0x0000000088e00000)
 Metaspace       used 20707K, capacity 21178K, committed 21248K, reserved 1069056K
  class space    used 2397K, capacity 2547K, committed 2560K, reserved 1048576K
Event: 127.012 GC heap after
Heap after GC invocations=11 (full 1):
 PSYoungGen      total 218112K, used 16370K [0x00000000d6900000, 0x00000000e7f00000, 0x0000000100000000)
  eden space 201728K, 0% used [0x00000000d6900000,0x00000000d6900000,0x00000000e2e00000)
  from space 16384K, 99% used [0x00000000e6f00000,0x00000000e7efcb28,0x00000000e7f00000)
  to   space 28160K, 0% used [0x00000000e4800000,0x00000000e4800000,0x00000000e6380000)
 ParOldGen       total 86016K, used 50648K [0x0000000083a00000, 0x0000000088e00000, 0x00000000d6900000)
  object space 86016K, 58% used [0x0000000083a00000,0x0000000086b76260,0x0000000088e00000)
 Metaspace       used 20707K, capacity 21178K, committed 21248K, reserved 1069056K
  class space    used 2397K, capacity 2547K, committed 2560K, reserved 1048576K
}
Event: 127.012 GC heap before
{Heap before GC invocations=12 (full 2):
 PSYoungGen      total 218112K, used 16370K [0x00000000d6900000, 0x00000000e7f00000, 0x0000000100000000)
  eden space 201728K, 0% used [0x00000000d6900000,0x00000000d6900000,0x00000000e2e00000)
  from space 16384K, 99% used [0x00000000e6f00000,0x00000000e7efcb28,0x00000000e7f00000)
  to   space 28160K, 0% used [0x00000000e4800000,0x00000000e4800000,0x00000000e6380000)
 ParOldGen       total 86016K, used 50648K [0x0000000083a00000, 0x0000000088e00000, 0x00000000d6900000)
  object space 86016K, 58% used [0x0000000083a00000,0x0000000086b76260,0x0000000088e00000)
 Metaspace       used 20707K, capacity 21178K, committed 21248K, reserved 1069056K
  class space    used 2397K, capacity 2547K, committed 2560K, reserved 1048576K

Deoptimization events (10 events):
Event: 102.178 Thread 0x0000000002228800 Uncommon trap: reason=uninitialized action=reinterpret pc=0x00007ff1f93c98d4 method=java.io.ObjectInputStream$HandleTable.markDependency(II)V @ 125
Event: 102.744 Thread 0x0000000002228800 Uncommon trap: reason=unstable_if action=reinterpret pc=0x00007ff1f94a0a40 method=java.io.ObjectStreamClass.hasReadResolveMethod()Z @ 8
Event: 104.025 Thread 0x0000000002228800 Uncommon trap: reason=unstable_if action=reinterpret pc=0x00007ff1f951a01c method=java.util.HashMap.putVal(ILjava/lang/Object;Ljava/lang/Object;ZZ)Ljava/lang/Object; @ 162
Event: 111.529 Thread 0x0000000002228800 Uncommon trap: reason=bimorphic action=maybe_recompile pc=0x00007ff1f94d5a30 method=java.util.Collections$UnmodifiableCollection$1.next()Ljava/lang/Object; @ 4
Event: 111.529 Thread 0x0000000002228800 Uncommon trap: reason=bimorphic action=maybe_recompile pc=0x00007ff1f94d5a30 method=java.util.Collections$UnmodifiableCollection$1.next()Ljava/lang/Object; @ 4
Event: 111.539 Thread 0x0000000002228800 Uncommon trap: reason=bimorphic action=maybe_recompile pc=0x00007ff1f94d5a30 method=java.util.Collections$UnmodifiableCollection$1.next()Ljava/lang/Object; @ 4
Event: 111.539 Thread 0x0000000002228800 Uncommon trap: reason=bimorphic action=maybe_recompile pc=0x00007ff1f94d5a30 method=java.util.Collections$UnmodifiableCollection$1.next()Ljava/lang/Object; @ 4
Event: 117.996 Thread 0x0000000002228800 Uncommon trap: reason=unstable_if action=reinterpret pc=0x00007ff1f97aa6b4 method=org.evosuite.shaded.org.objectweb.asm.ByteVector.putUTF8(Ljava/lang/String;)Lorg/evosuite/shaded/org/objectweb/asm/ByteVector; @ 98
Event: 118.612 Thread 0x000000000222a000 Uncommon trap: reason=unstable_if action=reinterpret pc=0x00007ff1f97a62a0 method=java.io.ObjectInputStream.defaultReadFields(Ljava/lang/Object;Ljava/io/ObjectStreamClass;)V @ 49
Event: 118.656 Thread 0x0000000002228800 Uncommon trap: reason=unstable_if action=reinterpret pc=0x00007ff1f97d126c method=java.io.SerialCallbackContext.check()V @ 4

Classes redefined (0 events):
No events

Internal exceptions (10 events):
Event: 96.160 Thread 0x0000000002228800 Implicit null exception at 0x00007ff1f91df876 to 0x00007ff1f91dfc21
Event: 101.710 Thread 0x00007ff208294000 Exception <a 'java/net/ConnectException'> (0x00000000d840fc90) thrown at [/HUDSON/workspace/8-2-build-linux-amd64/jdk8u181/11358/hotspot/src/share/vm/prims/jni.cpp, line 709]
Event: 101.710 Thread 0x00007ff208291000 Exception <a 'java/net/ConnectException'> (0x00000000d833e060) thrown at [/HUDSON/workspace/8-2-build-linux-amd64/jdk8u181/11358/hotspot/src/share/vm/prims/jni.cpp, line 709]
Event: 101.710 Thread 0x00007ff208292800 Exception <a 'java/net/ConnectException'> (0x00000000d83a6e78) thrown at [/HUDSON/workspace/8-2-build-linux-amd64/jdk8u181/11358/hotspot/src/share/vm/prims/jni.cpp, line 709]
Event: 111.710 Thread 0x00007ff208294000 Exception <a 'java/net/ConnectException'> (0x00000000d86ee848) thrown at [/HUDSON/workspace/8-2-build-linux-amd64/jdk8u181/11358/hotspot/src/share/vm/prims/jni.cpp, line 709]
Event: 111.784 Thread 0x00007ff208291000 Exception <a 'java/net/ConnectException'> (0x00000000d87739b0) thrown at [/HUDSON/workspace/8-2-build-linux-amd64/jdk8u181/11358/hotspot/src/share/vm/prims/jni.cpp, line 709]
Event: 111.784 Thread 0x00007ff208292800 Exception <a 'java/net/ConnectException'> (0x00000000d87f8b10) thrown at [/HUDSON/workspace/8-2-build-linux-amd64/jdk8u181/11358/hotspot/src/share/vm/prims/jni.cpp, line 709]
Event: 121.711 Thread 0x00007ff208294000 Exception <a 'java/net/ConnectException'> (0x00000000d78c21b0) thrown at [/HUDSON/workspace/8-2-build-linux-amd64/jdk8u181/11358/hotspot/src/share/vm/prims/jni.cpp, line 709]
Event: 121.785 Thread 0x00007ff208291000 Exception <a 'java/net/ConnectException'> (0x00000000d7918a28) thrown at [/HUDSON/workspace/8-2-build-linux-amd64/jdk8u181/11358/hotspot/src/share/vm/prims/jni.cpp, line 709]
Event: 121.785 Thread 0x00007ff208292800 Exception <a 'java/net/ConnectException'> (0x00000000d796f298) thrown at [/HUDSON/workspace/8-2-build-linux-amd64/jdk8u181/11358/hotspot/src/share/vm/prims/jni.cpp, line 709]

Events (10 events):
Event: 126.516 Executing VM operation: RevokeBias done
Event: 126.516 Executing VM operation: RevokeBias
Event: 126.516 Executing VM operation: RevokeBias done
Event: 126.516 Executing VM operation: RevokeBias
Event: 126.517 Executing VM operation: RevokeBias done
Event: 126.517 Executing VM operation: RevokeBias
Event: 126.517 Executing VM operation: RevokeBias done
Event: 126.517 loading class java/awt/image/DirectColorModel
Event: 126.517 loading class java/awt/image/PackedColorModel
Event: 126.517 Executing VM operation: CollectForMetadataAllocation


Dynamic libraries:
00400000-00401000 r-xp 00000000 08:01 1448396                            /usr/lib/jvm/jdk1.8.0_181/bin/java
00600000-00601000 rw-p 00000000 08:01 1448396                            /usr/lib/jvm/jdk1.8.0_181/bin/java
02226000-02247000 rw-p 00000000 00:00 0                                  [heap]
83a00000-88e00000 rw-p 00000000 00:00 0 
8a980000-d6900000 ---p 00000000 00:00 0 
d6900000-e7f00000 rw-p 00000000 00:00 0 
e7f00000-100000000 ---p 00000000 00:00 0 
100000000-100280000 rw-p 00000000 00:00 0 
100280000-140000000 ---p 00000000 00:00 0 
7ff1b4000000-7ff1b4021000 rw-p 00000000 00:00 0 
7ff1b4021000-7ff1b8000000 ---p 00000000 00:00 0 
7ff1badea000-7ff1bae2a000 rw-p 00000000 00:00 0 
7ff1bae2a000-7ff1bafea000 ---p 00000000 00:00 0 
7ff1bafea000-7ff1bb1ea000 rw-p 00000000 00:00 0 
7ff1bb2f9000-7ff1bb2fc000 ---p 00000000 00:00 0 
7ff1bb2fc000-7ff1bb5fa000 rw-p 00000000 00:00 0 
7ff1bb5fa000-7ff1bb7fa000 rw-p 00000000 00:00 0 
7ff1bb7fa000-7ff1bb9fa000 rw-p 00000000 00:00 0 
7ff1bb9fa000-7ff1bb9fd000 ---p 00000000 00:00 0 
7ff1bb9fd000-7ff1bbafb000 rw-p 00000000 00:00 0 
7ff1bbafb000-7ff1bbafe000 ---p 00000000 00:00 0 
7ff1bbafe000-7ff1bbbfc000 rw-p 00000000 00:00 0 
7ff1bbbfc000-7ff1bbbff000 ---p 00000000 00:00 0 
7ff1bbbff000-7ff1bbcfd000 rw-p 00000000 00:00 0 
7ff1bbcfd000-7ff1bbd00000 ---p 00000000 00:00 0 
7ff1bbd00000-7ff1bbdfe000 rw-p 00000000 00:00 0 
7ff1bbdfe000-7ff1bbe01000 ---p 00000000 00:00 0 
7ff1bbe01000-7ff1bbeff000 rw-p 00000000 00:00 0 
7ff1bbeff000-7ff1bbf02000 ---p 00000000 00:00 0 
7ff1bbf02000-7ff1bc000000 rw-p 00000000 00:00 0 
7ff1bc000000-7ff1bc021000 rw-p 00000000 00:00 0 
7ff1bc021000-7ff1c0000000 ---p 00000000 00:00 0 
7ff1c0000000-7ff1c0021000 rw-p 00000000 00:00 0 
7ff1c0021000-7ff1c4000000 ---p 00000000 00:00 0 
7ff1c4000000-7ff1c4021000 rw-p 00000000 00:00 0 
7ff1c4021000-7ff1c8000000 ---p 00000000 00:00 0 
7ff1c8000000-7ff1c8021000 rw-p 00000000 00:00 0 
7ff1c8021000-7ff1cc000000 ---p 00000000 00:00 0 
7ff1cc0dd000-7ff1cc0e0000 ---p 00000000 00:00 0 
7ff1cc0e0000-7ff1cc1de000 rw-p 00000000 00:00 0 
7ff1cc1de000-7ff1cc1e1000 ---p 00000000 00:00 0 
7ff1cc1e1000-7ff1cc2df000 rw-p 00000000 00:00 0 
7ff1cc2df000-7ff1cc2e2000 ---p 00000000 00:00 0 
7ff1cc2e2000-7ff1cc3e0000 rw-p 00000000 00:00 0 
7ff1cc3e0000-7ff1cc3e3000 ---p 00000000 00:00 0 
7ff1cc3e3000-7ff1cc4e1000 rw-p 00000000 00:00 0 
7ff1cc4e1000-7ff1cc4e4000 ---p 00000000 00:00 0 
7ff1cc4e4000-7ff1cc5e2000 rw-p 00000000 00:00 0 
7ff1cc5e2000-7ff1cc5e5000 ---p 00000000 00:00 0 
7ff1cc5e5000-7ff1cc6e3000 rw-p 00000000 00:00 0 
7ff1cc6e3000-7ff1cc6e6000 ---p 00000000 00:00 0 
7ff1cc6e6000-7ff1cc7e4000 rw-p 00000000 00:00 0 
7ff1cc7e4000-7ff1cc7e7000 ---p 00000000 00:00 0 
7ff1cc7e7000-7ff1ccae5000 rw-p 00000000 00:00 0 
7ff1ccae5000-7ff1ccae8000 ---p 00000000 00:00 0 
7ff1ccae8000-7ff1ccbe6000 rw-p 00000000 00:00 0 
7ff1ccbe6000-7ff1ccbe9000 ---p 00000000 00:00 0 
7ff1ccbe9000-7ff1ccce7000 rw-p 00000000 00:00 0 
7ff1ccce7000-7ff1cccea000 ---p 00000000 00:00 0 
7ff1cccea000-7ff1cfde9000 rw-p 00000000 00:00 0 
7ff1cfde9000-7ff1cfdff000 r-xp 00000000 08:01 2756237                    /usr/lib/jvm/jdk1.8.0_181/jre/lib/amd64/libnet.so
7ff1cfdff000-7ff1cffff000 ---p 00016000 08:01 2756237                    /usr/lib/jvm/jdk1.8.0_181/jre/lib/amd64/libnet.so
7ff1cffff000-7ff1d0000000 rw-p 00016000 08:01 2756237                    /usr/lib/jvm/jdk1.8.0_181/jre/lib/amd64/libnet.so
7ff1d0000000-7ff1d1332000 rw-p 00000000 00:00 0 
7ff1d1332000-7ff1d4000000 ---p 00000000 00:00 0 
7ff1d4000000-7ff1d4021000 rw-p 00000000 00:00 0 
7ff1d4021000-7ff1d8000000 ---p 00000000 00:00 0 
7ff1d8000000-7ff1d8021000 rw-p 00000000 00:00 0 
7ff1d8021000-7ff1dc000000 ---p 00000000 00:00 0 
7ff1dc000000-7ff1ddb68000 rw-p 00000000 00:00 0 
7ff1ddb68000-7ff1e0000000 ---p 00000000 00:00 0 
7ff1e0000000-7ff1e0021000 rw-p 00000000 00:00 0 
7ff1e0021000-7ff1e4000000 ---p 00000000 00:00 0 
7ff1e4000000-7ff1e406b000 rw-p 00000000 00:00 0 
7ff1e406b000-7ff1e8000000 ---p 00000000 00:00 0 
7ff1e8000000-7ff1e8021000 rw-p 00000000 00:00 0 
7ff1e8021000-7ff1ec000000 ---p 00000000 00:00 0 
7ff1ec000000-7ff1ec3bd000 rw-p 00000000 00:00 0 
7ff1ec3bd000-7ff1f0000000 ---p 00000000 00:00 0 
7ff1f0000000-7ff1f0492000 rw-p 00000000 00:00 0 
7ff1f0492000-7ff1f4000000 ---p 00000000 00:00 0 
7ff1f40c8000-7ff1f40db000 r--s 00345000 08:01 2756119                    /usr/lib/jvm/jdk1.8.0_181/jre/lib/resources.jar
7ff1f40db000-7ff1f430c000 r--s 01bb1000 08:01 1706762                    /home/whj/dowork/DiffTGen/lib/evosuite-1.0.6.jar
7ff1f430c000-7ff1f430d000 ---p 00000000 00:00 0 
7ff1f430d000-7ff1f440d000 rw-p 00000000 00:00 0 
7ff1f440d000-7ff1f4410000 ---p 00000000 00:00 0 
7ff1f4410000-7ff1f450e000 rw-p 00000000 00:00 0 
7ff1f450e000-7ff1f4511000 ---p 00000000 00:00 0 
7ff1f4511000-7ff1f460f000 rw-p 00000000 00:00 0 
7ff1f460f000-7ff1f4612000 ---p 00000000 00:00 0 
7ff1f4612000-7ff1f4710000 rw-p 00000000 00:00 0 
7ff1f4710000-7ff1f4713000 ---p 00000000 00:00 0 
7ff1f4713000-7ff1f4811000 rw-p 00000000 00:00 0 
7ff1f4811000-7ff1f51d0000 r--p 00000000 08:01 1316108                    /usr/lib/locale/locale-archive
7ff1f51d0000-7ff1f9000000 rw-p 00000000 00:00 0 
7ff1f9000000-7ff1f9810000 rwxp 00000000 00:00 0 
7ff1f9810000-7ff208000000 ---p 00000000 00:00 0 
7ff208000000-7ff20846c000 rw-p 00000000 00:00 0 
7ff20846c000-7ff20c000000 ---p 00000000 00:00 0 
7ff20c009000-7ff20c025000 r--s 00393000 08:01 2756136                    /usr/lib/jvm/jdk1.8.0_181/jre/lib/ext/cldrdata.jar
7ff20c025000-7ff20c028000 ---p 00000000 00:00 0 
7ff20c028000-7ff20c05e000 rw-p 00000000 00:00 0 
7ff20c05e000-7ff20c070000 r--s 00169000 08:01 3031953                    /home/whj/dowork/DiffTGen/extra_output/Chart_1_3_sequencer/target/build/classes/all0.jar
7ff20c070000-7ff20c0e9000 r--s 010f9000 08:01 1448503                    /usr/lib/jvm/jdk1.8.0_181/lib/tools.jar
7ff20c0e9000-7ff20c0ec000 ---p 00000000 00:00 0 
7ff20c0ec000-7ff20c1ea000 rw-p 00000000 00:00 0 
7ff20c1ea000-7ff20c1ed000 ---p 00000000 00:00 0 
7ff20c1ed000-7ff20c2eb000 rw-p 00000000 00:00 0 
7ff20c2eb000-7ff20c2ec000 ---p 00000000 00:00 0 
7ff20c2ec000-7ff20ccf5000 rw-p 00000000 00:00 0 
7ff20ccf5000-7ff20cecf000 r--s 03d6b000 08:01 2756084                    /usr/lib/jvm/jdk1.8.0_181/jre/lib/rt.jar
7ff20cecf000-7ff20db28000 rw-p 00000000 00:00 0 
7ff20db28000-7ff20db29000 ---p 00000000 00:00 0 
7ff20db29000-7ff20dc29000 rw-p 00000000 00:00 0 
7ff20dc29000-7ff20dc2a000 ---p 00000000 00:00 0 
7ff20dc2a000-7ff20dd54000 rw-p 00000000 00:00 0 
7ff20dd54000-7ff20dfc2000 ---p 00000000 00:00 0 
7ff20dfc2000-7ff20dfec000 rw-p 00000000 00:00 0 
7ff20dfec000-7ff20e259000 ---p 00000000 00:00 0 
7ff20e259000-7ff20e2e5000 rw-p 00000000 00:00 0 
7ff20e2e5000-7ff20e3a5000 ---p 00000000 00:00 0 
7ff20e3a5000-7ff20e3c7000 rw-p 00000000 00:00 0 
7ff20e3c7000-7ff20e766000 ---p 00000000 00:00 0 
7ff20e766000-7ff20e781000 r-xp 00000000 08:01 2756233                    /usr/lib/jvm/jdk1.8.0_181/jre/lib/amd64/libzip.so
7ff20e781000-7ff20e981000 ---p 0001b000 08:01 2756233                    /usr/lib/jvm/jdk1.8.0_181/jre/lib/amd64/libzip.so
7ff20e981000-7ff20e982000 rw-p 0001b000 08:01 2756233                    /usr/lib/jvm/jdk1.8.0_181/jre/lib/amd64/libzip.so
7ff20e982000-7ff20e98d000 r-xp 00000000 08:01 1054188                    /lib/x86_64-linux-gnu/libnss_files-2.23.so
7ff20e98d000-7ff20eb8c000 ---p 0000b000 08:01 1054188                    /lib/x86_64-linux-gnu/libnss_files-2.23.so
7ff20eb8c000-7ff20eb8d000 r--p 0000a000 08:01 1054188                    /lib/x86_64-linux-gnu/libnss_files-2.23.so
7ff20eb8d000-7ff20eb8e000 rw-p 0000b000 08:01 1054188                    /lib/x86_64-linux-gnu/libnss_files-2.23.so
7ff20eb8e000-7ff20eb94000 rw-p 00000000 00:00 0 
7ff20eb94000-7ff20eb9f000 r-xp 00000000 08:01 1054198                    /lib/x86_64-linux-gnu/libnss_nis-2.23.so
7ff20eb9f000-7ff20ed9e000 ---p 0000b000 08:01 1054198                    /lib/x86_64-linux-gnu/libnss_nis-2.23.so
7ff20ed9e000-7ff20ed9f000 r--p 0000a000 08:01 1054198                    /lib/x86_64-linux-gnu/libnss_nis-2.23.so
7ff20ed9f000-7ff20eda0000 rw-p 0000b000 08:01 1054198                    /lib/x86_64-linux-gnu/libnss_nis-2.23.so
7ff20eda0000-7ff20edb6000 r-xp 00000000 08:01 1054182                    /lib/x86_64-linux-gnu/libnsl-2.23.so
7ff20edb6000-7ff20efb5000 ---p 00016000 08:01 1054182                    /lib/x86_64-linux-gnu/libnsl-2.23.so
7ff20efb5000-7ff20efb6000 r--p 00015000 08:01 1054182                    /lib/x86_64-linux-gnu/libnsl-2.23.so
7ff20efb6000-7ff20efb7000 rw-p 00016000 08:01 1054182                    /lib/x86_64-linux-gnu/libnsl-2.23.so
7ff20efb7000-7ff20efb9000 rw-p 00000000 00:00 0 
7ff20efb9000-7ff20efc1000 r-xp 00000000 08:01 1054184                    /lib/x86_64-linux-gnu/libnss_compat-2.23.so
7ff20efc1000-7ff20f1c0000 ---p 00008000 08:01 1054184                    /lib/x86_64-linux-gnu/libnss_compat-2.23.so
7ff20f1c0000-7ff20f1c1000 r--p 00007000 08:01 1054184                    /lib/x86_64-linux-gnu/libnss_compat-2.23.so
7ff20f1c1000-7ff20f1c2000 rw-p 00008000 08:01 1054184                    /lib/x86_64-linux-gnu/libnss_compat-2.23.so
7ff20f1c2000-7ff20f1ed000 r-xp 00000000 08:01 2756227                    /usr/lib/jvm/jdk1.8.0_181/jre/lib/amd64/libjava.so
7ff20f1ed000-7ff20f3ec000 ---p 0002b000 08:01 2756227                    /usr/lib/jvm/jdk1.8.0_181/jre/lib/amd64/libjava.so
7ff20f3ec000-7ff20f3ee000 rw-p 0002a000 08:01 2756227                    /usr/lib/jvm/jdk1.8.0_181/jre/lib/amd64/libjava.so
7ff20f3ee000-7ff20f3fb000 r-xp 00000000 08:01 2756232                    /usr/lib/jvm/jdk1.8.0_181/jre/lib/amd64/libverify.so
7ff20f3fb000-7ff20f5fb000 ---p 0000d000 08:01 2756232                    /usr/lib/jvm/jdk1.8.0_181/jre/lib/amd64/libverify.so
7ff20f5fb000-7ff20f5fd000 rw-p 0000d000 08:01 2756232                    /usr/lib/jvm/jdk1.8.0_181/jre/lib/amd64/libverify.so
7ff20f5fd000-7ff20f604000 r-xp 00000000 08:01 1054243                    /lib/x86_64-linux-gnu/librt-2.23.so
7ff20f604000-7ff20f803000 ---p 00007000 08:01 1054243                    /lib/x86_64-linux-gnu/librt-2.23.so
7ff20f803000-7ff20f804000 r--p 00006000 08:01 1054243                    /lib/x86_64-linux-gnu/librt-2.23.so
7ff20f804000-7ff20f805000 rw-p 00007000 08:01 1054243                    /lib/x86_64-linux-gnu/librt-2.23.so
7ff20f805000-7ff20f90d000 r-xp 00000000 08:01 1054159                    /lib/x86_64-linux-gnu/libm-2.23.so
7ff20f90d000-7ff20fb0c000 ---p 00108000 08:01 1054159                    /lib/x86_64-linux-gnu/libm-2.23.so
7ff20fb0c000-7ff20fb0d000 r--p 00107000 08:01 1054159                    /lib/x86_64-linux-gnu/libm-2.23.so
7ff20fb0d000-7ff20fb0e000 rw-p 00108000 08:01 1054159                    /lib/x86_64-linux-gnu/libm-2.23.so
7ff20fb0e000-7ff2107ea000 r-xp 00000000 08:01 2756209                    /usr/lib/jvm/jdk1.8.0_181/jre/lib/amd64/server/libjvm.so
7ff2107ea000-7ff2109ea000 ---p 00cdc000 08:01 2756209                    /usr/lib/jvm/jdk1.8.0_181/jre/lib/amd64/server/libjvm.so
7ff2109ea000-7ff210ac4000 rw-p 00cdc000 08:01 2756209                    /usr/lib/jvm/jdk1.8.0_181/jre/lib/amd64/server/libjvm.so
7ff210ac4000-7ff210b0f000 rw-p 00000000 00:00 0 
7ff210b0f000-7ff210ccf000 r-xp 00000000 08:01 1054089                    /lib/x86_64-linux-gnu/libc-2.23.so
7ff210ccf000-7ff210ecf000 ---p 001c0000 08:01 1054089                    /lib/x86_64-linux-gnu/libc-2.23.so
7ff210ecf000-7ff210ed3000 r--p 001c0000 08:01 1054089                    /lib/x86_64-linux-gnu/libc-2.23.so
7ff210ed3000-7ff210ed5000 rw-p 001c4000 08:01 1054089                    /lib/x86_64-linux-gnu/libc-2.23.so
7ff210ed5000-7ff210ed9000 rw-p 00000000 00:00 0 
7ff210ed9000-7ff210edc000 r-xp 00000000 08:01 1054113                    /lib/x86_64-linux-gnu/libdl-2.23.so
7ff210edc000-7ff2110db000 ---p 00003000 08:01 1054113                    /lib/x86_64-linux-gnu/libdl-2.23.so
7ff2110db000-7ff2110dc000 r--p 00002000 08:01 1054113                    /lib/x86_64-linux-gnu/libdl-2.23.so
7ff2110dc000-7ff2110dd000 rw-p 00003000 08:01 1054113                    /lib/x86_64-linux-gnu/libdl-2.23.so
7ff2110dd000-7ff2110f3000 r-xp 00000000 08:01 1449032                    /usr/lib/jvm/jdk1.8.0_181/lib/amd64/jli/libjli.so
7ff2110f3000-7ff2112f2000 ---p 00016000 08:01 1449032                    /usr/lib/jvm/jdk1.8.0_181/lib/amd64/jli/libjli.so
7ff2112f2000-7ff2112f3000 rw-p 00015000 08:01 1449032                    /usr/lib/jvm/jdk1.8.0_181/lib/amd64/jli/libjli.so
7ff2112f3000-7ff21130b000 r-xp 00000000 08:01 1054235                    /lib/x86_64-linux-gnu/libpthread-2.23.so
7ff21130b000-7ff21150a000 ---p 00018000 08:01 1054235                    /lib/x86_64-linux-gnu/libpthread-2.23.so
7ff21150a000-7ff21150b000 r--p 00017000 08:01 1054235                    /lib/x86_64-linux-gnu/libpthread-2.23.so
7ff21150b000-7ff21150c000 rw-p 00018000 08:01 1054235                    /lib/x86_64-linux-gnu/libpthread-2.23.so
7ff21150c000-7ff211510000 rw-p 00000000 00:00 0 
7ff211510000-7ff211536000 r-xp 00000000 08:01 1054061                    /lib/x86_64-linux-gnu/ld-2.23.so
7ff21153c000-7ff211546000 r--s 00116000 08:01 2756143                    /usr/lib/jvm/jdk1.8.0_181/jre/lib/ext/localedata.jar
7ff211546000-7ff211617000 rw-p 00000000 00:00 0 
7ff211617000-7ff21161a000 ---p 00000000 00:00 0 
7ff21161a000-7ff21171d000 rw-p 00000000 00:00 0 
7ff21171d000-7ff211722000 r--s 0009d000 08:01 2756133                    /usr/lib/jvm/jdk1.8.0_181/jre/lib/jsse.jar
7ff211722000-7ff21172a000 r--s 0006e000 08:01 2248917                    /home/whj/dowork/DiffTGen/lib/commons-lang3-3.5.jar
7ff21172a000-7ff21172b000 r--s 00000000 08:01 2248922                    /home/whj/dowork/DiffTGen/lib/myprinter.jar
7ff21172b000-7ff211733000 rw-s 00000000 08:01 1984669                    /tmp/hsperfdata_whj/44448
7ff211733000-7ff211734000 rw-p 00000000 00:00 0 
7ff211734000-7ff211735000 ---p 00000000 00:00 0 
7ff211735000-7ff211736000 r--p 00025000 08:01 1054061                    /lib/x86_64-linux-gnu/ld-2.23.so
7ff211736000-7ff211737000 rw-p 00026000 08:01 1054061                    /lib/x86_64-linux-gnu/ld-2.23.so
7ff211737000-7ff211738000 rw-p 00000000 00:00 0 
7ffdabd5a000-7ffdabd7c000 rw-p 00000000 00:00 0                          [stack]
7ffdabd88000-7ffdabd8b000 r--p 00000000 00:00 0                          [vvar]
7ffdabd8b000-7ffdabd8d000 r-xp 00000000 00:00 0                          [vdso]
ffffffffff600000-ffffffffff601000 r-xp 00000000 00:00 0                  [vsyscall]

VM Arguments:
java_command: /home/whj/dowork/DiffTGen/lib/evosuite-1.0.6.jar -base_dir /home/whj/dowork/DiffTGen/extra_output/Chart_1_3_sequencer/target/0/16 -projectCP /home/whj/dowork/DiffTGen/extra_output/Chart_1_3_sequencer/target/build/classes/all0.jar:/home/whj/dowork/DiffTGen/lib/myprinter.jar:/home/whj/dowork/DiffTGen/lib/commons-lang3-3.5.jar -class org.jfree.chart.renderer.category.AbstractCategoryItemRenderer -Dassertions=false -Dsearch_budget=60
java_class_path (initial): /home/whj/dowork/DiffTGen/lib/evosuite-1.0.6.jar
Launcher Type: SUN_STANDARD

Environment Variables:
JAVA_HOME=/usr/lib/jvm/jdk1.8.0_181
JRE_HOME=/usr/lib/jvm/jdk1.8.0_181/jre
CLASSPATH=.:/usr/lib/jvm/jdk1.8.0_181/lib:/usr/lib/jvm/jdk1.8.0_181/jre/lib
PATH=/home/whj/perl5/bin:/home/whj/dowork/defects4j-1.2.0/framework/bin:/usr/lib/jvm/jdk1.8.0_181/bin:/usr/lib/jvm/jdk1.8.0_181/jre/bin:/home/whj/bin:/home/whj/.local/bin:/usr/local/sbin:/usr/local/bin:/usr/sbin:/usr/bin:/sbin:/bin:/usr/games:/usr/local/games" :/snap/bin:/home/whj/bin
SHELL=/bin/bash
DISPLAY=:0

Signal Handlers:
SIGSEGV: [libjvm.so+0xad2a40], sa_mask[0]=11111111011111111101111111111110, sa_flags=SA_RESTART|SA_SIGINFO
SIGBUS: [libjvm.so+0xad2a40], sa_mask[0]=11111111011111111101111111111110, sa_flags=SA_RESTART|SA_SIGINFO
SIGFPE: [libjvm.so+0x92a610], sa_mask[0]=11111111011111111101111111111110, sa_flags=SA_RESTART|SA_SIGINFO
SIGPIPE: [libjvm.so+0x92a610], sa_mask[0]=11111111011111111101111111111110, sa_flags=SA_RESTART|SA_SIGINFO
SIGXFSZ: [libjvm.so+0x92a610], sa_mask[0]=11111111011111111101111111111110, sa_flags=SA_RESTART|SA_SIGINFO
SIGILL: [libjvm.so+0x92a610], sa_mask[0]=11111111011111111101111111111110, sa_flags=SA_RESTART|SA_SIGINFO
SIGUSR1: SIG_DFL, sa_mask[0]=00000000000000000000000000000000, sa_flags=none
SIGUSR2: [libjvm.so+0x92be70], sa_mask[0]=00100000000000000000000000000000, sa_flags=SA_RESTART|SA_SIGINFO
SIGHUP: [libjvm.so+0x92d270], sa_mask[0]=11111111011111111101111111111110, sa_flags=SA_RESTART|SA_SIGINFO
SIGINT: [libjvm.so+0x92d270], sa_mask[0]=11111111011111111101111111111110, sa_flags=SA_RESTART|SA_SIGINFO
SIGTERM: [libjvm.so+0x92d270], sa_mask[0]=11111111011111111101111111111110, sa_flags=SA_RESTART|SA_SIGINFO
SIGQUIT: [libjvm.so+0x92d270], sa_mask[0]=11111111011111111101111111111110, sa_flags=SA_RESTART|SA_SIGINFO


---------------  S Y S T E M  ---------------

OS:DISTRIB_ID=Ubuntu
DISTRIB_RELEASE=16.04
DISTRIB_CODENAME=xenial
DISTRIB_DESCRIPTION="Ubuntu 16.04.6 LTS"

uname:Linux 4.15.0-91-generic #92~16.04.1-Ubuntu SMP Fri Feb 28 14:57:22 UTC 2020 x86_64
libc:glibc 2.23 NPTL 2.23 
rlimit: STACK 8192k, CORE 0k, NPROC 31576, NOFILE 1048576, AS infinity
load average:21.07 16.70 15.48

/proc/meminfo:
MemTotal:        8144704 kB
MemFree:         1033268 kB
MemAvailable:     929004 kB
Buffers:             264 kB
Cached:            34220 kB
SwapCached:         3356 kB
Active:          5904212 kB
Inactive:         751888 kB
Active(anon):    5898184 kB
Inactive(anon):   724152 kB
Active(file):       6028 kB
Inactive(file):    27736 kB
Unevictable:          32 kB
Mlocked:              32 kB
SwapTotal:        998396 kB
SwapFree:          10460 kB
Dirty:                48 kB
Writeback:          1884 kB
AnonPages:       6620344 kB
Mapped:            26712 kB
Shmem:               592 kB
Slab:              88896 kB
SReclaimable:      31352 kB
SUnreclaim:        57544 kB
KernelStack:       14224 kB
PageTables:        45760 kB
NFS_Unstable:          0 kB
Bounce:                0 kB
WritebackTmp:          0 kB
CommitLimit:     5070748 kB
Committed_AS:   12727800 kB
VmallocTotal:   34359738367 kB
VmallocUsed:           0 kB
VmallocChunk:          0 kB
HardwareCorrupted:     0 kB
AnonHugePages:         0 kB
ShmemHugePages:        0 kB
ShmemPmdMapped:        0 kB
CmaTotal:              0 kB
CmaFree:               0 kB
HugePages_Total:       0
HugePages_Free:        0
HugePages_Rsvd:        0
HugePages_Surp:        0
Hugepagesize:       2048 kB
DirectMap4k:      126784 kB
DirectMap2M:     7213056 kB
DirectMap1G:     3145728 kB


CPU:total 2 (initial active 2) (2 cores per cpu, 1 threads per core) family 6 model 158 stepping 10, cmov, cx8, fxsr, mmx, sse, sse2, sse3, ssse3, sse4.1, sse4.2, popcnt, avx, avx2, aes, clmul, erms, 3dnowpref, lzcnt, tsc, tscinvbit, bmi1, bmi2, adx

/proc/cpuinfo:
processor	: 0
vendor_id	: GenuineIntel
cpu family	: 6
model		: 158
model name	: Intel(R) Core(TM) i7-8750H CPU @ 2.20GHz
stepping	: 10
microcode	: 0x96
cpu MHz		: 2207.999
cache size	: 9216 KB
physical id	: 0
siblings	: 2
core id		: 0
cpu cores	: 2
apicid		: 0
initial apicid	: 0
fpu		: yes
fpu_exception	: yes
cpuid level	: 22
wp		: yes
flags		: fpu vme de pse tsc msr pae mce cx8 apic sep mtrr pge mca cmov pat pse36 clflush mmx fxsr sse sse2 ss ht syscall nx pdpe1gb rdtscp lm constant_tsc arch_perfmon nopl xtopology tsc_reliable nonstop_tsc cpuid pni pclmulqdq ssse3 fma cx16 pcid sse4_1 sse4_2 x2apic movbe popcnt tsc_deadline_timer aes xsave avx f16c rdrand hypervisor lahf_lm abm 3dnowprefetch cpuid_fault invpcid_single pti ssbd ibrs ibpb stibp fsgsbase tsc_adjust bmi1 avx2 smep bmi2 invpcid rdseed adx smap xsaveopt arat flush_l1d arch_capabilities
bugs		: cpu_meltdown spectre_v1 spectre_v2 spec_store_bypass l1tf mds swapgs itlb_multihit
bogomips	: 4415.99
clflush size	: 64
cache_alignment	: 64
address sizes	: 42 bits physical, 48 bits virtual
power management:

processor	: 1
vendor_id	: GenuineIntel
cpu family	: 6
model		: 158
model name	: Intel(R) Core(TM) i7-8750H CPU @ 2.20GHz
stepping	: 10
microcode	: 0x96
cpu MHz		: 2207.999
cache size	: 9216 KB
physical id	: 0
siblings	: 2
core id		: 1
cpu cores	: 2
apicid		: 1
initial apicid	: 1
fpu		: yes
fpu_exception	: yes
cpuid level	: 22
wp		: yes
flags		: fpu vme de pse tsc msr pae mce cx8 apic sep mtrr pge mca cmov pat pse36 clflush mmx fxsr sse sse2 ss ht syscall nx pdpe1gb rdtscp lm constant_tsc arch_perfmon nopl xtopology tsc_reliable nonstop_tsc cpuid pni pclmulqdq ssse3 fma cx16 pcid sse4_1 sse4_2 x2apic movbe popcnt tsc_deadline_timer aes xsave avx f16c rdrand hypervisor lahf_lm abm 3dnowprefetch cpuid_fault invpcid_single pti ssbd ibrs ibpb stibp fsgsbase tsc_adjust bmi1 avx2 smep bmi2 invpcid rdseed adx smap xsaveopt arat flush_l1d arch_capabilities
bugs		: cpu_meltdown spectre_v1 spectre_v2 spec_store_bypass l1tf mds swapgs itlb_multihit
bogomips	: 4415.99
clflush size	: 64
cache_alignment	: 64
address sizes	: 42 bits physical, 48 bits virtual
power management:



Memory: 4k page, physical 8144704k(1033268k free), swap 998396k(10460k free)

vm_info: Java HotSpot(TM) 64-Bit Server VM (25.181-b13) for linux-amd64 JRE (1.8.0_181-b13), built on Jul  7 2018 00:56:38 by "java_re" with gcc 4.3.0 20080428 (Red Hat 4.3.0-8)

time: Fri Mar 27 14:28:15 2020
elapsed time: 130 seconds (0d 0h 2m 10s)

