#
# There is insufficient memory for the Java Runtime Environment to continue.
# Native memory allocation (mmap) failed to map 131072 bytes for committing reserved memory.
# Possible reasons:
#   The system is out of physical RAM or swap space
#   In 32 bit mode, the process size limit was hit
# Possible solutions:
#   Reduce memory load on the system
#   Increase physical memory or swap space
#   Check if swap backing store is full
#   Use 64 bit Java on a 64 bit OS
#   Decrease Java heap size (-Xmx/-Xms)
#   Decrease number of Java threads
#   Decrease Java thread stack sizes (-Xss)
#   Set larger code cache with -XX:ReservedCodeCacheSize=
# This output file may be truncated or incomplete.
#
#  Out of Memory Error (os_linux.cpp:2640), pid=92162, tid=0x00007f32538f8700
#
# JRE version: Java(TM) SE Runtime Environment (8.0_181-b13) (build 1.8.0_181-b13)
# Java VM: Java HotSpot(TM) 64-Bit Server VM (25.181-b13 mixed mode linux-amd64 compressed oops)
# Failed to write core dump. Core dumps have been disabled. To enable core dumping, try "ulimit -c unlimited" before starting Java again
#

---------------  T H R E A D  ---------------

Current thread (0x0000000000d5b800):  JavaThread "RMI TCP Connection(4)-127.0.0.1" daemon [_thread_in_vm, id=92500, stack(0x00007f32537f8000,0x00007f32538f9000)]

Stack: [0x00007f32537f8000,0x00007f32538f9000],  sp=0x00007f32538f1160,  free space=996k
Native frames: (J=compiled Java code, j=interpreted, Vv=VM code, C=native code)
V  [libjvm.so+0xad21aa]  VMError::report_and_die()+0x2ba
V  [libjvm.so+0x5022db]  report_vm_out_of_memory(char const*, int, unsigned long, VMErrorType, char const*)+0x8b
V  [libjvm.so+0x92fe33]  os::Linux::commit_memory_impl(char*, unsigned long, bool)+0x123
V  [libjvm.so+0x930059]  os::pd_commit_memory(char*, unsigned long, unsigned long, bool)+0x29
V  [libjvm.so+0x9272ba]  os::commit_memory(char*, unsigned long, unsigned long, bool)+0x2a
V  [libjvm.so+0xacde89]  VirtualSpace::expand_by(unsigned long, bool)+0x199
V  [libjvm.so+0x8ab626]  VirtualSpaceList::expand_node_by(VirtualSpaceNode*, unsigned long, unsigned long)+0x76
V  [libjvm.so+0x8ae250]  VirtualSpaceList::expand_by(unsigned long, unsigned long)+0xf0
V  [libjvm.so+0x8ae3e3]  VirtualSpaceList::get_new_chunk(unsigned long, unsigned long)+0xb3
V  [libjvm.so+0x8aed5c]  SpaceManager::grow_and_allocate(unsigned long)+0x37c
V  [libjvm.so+0x8af03b]  SpaceManager::allocate_work(unsigned long)+0x14b
V  [libjvm.so+0x8af0cc]  SpaceManager::allocate(unsigned long)+0x7c
V  [libjvm.so+0x8af31e]  Metaspace::allocate(ClassLoaderData*, unsigned long, bool, MetaspaceObj::Type, Thread*)+0x17e
V  [libjvm.so+0x64bcee]  InstanceKlass::allocate_instance_klass(ClassLoaderData*, int, int, int, int, ReferenceType, AccessFlags, Symbol*, Klass*, bool, Thread*)+0xee
V  [libjvm.so+0x4657a0]  ClassFileParser::parseClassFile(Symbol*, ClassLoaderData*, Handle, KlassHandle, GrowableArray<Handle>*, TempNewSymbol&, bool, Thread*)+0x1040
V  [libjvm.so+0xa4230f]  SystemDictionary::resolve_from_stream(Symbol*, Handle, Handle, ClassFileStream*, bool, Thread*)+0x14f
V  [libjvm.so+0x71800e]  jvm_define_class_common(JNIEnv_*, char const*, _jobject*, signed char const*, int, _jobject*, char const*, unsigned char, Thread*)+0x2ae
V  [libjvm.so+0x71bd51]  JVM_DefineClassWithSource+0xe1
C  [libjava.so+0xec18]  Java_java_lang_ClassLoader_defineClass1+0x1c8
J 1125  java.lang.ClassLoader.defineClass1(Ljava/lang/String;[BIILjava/security/ProtectionDomain;Ljava/lang/String;)Ljava/lang/Class; (0 bytes) @ 0x00007f32913b8b4b [0x00007f32913b8a40+0x10b]
J 950 C1 java.lang.ClassLoader.defineClass(Ljava/lang/String;[BIILjava/security/ProtectionDomain;)Ljava/lang/Class; (43 bytes) @ 0x00007f3291340194 [0x00007f329133fbc0+0x5d4]
j  java.lang.ClassLoader.defineClass(Ljava/lang/String;[BII)Ljava/lang/Class;+7
j  org.evosuite.instrumentation.InstrumentingClassLoader.instrumentClass(Ljava/lang/String;)Ljava/lang/Class;+107
j  org.evosuite.instrumentation.InstrumentingClassLoader.loadClass(Ljava/lang/String;)Ljava/lang/Class;+136
j  org.evosuite.utils.generic.GenericClass.getClass(Ljava/lang/String;Ljava/lang/ClassLoader;)Ljava/lang/Class;+306
j  org.evosuite.utils.generic.GenericClass.getClass(Ljava/lang/String;)Ljava/lang/Class;+7
j  org.evosuite.utils.generic.GenericClass.readObject(Ljava/io/ObjectInputStream;)V+25
j  sun.reflect.GeneratedMethodAccessor9.invoke(Ljava/lang/Object;[Ljava/lang/Object;)Ljava/lang/Object;+40
J 1042 C1 sun.reflect.DelegatingMethodAccessorImpl.invoke(Ljava/lang/Object;[Ljava/lang/Object;)Ljava/lang/Object; (10 bytes) @ 0x00007f329138c4c4 [0x00007f329138c3c0+0x104]
J 1041 C1 java.lang.reflect.Method.invoke(Ljava/lang/Object;[Ljava/lang/Object;)Ljava/lang/Object; (62 bytes) @ 0x00007f329138bf0c [0x00007f329138bb20+0x3ec]
J 1057 C1 java.io.ObjectStreamClass.invokeReadObject(Ljava/lang/Object;Ljava/io/ObjectInputStream;)V (93 bytes) @ 0x00007f329139052c [0x00007f32913901c0+0x36c]
J 1024 C1 java.io.ObjectInputStream.readSerialData(Ljava/lang/Object;Ljava/io/ObjectStreamClass;)V (367 bytes) @ 0x00007f3291375fec [0x00007f32913756e0+0x90c]
J 1031 C1 java.io.ObjectInputStream.readOrdinaryObject(Z)Ljava/lang/Object; (322 bytes) @ 0x00007f3291381514 [0x00007f3291380c40+0x8d4]
J 969 C1 java.io.ObjectInputStream.readObject0(Z)Ljava/lang/Object; (566 bytes) @ 0x00007f329134e354 [0x00007f329134d720+0xc34]
J 1163 C2 java.io.ObjectInputStream.defaultReadFields(Ljava/lang/Object;Ljava/io/ObjectStreamClass;)V (199 bytes) @ 0x00007f32913e40d8 [0x00007f32913e3e80+0x258]
J 1024 C1 java.io.ObjectInputStream.readSerialData(Ljava/lang/Object;Ljava/io/ObjectStreamClass;)V (367 bytes) @ 0x00007f3291376344 [0x00007f32913756e0+0xc64]
J 1031 C1 java.io.ObjectInputStream.readOrdinaryObject(Z)Ljava/lang/Object; (322 bytes) @ 0x00007f3291381514 [0x00007f3291380c40+0x8d4]
J 969 C1 java.io.ObjectInputStream.readObject0(Z)Ljava/lang/Object; (566 bytes) @ 0x00007f329134e354 [0x00007f329134d720+0xc34]
J 1163 C2 java.io.ObjectInputStream.defaultReadFields(Ljava/lang/Object;Ljava/io/ObjectStreamClass;)V (199 bytes) @ 0x00007f32913e40d8 [0x00007f32913e3e80+0x258]
J 1024 C1 java.io.ObjectInputStream.readSerialData(Ljava/lang/Object;Ljava/io/ObjectStreamClass;)V (367 bytes) @ 0x00007f3291376344 [0x00007f32913756e0+0xc64]
J 1031 C1 java.io.ObjectInputStream.readOrdinaryObject(Z)Ljava/lang/Object; (322 bytes) @ 0x00007f3291381514 [0x00007f3291380c40+0x8d4]
J 969 C1 java.io.ObjectInputStream.readObject0(Z)Ljava/lang/Object; (566 bytes) @ 0x00007f329134e354 [0x00007f329134d720+0xc34]
J 1017 C1 java.io.ObjectInputStream.readObject()Ljava/lang/Object; (130 bytes) @ 0x00007f3291370354 [0x00007f3291370280+0xd4]
J 2068 C1 java.util.ArrayList.readObject(Ljava/io/ObjectInputStream;)V (87 bytes) @ 0x00007f3291115b7c [0x00007f3291115960+0x21c]
j  sun.reflect.GeneratedMethodAccessor6.invoke(Ljava/lang/Object;[Ljava/lang/Object;)Ljava/lang/Object;+40
J 1042 C1 sun.reflect.DelegatingMethodAccessorImpl.invoke(Ljava/lang/Object;[Ljava/lang/Object;)Ljava/lang/Object; (10 bytes) @ 0x00007f329138c4c4 [0x00007f329138c3c0+0x104]
J 1041 C1 java.lang.reflect.Method.invoke(Ljava/lang/Object;[Ljava/lang/Object;)Ljava/lang/Object; (62 bytes) @ 0x00007f329138bf0c [0x00007f329138bb20+0x3ec]
J 1057 C1 java.io.ObjectStreamClass.invokeReadObject(Ljava/lang/Object;Ljava/io/ObjectInputStream;)V (93 bytes) @ 0x00007f329139052c [0x00007f32913901c0+0x36c]
J 1024 C1 java.io.ObjectInputStream.readSerialData(Ljava/lang/Object;Ljava/io/ObjectStreamClass;)V (367 bytes) @ 0x00007f3291375fec [0x00007f32913756e0+0x90c]
J 1031 C1 java.io.ObjectInputStream.readOrdinaryObject(Z)Ljava/lang/Object; (322 bytes) @ 0x00007f3291381514 [0x00007f3291380c40+0x8d4]
J 969 C1 java.io.ObjectInputStream.readObject0(Z)Ljava/lang/Object; (566 bytes) @ 0x00007f329134e354 [0x00007f329134d720+0xc34]
J 1163 C2 java.io.ObjectInputStream.defaultReadFields(Ljava/lang/Object;Ljava/io/ObjectStreamClass;)V (199 bytes) @ 0x00007f32913e40d8 [0x00007f32913e3e80+0x258]
J 1024 C1 java.io.ObjectInputStream.readSerialData(Ljava/lang/Object;Ljava/io/ObjectStreamClass;)V (367 bytes) @ 0x00007f3291376344 [0x00007f32913756e0+0xc64]
J 1031 C1 java.io.ObjectInputStream.readOrdinaryObject(Z)Ljava/lang/Object; (322 bytes) @ 0x00007f3291381514 [0x00007f3291380c40+0x8d4]
J 969 C1 java.io.ObjectInputStream.readObject0(Z)Ljava/lang/Object; (566 bytes) @ 0x00007f329134e354 [0x00007f329134d720+0xc34]
J 1163 C2 java.io.ObjectInputStream.defaultReadFields(Ljava/lang/Object;Ljava/io/ObjectStreamClass;)V (199 bytes) @ 0x00007f32913e40d8 [0x00007f32913e3e80+0x258]
J 1053 C1 java.io.ObjectInputStream.defaultReadObject()V (87 bytes) @ 0x00007f329139479c [0x00007f3291394480+0x31c]
j  org.evosuite.testcase.DefaultTestCase.readObject(Ljava/io/ObjectInputStream;)V+1
v  ~StubRoutines::call_stub
V  [libjvm.so+0x697a76]  JavaCalls::call_helper(JavaValue*, methodHandle*, JavaCallArguments*, Thread*)+0x1056
V  [libjvm.so+0x9a6737]  Reflection::invoke(instanceKlassHandle, methodHandle, Handle, bool, objArrayHandle, BasicType, objArrayHandle, bool, Thread*)+0x5d7
V  [libjvm.so+0x9a9e47]  Reflection::invoke_method(oopDesc*, Handle, objArrayHandle, Thread*)+0x147
V  [libjvm.so+0x729c7b]  JVM_InvokeMethod+0x26b
J 2029  sun.reflect.NativeMethodAccessorImpl.invoke0(Ljava/lang/reflect/Method;Ljava/lang/Object;[Ljava/lang/Object;)Ljava/lang/Object; (0 bytes) @ 0x00007f329173a3ed [0x00007f329173a300+0xed]
J 2028 C1 sun.reflect.NativeMethodAccessorImpl.invoke(Ljava/lang/Object;[Ljava/lang/Object;)Ljava/lang/Object; (104 bytes) @ 0x00007f329173aabc [0x00007f329173a720+0x39c]
J 1042 C1 sun.reflect.DelegatingMethodAccessorImpl.invoke(Ljava/lang/Object;[Ljava/lang/Object;)Ljava/lang/Object; (10 bytes) @ 0x00007f329138c4c4 [0x00007f329138c3c0+0x104]
J 1041 C1 java.lang.reflect.Method.invoke(Ljava/lang/Object;[Ljava/lang/Object;)Ljava/lang/Object; (62 bytes) @ 0x00007f329138bf0c [0x00007f329138bb20+0x3ec]
J 1057 C1 java.io.ObjectStreamClass.invokeReadObject(Ljava/lang/Object;Ljava/io/ObjectInputStream;)V (93 bytes) @ 0x00007f329139052c [0x00007f32913901c0+0x36c]
J 1024 C1 java.io.ObjectInputStream.readSerialData(Ljava/lang/Object;Ljava/io/ObjectStreamClass;)V (367 bytes) @ 0x00007f3291375fec [0x00007f32913756e0+0x90c]
J 1031 C1 java.io.ObjectInputStream.readOrdinaryObject(Z)Ljava/lang/Object; (322 bytes) @ 0x00007f3291381514 [0x00007f3291380c40+0x8d4]
J 969 C1 java.io.ObjectInputStream.readObject0(Z)Ljava/lang/Object; (566 bytes) @ 0x00007f329134e354 [0x00007f329134d720+0xc34]
J 1163 C2 java.io.ObjectInputStream.defaultReadFields(Ljava/lang/Object;Ljava/io/ObjectStreamClass;)V (199 bytes) @ 0x00007f32913e40d8 [0x00007f32913e3e80+0x258]
J 1024 C1 java.io.ObjectInputStream.readSerialData(Ljava/lang/Object;Ljava/io/ObjectStreamClass;)V (367 bytes) @ 0x00007f3291376344 [0x00007f32913756e0+0xc64]
J 1031 C1 java.io.ObjectInputStream.readOrdinaryObject(Z)Ljava/lang/Object; (322 bytes) @ 0x00007f3291381514 [0x00007f3291380c40+0x8d4]
J 969 C1 java.io.ObjectInputStream.readObject0(Z)Ljava/lang/Object; (566 bytes) @ 0x00007f329134e354 [0x00007f329134d720+0xc34]
J 1017 C1 java.io.ObjectInputStream.readObject()Ljava/lang/Object; (130 bytes) @ 0x00007f3291370354 [0x00007f3291370280+0xd4]
j  java.util.ArrayList.readObject(Ljava/io/ObjectInputStream;)V+76
J 1139 C1 sun.reflect.GeneratedMethodAccessor6.invoke(Ljava/lang/Object;[Ljava/lang/Object;)Ljava/lang/Object; (66 bytes) @ 0x00007f32913bbc04 [0x00007f32913bbb20+0xe4]
J 1042 C1 sun.reflect.DelegatingMethodAccessorImpl.invoke(Ljava/lang/Object;[Ljava/lang/Object;)Ljava/lang/Object; (10 bytes) @ 0x00007f329138c4c4 [0x00007f329138c3c0+0x104]
J 1041 C1 java.lang.reflect.Method.invoke(Ljava/lang/Object;[Ljava/lang/Object;)Ljava/lang/Object; (62 bytes) @ 0x00007f329138bf0c [0x00007f329138bb20+0x3ec]
J 1057 C1 java.io.ObjectStreamClass.invokeReadObject(Ljava/lang/Object;Ljava/io/ObjectInputStream;)V (93 bytes) @ 0x00007f329139052c [0x00007f32913901c0+0x36c]
J 1024 C1 java.io.ObjectInputStream.readSerialData(Ljava/lang/Object;Ljava/io/ObjectStreamClass;)V (367 bytes) @ 0x00007f3291375fec [0x00007f32913756e0+0x90c]
J 1031 C1 java.io.ObjectInputStream.readOrdinaryObject(Z)Ljava/lang/Object; (322 bytes) @ 0x00007f3291381514 [0x00007f3291380c40+0x8d4]
J 969 C1 java.io.ObjectInputStream.readObject0(Z)Ljava/lang/Object; (566 bytes) @ 0x00007f329134e354 [0x00007f329134d720+0xc34]
J 1016 C1 java.io.ObjectInputStream.defaultReadFields(Ljava/lang/Object;Ljava/io/ObjectStreamClass;)V (199 bytes) @ 0x00007f329136f31c [0x00007f329136ece0+0x63c]
j  java.io.ObjectInputStream.readSerialData(Ljava/lang/Object;Ljava/io/ObjectStreamClass;)V+298
j  java.io.ObjectInputStream.readOrdinaryObject(Z)Ljava/lang/Object;+183
J 969 C1 java.io.ObjectInputStream.readObject0(Z)Ljava/lang/Object; (566 bytes) @ 0x00007f329134e354 [0x00007f329134d720+0xc34]
j  java.io.ObjectInputStream.readObject()Ljava/lang/Object;+19
j  sun.rmi.server.UnicastRef.unmarshalValue(Ljava/lang/Class;Ljava/io/ObjectInput;)Ljava/lang/Object;+171
j  sun.rmi.server.UnicastServerRef.unmarshalParametersUnchecked(Ljava/lang/reflect/Method;Ljava/io/ObjectInput;)[Ljava/lang/Object;+31
j  sun.rmi.server.UnicastServerRef.unmarshalParameters(Ljava/lang/Object;Ljava/lang/reflect/Method;Lsun/rmi/server/MarshalInputStream;)[Ljava/lang/Object;+23
j  sun.rmi.server.UnicastServerRef.dispatch(Ljava/rmi/Remote;Ljava/rmi/server/RemoteCall;)V+168
j  sun.rmi.transport.Transport$1.run()Ljava/lang/Void;+23
j  sun.rmi.transport.Transport$1.run()Ljava/lang/Object;+1
v  ~StubRoutines::call_stub
V  [libjvm.so+0x697a76]  JavaCalls::call_helper(JavaValue*, methodHandle*, JavaCallArguments*, Thread*)+0x1056
V  [libjvm.so+0x73107c]  JVM_DoPrivileged+0x27c
J 141  java.security.AccessController.doPrivileged(Ljava/security/PrivilegedExceptionAction;Ljava/security/AccessControlContext;)Ljava/lang/Object; (0 bytes) @ 0x00007f3291159615 [0x00007f3291159540+0xd5]
j  sun.rmi.transport.Transport.serviceCall(Ljava/rmi/server/RemoteCall;)Z+157
...<more frames>...

Java frames: (J=compiled Java code, j=interpreted, Vv=VM code)
J 1125  java.lang.ClassLoader.defineClass1(Ljava/lang/String;[BIILjava/security/ProtectionDomain;Ljava/lang/String;)Ljava/lang/Class; (0 bytes) @ 0x00007f32913b8ad1 [0x00007f32913b8a40+0x91]
J 950 C1 java.lang.ClassLoader.defineClass(Ljava/lang/String;[BIILjava/security/ProtectionDomain;)Ljava/lang/Class; (43 bytes) @ 0x00007f3291340194 [0x00007f329133fbc0+0x5d4]
j  java.lang.ClassLoader.defineClass(Ljava/lang/String;[BII)Ljava/lang/Class;+7
j  org.evosuite.instrumentation.InstrumentingClassLoader.instrumentClass(Ljava/lang/String;)Ljava/lang/Class;+107
j  org.evosuite.instrumentation.InstrumentingClassLoader.loadClass(Ljava/lang/String;)Ljava/lang/Class;+136
j  org.evosuite.utils.generic.GenericClass.getClass(Ljava/lang/String;Ljava/lang/ClassLoader;)Ljava/lang/Class;+306
j  org.evosuite.utils.generic.GenericClass.getClass(Ljava/lang/String;)Ljava/lang/Class;+7
j  org.evosuite.utils.generic.GenericClass.readObject(Ljava/io/ObjectInputStream;)V+25
j  sun.reflect.GeneratedMethodAccessor9.invoke(Ljava/lang/Object;[Ljava/lang/Object;)Ljava/lang/Object;+40
J 1042 C1 sun.reflect.DelegatingMethodAccessorImpl.invoke(Ljava/lang/Object;[Ljava/lang/Object;)Ljava/lang/Object; (10 bytes) @ 0x00007f329138c4c4 [0x00007f329138c3c0+0x104]
J 1041 C1 java.lang.reflect.Method.invoke(Ljava/lang/Object;[Ljava/lang/Object;)Ljava/lang/Object; (62 bytes) @ 0x00007f329138bf0c [0x00007f329138bb20+0x3ec]
J 1057 C1 java.io.ObjectStreamClass.invokeReadObject(Ljava/lang/Object;Ljava/io/ObjectInputStream;)V (93 bytes) @ 0x00007f329139052c [0x00007f32913901c0+0x36c]
J 1024 C1 java.io.ObjectInputStream.readSerialData(Ljava/lang/Object;Ljava/io/ObjectStreamClass;)V (367 bytes) @ 0x00007f3291375fec [0x00007f32913756e0+0x90c]
J 1031 C1 java.io.ObjectInputStream.readOrdinaryObject(Z)Ljava/lang/Object; (322 bytes) @ 0x00007f3291381514 [0x00007f3291380c40+0x8d4]
J 969 C1 java.io.ObjectInputStream.readObject0(Z)Ljava/lang/Object; (566 bytes) @ 0x00007f329134e354 [0x00007f329134d720+0xc34]
J 1163 C2 java.io.ObjectInputStream.defaultReadFields(Ljava/lang/Object;Ljava/io/ObjectStreamClass;)V (199 bytes) @ 0x00007f32913e40d8 [0x00007f32913e3e80+0x258]
J 1024 C1 java.io.ObjectInputStream.readSerialData(Ljava/lang/Object;Ljava/io/ObjectStreamClass;)V (367 bytes) @ 0x00007f3291376344 [0x00007f32913756e0+0xc64]
J 1031 C1 java.io.ObjectInputStream.readOrdinaryObject(Z)Ljava/lang/Object; (322 bytes) @ 0x00007f3291381514 [0x00007f3291380c40+0x8d4]
J 969 C1 java.io.ObjectInputStream.readObject0(Z)Ljava/lang/Object; (566 bytes) @ 0x00007f329134e354 [0x00007f329134d720+0xc34]
J 1163 C2 java.io.ObjectInputStream.defaultReadFields(Ljava/lang/Object;Ljava/io/ObjectStreamClass;)V (199 bytes) @ 0x00007f32913e40d8 [0x00007f32913e3e80+0x258]
J 1024 C1 java.io.ObjectInputStream.readSerialData(Ljava/lang/Object;Ljava/io/ObjectStreamClass;)V (367 bytes) @ 0x00007f3291376344 [0x00007f32913756e0+0xc64]
J 1031 C1 java.io.ObjectInputStream.readOrdinaryObject(Z)Ljava/lang/Object; (322 bytes) @ 0x00007f3291381514 [0x00007f3291380c40+0x8d4]
J 969 C1 java.io.ObjectInputStream.readObject0(Z)Ljava/lang/Object; (566 bytes) @ 0x00007f329134e354 [0x00007f329134d720+0xc34]
J 1017 C1 java.io.ObjectInputStream.readObject()Ljava/lang/Object; (130 bytes) @ 0x00007f3291370354 [0x00007f3291370280+0xd4]
J 2068 C1 java.util.ArrayList.readObject(Ljava/io/ObjectInputStream;)V (87 bytes) @ 0x00007f3291115b7c [0x00007f3291115960+0x21c]
j  sun.reflect.GeneratedMethodAccessor6.invoke(Ljava/lang/Object;[Ljava/lang/Object;)Ljava/lang/Object;+40
J 1042 C1 sun.reflect.DelegatingMethodAccessorImpl.invoke(Ljava/lang/Object;[Ljava/lang/Object;)Ljava/lang/Object; (10 bytes) @ 0x00007f329138c4c4 [0x00007f329138c3c0+0x104]
J 1041 C1 java.lang.reflect.Method.invoke(Ljava/lang/Object;[Ljava/lang/Object;)Ljava/lang/Object; (62 bytes) @ 0x00007f329138bf0c [0x00007f329138bb20+0x3ec]
J 1057 C1 java.io.ObjectStreamClass.invokeReadObject(Ljava/lang/Object;Ljava/io/ObjectInputStream;)V (93 bytes) @ 0x00007f329139052c [0x00007f32913901c0+0x36c]
J 1024 C1 java.io.ObjectInputStream.readSerialData(Ljava/lang/Object;Ljava/io/ObjectStreamClass;)V (367 bytes) @ 0x00007f3291375fec [0x00007f32913756e0+0x90c]
J 1031 C1 java.io.ObjectInputStream.readOrdinaryObject(Z)Ljava/lang/Object; (322 bytes) @ 0x00007f3291381514 [0x00007f3291380c40+0x8d4]
J 969 C1 java.io.ObjectInputStream.readObject0(Z)Ljava/lang/Object; (566 bytes) @ 0x00007f329134e354 [0x00007f329134d720+0xc34]
J 1163 C2 java.io.ObjectInputStream.defaultReadFields(Ljava/lang/Object;Ljava/io/ObjectStreamClass;)V (199 bytes) @ 0x00007f32913e40d8 [0x00007f32913e3e80+0x258]
J 1024 C1 java.io.ObjectInputStream.readSerialData(Ljava/lang/Object;Ljava/io/ObjectStreamClass;)V (367 bytes) @ 0x00007f3291376344 [0x00007f32913756e0+0xc64]
J 1031 C1 java.io.ObjectInputStream.readOrdinaryObject(Z)Ljava/lang/Object; (322 bytes) @ 0x00007f3291381514 [0x00007f3291380c40+0x8d4]
J 969 C1 java.io.ObjectInputStream.readObject0(Z)Ljava/lang/Object; (566 bytes) @ 0x00007f329134e354 [0x00007f329134d720+0xc34]
J 1163 C2 java.io.ObjectInputStream.defaultReadFields(Ljava/lang/Object;Ljava/io/ObjectStreamClass;)V (199 bytes) @ 0x00007f32913e40d8 [0x00007f32913e3e80+0x258]
J 1053 C1 java.io.ObjectInputStream.defaultReadObject()V (87 bytes) @ 0x00007f329139479c [0x00007f3291394480+0x31c]
j  org.evosuite.testcase.DefaultTestCase.readObject(Ljava/io/ObjectInputStream;)V+1
v  ~StubRoutines::call_stub
J 2029  sun.reflect.NativeMethodAccessorImpl.invoke0(Ljava/lang/reflect/Method;Ljava/lang/Object;[Ljava/lang/Object;)Ljava/lang/Object; (0 bytes) @ 0x00007f329173a377 [0x00007f329173a300+0x77]
J 2028 C1 sun.reflect.NativeMethodAccessorImpl.invoke(Ljava/lang/Object;[Ljava/lang/Object;)Ljava/lang/Object; (104 bytes) @ 0x00007f329173aabc [0x00007f329173a720+0x39c]
J 1042 C1 sun.reflect.DelegatingMethodAccessorImpl.invoke(Ljava/lang/Object;[Ljava/lang/Object;)Ljava/lang/Object; (10 bytes) @ 0x00007f329138c4c4 [0x00007f329138c3c0+0x104]
J 1041 C1 java.lang.reflect.Method.invoke(Ljava/lang/Object;[Ljava/lang/Object;)Ljava/lang/Object; (62 bytes) @ 0x00007f329138bf0c [0x00007f329138bb20+0x3ec]
J 1057 C1 java.io.ObjectStreamClass.invokeReadObject(Ljava/lang/Object;Ljava/io/ObjectInputStream;)V (93 bytes) @ 0x00007f329139052c [0x00007f32913901c0+0x36c]
J 1024 C1 java.io.ObjectInputStream.readSerialData(Ljava/lang/Object;Ljava/io/ObjectStreamClass;)V (367 bytes) @ 0x00007f3291375fec [0x00007f32913756e0+0x90c]
J 1031 C1 java.io.ObjectInputStream.readOrdinaryObject(Z)Ljava/lang/Object; (322 bytes) @ 0x00007f3291381514 [0x00007f3291380c40+0x8d4]
J 969 C1 java.io.ObjectInputStream.readObject0(Z)Ljava/lang/Object; (566 bytes) @ 0x00007f329134e354 [0x00007f329134d720+0xc34]
J 1163 C2 java.io.ObjectInputStream.defaultReadFields(Ljava/lang/Object;Ljava/io/ObjectStreamClass;)V (199 bytes) @ 0x00007f32913e40d8 [0x00007f32913e3e80+0x258]
J 1024 C1 java.io.ObjectInputStream.readSerialData(Ljava/lang/Object;Ljava/io/ObjectStreamClass;)V (367 bytes) @ 0x00007f3291376344 [0x00007f32913756e0+0xc64]
J 1031 C1 java.io.ObjectInputStream.readOrdinaryObject(Z)Ljava/lang/Object; (322 bytes) @ 0x00007f3291381514 [0x00007f3291380c40+0x8d4]
J 969 C1 java.io.ObjectInputStream.readObject0(Z)Ljava/lang/Object; (566 bytes) @ 0x00007f329134e354 [0x00007f329134d720+0xc34]
J 1017 C1 java.io.ObjectInputStream.readObject()Ljava/lang/Object; (130 bytes) @ 0x00007f3291370354 [0x00007f3291370280+0xd4]
j  java.util.ArrayList.readObject(Ljava/io/ObjectInputStream;)V+76
J 1139 C1 sun.reflect.GeneratedMethodAccessor6.invoke(Ljava/lang/Object;[Ljava/lang/Object;)Ljava/lang/Object; (66 bytes) @ 0x00007f32913bbc04 [0x00007f32913bbb20+0xe4]
J 1042 C1 sun.reflect.DelegatingMethodAccessorImpl.invoke(Ljava/lang/Object;[Ljava/lang/Object;)Ljava/lang/Object; (10 bytes) @ 0x00007f329138c4c4 [0x00007f329138c3c0+0x104]
J 1041 C1 java.lang.reflect.Method.invoke(Ljava/lang/Object;[Ljava/lang/Object;)Ljava/lang/Object; (62 bytes) @ 0x00007f329138bf0c [0x00007f329138bb20+0x3ec]
J 1057 C1 java.io.ObjectStreamClass.invokeReadObject(Ljava/lang/Object;Ljava/io/ObjectInputStream;)V (93 bytes) @ 0x00007f329139052c [0x00007f32913901c0+0x36c]
J 1024 C1 java.io.ObjectInputStream.readSerialData(Ljava/lang/Object;Ljava/io/ObjectStreamClass;)V (367 bytes) @ 0x00007f3291375fec [0x00007f32913756e0+0x90c]
J 1031 C1 java.io.ObjectInputStream.readOrdinaryObject(Z)Ljava/lang/Object; (322 bytes) @ 0x00007f3291381514 [0x00007f3291380c40+0x8d4]
J 969 C1 java.io.ObjectInputStream.readObject0(Z)Ljava/lang/Object; (566 bytes) @ 0x00007f329134e354 [0x00007f329134d720+0xc34]
J 1016 C1 java.io.ObjectInputStream.defaultReadFields(Ljava/lang/Object;Ljava/io/ObjectStreamClass;)V (199 bytes) @ 0x00007f329136f31c [0x00007f329136ece0+0x63c]
j  java.io.ObjectInputStream.readSerialData(Ljava/lang/Object;Ljava/io/ObjectStreamClass;)V+298
j  java.io.ObjectInputStream.readOrdinaryObject(Z)Ljava/lang/Object;+183
J 969 C1 java.io.ObjectInputStream.readObject0(Z)Ljava/lang/Object; (566 bytes) @ 0x00007f329134e354 [0x00007f329134d720+0xc34]
j  java.io.ObjectInputStream.readObject()Ljava/lang/Object;+19
j  sun.rmi.server.UnicastRef.unmarshalValue(Ljava/lang/Class;Ljava/io/ObjectInput;)Ljava/lang/Object;+171
j  sun.rmi.server.UnicastServerRef.unmarshalParametersUnchecked(Ljava/lang/reflect/Method;Ljava/io/ObjectInput;)[Ljava/lang/Object;+31
j  sun.rmi.server.UnicastServerRef.unmarshalParameters(Ljava/lang/Object;Ljava/lang/reflect/Method;Lsun/rmi/server/MarshalInputStream;)[Ljava/lang/Object;+23
j  sun.rmi.server.UnicastServerRef.dispatch(Ljava/rmi/Remote;Ljava/rmi/server/RemoteCall;)V+168
j  sun.rmi.transport.Transport$1.run()Ljava/lang/Void;+23
j  sun.rmi.transport.Transport$1.run()Ljava/lang/Object;+1
v  ~StubRoutines::call_stub
J 141  java.security.AccessController.doPrivileged(Ljava/security/PrivilegedExceptionAction;Ljava/security/AccessControlContext;)Ljava/lang/Object; (0 bytes) @ 0x00007f32911595a3 [0x00007f3291159540+0x63]
j  sun.rmi.transport.Transport.serviceCall(Ljava/rmi/server/RemoteCall;)Z+157
j  sun.rmi.transport.tcp.TCPTransport.handleMessages(Lsun/rmi/transport/Connection;Z)V+185
j  sun.rmi.transport.tcp.TCPTransport$ConnectionHandler.run0()V+696
j  sun.rmi.transport.tcp.TCPTransport$ConnectionHandler.lambda$run$0()Ljava/lang/Void;+1
j  sun.rmi.transport.tcp.TCPTransport$ConnectionHandler$$Lambda$19.run()Ljava/lang/Object;+4
v  ~StubRoutines::call_stub
j  java.security.AccessController.doPrivileged(Ljava/security/PrivilegedAction;Ljava/security/AccessControlContext;)Ljava/lang/Object;+0
j  sun.rmi.transport.tcp.TCPTransport$ConnectionHandler.run()V+58
j  java.util.concurrent.ThreadPoolExecutor.runWorker(Ljava/util/concurrent/ThreadPoolExecutor$Worker;)V+95
j  java.util.concurrent.ThreadPoolExecutor$Worker.run()V+5
j  java.lang.Thread.run()V+11
v  ~StubRoutines::call_stub

---------------  P R O C E S S  ---------------

Java Threads: ( => current thread )
  0x0000000000d5d000 JavaThread "RMI TCP Connection(5)-127.0.0.1" daemon [_thread_in_native, id=92579, stack(0x00007f3253afb000,0x00007f3253bfc000)]
=>0x0000000000d5b800 JavaThread "RMI TCP Connection(4)-127.0.0.1" daemon [_thread_in_vm, id=92500, stack(0x00007f32537f8000,0x00007f32538f9000)]
  0x00007f327c058000 JavaThread "RMI Scheduler(0)" daemon [_thread_blocked, id=92495, stack(0x00007f32538f9000,0x00007f32539fa000)]
  0x00007f327c052800 JavaThread "RMI RenewClean-[127.0.0.1:5472]" daemon [_thread_blocked, id=92481, stack(0x00007f32539fa000,0x00007f3253afb000)]
  0x00007f3254005000 JavaThread "pool-3-thread-3" [_thread_in_native, id=92423, stack(0x00007f3253bfc000,0x00007f3253cfd000)]
  0x00007f3254003800 JavaThread "pool-3-thread-2" [_thread_in_native, id=92421, stack(0x00007f3253cfd000,0x00007f3253dfe000)]
  0x00007f3254002800 JavaThread "pool-3-thread-1" [_thread_in_native, id=92416, stack(0x00007f3253dfe000,0x00007f3253eff000)]
  0x00007f32a0369800 JavaThread "Thread-3" [_thread_in_native, id=92296, stack(0x00007f3253eff000,0x00007f3254000000)]
  0x00007f32a0368000 JavaThread "Thread-2" [_thread_in_native, id=92292, stack(0x00007f32640ae000,0x00007f32641af000)]
  0x00007f32a0366800 JavaThread "process reaper" daemon [_thread_in_native, id=92281, stack(0x00007f32a4037000,0x00007f32a4070000)]
  0x00007f32a0361000 JavaThread "pool-2-thread-1" [_thread_in_native, id=92261, stack(0x00007f32641af000,0x00007f32642b0000)]
  0x00007f32a035e800 JavaThread "GC Daemon" daemon [_thread_blocked, id=92260, stack(0x00007f32642b0000,0x00007f32643b1000)]
  0x00007f32a035c000 JavaThread "RMI Reaper" [_thread_blocked, id=92257, stack(0x00007f32643b1000,0x00007f32644b2000)]
  0x00007f32a0355000 JavaThread "RMI TCP Accept-17901" daemon [_thread_in_native, id=92255, stack(0x00007f32644b2000,0x00007f32645b3000)]
  0x00007f32a034d800 JavaThread "RMI TCP Accept-19032" daemon [_thread_in_native, id=92249, stack(0x00007f32645b3000,0x00007f32646b4000)]
  0x00007f32a0293800 JavaThread "logback-3" daemon [_thread_blocked, id=92237, stack(0x00007f32648b4000,0x00007f32649b5000)]
  0x00007f32a0292000 JavaThread "logback-2" daemon [_thread_blocked, id=92235, stack(0x00007f32649b5000,0x00007f3264ab6000)]
  0x00007f32a0290800 JavaThread "logback-1" daemon [_thread_blocked, id=92233, stack(0x00007f3264ab6000,0x00007f3264bb7000)]
  0x00007f32a0142000 JavaThread "Service Thread" daemon [_thread_blocked, id=92211, stack(0x00007f328c10a000,0x00007f328c20b000)]
  0x00007f32a013f000 JavaThread "C1 CompilerThread1" daemon [_thread_blocked, id=92210, stack(0x00007f328c20b000,0x00007f328c30c000)]
  0x00007f32a013c000 JavaThread "C2 CompilerThread0" daemon [_thread_blocked, id=92209, stack(0x00007f328c30c000,0x00007f328c40d000)]
  0x00007f32a013a800 JavaThread "Signal Dispatcher" daemon [_thread_blocked, id=92208, stack(0x00007f328c40d000,0x00007f328c50e000)]
  0x00007f32a0107800 JavaThread "Finalizer" daemon [_thread_blocked, id=92203, stack(0x00007f328cecd000,0x00007f328cfce000)]
  0x00007f32a0105000 JavaThread "Reference Handler" daemon [_thread_blocked, id=92200, stack(0x00007f328cfce000,0x00007f328d0cf000)]
  0x00007f32a000a800 JavaThread "main" [_thread_in_native, id=92169, stack(0x00007f32a9326000,0x00007f32a9427000)]

Other Threads:
  0x00007f32a00fb800 VMThread [stack: 0x00007f328d0cf000,0x00007f328d1d0000] [id=92190]
  0x00007f32a0147000 WatcherThread [stack: 0x00007f328c009000,0x00007f328c10a000] [id=92212]

VM state:synchronizing (normal execution)

VM Mutex/Monitor currently owned by a thread:  ([mutex/lock_event])
[0x00007f32a0006cc0] Threads_lock - owner thread: 0x00007f32a00fb800

Heap:
 PSYoungGen      total 68608K, used 50577K [0x00000000d6900000, 0x00000000db400000, 0x0000000100000000)
  eden space 61952K, 76% used [0x00000000d6900000,0x00000000d96fc5a8,0x00000000da580000)
  from space 6656K, 52% used [0x00000000dac80000,0x00000000dafe8010,0x00000000db300000)
  to   space 7168K, 0% used [0x00000000da580000,0x00000000da580000,0x00000000dac80000)
 ParOldGen       total 86016K, used 9854K [0x0000000083a00000, 0x0000000088e00000, 0x00000000d6900000)
  object space 86016K, 11% used [0x0000000083a00000,0x000000008439fa30,0x0000000088e00000)
 Metaspace       used 16684K, capacity 17172K, committed 17408K, reserved 1064960K
  class space    used 1886K, capacity 2018K, committed 2048K, reserved 1048576K

Card table byte_map: [0x00007f32a5cd1000,0x00007f32a60b5000] byte_map_base: 0x00007f32a58b4000

Marking Bits: (ParMarkBitMap*) 0x00007f32a87f10a0
 Begin Bits: [0x00007f328d1d0000, 0x00007f328f0e8000)
 End Bits:   [0x00007f328f0e8000, 0x00007f3291000000)

Polling page: 0x00007f32a9443000

CodeCache: size=245760Kb used=7434Kb max_used=7442Kb free=238325Kb
 bounds [0x00007f3291000000, 0x00007f3291750000, 0x00007f32a0000000]
 total_blobs=2368 nmethods=1985 adapters=296
 compilation: enabled

Compilation events (10 events):
Event: 106.606 Thread 0x00007f32a013f000 2066       1       org.evosuite.shaded.org.objectweb.asm.commons.Method::getName (5 bytes)
Event: 106.606 Thread 0x00007f32a013f000 nmethod 2066 0x00007f329113a950 code [0x00007f329113aaa0, 0x00007f329113abb0]
Event: 106.674 Thread 0x00007f32a013f000 2067       1       org.evosuite.shaded.org.objectweb.asm.commons.Method::getDescriptor (5 bytes)
Event: 106.674 Thread 0x00007f32a013f000 nmethod 2067 0x00007f329110ced0 code [0x00007f329110d020, 0x00007f329110d130]
Event: 106.695 Thread 0x00007f32a013f000 2068       2       java.util.ArrayList::readObject (87 bytes)
Event: 106.698 Thread 0x00007f32a013f000 nmethod 2068 0x00007f3291115790 code [0x00007f3291115960, 0x00007f3291115e18]
Event: 106.890 Thread 0x00007f32a013f000 2072   !   2       java.net.AbstractPlainSocketImpl::isConnectionReset (31 bytes)
Event: 106.911 Thread 0x00007f32a013f000 nmethod 2072 0x00007f329112b350 code [0x00007f329112b4c0, 0x00007f329112b7b0]
Event: 107.139 Thread 0x00007f32a013f000 2082       3       org.evosuite.shaded.org.objectweb.asm.Type::getDescriptor (214 bytes)
Event: 107.142 Thread 0x00007f32a013f000 nmethod 2082 0x00007f3291748750 code [0x00007f3291748b40, 0x00007f329174b0e8]

GC Heap History (10 events):
Event: 97.241 GC heap before
{Heap before GC invocations=5 (full 1):
 PSYoungGen      total 37888K, used 37769K [0x00000000d6900000, 0x00000000d9300000, 0x0000000100000000)
  eden space 32768K, 100% used [0x00000000d6900000,0x00000000d8900000,0x00000000d8900000)
  from space 5120K, 97% used [0x00000000d8900000,0x00000000d8de27d8,0x00000000d8e00000)
  to   space 5120K, 0% used [0x00000000d8e00000,0x00000000d8e00000,0x00000000d9300000)
 ParOldGen       total 86016K, used 4671K [0x0000000083a00000, 0x0000000088e00000, 0x00000000d6900000)
  object space 86016K, 5% used [0x0000000083a00000,0x0000000083e8fdb8,0x0000000088e00000)
 Metaspace       used 13802K, capacity 14250K, committed 14592K, reserved 1062912K
  class space    used 1575K, capacity 1668K, committed 1792K, reserved 1048576K
Event: 97.251 GC heap after
Heap after GC invocations=5 (full 1):
 PSYoungGen      total 37888K, used 5114K [0x00000000d6900000, 0x00000000d9300000, 0x0000000100000000)
  eden space 32768K, 0% used [0x00000000d6900000,0x00000000d6900000,0x00000000d8900000)
  from space 5120K, 99% used [0x00000000d8e00000,0x00000000d92fe828,0x00000000d9300000)
  to   space 5120K, 0% used [0x00000000d8900000,0x00000000d8900000,0x00000000d8e00000)
 ParOldGen       total 86016K, used 5455K [0x0000000083a00000, 0x0000000088e00000, 0x00000000d6900000)
  object space 86016K, 6% used [0x0000000083a00000,0x0000000083f53de8,0x0000000088e00000)
 Metaspace       used 13802K, capacity 14250K, committed 14592K, reserved 1062912K
  class space    used 1575K, capacity 1668K, committed 1792K, reserved 1048576K
}
Event: 97.791 GC heap before
{Heap before GC invocations=6 (full 1):
 PSYoungGen      total 37888K, used 37882K [0x00000000d6900000, 0x00000000d9300000, 0x0000000100000000)
  eden space 32768K, 100% used [0x00000000d6900000,0x00000000d8900000,0x00000000d8900000)
  from space 5120K, 99% used [0x00000000d8e00000,0x00000000d92fe828,0x00000000d9300000)
  to   space 5120K, 0% used [0x00000000d8900000,0x00000000d8900000,0x00000000d8e00000)
 ParOldGen       total 86016K, used 5455K [0x0000000083a00000, 0x0000000088e00000, 0x00000000d6900000)
  object space 86016K, 6% used [0x0000000083a00000,0x0000000083f53de8,0x0000000088e00000)
 Metaspace       used 13839K, capacity 14288K, committed 14592K, reserved 1062912K
  class space    used 1579K, capacity 1701K, committed 1792K, reserved 1048576K
Event: 97.799 GC heap after
Heap after GC invocations=6 (full 1):
 PSYoungGen      total 37888K, used 5118K [0x00000000d6900000, 0x00000000d9300000, 0x0000000100000000)
  eden space 32768K, 0% used [0x00000000d6900000,0x00000000d6900000,0x00000000d8900000)
  from space 5120K, 99% used [0x00000000d8900000,0x00000000d8dff878,0x00000000d8e00000)
  to   space 5120K, 0% used [0x00000000d8e00000,0x00000000d8e00000,0x00000000d9300000)
 ParOldGen       total 86016K, used 5763K [0x0000000083a00000, 0x0000000088e00000, 0x00000000d6900000)
  object space 86016K, 6% used [0x0000000083a00000,0x0000000083fa0d88,0x0000000088e00000)
 Metaspace       used 13839K, capacity 14288K, committed 14592K, reserved 1062912K
  class space    used 1579K, capacity 1701K, committed 1792K, reserved 1048576K
}
Event: 98.312 GC heap before
{Heap before GC invocations=7 (full 1):
 PSYoungGen      total 37888K, used 37886K [0x00000000d6900000, 0x00000000d9300000, 0x0000000100000000)
  eden space 32768K, 100% used [0x00000000d6900000,0x00000000d8900000,0x00000000d8900000)
  from space 5120K, 99% used [0x00000000d8900000,0x00000000d8dff878,0x00000000d8e00000)
  to   space 5120K, 0% used [0x00000000d8e00000,0x00000000d8e00000,0x00000000d9300000)
 ParOldGen       total 86016K, used 5763K [0x0000000083a00000, 0x0000000088e00000, 0x00000000d6900000)
  object space 86016K, 6% used [0x0000000083a00000,0x0000000083fa0d88,0x0000000088e00000)
 Metaspace       used 13871K, capacity 14288K, committed 14592K, reserved 1062912K
  class space    used 1579K, capacity 1701K, committed 1792K, reserved 1048576K
Event: 98.327 GC heap after
Heap after GC invocations=7 (full 1):
 PSYoungGen      total 36352K, used 5102K [0x00000000d6900000, 0x00000000db600000, 0x0000000100000000)
  eden space 31232K, 0% used [0x00000000d6900000,0x00000000d6900000,0x00000000d8780000)
  from space 5120K, 99% used [0x00000000d8e00000,0x00000000d92fb868,0x00000000d9300000)
  to   space 6656K, 0% used [0x00000000d8780000,0x00000000d8780000,0x00000000d8e00000)
 ParOldGen       total 86016K, used 5939K [0x0000000083a00000, 0x0000000088e00000, 0x00000000d6900000)
  object space 86016K, 6% used [0x0000000083a00000,0x0000000083fccd98,0x0000000088e00000)
 Metaspace       used 13871K, capacity 14288K, committed 14592K, reserved 1062912K
  class space    used 1579K, capacity 1701K, committed 1792K, reserved 1048576K
}
Event: 99.085 GC heap before
{Heap before GC invocations=8 (full 1):
 PSYoungGen      total 36352K, used 36334K [0x00000000d6900000, 0x00000000db600000, 0x0000000100000000)
  eden space 31232K, 100% used [0x00000000d6900000,0x00000000d8780000,0x00000000d8780000)
  from space 5120K, 99% used [0x00000000d8e00000,0x00000000d92fb868,0x00000000d9300000)
  to   space 6656K, 0% used [0x00000000d8780000,0x00000000d8780000,0x00000000d8e00000)
 ParOldGen       total 86016K, used 5939K [0x0000000083a00000, 0x0000000088e00000, 0x00000000d6900000)
  object space 86016K, 6% used [0x0000000083a00000,0x0000000083fccd98,0x0000000088e00000)
 Metaspace       used 13893K, capacity 14288K, committed 14592K, reserved 1062912K
  class space    used 1579K, capacity 1701K, committed 1792K, reserved 1048576K
Event: 99.109 GC heap after
Heap after GC invocations=8 (full 1):
 PSYoungGen      total 37888K, used 6126K [0x00000000d6900000, 0x00000000db300000, 0x0000000100000000)
  eden space 31232K, 0% used [0x00000000d6900000,0x00000000d6900000,0x00000000d8780000)
  from space 6656K, 92% used [0x00000000d8780000,0x00000000d8d7b868,0x00000000d8e00000)
  to   space 6656K, 0% used [0x00000000dac80000,0x00000000dac80000,0x00000000db300000)
 ParOldGen       total 86016K, used 5939K [0x0000000083a00000, 0x0000000088e00000, 0x00000000d6900000)
  object space 86016K, 6% used [0x0000000083a00000,0x0000000083fccd98,0x0000000088e00000)
 Metaspace       used 13893K, capacity 14288K, committed 14592K, reserved 1062912K
  class space    used 1579K, capacity 1701K, committed 1792K, reserved 1048576K
}
Event: 99.783 GC heap before
{Heap before GC invocations=9 (full 1):
 PSYoungGen      total 37888K, used 37358K [0x00000000d6900000, 0x00000000db300000, 0x0000000100000000)
  eden space 31232K, 100% used [0x00000000d6900000,0x00000000d8780000,0x00000000d8780000)
  from space 6656K, 92% used [0x00000000d8780000,0x00000000d8d7b868,0x00000000d8e00000)
  to   space 6656K, 0% used [0x00000000dac80000,0x00000000dac80000,0x00000000db300000)
 ParOldGen       total 86016K, used 5939K [0x0000000083a00000, 0x0000000088e00000, 0x00000000d6900000)
  object space 86016K, 6% used [0x0000000083a00000,0x0000000083fccd98,0x0000000088e00000)
 Metaspace       used 13902K, capacity 14352K, committed 14592K, reserved 1062912K
  class space    used 1579K, capacity 1701K, committed 1792K, reserved 1048576K
Event: 100.100 GC heap after
Heap after GC invocations=9 (full 1):
 PSYoungGen      total 68608K, used 3488K [0x00000000d6900000, 0x00000000db400000, 0x0000000100000000)
  eden space 61952K, 0% used [0x00000000d6900000,0x00000000d6900000,0x00000000da580000)
  from space 6656K, 52% used [0x00000000dac80000,0x00000000dafe8010,0x00000000db300000)
  to   space 7168K, 0% used [0x00000000da580000,0x00000000da580000,0x00000000dac80000)
 ParOldGen       total 86016K, used 9854K [0x0000000083a00000, 0x0000000088e00000, 0x00000000d6900000)
  object space 86016K, 11% used [0x0000000083a00000,0x000000008439fa30,0x0000000088e00000)
 Metaspace       used 13902K, capacity 14352K, committed 14592K, reserved 1062912K
  class space    used 1579K, capacity 1701K, committed 1792K, reserved 1048576K
}

Deoptimization events (10 events):
Event: 93.720 Thread 0x0000000000d5b800 Uncommon trap: reason=class_check action=maybe_recompile pc=0x00007f32913d6a8c method=java.util.HashMap.putVal(ILjava/lang/Object;Ljava/lang/Object;ZZ)Ljava/lang/Object; @ 203
Event: 93.721 Thread 0x0000000000d5b800 Uncommon trap: reason=class_check action=maybe_recompile pc=0x00007f32913d6a8c method=java.util.HashMap.putVal(ILjava/lang/Object;Ljava/lang/Object;ZZ)Ljava/lang/Object; @ 203
Event: 93.722 Thread 0x0000000000d5b800 Uncommon trap: reason=class_check action=maybe_recompile pc=0x00007f32913d6a8c method=java.util.HashMap.putVal(ILjava/lang/Object;Ljava/lang/Object;ZZ)Ljava/lang/Object; @ 203
Event: 95.609 Thread 0x0000000000d5b800 Uncommon trap: reason=unstable_if action=reinterpret pc=0x00007f32911e2ae8 method=java.lang.AbstractStringBuilder.append(Ljava/lang/String;)Ljava/lang/AbstractStringBuilder; @ 1
Event: 95.773 Thread 0x0000000000d5b800 Uncommon trap: reason=bimorphic action=maybe_recompile pc=0x00007f32914eafe8 method=java.util.AbstractCollection.addAll(Ljava/util/Collection;)Z @ 3
Event: 95.773 Thread 0x0000000000d5b800 Uncommon trap: reason=bimorphic action=maybe_recompile pc=0x00007f32914eafe8 method=java.util.AbstractCollection.addAll(Ljava/util/Collection;)Z @ 3
Event: 95.773 Thread 0x0000000000d5b800 Uncommon trap: reason=bimorphic action=maybe_recompile pc=0x00007f32914eafe8 method=java.util.AbstractCollection.addAll(Ljava/util/Collection;)Z @ 3
Event: 95.773 Thread 0x0000000000d5b800 Uncommon trap: reason=bimorphic action=maybe_recompile pc=0x00007f32914eafe8 method=java.util.AbstractCollection.addAll(Ljava/util/Collection;)Z @ 3
Event: 100.655 Thread 0x0000000000d5b800 Uncommon trap: reason=predicate action=maybe_recompile pc=0x00007f32915845d0 method=java.util.ArrayList.indexOf(Ljava/lang/Object;)I @ 44
Event: 104.817 Thread 0x0000000000d5b800 Uncommon trap: reason=unstable_if action=reinterpret pc=0x00007f3291700f58 method=org.evosuite.shaded.org.objectweb.asm.Item.isEqualTo(Lorg/evosuite/shaded/org/objectweb/asm/Item;)Z @ 345

Classes redefined (0 events):
No events

Internal exceptions (10 events):
Event: 81.324 Thread 0x00007f32a0292000 Exception <a 'java/net/ConnectException'> (0x00000000d6d2c698) thrown at [/HUDSON/workspace/8-2-build-linux-amd64/jdk8u181/11358/hotspot/src/share/vm/prims/jni.cpp, line 709]
Event: 81.345 Thread 0x00007f32a0293800 Exception <a 'java/net/ConnectException'> (0x00000000d6d7e618) thrown at [/HUDSON/workspace/8-2-build-linux-amd64/jdk8u181/11358/hotspot/src/share/vm/prims/jni.cpp, line 709]
Event: 91.305 Thread 0x00007f32a0290800 Exception <a 'java/net/ConnectException'> (0x00000000d6cdb378) thrown at [/HUDSON/workspace/8-2-build-linux-amd64/jdk8u181/11358/hotspot/src/share/vm/prims/jni.cpp, line 709]
Event: 91.324 Thread 0x00007f32a0292000 Exception <a 'java/net/ConnectException'> (0x00000000d6d2d1c0) thrown at [/HUDSON/workspace/8-2-build-linux-amd64/jdk8u181/11358/hotspot/src/share/vm/prims/jni.cpp, line 709]
Event: 91.345 Thread 0x00007f32a0293800 Exception <a 'java/net/ConnectException'> (0x00000000d6d7f140) thrown at [/HUDSON/workspace/8-2-build-linux-amd64/jdk8u181/11358/hotspot/src/share/vm/prims/jni.cpp, line 709]
Event: 93.100 Thread 0x0000000000d5b800 Exception <a 'java/lang/NoSuchMethodError': <clinit>> (0x00000000d74808d0) thrown at [/HUDSON/workspace/8-2-build-linux-amd64/jdk8u181/11358/hotspot/src/share/vm/prims/jni.cpp, line 1613]
Event: 95.609 Thread 0x0000000000d5b800 Implicit null exception at 0x00007f32911e26f6 to 0x00007f32911e2ad1
Event: 101.458 Thread 0x00007f32a0292000 Exception <a 'java/net/ConnectException'> (0x00000000d72cb7a8) thrown at [/HUDSON/workspace/8-2-build-linux-amd64/jdk8u181/11358/hotspot/src/share/vm/prims/jni.cpp, line 709]
Event: 101.461 Thread 0x00007f32a0290800 Exception <a 'java/net/ConnectException'> (0x00000000d7263d08) thrown at [/HUDSON/workspace/8-2-build-linux-amd64/jdk8u181/11358/hotspot/src/share/vm/prims/jni.cpp, line 709]
Event: 101.461 Thread 0x00007f32a0293800 Exception <a 'java/net/ConnectException'> (0x00000000d7330330) thrown at [/HUDSON/workspace/8-2-build-linux-amd64/jdk8u181/11358/hotspot/src/share/vm/prims/jni.cpp, line 709]

Events (10 events):
Event: 106.606 Thread 0x0000000000d5b800 DEOPT PACKING pc=0x00007f32913bbc04 sp=0x00007f32538f3660
Event: 106.606 Thread 0x0000000000d5b800 DEOPT UNPACKING pc=0x00007f3291047784 sp=0x00007f32538f33c8 mode 0
Event: 106.606 loading class org/evosuite/utils/ListenableList$1
Event: 106.606 loading class org/evosuite/utils/ListenableList$1 done
Event: 106.651 Thread 0x00007f32a013f000 flushing nmethod 0x00007f329119d190
Event: 106.652 Thread 0x00007f32a013f000 flushing nmethod 0x00007f32911a29d0
Event: 106.690 Thread 0x0000000000d5b800 DEOPT PACKING pc=0x00007f32913bf4bc sp=0x00007f32538f5240
Event: 106.690 Thread 0x0000000000d5b800 DEOPT UNPACKING pc=0x00007f3291047784 sp=0x00007f32538f4fc8 mode 0
Event: 107.139 Thread 0x0000000000d5b800 DEOPT PACKING pc=0x00007f329165dffe sp=0x00007f32538f1a60
Event: 107.158 Thread 0x0000000000d5b800 DEOPT UNPACKING pc=0x00007f3291047784 sp=0x00007f32538f18c8 mode 0


Dynamic libraries:
00400000-00401000 r-xp 00000000 08:01 1448396                            /usr/lib/jvm/jdk1.8.0_181/bin/java
00600000-00601000 rw-p 00000000 08:01 1448396                            /usr/lib/jvm/jdk1.8.0_181/bin/java
00d59000-00d7a000 rw-p 00000000 00:00 0                                  [heap]
83a00000-88e00000 rw-p 00000000 00:00 0 
88e00000-d6900000 ---p 00000000 00:00 0 
d6900000-db400000 rw-p 00000000 00:00 0 
db400000-100000000 ---p 00000000 00:00 0 
100000000-100200000 rw-p 00000000 00:00 0 
100220000-140000000 ---p 00000000 00:00 0 
7f324c000000-7f324c021000 rw-p 00000000 00:00 0 
7f324c021000-7f3250000000 ---p 00000000 00:00 0 
7f32531f8000-7f32532f8000 rw-p 00000000 00:00 0 
7f32532f8000-7f32533f8000 ---p 00000000 00:00 0 
7f32533f8000-7f32535f8000 rw-p 00000000 00:00 0 
7f32535f8000-7f32537f8000 rw-p 00000000 00:00 0 
7f32537f8000-7f32537fb000 ---p 00000000 00:00 0 
7f32537fb000-7f32538f9000 rw-p 00000000 00:00 0 
7f32538f9000-7f32538fc000 ---p 00000000 00:00 0 
7f32538fc000-7f32539fa000 rw-p 00000000 00:00 0 
7f32539fa000-7f32539fd000 ---p 00000000 00:00 0 
7f32539fd000-7f3253afb000 rw-p 00000000 00:00 0 
7f3253afb000-7f3253afe000 ---p 00000000 00:00 0 
7f3253afe000-7f3253bfc000 rw-p 00000000 00:00 0 
7f3253bfc000-7f3253bff000 ---p 00000000 00:00 0 
7f3253bff000-7f3253cfd000 rw-p 00000000 00:00 0 
7f3253cfd000-7f3253d00000 ---p 00000000 00:00 0 
7f3253d00000-7f3253dfe000 rw-p 00000000 00:00 0 
7f3253dfe000-7f3253e01000 ---p 00000000 00:00 0 
7f3253e01000-7f3253eff000 rw-p 00000000 00:00 0 
7f3253eff000-7f3253f02000 ---p 00000000 00:00 0 
7f3253f02000-7f3254000000 rw-p 00000000 00:00 0 
7f3254000000-7f3254021000 rw-p 00000000 00:00 0 
7f3254021000-7f3258000000 ---p 00000000 00:00 0 
7f3258000000-7f3258021000 rw-p 00000000 00:00 0 
7f3258021000-7f325c000000 ---p 00000000 00:00 0 
7f325c000000-7f325c021000 rw-p 00000000 00:00 0 
7f325c021000-7f3260000000 ---p 00000000 00:00 0 
7f3260000000-7f3260021000 rw-p 00000000 00:00 0 
7f3260021000-7f3264000000 ---p 00000000 00:00 0 
7f32640ae000-7f32640b1000 ---p 00000000 00:00 0 
7f32640b1000-7f32641af000 rw-p 00000000 00:00 0 
7f32641af000-7f32641b2000 ---p 00000000 00:00 0 
7f32641b2000-7f32642b0000 rw-p 00000000 00:00 0 
7f32642b0000-7f32642b3000 ---p 00000000 00:00 0 
7f32642b3000-7f32643b1000 rw-p 00000000 00:00 0 
7f32643b1000-7f32643b4000 ---p 00000000 00:00 0 
7f32643b4000-7f32644b2000 rw-p 00000000 00:00 0 
7f32644b2000-7f32644b5000 ---p 00000000 00:00 0 
7f32644b5000-7f32645b3000 rw-p 00000000 00:00 0 
7f32645b3000-7f32645b6000 ---p 00000000 00:00 0 
7f32645b6000-7f32648b4000 rw-p 00000000 00:00 0 
7f32648b4000-7f32648b7000 ---p 00000000 00:00 0 
7f32648b7000-7f32649b5000 rw-p 00000000 00:00 0 
7f32649b5000-7f32649b8000 ---p 00000000 00:00 0 
7f32649b8000-7f3264ab6000 rw-p 00000000 00:00 0 
7f3264ab6000-7f3264ab9000 ---p 00000000 00:00 0 
7f3264ab9000-7f3267bb8000 rw-p 00000000 00:00 0 
7f3267bb8000-7f3267bce000 r-xp 00000000 08:01 2756237                    /usr/lib/jvm/jdk1.8.0_181/jre/lib/amd64/libnet.so
7f3267bce000-7f3267dce000 ---p 00016000 08:01 2756237                    /usr/lib/jvm/jdk1.8.0_181/jre/lib/amd64/libnet.so
7f3267dce000-7f3267dcf000 rw-p 00016000 08:01 2756237                    /usr/lib/jvm/jdk1.8.0_181/jre/lib/amd64/libnet.so
7f3267dcf000-7f3268000000 r--s 01bb1000 08:01 1706762                    /home/whj/dowork/DiffTGen/lib/evosuite-1.0.6.jar
7f3268000000-7f3268d39000 rw-p 00000000 00:00 0 
7f3268d39000-7f326c000000 ---p 00000000 00:00 0 
7f326c000000-7f326c021000 rw-p 00000000 00:00 0 
7f326c021000-7f3270000000 ---p 00000000 00:00 0 
7f3270000000-7f3270021000 rw-p 00000000 00:00 0 
7f3270021000-7f3274000000 ---p 00000000 00:00 0 
7f3274000000-7f3274c33000 rw-p 00000000 00:00 0 
7f3274c33000-7f3278000000 ---p 00000000 00:00 0 
7f3278000000-7f3278021000 rw-p 00000000 00:00 0 
7f3278021000-7f327c000000 ---p 00000000 00:00 0 
7f327c000000-7f327c05b000 rw-p 00000000 00:00 0 
7f327c05b000-7f3280000000 ---p 00000000 00:00 0 
7f3280000000-7f3280467000 rw-p 00000000 00:00 0 
7f3280467000-7f3284000000 ---p 00000000 00:00 0 
7f3284000000-7f3284021000 rw-p 00000000 00:00 0 
7f3284021000-7f3288000000 ---p 00000000 00:00 0 
7f3288000000-7f3288021000 rw-p 00000000 00:00 0 
7f3288021000-7f328c000000 ---p 00000000 00:00 0 
7f328c009000-7f328c00a000 ---p 00000000 00:00 0 
7f328c00a000-7f328c10a000 rw-p 00000000 00:00 0 
7f328c10a000-7f328c10d000 ---p 00000000 00:00 0 
7f328c10d000-7f328c20b000 rw-p 00000000 00:00 0 
7f328c20b000-7f328c20e000 ---p 00000000 00:00 0 
7f328c20e000-7f328c30c000 rw-p 00000000 00:00 0 
7f328c30c000-7f328c30f000 ---p 00000000 00:00 0 
7f328c30f000-7f328c40d000 rw-p 00000000 00:00 0 
7f328c40d000-7f328c410000 ---p 00000000 00:00 0 
7f328c410000-7f328c50e000 rw-p 00000000 00:00 0 
7f328c50e000-7f328cecd000 r--p 00000000 08:01 1316108                    /usr/lib/locale/locale-archive
7f328cecd000-7f328ced0000 ---p 00000000 00:00 0 
7f328ced0000-7f328cfce000 rw-p 00000000 00:00 0 
7f328cfce000-7f328cfd1000 ---p 00000000 00:00 0 
7f328cfd1000-7f328d0cf000 rw-p 00000000 00:00 0 
7f328d0cf000-7f328d0d0000 ---p 00000000 00:00 0 
7f328d0d0000-7f3291000000 rw-p 00000000 00:00 0 
7f3291000000-7f3291750000 rwxp 00000000 00:00 0 
7f3291750000-7f32a0000000 ---p 00000000 00:00 0 
7f32a0000000-7f32a046c000 rw-p 00000000 00:00 0 
7f32a046c000-7f32a4000000 ---p 00000000 00:00 0 
7f32a4008000-7f32a401b000 r--s 00345000 08:01 2756119                    /usr/lib/jvm/jdk1.8.0_181/jre/lib/resources.jar
7f32a401b000-7f32a4037000 r--s 00393000 08:01 2756136                    /usr/lib/jvm/jdk1.8.0_181/jre/lib/ext/cldrdata.jar
7f32a4037000-7f32a403a000 ---p 00000000 00:00 0 
7f32a403a000-7f32a4070000 rw-p 00000000 00:00 0 
7f32a4070000-7f32a4082000 r--s 00169000 08:01 3151510                    /home/whj/dowork/DiffTGen/extra_output/Chart_1_1_capgen/target/build/classes/all0.jar
7f32a4082000-7f32a40fb000 r--s 010f9000 08:01 1448503                    /usr/lib/jvm/jdk1.8.0_181/lib/tools.jar
7f32a40fb000-7f32a4a04000 rw-p 00000000 00:00 0 
7f32a4a04000-7f32a4bde000 r--s 03d6b000 08:01 2756084                    /usr/lib/jvm/jdk1.8.0_181/jre/lib/rt.jar
7f32a4bde000-7f32a5837000 rw-p 00000000 00:00 0 
7f32a5837000-7f32a5838000 ---p 00000000 00:00 0 
7f32a5838000-7f32a5938000 rw-p 00000000 00:00 0 
7f32a5938000-7f32a5939000 ---p 00000000 00:00 0 
7f32a5939000-7f32a5a63000 rw-p 00000000 00:00 0 
7f32a5a63000-7f32a5cd1000 ---p 00000000 00:00 0 
7f32a5cd1000-7f32a5cfb000 rw-p 00000000 00:00 0 
7f32a5cfb000-7f32a5f68000 ---p 00000000 00:00 0 
7f32a5f68000-7f32a5f8e000 rw-p 00000000 00:00 0 
7f32a5f8e000-7f32a60b4000 ---p 00000000 00:00 0 
7f32a60b4000-7f32a60d3000 rw-p 00000000 00:00 0 
7f32a60d3000-7f32a6475000 ---p 00000000 00:00 0 
7f32a6475000-7f32a6490000 r-xp 00000000 08:01 2756233                    /usr/lib/jvm/jdk1.8.0_181/jre/lib/amd64/libzip.so
7f32a6490000-7f32a6690000 ---p 0001b000 08:01 2756233                    /usr/lib/jvm/jdk1.8.0_181/jre/lib/amd64/libzip.so
7f32a6690000-7f32a6691000 rw-p 0001b000 08:01 2756233                    /usr/lib/jvm/jdk1.8.0_181/jre/lib/amd64/libzip.so
7f32a6691000-7f32a669c000 r-xp 00000000 08:01 1054188                    /lib/x86_64-linux-gnu/libnss_files-2.23.so
7f32a669c000-7f32a689b000 ---p 0000b000 08:01 1054188                    /lib/x86_64-linux-gnu/libnss_files-2.23.so
7f32a689b000-7f32a689c000 r--p 0000a000 08:01 1054188                    /lib/x86_64-linux-gnu/libnss_files-2.23.so
7f32a689c000-7f32a689d000 rw-p 0000b000 08:01 1054188                    /lib/x86_64-linux-gnu/libnss_files-2.23.so
7f32a689d000-7f32a68a3000 rw-p 00000000 00:00 0 
7f32a68a3000-7f32a68ae000 r-xp 00000000 08:01 1054198                    /lib/x86_64-linux-gnu/libnss_nis-2.23.so
7f32a68ae000-7f32a6aad000 ---p 0000b000 08:01 1054198                    /lib/x86_64-linux-gnu/libnss_nis-2.23.so
7f32a6aad000-7f32a6aae000 r--p 0000a000 08:01 1054198                    /lib/x86_64-linux-gnu/libnss_nis-2.23.so
7f32a6aae000-7f32a6aaf000 rw-p 0000b000 08:01 1054198                    /lib/x86_64-linux-gnu/libnss_nis-2.23.so
7f32a6aaf000-7f32a6ac5000 r-xp 00000000 08:01 1054182                    /lib/x86_64-linux-gnu/libnsl-2.23.so
7f32a6ac5000-7f32a6cc4000 ---p 00016000 08:01 1054182                    /lib/x86_64-linux-gnu/libnsl-2.23.so
7f32a6cc4000-7f32a6cc5000 r--p 00015000 08:01 1054182                    /lib/x86_64-linux-gnu/libnsl-2.23.so
7f32a6cc5000-7f32a6cc6000 rw-p 00016000 08:01 1054182                    /lib/x86_64-linux-gnu/libnsl-2.23.so
7f32a6cc6000-7f32a6cc8000 rw-p 00000000 00:00 0 
7f32a6cc8000-7f32a6cd0000 r-xp 00000000 08:01 1054184                    /lib/x86_64-linux-gnu/libnss_compat-2.23.so
7f32a6cd0000-7f32a6ecf000 ---p 00008000 08:01 1054184                    /lib/x86_64-linux-gnu/libnss_compat-2.23.so
7f32a6ecf000-7f32a6ed0000 r--p 00007000 08:01 1054184                    /lib/x86_64-linux-gnu/libnss_compat-2.23.so
7f32a6ed0000-7f32a6ed1000 rw-p 00008000 08:01 1054184                    /lib/x86_64-linux-gnu/libnss_compat-2.23.so
7f32a6ed1000-7f32a6efc000 r-xp 00000000 08:01 2756227                    /usr/lib/jvm/jdk1.8.0_181/jre/lib/amd64/libjava.so
7f32a6efc000-7f32a70fb000 ---p 0002b000 08:01 2756227                    /usr/lib/jvm/jdk1.8.0_181/jre/lib/amd64/libjava.so
7f32a70fb000-7f32a70fd000 rw-p 0002a000 08:01 2756227                    /usr/lib/jvm/jdk1.8.0_181/jre/lib/amd64/libjava.so
7f32a70fd000-7f32a710a000 r-xp 00000000 08:01 2756232                    /usr/lib/jvm/jdk1.8.0_181/jre/lib/amd64/libverify.so
7f32a710a000-7f32a730a000 ---p 0000d000 08:01 2756232                    /usr/lib/jvm/jdk1.8.0_181/jre/lib/amd64/libverify.so
7f32a730a000-7f32a730c000 rw-p 0000d000 08:01 2756232                    /usr/lib/jvm/jdk1.8.0_181/jre/lib/amd64/libverify.so
7f32a730c000-7f32a7313000 r-xp 00000000 08:01 1054243                    /lib/x86_64-linux-gnu/librt-2.23.so
7f32a7313000-7f32a7512000 ---p 00007000 08:01 1054243                    /lib/x86_64-linux-gnu/librt-2.23.so
7f32a7512000-7f32a7513000 r--p 00006000 08:01 1054243                    /lib/x86_64-linux-gnu/librt-2.23.so
7f32a7513000-7f32a7514000 rw-p 00007000 08:01 1054243                    /lib/x86_64-linux-gnu/librt-2.23.so
7f32a7514000-7f32a761c000 r-xp 00000000 08:01 1054159                    /lib/x86_64-linux-gnu/libm-2.23.so
7f32a761c000-7f32a781b000 ---p 00108000 08:01 1054159                    /lib/x86_64-linux-gnu/libm-2.23.so
7f32a781b000-7f32a781c000 r--p 00107000 08:01 1054159                    /lib/x86_64-linux-gnu/libm-2.23.so
7f32a781c000-7f32a781d000 rw-p 00108000 08:01 1054159                    /lib/x86_64-linux-gnu/libm-2.23.so
7f32a781d000-7f32a84f9000 r-xp 00000000 08:01 2756209                    /usr/lib/jvm/jdk1.8.0_181/jre/lib/amd64/server/libjvm.so
7f32a84f9000-7f32a86f9000 ---p 00cdc000 08:01 2756209                    /usr/lib/jvm/jdk1.8.0_181/jre/lib/amd64/server/libjvm.so
7f32a86f9000-7f32a87d3000 rw-p 00cdc000 08:01 2756209                    /usr/lib/jvm/jdk1.8.0_181/jre/lib/amd64/server/libjvm.so
7f32a87d3000-7f32a881e000 rw-p 00000000 00:00 0 
7f32a881e000-7f32a89de000 r-xp 00000000 08:01 1054089                    /lib/x86_64-linux-gnu/libc-2.23.so
7f32a89de000-7f32a8bde000 ---p 001c0000 08:01 1054089                    /lib/x86_64-linux-gnu/libc-2.23.so
7f32a8bde000-7f32a8be2000 r--p 001c0000 08:01 1054089                    /lib/x86_64-linux-gnu/libc-2.23.so
7f32a8be2000-7f32a8be4000 rw-p 001c4000 08:01 1054089                    /lib/x86_64-linux-gnu/libc-2.23.so
7f32a8be4000-7f32a8be8000 rw-p 00000000 00:00 0 
7f32a8be8000-7f32a8beb000 r-xp 00000000 08:01 1054113                    /lib/x86_64-linux-gnu/libdl-2.23.so
7f32a8beb000-7f32a8dea000 ---p 00003000 08:01 1054113                    /lib/x86_64-linux-gnu/libdl-2.23.so
7f32a8dea000-7f32a8deb000 r--p 00002000 08:01 1054113                    /lib/x86_64-linux-gnu/libdl-2.23.so
7f32a8deb000-7f32a8dec000 rw-p 00003000 08:01 1054113                    /lib/x86_64-linux-gnu/libdl-2.23.so
7f32a8dec000-7f32a8e02000 r-xp 00000000 08:01 1449032                    /usr/lib/jvm/jdk1.8.0_181/lib/amd64/jli/libjli.so
7f32a8e02000-7f32a9001000 ---p 00016000 08:01 1449032                    /usr/lib/jvm/jdk1.8.0_181/lib/amd64/jli/libjli.so
7f32a9001000-7f32a9002000 rw-p 00015000 08:01 1449032                    /usr/lib/jvm/jdk1.8.0_181/lib/amd64/jli/libjli.so
7f32a9002000-7f32a901a000 r-xp 00000000 08:01 1054235                    /lib/x86_64-linux-gnu/libpthread-2.23.so
7f32a901a000-7f32a9219000 ---p 00018000 08:01 1054235                    /lib/x86_64-linux-gnu/libpthread-2.23.so
7f32a9219000-7f32a921a000 r--p 00017000 08:01 1054235                    /lib/x86_64-linux-gnu/libpthread-2.23.so
7f32a921a000-7f32a921b000 rw-p 00018000 08:01 1054235                    /lib/x86_64-linux-gnu/libpthread-2.23.so
7f32a921b000-7f32a921f000 rw-p 00000000 00:00 0 
7f32a921f000-7f32a9245000 r-xp 00000000 08:01 1054061                    /lib/x86_64-linux-gnu/ld-2.23.so
7f32a924b000-7f32a9255000 r--s 00116000 08:01 2756143                    /usr/lib/jvm/jdk1.8.0_181/jre/lib/ext/localedata.jar
7f32a9255000-7f32a9326000 rw-p 00000000 00:00 0 
7f32a9326000-7f32a9329000 ---p 00000000 00:00 0 
7f32a9329000-7f32a942c000 rw-p 00000000 00:00 0 
7f32a942c000-7f32a9431000 r--s 0009d000 08:01 2756133                    /usr/lib/jvm/jdk1.8.0_181/jre/lib/jsse.jar
7f32a9431000-7f32a9439000 r--s 0006e000 08:01 2248917                    /home/whj/dowork/DiffTGen/lib/commons-lang3-3.5.jar
7f32a9439000-7f32a943a000 r--s 00000000 08:01 2248922                    /home/whj/dowork/DiffTGen/lib/myprinter.jar
7f32a943a000-7f32a9442000 rw-s 00000000 08:01 1984681                    /tmp/hsperfdata_whj/92162
7f32a9442000-7f32a9443000 rw-p 00000000 00:00 0 
7f32a9443000-7f32a9444000 ---p 00000000 00:00 0 
7f32a9444000-7f32a9445000 r--p 00025000 08:01 1054061                    /lib/x86_64-linux-gnu/ld-2.23.so
7f32a9445000-7f32a9446000 rw-p 00026000 08:01 1054061                    /lib/x86_64-linux-gnu/ld-2.23.so
7f32a9446000-7f32a9447000 rw-p 00000000 00:00 0 
7ffd9cf33000-7ffd9cf55000 rw-p 00000000 00:00 0                          [stack]
7ffd9cfdc000-7ffd9cfdf000 r--p 00000000 00:00 0                          [vvar]
7ffd9cfdf000-7ffd9cfe1000 r-xp 00000000 00:00 0                          [vdso]
ffffffffff600000-ffffffffff601000 r-xp 00000000 00:00 0                  [vsyscall]

VM Arguments:
java_command: /home/whj/dowork/DiffTGen/lib/evosuite-1.0.6.jar -base_dir /home/whj/dowork/DiffTGen/extra_output/Chart_1_1_capgen/target/0/7 -projectCP /home/whj/dowork/DiffTGen/extra_output/Chart_1_1_capgen/target/build/classes/all0.jar:/home/whj/dowork/DiffTGen/lib/myprinter.jar:/home/whj/dowork/DiffTGen/lib/commons-lang3-3.5.jar -class org.jfree.chart.renderer.category.AbstractCategoryItemRenderer -Dassertions=false -Dsearch_budget=60
java_class_path (initial): /home/whj/dowork/DiffTGen/lib/evosuite-1.0.6.jar
Launcher Type: SUN_STANDARD

Environment Variables:
JAVA_HOME=/usr/lib/jvm/jdk1.8.0_181
JRE_HOME=/usr/lib/jvm/jdk1.8.0_181/jre
CLASSPATH=.:/usr/lib/jvm/jdk1.8.0_181/lib:/usr/lib/jvm/jdk1.8.0_181/jre/lib
PATH=/home/whj/perl5/bin:/home/whj/dowork/defects4j-1.2.0/framework/bin:/usr/lib/jvm/jdk1.8.0_181/bin:/usr/lib/jvm/jdk1.8.0_181/jre/bin:/home/whj/bin:/home/whj/.local/bin:/usr/local/sbin:/usr/local/bin:/usr/sbin:/usr/bin:/sbin:/bin:/usr/games:/usr/local/games" :/snap/bin:/home/whj/bin
SHELL=/bin/bash
DISPLAY=:0

Signal Handlers:
SIGSEGV: [libjvm.so+0xad2a40], sa_mask[0]=11111111011111111101111111111110, sa_flags=SA_RESTART|SA_SIGINFO
SIGBUS: [libjvm.so+0xad2a40], sa_mask[0]=11111111011111111101111111111110, sa_flags=SA_RESTART|SA_SIGINFO
SIGFPE: [libjvm.so+0x92a610], sa_mask[0]=11111111011111111101111111111110, sa_flags=SA_RESTART|SA_SIGINFO
SIGPIPE: [libjvm.so+0x92a610], sa_mask[0]=11111111011111111101111111111110, sa_flags=SA_RESTART|SA_SIGINFO
SIGXFSZ: [libjvm.so+0x92a610], sa_mask[0]=11111111011111111101111111111110, sa_flags=SA_RESTART|SA_SIGINFO
SIGILL: [libjvm.so+0x92a610], sa_mask[0]=11111111011111111101111111111110, sa_flags=SA_RESTART|SA_SIGINFO
SIGUSR1: SIG_DFL, sa_mask[0]=00000000000000000000000000000000, sa_flags=none
SIGUSR2: [libjvm.so+0x92be70], sa_mask[0]=00100000000000000000000000000000, sa_flags=SA_RESTART|SA_SIGINFO
SIGHUP: [libjvm.so+0x92d270], sa_mask[0]=11111111011111111101111111111110, sa_flags=SA_RESTART|SA_SIGINFO
SIGINT: [libjvm.so+0x92d270], sa_mask[0]=11111111011111111101111111111110, sa_flags=SA_RESTART|SA_SIGINFO
SIGTERM: [libjvm.so+0x92d270], sa_mask[0]=11111111011111111101111111111110, sa_flags=SA_RESTART|SA_SIGINFO
SIGQUIT: [libjvm.so+0x92d270], sa_mask[0]=11111111011111111101111111111110, sa_flags=SA_RESTART|SA_SIGINFO


---------------  S Y S T E M  ---------------

OS:DISTRIB_ID=Ubuntu
DISTRIB_RELEASE=16.04
DISTRIB_CODENAME=xenial
DISTRIB_DESCRIPTION="Ubuntu 16.04.6 LTS"

uname:Linux 4.15.0-91-generic #92~16.04.1-Ubuntu SMP Fri Feb 28 14:57:22 UTC 2020 x86_64
libc:glibc 2.23 NPTL 2.23 
rlimit: STACK 8192k, CORE 0k, NPROC 31576, NOFILE 1048576, AS infinity
load average:18.25 14.97 14.96

/proc/meminfo:
MemTotal:        8144704 kB
MemFree:          102352 kB
MemAvailable:          0 kB
Buffers:             120 kB
Cached:             3028 kB
SwapCached:          364 kB
Active:          6770764 kB
Inactive:         847544 kB
Active(anon):    6769880 kB
Inactive(anon):   846260 kB
Active(file):        884 kB
Inactive(file):     1284 kB
Unevictable:          32 kB
Mlocked:              32 kB
SwapTotal:        998396 kB
SwapFree:              0 kB
Dirty:                44 kB
Writeback:            76 kB
AnonPages:       7615016 kB
Mapped:             2272 kB
Shmem:               792 kB
Slab:              88076 kB
SReclaimable:      31644 kB
SUnreclaim:        56432 kB
KernelStack:       15984 kB
PageTables:        48552 kB
NFS_Unstable:          0 kB
Bounce:                0 kB
WritebackTmp:          0 kB
CommitLimit:     5070748 kB
Committed_AS:   14456644 kB
VmallocTotal:   34359738367 kB
VmallocUsed:           0 kB
VmallocChunk:          0 kB
HardwareCorrupted:     0 kB
AnonHugePages:         0 kB
ShmemHugePages:        0 kB
ShmemPmdMapped:        0 kB
CmaTotal:              0 kB
CmaFree:               0 kB
HugePages_Total:       0
HugePages_Free:        0
HugePages_Rsvd:        0
HugePages_Surp:        0
Hugepagesize:       2048 kB
DirectMap4k:      128832 kB
DirectMap2M:     7211008 kB
DirectMap1G:     3145728 kB


CPU:total 2 (initial active 2) (2 cores per cpu, 1 threads per core) family 6 model 158 stepping 10, cmov, cx8, fxsr, mmx, sse, sse2, sse3, ssse3, sse4.1, sse4.2, popcnt, avx, avx2, aes, clmul, erms, 3dnowpref, lzcnt, tsc, tscinvbit, bmi1, bmi2, adx

/proc/cpuinfo:
processor	: 0
vendor_id	: GenuineIntel
cpu family	: 6
model		: 158
model name	: Intel(R) Core(TM) i7-8750H CPU @ 2.20GHz
stepping	: 10
microcode	: 0x96
cpu MHz		: 2207.999
cache size	: 9216 KB
physical id	: 0
siblings	: 2
core id		: 0
cpu cores	: 2
apicid		: 0
initial apicid	: 0
fpu		: yes
fpu_exception	: yes
cpuid level	: 22
wp		: yes
flags		: fpu vme de pse tsc msr pae mce cx8 apic sep mtrr pge mca cmov pat pse36 clflush mmx fxsr sse sse2 ss ht syscall nx pdpe1gb rdtscp lm constant_tsc arch_perfmon nopl xtopology tsc_reliable nonstop_tsc cpuid pni pclmulqdq ssse3 fma cx16 pcid sse4_1 sse4_2 x2apic movbe popcnt tsc_deadline_timer aes xsave avx f16c rdrand hypervisor lahf_lm abm 3dnowprefetch cpuid_fault invpcid_single pti ssbd ibrs ibpb stibp fsgsbase tsc_adjust bmi1 avx2 smep bmi2 invpcid rdseed adx smap xsaveopt arat flush_l1d arch_capabilities
bugs		: cpu_meltdown spectre_v1 spectre_v2 spec_store_bypass l1tf mds swapgs itlb_multihit
bogomips	: 4415.99
clflush size	: 64
cache_alignment	: 64
address sizes	: 42 bits physical, 48 bits virtual
power management:

processor	: 1
vendor_id	: GenuineIntel
cpu family	: 6
model		: 158
model name	: Intel(R) Core(TM) i7-8750H CPU @ 2.20GHz
stepping	: 10
microcode	: 0x96
cpu MHz		: 2207.999
cache size	: 9216 KB
physical id	: 0
siblings	: 2
core id		: 1
cpu cores	: 2
apicid		: 1
initial apicid	: 1
fpu		: yes
fpu_exception	: yes
cpuid level	: 22
wp		: yes
flags		: fpu vme de pse tsc msr pae mce cx8 apic sep mtrr pge mca cmov pat pse36 clflush mmx fxsr sse sse2 ss ht syscall nx pdpe1gb rdtscp lm constant_tsc arch_perfmon nopl xtopology tsc_reliable nonstop_tsc cpuid pni pclmulqdq ssse3 fma cx16 pcid sse4_1 sse4_2 x2apic movbe popcnt tsc_deadline_timer aes xsave avx f16c rdrand hypervisor lahf_lm abm 3dnowprefetch cpuid_fault invpcid_single pti ssbd ibrs ibpb stibp fsgsbase tsc_adjust bmi1 avx2 smep bmi2 invpcid rdseed adx smap xsaveopt arat flush_l1d arch_capabilities
bugs		: cpu_meltdown spectre_v1 spectre_v2 spec_store_bypass l1tf mds swapgs itlb_multihit
bogomips	: 4415.99
clflush size	: 64
cache_alignment	: 64
address sizes	: 42 bits physical, 48 bits virtual
power management:



Memory: 4k page, physical 8144704k(102268k free), swap 998396k(0k free)

vm_info: Java HotSpot(TM) 64-Bit Server VM (25.181-b13) for linux-amd64 JRE (1.8.0_181-b13), built on Jul  7 2018 00:56:38 by "java_re" with gcc 4.3.0 20080428 (Red Hat 4.3.0-8)

time: Fri Mar 27 18:01:25 2020
elapsed time: 110 seconds (0d 0h 1m 50s)

