#
# There is insufficient memory for the Java Runtime Environment to continue.
# Native memory allocation (mmap) failed to map 63963136 bytes for committing reserved memory.
# Possible reasons:
#   The system is out of physical RAM or swap space
#   In 32 bit mode, the process size limit was hit
# Possible solutions:
#   Reduce memory load on the system
#   Increase physical memory or swap space
#   Check if swap backing store is full
#   Use 64 bit Java on a 64 bit OS
#   Decrease Java heap size (-Xmx/-Xms)
#   Decrease number of Java threads
#   Decrease Java thread stack sizes (-Xss)
#   Set larger code cache with -XX:ReservedCodeCacheSize=
# This output file may be truncated or incomplete.
#
#  Out of Memory Error (os_linux.cpp:2640), pid=45788, tid=0x00007f0bdcdcb700
#
# JRE version: Java(TM) SE Runtime Environment (8.0_181-b13) (build 1.8.0_181-b13)
# Java VM: Java HotSpot(TM) 64-Bit Server VM (25.181-b13 mixed mode linux-amd64 compressed oops)
# Failed to write core dump. Core dumps have been disabled. To enable core dumping, try "ulimit -c unlimited" before starting Java again
#

---------------  T H R E A D  ---------------

Current thread (0x00007f0bf00fb800):  VMThread [stack: 0x00007f0bdcccb000,0x00007f0bdcdcc000] [id=45825]

Stack: [0x00007f0bdcccb000,0x00007f0bdcdcc000],  sp=0x00007f0bdcdca020,  free space=1020k
Native frames: (J=compiled Java code, j=interpreted, Vv=VM code, C=native code)
V  [libjvm.so+0xad21aa]  VMError::report_and_die()+0x2ba
V  [libjvm.so+0x5022db]  report_vm_out_of_memory(char const*, int, unsigned long, VMErrorType, char const*)+0x8b
V  [libjvm.so+0x92fe33]  os::Linux::commit_memory_impl(char*, unsigned long, bool)+0x123
V  [libjvm.so+0x930059]  os::pd_commit_memory(char*, unsigned long, unsigned long, bool)+0x29
V  [libjvm.so+0x9272ba]  os::commit_memory(char*, unsigned long, unsigned long, bool)+0x2a
V  [libjvm.so+0x99d2e3]  PSVirtualSpace::expand_by(unsigned long)+0x53
V  [libjvm.so+0x99e6e8]  PSYoungGen::resize_generation(unsigned long, unsigned long)+0xf8
V  [libjvm.so+0x99d842]  PSYoungGen::resize(unsigned long, unsigned long)+0x22
V  [libjvm.so+0x99ab1b]  PSScavenge::invoke_no_policy()+0xf3b
V  [libjvm.so+0x99b2a1]  PSScavenge::invoke()+0x41
V  [libjvm.so+0x951d70]  ParallelScavengeHeap::failed_mem_allocate(unsigned long)+0x70
V  [libjvm.so+0xad3c27]  VM_ParallelGCFailedAllocation::doit()+0x97
V  [libjvm.so+0xadb745]  VM_Operation::evaluate()+0x55
V  [libjvm.so+0xad9b0a]  VMThread::evaluate_operation(VM_Operation*)+0xba
V  [libjvm.so+0xad9e8e]  VMThread::loop()+0x1ce
V  [libjvm.so+0xada300]  VMThread::run()+0x70
V  [libjvm.so+0x930198]  java_start(Thread*)+0x108

VM_Operation (0x00007f0b9f4b1470): ParallelGCFailedAllocation, mode: safepoint, requested by thread 0x0000000000e2c800


---------------  P R O C E S S  ---------------

Java Threads: ( => current thread )
  0x0000000000e2e000 JavaThread "RMI TCP Connection(5)-127.0.0.1" daemon [_thread_blocked, id=46268, stack(0x00007f0b9f6be000,0x00007f0b9f7bf000)]
  0x0000000000e2c800 JavaThread "RMI TCP Connection(4)-127.0.0.1" daemon [_thread_blocked, id=46230, stack(0x00007f0b9f3bb000,0x00007f0b9f4bc000)]
  0x00007f0bcc060800 JavaThread "RMI Scheduler(0)" daemon [_thread_blocked, id=46224, stack(0x00007f0b9f4bc000,0x00007f0b9f5bd000)]
  0x00007f0bcc05b000 JavaThread "RMI RenewClean-[127.0.0.1:15769]" daemon [_thread_blocked, id=46214, stack(0x00007f0b9f5bd000,0x00007f0b9f6be000)]
  0x00007f0ba0005000 JavaThread "pool-3-thread-3" [_thread_in_native, id=46130, stack(0x00007f0b9f7bf000,0x00007f0b9f8c0000)]
  0x00007f0ba0003800 JavaThread "pool-3-thread-2" [_thread_in_native, id=46127, stack(0x00007f0b9f8c0000,0x00007f0b9f9c1000)]
  0x00007f0ba0002800 JavaThread "pool-3-thread-1" [_thread_in_native, id=46124, stack(0x00007f0b9f9c1000,0x00007f0b9fac2000)]
  0x00007f0bf037b800 JavaThread "Thread-3" [_thread_in_native, id=46033, stack(0x00007f0b9fac2000,0x00007f0b9fbc3000)]
  0x00007f0bf037a000 JavaThread "Thread-2" [_thread_in_native, id=46029, stack(0x00007f0b9fbc3000,0x00007f0b9fcc4000)]
  0x00007f0bf0378800 JavaThread "process reaper" daemon [_thread_in_native, id=46015, stack(0x00007f0b9fcc4000,0x00007f0b9fcfd000)]
  0x00007f0bf0372800 JavaThread "pool-2-thread-1" [_thread_in_native, id=45965, stack(0x00007f0b9fcfd000,0x00007f0b9fdfe000)]
  0x00007f0bf0370000 JavaThread "GC Daemon" daemon [_thread_blocked, id=45964, stack(0x00007f0b9fdfe000,0x00007f0b9feff000)]
  0x00007f0bf036d000 JavaThread "RMI Reaper" [_thread_blocked, id=45961, stack(0x00007f0b9feff000,0x00007f0ba0000000)]
  0x00007f0bf0366000 JavaThread "RMI TCP Accept-15823" daemon [_thread_in_native, id=45958, stack(0x00007f0bc4035000,0x00007f0bc4136000)]
  0x00007f0bf035f000 JavaThread "RMI TCP Accept-12544" daemon [_thread_in_native, id=45945, stack(0x00007f0bc4136000,0x00007f0bc4237000)]
  0x00007f0bf02a4000 JavaThread "logback-3" daemon [_thread_blocked, id=45921, stack(0x00007f0bc44b0000,0x00007f0bc45b1000)]
  0x00007f0bf02a2800 JavaThread "logback-2" daemon [_thread_blocked, id=45914, stack(0x00007f0bc45b1000,0x00007f0bc46b2000)]
  0x00007f0bf02a0800 JavaThread "logback-1" daemon [_thread_blocked, id=45905, stack(0x00007f0bc46b2000,0x00007f0bc47b3000)]
  0x00007f0bf0142000 JavaThread "Service Thread" daemon [_thread_blocked, id=45867, stack(0x00007f0bc7cfd000,0x00007f0bc7dfe000)]
  0x00007f0bf013f000 JavaThread "C1 CompilerThread1" daemon [_thread_blocked, id=45863, stack(0x00007f0bc7dfe000,0x00007f0bc7eff000)]
  0x00007f0bf013c000 JavaThread "C2 CompilerThread0" daemon [_thread_blocked, id=45856, stack(0x00007f0bc7eff000,0x00007f0bc8000000)]
  0x00007f0bf013a800 JavaThread "Signal Dispatcher" daemon [_thread_blocked, id=45851, stack(0x00007f0bdc009000,0x00007f0bdc10a000)]
  0x00007f0bf0107800 JavaThread "Finalizer" daemon [_thread_blocked, id=45840, stack(0x00007f0bdcac9000,0x00007f0bdcbca000)]
  0x00007f0bf0105000 JavaThread "Reference Handler" daemon [_thread_blocked, id=45834, stack(0x00007f0bdcbca000,0x00007f0bdcccb000)]
  0x00007f0bf000a800 JavaThread "main" [_thread_in_native, id=45793, stack(0x00007f0bf8e5b000,0x00007f0bf8f5c000)]

Other Threads:
=>0x00007f0bf00fb800 VMThread [stack: 0x00007f0bdcccb000,0x00007f0bdcdcc000] [id=45825]
  0x00007f0bf0147000 WatcherThread [stack: 0x00007f0bc7bfc000,0x00007f0bc7cfd000] [id=45872]

VM state:at safepoint (normal execution)

VM Mutex/Monitor currently owned by a thread:  ([mutex/lock_event])
[0x00007f0bf0006cc0] Threads_lock - owner thread: 0x00007f0bf00fb800
[0x00007f0bf00071c0] Heap_lock - owner thread: 0x0000000000e2c800

Heap:
 PSYoungGen      total 70656K, used 7156K [0x00000000d6900000, 0x00000000db700000, 0x0000000100000000)
  eden space 63488K, 0% used [0x00000000d6900000,0x00000000d6900000,0x00000000da700000)
  from space 7168K, 99% used [0x00000000da700000,0x00000000dadfd018,0x00000000dae00000)
  to   space 5120K, 0% used [0x00000000dae00000,0x00000000dae00000,0x00000000db300000)
 ParOldGen       total 86016K, used 7982K [0x0000000083a00000, 0x0000000088e00000, 0x00000000d6900000)
  object space 86016K, 9% used [0x0000000083a00000,0x00000000841cba78,0x0000000088e00000)
 Metaspace       used 13910K, capacity 14346K, committed 14592K, reserved 1062912K
  class space    used 1578K, capacity 1700K, committed 1792K, reserved 1048576K

Card table byte_map: [0x00007f0bf5806000,0x00007f0bf5bea000] byte_map_base: 0x00007f0bf53e9000

Marking Bits: (ParMarkBitMap*) 0x00007f0bf83260a0
 Begin Bits: [0x00007f0bdd1d0000, 0x00007f0bdf0e8000)
 End Bits:   [0x00007f0bdf0e8000, 0x00007f0be1000000)

Polling page: 0x00007f0bf8f78000

CodeCache: size=245760Kb used=6288Kb max_used=6288Kb free=239471Kb
 bounds [0x00007f0be1000000, 0x00007f0be1630000, 0x00007f0bf0000000]
 total_blobs=2262 nmethods=1915 adapters=260
 compilation: enabled

Compilation events (10 events):
Event: 108.081 Thread 0x00007f0bf013f000 1941       2       org.evosuite.shaded.org.objectweb.asm.commons.GeneratorAdapter::setLocalType (49 bytes)
Event: 108.081 Thread 0x00007f0bf013f000 nmethod 1941 0x00007f0be1625890 code [0x00007f0be1625a20, 0x00007f0be1625c88]
Event: 108.120 Thread 0x00007f0bf013f000 1942       2       org.evosuite.graphs.EvoSuiteGraph::<init> (36 bytes)
Event: 108.120 Thread 0x00007f0bf013f000 nmethod 1942 0x00007f0be1625dd0 code [0x00007f0be1625f40, 0x00007f0be1626228]
Event: 108.120 Thread 0x00007f0bf013f000 1943       2       org.evosuite.graphs.cfg.ExitBlock::toString (5 bytes)
Event: 108.120 Thread 0x00007f0bf013f000 nmethod 1943 0x00007f0be1626350 code [0x00007f0be16264e0, 0x00007f0be1626808]
Event: 108.120 Thread 0x00007f0bf013f000 1944       1       org.evosuite.graphs.cfg.ExitBlock::isExitBlock (2 bytes)
Event: 108.120 Thread 0x00007f0bf013f000 nmethod 1944 0x00007f0be15ad1d0 code [0x00007f0be15ad320, 0x00007f0be15ad430]
Event: 108.120 Thread 0x00007f0bf013f000 1945       2       org.evosuite.shaded.org.objectweb.asm.tree.analysis.SourceInterpreter::unaryOperation (122 bytes)
Event: 108.121 Thread 0x00007f0bf013f000 nmethod 1945 0x00007f0be16269d0 code [0x00007f0be1626b60, 0x00007f0be1626fd8]

GC Heap History (10 events):
Event: 102.411 GC heap after
Heap after GC invocations=3 (full 1):
 PSYoungGen      total 37888K, used 5092K [0x00000000d6900000, 0x00000000d9300000, 0x0000000100000000)
  eden space 32768K, 0% used [0x00000000d6900000,0x00000000d6900000,0x00000000d8900000)
  from space 5120K, 99% used [0x00000000d8e00000,0x00000000d92f9260,0x00000000d9300000)
  to   space 5120K, 0% used [0x00000000d8900000,0x00000000d8900000,0x00000000d8e00000)
 ParOldGen       total 86016K, used 5541K [0x0000000083a00000, 0x0000000088e00000, 0x00000000d6900000)
  object space 86016K, 6% used [0x0000000083a00000,0x0000000083f695d0,0x0000000088e00000)
 Metaspace       used 13675K, capacity 14090K, committed 14336K, reserved 1062912K
  class space    used 1577K, capacity 1700K, committed 1792K, reserved 1048576K
}
Event: 104.910 GC heap before
{Heap before GC invocations=4 (full 1):
 PSYoungGen      total 37888K, used 37860K [0x00000000d6900000, 0x00000000d9300000, 0x0000000100000000)
  eden space 32768K, 100% used [0x00000000d6900000,0x00000000d8900000,0x00000000d8900000)
  from space 5120K, 99% used [0x00000000d8e00000,0x00000000d92f9260,0x00000000d9300000)
  to   space 5120K, 0% used [0x00000000d8900000,0x00000000d8900000,0x00000000d8e00000)
 ParOldGen       total 86016K, used 5541K [0x0000000083a00000, 0x0000000088e00000, 0x00000000d6900000)
  object space 86016K, 6% used [0x0000000083a00000,0x0000000083f695d0,0x0000000088e00000)
 Metaspace       used 13772K, capacity 14218K, committed 14336K, reserved 1062912K
  class space    used 1578K, capacity 1700K, committed 1792K, reserved 1048576K
Event: 104.915 GC heap after
Heap after GC invocations=4 (full 1):
 PSYoungGen      total 37888K, used 5111K [0x00000000d6900000, 0x00000000d9300000, 0x0000000100000000)
  eden space 32768K, 0% used [0x00000000d6900000,0x00000000d6900000,0x00000000d8900000)
  from space 5120K, 99% used [0x00000000d8900000,0x00000000d8dfdf20,0x00000000d8e00000)
  to   space 5120K, 0% used [0x00000000d8e00000,0x00000000d8e00000,0x00000000d9300000)
 ParOldGen       total 86016K, used 6421K [0x0000000083a00000, 0x0000000088e00000, 0x00000000d6900000)
  object space 86016K, 7% used [0x0000000083a00000,0x00000000840455f0,0x0000000088e00000)
 Metaspace       used 13772K, capacity 14218K, committed 14336K, reserved 1062912K
  class space    used 1578K, capacity 1700K, committed 1792K, reserved 1048576K
}
Event: 105.812 GC heap before
{Heap before GC invocations=5 (full 1):
 PSYoungGen      total 37888K, used 37879K [0x00000000d6900000, 0x00000000d9300000, 0x0000000100000000)
  eden space 32768K, 100% used [0x00000000d6900000,0x00000000d8900000,0x00000000d8900000)
  from space 5120K, 99% used [0x00000000d8900000,0x00000000d8dfdf20,0x00000000d8e00000)
  to   space 5120K, 0% used [0x00000000d8e00000,0x00000000d8e00000,0x00000000d9300000)
 ParOldGen       total 86016K, used 6421K [0x0000000083a00000, 0x0000000088e00000, 0x00000000d6900000)
  object space 86016K, 7% used [0x0000000083a00000,0x00000000840455f0,0x0000000088e00000)
 Metaspace       used 13789K, capacity 14218K, committed 14336K, reserved 1062912K
  class space    used 1578K, capacity 1700K, committed 1792K, reserved 1048576K
Event: 105.833 GC heap after
Heap after GC invocations=5 (full 1):
 PSYoungGen      total 37888K, used 5103K [0x00000000d6900000, 0x00000000d9300000, 0x0000000100000000)
  eden space 32768K, 0% used [0x00000000d6900000,0x00000000d6900000,0x00000000d8900000)
  from space 5120K, 99% used [0x00000000d8e00000,0x00000000d92fbd68,0x00000000d9300000)
  to   space 5120K, 0% used [0x00000000d8900000,0x00000000d8900000,0x00000000d8e00000)
 ParOldGen       total 86016K, used 7369K [0x0000000083a00000, 0x0000000088e00000, 0x00000000d6900000)
  object space 86016K, 8% used [0x0000000083a00000,0x00000000841326d0,0x0000000088e00000)
 Metaspace       used 13789K, capacity 14218K, committed 14336K, reserved 1062912K
  class space    used 1578K, capacity 1700K, committed 1792K, reserved 1048576K
}
Event: 106.185 GC heap before
{Heap before GC invocations=6 (full 1):
 PSYoungGen      total 37888K, used 37871K [0x00000000d6900000, 0x00000000d9300000, 0x0000000100000000)
  eden space 32768K, 100% used [0x00000000d6900000,0x00000000d8900000,0x00000000d8900000)
  from space 5120K, 99% used [0x00000000d8e00000,0x00000000d92fbd68,0x00000000d9300000)
  to   space 5120K, 0% used [0x00000000d8900000,0x00000000d8900000,0x00000000d8e00000)
 ParOldGen       total 86016K, used 7369K [0x0000000083a00000, 0x0000000088e00000, 0x00000000d6900000)
  object space 86016K, 8% used [0x0000000083a00000,0x00000000841326d0,0x0000000088e00000)
 Metaspace       used 13800K, capacity 14218K, committed 14336K, reserved 1062912K
  class space    used 1578K, capacity 1700K, committed 1792K, reserved 1048576K
Event: 106.193 GC heap after
Heap after GC invocations=6 (full 1):
 PSYoungGen      total 37888K, used 5103K [0x00000000d6900000, 0x00000000db300000, 0x0000000100000000)
  eden space 32768K, 0% used [0x00000000d6900000,0x00000000d6900000,0x00000000d8900000)
  from space 5120K, 99% used [0x00000000d8900000,0x00000000d8dfbd68,0x00000000d8e00000)
  to   space 5120K, 0% used [0x00000000dae00000,0x00000000dae00000,0x00000000db300000)
 ParOldGen       total 86016K, used 7430K [0x0000000083a00000, 0x0000000088e00000, 0x00000000d6900000)
  object space 86016K, 8% used [0x0000000083a00000,0x0000000084141ae0,0x0000000088e00000)
 Metaspace       used 13800K, capacity 14218K, committed 14336K, reserved 1062912K
  class space    used 1578K, capacity 1700K, committed 1792K, reserved 1048576K
}
Event: 106.629 GC heap before
{Heap before GC invocations=7 (full 1):
 PSYoungGen      total 37888K, used 37871K [0x00000000d6900000, 0x00000000db300000, 0x0000000100000000)
  eden space 32768K, 100% used [0x00000000d6900000,0x00000000d8900000,0x00000000d8900000)
  from space 5120K, 99% used [0x00000000d8900000,0x00000000d8dfbd68,0x00000000d8e00000)
  to   space 5120K, 0% used [0x00000000dae00000,0x00000000dae00000,0x00000000db300000)
 ParOldGen       total 86016K, used 7430K [0x0000000083a00000, 0x0000000088e00000, 0x00000000d6900000)
  object space 86016K, 8% used [0x0000000083a00000,0x0000000084141ae0,0x0000000088e00000)
 Metaspace       used 13844K, capacity 14282K, committed 14592K, reserved 1062912K
  class space    used 1578K, capacity 1700K, committed 1792K, reserved 1048576K
Event: 106.645 GC heap after
Heap after GC invocations=7 (full 1):
 PSYoungGen      total 68608K, used 5108K [0x00000000d6900000, 0x00000000db700000, 0x0000000100000000)
  eden space 63488K, 0% used [0x00000000d6900000,0x00000000d6900000,0x00000000da700000)
  from space 5120K, 99% used [0x00000000dae00000,0x00000000db2fd018,0x00000000db300000)
  to   space 7168K, 0% used [0x00000000da700000,0x00000000da700000,0x00000000dae00000)
 ParOldGen       total 86016K, used 7778K [0x0000000083a00000, 0x0000000088e00000, 0x00000000d6900000)
  object space 86016K, 9% used [0x0000000083a00000,0x0000000084198a28,0x0000000088e00000)
 Metaspace       used 13844K, capacity 14282K, committed 14592K, reserved 1062912K
  class space    used 1578K, capacity 1700K, committed 1792K, reserved 1048576K
}
Event: 108.220 GC heap before
{Heap before GC invocations=8 (full 1):
 PSYoungGen      total 68608K, used 68596K [0x00000000d6900000, 0x00000000db700000, 0x0000000100000000)
  eden space 63488K, 100% used [0x00000000d6900000,0x00000000da700000,0x00000000da700000)
  from space 5120K, 99% used [0x00000000dae00000,0x00000000db2fd018,0x00000000db300000)
  to   space 7168K, 0% used [0x00000000da700000,0x00000000da700000,0x00000000dae00000)
 ParOldGen       total 86016K, used 7778K [0x0000000083a00000, 0x0000000088e00000, 0x00000000d6900000)
  object space 86016K, 9% used [0x0000000083a00000,0x0000000084198a28,0x0000000088e00000)
 Metaspace       used 13910K, capacity 14346K, committed 14592K, reserved 1062912K
  class space    used 1578K, capacity 1700K, committed 1792K, reserved 1048576K

Deoptimization events (10 events):
Event: 98.524 Thread 0x0000000000e2c800 Uncommon trap: reason=unstable_if action=reinterpret pc=0x00007f0be13c226c method=java.io.ObjectInputStream$HandleTable.finish(I)V @ 4
Event: 99.124 Thread 0x0000000000e2c800 Uncommon trap: reason=class_check action=maybe_recompile pc=0x00007f0be13bbc94 method=java.util.HashMap.putVal(ILjava/lang/Object;Ljava/lang/Object;ZZ)Ljava/lang/Object; @ 203
Event: 99.153 Thread 0x0000000000e2c800 Uncommon trap: reason=class_check action=maybe_recompile pc=0x00007f0be13bbc94 method=java.util.HashMap.putVal(ILjava/lang/Object;Ljava/lang/Object;ZZ)Ljava/lang/Object; @ 203
Event: 99.153 Thread 0x0000000000e2c800 Uncommon trap: reason=class_check action=maybe_recompile pc=0x00007f0be13bbc94 method=java.util.HashMap.putVal(ILjava/lang/Object;Ljava/lang/Object;ZZ)Ljava/lang/Object; @ 203
Event: 99.153 Thread 0x0000000000e2c800 Uncommon trap: reason=class_check action=maybe_recompile pc=0x00007f0be13bbc94 method=java.util.HashMap.putVal(ILjava/lang/Object;Ljava/lang/Object;ZZ)Ljava/lang/Object; @ 203
Event: 101.173 Thread 0x0000000000e2c800 Uncommon trap: reason=bimorphic action=maybe_recompile pc=0x00007f0be146c390 method=java.util.HashMap.putVal(ILjava/lang/Object;Ljava/lang/Object;ZZ)Ljava/lang/Object; @ 203
Event: 101.961 Thread 0x0000000000e2c800 Uncommon trap: reason=bimorphic action=maybe_recompile pc=0x00007f0be146c390 method=java.util.HashMap.putVal(ILjava/lang/Object;Ljava/lang/Object;ZZ)Ljava/lang/Object; @ 203
Event: 104.101 Thread 0x0000000000e2c800 Uncommon trap: reason=unstable_if action=reinterpret pc=0x00007f0be11febe8 method=java.lang.AbstractStringBuilder.append(Ljava/lang/String;)Ljava/lang/AbstractStringBuilder; @ 1
Event: 107.450 Thread 0x0000000000e2c800 Uncommon trap: reason=predicate action=maybe_recompile pc=0x00007f0be15e4b04 method=java.util.AbstractCollection.contains(Ljava/lang/Object;)Z @ 38
Event: 107.471 Thread 0x0000000000e2c800 Uncommon trap: reason=unstable_if action=reinterpret pc=0x00007f0be15f9748 method=org.evosuite.instrumentation.BooleanValueInterpreter.merge(Lorg/evosuite/shaded/org/objectweb/asm/tree/analysis/BasicValue;Lorg/evosuite/shaded/org/objectweb/asm/tree/analys

Classes redefined (0 events):
No events

Internal exceptions (10 events):
Event: 81.373 Thread 0x00007f0bf02a0800 Exception <a 'java/net/ConnectException'> (0x00000000d6cd9460) thrown at [/HUDSON/workspace/8-2-build-linux-amd64/jdk8u181/11358/hotspot/src/share/vm/prims/jni.cpp, line 709]
Event: 81.386 Thread 0x00007f0bf02a4000 Exception <a 'java/net/ConnectException'> (0x00000000d6d2b3e0) thrown at [/HUDSON/workspace/8-2-build-linux-amd64/jdk8u181/11358/hotspot/src/share/vm/prims/jni.cpp, line 709]
Event: 91.370 Thread 0x00007f0bf02a2800 Exception <a 'java/net/ConnectException'> (0x00000000d6c88140) thrown at [/HUDSON/workspace/8-2-build-linux-amd64/jdk8u181/11358/hotspot/src/share/vm/prims/jni.cpp, line 709]
Event: 91.374 Thread 0x00007f0bf02a0800 Exception <a 'java/net/ConnectException'> (0x00000000d6cd9f88) thrown at [/HUDSON/workspace/8-2-build-linux-amd64/jdk8u181/11358/hotspot/src/share/vm/prims/jni.cpp, line 709]
Event: 91.388 Thread 0x00007f0bf02a4000 Exception <a 'java/net/ConnectException'> (0x00000000d6d2bf08) thrown at [/HUDSON/workspace/8-2-build-linux-amd64/jdk8u181/11358/hotspot/src/share/vm/prims/jni.cpp, line 709]
Event: 98.095 Thread 0x0000000000e2c800 Exception <a 'java/lang/NoSuchMethodError': <clinit>> (0x00000000d743bac0) thrown at [/HUDSON/workspace/8-2-build-linux-amd64/jdk8u181/11358/hotspot/src/share/vm/prims/jni.cpp, line 1613]
Event: 101.387 Thread 0x00007f0bf02a2800 Exception <a 'java/net/ConnectException'> (0x00000000d6c88c68) thrown at [/HUDSON/workspace/8-2-build-linux-amd64/jdk8u181/11358/hotspot/src/share/vm/prims/jni.cpp, line 709]
Event: 101.387 Thread 0x00007f0bf02a0800 Exception <a 'java/net/ConnectException'> (0x00000000d6cdaab0) thrown at [/HUDSON/workspace/8-2-build-linux-amd64/jdk8u181/11358/hotspot/src/share/vm/prims/jni.cpp, line 709]
Event: 101.397 Thread 0x00007f0bf02a4000 Exception <a 'java/net/ConnectException'> (0x00000000d6d2ca30) thrown at [/HUDSON/workspace/8-2-build-linux-amd64/jdk8u181/11358/hotspot/src/share/vm/prims/jni.cpp, line 709]
Event: 104.101 Thread 0x0000000000e2c800 Implicit null exception at 0x00007f0be11fe7b4 to 0x00007f0be11febd1

Events (10 events):
Event: 106.755 Thread 0x0000000000e2c800 DEOPT UNPACKING pc=0x00007f0be1047784 sp=0x00007f0b9f4b1a28 mode 0
Event: 107.450 Thread 0x0000000000e2c800 Uncommon trap: trap_request=0xffffff86 fr.pc=0x00007f0be15e4b04
Event: 107.450 Thread 0x0000000000e2c800 DEOPT PACKING pc=0x00007f0be15e4b04 sp=0x00007f0b9f4b1790
Event: 107.450 Thread 0x0000000000e2c800 DEOPT UNPACKING pc=0x00007f0be104573a sp=0x00007f0b9f4b1650 mode 2
Event: 107.471 Thread 0x0000000000e2c800 Uncommon trap: trap_request=0xffffff65 fr.pc=0x00007f0be15f9748
Event: 107.471 Thread 0x0000000000e2c800 DEOPT PACKING pc=0x00007f0be15f9748 sp=0x00007f0b9f4b1580
Event: 107.471 Thread 0x0000000000e2c800 DEOPT UNPACKING pc=0x00007f0be104573a sp=0x00007f0b9f4b1470 mode 2
Event: 107.631 Thread 0x0000000000e2c800 DEOPT PACKING pc=0x00007f0be1466e84 sp=0x00007f0b9f4b18f0
Event: 107.631 Thread 0x0000000000e2c800 DEOPT UNPACKING pc=0x00007f0be1047784 sp=0x00007f0b9f4b1620 mode 0
Event: 108.179 Executing VM operation: ParallelGCFailedAllocation


Dynamic libraries:
00400000-00401000 r-xp 00000000 08:01 1448396                            /usr/lib/jvm/jdk1.8.0_181/bin/java
00600000-00601000 rw-p 00000000 08:01 1448396                            /usr/lib/jvm/jdk1.8.0_181/bin/java
00e2a000-00e4b000 rw-p 00000000 00:00 0                                  [heap]
83a00000-88e00000 rw-p 00000000 00:00 0 
88e00000-d6900000 ---p 00000000 00:00 0 
d6900000-db700000 rw-p 00000000 00:00 0 
df400000-100000000 ---p 00000000 00:00 0 
100000000-1001c0000 rw-p 00000000 00:00 0 
1001c0000-140000000 ---p 00000000 00:00 0 
7f0b9efbb000-7f0b9f03b000 rw-p 00000000 00:00 0 
7f0b9f03b000-7f0b9f1bb000 ---p 00000000 00:00 0 
7f0b9f1bb000-7f0b9f3bb000 rw-p 00000000 00:00 0 
7f0b9f3bb000-7f0b9f3be000 ---p 00000000 00:00 0 
7f0b9f3be000-7f0b9f4bc000 rw-p 00000000 00:00 0 
7f0b9f4bc000-7f0b9f4bf000 ---p 00000000 00:00 0 
7f0b9f4bf000-7f0b9f5bd000 rw-p 00000000 00:00 0 
7f0b9f5bd000-7f0b9f5c0000 ---p 00000000 00:00 0 
7f0b9f5c0000-7f0b9f6be000 rw-p 00000000 00:00 0 
7f0b9f6be000-7f0b9f6c1000 ---p 00000000 00:00 0 
7f0b9f6c1000-7f0b9f7bf000 rw-p 00000000 00:00 0 
7f0b9f7bf000-7f0b9f7c2000 ---p 00000000 00:00 0 
7f0b9f7c2000-7f0b9f8c0000 rw-p 00000000 00:00 0 
7f0b9f8c0000-7f0b9f8c3000 ---p 00000000 00:00 0 
7f0b9f8c3000-7f0b9f9c1000 rw-p 00000000 00:00 0 
7f0b9f9c1000-7f0b9f9c4000 ---p 00000000 00:00 0 
7f0b9f9c4000-7f0b9fac2000 rw-p 00000000 00:00 0 
7f0b9fac2000-7f0b9fac5000 ---p 00000000 00:00 0 
7f0b9fac5000-7f0b9fbc3000 rw-p 00000000 00:00 0 
7f0b9fbc3000-7f0b9fbc6000 ---p 00000000 00:00 0 
7f0b9fbc6000-7f0b9fcc4000 rw-p 00000000 00:00 0 
7f0b9fcc4000-7f0b9fcc7000 ---p 00000000 00:00 0 
7f0b9fcc7000-7f0b9fcfd000 rw-p 00000000 00:00 0 
7f0b9fcfd000-7f0b9fd00000 ---p 00000000 00:00 0 
7f0b9fd00000-7f0b9fdfe000 rw-p 00000000 00:00 0 
7f0b9fdfe000-7f0b9fe01000 ---p 00000000 00:00 0 
7f0b9fe01000-7f0b9feff000 rw-p 00000000 00:00 0 
7f0b9feff000-7f0b9ff02000 ---p 00000000 00:00 0 
7f0b9ff02000-7f0ba0000000 rw-p 00000000 00:00 0 
7f0ba0000000-7f0ba0021000 rw-p 00000000 00:00 0 
7f0ba0021000-7f0ba4000000 ---p 00000000 00:00 0 
7f0ba4000000-7f0ba4021000 rw-p 00000000 00:00 0 
7f0ba4021000-7f0ba8000000 ---p 00000000 00:00 0 
7f0ba8000000-7f0ba8021000 rw-p 00000000 00:00 0 
7f0ba8021000-7f0bac000000 ---p 00000000 00:00 0 
7f0bac000000-7f0bac021000 rw-p 00000000 00:00 0 
7f0bac021000-7f0bb0000000 ---p 00000000 00:00 0 
7f0bb0000000-7f0bb0021000 rw-p 00000000 00:00 0 
7f0bb0021000-7f0bb4000000 ---p 00000000 00:00 0 
7f0bb4000000-7f0bb4021000 rw-p 00000000 00:00 0 
7f0bb4021000-7f0bb8000000 ---p 00000000 00:00 0 
7f0bb8000000-7f0bb875d000 rw-p 00000000 00:00 0 
7f0bb875d000-7f0bbc000000 ---p 00000000 00:00 0 
7f0bbc000000-7f0bbc7d2000 rw-p 00000000 00:00 0 
7f0bbc7d2000-7f0bc0000000 ---p 00000000 00:00 0 
7f0bc0000000-7f0bc0021000 rw-p 00000000 00:00 0 
7f0bc0021000-7f0bc4000000 ---p 00000000 00:00 0 
7f0bc4022000-7f0bc4035000 r--s 00345000 08:01 2756119                    /usr/lib/jvm/jdk1.8.0_181/jre/lib/resources.jar
7f0bc4035000-7f0bc4038000 ---p 00000000 00:00 0 
7f0bc4038000-7f0bc4136000 rw-p 00000000 00:00 0 
7f0bc4136000-7f0bc4139000 ---p 00000000 00:00 0 
7f0bc4139000-7f0bc4437000 rw-p 00000000 00:00 0 
7f0bc4437000-7f0bc44b0000 r--s 010f9000 08:01 1448503                    /usr/lib/jvm/jdk1.8.0_181/lib/tools.jar
7f0bc44b0000-7f0bc44b3000 ---p 00000000 00:00 0 
7f0bc44b3000-7f0bc45b1000 rw-p 00000000 00:00 0 
7f0bc45b1000-7f0bc45b4000 ---p 00000000 00:00 0 
7f0bc45b4000-7f0bc46b2000 rw-p 00000000 00:00 0 
7f0bc46b2000-7f0bc46b5000 ---p 00000000 00:00 0 
7f0bc46b5000-7f0bc77b4000 rw-p 00000000 00:00 0 
7f0bc77b4000-7f0bc77ca000 r-xp 00000000 08:01 2756237                    /usr/lib/jvm/jdk1.8.0_181/jre/lib/amd64/libnet.so
7f0bc77ca000-7f0bc79ca000 ---p 00016000 08:01 2756237                    /usr/lib/jvm/jdk1.8.0_181/jre/lib/amd64/libnet.so
7f0bc79ca000-7f0bc79cb000 rw-p 00016000 08:01 2756237                    /usr/lib/jvm/jdk1.8.0_181/jre/lib/amd64/libnet.so
7f0bc79cb000-7f0bc7bfc000 r--s 01bb1000 08:01 1706762                    /home/whj/dowork/DiffTGen/lib/evosuite-1.0.6.jar
7f0bc7bfc000-7f0bc7bfd000 ---p 00000000 00:00 0 
7f0bc7bfd000-7f0bc7cfd000 rw-p 00000000 00:00 0 
7f0bc7cfd000-7f0bc7d00000 ---p 00000000 00:00 0 
7f0bc7d00000-7f0bc7dfe000 rw-p 00000000 00:00 0 
7f0bc7dfe000-7f0bc7e01000 ---p 00000000 00:00 0 
7f0bc7e01000-7f0bc7eff000 rw-p 00000000 00:00 0 
7f0bc7eff000-7f0bc7f02000 ---p 00000000 00:00 0 
7f0bc7f02000-7f0bc8000000 rw-p 00000000 00:00 0 
7f0bc8000000-7f0bc8021000 rw-p 00000000 00:00 0 
7f0bc8021000-7f0bcc000000 ---p 00000000 00:00 0 
7f0bcc000000-7f0bcc063000 rw-p 00000000 00:00 0 
7f0bcc063000-7f0bd0000000 ---p 00000000 00:00 0 
7f0bd0000000-7f0bd01a6000 rw-p 00000000 00:00 0 
7f0bd01a6000-7f0bd4000000 ---p 00000000 00:00 0 
7f0bd4000000-7f0bd430c000 rw-p 00000000 00:00 0 
7f0bd430c000-7f0bd8000000 ---p 00000000 00:00 0 
7f0bd8000000-7f0bd8021000 rw-p 00000000 00:00 0 
7f0bd8021000-7f0bdc000000 ---p 00000000 00:00 0 
7f0bdc009000-7f0bdc00c000 ---p 00000000 00:00 0 
7f0bdc00c000-7f0bdc10a000 rw-p 00000000 00:00 0 
7f0bdc10a000-7f0bdcac9000 r--p 00000000 08:01 1316108                    /usr/lib/locale/locale-archive
7f0bdcac9000-7f0bdcacc000 ---p 00000000 00:00 0 
7f0bdcacc000-7f0bdcbca000 rw-p 00000000 00:00 0 
7f0bdcbca000-7f0bdcbcd000 ---p 00000000 00:00 0 
7f0bdcbcd000-7f0bdcccb000 rw-p 00000000 00:00 0 
7f0bdcccb000-7f0bdcccc000 ---p 00000000 00:00 0 
7f0bdcccc000-7f0be1000000 rw-p 00000000 00:00 0 
7f0be1000000-7f0be1630000 rwxp 00000000 00:00 0 
7f0be1630000-7f0bf0000000 ---p 00000000 00:00 0 
7f0bf0000000-7f0bf047c000 rw-p 00000000 00:00 0 
7f0bf047c000-7f0bf4000000 ---p 00000000 00:00 0 
7f0bf4006000-7f0bf4022000 r--s 00393000 08:01 2756136                    /usr/lib/jvm/jdk1.8.0_181/jre/lib/ext/cldrdata.jar
7f0bf4022000-7f0bf4034000 r--s 00169000 08:01 3032307                    /home/whj/dowork/DiffTGen/extra_output/Chart_1_4_sequencer/target/build/classes/all0.jar
7f0bf4034000-7f0bf4539000 rw-p 00000000 00:00 0 
7f0bf4539000-7f0bf4713000 r--s 03d6b000 08:01 2756084                    /usr/lib/jvm/jdk1.8.0_181/jre/lib/rt.jar
7f0bf4713000-7f0bf536c000 rw-p 00000000 00:00 0 
7f0bf536c000-7f0bf536d000 ---p 00000000 00:00 0 
7f0bf536d000-7f0bf546d000 rw-p 00000000 00:00 0 
7f0bf546d000-7f0bf546e000 ---p 00000000 00:00 0 
7f0bf546e000-7f0bf5598000 rw-p 00000000 00:00 0 
7f0bf5598000-7f0bf5806000 ---p 00000000 00:00 0 
7f0bf5806000-7f0bf5830000 rw-p 00000000 00:00 0 
7f0bf5830000-7f0bf5a9d000 ---p 00000000 00:00 0 
7f0bf5a9d000-7f0bf5ac5000 rw-p 00000000 00:00 0 
7f0bf5ac5000-7f0bf5be9000 ---p 00000000 00:00 0 
7f0bf5be9000-7f0bf5c03000 rw-p 00000000 00:00 0 
7f0bf5c03000-7f0bf5faa000 ---p 00000000 00:00 0 
7f0bf5faa000-7f0bf5fc5000 r-xp 00000000 08:01 2756233                    /usr/lib/jvm/jdk1.8.0_181/jre/lib/amd64/libzip.so
7f0bf5fc5000-7f0bf61c5000 ---p 0001b000 08:01 2756233                    /usr/lib/jvm/jdk1.8.0_181/jre/lib/amd64/libzip.so
7f0bf61c5000-7f0bf61c6000 rw-p 0001b000 08:01 2756233                    /usr/lib/jvm/jdk1.8.0_181/jre/lib/amd64/libzip.so
7f0bf61c6000-7f0bf61d1000 r-xp 00000000 08:01 1054188                    /lib/x86_64-linux-gnu/libnss_files-2.23.so
7f0bf61d1000-7f0bf63d0000 ---p 0000b000 08:01 1054188                    /lib/x86_64-linux-gnu/libnss_files-2.23.so
7f0bf63d0000-7f0bf63d1000 r--p 0000a000 08:01 1054188                    /lib/x86_64-linux-gnu/libnss_files-2.23.so
7f0bf63d1000-7f0bf63d2000 rw-p 0000b000 08:01 1054188                    /lib/x86_64-linux-gnu/libnss_files-2.23.so
7f0bf63d2000-7f0bf63d8000 rw-p 00000000 00:00 0 
7f0bf63d8000-7f0bf63e3000 r-xp 00000000 08:01 1054198                    /lib/x86_64-linux-gnu/libnss_nis-2.23.so
7f0bf63e3000-7f0bf65e2000 ---p 0000b000 08:01 1054198                    /lib/x86_64-linux-gnu/libnss_nis-2.23.so
7f0bf65e2000-7f0bf65e3000 r--p 0000a000 08:01 1054198                    /lib/x86_64-linux-gnu/libnss_nis-2.23.so
7f0bf65e3000-7f0bf65e4000 rw-p 0000b000 08:01 1054198                    /lib/x86_64-linux-gnu/libnss_nis-2.23.so
7f0bf65e4000-7f0bf65fa000 r-xp 00000000 08:01 1054182                    /lib/x86_64-linux-gnu/libnsl-2.23.so
7f0bf65fa000-7f0bf67f9000 ---p 00016000 08:01 1054182                    /lib/x86_64-linux-gnu/libnsl-2.23.so
7f0bf67f9000-7f0bf67fa000 r--p 00015000 08:01 1054182                    /lib/x86_64-linux-gnu/libnsl-2.23.so
7f0bf67fa000-7f0bf67fb000 rw-p 00016000 08:01 1054182                    /lib/x86_64-linux-gnu/libnsl-2.23.so
7f0bf67fb000-7f0bf67fd000 rw-p 00000000 00:00 0 
7f0bf67fd000-7f0bf6805000 r-xp 00000000 08:01 1054184                    /lib/x86_64-linux-gnu/libnss_compat-2.23.so
7f0bf6805000-7f0bf6a04000 ---p 00008000 08:01 1054184                    /lib/x86_64-linux-gnu/libnss_compat-2.23.so
7f0bf6a04000-7f0bf6a05000 r--p 00007000 08:01 1054184                    /lib/x86_64-linux-gnu/libnss_compat-2.23.so
7f0bf6a05000-7f0bf6a06000 rw-p 00008000 08:01 1054184                    /lib/x86_64-linux-gnu/libnss_compat-2.23.so
7f0bf6a06000-7f0bf6a31000 r-xp 00000000 08:01 2756227                    /usr/lib/jvm/jdk1.8.0_181/jre/lib/amd64/libjava.so
7f0bf6a31000-7f0bf6c30000 ---p 0002b000 08:01 2756227                    /usr/lib/jvm/jdk1.8.0_181/jre/lib/amd64/libjava.so
7f0bf6c30000-7f0bf6c32000 rw-p 0002a000 08:01 2756227                    /usr/lib/jvm/jdk1.8.0_181/jre/lib/amd64/libjava.so
7f0bf6c32000-7f0bf6c3f000 r-xp 00000000 08:01 2756232                    /usr/lib/jvm/jdk1.8.0_181/jre/lib/amd64/libverify.so
7f0bf6c3f000-7f0bf6e3f000 ---p 0000d000 08:01 2756232                    /usr/lib/jvm/jdk1.8.0_181/jre/lib/amd64/libverify.so
7f0bf6e3f000-7f0bf6e41000 rw-p 0000d000 08:01 2756232                    /usr/lib/jvm/jdk1.8.0_181/jre/lib/amd64/libverify.so
7f0bf6e41000-7f0bf6e48000 r-xp 00000000 08:01 1054243                    /lib/x86_64-linux-gnu/librt-2.23.so
7f0bf6e48000-7f0bf7047000 ---p 00007000 08:01 1054243                    /lib/x86_64-linux-gnu/librt-2.23.so
7f0bf7047000-7f0bf7048000 r--p 00006000 08:01 1054243                    /lib/x86_64-linux-gnu/librt-2.23.so
7f0bf7048000-7f0bf7049000 rw-p 00007000 08:01 1054243                    /lib/x86_64-linux-gnu/librt-2.23.so
7f0bf7049000-7f0bf7151000 r-xp 00000000 08:01 1054159                    /lib/x86_64-linux-gnu/libm-2.23.so
7f0bf7151000-7f0bf7350000 ---p 00108000 08:01 1054159                    /lib/x86_64-linux-gnu/libm-2.23.so
7f0bf7350000-7f0bf7351000 r--p 00107000 08:01 1054159                    /lib/x86_64-linux-gnu/libm-2.23.so
7f0bf7351000-7f0bf7352000 rw-p 00108000 08:01 1054159                    /lib/x86_64-linux-gnu/libm-2.23.so
7f0bf7352000-7f0bf802e000 r-xp 00000000 08:01 2756209                    /usr/lib/jvm/jdk1.8.0_181/jre/lib/amd64/server/libjvm.so
7f0bf802e000-7f0bf822e000 ---p 00cdc000 08:01 2756209                    /usr/lib/jvm/jdk1.8.0_181/jre/lib/amd64/server/libjvm.so
7f0bf822e000-7f0bf8308000 rw-p 00cdc000 08:01 2756209                    /usr/lib/jvm/jdk1.8.0_181/jre/lib/amd64/server/libjvm.so
7f0bf8308000-7f0bf8353000 rw-p 00000000 00:00 0 
7f0bf8353000-7f0bf8513000 r-xp 00000000 08:01 1054089                    /lib/x86_64-linux-gnu/libc-2.23.so
7f0bf8513000-7f0bf8713000 ---p 001c0000 08:01 1054089                    /lib/x86_64-linux-gnu/libc-2.23.so
7f0bf8713000-7f0bf8717000 r--p 001c0000 08:01 1054089                    /lib/x86_64-linux-gnu/libc-2.23.so
7f0bf8717000-7f0bf8719000 rw-p 001c4000 08:01 1054089                    /lib/x86_64-linux-gnu/libc-2.23.so
7f0bf8719000-7f0bf871d000 rw-p 00000000 00:00 0 
7f0bf871d000-7f0bf8720000 r-xp 00000000 08:01 1054113                    /lib/x86_64-linux-gnu/libdl-2.23.so
7f0bf8720000-7f0bf891f000 ---p 00003000 08:01 1054113                    /lib/x86_64-linux-gnu/libdl-2.23.so
7f0bf891f000-7f0bf8920000 r--p 00002000 08:01 1054113                    /lib/x86_64-linux-gnu/libdl-2.23.so
7f0bf8920000-7f0bf8921000 rw-p 00003000 08:01 1054113                    /lib/x86_64-linux-gnu/libdl-2.23.so
7f0bf8921000-7f0bf8937000 r-xp 00000000 08:01 1449032                    /usr/lib/jvm/jdk1.8.0_181/lib/amd64/jli/libjli.so
7f0bf8937000-7f0bf8b36000 ---p 00016000 08:01 1449032                    /usr/lib/jvm/jdk1.8.0_181/lib/amd64/jli/libjli.so
7f0bf8b36000-7f0bf8b37000 rw-p 00015000 08:01 1449032                    /usr/lib/jvm/jdk1.8.0_181/lib/amd64/jli/libjli.so
7f0bf8b37000-7f0bf8b4f000 r-xp 00000000 08:01 1054235                    /lib/x86_64-linux-gnu/libpthread-2.23.so
7f0bf8b4f000-7f0bf8d4e000 ---p 00018000 08:01 1054235                    /lib/x86_64-linux-gnu/libpthread-2.23.so
7f0bf8d4e000-7f0bf8d4f000 r--p 00017000 08:01 1054235                    /lib/x86_64-linux-gnu/libpthread-2.23.so
7f0bf8d4f000-7f0bf8d50000 rw-p 00018000 08:01 1054235                    /lib/x86_64-linux-gnu/libpthread-2.23.so
7f0bf8d50000-7f0bf8d54000 rw-p 00000000 00:00 0 
7f0bf8d54000-7f0bf8d7a000 r-xp 00000000 08:01 1054061                    /lib/x86_64-linux-gnu/ld-2.23.so
7f0bf8d80000-7f0bf8d8a000 r--s 00116000 08:01 2756143                    /usr/lib/jvm/jdk1.8.0_181/jre/lib/ext/localedata.jar
7f0bf8d8a000-7f0bf8e5b000 rw-p 00000000 00:00 0 
7f0bf8e5b000-7f0bf8e5e000 ---p 00000000 00:00 0 
7f0bf8e5e000-7f0bf8f61000 rw-p 00000000 00:00 0 
7f0bf8f61000-7f0bf8f66000 r--s 0009d000 08:01 2756133                    /usr/lib/jvm/jdk1.8.0_181/jre/lib/jsse.jar
7f0bf8f66000-7f0bf8f6e000 r--s 0006e000 08:01 2248917                    /home/whj/dowork/DiffTGen/lib/commons-lang3-3.5.jar
7f0bf8f6e000-7f0bf8f6f000 r--s 00000000 08:01 2248922                    /home/whj/dowork/DiffTGen/lib/myprinter.jar
7f0bf8f6f000-7f0bf8f77000 rw-s 00000000 08:01 1984664                    /tmp/hsperfdata_whj/45788
7f0bf8f77000-7f0bf8f78000 rw-p 00000000 00:00 0 
7f0bf8f78000-7f0bf8f79000 ---p 00000000 00:00 0 
7f0bf8f79000-7f0bf8f7a000 r--p 00025000 08:01 1054061                    /lib/x86_64-linux-gnu/ld-2.23.so
7f0bf8f7a000-7f0bf8f7b000 rw-p 00026000 08:01 1054061                    /lib/x86_64-linux-gnu/ld-2.23.so
7f0bf8f7b000-7f0bf8f7c000 rw-p 00000000 00:00 0 
7ffd2c085000-7ffd2c0a7000 rw-p 00000000 00:00 0                          [stack]
7ffd2c1f4000-7ffd2c1f7000 r--p 00000000 00:00 0                          [vvar]
7ffd2c1f7000-7ffd2c1f9000 r-xp 00000000 00:00 0                          [vdso]
ffffffffff600000-ffffffffff601000 r-xp 00000000 00:00 0                  [vsyscall]

VM Arguments:
java_command: /home/whj/dowork/DiffTGen/lib/evosuite-1.0.6.jar -base_dir /home/whj/dowork/DiffTGen/extra_output/Chart_1_4_sequencer/target/0/0 -projectCP /home/whj/dowork/DiffTGen/extra_output/Chart_1_4_sequencer/target/build/classes/all0.jar:/home/whj/dowork/DiffTGen/lib/myprinter.jar:/home/whj/dowork/DiffTGen/lib/commons-lang3-3.5.jar -class org.jfree.chart.renderer.category.AbstractCategoryItemRenderer -Dassertions=false -Dsearch_budget=60
java_class_path (initial): /home/whj/dowork/DiffTGen/lib/evosuite-1.0.6.jar
Launcher Type: SUN_STANDARD

Environment Variables:
JAVA_HOME=/usr/lib/jvm/jdk1.8.0_181
JRE_HOME=/usr/lib/jvm/jdk1.8.0_181/jre
CLASSPATH=.:/usr/lib/jvm/jdk1.8.0_181/lib:/usr/lib/jvm/jdk1.8.0_181/jre/lib
PATH=/home/whj/perl5/bin:/home/whj/dowork/defects4j-1.2.0/framework/bin:/usr/lib/jvm/jdk1.8.0_181/bin:/usr/lib/jvm/jdk1.8.0_181/jre/bin:/home/whj/bin:/home/whj/.local/bin:/usr/local/sbin:/usr/local/bin:/usr/sbin:/usr/bin:/sbin:/bin:/usr/games:/usr/local/games" :/snap/bin:/home/whj/bin
SHELL=/bin/bash
DISPLAY=:0

Signal Handlers:
SIGSEGV: [libjvm.so+0xad2a40], sa_mask[0]=11111111011111111101111111111110, sa_flags=SA_RESTART|SA_SIGINFO
SIGBUS: [libjvm.so+0xad2a40], sa_mask[0]=11111111011111111101111111111110, sa_flags=SA_RESTART|SA_SIGINFO
SIGFPE: [libjvm.so+0x92a610], sa_mask[0]=11111111011111111101111111111110, sa_flags=SA_RESTART|SA_SIGINFO
SIGPIPE: [libjvm.so+0x92a610], sa_mask[0]=11111111011111111101111111111110, sa_flags=SA_RESTART|SA_SIGINFO
SIGXFSZ: [libjvm.so+0x92a610], sa_mask[0]=11111111011111111101111111111110, sa_flags=SA_RESTART|SA_SIGINFO
SIGILL: [libjvm.so+0x92a610], sa_mask[0]=11111111011111111101111111111110, sa_flags=SA_RESTART|SA_SIGINFO
SIGUSR1: SIG_DFL, sa_mask[0]=00000000000000000000000000000000, sa_flags=none
SIGUSR2: [libjvm.so+0x92be70], sa_mask[0]=00100000000000000000000000000000, sa_flags=SA_RESTART|SA_SIGINFO
SIGHUP: [libjvm.so+0x92d270], sa_mask[0]=11111111011111111101111111111110, sa_flags=SA_RESTART|SA_SIGINFO
SIGINT: [libjvm.so+0x92d270], sa_mask[0]=11111111011111111101111111111110, sa_flags=SA_RESTART|SA_SIGINFO
SIGTERM: [libjvm.so+0x92d270], sa_mask[0]=11111111011111111101111111111110, sa_flags=SA_RESTART|SA_SIGINFO
SIGQUIT: [libjvm.so+0x92d270], sa_mask[0]=11111111011111111101111111111110, sa_flags=SA_RESTART|SA_SIGINFO


---------------  S Y S T E M  ---------------

OS:DISTRIB_ID=Ubuntu
DISTRIB_RELEASE=16.04
DISTRIB_CODENAME=xenial
DISTRIB_DESCRIPTION="Ubuntu 16.04.6 LTS"

uname:Linux 4.15.0-91-generic #92~16.04.1-Ubuntu SMP Fri Feb 28 14:57:22 UTC 2020 x86_64
libc:glibc 2.23 NPTL 2.23 
rlimit: STACK 8192k, CORE 0k, NPROC 31576, NOFILE 1048576, AS infinity
load average:17.72 14.23 14.51

/proc/meminfo:
MemTotal:        8144704 kB
MemFree:          104688 kB
MemAvailable:          0 kB
Buffers:             388 kB
Cached:            12472 kB
SwapCached:        20720 kB
Active:          6734984 kB
Inactive:         845820 kB
Active(anon):    6727652 kB
Inactive(anon):   840908 kB
Active(file):       7332 kB
Inactive(file):     4912 kB
Unevictable:          32 kB
Mlocked:              32 kB
SwapTotal:        998396 kB
SwapFree:              8 kB
Dirty:               100 kB
Writeback:           584 kB
AnonPages:       7547568 kB
Mapped:            10316 kB
Shmem:               416 kB
Slab:              88776 kB
SReclaimable:      31668 kB
SUnreclaim:        57108 kB
KernelStack:       16064 kB
PageTables:        48900 kB
NFS_Unstable:          0 kB
Bounce:                0 kB
WritebackTmp:          0 kB
CommitLimit:     5070748 kB
Committed_AS:   14451552 kB
VmallocTotal:   34359738367 kB
VmallocUsed:           0 kB
VmallocChunk:          0 kB
HardwareCorrupted:     0 kB
AnonHugePages:         0 kB
ShmemHugePages:        0 kB
ShmemPmdMapped:        0 kB
CmaTotal:              0 kB
CmaFree:               0 kB
HugePages_Total:       0
HugePages_Free:        0
HugePages_Rsvd:        0
HugePages_Surp:        0
Hugepagesize:       2048 kB
DirectMap4k:      126784 kB
DirectMap2M:     7213056 kB
DirectMap1G:     3145728 kB


CPU:total 2 (initial active 2) (2 cores per cpu, 1 threads per core) family 6 model 158 stepping 10, cmov, cx8, fxsr, mmx, sse, sse2, sse3, ssse3, sse4.1, sse4.2, popcnt, avx, avx2, aes, clmul, erms, 3dnowpref, lzcnt, tsc, tscinvbit, bmi1, bmi2, adx

/proc/cpuinfo:
processor	: 0
vendor_id	: GenuineIntel
cpu family	: 6
model		: 158
model name	: Intel(R) Core(TM) i7-8750H CPU @ 2.20GHz
stepping	: 10
microcode	: 0x96
cpu MHz		: 2207.999
cache size	: 9216 KB
physical id	: 0
siblings	: 2
core id		: 0
cpu cores	: 2
apicid		: 0
initial apicid	: 0
fpu		: yes
fpu_exception	: yes
cpuid level	: 22
wp		: yes
flags		: fpu vme de pse tsc msr pae mce cx8 apic sep mtrr pge mca cmov pat pse36 clflush mmx fxsr sse sse2 ss ht syscall nx pdpe1gb rdtscp lm constant_tsc arch_perfmon nopl xtopology tsc_reliable nonstop_tsc cpuid pni pclmulqdq ssse3 fma cx16 pcid sse4_1 sse4_2 x2apic movbe popcnt tsc_deadline_timer aes xsave avx f16c rdrand hypervisor lahf_lm abm 3dnowprefetch cpuid_fault invpcid_single pti ssbd ibrs ibpb stibp fsgsbase tsc_adjust bmi1 avx2 smep bmi2 invpcid rdseed adx smap xsaveopt arat flush_l1d arch_capabilities
bugs		: cpu_meltdown spectre_v1 spectre_v2 spec_store_bypass l1tf mds swapgs itlb_multihit
bogomips	: 4415.99
clflush size	: 64
cache_alignment	: 64
address sizes	: 42 bits physical, 48 bits virtual
power management:

processor	: 1
vendor_id	: GenuineIntel
cpu family	: 6
model		: 158
model name	: Intel(R) Core(TM) i7-8750H CPU @ 2.20GHz
stepping	: 10
microcode	: 0x96
cpu MHz		: 2207.999
cache size	: 9216 KB
physical id	: 0
siblings	: 2
core id		: 1
cpu cores	: 2
apicid		: 1
initial apicid	: 1
fpu		: yes
fpu_exception	: yes
cpuid level	: 22
wp		: yes
flags		: fpu vme de pse tsc msr pae mce cx8 apic sep mtrr pge mca cmov pat pse36 clflush mmx fxsr sse sse2 ss ht syscall nx pdpe1gb rdtscp lm constant_tsc arch_perfmon nopl xtopology tsc_reliable nonstop_tsc cpuid pni pclmulqdq ssse3 fma cx16 pcid sse4_1 sse4_2 x2apic movbe popcnt tsc_deadline_timer aes xsave avx f16c rdrand hypervisor lahf_lm abm 3dnowprefetch cpuid_fault invpcid_single pti ssbd ibrs ibpb stibp fsgsbase tsc_adjust bmi1 avx2 smep bmi2 invpcid rdseed adx smap xsaveopt arat flush_l1d arch_capabilities
bugs		: cpu_meltdown spectre_v1 spectre_v2 spec_store_bypass l1tf mds swapgs itlb_multihit
bogomips	: 4415.99
clflush size	: 64
cache_alignment	: 64
address sizes	: 42 bits physical, 48 bits virtual
power management:



Memory: 4k page, physical 8144704k(104688k free), swap 998396k(8k free)

vm_info: Java HotSpot(TM) 64-Bit Server VM (25.181-b13) for linux-amd64 JRE (1.8.0_181-b13), built on Jul  7 2018 00:56:38 by "java_re" with gcc 4.3.0 20080428 (Red Hat 4.3.0-8)

time: Fri Mar 27 14:35:16 2020
elapsed time: 108 seconds (0d 0h 1m 48s)

