#
# There is insufficient memory for the Java Runtime Environment to continue.
# Native memory allocation (mmap) failed to map 264241152 bytes for committing reserved memory.
# Possible reasons:
#   The system is out of physical RAM or swap space
#   In 32 bit mode, the process size limit was hit
# Possible solutions:
#   Reduce memory load on the system
#   Increase physical memory or swap space
#   Check if swap backing store is full
#   Use 64 bit Java on a 64 bit OS
#   Decrease Java heap size (-Xmx/-Xms)
#   Decrease number of Java threads
#   Decrease Java thread stack sizes (-Xss)
#   Set larger code cache with -XX:ReservedCodeCacheSize=
# This output file may be truncated or incomplete.
#
#  Out of Memory Error (os_linux.cpp:2640), pid=51268, tid=0x00007f1641e2c700
#
# JRE version: Java(TM) SE Runtime Environment (8.0_181-b13) (build 1.8.0_181-b13)
# Java VM: Java HotSpot(TM) 64-Bit Server VM (25.181-b13 mixed mode linux-amd64 compressed oops)
# Failed to write core dump. Core dumps have been disabled. To enable core dumping, try "ulimit -c unlimited" before starting Java again
#

---------------  T H R E A D  ---------------

Current thread (0x00007f16580fb800):  VMThread [stack: 0x00007f1641d2c000,0x00007f1641e2d000] [id=51300]

Stack: [0x00007f1641d2c000,0x00007f1641e2d000],  sp=0x00007f1641e2b020,  free space=1020k
Native frames: (J=compiled Java code, j=interpreted, Vv=VM code, C=native code)
V  [libjvm.so+0xad21aa]  VMError::report_and_die()+0x2ba
V  [libjvm.so+0x5022db]  report_vm_out_of_memory(char const*, int, unsigned long, VMErrorType, char const*)+0x8b
V  [libjvm.so+0x92fe33]  os::Linux::commit_memory_impl(char*, unsigned long, bool)+0x123
V  [libjvm.so+0x930059]  os::pd_commit_memory(char*, unsigned long, unsigned long, bool)+0x29
V  [libjvm.so+0x9272ba]  os::commit_memory(char*, unsigned long, unsigned long, bool)+0x2a
V  [libjvm.so+0x99d2e3]  PSVirtualSpace::expand_by(unsigned long)+0x53
V  [libjvm.so+0x99e6e8]  PSYoungGen::resize_generation(unsigned long, unsigned long)+0xf8
V  [libjvm.so+0x99d842]  PSYoungGen::resize(unsigned long, unsigned long)+0x22
V  [libjvm.so+0x99ab1b]  PSScavenge::invoke_no_policy()+0xf3b
V  [libjvm.so+0x99b2a1]  PSScavenge::invoke()+0x41
V  [libjvm.so+0x951d70]  ParallelScavengeHeap::failed_mem_allocate(unsigned long)+0x70
V  [libjvm.so+0xad3c27]  VM_ParallelGCFailedAllocation::doit()+0x97
V  [libjvm.so+0xadb745]  VM_Operation::evaluate()+0x55
V  [libjvm.so+0xad9b0a]  VMThread::evaluate_operation(VM_Operation*)+0xba
V  [libjvm.so+0xad9e8e]  VMThread::loop()+0x1ce
V  [libjvm.so+0xada300]  VMThread::run()+0x70
V  [libjvm.so+0x930198]  java_start(Thread*)+0x108

VM_Operation (0x00007f16184ea930): ParallelGCFailedAllocation, mode: safepoint, requested by thread 0x00000000013c6800


---------------  P R O C E S S  ---------------

Java Threads: ( => current thread )
  0x00000000013c8000 JavaThread "RMI TCP Connection(5)-127.0.0.1" daemon [_thread_in_native, id=51731, stack(0x00007f16186f6000,0x00007f16187f7000)]
  0x00000000013c6800 JavaThread "RMI TCP Connection(4)-127.0.0.1" daemon [_thread_blocked, id=51682, stack(0x00007f16183f3000,0x00007f16184f4000)]
  0x00007f1630038000 JavaThread "RMI Scheduler(0)" daemon [_thread_blocked, id=51672, stack(0x00007f16184f4000,0x00007f16185f5000)]
  0x00007f1630032800 JavaThread "RMI RenewClean-[127.0.0.1:12017]" daemon [_thread_blocked, id=51651, stack(0x00007f16185f5000,0x00007f16186f6000)]
  0x00007f1608005800 JavaThread "pool-3-thread-3" [_thread_in_native, id=51596, stack(0x00007f16187f7000,0x00007f16188f8000)]
  0x00007f1608004000 JavaThread "pool-3-thread-2" [_thread_in_native, id=51594, stack(0x00007f16188f8000,0x00007f16189f9000)]
  0x00007f1608003000 JavaThread "pool-3-thread-1" [_thread_in_native, id=51592, stack(0x00007f16189f9000,0x00007f1618afa000)]
  0x00007f165836b800 JavaThread "Thread-3" [_thread_in_native, id=51474, stack(0x00007f1618afa000,0x00007f1618bfb000)]
  0x00007f165836a000 JavaThread "Thread-2" [_thread_in_native, id=51471, stack(0x00007f1618bfb000,0x00007f1618cfc000)]
  0x00007f1658368800 JavaThread "process reaper" daemon [_thread_in_native, id=51465, stack(0x00007f1640067000,0x00007f16400a0000)]
  0x00007f1658362800 JavaThread "pool-2-thread-1" [_thread_in_native, id=51417, stack(0x00007f1618cfc000,0x00007f1618dfd000)]
  0x00007f1658360000 JavaThread "GC Daemon" daemon [_thread_blocked, id=51416, stack(0x00007f1618dfd000,0x00007f1618efe000)]
  0x00007f165835d800 JavaThread "RMI Reaper" [_thread_blocked, id=51415, stack(0x00007f1618efe000,0x00007f1618fff000)]
  0x00007f1658356800 JavaThread "RMI TCP Accept-20478" daemon [_thread_in_native, id=51411, stack(0x00007f16400a0000,0x00007f16401a1000)]
  0x00007f165834f000 JavaThread "RMI TCP Accept-9471" daemon [_thread_in_native, id=51392, stack(0x00007f16401a1000,0x00007f16402a2000)]
  0x00007f1658293800 JavaThread "logback-3" daemon [_thread_blocked, id=51379, stack(0x00007f164051b000,0x00007f164061c000)]
  0x00007f1658292000 JavaThread "logback-2" daemon [_thread_blocked, id=51376, stack(0x00007f164061c000,0x00007f164071d000)]
  0x00007f1658290800 JavaThread "logback-1" daemon [_thread_blocked, id=51375, stack(0x00007f164071d000,0x00007f164081e000)]
  0x00007f1658142000 JavaThread "Service Thread" daemon [_thread_blocked, id=51356, stack(0x00007f1640d67000,0x00007f1640e68000)]
  0x00007f165813f000 JavaThread "C1 CompilerThread1" daemon [_thread_blocked, id=51355, stack(0x00007f1640e68000,0x00007f1640f69000)]
  0x00007f165813c000 JavaThread "C2 CompilerThread0" daemon [_thread_in_native, id=51351, stack(0x00007f1640f69000,0x00007f164106a000)]
  0x00007f165813a800 JavaThread "Signal Dispatcher" daemon [_thread_blocked, id=51342, stack(0x00007f164106a000,0x00007f164116b000)]
  0x00007f1658107800 JavaThread "Finalizer" daemon [_thread_blocked, id=51322, stack(0x00007f1641b2a000,0x00007f1641c2b000)]
  0x00007f1658105000 JavaThread "Reference Handler" daemon [_thread_blocked, id=51308, stack(0x00007f1641c2b000,0x00007f1641d2c000)]
  0x00007f165800a800 JavaThread "main" [_thread_in_native, id=51277, stack(0x00007f165deb9000,0x00007f165dfba000)]

Other Threads:
=>0x00007f16580fb800 VMThread [stack: 0x00007f1641d2c000,0x00007f1641e2d000] [id=51300]
  0x00007f1658146800 WatcherThread [stack: 0x00007f1640c66000,0x00007f1640d67000] [id=51361]

VM state:at safepoint (normal execution)

VM Mutex/Monitor currently owned by a thread:  ([mutex/lock_event])
[0x00007f1658006c60] Threads_lock - owner thread: 0x00007f16580fb800
[0x00007f1658007160] Heap_lock - owner thread: 0x00000000013c6800

Heap:
 PSYoungGen      total 262656K, used 8696K [0x00000000d6900000, 0x00000000e7200000, 0x0000000100000000)
  eden space 253952K, 0% used [0x00000000d6900000,0x00000000d6900000,0x00000000e6100000)
  from space 8704K, 99% used [0x00000000e6100000,0x00000000e697e1b0,0x00000000e6980000)
  to   space 8704K, 0% used [0x00000000e6980000,0x00000000e6980000,0x00000000e7200000)
 ParOldGen       total 86016K, used 18530K [0x0000000083a00000, 0x0000000088e00000, 0x00000000d6900000)
  object space 86016K, 21% used [0x0000000083a00000,0x0000000084c18be0,0x0000000088e00000)
 Metaspace       used 14262K, capacity 14720K, committed 14848K, reserved 1062912K
  class space    used 1606K, capacity 1741K, committed 1792K, reserved 1048576K

Card table byte_map: [0x00007f16477bd000,0x00007f1647ba1000] byte_map_base: 0x00007f16473a0000

Marking Bits: (ParMarkBitMap*) 0x00007f165d3840a0
 Begin Bits: [0x00007f16434f3000, 0x00007f164540b000)
 End Bits:   [0x00007f164540b000, 0x00007f1647323000)

Polling page: 0x00007f165dfd6000

CodeCache: size=245760Kb used=7340Kb max_used=7340Kb free=238419Kb
 bounds [0x00007f1647f61000, 0x00007f1648691000, 0x00007f1656f61000]
 total_blobs=2349 nmethods=2002 adapters=260
 compilation: enabled

Compilation events (10 events):
Event: 145.710 Thread 0x00007f165813f000 2061       2       java.io.FilterOutputStream::<init> (10 bytes)
Event: 145.710 Thread 0x00007f165813f000 nmethod 2061 0x00007f1648685410 code [0x00007f1648685560, 0x00007f16486856d0]
Event: 145.710 Thread 0x00007f165813f000 2060       2       java.io.ObjectInputStream::readShort (8 bytes)
Event: 145.711 Thread 0x00007f165813f000 nmethod 2060 0x00007f1648689f50 code [0x00007f164868a0c0, 0x00007f164868a248]
Event: 145.768 Thread 0x00007f165813f000 2062 %     3       org.evosuite.graphs.cfg.ActualControlFlowGraph::knowsInstruction @ 40 (74 bytes)
Event: 145.769 Thread 0x00007f165813f000 nmethod 2062% 0x00007f164868a310 code [0x00007f164868a640, 0x00007f164868bff8]
Event: 145.769 Thread 0x00007f165813f000 2063       3       org.evosuite.graphs.cfg.ActualControlFlowGraph::knowsInstruction (74 bytes)
Event: 145.770 Thread 0x00007f165813f000 nmethod 2063 0x00007f164868cb90 code [0x00007f164868cec0, 0x00007f164868e7f8]
Event: 146.483 Thread 0x00007f165813f000 2064       2       org.evosuite.shaded.org.objectweb.asm.MethodWriter::visitCode (1 bytes)
Event: 146.483 Thread 0x00007f165813f000 nmethod 2064 0x00007f164868f390 code [0x00007f164868f4e0, 0x00007f164868f630]

GC Heap History (10 events):
Event: 139.455 GC heap after
Heap after GC invocations=5 (full 1):
 PSYoungGen      total 70656K, used 5117K [0x00000000d6900000, 0x00000000db300000, 0x0000000100000000)
  eden space 65536K, 0% used [0x00000000d6900000,0x00000000d6900000,0x00000000da900000)
  from space 5120K, 99% used [0x00000000dae00000,0x00000000db2ff7b0,0x00000000db300000)
  to   space 5120K, 0% used [0x00000000da900000,0x00000000da900000,0x00000000dae00000)
 ParOldGen       total 86016K, used 9222K [0x0000000083a00000, 0x0000000088e00000, 0x00000000d6900000)
  object space 86016K, 10% used [0x0000000083a00000,0x00000000843018c8,0x0000000088e00000)
 Metaspace       used 14101K, capacity 14586K, committed 14848K, reserved 1062912K
  class space    used 1605K, capacity 1740K, committed 1792K, reserved 1048576K
}
Event: 140.544 GC heap before
{Heap before GC invocations=6 (full 1):
 PSYoungGen      total 70656K, used 70653K [0x00000000d6900000, 0x00000000db300000, 0x0000000100000000)
  eden space 65536K, 100% used [0x00000000d6900000,0x00000000da900000,0x00000000da900000)
  from space 5120K, 99% used [0x00000000dae00000,0x00000000db2ff7b0,0x00000000db300000)
  to   space 5120K, 0% used [0x00000000da900000,0x00000000da900000,0x00000000dae00000)
 ParOldGen       total 86016K, used 9222K [0x0000000083a00000, 0x0000000088e00000, 0x00000000d6900000)
  object space 86016K, 10% used [0x0000000083a00000,0x00000000843018c8,0x0000000088e00000)
 Metaspace       used 14155K, capacity 14586K, committed 14848K, reserved 1062912K
  class space    used 1605K, capacity 1740K, committed 1792K, reserved 1048576K
Event: 140.618 GC heap after
Heap after GC invocations=6 (full 1):
 PSYoungGen      total 70656K, used 5096K [0x00000000d6900000, 0x00000000df300000, 0x0000000100000000)
  eden space 65536K, 0% used [0x00000000d6900000,0x00000000d6900000,0x00000000da900000)
  from space 5120K, 99% used [0x00000000da900000,0x00000000dadfa010,0x00000000dae00000)
  to   space 5120K, 0% used [0x00000000dee00000,0x00000000dee00000,0x00000000df300000)
 ParOldGen       total 86016K, used 12095K [0x0000000083a00000, 0x0000000088e00000, 0x00000000d6900000)
  object space 86016K, 14% used [0x0000000083a00000,0x00000000845cfd58,0x0000000088e00000)
 Metaspace       used 14155K, capacity 14586K, committed 14848K, reserved 1062912K
  class space    used 1605K, capacity 1740K, committed 1792K, reserved 1048576K
}
Event: 141.389 GC heap before
{Heap before GC invocations=7 (full 1):
 PSYoungGen      total 70656K, used 70632K [0x00000000d6900000, 0x00000000df300000, 0x0000000100000000)
  eden space 65536K, 100% used [0x00000000d6900000,0x00000000da900000,0x00000000da900000)
  from space 5120K, 99% used [0x00000000da900000,0x00000000dadfa010,0x00000000dae00000)
  to   space 5120K, 0% used [0x00000000dee00000,0x00000000dee00000,0x00000000df300000)
 ParOldGen       total 86016K, used 12095K [0x0000000083a00000, 0x0000000088e00000, 0x00000000d6900000)
  object space 86016K, 14% used [0x0000000083a00000,0x00000000845cfd58,0x0000000088e00000)
 Metaspace       used 14178K, capacity 14656K, committed 14848K, reserved 1062912K
  class space    used 1606K, capacity 1741K, committed 1792K, reserved 1048576K
Event: 141.433 GC heap after
Heap after GC invocations=7 (full 1):
 PSYoungGen      total 132096K, used 5114K [0x00000000d6900000, 0x00000000dfb00000, 0x0000000100000000)
  eden space 126976K, 0% used [0x00000000d6900000,0x00000000d6900000,0x00000000de500000)
  from space 5120K, 99% used [0x00000000dee00000,0x00000000df2fe870,0x00000000df300000)
  to   space 9216K, 0% used [0x00000000de500000,0x00000000de500000,0x00000000dee00000)
 ParOldGen       total 86016K, used 13237K [0x0000000083a00000, 0x0000000088e00000, 0x00000000d6900000)
  object space 86016K, 15% used [0x0000000083a00000,0x00000000846ed518,0x0000000088e00000)
 Metaspace       used 14178K, capacity 14656K, committed 14848K, reserved 1062912K
  class space    used 1606K, capacity 1741K, committed 1792K, reserved 1048576K
}
Event: 142.632 GC heap before
{Heap before GC invocations=8 (full 1):
 PSYoungGen      total 132096K, used 132090K [0x00000000d6900000, 0x00000000dfb00000, 0x0000000100000000)
  eden space 126976K, 100% used [0x00000000d6900000,0x00000000de500000,0x00000000de500000)
  from space 5120K, 99% used [0x00000000dee00000,0x00000000df2fe870,0x00000000df300000)
  to   space 9216K, 0% used [0x00000000de500000,0x00000000de500000,0x00000000dee00000)
 ParOldGen       total 86016K, used 13237K [0x0000000083a00000, 0x0000000088e00000, 0x00000000d6900000)
  object space 86016K, 15% used [0x0000000083a00000,0x00000000846ed518,0x0000000088e00000)
 Metaspace       used 14188K, capacity 14656K, committed 14848K, reserved 1062912K
  class space    used 1606K, capacity 1741K, committed 1792K, reserved 1048576K
Event: 142.663 GC heap after
Heap after GC invocations=8 (full 1):
 PSYoungGen      total 136192K, used 5870K [0x00000000d6900000, 0x00000000e7200000, 0x0000000100000000)
  eden space 126976K, 0% used [0x00000000d6900000,0x00000000d6900000,0x00000000de500000)
  from space 9216K, 63% used [0x00000000de500000,0x00000000deabb830,0x00000000dee00000)
  to   space 8704K, 0% used [0x00000000e6980000,0x00000000e6980000,0x00000000e7200000)
 ParOldGen       total 86016K, used 13237K [0x0000000083a00000, 0x0000000088e00000, 0x00000000d6900000)
  object space 86016K, 15% used [0x0000000083a00000,0x00000000846ed518,0x0000000088e00000)
 Metaspace       used 14188K, capacity 14656K, committed 14848K, reserved 1062912K
  class space    used 1606K, capacity 1741K, committed 1792K, reserved 1048576K
}
Event: 143.483 GC heap before
{Heap before GC invocations=9 (full 1):
 PSYoungGen      total 136192K, used 132846K [0x00000000d6900000, 0x00000000e7200000, 0x0000000100000000)
  eden space 126976K, 100% used [0x00000000d6900000,0x00000000de500000,0x00000000de500000)
  from space 9216K, 63% used [0x00000000de500000,0x00000000deabb830,0x00000000dee00000)
  to   space 8704K, 0% used [0x00000000e6980000,0x00000000e6980000,0x00000000e7200000)
 ParOldGen       total 86016K, used 13237K [0x0000000083a00000, 0x0000000088e00000, 0x00000000d6900000)
  object space 86016K, 15% used [0x0000000083a00000,0x00000000846ed518,0x0000000088e00000)
 Metaspace       used 14201K, capacity 14656K, committed 14848K, reserved 1062912K
  class space    used 1606K, capacity 1741K, committed 1792K, reserved 1048576K
Event: 143.539 GC heap after
Heap after GC invocations=9 (full 1):
 PSYoungGen      total 262656K, used 5524K [0x00000000d6900000, 0x00000000e7200000, 0x0000000100000000)
  eden space 253952K, 0% used [0x00000000d6900000,0x00000000d6900000,0x00000000e6100000)
  from space 8704K, 63% used [0x00000000e6980000,0x00000000e6ee5050,0x00000000e7200000)
  to   space 8704K, 0% used [0x00000000e6100000,0x00000000e6100000,0x00000000e6980000)
 ParOldGen       total 86016K, used 15207K [0x0000000083a00000, 0x0000000088e00000, 0x00000000d6900000)
  object space 86016K, 17% used [0x0000000083a00000,0x00000000848d9ef0,0x0000000088e00000)
 Metaspace       used 14201K, capacity 14656K, committed 14848K, reserved 1062912K
  class space    used 1606K, capacity 1741K, committed 1792K, reserved 1048576K
}
Event: 146.593 GC heap before
{Heap before GC invocations=10 (full 1):
 PSYoungGen      total 262656K, used 259476K [0x00000000d6900000, 0x00000000e7200000, 0x0000000100000000)
  eden space 253952K, 100% used [0x00000000d6900000,0x00000000e6100000,0x00000000e6100000)
  from space 8704K, 63% used [0x00000000e6980000,0x00000000e6ee5050,0x00000000e7200000)
  to   space 8704K, 0% used [0x00000000e6100000,0x00000000e6100000,0x00000000e6980000)
 ParOldGen       total 86016K, used 15207K [0x0000000083a00000, 0x0000000088e00000, 0x00000000d6900000)
  object space 86016K, 17% used [0x0000000083a00000,0x00000000848d9ef0,0x0000000088e00000)
 Metaspace       used 14262K, capacity 14720K, committed 14848K, reserved 1062912K
  class space    used 1606K, capacity 1741K, committed 1792K, reserved 1048576K

Deoptimization events (10 events):
Event: 134.869 Thread 0x00000000013c6800 Uncommon trap: reason=bimorphic action=maybe_recompile pc=0x00007f16481b7814 method=java.util.HashMap.putVal(ILjava/lang/Object;Ljava/lang/Object;ZZ)Ljava/lang/Object; @ 91
Event: 134.870 Thread 0x00000000013c6800 Uncommon trap: reason=bimorphic action=maybe_recompile pc=0x00007f16481b7814 method=java.util.HashMap.putVal(ILjava/lang/Object;Ljava/lang/Object;ZZ)Ljava/lang/Object; @ 91
Event: 134.870 Thread 0x00000000013c6800 Uncommon trap: reason=bimorphic action=maybe_recompile pc=0x00007f16481b7814 method=java.util.HashMap.putVal(ILjava/lang/Object;Ljava/lang/Object;ZZ)Ljava/lang/Object; @ 91
Event: 134.956 Thread 0x00000000013c6800 Uncommon trap: reason=unstable_if action=reinterpret pc=0x00007f1648308b3c method=java.io.ObjectStreamClass$FieldReflector.setObjFieldValues(Ljava/lang/Object;[Ljava/lang/Object;)V @ 92
Event: 134.987 Thread 0x00000000013c6800 Uncommon trap: reason=unstable_if action=reinterpret pc=0x00007f164830c540 method=java.io.ObjectStreamClass$FieldReflector.setObjFieldValues(Ljava/lang/Object;[Ljava/lang/Object;)V @ 92
Event: 137.880 Thread 0x00000000013c6800 Uncommon trap: reason=class_check action=maybe_recompile pc=0x00007f16483fd4ec method=java.util.HashMap.putVal(ILjava/lang/Object;Ljava/lang/Object;ZZ)Ljava/lang/Object; @ 203
Event: 137.880 Thread 0x00000000013c6800 Uncommon trap: reason=class_check action=maybe_recompile pc=0x00007f16483fd4ec method=java.util.HashMap.putVal(ILjava/lang/Object;Ljava/lang/Object;ZZ)Ljava/lang/Object; @ 203
Event: 137.880 Thread 0x00000000013c6800 Uncommon trap: reason=class_check action=maybe_recompile pc=0x00007f16483fd4ec method=java.util.HashMap.putVal(ILjava/lang/Object;Ljava/lang/Object;ZZ)Ljava/lang/Object; @ 203
Event: 137.941 Thread 0x00000000013c6800 Uncommon trap: reason=class_check action=maybe_recompile pc=0x00007f16483fd4ec method=java.util.HashMap.putVal(ILjava/lang/Object;Ljava/lang/Object;ZZ)Ljava/lang/Object; @ 203
Event: 144.487 Thread 0x00000000013c6800 Uncommon trap: reason=unstable_if action=reinterpret pc=0x00007f1648564974 method=org.evosuite.instrumentation.coverage.BranchInstrumentation.analyze(Ljava/lang/ClassLoader;Lorg/evosuite/shaded/org/objectweb/asm/tree/MethodNode;Ljava/lang/String;Ljava/lan

Classes redefined (0 events):
No events

Internal exceptions (10 events):
Event: 122.150 Thread 0x00007f1658293800 Exception <a 'java/net/ConnectException'> (0x00000000d6d812b8) thrown at [/HUDSON/workspace/8-2-build-linux-amd64/jdk8u181/11358/hotspot/src/share/vm/prims/jni.cpp, line 709]
Event: 132.114 Thread 0x00007f1658292000 Exception <a 'java/net/ConnectException'> (0x00000000d6cde1e0) thrown at [/HUDSON/workspace/8-2-build-linux-amd64/jdk8u181/11358/hotspot/src/share/vm/prims/jni.cpp, line 709]
Event: 132.139 Thread 0x00007f1658290800 Exception <a 'java/net/ConnectException'> (0x00000000d6d2fe60) thrown at [/HUDSON/workspace/8-2-build-linux-amd64/jdk8u181/11358/hotspot/src/share/vm/prims/jni.cpp, line 709]
Event: 132.151 Thread 0x00007f1658293800 Exception <a 'java/net/ConnectException'> (0x00000000d6d81de0) thrown at [/HUDSON/workspace/8-2-build-linux-amd64/jdk8u181/11358/hotspot/src/share/vm/prims/jni.cpp, line 709]
Event: 134.956 Thread 0x00000000013c6800 Implicit null exception at 0x00007f1648307efd to 0x00007f1648308b09
Event: 134.987 Thread 0x00000000013c6800 Implicit null exception at 0x00007f164830c238 to 0x00007f164830c519
Event: 135.515 Thread 0x00000000013c6800 Exception <a 'java/lang/NoSuchMethodError': <clinit>> (0x00000000d776a798) thrown at [/HUDSON/workspace/8-2-build-linux-amd64/jdk8u181/11358/hotspot/src/share/vm/prims/jni.cpp, line 1613]
Event: 142.114 Thread 0x00007f1658292000 Exception <a 'java/net/ConnectException'> (0x00000000dbaa7200) thrown at [/HUDSON/workspace/8-2-build-linux-amd64/jdk8u181/11358/hotspot/src/share/vm/prims/jni.cpp, line 709]
Event: 142.140 Thread 0x00007f1658290800 Exception <a 'java/net/ConnectException'> (0x00000000dbffc930) thrown at [/HUDSON/workspace/8-2-build-linux-amd64/jdk8u181/11358/hotspot/src/share/vm/prims/jni.cpp, line 709]
Event: 142.152 Thread 0x00007f1658293800 Exception <a 'java/net/ConnectException'> (0x00000000dc0caf58) thrown at [/HUDSON/workspace/8-2-build-linux-amd64/jdk8u181/11358/hotspot/src/share/vm/prims/jni.cpp, line 709]

Events (10 events):
Event: 145.613 Thread 0x00000000013c6800 DEOPT UNPACKING pc=0x00007f1647fa8784 sp=0x00007f16184eae40 mode 0
Event: 145.642 Thread 0x00000000013c6800 DEOPT PACKING pc=0x00007f16484c95be sp=0x00007f16184eaf00
Event: 145.642 Thread 0x00000000013c6800 DEOPT UNPACKING pc=0x00007f1647fa8784 sp=0x00007f16184eae18 mode 0
Event: 145.770 Thread 0x00000000013c6800 DEOPT PACKING pc=0x00007f16484a61f4 sp=0x00007f16184eae50
Event: 145.770 Thread 0x00000000013c6800 DEOPT UNPACKING pc=0x00007f1647fa8784 sp=0x00007f16184eac60 mode 0
Event: 145.827 Thread 0x00000000013c6800 DEOPT PACKING pc=0x00007f1648650181 sp=0x00007f16184eafd0
Event: 145.827 Thread 0x00000000013c6800 DEOPT UNPACKING pc=0x00007f1647fa8784 sp=0x00007f16184eae40 mode 0
Event: 146.064 Thread 0x00000000013c6800 DEOPT PACKING pc=0x00007f16484c95be sp=0x00007f16184eaf00
Event: 146.064 Thread 0x00000000013c6800 DEOPT UNPACKING pc=0x00007f1647fa8784 sp=0x00007f16184eae18 mode 0
Event: 146.593 Executing VM operation: ParallelGCFailedAllocation


Dynamic libraries:
00400000-00401000 r-xp 00000000 08:01 1448396                            /usr/lib/jvm/jdk1.8.0_181/bin/java
00600000-00601000 rw-p 00000000 08:01 1448396                            /usr/lib/jvm/jdk1.8.0_181/bin/java
013c4000-013e5000 rw-p 00000000 00:00 0                                  [heap]
83a00000-88e00000 rw-p 00000000 00:00 0 
88e00000-d6900000 ---p 00000000 00:00 0 
d6900000-e7200000 rw-p 00000000 00:00 0 
f6e00000-100000000 ---p 00000000 00:00 0 
100000000-1001c0000 rw-p 00000000 00:00 0 
1001c0000-140000000 ---p 00000000 00:00 0 
7f1600000000-7f1600021000 rw-p 00000000 00:00 0 
7f1600021000-7f1604000000 ---p 00000000 00:00 0 
7f1607e00000-7f1607ec0000 rw-p 00000000 00:00 0 
7f1607ec0000-7f1608000000 ---p 00000000 00:00 0 
7f1608000000-7f1608021000 rw-p 00000000 00:00 0 
7f1608021000-7f160c000000 ---p 00000000 00:00 0 
7f160c000000-7f160c021000 rw-p 00000000 00:00 0 
7f160c021000-7f1610000000 ---p 00000000 00:00 0 
7f1610000000-7f1610021000 rw-p 00000000 00:00 0 
7f1610021000-7f1614000000 ---p 00000000 00:00 0 
7f1614000000-7f1614021000 rw-p 00000000 00:00 0 
7f1614021000-7f1618000000 ---p 00000000 00:00 0 
7f16181f3000-7f16183f3000 rw-p 00000000 00:00 0 
7f16183f3000-7f16183f6000 ---p 00000000 00:00 0 
7f16183f6000-7f16184f4000 rw-p 00000000 00:00 0 
7f16184f4000-7f16184f7000 ---p 00000000 00:00 0 
7f16184f7000-7f16185f5000 rw-p 00000000 00:00 0 
7f16185f5000-7f16185f8000 ---p 00000000 00:00 0 
7f16185f8000-7f16186f6000 rw-p 00000000 00:00 0 
7f16186f6000-7f16186f9000 ---p 00000000 00:00 0 
7f16186f9000-7f16187f7000 rw-p 00000000 00:00 0 
7f16187f7000-7f16187fa000 ---p 00000000 00:00 0 
7f16187fa000-7f16188f8000 rw-p 00000000 00:00 0 
7f16188f8000-7f16188fb000 ---p 00000000 00:00 0 
7f16188fb000-7f16189f9000 rw-p 00000000 00:00 0 
7f16189f9000-7f16189fc000 ---p 00000000 00:00 0 
7f16189fc000-7f1618afa000 rw-p 00000000 00:00 0 
7f1618afa000-7f1618afd000 ---p 00000000 00:00 0 
7f1618afd000-7f1618bfb000 rw-p 00000000 00:00 0 
7f1618bfb000-7f1618bfe000 ---p 00000000 00:00 0 
7f1618bfe000-7f1618cfc000 rw-p 00000000 00:00 0 
7f1618cfc000-7f1618cff000 ---p 00000000 00:00 0 
7f1618cff000-7f1618dfd000 rw-p 00000000 00:00 0 
7f1618dfd000-7f1618e00000 ---p 00000000 00:00 0 
7f1618e00000-7f1618efe000 rw-p 00000000 00:00 0 
7f1618efe000-7f1618f01000 ---p 00000000 00:00 0 
7f1618f01000-7f161c000000 rw-p 00000000 00:00 0 
7f161c000000-7f161cbe4000 rw-p 00000000 00:00 0 
7f161cbe4000-7f1620000000 ---p 00000000 00:00 0 
7f1620000000-7f1620021000 rw-p 00000000 00:00 0 
7f1620021000-7f1624000000 ---p 00000000 00:00 0 
7f1624000000-7f1624021000 rw-p 00000000 00:00 0 
7f1624021000-7f1628000000 ---p 00000000 00:00 0 
7f1628000000-7f16290d9000 rw-p 00000000 00:00 0 
7f16290d9000-7f162c000000 ---p 00000000 00:00 0 
7f162c000000-7f162c021000 rw-p 00000000 00:00 0 
7f162c021000-7f1630000000 ---p 00000000 00:00 0 
7f1630000000-7f163003b000 rw-p 00000000 00:00 0 
7f163003b000-7f1634000000 ---p 00000000 00:00 0 
7f1634000000-7f16341f8000 rw-p 00000000 00:00 0 
7f16341f8000-7f1638000000 ---p 00000000 00:00 0 
7f1638000000-7f1638292000 rw-p 00000000 00:00 0 
7f1638292000-7f163c000000 ---p 00000000 00:00 0 
7f163c000000-7f163c021000 rw-p 00000000 00:00 0 
7f163c021000-7f1640000000 ---p 00000000 00:00 0 
7f1640054000-7f1640067000 r--s 00345000 08:01 2756119                    /usr/lib/jvm/jdk1.8.0_181/jre/lib/resources.jar
7f1640067000-7f164006a000 ---p 00000000 00:00 0 
7f164006a000-7f16400a0000 rw-p 00000000 00:00 0 
7f16400a0000-7f16400a3000 ---p 00000000 00:00 0 
7f16400a3000-7f16401a1000 rw-p 00000000 00:00 0 
7f16401a1000-7f16401a4000 ---p 00000000 00:00 0 
7f16401a4000-7f16404a2000 rw-p 00000000 00:00 0 
7f16404a2000-7f164051b000 r--s 010f9000 08:01 1448503                    /usr/lib/jvm/jdk1.8.0_181/lib/tools.jar
7f164051b000-7f164051e000 ---p 00000000 00:00 0 
7f164051e000-7f164061c000 rw-p 00000000 00:00 0 
7f164061c000-7f164061f000 ---p 00000000 00:00 0 
7f164061f000-7f164071d000 rw-p 00000000 00:00 0 
7f164071d000-7f1640720000 ---p 00000000 00:00 0 
7f1640720000-7f164081e000 rw-p 00000000 00:00 0 
7f164081e000-7f1640834000 r-xp 00000000 08:01 2756237                    /usr/lib/jvm/jdk1.8.0_181/jre/lib/amd64/libnet.so
7f1640834000-7f1640a34000 ---p 00016000 08:01 2756237                    /usr/lib/jvm/jdk1.8.0_181/jre/lib/amd64/libnet.so
7f1640a34000-7f1640a35000 rw-p 00016000 08:01 2756237                    /usr/lib/jvm/jdk1.8.0_181/jre/lib/amd64/libnet.so
7f1640a35000-7f1640c66000 r--s 01bb1000 08:01 1706762                    /home/whj/dowork/DiffTGen/lib/evosuite-1.0.6.jar
7f1640c66000-7f1640c67000 ---p 00000000 00:00 0 
7f1640c67000-7f1640d67000 rw-p 00000000 00:00 0 
7f1640d67000-7f1640d6a000 ---p 00000000 00:00 0 
7f1640d6a000-7f1640e68000 rw-p 00000000 00:00 0 
7f1640e68000-7f1640e6b000 ---p 00000000 00:00 0 
7f1640e6b000-7f1640f69000 rw-p 00000000 00:00 0 
7f1640f69000-7f1640f6c000 ---p 00000000 00:00 0 
7f1640f6c000-7f164106a000 rw-p 00000000 00:00 0 
7f164106a000-7f164106d000 ---p 00000000 00:00 0 
7f164106d000-7f164116b000 rw-p 00000000 00:00 0 
7f164116b000-7f1641b2a000 r--p 00000000 08:01 1316108                    /usr/lib/locale/locale-archive
7f1641b2a000-7f1641b2d000 ---p 00000000 00:00 0 
7f1641b2d000-7f1641c2b000 rw-p 00000000 00:00 0 
7f1641c2b000-7f1641c2e000 ---p 00000000 00:00 0 
7f1641c2e000-7f1641d2c000 rw-p 00000000 00:00 0 
7f1641d2c000-7f1641d2d000 ---p 00000000 00:00 0 
7f1641d2d000-7f1642736000 rw-p 00000000 00:00 0 
7f1642736000-7f1642910000 r--s 03d6b000 08:01 2756084                    /usr/lib/jvm/jdk1.8.0_181/jre/lib/rt.jar
7f1642910000-7f1647323000 rw-p 00000000 00:00 0 
7f1647323000-7f1647324000 ---p 00000000 00:00 0 
7f1647324000-7f1647424000 rw-p 00000000 00:00 0 
7f1647424000-7f1647425000 ---p 00000000 00:00 0 
7f1647425000-7f164754f000 rw-p 00000000 00:00 0 
7f164754f000-7f16477bd000 ---p 00000000 00:00 0 
7f16477bd000-7f16477e7000 rw-p 00000000 00:00 0 
7f16477e7000-7f1647a54000 ---p 00000000 00:00 0 
7f1647a54000-7f1647ad9000 rw-p 00000000 00:00 0 
7f1647ad9000-7f1647ba0000 ---p 00000000 00:00 0 
7f1647ba0000-7f1647bbe000 rw-p 00000000 00:00 0 
7f1647bbe000-7f1647f61000 ---p 00000000 00:00 0 
7f1647f61000-7f1648691000 rwxp 00000000 00:00 0 
7f1648691000-7f1656f61000 ---p 00000000 00:00 0 
7f1656f61000-7f1656f7c000 r-xp 00000000 08:01 2756233                    /usr/lib/jvm/jdk1.8.0_181/jre/lib/amd64/libzip.so
7f1656f7c000-7f165717c000 ---p 0001b000 08:01 2756233                    /usr/lib/jvm/jdk1.8.0_181/jre/lib/amd64/libzip.so
7f165717c000-7f165717d000 rw-p 0001b000 08:01 2756233                    /usr/lib/jvm/jdk1.8.0_181/jre/lib/amd64/libzip.so
7f165717d000-7f1657188000 r-xp 00000000 08:01 1054188                    /lib/x86_64-linux-gnu/libnss_files-2.23.so
7f1657188000-7f1657387000 ---p 0000b000 08:01 1054188                    /lib/x86_64-linux-gnu/libnss_files-2.23.so
7f1657387000-7f1657388000 r--p 0000a000 08:01 1054188                    /lib/x86_64-linux-gnu/libnss_files-2.23.so
7f1657388000-7f1657389000 rw-p 0000b000 08:01 1054188                    /lib/x86_64-linux-gnu/libnss_files-2.23.so
7f1657389000-7f165738f000 rw-p 00000000 00:00 0 
7f165738f000-7f165739a000 r-xp 00000000 08:01 1054198                    /lib/x86_64-linux-gnu/libnss_nis-2.23.so
7f165739a000-7f1657599000 ---p 0000b000 08:01 1054198                    /lib/x86_64-linux-gnu/libnss_nis-2.23.so
7f1657599000-7f165759a000 r--p 0000a000 08:01 1054198                    /lib/x86_64-linux-gnu/libnss_nis-2.23.so
7f165759a000-7f165759b000 rw-p 0000b000 08:01 1054198                    /lib/x86_64-linux-gnu/libnss_nis-2.23.so
7f165759b000-7f16575b1000 r-xp 00000000 08:01 1054182                    /lib/x86_64-linux-gnu/libnsl-2.23.so
7f16575b1000-7f16577b0000 ---p 00016000 08:01 1054182                    /lib/x86_64-linux-gnu/libnsl-2.23.so
7f16577b0000-7f16577b1000 r--p 00015000 08:01 1054182                    /lib/x86_64-linux-gnu/libnsl-2.23.so
7f16577b1000-7f16577b2000 rw-p 00016000 08:01 1054182                    /lib/x86_64-linux-gnu/libnsl-2.23.so
7f16577b2000-7f16577b4000 rw-p 00000000 00:00 0 
7f16577b4000-7f16577bc000 r-xp 00000000 08:01 1054184                    /lib/x86_64-linux-gnu/libnss_compat-2.23.so
7f16577bc000-7f16579bb000 ---p 00008000 08:01 1054184                    /lib/x86_64-linux-gnu/libnss_compat-2.23.so
7f16579bb000-7f16579bc000 r--p 00007000 08:01 1054184                    /lib/x86_64-linux-gnu/libnss_compat-2.23.so
7f16579bc000-7f16579bd000 rw-p 00008000 08:01 1054184                    /lib/x86_64-linux-gnu/libnss_compat-2.23.so
7f16579bd000-7f16579e8000 r-xp 00000000 08:01 2756227                    /usr/lib/jvm/jdk1.8.0_181/jre/lib/amd64/libjava.so
7f16579e8000-7f1657be7000 ---p 0002b000 08:01 2756227                    /usr/lib/jvm/jdk1.8.0_181/jre/lib/amd64/libjava.so
7f1657be7000-7f1657be9000 rw-p 0002a000 08:01 2756227                    /usr/lib/jvm/jdk1.8.0_181/jre/lib/amd64/libjava.so
7f1657be9000-7f1657bf6000 r-xp 00000000 08:01 2756232                    /usr/lib/jvm/jdk1.8.0_181/jre/lib/amd64/libverify.so
7f1657bf6000-7f1657df6000 ---p 0000d000 08:01 2756232                    /usr/lib/jvm/jdk1.8.0_181/jre/lib/amd64/libverify.so
7f1657df6000-7f1657df8000 rw-p 0000d000 08:01 2756232                    /usr/lib/jvm/jdk1.8.0_181/jre/lib/amd64/libverify.so
7f1657df8000-7f1657dff000 r-xp 00000000 08:01 1054243                    /lib/x86_64-linux-gnu/librt-2.23.so
7f1657dff000-7f1657ffe000 ---p 00007000 08:01 1054243                    /lib/x86_64-linux-gnu/librt-2.23.so
7f1657ffe000-7f1657fff000 r--p 00006000 08:01 1054243                    /lib/x86_64-linux-gnu/librt-2.23.so
7f1657fff000-7f1658000000 rw-p 00007000 08:01 1054243                    /lib/x86_64-linux-gnu/librt-2.23.so
7f1658000000-7f165846c000 rw-p 00000000 00:00 0 
7f165846c000-7f165c000000 ---p 00000000 00:00 0 
7f165c004000-7f165c020000 r--s 00393000 08:01 2756136                    /usr/lib/jvm/jdk1.8.0_181/jre/lib/ext/cldrdata.jar
7f165c020000-7f165c031000 r--s 00161000 08:01 7122                       /home/whj/dowork/DiffTGen/extra_output/Chart_4_1_sofix/target/build/classes/all0.jar
7f165c031000-7f165c0a7000 rw-p 00000000 00:00 0 
7f165c0a7000-7f165c1af000 r-xp 00000000 08:01 1054159                    /lib/x86_64-linux-gnu/libm-2.23.so
7f165c1af000-7f165c3ae000 ---p 00108000 08:01 1054159                    /lib/x86_64-linux-gnu/libm-2.23.so
7f165c3ae000-7f165c3af000 r--p 00107000 08:01 1054159                    /lib/x86_64-linux-gnu/libm-2.23.so
7f165c3af000-7f165c3b0000 rw-p 00108000 08:01 1054159                    /lib/x86_64-linux-gnu/libm-2.23.so
7f165c3b0000-7f165d08c000 r-xp 00000000 08:01 2756209                    /usr/lib/jvm/jdk1.8.0_181/jre/lib/amd64/server/libjvm.so
7f165d08c000-7f165d28c000 ---p 00cdc000 08:01 2756209                    /usr/lib/jvm/jdk1.8.0_181/jre/lib/amd64/server/libjvm.so
7f165d28c000-7f165d366000 rw-p 00cdc000 08:01 2756209                    /usr/lib/jvm/jdk1.8.0_181/jre/lib/amd64/server/libjvm.so
7f165d366000-7f165d3b1000 rw-p 00000000 00:00 0 
7f165d3b1000-7f165d571000 r-xp 00000000 08:01 1054089                    /lib/x86_64-linux-gnu/libc-2.23.so
7f165d571000-7f165d771000 ---p 001c0000 08:01 1054089                    /lib/x86_64-linux-gnu/libc-2.23.so
7f165d771000-7f165d775000 r--p 001c0000 08:01 1054089                    /lib/x86_64-linux-gnu/libc-2.23.so
7f165d775000-7f165d777000 rw-p 001c4000 08:01 1054089                    /lib/x86_64-linux-gnu/libc-2.23.so
7f165d777000-7f165d77b000 rw-p 00000000 00:00 0 
7f165d77b000-7f165d77e000 r-xp 00000000 08:01 1054113                    /lib/x86_64-linux-gnu/libdl-2.23.so
7f165d77e000-7f165d97d000 ---p 00003000 08:01 1054113                    /lib/x86_64-linux-gnu/libdl-2.23.so
7f165d97d000-7f165d97e000 r--p 00002000 08:01 1054113                    /lib/x86_64-linux-gnu/libdl-2.23.so
7f165d97e000-7f165d97f000 rw-p 00003000 08:01 1054113                    /lib/x86_64-linux-gnu/libdl-2.23.so
7f165d97f000-7f165d995000 r-xp 00000000 08:01 1449032                    /usr/lib/jvm/jdk1.8.0_181/lib/amd64/jli/libjli.so
7f165d995000-7f165db94000 ---p 00016000 08:01 1449032                    /usr/lib/jvm/jdk1.8.0_181/lib/amd64/jli/libjli.so
7f165db94000-7f165db95000 rw-p 00015000 08:01 1449032                    /usr/lib/jvm/jdk1.8.0_181/lib/amd64/jli/libjli.so
7f165db95000-7f165dbad000 r-xp 00000000 08:01 1054235                    /lib/x86_64-linux-gnu/libpthread-2.23.so
7f165dbad000-7f165ddac000 ---p 00018000 08:01 1054235                    /lib/x86_64-linux-gnu/libpthread-2.23.so
7f165ddac000-7f165ddad000 r--p 00017000 08:01 1054235                    /lib/x86_64-linux-gnu/libpthread-2.23.so
7f165ddad000-7f165ddae000 rw-p 00018000 08:01 1054235                    /lib/x86_64-linux-gnu/libpthread-2.23.so
7f165ddae000-7f165ddb2000 rw-p 00000000 00:00 0 
7f165ddb2000-7f165ddd8000 r-xp 00000000 08:01 1054061                    /lib/x86_64-linux-gnu/ld-2.23.so
7f165ddde000-7f165dde8000 r--s 00116000 08:01 2756143                    /usr/lib/jvm/jdk1.8.0_181/jre/lib/ext/localedata.jar
7f165dde8000-7f165deb9000 rw-p 00000000 00:00 0 
7f165deb9000-7f165debc000 ---p 00000000 00:00 0 
7f165debc000-7f165dfbf000 rw-p 00000000 00:00 0 
7f165dfbf000-7f165dfc4000 r--s 0009d000 08:01 2756133                    /usr/lib/jvm/jdk1.8.0_181/jre/lib/jsse.jar
7f165dfc4000-7f165dfcc000 r--s 0006e000 08:01 2248917                    /home/whj/dowork/DiffTGen/lib/commons-lang3-3.5.jar
7f165dfcc000-7f165dfcd000 r--s 00000000 08:01 2248922                    /home/whj/dowork/DiffTGen/lib/myprinter.jar
7f165dfcd000-7f165dfd5000 rw-s 00000000 08:01 1984692                    /tmp/hsperfdata_whj/51268
7f165dfd5000-7f165dfd6000 rw-p 00000000 00:00 0 
7f165dfd6000-7f165dfd7000 ---p 00000000 00:00 0 
7f165dfd7000-7f165dfd8000 r--p 00025000 08:01 1054061                    /lib/x86_64-linux-gnu/ld-2.23.so
7f165dfd8000-7f165dfd9000 rw-p 00026000 08:01 1054061                    /lib/x86_64-linux-gnu/ld-2.23.so
7f165dfd9000-7f165dfda000 rw-p 00000000 00:00 0 
7ffd3f22e000-7ffd3f250000 rw-p 00000000 00:00 0                          [stack]
7ffd3f39a000-7ffd3f39d000 r--p 00000000 00:00 0                          [vvar]
7ffd3f39d000-7ffd3f39f000 r-xp 00000000 00:00 0                          [vdso]
ffffffffff600000-ffffffffff601000 r-xp 00000000 00:00 0                  [vsyscall]

VM Arguments:
java_command: /home/whj/dowork/DiffTGen/lib/evosuite-1.0.6.jar -base_dir /home/whj/dowork/DiffTGen/extra_output/Chart_4_1_sofix/target/0/17 -projectCP /home/whj/dowork/DiffTGen/extra_output/Chart_4_1_sofix/target/build/classes/all0.jar:/home/whj/dowork/DiffTGen/lib/myprinter.jar:/home/whj/dowork/DiffTGen/lib/commons-lang3-3.5.jar -class org.jfree.chart.plot.XYPlot -Dassertions=false -Dsearch_budget=60
java_class_path (initial): /home/whj/dowork/DiffTGen/lib/evosuite-1.0.6.jar
Launcher Type: SUN_STANDARD

Environment Variables:
JAVA_HOME=/usr/lib/jvm/jdk1.8.0_181
JRE_HOME=/usr/lib/jvm/jdk1.8.0_181/jre
CLASSPATH=.:/usr/lib/jvm/jdk1.8.0_181/lib:/usr/lib/jvm/jdk1.8.0_181/jre/lib
PATH=/home/whj/perl5/bin:/home/whj/dowork/defects4j-1.2.0/framework/bin:/usr/lib/jvm/jdk1.8.0_181/bin:/usr/lib/jvm/jdk1.8.0_181/jre/bin:/home/whj/bin:/home/whj/.local/bin:/usr/local/sbin:/usr/local/bin:/usr/sbin:/usr/bin:/sbin:/bin:/usr/games:/usr/local/games" :/snap/bin:/home/whj/bin
SHELL=/bin/bash
DISPLAY=:0

Signal Handlers:
SIGSEGV: [libjvm.so+0xad2a40], sa_mask[0]=11111111011111111101111111111110, sa_flags=SA_RESTART|SA_SIGINFO
SIGBUS: [libjvm.so+0xad2a40], sa_mask[0]=11111111011111111101111111111110, sa_flags=SA_RESTART|SA_SIGINFO
SIGFPE: [libjvm.so+0x92a610], sa_mask[0]=11111111011111111101111111111110, sa_flags=SA_RESTART|SA_SIGINFO
SIGPIPE: [libjvm.so+0x92a610], sa_mask[0]=11111111011111111101111111111110, sa_flags=SA_RESTART|SA_SIGINFO
SIGXFSZ: [libjvm.so+0x92a610], sa_mask[0]=11111111011111111101111111111110, sa_flags=SA_RESTART|SA_SIGINFO
SIGILL: [libjvm.so+0x92a610], sa_mask[0]=11111111011111111101111111111110, sa_flags=SA_RESTART|SA_SIGINFO
SIGUSR1: SIG_DFL, sa_mask[0]=00000000000000000000000000000000, sa_flags=none
SIGUSR2: [libjvm.so+0x92be70], sa_mask[0]=00100000000000000000000000000000, sa_flags=SA_RESTART|SA_SIGINFO
SIGHUP: [libjvm.so+0x92d270], sa_mask[0]=11111111011111111101111111111110, sa_flags=SA_RESTART|SA_SIGINFO
SIGINT: [libjvm.so+0x92d270], sa_mask[0]=11111111011111111101111111111110, sa_flags=SA_RESTART|SA_SIGINFO
SIGTERM: [libjvm.so+0x92d270], sa_mask[0]=11111111011111111101111111111110, sa_flags=SA_RESTART|SA_SIGINFO
SIGQUIT: [libjvm.so+0x92d270], sa_mask[0]=11111111011111111101111111111110, sa_flags=SA_RESTART|SA_SIGINFO


---------------  S Y S T E M  ---------------

OS:DISTRIB_ID=Ubuntu
DISTRIB_RELEASE=16.04
DISTRIB_CODENAME=xenial
DISTRIB_DESCRIPTION="Ubuntu 16.04.6 LTS"

uname:Linux 4.15.0-91-generic #92~16.04.1-Ubuntu SMP Fri Feb 28 14:57:22 UTC 2020 x86_64
libc:glibc 2.23 NPTL 2.23 
rlimit: STACK 8192k, CORE 0k, NPROC 31576, NOFILE 1048576, AS infinity
load average:15.74 14.13 13.78

/proc/meminfo:
MemTotal:        8144704 kB
MemFree:          137896 kB
MemAvailable:      42876 kB
Buffers:            2960 kB
Cached:            50736 kB
SwapCached:        21228 kB
Active:          7301412 kB
Inactive:         221360 kB
Active(anon):    7266136 kB
Inactive(anon):   204928 kB
Active(file):      35276 kB
Inactive(file):    16432 kB
Unevictable:          32 kB
Mlocked:              32 kB
SwapTotal:        998396 kB
SwapFree:          19352 kB
Dirty:               372 kB
Writeback:           116 kB
AnonPages:       7448196 kB
Mapped:            38396 kB
Shmem:              1932 kB
Slab:              93992 kB
SReclaimable:      31888 kB
SUnreclaim:        62104 kB
KernelStack:       15472 kB
PageTables:        47880 kB
NFS_Unstable:          0 kB
Bounce:                0 kB
WritebackTmp:          0 kB
CommitLimit:     5070748 kB
Committed_AS:   14027648 kB
VmallocTotal:   34359738367 kB
VmallocUsed:           0 kB
VmallocChunk:          0 kB
HardwareCorrupted:     0 kB
AnonHugePages:         0 kB
ShmemHugePages:        0 kB
ShmemPmdMapped:        0 kB
CmaTotal:              0 kB
CmaFree:               0 kB
HugePages_Total:       0
HugePages_Free:        0
HugePages_Rsvd:        0
HugePages_Surp:        0
Hugepagesize:       2048 kB
DirectMap4k:      143168 kB
DirectMap2M:     8245248 kB
DirectMap1G:     2097152 kB


CPU:total 2 (initial active 2) (2 cores per cpu, 1 threads per core) family 6 model 158 stepping 10, cmov, cx8, fxsr, mmx, sse, sse2, sse3, ssse3, sse4.1, sse4.2, popcnt, avx, avx2, aes, clmul, erms, 3dnowpref, lzcnt, tsc, tscinvbit, bmi1, bmi2, adx

/proc/cpuinfo:
processor	: 0
vendor_id	: GenuineIntel
cpu family	: 6
model		: 158
model name	: Intel(R) Core(TM) i7-8750H CPU @ 2.20GHz
stepping	: 10
microcode	: 0x96
cpu MHz		: 2207.999
cache size	: 9216 KB
physical id	: 0
siblings	: 2
core id		: 0
cpu cores	: 2
apicid		: 0
initial apicid	: 0
fpu		: yes
fpu_exception	: yes
cpuid level	: 22
wp		: yes
flags		: fpu vme de pse tsc msr pae mce cx8 apic sep mtrr pge mca cmov pat pse36 clflush mmx fxsr sse sse2 ss ht syscall nx pdpe1gb rdtscp lm constant_tsc arch_perfmon nopl xtopology tsc_reliable nonstop_tsc cpuid pni pclmulqdq ssse3 fma cx16 pcid sse4_1 sse4_2 x2apic movbe popcnt tsc_deadline_timer aes xsave avx f16c rdrand hypervisor lahf_lm abm 3dnowprefetch cpuid_fault invpcid_single pti ssbd ibrs ibpb stibp fsgsbase tsc_adjust bmi1 avx2 smep bmi2 invpcid rdseed adx smap xsaveopt arat flush_l1d arch_capabilities
bugs		: cpu_meltdown spectre_v1 spectre_v2 spec_store_bypass l1tf mds swapgs itlb_multihit
bogomips	: 4415.99
clflush size	: 64
cache_alignment	: 64
address sizes	: 42 bits physical, 48 bits virtual
power management:

processor	: 1
vendor_id	: GenuineIntel
cpu family	: 6
model		: 158
model name	: Intel(R) Core(TM) i7-8750H CPU @ 2.20GHz
stepping	: 10
microcode	: 0x96
cpu MHz		: 2207.999
cache size	: 9216 KB
physical id	: 0
siblings	: 2
core id		: 1
cpu cores	: 2
apicid		: 1
initial apicid	: 1
fpu		: yes
fpu_exception	: yes
cpuid level	: 22
wp		: yes
flags		: fpu vme de pse tsc msr pae mce cx8 apic sep mtrr pge mca cmov pat pse36 clflush mmx fxsr sse sse2 ss ht syscall nx pdpe1gb rdtscp lm constant_tsc arch_perfmon nopl xtopology tsc_reliable nonstop_tsc cpuid pni pclmulqdq ssse3 fma cx16 pcid sse4_1 sse4_2 x2apic movbe popcnt tsc_deadline_timer aes xsave avx f16c rdrand hypervisor lahf_lm abm 3dnowprefetch cpuid_fault invpcid_single pti ssbd ibrs ibpb stibp fsgsbase tsc_adjust bmi1 avx2 smep bmi2 invpcid rdseed adx smap xsaveopt arat flush_l1d arch_capabilities
bugs		: cpu_meltdown spectre_v1 spectre_v2 spec_store_bypass l1tf mds swapgs itlb_multihit
bogomips	: 4415.99
clflush size	: 64
cache_alignment	: 64
address sizes	: 42 bits physical, 48 bits virtual
power management:



Memory: 4k page, physical 8144704k(137896k free), swap 998396k(19096k free)

vm_info: Java HotSpot(TM) 64-Bit Server VM (25.181-b13) for linux-amd64 JRE (1.8.0_181-b13), built on Jul  7 2018 00:56:38 by "java_re" with gcc 4.3.0 20080428 (Red Hat 4.3.0-8)

time: Sat Mar 28 19:57:56 2020
elapsed time: 146 seconds (0d 0h 2m 26s)

