#
# There is insufficient memory for the Java Runtime Environment to continue.
# Native memory allocation (mmap) failed to map 253755392 bytes for committing reserved memory.
# Possible reasons:
#   The system is out of physical RAM or swap space
#   In 32 bit mode, the process size limit was hit
# Possible solutions:
#   Reduce memory load on the system
#   Increase physical memory or swap space
#   Check if swap backing store is full
#   Use 64 bit Java on a 64 bit OS
#   Decrease Java heap size (-Xmx/-Xms)
#   Decrease number of Java threads
#   Decrease Java thread stack sizes (-Xss)
#   Set larger code cache with -XX:ReservedCodeCacheSize=
# This output file may be truncated or incomplete.
#
#  Out of Memory Error (os_linux.cpp:2640), pid=47715, tid=0x00007f4c602c8700
#
# JRE version: Java(TM) SE Runtime Environment (8.0_181-b13) (build 1.8.0_181-b13)
# Java VM: Java HotSpot(TM) 64-Bit Server VM (25.181-b13 mixed mode linux-amd64 compressed oops)
# Failed to write core dump. Core dumps have been disabled. To enable core dumping, try "ulimit -c unlimited" before starting Java again
#

---------------  T H R E A D  ---------------

Current thread (0x00007f4c740fb800):  VMThread [stack: 0x00007f4c601c8000,0x00007f4c602c9000] [id=47744]

Stack: [0x00007f4c601c8000,0x00007f4c602c9000],  sp=0x00007f4c602c7280,  free space=1020k
Native frames: (J=compiled Java code, j=interpreted, Vv=VM code, C=native code)
V  [libjvm.so+0xad21aa]  VMError::report_and_die()+0x2ba
V  [libjvm.so+0x5022db]  report_vm_out_of_memory(char const*, int, unsigned long, VMErrorType, char const*)+0x8b
V  [libjvm.so+0x92fe33]  os::Linux::commit_memory_impl(char*, unsigned long, bool)+0x123
V  [libjvm.so+0x930059]  os::pd_commit_memory(char*, unsigned long, unsigned long, bool)+0x29
V  [libjvm.so+0x9272ba]  os::commit_memory(char*, unsigned long, unsigned long, bool)+0x2a
V  [libjvm.so+0x99d2e3]  PSVirtualSpace::expand_by(unsigned long)+0x53
V  [libjvm.so+0x99e6e8]  PSYoungGen::resize_generation(unsigned long, unsigned long)+0xf8
V  [libjvm.so+0x99d842]  PSYoungGen::resize(unsigned long, unsigned long)+0x22
V  [libjvm.so+0x99ab1b]  PSScavenge::invoke_no_policy()+0xf3b
V  [libjvm.so+0x995dc5]  PSParallelCompact::invoke(bool)+0x85
V  [libjvm.so+0x488e34]  CollectedHeap::collect_as_vm_thread(GCCause::Cause)+0x114
V  [libjvm.so+0xad3631]  VM_CollectForMetadataAllocation::doit()+0x161
V  [libjvm.so+0xadb745]  VM_Operation::evaluate()+0x55
V  [libjvm.so+0xad9b0a]  VMThread::evaluate_operation(VM_Operation*)+0xba
V  [libjvm.so+0xad9e8e]  VMThread::loop()+0x1ce
V  [libjvm.so+0xada300]  VMThread::run()+0x70
V  [libjvm.so+0x930198]  java_start(Thread*)+0x108

VM_Operation (0x00007f4c519dbfa0): CollectForMetadataAllocation, mode: safepoint, requested by thread 0x0000000001d4d800


---------------  P R O C E S S  ---------------

Java Threads: ( => current thread )
  0x0000000001d4f000 JavaThread "RMI TCP Connection(6)-127.0.0.1" daemon [_thread_blocked, id=48151, stack(0x00007f4c50fe1000,0x00007f4c510e2000)]
  0x0000000001d4d800 JavaThread "RMI TCP Connection(4)-127.0.0.1" daemon [_thread_blocked, id=48033, stack(0x00007f4c518e2000,0x00007f4c519e3000)]
  0x00007f4c48040000 JavaThread "RMI Scheduler(0)" daemon [_thread_blocked, id=48028, stack(0x00007f4c519e3000,0x00007f4c51ae4000)]
  0x00007f4c48032800 JavaThread "RMI RenewClean-[127.0.0.1:15336]" daemon [_thread_blocked, id=48013, stack(0x00007f4c51ae4000,0x00007f4c51be5000)]
  0x00007f4c1c001800 JavaThread "RMI TCP Connection(5)-127.0.0.1" daemon [_thread_in_native, id=47997, stack(0x00007f4c51be5000,0x00007f4c51ce6000)]
  0x00007f4c24005000 JavaThread "pool-3-thread-3" [_thread_in_native, id=47957, stack(0x00007f4c51ce6000,0x00007f4c51de7000)]
  0x00007f4c24003800 JavaThread "pool-3-thread-2" [_thread_in_native, id=47956, stack(0x00007f4c51de7000,0x00007f4c51ee8000)]
  0x00007f4c24002800 JavaThread "pool-3-thread-1" [_thread_in_native, id=47952, stack(0x00007f4c51ee8000,0x00007f4c51fe9000)]
  0x00007f4c7436b800 JavaThread "Thread-3" [_thread_in_native, id=47854, stack(0x00007f4c51fe9000,0x00007f4c520ea000)]
  0x00007f4c7436a000 JavaThread "Thread-2" [_thread_in_native, id=47847, stack(0x00007f4c520ea000,0x00007f4c521eb000)]
  0x00007f4c74368000 JavaThread "process reaper" daemon [_thread_in_native, id=47841, stack(0x00007f4c7802a000,0x00007f4c78063000)]
  0x00007f4c74362800 JavaThread "pool-2-thread-1" [_thread_in_native, id=47825, stack(0x00007f4c521eb000,0x00007f4c522ec000)]
  0x00007f4c74360800 JavaThread "GC Daemon" daemon [_thread_blocked, id=47824, stack(0x00007f4c522ec000,0x00007f4c523ed000)]
  0x00007f4c7435d800 JavaThread "RMI Reaper" [_thread_blocked, id=47820, stack(0x00007f4c523ed000,0x00007f4c524ee000)]
  0x00007f4c74354800 JavaThread "RMI TCP Accept-20019" daemon [_thread_in_native, id=47818, stack(0x00007f4c524ee000,0x00007f4c525ef000)]
  0x00007f4c7434f800 JavaThread "RMI TCP Accept-7175" daemon [_thread_in_native, id=47814, stack(0x00007f4c525ef000,0x00007f4c526f0000)]
  0x00007f4c74293800 JavaThread "logback-3" daemon [_thread_blocked, id=47808, stack(0x00007f4c528f0000,0x00007f4c529f1000)]
  0x00007f4c74292000 JavaThread "logback-2" daemon [_thread_blocked, id=47807, stack(0x00007f4c529f1000,0x00007f4c52af2000)]
  0x00007f4c74290800 JavaThread "logback-1" daemon [_thread_blocked, id=47796, stack(0x00007f4c52af2000,0x00007f4c52bf3000)]
  0x00007f4c74142000 JavaThread "Service Thread" daemon [_thread_blocked, id=47786, stack(0x00007f4c5313c000,0x00007f4c5323d000)]
  0x00007f4c7413f000 JavaThread "C1 CompilerThread1" daemon [_thread_blocked, id=47782, stack(0x00007f4c5323d000,0x00007f4c5333e000)]
  0x00007f4c7413c000 JavaThread "C2 CompilerThread0" daemon [_thread_blocked, id=47777, stack(0x00007f4c5333e000,0x00007f4c5343f000)]
  0x00007f4c7413a800 JavaThread "Signal Dispatcher" daemon [_thread_blocked, id=47771, stack(0x00007f4c5343f000,0x00007f4c53540000)]
  0x00007f4c74107800 JavaThread "Finalizer" daemon [_thread_blocked, id=47754, stack(0x00007f4c53eff000,0x00007f4c54000000)]
  0x00007f4c74105000 JavaThread "Reference Handler" daemon [_thread_blocked, id=47749, stack(0x00007f4c600c7000,0x00007f4c601c8000)]
  0x00007f4c7400a800 JavaThread "main" [_thread_in_native, id=47718, stack(0x00007f4c7c399000,0x00007f4c7c49a000)]

Other Threads:
=>0x00007f4c740fb800 VMThread [stack: 0x00007f4c601c8000,0x00007f4c602c9000] [id=47744]
  0x00007f4c74147000 WatcherThread [stack: 0x00007f4c5303b000,0x00007f4c5313c000] [id=47790]

VM state:at safepoint (normal execution)

VM Mutex/Monitor currently owned by a thread:  ([mutex/lock_event])
[0x00007f4c74006cc0] Threads_lock - owner thread: 0x00007f4c740fb800
[0x00007f4c740071c0] Heap_lock - owner thread: 0x0000000001d4d800

Heap:
 PSYoungGen      total 268800K, used 24041K [0x00000000d6900000, 0x00000000e9200000, 0x0000000100000000)
  eden space 244736K, 0% used [0x00000000d6900000,0x00000000d6900000,0x00000000e5800000)
  from space 24064K, 99% used [0x00000000e5800000,0x00000000e6f7a5e0,0x00000000e6f80000)
  to   space 12800K, 0% used [0x00000000e6f80000,0x00000000e6f80000,0x00000000e7c00000)
 ParOldGen       total 86016K, used 48966K [0x0000000083a00000, 0x0000000088e00000, 0x00000000d6900000)
  object space 86016K, 56% used [0x0000000083a00000,0x00000000869d1b48,0x0000000088e00000)
 Metaspace       used 20723K, capacity 21174K, committed 21248K, reserved 1069056K
  class space    used 2399K, capacity 2547K, committed 2560K, reserved 1048576K

Card table byte_map: [0x00007f4c78d44000,0x00007f4c79128000] byte_map_base: 0x00007f4c78927000

Marking Bits: (ParMarkBitMap*) 0x00007f4c7b8640a0
 Begin Bits: [0x00007f4c611d0000, 0x00007f4c630e8000)
 End Bits:   [0x00007f4c630e8000, 0x00007f4c65000000)

Polling page: 0x00007f4c7c4b6000

CodeCache: size=245760Kb used=8852Kb max_used=8895Kb free=236907Kb
 bounds [0x00007f4c65000000, 0x00007f4c658c0000, 0x00007f4c74000000]
 total_blobs=2821 nmethods=2347 adapters=385
 compilation: enabled

Compilation events (10 events):
Event: 119.973 Thread 0x00007f4c7413f000 2495       3       java.lang.Float::hashCode (8 bytes)
Event: 119.973 Thread 0x00007f4c7413f000 nmethod 2495 0x00007f4c65341290 code [0x00007f4c65341400, 0x00007f4c653416b0]
Event: 119.973 Thread 0x00007f4c7413f000 2496       3       java.lang.Float::hashCode (5 bytes)
Event: 119.973 Thread 0x00007f4c7413f000 nmethod 2496 0x00007f4c6512d4d0 code [0x00007f4c6512d640, 0x00007f4c6512d870]
Event: 119.978 Thread 0x00007f4c7413c000 nmethod 2490 0x00007f4c65118690 code [0x00007f4c65118980, 0x00007f4c65119438]
Event: 119.978 Thread 0x00007f4c7413c000 2497       4       org.evosuite.shaded.org.objectweb.asm.Frame::merge (309 bytes)
Event: 119.979 Thread 0x00007f4c7413c000 nmethod 2497 0x00007f4c65203b50 code [0x00007f4c65203cc0, 0x00007f4c65203f88]
Event: 119.980 Thread 0x00007f4c7413c000 2488       4       org.evosuite.shaded.org.objectweb.asm.tree.AbstractInsnNode::acceptAnnotations (149 bytes)
Event: 119.980 Thread 0x00007f4c7413c000 nmethod 2488 0x00007f4c65168390 code [0x00007f4c651684e0, 0x00007f4c65168578]
Event: 119.980 Thread 0x00007f4c7413c000 2489       4       org.evosuite.shaded.org.objectweb.asm.MethodVisitor::visitMethodInsn (68 bytes)

GC Heap History (10 events):
Event: 89.019 GC heap after
Heap after GC invocations=5 (full 1):
 PSYoungGen      total 70656K, used 5095K [0x00000000d6900000, 0x00000000db300000, 0x0000000100000000)
  eden space 65536K, 0% used [0x00000000d6900000,0x00000000d6900000,0x00000000da900000)
  from space 5120K, 99% used [0x00000000dae00000,0x00000000db2f9e88,0x00000000db300000)
  to   space 5120K, 0% used [0x00000000da900000,0x00000000da900000,0x00000000dae00000)
 ParOldGen       total 86016K, used 7961K [0x0000000083a00000, 0x0000000088e00000, 0x00000000d6900000)
  object space 86016K, 9% used [0x0000000083a00000,0x00000000841c6568,0x0000000088e00000)
 Metaspace       used 13767K, capacity 14150K, committed 14336K, reserved 1062912K
  class space    used 1577K, capacity 1700K, committed 1792K, reserved 1048576K
}
Event: 90.102 GC heap before
{Heap before GC invocations=6 (full 1):
 PSYoungGen      total 70656K, used 70631K [0x00000000d6900000, 0x00000000db300000, 0x0000000100000000)
  eden space 65536K, 100% used [0x00000000d6900000,0x00000000da900000,0x00000000da900000)
  from space 5120K, 99% used [0x00000000dae00000,0x00000000db2f9e88,0x00000000db300000)
  to   space 5120K, 0% used [0x00000000da900000,0x00000000da900000,0x00000000dae00000)
 ParOldGen       total 86016K, used 7961K [0x0000000083a00000, 0x0000000088e00000, 0x00000000d6900000)
  object space 86016K, 9% used [0x0000000083a00000,0x00000000841c6568,0x0000000088e00000)
 Metaspace       used 13818K, capacity 14214K, committed 14336K, reserved 1062912K
  class space    used 1577K, capacity 1700K, committed 1792K, reserved 1048576K
Event: 90.139 GC heap after
Heap after GC invocations=6 (full 1):
 PSYoungGen      total 70656K, used 5111K [0x00000000d6900000, 0x00000000df300000, 0x0000000100000000)
  eden space 65536K, 0% used [0x00000000d6900000,0x00000000d6900000,0x00000000da900000)
  from space 5120K, 99% used [0x00000000da900000,0x00000000dadfded8,0x00000000dae00000)
  to   space 5120K, 0% used [0x00000000dee00000,0x00000000dee00000,0x00000000df300000)
 ParOldGen       total 86016K, used 8621K [0x0000000083a00000, 0x0000000088e00000, 0x00000000d6900000)
  object space 86016K, 10% used [0x0000000083a00000,0x000000008426b578,0x0000000088e00000)
 Metaspace       used 13818K, capacity 14214K, committed 14336K, reserved 1062912K
  class space    used 1577K, capacity 1700K, committed 1792K, reserved 1048576K
}
Event: 91.180 GC heap before
{Heap before GC invocations=7 (full 1):
 PSYoungGen      total 70656K, used 70647K [0x00000000d6900000, 0x00000000df300000, 0x0000000100000000)
  eden space 65536K, 100% used [0x00000000d6900000,0x00000000da900000,0x00000000da900000)
  from space 5120K, 99% used [0x00000000da900000,0x00000000dadfded8,0x00000000dae00000)
  to   space 5120K, 0% used [0x00000000dee00000,0x00000000dee00000,0x00000000df300000)
 ParOldGen       total 86016K, used 8621K [0x0000000083a00000, 0x0000000088e00000, 0x00000000d6900000)
  object space 86016K, 10% used [0x0000000083a00000,0x000000008426b578,0x0000000088e00000)
 Metaspace       used 13873K, capacity 14278K, committed 14592K, reserved 1062912K
  class space    used 1577K, capacity 1700K, committed 1792K, reserved 1048576K
Event: 91.269 GC heap after
Heap after GC invocations=7 (full 1):
 PSYoungGen      total 133120K, used 5099K [0x00000000d6900000, 0x00000000df900000, 0x0000000100000000)
  eden space 128000K, 0% used [0x00000000d6900000,0x00000000d6900000,0x00000000de600000)
  from space 5120K, 99% used [0x00000000dee00000,0x00000000df2fafa8,0x00000000df300000)
  to   space 8192K, 0% used [0x00000000de600000,0x00000000de600000,0x00000000dee00000)
 ParOldGen       total 86016K, used 10908K [0x0000000083a00000, 0x0000000088e00000, 0x00000000d6900000)
  object space 86016K, 12% used [0x0000000083a00000,0x00000000844a7220,0x0000000088e00000)
 Metaspace       used 13873K, capacity 14278K, committed 14592K, reserved 1062912K
  class space    used 1577K, capacity 1700K, committed 1792K, reserved 1048576K
}
Event: 102.384 GC heap before
{Heap before GC invocations=8 (full 1):
 PSYoungGen      total 133120K, used 133099K [0x00000000d6900000, 0x00000000df900000, 0x0000000100000000)
  eden space 128000K, 100% used [0x00000000d6900000,0x00000000de600000,0x00000000de600000)
  from space 5120K, 99% used [0x00000000dee00000,0x00000000df2fafa8,0x00000000df300000)
  to   space 8192K, 0% used [0x00000000de600000,0x00000000de600000,0x00000000dee00000)
 ParOldGen       total 86016K, used 10908K [0x0000000083a00000, 0x0000000088e00000, 0x00000000d6900000)
  object space 86016K, 12% used [0x0000000083a00000,0x00000000844a7220,0x0000000088e00000)
 Metaspace       used 18906K, capacity 19436K, committed 19584K, reserved 1067008K
  class space    used 2158K, capacity 2316K, committed 2432K, reserved 1048576K
Event: 102.493 GC heap after
Heap after GC invocations=8 (full 1):
 PSYoungGen      total 136192K, used 8191K [0x00000000d6900000, 0x00000000e7c00000, 0x0000000100000000)
  eden space 128000K, 0% used [0x00000000d6900000,0x00000000d6900000,0x00000000de600000)
  from space 8192K, 99% used [0x00000000de600000,0x00000000dedfffc8,0x00000000dee00000)
  to   space 12800K, 0% used [0x00000000e6f80000,0x00000000e6f80000,0x00000000e7c00000)
 ParOldGen       total 86016K, used 19251K [0x0000000083a00000, 0x0000000088e00000, 0x00000000d6900000)
  object space 86016K, 22% used [0x0000000083a00000,0x0000000084cccc88,0x0000000088e00000)
 Metaspace       used 18906K, capacity 19436K, committed 19584K, reserved 1067008K
  class space    used 2158K, capacity 2316K, committed 2432K, reserved 1048576K
}
Event: 118.525 GC heap before
{Heap before GC invocations=9 (full 1):
 PSYoungGen      total 136192K, used 133697K [0x00000000d6900000, 0x00000000e7c00000, 0x0000000100000000)
  eden space 128000K, 98% used [0x00000000d6900000,0x00000000de390450,0x00000000de600000)
  from space 8192K, 99% used [0x00000000de600000,0x00000000dedfffc8,0x00000000dee00000)
  to   space 12800K, 0% used [0x00000000e6f80000,0x00000000e6f80000,0x00000000e7c00000)
 ParOldGen       total 86016K, used 19251K [0x0000000083a00000, 0x0000000088e00000, 0x00000000d6900000)
  object space 86016K, 22% used [0x0000000083a00000,0x0000000084cccc88,0x0000000088e00000)
 Metaspace       used 20285K, capacity 20726K, committed 20992K, reserved 1067008K
  class space    used 2332K, capacity 2483K, committed 2560K, reserved 1048576K
Event: 119.067 GC heap after
Heap after GC invocations=9 (full 1):
 PSYoungGen      total 257536K, used 12781K [0x00000000d6900000, 0x00000000e9200000, 0x0000000100000000)
  eden space 244736K, 0% used [0x00000000d6900000,0x00000000d6900000,0x00000000e5800000)
  from space 12800K, 99% used [0x00000000e6f80000,0x00000000e7bfb758,0x00000000e7c00000)
  to   space 24064K, 0% used [0x00000000e5800000,0x00000000e5800000,0x00000000e6f80000)
 ParOldGen       total 86016K, used 40455K [0x0000000083a00000, 0x0000000088e00000, 0x00000000d6900000)
  object space 86016K, 47% used [0x0000000083a00000,0x0000000086181ea0,0x0000000088e00000)
 Metaspace       used 20285K, capacity 20726K, committed 20992K, reserved 1067008K
  class space    used 2332K, capacity 2483K, committed 2560K, reserved 1048576K
}
Event: 119.994 GC heap before
{Heap before GC invocations=10 (full 1):
 PSYoungGen      total 257536K, used 63262K [0x00000000d6900000, 0x00000000e9200000, 0x0000000100000000)
  eden space 244736K, 20% used [0x00000000d6900000,0x00000000d9a4c0e0,0x00000000e5800000)
  from space 12800K, 99% used [0x00000000e6f80000,0x00000000e7bfb758,0x00000000e7c00000)
  to   space 24064K, 0% used [0x00000000e5800000,0x00000000e5800000,0x00000000e6f80000)
 ParOldGen       total 86016K, used 40455K [0x0000000083a00000, 0x0000000088e00000, 0x00000000d6900000)
  object space 86016K, 47% used [0x0000000083a00000,0x0000000086181ea0,0x0000000088e00000)
 Metaspace       used 20723K, capacity 21174K, committed 21248K, reserved 1069056K
  class space    used 2399K, capacity 2547K, committed 2560K, reserved 1048576K

Deoptimization events (10 events):
Event: 94.727 Thread 0x0000000001d4d800 Uncommon trap: reason=unstable_if action=reinterpret pc=0x00007f4c65731ce8 method=org.evosuite.shaded.org.objectweb.asm.Type.getType([CI)Lorg/evosuite/shaded/org/objectweb/asm/Type; @ 165
Event: 99.055 Thread 0x0000000001d4d800 Uncommon trap: reason=unstable_if action=reinterpret pc=0x00007f4c6553ec44 method=java.io.ObjectStreamClass.hasReadResolveMethod()Z @ 8
Event: 100.154 Thread 0x0000000001d4d800 Uncommon trap: reason=unstable_if action=reinterpret pc=0x00007f4c654bff04 method=java.util.HashMap.putVal(ILjava/lang/Object;Ljava/lang/Object;ZZ)Ljava/lang/Object; @ 162
Event: 109.652 Thread 0x0000000001d4f000 Uncommon trap: reason=unstable_if action=reinterpret pc=0x00007f4c6540af80 method=java.io.ObjectInputStream.defaultReadFields(Ljava/lang/Object;Ljava/io/ObjectStreamClass;)V @ 49
Event: 117.862 Thread 0x0000000001d4d800 Uncommon trap: reason=unstable_if action=reinterpret pc=0x00007f4c6588f9f8 method=org.evosuite.shaded.org.objectweb.asm.Item.isEqualTo(Lorg/evosuite/shaded/org/objectweb/asm/Item;)Z @ 169
Event: 119.432 Thread 0x0000000001d4d800 Uncommon trap: reason=bimorphic action=maybe_recompile pc=0x00007f4c65129bb8 method=org.evosuite.shaded.org.objectweb.asm.MethodVisitor.visitInsn(I)V @ 12
Event: 119.432 Thread 0x0000000001d4d800 Uncommon trap: reason=bimorphic action=maybe_recompile pc=0x00007f4c65129bb8 method=org.evosuite.shaded.org.objectweb.asm.MethodVisitor.visitInsn(I)V @ 12
Event: 119.432 Thread 0x0000000001d4d800 Uncommon trap: reason=bimorphic action=maybe_recompile pc=0x00007f4c65129bb8 method=org.evosuite.shaded.org.objectweb.asm.MethodVisitor.visitInsn(I)V @ 12
Event: 119.432 Thread 0x0000000001d4d800 Uncommon trap: reason=bimorphic action=maybe_recompile pc=0x00007f4c65129bb8 method=org.evosuite.shaded.org.objectweb.asm.MethodVisitor.visitInsn(I)V @ 12
Event: 119.754 Thread 0x0000000001d4d800 Uncommon trap: reason=unstable_if action=reinterpret pc=0x00007f4c6587f240 method=org.evosuite.shaded.org.objectweb.asm.Frame.execute(IILorg/evosuite/shaded/org/objectweb/asm/ClassWriter;Lorg/evosuite/shaded/org/objectweb/asm/Item;)V @ 2228

Classes redefined (0 events):
No events

Internal exceptions (10 events):
Event: 87.406 Thread 0x0000000001d4d800 Implicit null exception at 0x00007f4c651fb3f6 to 0x00007f4c651fb7d1
Event: 91.729 Thread 0x00007f4c74292000 Exception <a 'java/net/ConnectException'> (0x00000000d724c320) thrown at [/HUDSON/workspace/8-2-build-linux-amd64/jdk8u181/11358/hotspot/src/share/vm/prims/jni.cpp, line 709]
Event: 91.741 Thread 0x00007f4c74290800 Exception <a 'java/net/ConnectException'> (0x00000000d731c3f0) thrown at [/HUDSON/workspace/8-2-build-linux-amd64/jdk8u181/11358/hotspot/src/share/vm/prims/jni.cpp, line 709]
Event: 91.742 Thread 0x00007f4c74293800 Exception <a 'java/net/ConnectException'> (0x00000000d73ec4b8) thrown at [/HUDSON/workspace/8-2-build-linux-amd64/jdk8u181/11358/hotspot/src/share/vm/prims/jni.cpp, line 709]
Event: 101.729 Thread 0x00007f4c74292000 Exception <a 'java/net/ConnectException'> (0x00000000d724ce48) thrown at [/HUDSON/workspace/8-2-build-linux-amd64/jdk8u181/11358/hotspot/src/share/vm/prims/jni.cpp, line 709]
Event: 101.741 Thread 0x00007f4c74290800 Exception <a 'java/net/ConnectException'> (0x00000000d731cf18) thrown at [/HUDSON/workspace/8-2-build-linux-amd64/jdk8u181/11358/hotspot/src/share/vm/prims/jni.cpp, line 709]
Event: 101.743 Thread 0x00007f4c74293800 Exception <a 'java/net/ConnectException'> (0x00000000d73ecfe0) thrown at [/HUDSON/workspace/8-2-build-linux-amd64/jdk8u181/11358/hotspot/src/share/vm/prims/jni.cpp, line 709]
Event: 111.730 Thread 0x00007f4c74292000 Exception <a 'java/net/ConnectException'> (0x00000000dba5a920) thrown at [/HUDSON/workspace/8-2-build-linux-amd64/jdk8u181/11358/hotspot/src/share/vm/prims/jni.cpp, line 709]
Event: 111.742 Thread 0x00007f4c74290800 Exception <a 'java/net/ConnectException'> (0x00000000dbae1d20) thrown at [/HUDSON/workspace/8-2-build-linux-amd64/jdk8u181/11358/hotspot/src/share/vm/prims/jni.cpp, line 709]
Event: 111.744 Thread 0x00007f4c74293800 Exception <a 'java/net/ConnectException'> (0x00000000dbb69118) thrown at [/HUDSON/workspace/8-2-build-linux-amd64/jdk8u181/11358/hotspot/src/share/vm/prims/jni.cpp, line 709]

Events (10 events):
Event: 119.951 Thread 0x00007f4c7413f000 flushing nmethod 0x00007f4c65221c90
Event: 119.952 Thread 0x00007f4c7413f000 flushing nmethod 0x00007f4c65284390
Event: 119.956 Thread 0x00007f4c7413f000 flushing nmethod 0x00007f4c6530ef10
Event: 119.956 Thread 0x00007f4c7413f000 flushing nmethod 0x00007f4c65311410
Event: 119.956 Thread 0x00007f4c7413f000 flushing nmethod 0x00007f4c653131d0
Event: 119.963 Thread 0x00007f4c7413f000 flushing nmethod 0x00007f4c65341190
Event: 119.963 Thread 0x00007f4c7413f000 flushing nmethod 0x00007f4c6534f650
Event: 119.969 Thread 0x0000000001d4d800 DEOPT PACKING pc=0x00007f4c65550319 sp=0x00007f4c519de090
Event: 119.969 Thread 0x0000000001d4d800 DEOPT UNPACKING pc=0x00007f4c65047784 sp=0x00007f4c519dddd8 mode 0
Event: 119.994 Executing VM operation: CollectForMetadataAllocation


Dynamic libraries:
00400000-00401000 r-xp 00000000 08:01 1448396                            /usr/lib/jvm/jdk1.8.0_181/bin/java
00600000-00601000 rw-p 00000000 08:01 1448396                            /usr/lib/jvm/jdk1.8.0_181/bin/java
01d4b000-01d6c000 rw-p 00000000 00:00 0                                  [heap]
83a00000-88e00000 rw-p 00000000 00:00 0 
88e00000-d6900000 ---p 00000000 00:00 0 
d6900000-e9200000 rw-p 00000000 00:00 0 
f8400000-100000000 ---p 00000000 00:00 0 
100000000-100280000 rw-p 00000000 00:00 0 
100280000-140000000 ---p 00000000 00:00 0 
7f4c1c000000-7f4c1c021000 rw-p 00000000 00:00 0 
7f4c1c021000-7f4c20000000 ---p 00000000 00:00 0 
7f4c24000000-7f4c24021000 rw-p 00000000 00:00 0 
7f4c24021000-7f4c28000000 ---p 00000000 00:00 0 
7f4c28000000-7f4c28021000 rw-p 00000000 00:00 0 
7f4c28021000-7f4c2c000000 ---p 00000000 00:00 0 
7f4c2c000000-7f4c2c021000 rw-p 00000000 00:00 0 
7f4c2c021000-7f4c30000000 ---p 00000000 00:00 0 
7f4c30000000-7f4c30021000 rw-p 00000000 00:00 0 
7f4c30021000-7f4c34000000 ---p 00000000 00:00 0 
7f4c34fff000-7f4c38000000 rw-p 00000000 00:00 0 
7f4c38000000-7f4c38d1a000 rw-p 00000000 00:00 0 
7f4c38d1a000-7f4c3c000000 ---p 00000000 00:00 0 
7f4c3c000000-7f4c3c021000 rw-p 00000000 00:00 0 
7f4c3c021000-7f4c40000000 ---p 00000000 00:00 0 
7f4c40000000-7f4c40021000 rw-p 00000000 00:00 0 
7f4c40021000-7f4c44000000 ---p 00000000 00:00 0 
7f4c44000000-7f4c464f8000 rw-p 00000000 00:00 0 
7f4c464f8000-7f4c48000000 ---p 00000000 00:00 0 
7f4c48000000-7f4c48044000 rw-p 00000000 00:00 0 
7f4c48044000-7f4c4c000000 ---p 00000000 00:00 0 
7f4c4c000000-7f4c4c021000 rw-p 00000000 00:00 0 
7f4c4c021000-7f4c50000000 ---p 00000000 00:00 0 
7f4c50de1000-7f4c50e21000 rw-p 00000000 00:00 0 
7f4c50e21000-7f4c50fe1000 ---p 00000000 00:00 0 
7f4c50fe1000-7f4c50fe4000 ---p 00000000 00:00 0 
7f4c50fe4000-7f4c512e2000 rw-p 00000000 00:00 0 
7f4c512e2000-7f4c514e2000 rw-p 00000000 00:00 0 
7f4c514e2000-7f4c516e2000 rw-p 00000000 00:00 0 
7f4c516e2000-7f4c518e2000 rw-p 00000000 00:00 0 
7f4c518e2000-7f4c518e5000 ---p 00000000 00:00 0 
7f4c518e5000-7f4c519e3000 rw-p 00000000 00:00 0 
7f4c519e3000-7f4c519e6000 ---p 00000000 00:00 0 
7f4c519e6000-7f4c51ae4000 rw-p 00000000 00:00 0 
7f4c51ae4000-7f4c51ae7000 ---p 00000000 00:00 0 
7f4c51ae7000-7f4c51be5000 rw-p 00000000 00:00 0 
7f4c51be5000-7f4c51be8000 ---p 00000000 00:00 0 
7f4c51be8000-7f4c51ce6000 rw-p 00000000 00:00 0 
7f4c51ce6000-7f4c51ce9000 ---p 00000000 00:00 0 
7f4c51ce9000-7f4c51de7000 rw-p 00000000 00:00 0 
7f4c51de7000-7f4c51dea000 ---p 00000000 00:00 0 
7f4c51dea000-7f4c51ee8000 rw-p 00000000 00:00 0 
7f4c51ee8000-7f4c51eeb000 ---p 00000000 00:00 0 
7f4c51eeb000-7f4c51fe9000 rw-p 00000000 00:00 0 
7f4c51fe9000-7f4c51fec000 ---p 00000000 00:00 0 
7f4c51fec000-7f4c520ea000 rw-p 00000000 00:00 0 
7f4c520ea000-7f4c520ed000 ---p 00000000 00:00 0 
7f4c520ed000-7f4c521eb000 rw-p 00000000 00:00 0 
7f4c521eb000-7f4c521ee000 ---p 00000000 00:00 0 
7f4c521ee000-7f4c522ec000 rw-p 00000000 00:00 0 
7f4c522ec000-7f4c522ef000 ---p 00000000 00:00 0 
7f4c522ef000-7f4c523ed000 rw-p 00000000 00:00 0 
7f4c523ed000-7f4c523f0000 ---p 00000000 00:00 0 
7f4c523f0000-7f4c524ee000 rw-p 00000000 00:00 0 
7f4c524ee000-7f4c524f1000 ---p 00000000 00:00 0 
7f4c524f1000-7f4c525ef000 rw-p 00000000 00:00 0 
7f4c525ef000-7f4c525f2000 ---p 00000000 00:00 0 
7f4c525f2000-7f4c528f0000 rw-p 00000000 00:00 0 
7f4c528f0000-7f4c528f3000 ---p 00000000 00:00 0 
7f4c528f3000-7f4c529f1000 rw-p 00000000 00:00 0 
7f4c529f1000-7f4c529f4000 ---p 00000000 00:00 0 
7f4c529f4000-7f4c52af2000 rw-p 00000000 00:00 0 
7f4c52af2000-7f4c52af5000 ---p 00000000 00:00 0 
7f4c52af5000-7f4c52bf3000 rw-p 00000000 00:00 0 
7f4c52bf3000-7f4c52c09000 r-xp 00000000 08:01 2756237                    /usr/lib/jvm/jdk1.8.0_181/jre/lib/amd64/libnet.so
7f4c52c09000-7f4c52e09000 ---p 00016000 08:01 2756237                    /usr/lib/jvm/jdk1.8.0_181/jre/lib/amd64/libnet.so
7f4c52e09000-7f4c52e0a000 rw-p 00016000 08:01 2756237                    /usr/lib/jvm/jdk1.8.0_181/jre/lib/amd64/libnet.so
7f4c52e0a000-7f4c5303b000 r--s 01bb1000 08:01 1706762                    /home/whj/dowork/DiffTGen/lib/evosuite-1.0.6.jar
7f4c5303b000-7f4c5303c000 ---p 00000000 00:00 0 
7f4c5303c000-7f4c5313c000 rw-p 00000000 00:00 0 
7f4c5313c000-7f4c5313f000 ---p 00000000 00:00 0 
7f4c5313f000-7f4c5323d000 rw-p 00000000 00:00 0 
7f4c5323d000-7f4c53240000 ---p 00000000 00:00 0 
7f4c53240000-7f4c5333e000 rw-p 00000000 00:00 0 
7f4c5333e000-7f4c53341000 ---p 00000000 00:00 0 
7f4c53341000-7f4c5343f000 rw-p 00000000 00:00 0 
7f4c5343f000-7f4c53442000 ---p 00000000 00:00 0 
7f4c53442000-7f4c53540000 rw-p 00000000 00:00 0 
7f4c53540000-7f4c53eff000 r--p 00000000 08:01 1316108                    /usr/lib/locale/locale-archive
7f4c53eff000-7f4c53f02000 ---p 00000000 00:00 0 
7f4c53f02000-7f4c54000000 rw-p 00000000 00:00 0 
7f4c54000000-7f4c544e7000 rw-p 00000000 00:00 0 
7f4c544e7000-7f4c58000000 ---p 00000000 00:00 0 
7f4c58000000-7f4c58292000 rw-p 00000000 00:00 0 
7f4c58292000-7f4c5c000000 ---p 00000000 00:00 0 
7f4c5c000000-7f4c5c021000 rw-p 00000000 00:00 0 
7f4c5c021000-7f4c60000000 ---p 00000000 00:00 0 
7f4c6003b000-7f4c6004e000 r--s 00345000 08:01 2756119                    /usr/lib/jvm/jdk1.8.0_181/jre/lib/resources.jar
7f4c6004e000-7f4c600c7000 r--s 010f9000 08:01 1448503                    /usr/lib/jvm/jdk1.8.0_181/lib/tools.jar
7f4c600c7000-7f4c600ca000 ---p 00000000 00:00 0 
7f4c600ca000-7f4c601c8000 rw-p 00000000 00:00 0 
7f4c601c8000-7f4c601c9000 ---p 00000000 00:00 0 
7f4c601c9000-7f4c65000000 rw-p 00000000 00:00 0 
7f4c65000000-7f4c658c0000 rwxp 00000000 00:00 0 
7f4c658c0000-7f4c74000000 ---p 00000000 00:00 0 
7f4c74000000-7f4c7446c000 rw-p 00000000 00:00 0 
7f4c7446c000-7f4c78000000 ---p 00000000 00:00 0 
7f4c7800e000-7f4c7802a000 r--s 00393000 08:01 2756136                    /usr/lib/jvm/jdk1.8.0_181/jre/lib/ext/cldrdata.jar
7f4c7802a000-7f4c7802d000 ---p 00000000 00:00 0 
7f4c7802d000-7f4c78063000 rw-p 00000000 00:00 0 
7f4c78063000-7f4c78075000 r--s 00169000 08:01 3032307                    /home/whj/dowork/DiffTGen/extra_output/Chart_1_4_sequencer/target/build/classes/all0.jar
7f4c78075000-7f4c78277000 rw-p 00000000 00:00 0 
7f4c78277000-7f4c78451000 r--s 03d6b000 08:01 2756084                    /usr/lib/jvm/jdk1.8.0_181/jre/lib/rt.jar
7f4c78451000-7f4c788aa000 rw-p 00000000 00:00 0 
7f4c788aa000-7f4c788ab000 ---p 00000000 00:00 0 
7f4c788ab000-7f4c789ab000 rw-p 00000000 00:00 0 
7f4c789ab000-7f4c789ac000 ---p 00000000 00:00 0 
7f4c789ac000-7f4c78ad6000 rw-p 00000000 00:00 0 
7f4c78ad6000-7f4c78d44000 ---p 00000000 00:00 0 
7f4c78d44000-7f4c78d6e000 rw-p 00000000 00:00 0 
7f4c78d6e000-7f4c78fdb000 ---p 00000000 00:00 0 
7f4c78fdb000-7f4c79070000 rw-p 00000000 00:00 0 
7f4c79070000-7f4c79127000 ---p 00000000 00:00 0 
7f4c79127000-7f4c7914b000 rw-p 00000000 00:00 0 
7f4c7914b000-7f4c794e8000 ---p 00000000 00:00 0 
7f4c794e8000-7f4c79503000 r-xp 00000000 08:01 2756233                    /usr/lib/jvm/jdk1.8.0_181/jre/lib/amd64/libzip.so
7f4c79503000-7f4c79703000 ---p 0001b000 08:01 2756233                    /usr/lib/jvm/jdk1.8.0_181/jre/lib/amd64/libzip.so
7f4c79703000-7f4c79704000 rw-p 0001b000 08:01 2756233                    /usr/lib/jvm/jdk1.8.0_181/jre/lib/amd64/libzip.so
7f4c79704000-7f4c7970f000 r-xp 00000000 08:01 1054188                    /lib/x86_64-linux-gnu/libnss_files-2.23.so
7f4c7970f000-7f4c7990e000 ---p 0000b000 08:01 1054188                    /lib/x86_64-linux-gnu/libnss_files-2.23.so
7f4c7990e000-7f4c7990f000 r--p 0000a000 08:01 1054188                    /lib/x86_64-linux-gnu/libnss_files-2.23.so
7f4c7990f000-7f4c79910000 rw-p 0000b000 08:01 1054188                    /lib/x86_64-linux-gnu/libnss_files-2.23.so
7f4c79910000-7f4c79916000 rw-p 00000000 00:00 0 
7f4c79916000-7f4c79921000 r-xp 00000000 08:01 1054198                    /lib/x86_64-linux-gnu/libnss_nis-2.23.so
7f4c79921000-7f4c79b20000 ---p 0000b000 08:01 1054198                    /lib/x86_64-linux-gnu/libnss_nis-2.23.so
7f4c79b20000-7f4c79b21000 r--p 0000a000 08:01 1054198                    /lib/x86_64-linux-gnu/libnss_nis-2.23.so
7f4c79b21000-7f4c79b22000 rw-p 0000b000 08:01 1054198                    /lib/x86_64-linux-gnu/libnss_nis-2.23.so
7f4c79b22000-7f4c79b38000 r-xp 00000000 08:01 1054182                    /lib/x86_64-linux-gnu/libnsl-2.23.so
7f4c79b38000-7f4c79d37000 ---p 00016000 08:01 1054182                    /lib/x86_64-linux-gnu/libnsl-2.23.so
7f4c79d37000-7f4c79d38000 r--p 00015000 08:01 1054182                    /lib/x86_64-linux-gnu/libnsl-2.23.so
7f4c79d38000-7f4c79d39000 rw-p 00016000 08:01 1054182                    /lib/x86_64-linux-gnu/libnsl-2.23.so
7f4c79d39000-7f4c79d3b000 rw-p 00000000 00:00 0 
7f4c79d3b000-7f4c79d43000 r-xp 00000000 08:01 1054184                    /lib/x86_64-linux-gnu/libnss_compat-2.23.so
7f4c79d43000-7f4c79f42000 ---p 00008000 08:01 1054184                    /lib/x86_64-linux-gnu/libnss_compat-2.23.so
7f4c79f42000-7f4c79f43000 r--p 00007000 08:01 1054184                    /lib/x86_64-linux-gnu/libnss_compat-2.23.so
7f4c79f43000-7f4c79f44000 rw-p 00008000 08:01 1054184                    /lib/x86_64-linux-gnu/libnss_compat-2.23.so
7f4c79f44000-7f4c79f6f000 r-xp 00000000 08:01 2756227                    /usr/lib/jvm/jdk1.8.0_181/jre/lib/amd64/libjava.so
7f4c79f6f000-7f4c7a16e000 ---p 0002b000 08:01 2756227                    /usr/lib/jvm/jdk1.8.0_181/jre/lib/amd64/libjava.so
7f4c7a16e000-7f4c7a170000 rw-p 0002a000 08:01 2756227                    /usr/lib/jvm/jdk1.8.0_181/jre/lib/amd64/libjava.so
7f4c7a170000-7f4c7a17d000 r-xp 00000000 08:01 2756232                    /usr/lib/jvm/jdk1.8.0_181/jre/lib/amd64/libverify.so
7f4c7a17d000-7f4c7a37d000 ---p 0000d000 08:01 2756232                    /usr/lib/jvm/jdk1.8.0_181/jre/lib/amd64/libverify.so
7f4c7a37d000-7f4c7a37f000 rw-p 0000d000 08:01 2756232                    /usr/lib/jvm/jdk1.8.0_181/jre/lib/amd64/libverify.so
7f4c7a37f000-7f4c7a386000 r-xp 00000000 08:01 1054243                    /lib/x86_64-linux-gnu/librt-2.23.so
7f4c7a386000-7f4c7a585000 ---p 00007000 08:01 1054243                    /lib/x86_64-linux-gnu/librt-2.23.so
7f4c7a585000-7f4c7a586000 r--p 00006000 08:01 1054243                    /lib/x86_64-linux-gnu/librt-2.23.so
7f4c7a586000-7f4c7a587000 rw-p 00007000 08:01 1054243                    /lib/x86_64-linux-gnu/librt-2.23.so
7f4c7a587000-7f4c7a68f000 r-xp 00000000 08:01 1054159                    /lib/x86_64-linux-gnu/libm-2.23.so
7f4c7a68f000-7f4c7a88e000 ---p 00108000 08:01 1054159                    /lib/x86_64-linux-gnu/libm-2.23.so
7f4c7a88e000-7f4c7a88f000 r--p 00107000 08:01 1054159                    /lib/x86_64-linux-gnu/libm-2.23.so
7f4c7a88f000-7f4c7a890000 rw-p 00108000 08:01 1054159                    /lib/x86_64-linux-gnu/libm-2.23.so
7f4c7a890000-7f4c7b56c000 r-xp 00000000 08:01 2756209                    /usr/lib/jvm/jdk1.8.0_181/jre/lib/amd64/server/libjvm.so
7f4c7b56c000-7f4c7b76c000 ---p 00cdc000 08:01 2756209                    /usr/lib/jvm/jdk1.8.0_181/jre/lib/amd64/server/libjvm.so
7f4c7b76c000-7f4c7b846000 rw-p 00cdc000 08:01 2756209                    /usr/lib/jvm/jdk1.8.0_181/jre/lib/amd64/server/libjvm.so
7f4c7b846000-7f4c7b891000 rw-p 00000000 00:00 0 
7f4c7b891000-7f4c7ba51000 r-xp 00000000 08:01 1054089                    /lib/x86_64-linux-gnu/libc-2.23.so
7f4c7ba51000-7f4c7bc51000 ---p 001c0000 08:01 1054089                    /lib/x86_64-linux-gnu/libc-2.23.so
7f4c7bc51000-7f4c7bc55000 r--p 001c0000 08:01 1054089                    /lib/x86_64-linux-gnu/libc-2.23.so
7f4c7bc55000-7f4c7bc57000 rw-p 001c4000 08:01 1054089                    /lib/x86_64-linux-gnu/libc-2.23.so
7f4c7bc57000-7f4c7bc5b000 rw-p 00000000 00:00 0 
7f4c7bc5b000-7f4c7bc5e000 r-xp 00000000 08:01 1054113                    /lib/x86_64-linux-gnu/libdl-2.23.so
7f4c7bc5e000-7f4c7be5d000 ---p 00003000 08:01 1054113                    /lib/x86_64-linux-gnu/libdl-2.23.so
7f4c7be5d000-7f4c7be5e000 r--p 00002000 08:01 1054113                    /lib/x86_64-linux-gnu/libdl-2.23.so
7f4c7be5e000-7f4c7be5f000 rw-p 00003000 08:01 1054113                    /lib/x86_64-linux-gnu/libdl-2.23.so
7f4c7be5f000-7f4c7be75000 r-xp 00000000 08:01 1449032                    /usr/lib/jvm/jdk1.8.0_181/lib/amd64/jli/libjli.so
7f4c7be75000-7f4c7c074000 ---p 00016000 08:01 1449032                    /usr/lib/jvm/jdk1.8.0_181/lib/amd64/jli/libjli.so
7f4c7c074000-7f4c7c075000 rw-p 00015000 08:01 1449032                    /usr/lib/jvm/jdk1.8.0_181/lib/amd64/jli/libjli.so
7f4c7c075000-7f4c7c08d000 r-xp 00000000 08:01 1054235                    /lib/x86_64-linux-gnu/libpthread-2.23.so
7f4c7c08d000-7f4c7c28c000 ---p 00018000 08:01 1054235                    /lib/x86_64-linux-gnu/libpthread-2.23.so
7f4c7c28c000-7f4c7c28d000 r--p 00017000 08:01 1054235                    /lib/x86_64-linux-gnu/libpthread-2.23.so
7f4c7c28d000-7f4c7c28e000 rw-p 00018000 08:01 1054235                    /lib/x86_64-linux-gnu/libpthread-2.23.so
7f4c7c28e000-7f4c7c292000 rw-p 00000000 00:00 0 
7f4c7c292000-7f4c7c2b8000 r-xp 00000000 08:01 1054061                    /lib/x86_64-linux-gnu/ld-2.23.so
7f4c7c2be000-7f4c7c2c8000 r--s 00116000 08:01 2756143                    /usr/lib/jvm/jdk1.8.0_181/jre/lib/ext/localedata.jar
7f4c7c2c8000-7f4c7c399000 rw-p 00000000 00:00 0 
7f4c7c399000-7f4c7c39c000 ---p 00000000 00:00 0 
7f4c7c39c000-7f4c7c49f000 rw-p 00000000 00:00 0 
7f4c7c49f000-7f4c7c4a4000 r--s 0009d000 08:01 2756133                    /usr/lib/jvm/jdk1.8.0_181/jre/lib/jsse.jar
7f4c7c4a4000-7f4c7c4ac000 r--s 0006e000 08:01 2248917                    /home/whj/dowork/DiffTGen/lib/commons-lang3-3.5.jar
7f4c7c4ac000-7f4c7c4ad000 r--s 00000000 08:01 2248922                    /home/whj/dowork/DiffTGen/lib/myprinter.jar
7f4c7c4ad000-7f4c7c4b5000 rw-s 00000000 08:01 1984666                    /tmp/hsperfdata_whj/47715
7f4c7c4b5000-7f4c7c4b6000 rw-p 00000000 00:00 0 
7f4c7c4b6000-7f4c7c4b7000 ---p 00000000 00:00 0 
7f4c7c4b7000-7f4c7c4b8000 r--p 00025000 08:01 1054061                    /lib/x86_64-linux-gnu/ld-2.23.so
7f4c7c4b8000-7f4c7c4b9000 rw-p 00026000 08:01 1054061                    /lib/x86_64-linux-gnu/ld-2.23.so
7f4c7c4b9000-7f4c7c4ba000 rw-p 00000000 00:00 0 
7fff066ca000-7fff066ec000 rw-p 00000000 00:00 0                          [stack]
7fff067cb000-7fff067ce000 r--p 00000000 00:00 0                          [vvar]
7fff067ce000-7fff067d0000 r-xp 00000000 00:00 0                          [vdso]
ffffffffff600000-ffffffffff601000 r-xp 00000000 00:00 0                  [vsyscall]

VM Arguments:
java_command: /home/whj/dowork/DiffTGen/lib/evosuite-1.0.6.jar -base_dir /home/whj/dowork/DiffTGen/extra_output/Chart_1_4_sequencer/target/0/24 -projectCP /home/whj/dowork/DiffTGen/extra_output/Chart_1_4_sequencer/target/build/classes/all0.jar:/home/whj/dowork/DiffTGen/lib/myprinter.jar:/home/whj/dowork/DiffTGen/lib/commons-lang3-3.5.jar -class org.jfree.chart.renderer.category.AbstractCategoryItemRenderer -Dassertions=false -Dsearch_budget=60
java_class_path (initial): /home/whj/dowork/DiffTGen/lib/evosuite-1.0.6.jar
Launcher Type: SUN_STANDARD

Environment Variables:
JAVA_HOME=/usr/lib/jvm/jdk1.8.0_181
JRE_HOME=/usr/lib/jvm/jdk1.8.0_181/jre
CLASSPATH=.:/usr/lib/jvm/jdk1.8.0_181/lib:/usr/lib/jvm/jdk1.8.0_181/jre/lib
PATH=/home/whj/perl5/bin:/home/whj/dowork/defects4j-1.2.0/framework/bin:/usr/lib/jvm/jdk1.8.0_181/bin:/usr/lib/jvm/jdk1.8.0_181/jre/bin:/home/whj/bin:/home/whj/.local/bin:/usr/local/sbin:/usr/local/bin:/usr/sbin:/usr/bin:/sbin:/bin:/usr/games:/usr/local/games" :/snap/bin:/home/whj/bin
SHELL=/bin/bash
DISPLAY=:0

Signal Handlers:
SIGSEGV: [libjvm.so+0xad2a40], sa_mask[0]=11111111011111111101111111111110, sa_flags=SA_RESTART|SA_SIGINFO
SIGBUS: [libjvm.so+0xad2a40], sa_mask[0]=11111111011111111101111111111110, sa_flags=SA_RESTART|SA_SIGINFO
SIGFPE: [libjvm.so+0x92a610], sa_mask[0]=11111111011111111101111111111110, sa_flags=SA_RESTART|SA_SIGINFO
SIGPIPE: [libjvm.so+0x92a610], sa_mask[0]=11111111011111111101111111111110, sa_flags=SA_RESTART|SA_SIGINFO
SIGXFSZ: [libjvm.so+0x92a610], sa_mask[0]=11111111011111111101111111111110, sa_flags=SA_RESTART|SA_SIGINFO
SIGILL: [libjvm.so+0x92a610], sa_mask[0]=11111111011111111101111111111110, sa_flags=SA_RESTART|SA_SIGINFO
SIGUSR1: SIG_DFL, sa_mask[0]=00000000000000000000000000000000, sa_flags=none
SIGUSR2: [libjvm.so+0x92be70], sa_mask[0]=00100000000000000000000000000000, sa_flags=SA_RESTART|SA_SIGINFO
SIGHUP: [libjvm.so+0x92d270], sa_mask[0]=11111111011111111101111111111110, sa_flags=SA_RESTART|SA_SIGINFO
SIGINT: [libjvm.so+0x92d270], sa_mask[0]=11111111011111111101111111111110, sa_flags=SA_RESTART|SA_SIGINFO
SIGTERM: [libjvm.so+0x92d270], sa_mask[0]=11111111011111111101111111111110, sa_flags=SA_RESTART|SA_SIGINFO
SIGQUIT: [libjvm.so+0x92d270], sa_mask[0]=11111111011111111101111111111110, sa_flags=SA_RESTART|SA_SIGINFO


---------------  S Y S T E M  ---------------

OS:DISTRIB_ID=Ubuntu
DISTRIB_RELEASE=16.04
DISTRIB_CODENAME=xenial
DISTRIB_DESCRIPTION="Ubuntu 16.04.6 LTS"

uname:Linux 4.15.0-91-generic #92~16.04.1-Ubuntu SMP Fri Feb 28 14:57:22 UTC 2020 x86_64
libc:glibc 2.23 NPTL 2.23 
rlimit: STACK 8192k, CORE 0k, NPROC 31576, NOFILE 1048576, AS infinity
load average:16.26 14.91 14.89

/proc/meminfo:
MemTotal:        8144704 kB
MemFree:         1069812 kB
MemAvailable:     955952 kB
Buffers:             300 kB
Cached:            15668 kB
SwapCached:         2656 kB
Active:          5900444 kB
Inactive:         721948 kB
Active(anon):    5889632 kB
Inactive(anon):   718120 kB
Active(file):      10812 kB
Inactive(file):     3828 kB
Unevictable:          32 kB
Mlocked:              32 kB
SwapTotal:        998396 kB
SwapFree:            316 kB
Dirty:                56 kB
Writeback:           988 kB
AnonPages:       6605316 kB
Mapped:            14480 kB
Shmem:               976 kB
Slab:              87700 kB
SReclaimable:      31284 kB
SUnreclaim:        56416 kB
KernelStack:       14160 kB
PageTables:        45776 kB
NFS_Unstable:          0 kB
Bounce:                0 kB
WritebackTmp:          0 kB
CommitLimit:     5070748 kB
Committed_AS:   12913292 kB
VmallocTotal:   34359738367 kB
VmallocUsed:           0 kB
VmallocChunk:          0 kB
HardwareCorrupted:     0 kB
AnonHugePages:         0 kB
ShmemHugePages:        0 kB
ShmemPmdMapped:        0 kB
CmaTotal:              0 kB
CmaFree:               0 kB
HugePages_Total:       0
HugePages_Free:        0
HugePages_Rsvd:        0
HugePages_Surp:        0
Hugepagesize:       2048 kB
DirectMap4k:      126784 kB
DirectMap2M:     7213056 kB
DirectMap1G:     3145728 kB


CPU:total 2 (initial active 2) (2 cores per cpu, 1 threads per core) family 6 model 158 stepping 10, cmov, cx8, fxsr, mmx, sse, sse2, sse3, ssse3, sse4.1, sse4.2, popcnt, avx, avx2, aes, clmul, erms, 3dnowpref, lzcnt, tsc, tscinvbit, bmi1, bmi2, adx

/proc/cpuinfo:
processor	: 0
vendor_id	: GenuineIntel
cpu family	: 6
model		: 158
model name	: Intel(R) Core(TM) i7-8750H CPU @ 2.20GHz
stepping	: 10
microcode	: 0x96
cpu MHz		: 2207.999
cache size	: 9216 KB
physical id	: 0
siblings	: 2
core id		: 0
cpu cores	: 2
apicid		: 0
initial apicid	: 0
fpu		: yes
fpu_exception	: yes
cpuid level	: 22
wp		: yes
flags		: fpu vme de pse tsc msr pae mce cx8 apic sep mtrr pge mca cmov pat pse36 clflush mmx fxsr sse sse2 ss ht syscall nx pdpe1gb rdtscp lm constant_tsc arch_perfmon nopl xtopology tsc_reliable nonstop_tsc cpuid pni pclmulqdq ssse3 fma cx16 pcid sse4_1 sse4_2 x2apic movbe popcnt tsc_deadline_timer aes xsave avx f16c rdrand hypervisor lahf_lm abm 3dnowprefetch cpuid_fault invpcid_single pti ssbd ibrs ibpb stibp fsgsbase tsc_adjust bmi1 avx2 smep bmi2 invpcid rdseed adx smap xsaveopt arat flush_l1d arch_capabilities
bugs		: cpu_meltdown spectre_v1 spectre_v2 spec_store_bypass l1tf mds swapgs itlb_multihit
bogomips	: 4415.99
clflush size	: 64
cache_alignment	: 64
address sizes	: 42 bits physical, 48 bits virtual
power management:

processor	: 1
vendor_id	: GenuineIntel
cpu family	: 6
model		: 158
model name	: Intel(R) Core(TM) i7-8750H CPU @ 2.20GHz
stepping	: 10
microcode	: 0x96
cpu MHz		: 2207.999
cache size	: 9216 KB
physical id	: 0
siblings	: 2
core id		: 1
cpu cores	: 2
apicid		: 1
initial apicid	: 1
fpu		: yes
fpu_exception	: yes
cpuid level	: 22
wp		: yes
flags		: fpu vme de pse tsc msr pae mce cx8 apic sep mtrr pge mca cmov pat pse36 clflush mmx fxsr sse sse2 ss ht syscall nx pdpe1gb rdtscp lm constant_tsc arch_perfmon nopl xtopology tsc_reliable nonstop_tsc cpuid pni pclmulqdq ssse3 fma cx16 pcid sse4_1 sse4_2 x2apic movbe popcnt tsc_deadline_timer aes xsave avx f16c rdrand hypervisor lahf_lm abm 3dnowprefetch cpuid_fault invpcid_single pti ssbd ibrs ibpb stibp fsgsbase tsc_adjust bmi1 avx2 smep bmi2 invpcid rdseed adx smap xsaveopt arat flush_l1d arch_capabilities
bugs		: cpu_meltdown spectre_v1 spectre_v2 spec_store_bypass l1tf mds swapgs itlb_multihit
bogomips	: 4415.99
clflush size	: 64
cache_alignment	: 64
address sizes	: 42 bits physical, 48 bits virtual
power management:



Memory: 4k page, physical 8144704k(1069812k free), swap 998396k(316k free)

vm_info: Java HotSpot(TM) 64-Bit Server VM (25.181-b13) for linux-amd64 JRE (1.8.0_181-b13), built on Jul  7 2018 00:56:38 by "java_re" with gcc 4.3.0 20080428 (Red Hat 4.3.0-8)

time: Fri Mar 27 14:46:30 2020
elapsed time: 121 seconds (0d 0h 2m 1s)

