#
# There is insufficient memory for the Java Runtime Environment to continue.
# Native memory allocation (mmap) failed to map 148897792 bytes for committing reserved memory.
# Possible reasons:
#   The system is out of physical RAM or swap space
#   In 32 bit mode, the process size limit was hit
# Possible solutions:
#   Reduce memory load on the system
#   Increase physical memory or swap space
#   Check if swap backing store is full
#   Use 64 bit Java on a 64 bit OS
#   Decrease Java heap size (-Xmx/-Xms)
#   Decrease number of Java threads
#   Decrease Java thread stack sizes (-Xss)
#   Set larger code cache with -XX:ReservedCodeCacheSize=
# This output file may be truncated or incomplete.
#
#  Out of Memory Error (os_linux.cpp:2640), pid=78916, tid=0x00007f3b3f6f6700
#
# JRE version: Java(TM) SE Runtime Environment (8.0_181-b13) (build 1.8.0_181-b13)
# Java VM: Java HotSpot(TM) 64-Bit Server VM (25.181-b13 mixed mode linux-amd64 compressed oops)
# Failed to write core dump. Core dumps have been disabled. To enable core dumping, try "ulimit -c unlimited" before starting Java again
#

---------------  T H R E A D  ---------------

Current thread (0x00007f3b580fb800):  VMThread [stack: 0x00007f3b3f5f6000,0x00007f3b3f6f7000] [id=78952]

Stack: [0x00007f3b3f5f6000,0x00007f3b3f6f7000],  sp=0x00007f3b3f6f5020,  free space=1020k
Native frames: (J=compiled Java code, j=interpreted, Vv=VM code, C=native code)
V  [libjvm.so+0xad21aa]  VMError::report_and_die()+0x2ba
V  [libjvm.so+0x5022db]  report_vm_out_of_memory(char const*, int, unsigned long, VMErrorType, char const*)+0x8b
V  [libjvm.so+0x92fe33]  os::Linux::commit_memory_impl(char*, unsigned long, bool)+0x123
V  [libjvm.so+0x930059]  os::pd_commit_memory(char*, unsigned long, unsigned long, bool)+0x29
V  [libjvm.so+0x9272ba]  os::commit_memory(char*, unsigned long, unsigned long, bool)+0x2a
V  [libjvm.so+0x99d2e3]  PSVirtualSpace::expand_by(unsigned long)+0x53
V  [libjvm.so+0x99e6e8]  PSYoungGen::resize_generation(unsigned long, unsigned long)+0xf8
V  [libjvm.so+0x99d842]  PSYoungGen::resize(unsigned long, unsigned long)+0x22
V  [libjvm.so+0x99ab1b]  PSScavenge::invoke_no_policy()+0xf3b
V  [libjvm.so+0x99b2a1]  PSScavenge::invoke()+0x41
V  [libjvm.so+0x951d70]  ParallelScavengeHeap::failed_mem_allocate(unsigned long)+0x70
V  [libjvm.so+0xad3c27]  VM_ParallelGCFailedAllocation::doit()+0x97
V  [libjvm.so+0xadb745]  VM_Operation::evaluate()+0x55
V  [libjvm.so+0xad9b0a]  VMThread::evaluate_operation(VM_Operation*)+0xba
V  [libjvm.so+0xad9e8e]  VMThread::loop()+0x1ce
V  [libjvm.so+0xada300]  VMThread::run()+0x70
V  [libjvm.so+0x930198]  java_start(Thread*)+0x108

VM_Operation (0x00007f3b3d19b640): ParallelGCFailedAllocation, mode: safepoint, requested by thread 0x0000000002479000


---------------  P R O C E S S  ---------------

Java Threads: ( => current thread )
  0x000000000247a000 JavaThread "RMI TCP Connection(6)-127.0.0.1" daemon [_thread_blocked, id=79457, stack(0x00007f3b3c69d000,0x00007f3b3c79e000)]
  0x0000000002479000 JavaThread "RMI TCP Connection(5)-127.0.0.1" daemon [_thread_blocked, id=79440, stack(0x00007f3b3d0a1000,0x00007f3b3d1a2000)]
  0x0000000002477800 JavaThread "RMI TCP Connection(idle)" daemon [_thread_blocked, id=79352, stack(0x00007f3b3cd9e000,0x00007f3b3ce9f000)]
  0x00007f3b30050000 JavaThread "RMI Scheduler(0)" daemon [_thread_blocked, id=79348, stack(0x00007f3b3ce9f000,0x00007f3b3cfa0000)]
  0x00007f3b3004a800 JavaThread "RMI RenewClean-[127.0.0.1:2655]" daemon [_thread_blocked, id=79332, stack(0x00007f3b3cfa0000,0x00007f3b3d0a1000)]
  0x00007f3b08005800 JavaThread "pool-3-thread-3" [_thread_in_native, id=79252, stack(0x00007f3b3d1a2000,0x00007f3b3d2a3000)]
  0x00007f3b08004000 JavaThread "pool-3-thread-2" [_thread_in_native, id=79250, stack(0x00007f3b3d2a3000,0x00007f3b3d3a4000)]
  0x00007f3b08003000 JavaThread "pool-3-thread-1" [_thread_in_native, id=79245, stack(0x00007f3b3d3a4000,0x00007f3b3d4a5000)]
  0x00007f3b58373800 JavaThread "Thread-3" [_thread_in_native, id=79120, stack(0x00007f3b3d4a5000,0x00007f3b3d5a6000)]
  0x00007f3b58372000 JavaThread "Thread-2" [_thread_in_native, id=79118, stack(0x00007f3b3d5a6000,0x00007f3b3d6a7000)]
  0x00007f3b58370800 JavaThread "process reaper" daemon [_thread_in_native, id=79114, stack(0x00007f3b3d6a7000,0x00007f3b3d6e0000)]
  0x00007f3b5836a800 JavaThread "pool-2-thread-1" [_thread_in_native, id=79072, stack(0x00007f3b3d6e0000,0x00007f3b3d7e1000)]
  0x00007f3b58368800 JavaThread "GC Daemon" daemon [_thread_blocked, id=79061, stack(0x00007f3b3d7e1000,0x00007f3b3d8e2000)]
  0x00007f3b58365800 JavaThread "RMI Reaper" [_thread_blocked, id=79058, stack(0x00007f3b3d8e2000,0x00007f3b3d9e3000)]
  0x00007f3b5835c800 JavaThread "RMI TCP Accept-7824" daemon [_thread_in_native, id=79052, stack(0x00007f3b3d9e3000,0x00007f3b3dae4000)]
  0x00007f3b58357800 JavaThread "RMI TCP Accept-5908" daemon [_thread_in_native, id=79042, stack(0x00007f3b3dae4000,0x00007f3b3dbe5000)]
  0x00007f3b58293800 JavaThread "logback-3" daemon [_thread_blocked, id=79034, stack(0x00007f3b3dde5000,0x00007f3b3dee6000)]
  0x00007f3b58292000 JavaThread "logback-2" daemon [_thread_blocked, id=79031, stack(0x00007f3b3dee6000,0x00007f3b3dfe7000)]
  0x00007f3b58290800 JavaThread "logback-1" daemon [_thread_blocked, id=79029, stack(0x00007f3b3dfe7000,0x00007f3b3e0e8000)]
  0x00007f3b58141800 JavaThread "Service Thread" daemon [_thread_blocked, id=79003, stack(0x00007f3b3e631000,0x00007f3b3e732000)]
  0x00007f3b5813f000 JavaThread "C1 CompilerThread1" daemon [_thread_blocked, id=78987, stack(0x00007f3b3e732000,0x00007f3b3e833000)]
  0x00007f3b5813c000 JavaThread "C2 CompilerThread0" daemon [_thread_blocked, id=78978, stack(0x00007f3b3e833000,0x00007f3b3e934000)]
  0x00007f3b5813a800 JavaThread "Signal Dispatcher" daemon [_thread_blocked, id=78974, stack(0x00007f3b3e934000,0x00007f3b3ea35000)]
  0x00007f3b58107800 JavaThread "Finalizer" daemon [_thread_blocked, id=78969, stack(0x00007f3b3f3f4000,0x00007f3b3f4f5000)]
  0x00007f3b58105000 JavaThread "Reference Handler" daemon [_thread_blocked, id=78960, stack(0x00007f3b3f4f5000,0x00007f3b3f5f6000)]
  0x00007f3b5800a800 JavaThread "main" [_thread_in_native, id=78929, stack(0x00007f3b5f814000,0x00007f3b5f915000)]

Other Threads:
=>0x00007f3b580fb800 VMThread [stack: 0x00007f3b3f5f6000,0x00007f3b3f6f7000] [id=78952]
  0x00007f3b58146800 WatcherThread [stack: 0x00007f3b3e530000,0x00007f3b3e631000] [id=79006]

VM state:at safepoint (normal execution)

VM Mutex/Monitor currently owned by a thread:  ([mutex/lock_event])
[0x00007f3b58006cc0] Threads_lock - owner thread: 0x00007f3b580fb800
[0x00007f3b580071c0] Heap_lock - owner thread: 0x0000000002479000

Heap:
 PSYoungGen      total 136192K, used 7672K [0x00000000d6900000, 0x00000000df800000, 0x0000000100000000)
  eden space 128512K, 0% used [0x00000000d6900000,0x00000000d6900000,0x00000000de680000)
  from space 7680K, 99% used [0x00000000de680000,0x00000000dedfe2e0,0x00000000dee00000)
  to   space 5120K, 0% used [0x00000000dee00000,0x00000000dee00000,0x00000000df300000)
 ParOldGen       total 86016K, used 25842K [0x0000000083a00000, 0x0000000088e00000, 0x00000000d6900000)
  object space 86016K, 30% used [0x0000000083a00000,0x000000008533cbc0,0x0000000088e00000)
 Metaspace       used 18290K, capacity 18814K, committed 18944K, reserved 1067008K
  class space    used 2072K, capacity 2241K, committed 2304K, reserved 1048576K

Card table byte_map: [0x00007f3b5c1bf000,0x00007f3b5c5a3000] byte_map_base: 0x00007f3b5bda2000

Marking Bits: (ParMarkBitMap*) 0x00007f3b5ecdf0a0
 Begin Bits: [0x00007f3b44e37000, 0x00007f3b46d4f000)
 End Bits:   [0x00007f3b46d4f000, 0x00007f3b48c67000)

Polling page: 0x00007f3b5f931000

CodeCache: size=245760Kb used=7344Kb max_used=7344Kb free=238415Kb
 bounds [0x00007f3b49000000, 0x00007f3b49740000, 0x00007f3b58000000]
 total_blobs=2542 nmethods=2119 adapters=336
 compilation: enabled

Compilation events (10 events):
Event: 134.826 Thread 0x00007f3b5813f000 2268       2       org.evosuite.runtime.instrumentation.MultiMethodVisitor::visitMethodInsn (29 bytes)
Event: 134.826 Thread 0x00007f3b5813f000 nmethod 2268 0x00007f3b4972b690 code [0x00007f3b4972b800, 0x00007f3b4972b9f8]
Event: 134.826 Thread 0x00007f3b5813f000 2269       2       org.evosuite.runtime.instrumentation.RemoveFinalMethodAdapter::visitMethodInsn (99 bytes)
Event: 134.826 Thread 0x00007f3b5813f000 nmethod 2269 0x00007f3b4972bad0 code [0x00007f3b4972bc80, 0x00007f3b4972c008]
Event: 134.871 Thread 0x00007f3b5813f000 2270       2       java.util.regex.Pattern::closure (477 bytes)
Event: 134.873 Thread 0x00007f3b5813f000 nmethod 2270 0x00007f3b4972c950 code [0x00007f3b4972cc80, 0x00007f3b4972e208]
Event: 134.896 Thread 0x00007f3b5813f000 2272       2       org.evosuite.shaded.org.objectweb.asm.commons.AdviceAdapter::<init> (34 bytes)
Event: 134.896 Thread 0x00007f3b5813f000 nmethod 2272 0x00007f3b4972f810 code [0x00007f3b4972f980, 0x00007f3b4972fb78]
Event: 134.918 Thread 0x00007f3b5813f000 2273       2       java.io.ExpiringCache::entryFor (57 bytes)
Event: 134.918 Thread 0x00007f3b5813f000 nmethod 2273 0x00007f3b4972ffd0 code [0x00007f3b49730160, 0x00007f3b497303b8]

GC Heap History (10 events):
Event: 125.756 GC heap after
Heap after GC invocations=3 (full 1):
 PSYoungGen      total 37888K, used 5110K [0x00000000d6900000, 0x00000000d9300000, 0x0000000100000000)
  eden space 32768K, 0% used [0x00000000d6900000,0x00000000d6900000,0x00000000d8900000)
  from space 5120K, 99% used [0x00000000d8e00000,0x00000000d92fd960,0x00000000d9300000)
  to   space 5120K, 0% used [0x00000000d8900000,0x00000000d8900000,0x00000000d8e00000)
 ParOldGen       total 86016K, used 4436K [0x0000000083a00000, 0x0000000088e00000, 0x00000000d6900000)
  object space 86016K, 5% used [0x0000000083a00000,0x0000000083e55100,0x0000000088e00000)
 Metaspace       used 13764K, capacity 14142K, committed 14336K, reserved 1062912K
  class space    used 1581K, capacity 1700K, committed 1792K, reserved 1048576K
}
Event: 127.652 GC heap before
{Heap before GC invocations=4 (full 1):
 PSYoungGen      total 37888K, used 37878K [0x00000000d6900000, 0x00000000d9300000, 0x0000000100000000)
  eden space 32768K, 100% used [0x00000000d6900000,0x00000000d8900000,0x00000000d8900000)
  from space 5120K, 99% used [0x00000000d8e00000,0x00000000d92fd960,0x00000000d9300000)
  to   space 5120K, 0% used [0x00000000d8900000,0x00000000d8900000,0x00000000d8e00000)
 ParOldGen       total 86016K, used 4436K [0x0000000083a00000, 0x0000000088e00000, 0x00000000d6900000)
  object space 86016K, 5% used [0x0000000083a00000,0x0000000083e55100,0x0000000088e00000)
 Metaspace       used 13909K, capacity 14282K, committed 14592K, reserved 1062912K
  class space    used 1583K, capacity 1702K, committed 1792K, reserved 1048576K
Event: 127.690 GC heap after
Heap after GC invocations=4 (full 1):
 PSYoungGen      total 37888K, used 4788K [0x00000000d6900000, 0x00000000db300000, 0x0000000100000000)
  eden space 32768K, 0% used [0x00000000d6900000,0x00000000d6900000,0x00000000d8900000)
  from space 5120K, 93% used [0x00000000d8900000,0x00000000d8dad1a0,0x00000000d8e00000)
  to   space 5120K, 0% used [0x00000000dae00000,0x00000000dae00000,0x00000000db300000)
 ParOldGen       total 86016K, used 4436K [0x0000000083a00000, 0x0000000088e00000, 0x00000000d6900000)
  object space 86016K, 5% used [0x0000000083a00000,0x0000000083e55100,0x0000000088e00000)
 Metaspace       used 13909K, capacity 14282K, committed 14592K, reserved 1062912K
  class space    used 1583K, capacity 1702K, committed 1792K, reserved 1048576K
}
Event: 128.284 GC heap before
{Heap before GC invocations=5 (full 1):
 PSYoungGen      total 37888K, used 37556K [0x00000000d6900000, 0x00000000db300000, 0x0000000100000000)
  eden space 32768K, 100% used [0x00000000d6900000,0x00000000d8900000,0x00000000d8900000)
  from space 5120K, 93% used [0x00000000d8900000,0x00000000d8dad1a0,0x00000000d8e00000)
  to   space 5120K, 0% used [0x00000000dae00000,0x00000000dae00000,0x00000000db300000)
 ParOldGen       total 86016K, used 4436K [0x0000000083a00000, 0x0000000088e00000, 0x00000000d6900000)
  object space 86016K, 5% used [0x0000000083a00000,0x0000000083e55100,0x0000000088e00000)
 Metaspace       used 13990K, capacity 14416K, committed 14592K, reserved 1062912K
  class space    used 1584K, capacity 1703K, committed 1792K, reserved 1048576K
Event: 128.307 GC heap after
Heap after GC invocations=5 (full 1):
 PSYoungGen      total 70656K, used 5109K [0x00000000d6900000, 0x00000000db300000, 0x0000000100000000)
  eden space 65536K, 0% used [0x00000000d6900000,0x00000000d6900000,0x00000000da900000)
  from space 5120K, 99% used [0x00000000dae00000,0x00000000db2fd780,0x00000000db300000)
  to   space 5120K, 0% used [0x00000000da900000,0x00000000da900000,0x00000000dae00000)
 ParOldGen       total 86016K, used 5004K [0x0000000083a00000, 0x0000000088e00000, 0x00000000d6900000)
  object space 86016K, 5% used [0x0000000083a00000,0x0000000083ee31d0,0x0000000088e00000)
 Metaspace       used 13990K, capacity 14416K, committed 14592K, reserved 1062912K
  class space    used 1584K, capacity 1703K, committed 1792K, reserved 1048576K
}
Event: 129.187 GC heap before
{Heap before GC invocations=6 (full 1):
 PSYoungGen      total 70656K, used 70645K [0x00000000d6900000, 0x00000000db300000, 0x0000000100000000)
  eden space 65536K, 100% used [0x00000000d6900000,0x00000000da900000,0x00000000da900000)
  from space 5120K, 99% used [0x00000000dae00000,0x00000000db2fd780,0x00000000db300000)
  to   space 5120K, 0% used [0x00000000da900000,0x00000000da900000,0x00000000dae00000)
 ParOldGen       total 86016K, used 5004K [0x0000000083a00000, 0x0000000088e00000, 0x00000000d6900000)
  object space 86016K, 5% used [0x0000000083a00000,0x0000000083ee31d0,0x0000000088e00000)
 Metaspace       used 14030K, capacity 14416K, committed 14592K, reserved 1062912K
  class space    used 1584K, capacity 1703K, committed 1792K, reserved 1048576K
Event: 129.196 GC heap after
Heap after GC invocations=6 (full 1):
 PSYoungGen      total 70656K, used 5095K [0x00000000d6900000, 0x00000000df300000, 0x0000000100000000)
  eden space 65536K, 0% used [0x00000000d6900000,0x00000000d6900000,0x00000000da900000)
  from space 5120K, 99% used [0x00000000da900000,0x00000000dadf9ff0,0x00000000dae00000)
  to   space 5120K, 0% used [0x00000000dee00000,0x00000000dee00000,0x00000000df300000)
 ParOldGen       total 86016K, used 5458K [0x0000000083a00000, 0x0000000088e00000, 0x00000000d6900000)
  object space 86016K, 6% used [0x0000000083a00000,0x0000000083f549f0,0x0000000088e00000)
 Metaspace       used 14030K, capacity 14416K, committed 14592K, reserved 1062912K
  class space    used 1584K, capacity 1703K, committed 1792K, reserved 1048576K
}
Event: 130.169 GC heap before
{Heap before GC invocations=7 (full 1):
 PSYoungGen      total 70656K, used 70631K [0x00000000d6900000, 0x00000000df300000, 0x0000000100000000)
  eden space 65536K, 100% used [0x00000000d6900000,0x00000000da900000,0x00000000da900000)
  from space 5120K, 99% used [0x00000000da900000,0x00000000dadf9ff0,0x00000000dae00000)
  to   space 5120K, 0% used [0x00000000dee00000,0x00000000dee00000,0x00000000df300000)
 ParOldGen       total 86016K, used 5458K [0x0000000083a00000, 0x0000000088e00000, 0x00000000d6900000)
  object space 86016K, 6% used [0x0000000083a00000,0x0000000083f549f0,0x0000000088e00000)
 Metaspace       used 14184K, capacity 14608K, committed 14848K, reserved 1062912K
  class space    used 1585K, capacity 1703K, committed 1792K, reserved 1048576K
Event: 130.228 GC heap after
Heap after GC invocations=7 (full 1):
 PSYoungGen      total 133632K, used 5088K [0x00000000d6900000, 0x00000000df800000, 0x0000000100000000)
  eden space 128512K, 0% used [0x00000000d6900000,0x00000000d6900000,0x00000000de680000)
  from space 5120K, 99% used [0x00000000dee00000,0x00000000df2f8248,0x00000000df300000)
  to   space 7680K, 0% used [0x00000000de680000,0x00000000de680000,0x00000000dee00000)
 ParOldGen       total 86016K, used 8320K [0x0000000083a00000, 0x0000000088e00000, 0x00000000d6900000)
  object space 86016K, 9% used [0x0000000083a00000,0x0000000084220160,0x0000000088e00000)
 Metaspace       used 14184K, capacity 14608K, committed 14848K, reserved 1062912K
  class space    used 1585K, capacity 1703K, committed 1792K, reserved 1048576K
}
Event: 134.959 GC heap before
{Heap before GC invocations=8 (full 1):
 PSYoungGen      total 133632K, used 133600K [0x00000000d6900000, 0x00000000df800000, 0x0000000100000000)
  eden space 128512K, 100% used [0x00000000d6900000,0x00000000de680000,0x00000000de680000)
  from space 5120K, 99% used [0x00000000dee00000,0x00000000df2f8248,0x00000000df300000)
  to   space 7680K, 0% used [0x00000000de680000,0x00000000de680000,0x00000000dee00000)
 ParOldGen       total 86016K, used 8320K [0x0000000083a00000, 0x0000000088e00000, 0x00000000d6900000)
  object space 86016K, 9% used [0x0000000083a00000,0x0000000084220160,0x0000000088e00000)
 Metaspace       used 18290K, capacity 18814K, committed 18944K, reserved 1067008K
  class space    used 2072K, capacity 2241K, committed 2304K, reserved 1048576K

Deoptimization events (10 events):
Event: 131.444 Thread 0x0000000002479000 Uncommon trap: reason=unstable_if action=reinterpret pc=0x00007f3b493e1540 method=java.io.ObjectInputStream$HandleTable.lookupObject(I)Ljava/lang/Object; @ 12
Event: 131.444 Thread 0x0000000002479000 Uncommon trap: reason=unstable_if action=reinterpret pc=0x00007f3b493ea7c0 method=java.io.ObjectInputStream$HandleTable.lookupException(I)Ljava/lang/ClassNotFoundException; @ 12
Event: 131.645 Thread 0x0000000002477800 Uncommon trap: reason=unstable_if action=reinterpret pc=0x00007f3b49461258 method=org.evosuite.shaded.org.objectweb.asm.Item.isEqualTo(Lorg/evosuite/shaded/org/objectweb/asm/Item;)Z @ 345
Event: 131.966 Thread 0x0000000002479000 Uncommon trap: reason=unstable_if action=reinterpret pc=0x00007f3b493fca58 method=java.util.HashMap.putVal(ILjava/lang/Object;Ljava/lang/Object;ZZ)Ljava/lang/Object; @ 162
Event: 131.967 Thread 0x0000000002479000 Uncommon trap: reason=unstable_if action=reinterpret pc=0x00007f3b496ac9a8 method=org.evosuite.shaded.org.objectweb.asm.Type.getArgumentsAndReturnSizes(Ljava/lang/String;)I @ 136
Event: 132.291 Thread 0x0000000002479000 Uncommon trap: reason=unstable_if action=reinterpret pc=0x00007f3b496cec78 method=org.evosuite.shaded.org.objectweb.asm.Frame.merge(Lorg/evosuite/shaded/org/objectweb/asm/ClassWriter;Lorg/evosuite/shaded/org/objectweb/asm/Frame;I)Z @ 378
Event: 132.397 Thread 0x0000000002479000 Uncommon trap: reason=unstable_if action=reinterpret pc=0x00007f3b493ea7c0 method=java.io.ObjectInputStream$HandleTable.lookupException(I)Ljava/lang/ClassNotFoundException; @ 12
Event: 132.399 Thread 0x0000000002479000 Uncommon trap: reason=unstable_if action=reinterpret pc=0x00007f3b493ea7c0 method=java.io.ObjectInputStream$HandleTable.lookupException(I)Ljava/lang/ClassNotFoundException; @ 12
Event: 132.399 Thread 0x0000000002479000 Uncommon trap: reason=unstable_if action=reinterpret pc=0x00007f3b493ea7c0 method=java.io.ObjectInputStream$HandleTable.lookupException(I)Ljava/lang/ClassNotFoundException; @ 12
Event: 132.399 Thread 0x0000000002479000 Uncommon trap: reason=unstable_if action=reinterpret pc=0x00007f3b493ea7c0 method=java.io.ObjectInputStream$HandleTable.lookupException(I)Ljava/lang/ClassNotFoundException; @ 12

Classes redefined (0 events):
No events

Internal exceptions (10 events):
Event: 132.665 Thread 0x0000000002477800 Exception <a 'java/lang/LinkageError': loader (instance of  org/evosuite/instrumentation/InstrumentingClassLoader): attempted  duplicate class definition for name: "org/jfree/chart/renderer/category/ScatterRenderer"> (0x00000000da62e4e8) thrown at [/HUDSO
Event: 132.692 Thread 0x0000000002479000 Exception <a 'java/lang/reflect/InvocationTargetException'> (0x00000000da5bd7f8) thrown at [/HUDSON/workspace/8-2-build-linux-amd64/jdk8u181/11358/hotspot/src/share/vm/runtime/reflection.cpp, line 1092]
Event: 132.694 Thread 0x0000000002477800 Exception <a 'java/lang/reflect/InvocationTargetException'> (0x00000000da6328e0) thrown at [/HUDSON/workspace/8-2-build-linux-amd64/jdk8u181/11358/hotspot/src/share/vm/runtime/reflection.cpp, line 1092]
Event: 132.898 Thread 0x0000000002477800 Exception <a 'java/lang/LinkageError': loader (instance of  org/evosuite/instrumentation/InstrumentingClassLoader): attempted  duplicate class definition for name: "org/jfree/data/statistics/DefaultMultiValueCategoryDataset"> (0x00000000da7f34e0) thrown a
Event: 132.899 Thread 0x0000000002477800 Exception <a 'java/lang/reflect/InvocationTargetException'> (0x00000000da7f6b78) thrown at [/HUDSON/workspace/8-2-build-linux-amd64/jdk8u181/11358/hotspot/src/share/vm/runtime/reflection.cpp, line 1092]
Event: 132.933 Thread 0x0000000002477800 Exception <a 'java/lang/NoSuchMethodError': <clinit>> (0x00000000dab1ae38) thrown at [/HUDSON/workspace/8-2-build-linux-amd64/jdk8u181/11358/hotspot/src/share/vm/prims/jni.cpp, line 1613]
Event: 134.140 Thread 0x00007f3b58290800 Exception <a 'java/net/ConnectException'> (0x00000000dcdf4ad8) thrown at [/HUDSON/workspace/8-2-build-linux-amd64/jdk8u181/11358/hotspot/src/share/vm/prims/jni.cpp, line 709]
Event: 134.140 Thread 0x00007f3b58293800 Exception <a 'java/net/ConnectException'> (0x00000000dcd23d80) thrown at [/HUDSON/workspace/8-2-build-linux-amd64/jdk8u181/11358/hotspot/src/share/vm/prims/jni.cpp, line 709]
Event: 134.140 Thread 0x00007f3b58292000 Exception <a 'java/net/ConnectException'> (0x00000000dcec58f0) thrown at [/HUDSON/workspace/8-2-build-linux-amd64/jdk8u181/11358/hotspot/src/share/vm/prims/jni.cpp, line 709]
Event: 134.958 Thread 0x0000000002479000 Exception <a 'java/lang/LinkageError': loader (instance of  org/evosuite/instrumentation/InstrumentingClassLoader): attempted  duplicate class definition for name: "org/jfree/chart/axis/CategoryAxis3D"> (0x00000000de5f56d8) thrown at [/HUDSON/workspace/8-

Events (10 events):
Event: 134.827 loading class java/awt/image/ImageProducer done
Event: 134.827 loading class java/awt/image/SampleModel
Event: 134.827 loading class java/awt/image/SampleModel done
Event: 134.827 loading class java/awt/image/TileObserver
Event: 134.827 loading class java/awt/image/TileObserver done
Event: 134.827 loading class java/awt/geom/Line2D$Float
Event: 134.828 loading class java/awt/geom/Line2D$Float done
Event: 134.894 Thread 0x000000000247a000 DEOPT PACKING pc=0x00007f3b492d336c sp=0x00007f3b3c797f20
Event: 134.894 Thread 0x000000000247a000 DEOPT UNPACKING pc=0x00007f3b49047784 sp=0x00007f3b3c797c18 mode 0
Event: 134.959 Executing VM operation: ParallelGCFailedAllocation


Dynamic libraries:
00400000-00401000 r-xp 00000000 08:01 1448396                            /usr/lib/jvm/jdk1.8.0_181/bin/java
00600000-00601000 rw-p 00000000 08:01 1448396                            /usr/lib/jvm/jdk1.8.0_181/bin/java
02475000-02496000 rw-p 00000000 00:00 0                                  [heap]
83a00000-88e00000 rw-p 00000000 00:00 0 
88e00000-d6900000 ---p 00000000 00:00 0 
d6900000-df800000 rw-p 00000000 00:00 0 
e8600000-100000000 ---p 00000000 00:00 0 
100000000-100240000 rw-p 00000000 00:00 0 
100240000-140000000 ---p 00000000 00:00 0 
7f3b00000000-7f3b00021000 rw-p 00000000 00:00 0 
7f3b00021000-7f3b04000000 ---p 00000000 00:00 0 
7f3b08000000-7f3b08021000 rw-p 00000000 00:00 0 
7f3b08021000-7f3b0c000000 ---p 00000000 00:00 0 
7f3b0c000000-7f3b0c021000 rw-p 00000000 00:00 0 
7f3b0c021000-7f3b10000000 ---p 00000000 00:00 0 
7f3b10000000-7f3b10021000 rw-p 00000000 00:00 0 
7f3b10021000-7f3b14000000 ---p 00000000 00:00 0 
7f3b14000000-7f3b14021000 rw-p 00000000 00:00 0 
7f3b14021000-7f3b18000000 ---p 00000000 00:00 0 
7f3b18fff000-7f3b1c000000 rw-p 00000000 00:00 0 
7f3b1c000000-7f3b1c7bd000 rw-p 00000000 00:00 0 
7f3b1c7bd000-7f3b20000000 ---p 00000000 00:00 0 
7f3b20000000-7f3b20021000 rw-p 00000000 00:00 0 
7f3b20021000-7f3b24000000 ---p 00000000 00:00 0 
7f3b24000000-7f3b24021000 rw-p 00000000 00:00 0 
7f3b24021000-7f3b28000000 ---p 00000000 00:00 0 
7f3b28000000-7f3b28ddb000 rw-p 00000000 00:00 0 
7f3b28ddb000-7f3b2c000000 ---p 00000000 00:00 0 
7f3b2c000000-7f3b2c021000 rw-p 00000000 00:00 0 
7f3b2c021000-7f3b30000000 ---p 00000000 00:00 0 
7f3b30000000-7f3b30053000 rw-p 00000000 00:00 0 
7f3b30053000-7f3b34000000 ---p 00000000 00:00 0 
7f3b34000000-7f3b342e2000 rw-p 00000000 00:00 0 
7f3b342e2000-7f3b38000000 ---p 00000000 00:00 0 
7f3b38000000-7f3b38203000 rw-p 00000000 00:00 0 
7f3b38203000-7f3b3c000000 ---p 00000000 00:00 0 
7f3b3c49d000-7f3b3c4dd000 rw-p 00000000 00:00 0 
7f3b3c4dd000-7f3b3c69d000 ---p 00000000 00:00 0 
7f3b3c69d000-7f3b3c6a0000 ---p 00000000 00:00 0 
7f3b3c6a0000-7f3b3c99e000 rw-p 00000000 00:00 0 
7f3b3c99e000-7f3b3cb9e000 rw-p 00000000 00:00 0 
7f3b3cb9e000-7f3b3cd9e000 rw-p 00000000 00:00 0 
7f3b3cd9e000-7f3b3cda1000 ---p 00000000 00:00 0 
7f3b3cda1000-7f3b3ce9f000 rw-p 00000000 00:00 0 
7f3b3ce9f000-7f3b3cea2000 ---p 00000000 00:00 0 
7f3b3cea2000-7f3b3cfa0000 rw-p 00000000 00:00 0 
7f3b3cfa0000-7f3b3cfa3000 ---p 00000000 00:00 0 
7f3b3cfa3000-7f3b3d0a1000 rw-p 00000000 00:00 0 
7f3b3d0a1000-7f3b3d0a4000 ---p 00000000 00:00 0 
7f3b3d0a4000-7f3b3d1a2000 rw-p 00000000 00:00 0 
7f3b3d1a2000-7f3b3d1a5000 ---p 00000000 00:00 0 
7f3b3d1a5000-7f3b3d2a3000 rw-p 00000000 00:00 0 
7f3b3d2a3000-7f3b3d2a6000 ---p 00000000 00:00 0 
7f3b3d2a6000-7f3b3d3a4000 rw-p 00000000 00:00 0 
7f3b3d3a4000-7f3b3d3a7000 ---p 00000000 00:00 0 
7f3b3d3a7000-7f3b3d4a5000 rw-p 00000000 00:00 0 
7f3b3d4a5000-7f3b3d4a8000 ---p 00000000 00:00 0 
7f3b3d4a8000-7f3b3d5a6000 rw-p 00000000 00:00 0 
7f3b3d5a6000-7f3b3d5a9000 ---p 00000000 00:00 0 
7f3b3d5a9000-7f3b3d6a7000 rw-p 00000000 00:00 0 
7f3b3d6a7000-7f3b3d6aa000 ---p 00000000 00:00 0 
7f3b3d6aa000-7f3b3d6e0000 rw-p 00000000 00:00 0 
7f3b3d6e0000-7f3b3d6e3000 ---p 00000000 00:00 0 
7f3b3d6e3000-7f3b3d7e1000 rw-p 00000000 00:00 0 
7f3b3d7e1000-7f3b3d7e4000 ---p 00000000 00:00 0 
7f3b3d7e4000-7f3b3d8e2000 rw-p 00000000 00:00 0 
7f3b3d8e2000-7f3b3d8e5000 ---p 00000000 00:00 0 
7f3b3d8e5000-7f3b3d9e3000 rw-p 00000000 00:00 0 
7f3b3d9e3000-7f3b3d9e6000 ---p 00000000 00:00 0 
7f3b3d9e6000-7f3b3dae4000 rw-p 00000000 00:00 0 
7f3b3dae4000-7f3b3dae7000 ---p 00000000 00:00 0 
7f3b3dae7000-7f3b3dde5000 rw-p 00000000 00:00 0 
7f3b3dde5000-7f3b3dde8000 ---p 00000000 00:00 0 
7f3b3dde8000-7f3b3dee6000 rw-p 00000000 00:00 0 
7f3b3dee6000-7f3b3dee9000 ---p 00000000 00:00 0 
7f3b3dee9000-7f3b3dfe7000 rw-p 00000000 00:00 0 
7f3b3dfe7000-7f3b3dfea000 ---p 00000000 00:00 0 
7f3b3dfea000-7f3b3e0e8000 rw-p 00000000 00:00 0 
7f3b3e0e8000-7f3b3e0fe000 r-xp 00000000 08:01 2756237                    /usr/lib/jvm/jdk1.8.0_181/jre/lib/amd64/libnet.so
7f3b3e0fe000-7f3b3e2fe000 ---p 00016000 08:01 2756237                    /usr/lib/jvm/jdk1.8.0_181/jre/lib/amd64/libnet.so
7f3b3e2fe000-7f3b3e2ff000 rw-p 00016000 08:01 2756237                    /usr/lib/jvm/jdk1.8.0_181/jre/lib/amd64/libnet.so
7f3b3e2ff000-7f3b3e530000 r--s 01bb1000 08:01 1706762                    /home/whj/dowork/DiffTGen/lib/evosuite-1.0.6.jar
7f3b3e530000-7f3b3e531000 ---p 00000000 00:00 0 
7f3b3e531000-7f3b3e631000 rw-p 00000000 00:00 0 
7f3b3e631000-7f3b3e634000 ---p 00000000 00:00 0 
7f3b3e634000-7f3b3e732000 rw-p 00000000 00:00 0 
7f3b3e732000-7f3b3e735000 ---p 00000000 00:00 0 
7f3b3e735000-7f3b3e833000 rw-p 00000000 00:00 0 
7f3b3e833000-7f3b3e836000 ---p 00000000 00:00 0 
7f3b3e836000-7f3b3e934000 rw-p 00000000 00:00 0 
7f3b3e934000-7f3b3e937000 ---p 00000000 00:00 0 
7f3b3e937000-7f3b3ea35000 rw-p 00000000 00:00 0 
7f3b3ea35000-7f3b3f3f4000 r--p 00000000 08:01 1316108                    /usr/lib/locale/locale-archive
7f3b3f3f4000-7f3b3f3f7000 ---p 00000000 00:00 0 
7f3b3f3f7000-7f3b3f4f5000 rw-p 00000000 00:00 0 
7f3b3f4f5000-7f3b3f4f8000 ---p 00000000 00:00 0 
7f3b3f4f8000-7f3b3f5f6000 rw-p 00000000 00:00 0 
7f3b3f5f6000-7f3b3f5f7000 ---p 00000000 00:00 0 
7f3b3f5f7000-7f3b40000000 rw-p 00000000 00:00 0 
7f3b40000000-7f3b40369000 rw-p 00000000 00:00 0 
7f3b40369000-7f3b44000000 ---p 00000000 00:00 0 
7f3b44001000-7f3b4407a000 r--s 010f9000 08:01 1448503                    /usr/lib/jvm/jdk1.8.0_181/lib/tools.jar
7f3b4407a000-7f3b44254000 r--s 03d6b000 08:01 2756084                    /usr/lib/jvm/jdk1.8.0_181/jre/lib/rt.jar
7f3b44254000-7f3b48c67000 rw-p 00000000 00:00 0 
7f3b48c67000-7f3b48c68000 ---p 00000000 00:00 0 
7f3b48c68000-7f3b48d92000 rw-p 00000000 00:00 0 
7f3b48d92000-7f3b49000000 ---p 00000000 00:00 0 
7f3b49000000-7f3b49740000 rwxp 00000000 00:00 0 
7f3b49740000-7f3b58000000 ---p 00000000 00:00 0 
7f3b58000000-7f3b5846c000 rw-p 00000000 00:00 0 
7f3b5846c000-7f3b5c000000 ---p 00000000 00:00 0 
7f3b5c007000-7f3b5c01a000 r--s 00345000 08:01 2756119                    /usr/lib/jvm/jdk1.8.0_181/jre/lib/resources.jar
7f3b5c01a000-7f3b5c036000 r--s 00393000 08:01 2756136                    /usr/lib/jvm/jdk1.8.0_181/jre/lib/ext/cldrdata.jar
7f3b5c036000-7f3b5c048000 r--s 00169000 08:01 3149933                    /home/whj/dowork/DiffTGen/extra_output/Chart_1_1_sequencer/target/build/classes/all0.jar
7f3b5c048000-7f3b5c0be000 rw-p 00000000 00:00 0 
7f3b5c0be000-7f3b5c0bf000 ---p 00000000 00:00 0 
7f3b5c0bf000-7f3b5c1e9000 rw-p 00000000 00:00 0 
7f3b5c1e9000-7f3b5c456000 ---p 00000000 00:00 0 
7f3b5c456000-7f3b5c49e000 rw-p 00000000 00:00 0 
7f3b5c49e000-7f3b5c5a2000 ---p 00000000 00:00 0 
7f3b5c5a2000-7f3b5c5c0000 rw-p 00000000 00:00 0 
7f3b5c5c0000-7f3b5c963000 ---p 00000000 00:00 0 
7f3b5c963000-7f3b5c97e000 r-xp 00000000 08:01 2756233                    /usr/lib/jvm/jdk1.8.0_181/jre/lib/amd64/libzip.so
7f3b5c97e000-7f3b5cb7e000 ---p 0001b000 08:01 2756233                    /usr/lib/jvm/jdk1.8.0_181/jre/lib/amd64/libzip.so
7f3b5cb7e000-7f3b5cb7f000 rw-p 0001b000 08:01 2756233                    /usr/lib/jvm/jdk1.8.0_181/jre/lib/amd64/libzip.so
7f3b5cb7f000-7f3b5cb8a000 r-xp 00000000 08:01 1054188                    /lib/x86_64-linux-gnu/libnss_files-2.23.so
7f3b5cb8a000-7f3b5cd89000 ---p 0000b000 08:01 1054188                    /lib/x86_64-linux-gnu/libnss_files-2.23.so
7f3b5cd89000-7f3b5cd8a000 r--p 0000a000 08:01 1054188                    /lib/x86_64-linux-gnu/libnss_files-2.23.so
7f3b5cd8a000-7f3b5cd8b000 rw-p 0000b000 08:01 1054188                    /lib/x86_64-linux-gnu/libnss_files-2.23.so
7f3b5cd8b000-7f3b5cd91000 rw-p 00000000 00:00 0 
7f3b5cd91000-7f3b5cd9c000 r-xp 00000000 08:01 1054198                    /lib/x86_64-linux-gnu/libnss_nis-2.23.so
7f3b5cd9c000-7f3b5cf9b000 ---p 0000b000 08:01 1054198                    /lib/x86_64-linux-gnu/libnss_nis-2.23.so
7f3b5cf9b000-7f3b5cf9c000 r--p 0000a000 08:01 1054198                    /lib/x86_64-linux-gnu/libnss_nis-2.23.so
7f3b5cf9c000-7f3b5cf9d000 rw-p 0000b000 08:01 1054198                    /lib/x86_64-linux-gnu/libnss_nis-2.23.so
7f3b5cf9d000-7f3b5cfb3000 r-xp 00000000 08:01 1054182                    /lib/x86_64-linux-gnu/libnsl-2.23.so
7f3b5cfb3000-7f3b5d1b2000 ---p 00016000 08:01 1054182                    /lib/x86_64-linux-gnu/libnsl-2.23.so
7f3b5d1b2000-7f3b5d1b3000 r--p 00015000 08:01 1054182                    /lib/x86_64-linux-gnu/libnsl-2.23.so
7f3b5d1b3000-7f3b5d1b4000 rw-p 00016000 08:01 1054182                    /lib/x86_64-linux-gnu/libnsl-2.23.so
7f3b5d1b4000-7f3b5d1b6000 rw-p 00000000 00:00 0 
7f3b5d1b6000-7f3b5d1be000 r-xp 00000000 08:01 1054184                    /lib/x86_64-linux-gnu/libnss_compat-2.23.so
7f3b5d1be000-7f3b5d3bd000 ---p 00008000 08:01 1054184                    /lib/x86_64-linux-gnu/libnss_compat-2.23.so
7f3b5d3bd000-7f3b5d3be000 r--p 00007000 08:01 1054184                    /lib/x86_64-linux-gnu/libnss_compat-2.23.so
7f3b5d3be000-7f3b5d3bf000 rw-p 00008000 08:01 1054184                    /lib/x86_64-linux-gnu/libnss_compat-2.23.so
7f3b5d3bf000-7f3b5d3ea000 r-xp 00000000 08:01 2756227                    /usr/lib/jvm/jdk1.8.0_181/jre/lib/amd64/libjava.so
7f3b5d3ea000-7f3b5d5e9000 ---p 0002b000 08:01 2756227                    /usr/lib/jvm/jdk1.8.0_181/jre/lib/amd64/libjava.so
7f3b5d5e9000-7f3b5d5eb000 rw-p 0002a000 08:01 2756227                    /usr/lib/jvm/jdk1.8.0_181/jre/lib/amd64/libjava.so
7f3b5d5eb000-7f3b5d5f8000 r-xp 00000000 08:01 2756232                    /usr/lib/jvm/jdk1.8.0_181/jre/lib/amd64/libverify.so
7f3b5d5f8000-7f3b5d7f8000 ---p 0000d000 08:01 2756232                    /usr/lib/jvm/jdk1.8.0_181/jre/lib/amd64/libverify.so
7f3b5d7f8000-7f3b5d7fa000 rw-p 0000d000 08:01 2756232                    /usr/lib/jvm/jdk1.8.0_181/jre/lib/amd64/libverify.so
7f3b5d7fa000-7f3b5d801000 r-xp 00000000 08:01 1054243                    /lib/x86_64-linux-gnu/librt-2.23.so
7f3b5d801000-7f3b5da00000 ---p 00007000 08:01 1054243                    /lib/x86_64-linux-gnu/librt-2.23.so
7f3b5da00000-7f3b5da01000 r--p 00006000 08:01 1054243                    /lib/x86_64-linux-gnu/librt-2.23.so
7f3b5da01000-7f3b5da02000 rw-p 00007000 08:01 1054243                    /lib/x86_64-linux-gnu/librt-2.23.so
7f3b5da02000-7f3b5db0a000 r-xp 00000000 08:01 1054159                    /lib/x86_64-linux-gnu/libm-2.23.so
7f3b5db0a000-7f3b5dd09000 ---p 00108000 08:01 1054159                    /lib/x86_64-linux-gnu/libm-2.23.so
7f3b5dd09000-7f3b5dd0a000 r--p 00107000 08:01 1054159                    /lib/x86_64-linux-gnu/libm-2.23.so
7f3b5dd0a000-7f3b5dd0b000 rw-p 00108000 08:01 1054159                    /lib/x86_64-linux-gnu/libm-2.23.so
7f3b5dd0b000-7f3b5e9e7000 r-xp 00000000 08:01 2756209                    /usr/lib/jvm/jdk1.8.0_181/jre/lib/amd64/server/libjvm.so
7f3b5e9e7000-7f3b5ebe7000 ---p 00cdc000 08:01 2756209                    /usr/lib/jvm/jdk1.8.0_181/jre/lib/amd64/server/libjvm.so
7f3b5ebe7000-7f3b5ecc1000 rw-p 00cdc000 08:01 2756209                    /usr/lib/jvm/jdk1.8.0_181/jre/lib/amd64/server/libjvm.so
7f3b5ecc1000-7f3b5ed0c000 rw-p 00000000 00:00 0 
7f3b5ed0c000-7f3b5eecc000 r-xp 00000000 08:01 1054089                    /lib/x86_64-linux-gnu/libc-2.23.so
7f3b5eecc000-7f3b5f0cc000 ---p 001c0000 08:01 1054089                    /lib/x86_64-linux-gnu/libc-2.23.so
7f3b5f0cc000-7f3b5f0d0000 r--p 001c0000 08:01 1054089                    /lib/x86_64-linux-gnu/libc-2.23.so
7f3b5f0d0000-7f3b5f0d2000 rw-p 001c4000 08:01 1054089                    /lib/x86_64-linux-gnu/libc-2.23.so
7f3b5f0d2000-7f3b5f0d6000 rw-p 00000000 00:00 0 
7f3b5f0d6000-7f3b5f0d9000 r-xp 00000000 08:01 1054113                    /lib/x86_64-linux-gnu/libdl-2.23.so
7f3b5f0d9000-7f3b5f2d8000 ---p 00003000 08:01 1054113                    /lib/x86_64-linux-gnu/libdl-2.23.so
7f3b5f2d8000-7f3b5f2d9000 r--p 00002000 08:01 1054113                    /lib/x86_64-linux-gnu/libdl-2.23.so
7f3b5f2d9000-7f3b5f2da000 rw-p 00003000 08:01 1054113                    /lib/x86_64-linux-gnu/libdl-2.23.so
7f3b5f2da000-7f3b5f2f0000 r-xp 00000000 08:01 1449032                    /usr/lib/jvm/jdk1.8.0_181/lib/amd64/jli/libjli.so
7f3b5f2f0000-7f3b5f4ef000 ---p 00016000 08:01 1449032                    /usr/lib/jvm/jdk1.8.0_181/lib/amd64/jli/libjli.so
7f3b5f4ef000-7f3b5f4f0000 rw-p 00015000 08:01 1449032                    /usr/lib/jvm/jdk1.8.0_181/lib/amd64/jli/libjli.so
7f3b5f4f0000-7f3b5f508000 r-xp 00000000 08:01 1054235                    /lib/x86_64-linux-gnu/libpthread-2.23.so
7f3b5f508000-7f3b5f707000 ---p 00018000 08:01 1054235                    /lib/x86_64-linux-gnu/libpthread-2.23.so
7f3b5f707000-7f3b5f708000 r--p 00017000 08:01 1054235                    /lib/x86_64-linux-gnu/libpthread-2.23.so
7f3b5f708000-7f3b5f709000 rw-p 00018000 08:01 1054235                    /lib/x86_64-linux-gnu/libpthread-2.23.so
7f3b5f709000-7f3b5f70d000 rw-p 00000000 00:00 0 
7f3b5f70d000-7f3b5f733000 r-xp 00000000 08:01 1054061                    /lib/x86_64-linux-gnu/ld-2.23.so
7f3b5f739000-7f3b5f743000 r--s 00116000 08:01 2756143                    /usr/lib/jvm/jdk1.8.0_181/jre/lib/ext/localedata.jar
7f3b5f743000-7f3b5f814000 rw-p 00000000 00:00 0 
7f3b5f814000-7f3b5f817000 ---p 00000000 00:00 0 
7f3b5f817000-7f3b5f91a000 rw-p 00000000 00:00 0 
7f3b5f91a000-7f3b5f91f000 r--s 0009d000 08:01 2756133                    /usr/lib/jvm/jdk1.8.0_181/jre/lib/jsse.jar
7f3b5f91f000-7f3b5f927000 r--s 0006e000 08:01 2248917                    /home/whj/dowork/DiffTGen/lib/commons-lang3-3.5.jar
7f3b5f927000-7f3b5f928000 r--s 00000000 08:01 2248922                    /home/whj/dowork/DiffTGen/lib/myprinter.jar
7f3b5f928000-7f3b5f930000 rw-s 00000000 08:01 1984671                    /tmp/hsperfdata_whj/78916
7f3b5f930000-7f3b5f931000 rw-p 00000000 00:00 0 
7f3b5f931000-7f3b5f932000 ---p 00000000 00:00 0 
7f3b5f932000-7f3b5f933000 r--p 00025000 08:01 1054061                    /lib/x86_64-linux-gnu/ld-2.23.so
7f3b5f933000-7f3b5f934000 rw-p 00026000 08:01 1054061                    /lib/x86_64-linux-gnu/ld-2.23.so
7f3b5f934000-7f3b5f935000 rw-p 00000000 00:00 0 
7ffdf8d86000-7ffdf8da8000 rw-p 00000000 00:00 0                          [stack]
7ffdf8db6000-7ffdf8db9000 r--p 00000000 00:00 0                          [vvar]
7ffdf8db9000-7ffdf8dbb000 r-xp 00000000 00:00 0                          [vdso]
ffffffffff600000-ffffffffff601000 r-xp 00000000 00:00 0                  [vsyscall]

VM Arguments:
java_command: /home/whj/dowork/DiffTGen/lib/evosuite-1.0.6.jar -base_dir /home/whj/dowork/DiffTGen/extra_output/Chart_1_1_sequencer/target/0/21 -projectCP /home/whj/dowork/DiffTGen/extra_output/Chart_1_1_sequencer/target/build/classes/all0.jar:/home/whj/dowork/DiffTGen/lib/myprinter.jar:/home/whj/dowork/DiffTGen/lib/commons-lang3-3.5.jar -class org.jfree.chart.renderer.category.AbstractCategoryItemRenderer -Dassertions=false -Dsearch_budget=60
java_class_path (initial): /home/whj/dowork/DiffTGen/lib/evosuite-1.0.6.jar
Launcher Type: SUN_STANDARD

Environment Variables:
JAVA_HOME=/usr/lib/jvm/jdk1.8.0_181
JRE_HOME=/usr/lib/jvm/jdk1.8.0_181/jre
CLASSPATH=.:/usr/lib/jvm/jdk1.8.0_181/lib:/usr/lib/jvm/jdk1.8.0_181/jre/lib
PATH=/home/whj/perl5/bin:/home/whj/dowork/defects4j-1.2.0/framework/bin:/usr/lib/jvm/jdk1.8.0_181/bin:/usr/lib/jvm/jdk1.8.0_181/jre/bin:/home/whj/bin:/home/whj/.local/bin:/usr/local/sbin:/usr/local/bin:/usr/sbin:/usr/bin:/sbin:/bin:/usr/games:/usr/local/games" :/snap/bin:/home/whj/bin
SHELL=/bin/bash
DISPLAY=:0

Signal Handlers:
SIGSEGV: [libjvm.so+0xad2a40], sa_mask[0]=11111111011111111101111111111110, sa_flags=SA_RESTART|SA_SIGINFO
SIGBUS: [libjvm.so+0xad2a40], sa_mask[0]=11111111011111111101111111111110, sa_flags=SA_RESTART|SA_SIGINFO
SIGFPE: [libjvm.so+0x92a610], sa_mask[0]=11111111011111111101111111111110, sa_flags=SA_RESTART|SA_SIGINFO
SIGPIPE: [libjvm.so+0x92a610], sa_mask[0]=11111111011111111101111111111110, sa_flags=SA_RESTART|SA_SIGINFO
SIGXFSZ: [libjvm.so+0x92a610], sa_mask[0]=11111111011111111101111111111110, sa_flags=SA_RESTART|SA_SIGINFO
SIGILL: [libjvm.so+0x92a610], sa_mask[0]=11111111011111111101111111111110, sa_flags=SA_RESTART|SA_SIGINFO
SIGUSR1: SIG_DFL, sa_mask[0]=00000000000000000000000000000000, sa_flags=none
SIGUSR2: [libjvm.so+0x92be70], sa_mask[0]=00100000000000000000000000000000, sa_flags=SA_RESTART|SA_SIGINFO
SIGHUP: [libjvm.so+0x92d270], sa_mask[0]=11111111011111111101111111111110, sa_flags=SA_RESTART|SA_SIGINFO
SIGINT: [libjvm.so+0x92d270], sa_mask[0]=11111111011111111101111111111110, sa_flags=SA_RESTART|SA_SIGINFO
SIGTERM: [libjvm.so+0x92d270], sa_mask[0]=11111111011111111101111111111110, sa_flags=SA_RESTART|SA_SIGINFO
SIGQUIT: [libjvm.so+0x92d270], sa_mask[0]=11111111011111111101111111111110, sa_flags=SA_RESTART|SA_SIGINFO


---------------  S Y S T E M  ---------------

OS:DISTRIB_ID=Ubuntu
DISTRIB_RELEASE=16.04
DISTRIB_CODENAME=xenial
DISTRIB_DESCRIPTION="Ubuntu 16.04.6 LTS"

uname:Linux 4.15.0-91-generic #92~16.04.1-Ubuntu SMP Fri Feb 28 14:57:22 UTC 2020 x86_64
libc:glibc 2.23 NPTL 2.23 
rlimit: STACK 8192k, CORE 0k, NPROC 31576, NOFILE 1048576, AS infinity
load average:20.75 16.07 13.94

/proc/meminfo:
MemTotal:        8144704 kB
MemFree:          112820 kB
MemAvailable:      19596 kB
Buffers:            1556 kB
Cached:            56188 kB
SwapCached:        19912 kB
Active:          6718036 kB
Inactive:         855432 kB
Active(anon):    6682624 kB
Inactive(anon):   835220 kB
Active(file):      35412 kB
Inactive(file):    20212 kB
Unevictable:          32 kB
Mlocked:              32 kB
SwapTotal:        998396 kB
SwapFree:          36460 kB
Dirty:               220 kB
Writeback:          3016 kB
AnonPages:       7496324 kB
Mapped:            37028 kB
Shmem:              2020 kB
Slab:              89268 kB
SReclaimable:      31572 kB
SUnreclaim:        57696 kB
KernelStack:       15744 kB
PageTables:        48444 kB
NFS_Unstable:          0 kB
Bounce:                0 kB
WritebackTmp:          0 kB
CommitLimit:     5070748 kB
Committed_AS:   14446880 kB
VmallocTotal:   34359738367 kB
VmallocUsed:           0 kB
VmallocChunk:          0 kB
HardwareCorrupted:     0 kB
AnonHugePages:         0 kB
ShmemHugePages:        0 kB
ShmemPmdMapped:        0 kB
CmaTotal:              0 kB
CmaFree:               0 kB
HugePages_Total:       0
HugePages_Free:        0
HugePages_Rsvd:        0
HugePages_Surp:        0
Hugepagesize:       2048 kB
DirectMap4k:      128832 kB
DirectMap2M:     7211008 kB
DirectMap1G:     3145728 kB


CPU:total 2 (initial active 2) (2 cores per cpu, 1 threads per core) family 6 model 158 stepping 10, cmov, cx8, fxsr, mmx, sse, sse2, sse3, ssse3, sse4.1, sse4.2, popcnt, avx, avx2, aes, clmul, erms, 3dnowpref, lzcnt, tsc, tscinvbit, bmi1, bmi2, adx

/proc/cpuinfo:
processor	: 0
vendor_id	: GenuineIntel
cpu family	: 6
model		: 158
model name	: Intel(R) Core(TM) i7-8750H CPU @ 2.20GHz
stepping	: 10
microcode	: 0x96
cpu MHz		: 2207.999
cache size	: 9216 KB
physical id	: 0
siblings	: 2
core id		: 0
cpu cores	: 2
apicid		: 0
initial apicid	: 0
fpu		: yes
fpu_exception	: yes
cpuid level	: 22
wp		: yes
flags		: fpu vme de pse tsc msr pae mce cx8 apic sep mtrr pge mca cmov pat pse36 clflush mmx fxsr sse sse2 ss ht syscall nx pdpe1gb rdtscp lm constant_tsc arch_perfmon nopl xtopology tsc_reliable nonstop_tsc cpuid pni pclmulqdq ssse3 fma cx16 pcid sse4_1 sse4_2 x2apic movbe popcnt tsc_deadline_timer aes xsave avx f16c rdrand hypervisor lahf_lm abm 3dnowprefetch cpuid_fault invpcid_single pti ssbd ibrs ibpb stibp fsgsbase tsc_adjust bmi1 avx2 smep bmi2 invpcid rdseed adx smap xsaveopt arat flush_l1d arch_capabilities
bugs		: cpu_meltdown spectre_v1 spectre_v2 spec_store_bypass l1tf mds swapgs itlb_multihit
bogomips	: 4415.99
clflush size	: 64
cache_alignment	: 64
address sizes	: 42 bits physical, 48 bits virtual
power management:

processor	: 1
vendor_id	: GenuineIntel
cpu family	: 6
model		: 158
model name	: Intel(R) Core(TM) i7-8750H CPU @ 2.20GHz
stepping	: 10
microcode	: 0x96
cpu MHz		: 2207.999
cache size	: 9216 KB
physical id	: 0
siblings	: 2
core id		: 1
cpu cores	: 2
apicid		: 1
initial apicid	: 1
fpu		: yes
fpu_exception	: yes
cpuid level	: 22
wp		: yes
flags		: fpu vme de pse tsc msr pae mce cx8 apic sep mtrr pge mca cmov pat pse36 clflush mmx fxsr sse sse2 ss ht syscall nx pdpe1gb rdtscp lm constant_tsc arch_perfmon nopl xtopology tsc_reliable nonstop_tsc cpuid pni pclmulqdq ssse3 fma cx16 pcid sse4_1 sse4_2 x2apic movbe popcnt tsc_deadline_timer aes xsave avx f16c rdrand hypervisor lahf_lm abm 3dnowprefetch cpuid_fault invpcid_single pti ssbd ibrs ibpb stibp fsgsbase tsc_adjust bmi1 avx2 smep bmi2 invpcid rdseed adx smap xsaveopt arat flush_l1d arch_capabilities
bugs		: cpu_meltdown spectre_v1 spectre_v2 spec_store_bypass l1tf mds swapgs itlb_multihit
bogomips	: 4415.99
clflush size	: 64
cache_alignment	: 64
address sizes	: 42 bits physical, 48 bits virtual
power management:



Memory: 4k page, physical 8144704k(112820k free), swap 998396k(36460k free)

vm_info: Java HotSpot(TM) 64-Bit Server VM (25.181-b13) for linux-amd64 JRE (1.8.0_181-b13), built on Jul  7 2018 00:56:38 by "java_re" with gcc 4.3.0 20080428 (Red Hat 4.3.0-8)

time: Fri Mar 27 17:17:34 2020
elapsed time: 135 seconds (0d 0h 2m 15s)

