#
# There is insufficient memory for the Java Runtime Environment to continue.
# Native memory allocation (mmap) failed to map 85983232 bytes for committing reserved memory.
# Possible reasons:
#   The system is out of physical RAM or swap space
#   In 32 bit mode, the process size limit was hit
# Possible solutions:
#   Reduce memory load on the system
#   Increase physical memory or swap space
#   Check if swap backing store is full
#   Use 64 bit Java on a 64 bit OS
#   Decrease Java heap size (-Xmx/-Xms)
#   Decrease number of Java threads
#   Decrease Java thread stack sizes (-Xss)
#   Set larger code cache with -XX:ReservedCodeCacheSize=
# This output file may be truncated or incomplete.
#
#  Out of Memory Error (os_linux.cpp:2640), pid=55911, tid=0x00007f25d0cca700
#
# JRE version: Java(TM) SE Runtime Environment (8.0_181-b13) (build 1.8.0_181-b13)
# Java VM: Java HotSpot(TM) 64-Bit Server VM (25.181-b13 mixed mode linux-amd64 compressed oops)
# Failed to write core dump. Core dumps have been disabled. To enable core dumping, try "ulimit -c unlimited" before starting Java again
#

---------------  T H R E A D  ---------------

Current thread (0x00007f25e40fb800):  VMThread [stack: 0x00007f25d0bca000,0x00007f25d0ccb000] [id=55949]

Stack: [0x00007f25d0bca000,0x00007f25d0ccb000],  sp=0x00007f25d0cc90a0,  free space=1020k
Native frames: (J=compiled Java code, j=interpreted, Vv=VM code, C=native code)
V  [libjvm.so+0xad21aa]  VMError::report_and_die()+0x2ba
V  [libjvm.so+0x5022db]  report_vm_out_of_memory(char const*, int, unsigned long, VMErrorType, char const*)+0x8b
V  [libjvm.so+0x92fe33]  os::Linux::commit_memory_impl(char*, unsigned long, bool)+0x123
V  [libjvm.so+0x930059]  os::pd_commit_memory(char*, unsigned long, unsigned long, bool)+0x29
V  [libjvm.so+0x9272ba]  os::commit_memory(char*, unsigned long, unsigned long, bool)+0x2a
V  [libjvm.so+0x99d2e3]  PSVirtualSpace::expand_by(unsigned long)+0x53
V  [libjvm.so+0x99e6e8]  PSYoungGen::resize_generation(unsigned long, unsigned long)+0xf8
V  [libjvm.so+0x99d842]  PSYoungGen::resize(unsigned long, unsigned long)+0x22
V  [libjvm.so+0x99ab1b]  PSScavenge::invoke_no_policy()+0xf3b
V  [libjvm.so+0x99b2a1]  PSScavenge::invoke()+0x41
V  [libjvm.so+0x951d70]  ParallelScavengeHeap::failed_mem_allocate(unsigned long)+0x70
V  [libjvm.so+0xad3c27]  VM_ParallelGCFailedAllocation::doit()+0x97
V  [libjvm.so+0xadb745]  VM_Operation::evaluate()+0x55
V  [libjvm.so+0xad9b0a]  VMThread::evaluate_operation(VM_Operation*)+0xba
V  [libjvm.so+0xad9e8e]  VMThread::loop()+0x1ce
V  [libjvm.so+0xada300]  VMThread::run()+0x70
V  [libjvm.so+0x930198]  java_start(Thread*)+0x108

VM_Operation (0x00007f25933ef990): ParallelGCFailedAllocation, mode: safepoint, requested by thread 0x000000000127c800


---------------  P R O C E S S  ---------------

Java Threads: ( => current thread )
  0x000000000127e000 JavaThread "RMI TCP Connection(6)-127.0.0.1" daemon [_thread_in_native, id=56453, stack(0x00007f25929f2000,0x00007f2592af3000)]
  0x000000000127c800 JavaThread "RMI TCP Connection(4)-127.0.0.1" daemon [_thread_blocked, id=56315, stack(0x00007f25932f3000,0x00007f25933f4000)]
  0x00007f25c0060000 JavaThread "RMI Scheduler(0)" daemon [_thread_blocked, id=56312, stack(0x00007f25933f4000,0x00007f25934f5000)]
  0x00007f25c0052800 JavaThread "RMI RenewClean-[127.0.0.1:21955]" daemon [_thread_blocked, id=56298, stack(0x00007f25934f5000,0x00007f25935f6000)]
  0x00007f2598001800 JavaThread "RMI TCP Connection(5)-127.0.0.1" daemon [_thread_in_native, id=56286, stack(0x00007f25935f6000,0x00007f25936f7000)]
  0x00007f25a0005000 JavaThread "pool-3-thread-3" [_thread_in_native, id=56227, stack(0x00007f25936f7000,0x00007f25937f8000)]
  0x00007f25a0003800 JavaThread "pool-3-thread-2" [_thread_in_native, id=56225, stack(0x00007f25937f8000,0x00007f25938f9000)]
  0x00007f25a0002800 JavaThread "pool-3-thread-1" [_thread_in_native, id=56220, stack(0x00007f25938f9000,0x00007f25939fa000)]
  0x00007f25e436b800 JavaThread "Thread-3" [_thread_in_native, id=56100, stack(0x00007f25939fa000,0x00007f2593afb000)]
  0x00007f25e4369800 JavaThread "Thread-2" [_thread_in_native, id=56098, stack(0x00007f2593afb000,0x00007f2593bfc000)]
  0x00007f25e4368000 JavaThread "process reaper" daemon [_thread_in_native, id=56095, stack(0x00007f25b8075000,0x00007f25b80ae000)]
  0x00007f25e4362800 JavaThread "pool-2-thread-1" [_thread_in_native, id=56065, stack(0x00007f2593bfc000,0x00007f2593cfd000)]
  0x00007f25e4360000 JavaThread "GC Daemon" daemon [_thread_blocked, id=56057, stack(0x00007f2593cfd000,0x00007f2593dfe000)]
  0x00007f25e435d800 JavaThread "RMI Reaper" [_thread_blocked, id=56051, stack(0x00007f2593dfe000,0x00007f2593eff000)]
  0x00007f25e4356800 JavaThread "RMI TCP Accept-5850" daemon [_thread_in_native, id=56049, stack(0x00007f2593eff000,0x00007f2594000000)]
  0x00007f25e434f800 JavaThread "RMI TCP Accept-16047" daemon [_thread_in_native, id=56046, stack(0x00007f25b80ae000,0x00007f25b81af000)]
  0x00007f25e4294000 JavaThread "logback-3" daemon [_thread_blocked, id=56029, stack(0x00007f25b83af000,0x00007f25b84b0000)]
  0x00007f25e4292000 JavaThread "logback-2" daemon [_thread_blocked, id=56027, stack(0x00007f25b84b0000,0x00007f25b85b1000)]
  0x00007f25e4290800 JavaThread "logback-1" daemon [_thread_blocked, id=56026, stack(0x00007f25b85b1000,0x00007f25b86b2000)]
  0x00007f25e4142000 JavaThread "Service Thread" daemon [_thread_blocked, id=55999, stack(0x00007f25bbbfc000,0x00007f25bbcfd000)]
  0x00007f25e413f000 JavaThread "C1 CompilerThread1" daemon [_thread_blocked, id=55997, stack(0x00007f25bbcfd000,0x00007f25bbdfe000)]
  0x00007f25e413c000 JavaThread "C2 CompilerThread0" daemon [_thread_in_native, id=55996, stack(0x00007f25bbdfe000,0x00007f25bbeff000)]
  0x00007f25e413a800 JavaThread "Signal Dispatcher" daemon [_thread_blocked, id=55993, stack(0x00007f25bbeff000,0x00007f25bc000000)]
  0x00007f25e4107800 JavaThread "Finalizer" daemon [_thread_blocked, id=55960, stack(0x00007f25d09c8000,0x00007f25d0ac9000)]
  0x00007f25e4105000 JavaThread "Reference Handler" daemon [_thread_blocked, id=55954, stack(0x00007f25d0ac9000,0x00007f25d0bca000)]
  0x00007f25e400a800 JavaThread "main" [_thread_in_native, id=55915, stack(0x00007f25ecdb3000,0x00007f25eceb4000)]

Other Threads:
=>0x00007f25e40fb800 VMThread [stack: 0x00007f25d0bca000,0x00007f25d0ccb000] [id=55949]
  0x00007f25e4146800 WatcherThread [stack: 0x00007f25bbafb000,0x00007f25bbbfc000] [id=56001]

VM state:at safepoint (normal execution)

VM Mutex/Monitor currently owned by a thread:  ([mutex/lock_event])
[0x00007f25e4006c80] Threads_lock - owner thread: 0x00007f25e40fb800
[0x00007f25e4007180] Heap_lock - owner thread: 0x000000000127c800

Heap:
 PSYoungGen      total 121856K, used 26613K [0x00000000d6900000, 0x00000000dff00000, 0x0000000100000000)
  eden space 95232K, 0% used [0x00000000d6900000,0x00000000d6900000,0x00000000dc600000)
  from space 26624K, 99% used [0x00000000dcb00000,0x00000000de4fd7b8,0x00000000de500000)
  to   space 17408K, 0% used [0x00000000dee00000,0x00000000dee00000,0x00000000dff00000)
 ParOldGen       total 86016K, used 71351K [0x0000000083a00000, 0x0000000088e00000, 0x00000000d6900000)
  object space 86016K, 82% used [0x0000000083a00000,0x0000000087fadd60,0x0000000088e00000)
 Metaspace       used 20340K, capacity 20870K, committed 20992K, reserved 1067008K
  class space    used 2379K, capacity 2555K, committed 2560K, reserved 1048576K

Card table byte_map: [0x00007f25e975e000,0x00007f25e9b42000] byte_map_base: 0x00007f25e9341000

Marking Bits: (ParMarkBitMap*) 0x00007f25ec27e0a0
 Begin Bits: [0x00007f25d11d0000, 0x00007f25d30e8000)
 End Bits:   [0x00007f25d30e8000, 0x00007f25d5000000)

Polling page: 0x00007f25eced0000

CodeCache: size=245760Kb used=7606Kb max_used=7606Kb free=238153Kb
 bounds [0x00007f25d5000000, 0x00007f25d5780000, 0x00007f25e4000000]
 total_blobs=2660 nmethods=2206 adapters=367
 compilation: enabled

Compilation events (10 events):
Event: 119.918 Thread 0x00007f25e413f000 2375       2       org.evosuite.shaded.org.objectweb.asm.tree.ClassNode::visitEnd (1 bytes)
Event: 119.918 Thread 0x00007f25e413f000 nmethod 2375 0x00007f25d5755f10 code [0x00007f25d5756060, 0x00007f25d57561b0]
Event: 119.919 Thread 0x00007f25e413f000 2376   !   2       org.evosuite.classpath.ResourceList$Cache::getJar (93 bytes)
Event: 119.920 Thread 0x00007f25e413f000 nmethod 2376 0x00007f25d57551d0 code [0x00007f25d5755400, 0x00007f25d5755a78]
Event: 119.920 Thread 0x00007f25e413f000 2377       2       org.evosuite.shaded.org.objectweb.asm.ClassReader::accept (11 bytes)
Event: 119.920 Thread 0x00007f25e413f000 nmethod 2377 0x00007f25d5754d90 code [0x00007f25d5754f00, 0x00007f25d5755108]
Event: 119.923 Thread 0x00007f25e413f000 2378       1       org.evosuite.statistics.OutputVariable::getName (5 bytes)
Event: 119.923 Thread 0x00007f25e413f000 nmethod 2378 0x00007f25d5754ad0 code [0x00007f25d5754c20, 0x00007f25d5754d30]
Event: 119.923 Thread 0x00007f25e413f000 2379       2       java.util.TreeMap$PrivateEntryIterator::nextEntry (54 bytes)
Event: 119.923 Thread 0x00007f25e413f000 nmethod 2379 0x00007f25d57731d0 code [0x00007f25d5773360, 0x00007f25d5773648]

GC Heap History (10 events):
Event: 101.500 GC heap after
Heap after GC invocations=7 (full 1):
 PSYoungGen      total 35840K, used 5104K [0x00000000d6900000, 0x00000000db700000, 0x0000000100000000)
  eden space 30720K, 0% used [0x00000000d6900000,0x00000000d6900000,0x00000000d8700000)
  from space 5120K, 99% used [0x00000000d8e00000,0x00000000d92fc0a0,0x00000000d9300000)
  to   space 7168K, 0% used [0x00000000d8700000,0x00000000d8700000,0x00000000d8e00000)
 ParOldGen       total 86016K, used 6983K [0x0000000083a00000, 0x0000000088e00000, 0x00000000d6900000)
  object space 86016K, 8% used [0x0000000083a00000,0x00000000840d1ea0,0x0000000088e00000)
 Metaspace       used 15668K, capacity 16142K, committed 16256K, reserved 1062912K
  class space    used 1736K, capacity 1857K, committed 1920K, reserved 1048576K
}
Event: 105.189 GC heap before
{Heap before GC invocations=8 (full 1):
 PSYoungGen      total 35840K, used 35824K [0x00000000d6900000, 0x00000000db700000, 0x0000000100000000)
  eden space 30720K, 100% used [0x00000000d6900000,0x00000000d8700000,0x00000000d8700000)
  from space 5120K, 99% used [0x00000000d8e00000,0x00000000d92fc0a0,0x00000000d9300000)
  to   space 7168K, 0% used [0x00000000d8700000,0x00000000d8700000,0x00000000d8e00000)
 ParOldGen       total 86016K, used 6983K [0x0000000083a00000, 0x0000000088e00000, 0x00000000d6900000)
  object space 86016K, 8% used [0x0000000083a00000,0x00000000840d1ea0,0x0000000088e00000)
 Metaspace       used 17383K, capacity 17886K, committed 18048K, reserved 1064960K
  class space    used 1953K, capacity 2127K, committed 2176K, reserved 1048576K
Event: 105.295 GC heap after
Heap after GC invocations=8 (full 1):
 PSYoungGen      total 37888K, used 7138K [0x00000000d6900000, 0x00000000db800000, 0x0000000100000000)
  eden space 30720K, 0% used [0x00000000d6900000,0x00000000d6900000,0x00000000d8700000)
  from space 7168K, 99% used [0x00000000d8700000,0x00000000d8df8be8,0x00000000d8e00000)
  to   space 9728K, 0% used [0x00000000dae80000,0x00000000dae80000,0x00000000db800000)
 ParOldGen       total 86016K, used 10175K [0x0000000083a00000, 0x0000000088e00000, 0x00000000d6900000)
  object space 86016K, 11% used [0x0000000083a00000,0x00000000843efc80,0x0000000088e00000)
 Metaspace       used 17383K, capacity 17886K, committed 18048K, reserved 1064960K
  class space    used 1953K, capacity 2127K, committed 2176K, reserved 1048576K
}
Event: 107.982 GC heap before
{Heap before GC invocations=9 (full 1):
 PSYoungGen      total 37888K, used 37858K [0x00000000d6900000, 0x00000000db800000, 0x0000000100000000)
  eden space 30720K, 100% used [0x00000000d6900000,0x00000000d8700000,0x00000000d8700000)
  from space 7168K, 99% used [0x00000000d8700000,0x00000000d8df8be8,0x00000000d8e00000)
  to   space 9728K, 0% used [0x00000000dae80000,0x00000000dae80000,0x00000000db800000)
 ParOldGen       total 86016K, used 10175K [0x0000000083a00000, 0x0000000088e00000, 0x00000000d6900000)
  object space 86016K, 11% used [0x0000000083a00000,0x00000000843efc80,0x0000000088e00000)
 Metaspace       used 18633K, capacity 19176K, committed 19456K, reserved 1067008K
  class space    used 2121K, capacity 2294K, committed 2304K, reserved 1048576K
Event: 108.258 GC heap after
Heap after GC invocations=9 (full 1):
 PSYoungGen      total 69120K, used 9708K [0x00000000d6900000, 0x00000000dbc00000, 0x0000000100000000)
  eden space 59392K, 0% used [0x00000000d6900000,0x00000000d6900000,0x00000000da300000)
  from space 9728K, 99% used [0x00000000dae80000,0x00000000db7fb160,0x00000000db800000)
  to   space 11776K, 0% used [0x00000000da300000,0x00000000da300000,0x00000000dae80000)
 ParOldGen       total 86016K, used 12136K [0x0000000083a00000, 0x0000000088e00000, 0x00000000d6900000)
  object space 86016K, 14% used [0x0000000083a00000,0x00000000845da100,0x0000000088e00000)
 Metaspace       used 18633K, capacity 19176K, committed 19456K, reserved 1067008K
  class space    used 2121K, capacity 2294K, committed 2304K, reserved 1048576K
}
Event: 113.417 GC heap before
{Heap before GC invocations=10 (full 1):
 PSYoungGen      total 69120K, used 69100K [0x00000000d6900000, 0x00000000dbc00000, 0x0000000100000000)
  eden space 59392K, 100% used [0x00000000d6900000,0x00000000da300000,0x00000000da300000)
  from space 9728K, 99% used [0x00000000dae80000,0x00000000db7fb160,0x00000000db800000)
  to   space 11776K, 0% used [0x00000000da300000,0x00000000da300000,0x00000000dae80000)
 ParOldGen       total 86016K, used 12136K [0x0000000083a00000, 0x0000000088e00000, 0x00000000d6900000)
  object space 86016K, 14% used [0x0000000083a00000,0x00000000845da100,0x0000000088e00000)
 Metaspace       used 19248K, capacity 19764K, committed 20096K, reserved 1067008K
  class space    used 2217K, capacity 2360K, committed 2432K, reserved 1048576K
Event: 113.629 GC heap after
Heap after GC invocations=10 (full 1):
 PSYoungGen      total 71168K, used 11747K [0x00000000d6900000, 0x00000000dff00000, 0x0000000100000000)
  eden space 59392K, 0% used [0x00000000d6900000,0x00000000d6900000,0x00000000da300000)
  from space 11776K, 99% used [0x00000000da300000,0x00000000dae78c28,0x00000000dae80000)
  to   space 17408K, 0% used [0x00000000dee00000,0x00000000dee00000,0x00000000dff00000)
 ParOldGen       total 86016K, used 22300K [0x0000000083a00000, 0x0000000088e00000, 0x00000000d6900000)
  object space 86016K, 25% used [0x0000000083a00000,0x0000000084fc70d0,0x0000000088e00000)
 Metaspace       used 19248K, capacity 19764K, committed 20096K, reserved 1067008K
  class space    used 2217K, capacity 2360K, committed 2432K, reserved 1048576K
}
Event: 116.740 GC heap before
{Heap before GC invocations=11 (full 1):
 PSYoungGen      total 71168K, used 70860K [0x00000000d6900000, 0x00000000dff00000, 0x0000000100000000)
  eden space 59392K, 99% used [0x00000000d6900000,0x00000000da2ba728,0x00000000da300000)
  from space 11776K, 99% used [0x00000000da300000,0x00000000dae78c28,0x00000000dae80000)
  to   space 17408K, 0% used [0x00000000dee00000,0x00000000dee00000,0x00000000dff00000)
 ParOldGen       total 86016K, used 22300K [0x0000000083a00000, 0x0000000088e00000, 0x00000000d6900000)
  object space 86016K, 25% used [0x0000000083a00000,0x0000000084fc70d0,0x0000000088e00000)
 Metaspace       used 19728K, capacity 20262K, committed 20480K, reserved 1067008K
  class space    used 2285K, capacity 2459K, committed 2560K, reserved 1048576K
Event: 117.030 GC heap after
Heap after GC invocations=11 (full 1):
 PSYoungGen      total 112640K, used 17405K [0x00000000d6900000, 0x00000000dff00000, 0x0000000100000000)
  eden space 95232K, 0% used [0x00000000d6900000,0x00000000d6900000,0x00000000dc600000)
  from space 17408K, 99% used [0x00000000dee00000,0x00000000dfeff5b8,0x00000000dff00000)
  to   space 26624K, 0% used [0x00000000dcb00000,0x00000000dcb00000,0x00000000de500000)
 ParOldGen       total 86016K, used 40619K [0x0000000083a00000, 0x0000000088e00000, 0x00000000d6900000)
  object space 86016K, 47% used [0x0000000083a00000,0x00000000861aafa0,0x0000000088e00000)
 Metaspace       used 19728K, capacity 20262K, committed 20480K, reserved 1067008K
  class space    used 2285K, capacity 2459K, committed 2560K, reserved 1048576K
}
Event: 120.325 GC heap before
{Heap before GC invocations=12 (full 1):
 PSYoungGen      total 112640K, used 112637K [0x00000000d6900000, 0x00000000dff00000, 0x0000000100000000)
  eden space 95232K, 100% used [0x00000000d6900000,0x00000000dc600000,0x00000000dc600000)
  from space 17408K, 99% used [0x00000000dee00000,0x00000000dfeff5b8,0x00000000dff00000)
  to   space 26624K, 0% used [0x00000000dcb00000,0x00000000dcb00000,0x00000000de500000)
 ParOldGen       total 86016K, used 40619K [0x0000000083a00000, 0x0000000088e00000, 0x00000000d6900000)
  object space 86016K, 47% used [0x0000000083a00000,0x00000000861aafa0,0x0000000088e00000)
 Metaspace       used 20340K, capacity 20870K, committed 20992K, reserved 1067008K
  class space    used 2379K, capacity 2555K, committed 2560K, reserved 1048576K

Deoptimization events (10 events):
Event: 99.708 Thread 0x00007f2598001800 Uncommon trap: reason=unstable_if action=reinterpret pc=0x00007f25d5614808 method=org.evosuite.shaded.org.objectweb.asm.ClassReader.readUTF(II[C)Ljava/lang/String; @ 77
Event: 99.782 Thread 0x00007f2598001800 Uncommon trap: reason=unstable_if action=reinterpret pc=0x00007f25d5617d20 method=org.evosuite.shaded.org.objectweb.asm.ByteVector.putUTF8(Ljava/lang/String;)Lorg/evosuite/shaded/org/objectweb/asm/ByteVector; @ 98
Event: 106.376 Thread 0x00007f2598001800 Uncommon trap: reason=unstable_if action=reinterpret pc=0x00007f25d545a0e4 method=java.util.HashMap.putVal(ILjava/lang/Object;Ljava/lang/Object;ZZ)Ljava/lang/Object; @ 162
Event: 106.446 Thread 0x00007f2598001800 Uncommon trap: reason=unstable_if action=reinterpret pc=0x00007f25d54d1910 method=java.util.HashMap.putVal(ILjava/lang/Object;Ljava/lang/Object;ZZ)Ljava/lang/Object; @ 162
Event: 109.631 Thread 0x000000000127c800 Uncommon trap: reason=unstable_if action=reinterpret pc=0x00007f25d565b294 method=java.io.ObjectInputStream.defaultReadFields(Ljava/lang/Object;Ljava/io/ObjectStreamClass;)V @ 49
Event: 111.905 Thread 0x000000000127e000 Uncommon trap: reason=unstable_if action=reinterpret pc=0x00007f25d5666b80 method=java.io.ObjectInputStream.defaultReadFields(Ljava/lang/Object;Ljava/io/ObjectStreamClass;)V @ 49
Event: 113.063 Thread 0x00007f2598001800 Uncommon trap: reason=unstable_if action=reinterpret pc=0x00007f25d5717af4 method=org.evosuite.shaded.org.objectweb.asm.Type.getDescriptor(Ljava/lang/StringBuilder;Ljava/lang/Class;)V @ 65
Event: 118.498 Thread 0x00007f2598001800 Uncommon trap: reason=range_check action=make_not_entrant pc=0x00007f25d5128738 method=java.lang.String.charAt(I)C @ 27
Event: 119.881 Thread 0x00007f2598001800 Uncommon trap: reason=unstable_if action=reinterpret pc=0x00007f25d56fc95c method=org.evosuite.shaded.org.objectweb.asm.Frame.merge(Lorg/evosuite/shaded/org/objectweb/asm/ClassWriter;I[II)Z @ 61
Event: 119.881 Thread 0x00007f2598001800 Uncommon trap: reason=unstable_if action=reinterpret pc=0x00007f25d5615254 method=org.evosuite.shaded.org.objectweb.asm.Frame.merge(Lorg/evosuite/shaded/org/objectweb/asm/ClassWriter;I[II)Z @ 61

Classes redefined (0 events):
No events

Internal exceptions (10 events):
Event: 91.140 Thread 0x00007f2598001800 Exception <a 'java/lang/NoSuchMethodError': <clinit>> (0x00000000d7392978) thrown at [/HUDSON/workspace/8-2-build-linux-amd64/jdk8u181/11358/hotspot/src/share/vm/prims/jni.cpp, line 1613]
Event: 91.261 Thread 0x00007f25e4290800 Exception <a 'java/net/ConnectException'> (0x00000000d6cdb340) thrown at [/HUDSON/workspace/8-2-build-linux-amd64/jdk8u181/11358/hotspot/src/share/vm/prims/jni.cpp, line 709]
Event: 91.281 Thread 0x00007f25e4292000 Exception <a 'java/net/ConnectException'> (0x00000000d6d2d188) thrown at [/HUDSON/workspace/8-2-build-linux-amd64/jdk8u181/11358/hotspot/src/share/vm/prims/jni.cpp, line 709]
Event: 91.288 Thread 0x00007f25e4294000 Exception <a 'java/net/ConnectException'> (0x00000000d6d7f108) thrown at [/HUDSON/workspace/8-2-build-linux-amd64/jdk8u181/11358/hotspot/src/share/vm/prims/jni.cpp, line 709]
Event: 101.261 Thread 0x00007f25e4290800 Exception <a 'java/net/ConnectException'> (0x00000000d88d8cf0) thrown at [/HUDSON/workspace/8-2-build-linux-amd64/jdk8u181/11358/hotspot/src/share/vm/prims/jni.cpp, line 709]
Event: 101.501 Thread 0x00007f25e4292000 Exception <a 'java/net/ConnectException'> (0x00000000d6900710) thrown at [/HUDSON/workspace/8-2-build-linux-amd64/jdk8u181/11358/hotspot/src/share/vm/prims/jni.cpp, line 709]
Event: 101.501 Thread 0x00007f25e4294000 Exception <a 'java/net/ConnectException'> (0x00000000d6932690) thrown at [/HUDSON/workspace/8-2-build-linux-amd64/jdk8u181/11358/hotspot/src/share/vm/prims/jni.cpp, line 709]
Event: 111.264 Thread 0x00007f25e4290800 Exception <a 'java/net/ConnectException'> (0x00000000d85dc4c8) thrown at [/HUDSON/workspace/8-2-build-linux-amd64/jdk8u181/11358/hotspot/src/share/vm/prims/jni.cpp, line 709]
Event: 111.506 Thread 0x00007f25e4292000 Exception <a 'java/net/ConnectException'> (0x00000000d875f5f8) thrown at [/HUDSON/workspace/8-2-build-linux-amd64/jdk8u181/11358/hotspot/src/share/vm/prims/jni.cpp, line 709]
Event: 111.507 Thread 0x00007f25e4294000 Exception <a 'java/net/ConnectException'> (0x00000000d879e280) thrown at [/HUDSON/workspace/8-2-build-linux-amd64/jdk8u181/11358/hotspot/src/share/vm/prims/jni.cpp, line 709]

Events (10 events):
Event: 119.915 loading class javax/swing/plaf/basic/BasicTreeUI$TreePageAction done
Event: 119.915 loading class javax/swing/plaf/basic/BasicTreeUI$TreeTraverseAction
Event: 119.915 loading class javax/swing/plaf/basic/BasicTreeUI$TreeTraverseAction done
Event: 119.915 loading class javax/swing/plaf/basic/BasicTreeUI$SelectionModelPropertyChangeHandler
Event: 119.915 loading class javax/swing/plaf/basic/BasicTreeUI$SelectionModelPropertyChangeHandler done
Event: 119.915 loading class javax/swing/plaf/basic/BasicTreeUI$PropertyChangeHandler
Event: 119.915 loading class javax/swing/plaf/basic/BasicTreeUI$PropertyChangeHandler done
Event: 119.915 loading class javax/swing/plaf/basic/BasicTreeUI$MouseHandler
Event: 119.915 loading class javax/swing/plaf/basic/BasicTreeUI$MouseHandler done
Event: 120.324 Executing VM operation: ParallelGCFailedAllocation


Dynamic libraries:
00400000-00401000 r-xp 00000000 08:01 1448396                            /usr/lib/jvm/jdk1.8.0_181/bin/java
00600000-00601000 rw-p 00000000 08:01 1448396                            /usr/lib/jvm/jdk1.8.0_181/bin/java
0127a000-0129b000 rw-p 00000000 00:00 0                                  [heap]
83a00000-88e00000 rw-p 00000000 00:00 0 
88e00000-d6900000 ---p 00000000 00:00 0 
d6900000-dff00000 rw-p 00000000 00:00 0 
e5100000-100000000 ---p 00000000 00:00 0 
100000000-100280000 rw-p 00000000 00:00 0 
100280000-140000000 ---p 00000000 00:00 0 
7f2592784000-7f25929f2000 rw-p 00000000 00:00 0 
7f25929f2000-7f25929f5000 ---p 00000000 00:00 0 
7f25929f5000-7f2592cf3000 rw-p 00000000 00:00 0 
7f2592cf3000-7f2592ef3000 rw-p 00000000 00:00 0 
7f2592ef3000-7f25930f3000 rw-p 00000000 00:00 0 
7f25930f3000-7f25932f3000 rw-p 00000000 00:00 0 
7f25932f3000-7f25932f6000 ---p 00000000 00:00 0 
7f25932f6000-7f25933f4000 rw-p 00000000 00:00 0 
7f25933f4000-7f25933f7000 ---p 00000000 00:00 0 
7f25933f7000-7f25934f5000 rw-p 00000000 00:00 0 
7f25934f5000-7f25934f8000 ---p 00000000 00:00 0 
7f25934f8000-7f25935f6000 rw-p 00000000 00:00 0 
7f25935f6000-7f25935f9000 ---p 00000000 00:00 0 
7f25935f9000-7f25936f7000 rw-p 00000000 00:00 0 
7f25936f7000-7f25936fa000 ---p 00000000 00:00 0 
7f25936fa000-7f25937f8000 rw-p 00000000 00:00 0 
7f25937f8000-7f25937fb000 ---p 00000000 00:00 0 
7f25937fb000-7f25938f9000 rw-p 00000000 00:00 0 
7f25938f9000-7f25938fc000 ---p 00000000 00:00 0 
7f25938fc000-7f25939fa000 rw-p 00000000 00:00 0 
7f25939fa000-7f25939fd000 ---p 00000000 00:00 0 
7f25939fd000-7f2593afb000 rw-p 00000000 00:00 0 
7f2593afb000-7f2593afe000 ---p 00000000 00:00 0 
7f2593afe000-7f2593bfc000 rw-p 00000000 00:00 0 
7f2593bfc000-7f2593bff000 ---p 00000000 00:00 0 
7f2593bff000-7f2593cfd000 rw-p 00000000 00:00 0 
7f2593cfd000-7f2593d00000 ---p 00000000 00:00 0 
7f2593d00000-7f2593dfe000 rw-p 00000000 00:00 0 
7f2593dfe000-7f2593e01000 ---p 00000000 00:00 0 
7f2593e01000-7f2593eff000 rw-p 00000000 00:00 0 
7f2593eff000-7f2593f02000 ---p 00000000 00:00 0 
7f2593f02000-7f2594000000 rw-p 00000000 00:00 0 
7f2594000000-7f2594021000 rw-p 00000000 00:00 0 
7f2594021000-7f2598000000 ---p 00000000 00:00 0 
7f2598000000-7f2598021000 rw-p 00000000 00:00 0 
7f2598021000-7f259c000000 ---p 00000000 00:00 0 
7f259c000000-7f259c021000 rw-p 00000000 00:00 0 
7f259c021000-7f25a0000000 ---p 00000000 00:00 0 
7f25a0000000-7f25a0021000 rw-p 00000000 00:00 0 
7f25a0021000-7f25a4000000 ---p 00000000 00:00 0 
7f25a4000000-7f25a4021000 rw-p 00000000 00:00 0 
7f25a4021000-7f25a8000000 ---p 00000000 00:00 0 
7f25a8000000-7f25a8021000 rw-p 00000000 00:00 0 
7f25a8021000-7f25ac000000 ---p 00000000 00:00 0 
7f25ac000000-7f25ada31000 rw-p 00000000 00:00 0 
7f25ada31000-7f25b0000000 ---p 00000000 00:00 0 
7f25b0000000-7f25b0b8c000 rw-p 00000000 00:00 0 
7f25b0b8c000-7f25b4000000 ---p 00000000 00:00 0 
7f25b4000000-7f25b4021000 rw-p 00000000 00:00 0 
7f25b4021000-7f25b8000000 ---p 00000000 00:00 0 
7f25b8046000-7f25b8059000 r--s 00345000 08:01 2756119                    /usr/lib/jvm/jdk1.8.0_181/jre/lib/resources.jar
7f25b8059000-7f25b8075000 r--s 00393000 08:01 2756136                    /usr/lib/jvm/jdk1.8.0_181/jre/lib/ext/cldrdata.jar
7f25b8075000-7f25b8078000 ---p 00000000 00:00 0 
7f25b8078000-7f25b80ae000 rw-p 00000000 00:00 0 
7f25b80ae000-7f25b80b1000 ---p 00000000 00:00 0 
7f25b80b1000-7f25b83af000 rw-p 00000000 00:00 0 
7f25b83af000-7f25b83b2000 ---p 00000000 00:00 0 
7f25b83b2000-7f25b84b0000 rw-p 00000000 00:00 0 
7f25b84b0000-7f25b84b3000 ---p 00000000 00:00 0 
7f25b84b3000-7f25b85b1000 rw-p 00000000 00:00 0 
7f25b85b1000-7f25b85b4000 ---p 00000000 00:00 0 
7f25b85b4000-7f25bb6b3000 rw-p 00000000 00:00 0 
7f25bb6b3000-7f25bb6c9000 r-xp 00000000 08:01 2756237                    /usr/lib/jvm/jdk1.8.0_181/jre/lib/amd64/libnet.so
7f25bb6c9000-7f25bb8c9000 ---p 00016000 08:01 2756237                    /usr/lib/jvm/jdk1.8.0_181/jre/lib/amd64/libnet.so
7f25bb8c9000-7f25bb8ca000 rw-p 00016000 08:01 2756237                    /usr/lib/jvm/jdk1.8.0_181/jre/lib/amd64/libnet.so
7f25bb8ca000-7f25bbafb000 r--s 01bb1000 08:01 1706762                    /home/whj/dowork/DiffTGen/lib/evosuite-1.0.6.jar
7f25bbafb000-7f25bbafc000 ---p 00000000 00:00 0 
7f25bbafc000-7f25bbbfc000 rw-p 00000000 00:00 0 
7f25bbbfc000-7f25bbbff000 ---p 00000000 00:00 0 
7f25bbbff000-7f25bbcfd000 rw-p 00000000 00:00 0 
7f25bbcfd000-7f25bbd00000 ---p 00000000 00:00 0 
7f25bbd00000-7f25bbdfe000 rw-p 00000000 00:00 0 
7f25bbdfe000-7f25bbe01000 ---p 00000000 00:00 0 
7f25bbe01000-7f25bbeff000 rw-p 00000000 00:00 0 
7f25bbeff000-7f25bbf02000 ---p 00000000 00:00 0 
7f25bbf02000-7f25bc000000 rw-p 00000000 00:00 0 
7f25bc000000-7f25bc021000 rw-p 00000000 00:00 0 
7f25bc021000-7f25c0000000 ---p 00000000 00:00 0 
7f25c0000000-7f25c0409000 rw-p 00000000 00:00 0 
7f25c0409000-7f25c4000000 ---p 00000000 00:00 0 
7f25c4000000-7f25c4091000 rw-p 00000000 00:00 0 
7f25c4091000-7f25c8000000 ---p 00000000 00:00 0 
7f25c8000000-7f25c82b2000 rw-p 00000000 00:00 0 
7f25c82b2000-7f25cc000000 ---p 00000000 00:00 0 
7f25cc000000-7f25cc021000 rw-p 00000000 00:00 0 
7f25cc021000-7f25d0000000 ---p 00000000 00:00 0 
7f25d0009000-7f25d09c8000 r--p 00000000 08:01 1316108                    /usr/lib/locale/locale-archive
7f25d09c8000-7f25d09cb000 ---p 00000000 00:00 0 
7f25d09cb000-7f25d0ac9000 rw-p 00000000 00:00 0 
7f25d0ac9000-7f25d0acc000 ---p 00000000 00:00 0 
7f25d0acc000-7f25d0bca000 rw-p 00000000 00:00 0 
7f25d0bca000-7f25d0bcb000 ---p 00000000 00:00 0 
7f25d0bcb000-7f25d5000000 rw-p 00000000 00:00 0 
7f25d5000000-7f25d5780000 rwxp 00000000 00:00 0 
7f25d5780000-7f25e4000000 ---p 00000000 00:00 0 
7f25e4000000-7f25e446c000 rw-p 00000000 00:00 0 
7f25e446c000-7f25e8000000 ---p 00000000 00:00 0 
7f25e800a000-7f25e8014000 r--s 00116000 08:01 2756143                    /usr/lib/jvm/jdk1.8.0_181/jre/lib/ext/localedata.jar
7f25e8014000-7f25e808d000 r--s 010f9000 08:01 1448503                    /usr/lib/jvm/jdk1.8.0_181/lib/tools.jar
7f25e808d000-7f25e8491000 rw-p 00000000 00:00 0 
7f25e8491000-7f25e866b000 r--s 03d6b000 08:01 2756084                    /usr/lib/jvm/jdk1.8.0_181/jre/lib/rt.jar
7f25e866b000-7f25e92c4000 rw-p 00000000 00:00 0 
7f25e92c4000-7f25e92c5000 ---p 00000000 00:00 0 
7f25e92c5000-7f25e93c5000 rw-p 00000000 00:00 0 
7f25e93c5000-7f25e93c6000 ---p 00000000 00:00 0 
7f25e93c6000-7f25e94f0000 rw-p 00000000 00:00 0 
7f25e94f0000-7f25e975e000 ---p 00000000 00:00 0 
7f25e975e000-7f25e9788000 rw-p 00000000 00:00 0 
7f25e9788000-7f25e99f5000 ---p 00000000 00:00 0 
7f25e99f5000-7f25e9a41000 rw-p 00000000 00:00 0 
7f25e9a41000-7f25e9b41000 ---p 00000000 00:00 0 
7f25e9b41000-7f25e9b60000 rw-p 00000000 00:00 0 
7f25e9b60000-7f25e9f02000 ---p 00000000 00:00 0 
7f25e9f02000-7f25e9f1d000 r-xp 00000000 08:01 2756233                    /usr/lib/jvm/jdk1.8.0_181/jre/lib/amd64/libzip.so
7f25e9f1d000-7f25ea11d000 ---p 0001b000 08:01 2756233                    /usr/lib/jvm/jdk1.8.0_181/jre/lib/amd64/libzip.so
7f25ea11d000-7f25ea11e000 rw-p 0001b000 08:01 2756233                    /usr/lib/jvm/jdk1.8.0_181/jre/lib/amd64/libzip.so
7f25ea11e000-7f25ea129000 r-xp 00000000 08:01 1054188                    /lib/x86_64-linux-gnu/libnss_files-2.23.so
7f25ea129000-7f25ea328000 ---p 0000b000 08:01 1054188                    /lib/x86_64-linux-gnu/libnss_files-2.23.so
7f25ea328000-7f25ea329000 r--p 0000a000 08:01 1054188                    /lib/x86_64-linux-gnu/libnss_files-2.23.so
7f25ea329000-7f25ea32a000 rw-p 0000b000 08:01 1054188                    /lib/x86_64-linux-gnu/libnss_files-2.23.so
7f25ea32a000-7f25ea330000 rw-p 00000000 00:00 0 
7f25ea330000-7f25ea33b000 r-xp 00000000 08:01 1054198                    /lib/x86_64-linux-gnu/libnss_nis-2.23.so
7f25ea33b000-7f25ea53a000 ---p 0000b000 08:01 1054198                    /lib/x86_64-linux-gnu/libnss_nis-2.23.so
7f25ea53a000-7f25ea53b000 r--p 0000a000 08:01 1054198                    /lib/x86_64-linux-gnu/libnss_nis-2.23.so
7f25ea53b000-7f25ea53c000 rw-p 0000b000 08:01 1054198                    /lib/x86_64-linux-gnu/libnss_nis-2.23.so
7f25ea53c000-7f25ea552000 r-xp 00000000 08:01 1054182                    /lib/x86_64-linux-gnu/libnsl-2.23.so
7f25ea552000-7f25ea751000 ---p 00016000 08:01 1054182                    /lib/x86_64-linux-gnu/libnsl-2.23.so
7f25ea751000-7f25ea752000 r--p 00015000 08:01 1054182                    /lib/x86_64-linux-gnu/libnsl-2.23.so
7f25ea752000-7f25ea753000 rw-p 00016000 08:01 1054182                    /lib/x86_64-linux-gnu/libnsl-2.23.so
7f25ea753000-7f25ea755000 rw-p 00000000 00:00 0 
7f25ea755000-7f25ea75d000 r-xp 00000000 08:01 1054184                    /lib/x86_64-linux-gnu/libnss_compat-2.23.so
7f25ea75d000-7f25ea95c000 ---p 00008000 08:01 1054184                    /lib/x86_64-linux-gnu/libnss_compat-2.23.so
7f25ea95c000-7f25ea95d000 r--p 00007000 08:01 1054184                    /lib/x86_64-linux-gnu/libnss_compat-2.23.so
7f25ea95d000-7f25ea95e000 rw-p 00008000 08:01 1054184                    /lib/x86_64-linux-gnu/libnss_compat-2.23.so
7f25ea95e000-7f25ea989000 r-xp 00000000 08:01 2756227                    /usr/lib/jvm/jdk1.8.0_181/jre/lib/amd64/libjava.so
7f25ea989000-7f25eab88000 ---p 0002b000 08:01 2756227                    /usr/lib/jvm/jdk1.8.0_181/jre/lib/amd64/libjava.so
7f25eab88000-7f25eab8a000 rw-p 0002a000 08:01 2756227                    /usr/lib/jvm/jdk1.8.0_181/jre/lib/amd64/libjava.so
7f25eab8a000-7f25eab97000 r-xp 00000000 08:01 2756232                    /usr/lib/jvm/jdk1.8.0_181/jre/lib/amd64/libverify.so
7f25eab97000-7f25ead97000 ---p 0000d000 08:01 2756232                    /usr/lib/jvm/jdk1.8.0_181/jre/lib/amd64/libverify.so
7f25ead97000-7f25ead99000 rw-p 0000d000 08:01 2756232                    /usr/lib/jvm/jdk1.8.0_181/jre/lib/amd64/libverify.so
7f25ead99000-7f25eada0000 r-xp 00000000 08:01 1054243                    /lib/x86_64-linux-gnu/librt-2.23.so
7f25eada0000-7f25eaf9f000 ---p 00007000 08:01 1054243                    /lib/x86_64-linux-gnu/librt-2.23.so
7f25eaf9f000-7f25eafa0000 r--p 00006000 08:01 1054243                    /lib/x86_64-linux-gnu/librt-2.23.so
7f25eafa0000-7f25eafa1000 rw-p 00007000 08:01 1054243                    /lib/x86_64-linux-gnu/librt-2.23.so
7f25eafa1000-7f25eb0a9000 r-xp 00000000 08:01 1054159                    /lib/x86_64-linux-gnu/libm-2.23.so
7f25eb0a9000-7f25eb2a8000 ---p 00108000 08:01 1054159                    /lib/x86_64-linux-gnu/libm-2.23.so
7f25eb2a8000-7f25eb2a9000 r--p 00107000 08:01 1054159                    /lib/x86_64-linux-gnu/libm-2.23.so
7f25eb2a9000-7f25eb2aa000 rw-p 00108000 08:01 1054159                    /lib/x86_64-linux-gnu/libm-2.23.so
7f25eb2aa000-7f25ebf86000 r-xp 00000000 08:01 2756209                    /usr/lib/jvm/jdk1.8.0_181/jre/lib/amd64/server/libjvm.so
7f25ebf86000-7f25ec186000 ---p 00cdc000 08:01 2756209                    /usr/lib/jvm/jdk1.8.0_181/jre/lib/amd64/server/libjvm.so
7f25ec186000-7f25ec260000 rw-p 00cdc000 08:01 2756209                    /usr/lib/jvm/jdk1.8.0_181/jre/lib/amd64/server/libjvm.so
7f25ec260000-7f25ec2ab000 rw-p 00000000 00:00 0 
7f25ec2ab000-7f25ec46b000 r-xp 00000000 08:01 1054089                    /lib/x86_64-linux-gnu/libc-2.23.so
7f25ec46b000-7f25ec66b000 ---p 001c0000 08:01 1054089                    /lib/x86_64-linux-gnu/libc-2.23.so
7f25ec66b000-7f25ec66f000 r--p 001c0000 08:01 1054089                    /lib/x86_64-linux-gnu/libc-2.23.so
7f25ec66f000-7f25ec671000 rw-p 001c4000 08:01 1054089                    /lib/x86_64-linux-gnu/libc-2.23.so
7f25ec671000-7f25ec675000 rw-p 00000000 00:00 0 
7f25ec675000-7f25ec678000 r-xp 00000000 08:01 1054113                    /lib/x86_64-linux-gnu/libdl-2.23.so
7f25ec678000-7f25ec877000 ---p 00003000 08:01 1054113                    /lib/x86_64-linux-gnu/libdl-2.23.so
7f25ec877000-7f25ec878000 r--p 00002000 08:01 1054113                    /lib/x86_64-linux-gnu/libdl-2.23.so
7f25ec878000-7f25ec879000 rw-p 00003000 08:01 1054113                    /lib/x86_64-linux-gnu/libdl-2.23.so
7f25ec879000-7f25ec88f000 r-xp 00000000 08:01 1449032                    /usr/lib/jvm/jdk1.8.0_181/lib/amd64/jli/libjli.so
7f25ec88f000-7f25eca8e000 ---p 00016000 08:01 1449032                    /usr/lib/jvm/jdk1.8.0_181/lib/amd64/jli/libjli.so
7f25eca8e000-7f25eca8f000 rw-p 00015000 08:01 1449032                    /usr/lib/jvm/jdk1.8.0_181/lib/amd64/jli/libjli.so
7f25eca8f000-7f25ecaa7000 r-xp 00000000 08:01 1054235                    /lib/x86_64-linux-gnu/libpthread-2.23.so
7f25ecaa7000-7f25ecca6000 ---p 00018000 08:01 1054235                    /lib/x86_64-linux-gnu/libpthread-2.23.so
7f25ecca6000-7f25ecca7000 r--p 00017000 08:01 1054235                    /lib/x86_64-linux-gnu/libpthread-2.23.so
7f25ecca7000-7f25ecca8000 rw-p 00018000 08:01 1054235                    /lib/x86_64-linux-gnu/libpthread-2.23.so
7f25ecca8000-7f25eccac000 rw-p 00000000 00:00 0 
7f25eccac000-7f25eccd2000 r-xp 00000000 08:01 1054061                    /lib/x86_64-linux-gnu/ld-2.23.so
7f25eccd2000-7f25ecce2000 r--s 00139000 08:01 3146020                    /home/whj/dowork/DiffTGen/extra_output/Chart_26_1-plausible_jaid/target/build/classes/all0.jar
7f25ecce2000-7f25ecdb3000 rw-p 00000000 00:00 0 
7f25ecdb3000-7f25ecdb6000 ---p 00000000 00:00 0 
7f25ecdb6000-7f25eceb9000 rw-p 00000000 00:00 0 
7f25eceb9000-7f25ecebe000 r--s 0009d000 08:01 2756133                    /usr/lib/jvm/jdk1.8.0_181/jre/lib/jsse.jar
7f25ecebe000-7f25ecec6000 r--s 0006e000 08:01 2248917                    /home/whj/dowork/DiffTGen/lib/commons-lang3-3.5.jar
7f25ecec6000-7f25ecec7000 r--s 00000000 08:01 2248922                    /home/whj/dowork/DiffTGen/lib/myprinter.jar
7f25ecec7000-7f25ececf000 rw-s 00000000 08:01 1984670                    /tmp/hsperfdata_whj/55911
7f25ececf000-7f25eced0000 rw-p 00000000 00:00 0 
7f25eced0000-7f25eced1000 ---p 00000000 00:00 0 
7f25eced1000-7f25eced2000 r--p 00025000 08:01 1054061                    /lib/x86_64-linux-gnu/ld-2.23.so
7f25eced2000-7f25eced3000 rw-p 00026000 08:01 1054061                    /lib/x86_64-linux-gnu/ld-2.23.so
7f25eced3000-7f25eced4000 rw-p 00000000 00:00 0 
7fff72551000-7fff72573000 rw-p 00000000 00:00 0                          [stack]
7fff725a2000-7fff725a5000 r--p 00000000 00:00 0                          [vvar]
7fff725a5000-7fff725a7000 r-xp 00000000 00:00 0                          [vdso]
ffffffffff600000-ffffffffff601000 r-xp 00000000 00:00 0                  [vsyscall]

VM Arguments:
java_command: /home/whj/dowork/DiffTGen/lib/evosuite-1.0.6.jar -base_dir /home/whj/dowork/DiffTGen/extra_output/Chart_26_1-plausible_jaid/target/0/6 -projectCP /home/whj/dowork/DiffTGen/extra_output/Chart_26_1-plausible_jaid/target/build/classes/all0.jar:/home/whj/dowork/DiffTGen/lib/myprinter.jar:/home/whj/dowork/DiffTGen/lib/commons-lang3-3.5.jar -class org.jfree.chart.axis.Axis -Dassertions=false -Dsearch_budget=60
java_class_path (initial): /home/whj/dowork/DiffTGen/lib/evosuite-1.0.6.jar
Launcher Type: SUN_STANDARD

Environment Variables:
JAVA_HOME=/usr/lib/jvm/jdk1.8.0_181
JRE_HOME=/usr/lib/jvm/jdk1.8.0_181/jre
CLASSPATH=.:/usr/lib/jvm/jdk1.8.0_181/lib:/usr/lib/jvm/jdk1.8.0_181/jre/lib
PATH=/home/whj/perl5/bin:/home/whj/dowork/defects4j-1.2.0/framework/bin:/usr/lib/jvm/jdk1.8.0_181/bin:/usr/lib/jvm/jdk1.8.0_181/jre/bin:/home/whj/bin:/home/whj/.local/bin:/usr/local/sbin:/usr/local/bin:/usr/sbin:/usr/bin:/sbin:/bin:/usr/games:/usr/local/games" :/snap/bin:/home/whj/bin
SHELL=/bin/bash
DISPLAY=:0

Signal Handlers:
SIGSEGV: [libjvm.so+0xad2a40], sa_mask[0]=11111111011111111101111111111110, sa_flags=SA_RESTART|SA_SIGINFO
SIGBUS: [libjvm.so+0xad2a40], sa_mask[0]=11111111011111111101111111111110, sa_flags=SA_RESTART|SA_SIGINFO
SIGFPE: [libjvm.so+0x92a610], sa_mask[0]=11111111011111111101111111111110, sa_flags=SA_RESTART|SA_SIGINFO
SIGPIPE: [libjvm.so+0x92a610], sa_mask[0]=11111111011111111101111111111110, sa_flags=SA_RESTART|SA_SIGINFO
SIGXFSZ: [libjvm.so+0x92a610], sa_mask[0]=11111111011111111101111111111110, sa_flags=SA_RESTART|SA_SIGINFO
SIGILL: [libjvm.so+0x92a610], sa_mask[0]=11111111011111111101111111111110, sa_flags=SA_RESTART|SA_SIGINFO
SIGUSR1: SIG_DFL, sa_mask[0]=00000000000000000000000000000000, sa_flags=none
SIGUSR2: [libjvm.so+0x92be70], sa_mask[0]=00100000000000000000000000000000, sa_flags=SA_RESTART|SA_SIGINFO
SIGHUP: [libjvm.so+0x92d270], sa_mask[0]=11111111011111111101111111111110, sa_flags=SA_RESTART|SA_SIGINFO
SIGINT: [libjvm.so+0x92d270], sa_mask[0]=11111111011111111101111111111110, sa_flags=SA_RESTART|SA_SIGINFO
SIGTERM: [libjvm.so+0x92d270], sa_mask[0]=11111111011111111101111111111110, sa_flags=SA_RESTART|SA_SIGINFO
SIGQUIT: [libjvm.so+0x92d270], sa_mask[0]=11111111011111111101111111111110, sa_flags=SA_RESTART|SA_SIGINFO


---------------  S Y S T E M  ---------------

OS:DISTRIB_ID=Ubuntu
DISTRIB_RELEASE=16.04
DISTRIB_CODENAME=xenial
DISTRIB_DESCRIPTION="Ubuntu 16.04.6 LTS"

uname:Linux 4.15.0-91-generic #92~16.04.1-Ubuntu SMP Fri Feb 28 14:57:22 UTC 2020 x86_64
libc:glibc 2.23 NPTL 2.23 
rlimit: STACK 8192k, CORE 0k, NPROC 31576, NOFILE 1048576, AS infinity
load average:20.55 14.77 14.21

/proc/meminfo:
MemTotal:        8144704 kB
MemFree:          114888 kB
MemAvailable:      12536 kB
Buffers:            1532 kB
Cached:            38452 kB
SwapCached:        14208 kB
Active:          6721852 kB
Inactive:         851960 kB
Active(anon):    6699392 kB
Inactive(anon):   837108 kB
Active(file):      22460 kB
Inactive(file):    14852 kB
Unevictable:          32 kB
Mlocked:              32 kB
SwapTotal:        998396 kB
SwapFree:              0 kB
Dirty:               448 kB
Writeback:           104 kB
AnonPages:       7520148 kB
Mapped:            33540 kB
Shmem:              2472 kB
Slab:              88512 kB
SReclaimable:      31628 kB
SUnreclaim:        56884 kB
KernelStack:       15376 kB
PageTables:        48424 kB
NFS_Unstable:          0 kB
Bounce:                0 kB
WritebackTmp:          0 kB
CommitLimit:     5070748 kB
Committed_AS:   14091584 kB
VmallocTotal:   34359738367 kB
VmallocUsed:           0 kB
VmallocChunk:          0 kB
HardwareCorrupted:     0 kB
AnonHugePages:         0 kB
ShmemHugePages:        0 kB
ShmemPmdMapped:        0 kB
CmaTotal:              0 kB
CmaFree:               0 kB
HugePages_Total:       0
HugePages_Free:        0
HugePages_Rsvd:        0
HugePages_Surp:        0
Hugepagesize:       2048 kB
DirectMap4k:      126784 kB
DirectMap2M:     7213056 kB
DirectMap1G:     3145728 kB


CPU:total 2 (initial active 2) (2 cores per cpu, 1 threads per core) family 6 model 158 stepping 10, cmov, cx8, fxsr, mmx, sse, sse2, sse3, ssse3, sse4.1, sse4.2, popcnt, avx, avx2, aes, clmul, erms, 3dnowpref, lzcnt, tsc, tscinvbit, bmi1, bmi2, adx

/proc/cpuinfo:
processor	: 0
vendor_id	: GenuineIntel
cpu family	: 6
model		: 158
model name	: Intel(R) Core(TM) i7-8750H CPU @ 2.20GHz
stepping	: 10
microcode	: 0x96
cpu MHz		: 2207.999
cache size	: 9216 KB
physical id	: 0
siblings	: 2
core id		: 0
cpu cores	: 2
apicid		: 0
initial apicid	: 0
fpu		: yes
fpu_exception	: yes
cpuid level	: 22
wp		: yes
flags		: fpu vme de pse tsc msr pae mce cx8 apic sep mtrr pge mca cmov pat pse36 clflush mmx fxsr sse sse2 ss ht syscall nx pdpe1gb rdtscp lm constant_tsc arch_perfmon nopl xtopology tsc_reliable nonstop_tsc cpuid pni pclmulqdq ssse3 fma cx16 pcid sse4_1 sse4_2 x2apic movbe popcnt tsc_deadline_timer aes xsave avx f16c rdrand hypervisor lahf_lm abm 3dnowprefetch cpuid_fault invpcid_single pti ssbd ibrs ibpb stibp fsgsbase tsc_adjust bmi1 avx2 smep bmi2 invpcid rdseed adx smap xsaveopt arat flush_l1d arch_capabilities
bugs		: cpu_meltdown spectre_v1 spectre_v2 spec_store_bypass l1tf mds swapgs itlb_multihit
bogomips	: 4415.99
clflush size	: 64
cache_alignment	: 64
address sizes	: 42 bits physical, 48 bits virtual
power management:

processor	: 1
vendor_id	: GenuineIntel
cpu family	: 6
model		: 158
model name	: Intel(R) Core(TM) i7-8750H CPU @ 2.20GHz
stepping	: 10
microcode	: 0x96
cpu MHz		: 2207.999
cache size	: 9216 KB
physical id	: 0
siblings	: 2
core id		: 1
cpu cores	: 2
apicid		: 1
initial apicid	: 1
fpu		: yes
fpu_exception	: yes
cpuid level	: 22
wp		: yes
flags		: fpu vme de pse tsc msr pae mce cx8 apic sep mtrr pge mca cmov pat pse36 clflush mmx fxsr sse sse2 ss ht syscall nx pdpe1gb rdtscp lm constant_tsc arch_perfmon nopl xtopology tsc_reliable nonstop_tsc cpuid pni pclmulqdq ssse3 fma cx16 pcid sse4_1 sse4_2 x2apic movbe popcnt tsc_deadline_timer aes xsave avx f16c rdrand hypervisor lahf_lm abm 3dnowprefetch cpuid_fault invpcid_single pti ssbd ibrs ibpb stibp fsgsbase tsc_adjust bmi1 avx2 smep bmi2 invpcid rdseed adx smap xsaveopt arat flush_l1d arch_capabilities
bugs		: cpu_meltdown spectre_v1 spectre_v2 spec_store_bypass l1tf mds swapgs itlb_multihit
bogomips	: 4415.99
clflush size	: 64
cache_alignment	: 64
address sizes	: 42 bits physical, 48 bits virtual
power management:



Memory: 4k page, physical 8144704k(114888k free), swap 998396k(0k free)

vm_info: Java HotSpot(TM) 64-Bit Server VM (25.181-b13) for linux-amd64 JRE (1.8.0_181-b13), built on Jul  7 2018 00:56:38 by "java_re" with gcc 4.3.0 20080428 (Red Hat 4.3.0-8)

time: Fri Mar 27 15:32:21 2020
elapsed time: 121 seconds (0d 0h 2m 1s)

