#
# There is insufficient memory for the Java Runtime Environment to continue.
# Native memory allocation (mmap) failed to map 121634816 bytes for committing reserved memory.
# Possible reasons:
#   The system is out of physical RAM or swap space
#   In 32 bit mode, the process size limit was hit
# Possible solutions:
#   Reduce memory load on the system
#   Increase physical memory or swap space
#   Check if swap backing store is full
#   Use 64 bit Java on a 64 bit OS
#   Decrease Java heap size (-Xmx/-Xms)
#   Decrease number of Java threads
#   Decrease Java thread stack sizes (-Xss)
#   Set larger code cache with -XX:ReservedCodeCacheSize=
# This output file may be truncated or incomplete.
#
#  Out of Memory Error (os_linux.cpp:2640), pid=129410, tid=0x00007f199f51c700
#
# JRE version: Java(TM) SE Runtime Environment (8.0_181-b13) (build 1.8.0_181-b13)
# Java VM: Java HotSpot(TM) 64-Bit Server VM (25.181-b13 mixed mode linux-amd64 compressed oops)
# Failed to write core dump. Core dumps have been disabled. To enable core dumping, try "ulimit -c unlimited" before starting Java again
#

---------------  T H R E A D  ---------------

Current thread (0x00007f19b80fb800):  VMThread [stack: 0x00007f199f41c000,0x00007f199f51d000] [id=129447]

Stack: [0x00007f199f41c000,0x00007f199f51d000],  sp=0x00007f199f51b320,  free space=1020k
Native frames: (J=compiled Java code, j=interpreted, Vv=VM code, C=native code)
V  [libjvm.so+0xad21aa]  VMError::report_and_die()+0x2ba
V  [libjvm.so+0x5022db]  report_vm_out_of_memory(char const*, int, unsigned long, VMErrorType, char const*)+0x8b
V  [libjvm.so+0x92fe33]  os::Linux::commit_memory_impl(char*, unsigned long, bool)+0x123
V  [libjvm.so+0x930059]  os::pd_commit_memory(char*, unsigned long, unsigned long, bool)+0x29
V  [libjvm.so+0x9272ba]  os::commit_memory(char*, unsigned long, unsigned long, bool)+0x2a
V  [libjvm.so+0x99d2e3]  PSVirtualSpace::expand_by(unsigned long)+0x53
V  [libjvm.so+0x99e6e8]  PSYoungGen::resize_generation(unsigned long, unsigned long)+0xf8
V  [libjvm.so+0x99d842]  PSYoungGen::resize(unsigned long, unsigned long)+0x22
V  [libjvm.so+0x99ab1b]  PSScavenge::invoke_no_policy()+0xf3b
V  [libjvm.so+0x99b2a1]  PSScavenge::invoke()+0x41
V  [libjvm.so+0x951d70]  ParallelScavengeHeap::failed_mem_allocate(unsigned long)+0x70
V  [libjvm.so+0xad3c27]  VM_ParallelGCFailedAllocation::doit()+0x97
V  [libjvm.so+0xadb745]  VM_Operation::evaluate()+0x55
V  [libjvm.so+0xad9b0a]  VMThread::evaluate_operation(VM_Operation*)+0xba
V  [libjvm.so+0xad9e8e]  VMThread::loop()+0x1ce
V  [libjvm.so+0xada300]  VMThread::run()+0x70
V  [libjvm.so+0x930198]  java_start(Thread*)+0x108

VM_Operation (0x00007f199c8cd3e0): ParallelGCFailedAllocation, mode: safepoint, requested by thread 0x0000000000faa800


---------------  P R O C E S S  ---------------

Java Threads: ( => current thread )
  0x0000000000fad000 JavaThread "RMI TCP Connection(6)-127.0.0.1" daemon [_thread_in_native, id=129872, stack(0x00007f199c4d4000,0x00007f199c5d5000)]
  0x0000000000fac000 JavaThread "RMI TCP Connection(5)-127.0.0.1" daemon [_thread_blocked, id=129870, stack(0x00007f199cad8000,0x00007f199cbd9000)]
  0x0000000000faa800 JavaThread "RMI TCP Connection(4)-127.0.0.1" daemon [_thread_blocked, id=129836, stack(0x00007f199c7d5000,0x00007f199c8d6000)]
  0x00007f1988038000 JavaThread "RMI Scheduler(0)" daemon [_thread_blocked, id=129830, stack(0x00007f199c8d6000,0x00007f199c9d7000)]
  0x00007f1988034800 JavaThread "RMI RenewClean-[127.0.0.1:15270]" daemon [_thread_blocked, id=129821, stack(0x00007f199c9d7000,0x00007f199cad8000)]
  0x00007f196c005000 JavaThread "pool-3-thread-3" [_thread_in_native, id=129746, stack(0x00007f199cbd9000,0x00007f199ccda000)]
  0x00007f196c003800 JavaThread "pool-3-thread-2" [_thread_in_native, id=129742, stack(0x00007f199ccda000,0x00007f199cddb000)]
  0x00007f196c002800 JavaThread "pool-3-thread-1" [_thread_in_native, id=129740, stack(0x00007f199cddb000,0x00007f199cedc000)]
  0x00007f19b8442800 JavaThread "Thread-3" [_thread_blocked, id=129639, stack(0x00007f199cedc000,0x00007f199cfdd000)]
  0x00007f19b8441000 JavaThread "Thread-2" [_thread_blocked, id=129636, stack(0x00007f199cfdd000,0x00007f199d0de000)]
  0x00007f19b843f000 JavaThread "process reaper" daemon [_thread_in_native, id=129633, stack(0x00007f199d0de000,0x00007f199d117000)]
  0x00007f19b843b800 JavaThread "pool-2-thread-1" [_thread_in_native, id=129570, stack(0x00007f199d117000,0x00007f199d218000)]
  0x00007f19b8439000 JavaThread "GC Daemon" daemon [_thread_blocked, id=129569, stack(0x00007f199d218000,0x00007f199d319000)]
  0x00007f19b8434800 JavaThread "RMI Reaper" [_thread_blocked, id=129568, stack(0x00007f199d319000,0x00007f199d41a000)]
  0x00007f19b842d800 JavaThread "RMI TCP Accept-20348" daemon [_thread_in_native, id=129566, stack(0x00007f199d41a000,0x00007f199d51b000)]
  0x00007f19b8426800 JavaThread "RMI TCP Accept-20131" daemon [_thread_in_native, id=129563, stack(0x00007f199d51b000,0x00007f199d61c000)]
  0x00007f19b82cc000 JavaThread "logback-3" daemon [_thread_blocked, id=129523, stack(0x00007f199dc0b000,0x00007f199dd0c000)]
  0x00007f19b82ca800 JavaThread "logback-2" daemon [_thread_blocked, id=129515, stack(0x00007f199dd0c000,0x00007f199de0d000)]
  0x00007f19b82c9000 JavaThread "logback-1" daemon [_thread_blocked, id=129511, stack(0x00007f199de0d000,0x00007f199df0e000)]
  0x00007f19b8142000 JavaThread "Service Thread" daemon [_thread_blocked, id=129494, stack(0x00007f199e457000,0x00007f199e558000)]
  0x00007f19b813f000 JavaThread "C1 CompilerThread1" daemon [_thread_blocked, id=129484, stack(0x00007f199e558000,0x00007f199e659000)]
  0x00007f19b813c000 JavaThread "C2 CompilerThread0" daemon [_thread_in_native, id=129479, stack(0x00007f199e659000,0x00007f199e75a000)]
  0x00007f19b813a800 JavaThread "Signal Dispatcher" daemon [_thread_blocked, id=129469, stack(0x00007f199e75a000,0x00007f199e85b000)]
  0x00007f19b8107800 JavaThread "Finalizer" daemon [_thread_blocked, id=129467, stack(0x00007f199f21a000,0x00007f199f31b000)]
  0x00007f19b8105000 JavaThread "Reference Handler" daemon [_thread_blocked, id=129452, stack(0x00007f199f31b000,0x00007f199f41c000)]
  0x00007f19b800a800 JavaThread "main" [_thread_in_native, id=129422, stack(0x00007f19bf5aa000,0x00007f19bf6ab000)]

Other Threads:
=>0x00007f19b80fb800 VMThread [stack: 0x00007f199f41c000,0x00007f199f51d000] [id=129447]
  0x00007f19b8147000 WatcherThread [stack: 0x00007f199e356000,0x00007f199e457000] [id=129503]

VM state:at safepoint (normal execution)

VM Mutex/Monitor currently owned by a thread:  ([mutex/lock_event])
[0x00007f19b8006ca0] Threads_lock - owner thread: 0x00007f19b80fb800
[0x00007f19b80071a0] Heap_lock - owner thread: 0x0000000000faa800

Heap:
 PSYoungGen      total 128512K, used 10620K [0x00000000d6900000, 0x00000000df200000, 0x0000000100000000)
  eden space 116736K, 0% used [0x00000000d6900000,0x00000000d6900000,0x00000000ddb00000)
  from space 11776K, 90% used [0x00000000ddb00000,0x00000000de55f1f0,0x00000000de680000)
  to   space 11776K, 0% used [0x00000000de680000,0x00000000de680000,0x00000000df200000)
 ParOldGen       total 86016K, used 21812K [0x0000000083a00000, 0x0000000088e00000, 0x00000000d6900000)
  object space 86016K, 25% used [0x0000000083a00000,0x0000000084f4d208,0x0000000088e00000)
 Metaspace       used 14153K, capacity 14582K, committed 14848K, reserved 1062912K
  class space    used 1591K, capacity 1710K, committed 1792K, reserved 1048576K

Card table byte_map: [0x00007f19a8c1c000,0x00007f19a9000000] byte_map_base: 0x00007f19a87ff000

Marking Bits: (ParMarkBitMap*) 0x00007f19bea750a0
 Begin Bits: [0x00007f19a4bea000, 0x00007f19a6b02000)
 End Bits:   [0x00007f19a6b02000, 0x00007f19a8a1a000)

Polling page: 0x00007f19bf6c7000

CodeCache: size=245760Kb used=6271Kb max_used=6427Kb free=239488Kb
 bounds [0x00007f19a9000000, 0x00007f19a9650000, 0x00007f19b8000000]
 total_blobs=2217 nmethods=1869 adapters=261
 compilation: enabled

Compilation events (10 events):
Event: 124.243 Thread 0x00007f19b813f000 nmethod 2017 0x00007f19a910fd50 code [0x00007f19a910ff00, 0x00007f19a91101e8]
Event: 124.281 Thread 0x00007f19b813f000 2018       2       java.util.regex.Matcher::search (109 bytes)
Event: 124.282 Thread 0x00007f19b813f000 nmethod 2018 0x00007f19a92b3b10 code [0x00007f19a92b3c80, 0x00007f19a92b3ee8]
Event: 124.282 Thread 0x00007f19b813f000 2019       2       java.util.regex.Pattern$Start::match (90 bytes)
Event: 124.282 Thread 0x00007f19b813f000 nmethod 2019 0x00007f19a92b55d0 code [0x00007f19a92b5760, 0x00007f19a92b5a28]
Event: 124.331 Thread 0x00007f19b813f000 2020       3       org.evosuite.shaded.org.objectweb.asm.tree.MethodNode::accept (916 bytes)
Event: 124.333 Thread 0x00007f19b813f000 nmethod 2020 0x00007f19a91198d0 code [0x00007f19a9119fc0, 0x00007f19a911ebc8]
Event: 124.358 Thread 0x00007f19b813f000 2022       2       java.util.ArrayList::set (20 bytes)
Event: 124.359 Thread 0x00007f19b813f000 nmethod 2022 0x00007f19a9314590 code [0x00007f19a9314720, 0x00007f19a93149f8]
Event: 124.487 Thread 0x00007f19b813f000 2023       2       org.evosuite.shaded.org.objectweb.asm.MethodWriter::visitMaxs (1150 bytes)

GC Heap History (10 events):
Event: 121.314 GC heap after
Heap after GC invocations=5 (full 1):
 PSYoungGen      total 37888K, used 5112K [0x00000000d6900000, 0x00000000d9300000, 0x0000000100000000)
  eden space 32768K, 0% used [0x00000000d6900000,0x00000000d6900000,0x00000000d8900000)
  from space 5120K, 99% used [0x00000000d8e00000,0x00000000d92fe1c0,0x00000000d9300000)
  to   space 5120K, 0% used [0x00000000d8900000,0x00000000d8900000,0x00000000d8e00000)
 ParOldGen       total 86016K, used 16626K [0x0000000083a00000, 0x0000000088e00000, 0x00000000d6900000)
  object space 86016K, 19% used [0x0000000083a00000,0x0000000084a3cad8,0x0000000088e00000)
 Metaspace       used 13888K, capacity 14254K, committed 14592K, reserved 1062912K
  class space    used 1588K, capacity 1708K, committed 1792K, reserved 1048576K
}
Event: 121.451 GC heap before
{Heap before GC invocations=6 (full 1):
 PSYoungGen      total 37888K, used 37880K [0x00000000d6900000, 0x00000000d9300000, 0x0000000100000000)
  eden space 32768K, 100% used [0x00000000d6900000,0x00000000d8900000,0x00000000d8900000)
  from space 5120K, 99% used [0x00000000d8e00000,0x00000000d92fe1c0,0x00000000d9300000)
  to   space 5120K, 0% used [0x00000000d8900000,0x00000000d8900000,0x00000000d8e00000)
 ParOldGen       total 86016K, used 16626K [0x0000000083a00000, 0x0000000088e00000, 0x00000000d6900000)
  object space 86016K, 19% used [0x0000000083a00000,0x0000000084a3cad8,0x0000000088e00000)
 Metaspace       used 13888K, capacity 14254K, committed 14592K, reserved 1062912K
  class space    used 1588K, capacity 1708K, committed 1792K, reserved 1048576K
Event: 121.462 GC heap after
Heap after GC invocations=6 (full 1):
 PSYoungGen      total 37888K, used 5112K [0x00000000d6900000, 0x00000000db300000, 0x0000000100000000)
  eden space 32768K, 0% used [0x00000000d6900000,0x00000000d6900000,0x00000000d8900000)
  from space 5120K, 99% used [0x00000000d8900000,0x00000000d8dfe1c0,0x00000000d8e00000)
  to   space 5120K, 0% used [0x00000000dae00000,0x00000000dae00000,0x00000000db300000)
 ParOldGen       total 86016K, used 16626K [0x0000000083a00000, 0x0000000088e00000, 0x00000000d6900000)
  object space 86016K, 19% used [0x0000000083a00000,0x0000000084a3cad8,0x0000000088e00000)
 Metaspace       used 13888K, capacity 14254K, committed 14592K, reserved 1062912K
  class space    used 1588K, capacity 1708K, committed 1792K, reserved 1048576K
}
Event: 121.659 GC heap before
{Heap before GC invocations=7 (full 1):
 PSYoungGen      total 37888K, used 37880K [0x00000000d6900000, 0x00000000db300000, 0x0000000100000000)
  eden space 32768K, 100% used [0x00000000d6900000,0x00000000d8900000,0x00000000d8900000)
  from space 5120K, 99% used [0x00000000d8900000,0x00000000d8dfe1c0,0x00000000d8e00000)
  to   space 5120K, 0% used [0x00000000dae00000,0x00000000dae00000,0x00000000db300000)
 ParOldGen       total 86016K, used 16626K [0x0000000083a00000, 0x0000000088e00000, 0x00000000d6900000)
  object space 86016K, 19% used [0x0000000083a00000,0x0000000084a3cad8,0x0000000088e00000)
 Metaspace       used 13929K, capacity 14318K, committed 14592K, reserved 1062912K
  class space    used 1588K, capacity 1708K, committed 1792K, reserved 1048576K
Event: 121.674 GC heap after
Heap after GC invocations=7 (full 1):
 PSYoungGen      total 63488K, used 5112K [0x00000000d6900000, 0x00000000dc100000, 0x0000000100000000)
  eden space 58368K, 0% used [0x00000000d6900000,0x00000000d6900000,0x00000000da200000)
  from space 5120K, 99% used [0x00000000dae00000,0x00000000db2fe1c0,0x00000000db300000)
  to   space 12288K, 0% used [0x00000000da200000,0x00000000da200000,0x00000000dae00000)
 ParOldGen       total 86016K, used 16990K [0x0000000083a00000, 0x0000000088e00000, 0x00000000d6900000)
  object space 86016K, 19% used [0x0000000083a00000,0x0000000084a97af8,0x0000000088e00000)
 Metaspace       used 13929K, capacity 14318K, committed 14592K, reserved 1062912K
  class space    used 1588K, capacity 1708K, committed 1792K, reserved 1048576K
}
Event: 122.395 GC heap before
{Heap before GC invocations=8 (full 1):
 PSYoungGen      total 63488K, used 63480K [0x00000000d6900000, 0x00000000dc100000, 0x0000000100000000)
  eden space 58368K, 100% used [0x00000000d6900000,0x00000000da200000,0x00000000da200000)
  from space 5120K, 99% used [0x00000000dae00000,0x00000000db2fe1c0,0x00000000db300000)
  to   space 12288K, 0% used [0x00000000da200000,0x00000000da200000,0x00000000dae00000)
 ParOldGen       total 86016K, used 16990K [0x0000000083a00000, 0x0000000088e00000, 0x00000000d6900000)
  object space 86016K, 19% used [0x0000000083a00000,0x0000000084a97af8,0x0000000088e00000)
 Metaspace       used 13980K, capacity 14382K, committed 14592K, reserved 1062912K
  class space    used 1588K, capacity 1708K, committed 1792K, reserved 1048576K
Event: 122.458 GC heap after
Heap after GC invocations=8 (full 1):
 PSYoungGen      total 70656K, used 6104K [0x00000000d6900000, 0x00000000df200000, 0x0000000100000000)
  eden space 58368K, 0% used [0x00000000d6900000,0x00000000d6900000,0x00000000da200000)
  from space 12288K, 49% used [0x00000000da200000,0x00000000da7f61c0,0x00000000dae00000)
  to   space 11776K, 0% used [0x00000000de680000,0x00000000de680000,0x00000000df200000)
 ParOldGen       total 86016K, used 16998K [0x0000000083a00000, 0x0000000088e00000, 0x00000000d6900000)
  object space 86016K, 19% used [0x0000000083a00000,0x0000000084a99af8,0x0000000088e00000)
 Metaspace       used 13980K, capacity 14382K, committed 14592K, reserved 1062912K
  class space    used 1588K, capacity 1708K, committed 1792K, reserved 1048576K
}
Event: 123.011 GC heap before
{Heap before GC invocations=9 (full 1):
 PSYoungGen      total 70656K, used 64472K [0x00000000d6900000, 0x00000000df200000, 0x0000000100000000)
  eden space 58368K, 100% used [0x00000000d6900000,0x00000000da200000,0x00000000da200000)
  from space 12288K, 49% used [0x00000000da200000,0x00000000da7f61c0,0x00000000dae00000)
  to   space 11776K, 0% used [0x00000000de680000,0x00000000de680000,0x00000000df200000)
 ParOldGen       total 86016K, used 16998K [0x0000000083a00000, 0x0000000088e00000, 0x00000000d6900000)
  object space 86016K, 19% used [0x0000000083a00000,0x0000000084a99af8,0x0000000088e00000)
 Metaspace       used 14050K, capacity 14446K, committed 14592K, reserved 1062912K
  class space    used 1588K, capacity 1708K, committed 1792K, reserved 1048576K
Event: 123.092 GC heap after
Heap after GC invocations=9 (full 1):
 PSYoungGen      total 128512K, used 4640K [0x00000000d6900000, 0x00000000df200000, 0x0000000100000000)
  eden space 116736K, 0% used [0x00000000d6900000,0x00000000d6900000,0x00000000ddb00000)
  from space 11776K, 39% used [0x00000000de680000,0x00000000deb08010,0x00000000df200000)
  to   space 11776K, 0% used [0x00000000ddb00000,0x00000000ddb00000,0x00000000de680000)
 ParOldGen       total 86016K, used 20756K [0x0000000083a00000, 0x0000000088e00000, 0x00000000d6900000)
  object space 86016K, 24% used [0x0000000083a00000,0x0000000084e45208,0x0000000088e00000)
 Metaspace       used 14050K, capacity 14446K, committed 14592K, reserved 1062912K
  class space    used 1588K, capacity 1708K, committed 1792K, reserved 1048576K
}
Event: 124.710 GC heap before
{Heap before GC invocations=10 (full 1):
 PSYoungGen      total 128512K, used 121376K [0x00000000d6900000, 0x00000000df200000, 0x0000000100000000)
  eden space 116736K, 100% used [0x00000000d6900000,0x00000000ddb00000,0x00000000ddb00000)
  from space 11776K, 39% used [0x00000000de680000,0x00000000deb08010,0x00000000df200000)
  to   space 11776K, 0% used [0x00000000ddb00000,0x00000000ddb00000,0x00000000de680000)
 ParOldGen       total 86016K, used 20756K [0x0000000083a00000, 0x0000000088e00000, 0x00000000d6900000)
  object space 86016K, 24% used [0x0000000083a00000,0x0000000084e45208,0x0000000088e00000)
 Metaspace       used 14153K, capacity 14582K, committed 14848K, reserved 1062912K
  class space    used 1591K, capacity 1710K, committed 1792K, reserved 1048576K

Deoptimization events (10 events):
Event: 119.694 Thread 0x0000000000faa800 Uncommon trap: reason=unstable_if action=reinterpret pc=0x00007f19a91df738 method=java.lang.AbstractStringBuilder.append(Ljava/lang/String;)Ljava/lang/AbstractStringBuilder; @ 1
Event: 119.816 Thread 0x0000000000faa800 Uncommon trap: reason=unstable_if action=reinterpret pc=0x00007f19a9422910 method=java.io.ObjectInputStream$HandleTable.finish(I)V @ 4
Event: 120.306 Thread 0x0000000000faa800 Uncommon trap: reason=class_check action=maybe_recompile pc=0x00007f19a93da9d0 method=java.util.HashMap.putVal(ILjava/lang/Object;Ljava/lang/Object;ZZ)Ljava/lang/Object; @ 203
Event: 120.306 Thread 0x0000000000faa800 Uncommon trap: reason=class_check action=maybe_recompile pc=0x00007f19a93da9d0 method=java.util.HashMap.putVal(ILjava/lang/Object;Ljava/lang/Object;ZZ)Ljava/lang/Object; @ 203
Event: 120.574 Thread 0x0000000000faa800 Uncommon trap: reason=class_check action=maybe_recompile pc=0x00007f19a93da9d0 method=java.util.HashMap.putVal(ILjava/lang/Object;Ljava/lang/Object;ZZ)Ljava/lang/Object; @ 203
Event: 120.574 Thread 0x0000000000faa800 Uncommon trap: reason=class_check action=maybe_recompile pc=0x00007f19a93da9d0 method=java.util.HashMap.putVal(ILjava/lang/Object;Ljava/lang/Object;ZZ)Ljava/lang/Object; @ 203
Event: 122.234 Thread 0x0000000000faa800 Uncommon trap: reason=bimorphic action=maybe_recompile pc=0x00007f19a955c3f8 method=java.util.AbstractCollection.addAll(Ljava/util/Collection;)Z @ 3
Event: 122.234 Thread 0x0000000000faa800 Uncommon trap: reason=bimorphic action=maybe_recompile pc=0x00007f19a955c3f8 method=java.util.AbstractCollection.addAll(Ljava/util/Collection;)Z @ 3
Event: 122.234 Thread 0x0000000000faa800 Uncommon trap: reason=bimorphic action=maybe_recompile pc=0x00007f19a955c3f8 method=java.util.AbstractCollection.addAll(Ljava/util/Collection;)Z @ 3
Event: 123.570 Thread 0x0000000000fac000 Uncommon trap: reason=bimorphic action=maybe_recompile pc=0x00007f19a955c3f8 method=java.util.AbstractCollection.addAll(Ljava/util/Collection;)Z @ 3

Classes redefined (0 events):
No events

Internal exceptions (10 events):
Event: 111.562 Thread 0x00007f19b82cc000 Exception <a 'java/net/ConnectException'> (0x00000000d6cd1608) thrown at [/HUDSON/workspace/8-2-build-linux-amd64/jdk8u181/11358/hotspot/src/share/vm/prims/jni.cpp, line 709]
Event: 111.563 Thread 0x00007f19b82c9000 Exception <a 'java/net/ConnectException'> (0x00000000d6c2d840) thrown at [/HUDSON/workspace/8-2-build-linux-amd64/jdk8u181/11358/hotspot/src/share/vm/prims/jni.cpp, line 709]
Event: 111.563 Thread 0x00007f19b82ca800 Exception <a 'java/net/ConnectException'> (0x00000000d6c7f688) thrown at [/HUDSON/workspace/8-2-build-linux-amd64/jdk8u181/11358/hotspot/src/share/vm/prims/jni.cpp, line 709]
Event: 116.839 Thread 0x0000000000faa800 Implicit null exception at 0x00007f19a93d1648 to 0x00007f19a93d2419
Event: 117.434 Thread 0x0000000000faa800 Exception <a 'java/lang/NoSuchMethodError': <clinit>> (0x00000000d7843ff8) thrown at [/HUDSON/workspace/8-2-build-linux-amd64/jdk8u181/11358/hotspot/src/share/vm/prims/jni.cpp, line 1613]
Event: 119.687 Thread 0x0000000000faa800 Implicit null exception at 0x00007f19a91fa7f5 to 0x00007f19a91fab9d
Event: 119.694 Thread 0x0000000000faa800 Implicit null exception at 0x00007f19a91df376 to 0x00007f19a91df721
Event: 121.563 Thread 0x00007f19b82cc000 Exception <a 'java/net/ConnectException'> (0x00000000d789cea8) thrown at [/HUDSON/workspace/8-2-build-linux-amd64/jdk8u181/11358/hotspot/src/share/vm/prims/jni.cpp, line 709]
Event: 121.564 Thread 0x00007f19b82c9000 Exception <a 'java/net/ConnectException'> (0x00000000d78d2368) thrown at [/HUDSON/workspace/8-2-build-linux-amd64/jdk8u181/11358/hotspot/src/share/vm/prims/jni.cpp, line 709]
Event: 121.564 Thread 0x00007f19b82ca800 Exception <a 'java/net/ConnectException'> (0x00000000d7907828) thrown at [/HUDSON/workspace/8-2-build-linux-amd64/jdk8u181/11358/hotspot/src/share/vm/prims/jni.cpp, line 709]

Events (10 events):
Event: 123.943 Thread 0x0000000000faa800 DEOPT UNPACKING pc=0x00007f19a9047784 sp=0x00007f199c8cd708 mode 0
Event: 123.948 Thread 0x0000000000faa800 DEOPT PACKING pc=0x00007f19a9126084 sp=0x00007f199c8cd9d0
Event: 123.948 Thread 0x0000000000faa800 DEOPT UNPACKING pc=0x00007f19a9047784 sp=0x00007f199c8cd708 mode 0
Event: 124.136 Thread 0x0000000000faa800 DEOPT PACKING pc=0x00007f19a9126084 sp=0x00007f199c8cd9d0
Event: 124.158 Thread 0x0000000000faa800 DEOPT UNPACKING pc=0x00007f19a9047784 sp=0x00007f199c8cd708 mode 0
Event: 124.329 Thread 0x0000000000faa800 DEOPT PACKING pc=0x00007f19a9126084 sp=0x00007f199c8cdaa0
Event: 124.330 Thread 0x0000000000faa800 DEOPT UNPACKING pc=0x00007f19a9047784 sp=0x00007f199c8cd7d8 mode 0
Event: 124.333 Thread 0x0000000000faa800 DEOPT PACKING pc=0x00007f19a9637650 sp=0x00007f199c8cd9c0
Event: 124.333 Thread 0x0000000000faa800 DEOPT UNPACKING pc=0x00007f19a9047784 sp=0x00007f199c8cd780 mode 0
Event: 124.709 Executing VM operation: ParallelGCFailedAllocation


Dynamic libraries:
00400000-00401000 r-xp 00000000 08:01 1448396                            /usr/lib/jvm/jdk1.8.0_181/bin/java
00600000-00601000 rw-p 00000000 08:01 1448396                            /usr/lib/jvm/jdk1.8.0_181/bin/java
00fa8000-00fc9000 rw-p 00000000 00:00 0                                  [heap]
83a00000-88e00000 rw-p 00000000 00:00 0 
88e00000-d6900000 ---p 00000000 00:00 0 
d6900000-df200000 rw-p 00000000 00:00 0 
e6600000-100000000 ---p 00000000 00:00 0 
100000000-1001c0000 rw-p 00000000 00:00 0 
1001c0000-140000000 ---p 00000000 00:00 0 
7f1960000000-7f1960021000 rw-p 00000000 00:00 0 
7f1960021000-7f1964000000 ---p 00000000 00:00 0 
7f1968000000-7f1968021000 rw-p 00000000 00:00 0 
7f1968021000-7f196c000000 ---p 00000000 00:00 0 
7f196c000000-7f196c021000 rw-p 00000000 00:00 0 
7f196c021000-7f1970000000 ---p 00000000 00:00 0 
7f1970000000-7f1970021000 rw-p 00000000 00:00 0 
7f1970021000-7f1974000000 ---p 00000000 00:00 0 
7f1974fff000-7f1978000000 rw-p 00000000 00:00 0 
7f1978000000-7f1978021000 rw-p 00000000 00:00 0 
7f1978021000-7f197c000000 ---p 00000000 00:00 0 
7f197c000000-7f197c021000 rw-p 00000000 00:00 0 
7f197c021000-7f1980000000 ---p 00000000 00:00 0 
7f1980000000-7f1980ac4000 rw-p 00000000 00:00 0 
7f1980ac4000-7f1984000000 ---p 00000000 00:00 0 
7f1984000000-7f198464f000 rw-p 00000000 00:00 0 
7f198464f000-7f1988000000 ---p 00000000 00:00 0 
7f1988000000-7f198803b000 rw-p 00000000 00:00 0 
7f198803b000-7f198c000000 ---p 00000000 00:00 0 
7f198c000000-7f198c021000 rw-p 00000000 00:00 0 
7f198c021000-7f1990000000 ---p 00000000 00:00 0 
7f1990000000-7f19902aa000 rw-p 00000000 00:00 0 
7f19902aa000-7f1994000000 ---p 00000000 00:00 0 
7f1994000000-7f1994021000 rw-p 00000000 00:00 0 
7f1994021000-7f1998000000 ---p 00000000 00:00 0 
7f1998000000-7f19981b8000 rw-p 00000000 00:00 0 
7f19981b8000-7f199c000000 ---p 00000000 00:00 0 
7f199c2d4000-7f199c394000 rw-p 00000000 00:00 0 
7f199c394000-7f199c4d4000 ---p 00000000 00:00 0 
7f199c4d4000-7f199c4d7000 ---p 00000000 00:00 0 
7f199c4d7000-7f199c7d5000 rw-p 00000000 00:00 0 
7f199c7d5000-7f199c7d8000 ---p 00000000 00:00 0 
7f199c7d8000-7f199c8d6000 rw-p 00000000 00:00 0 
7f199c8d6000-7f199c8d9000 ---p 00000000 00:00 0 
7f199c8d9000-7f199c9d7000 rw-p 00000000 00:00 0 
7f199c9d7000-7f199c9da000 ---p 00000000 00:00 0 
7f199c9da000-7f199cad8000 rw-p 00000000 00:00 0 
7f199cad8000-7f199cadb000 ---p 00000000 00:00 0 
7f199cadb000-7f199cbd9000 rw-p 00000000 00:00 0 
7f199cbd9000-7f199cbdc000 ---p 00000000 00:00 0 
7f199cbdc000-7f199ccda000 rw-p 00000000 00:00 0 
7f199ccda000-7f199ccdd000 ---p 00000000 00:00 0 
7f199ccdd000-7f199cddb000 rw-p 00000000 00:00 0 
7f199cddb000-7f199cdde000 ---p 00000000 00:00 0 
7f199cdde000-7f199cedc000 rw-p 00000000 00:00 0 
7f199cedc000-7f199cedf000 ---p 00000000 00:00 0 
7f199cedf000-7f199cfdd000 rw-p 00000000 00:00 0 
7f199cfdd000-7f199cfe0000 ---p 00000000 00:00 0 
7f199cfe0000-7f199d0de000 rw-p 00000000 00:00 0 
7f199d0de000-7f199d0e1000 ---p 00000000 00:00 0 
7f199d0e1000-7f199d117000 rw-p 00000000 00:00 0 
7f199d117000-7f199d11a000 ---p 00000000 00:00 0 
7f199d11a000-7f199d218000 rw-p 00000000 00:00 0 
7f199d218000-7f199d21b000 ---p 00000000 00:00 0 
7f199d21b000-7f199d319000 rw-p 00000000 00:00 0 
7f199d319000-7f199d31c000 ---p 00000000 00:00 0 
7f199d31c000-7f199d41a000 rw-p 00000000 00:00 0 
7f199d41a000-7f199d41d000 ---p 00000000 00:00 0 
7f199d41d000-7f199d51b000 rw-p 00000000 00:00 0 
7f199d51b000-7f199d51e000 ---p 00000000 00:00 0 
7f199d51e000-7f199d81c000 rw-p 00000000 00:00 0 
7f199d81c000-7f199db92000 r--s 0331d000 08:01 2240389                    /home/whj/dowork/DiffTGen/extra_output/Closure_86_4_sequencer/target/build/classes/all0.jar
7f199db92000-7f199dc0b000 r--s 010f9000 08:01 1448503                    /usr/lib/jvm/jdk1.8.0_181/lib/tools.jar
7f199dc0b000-7f199dc0e000 ---p 00000000 00:00 0 
7f199dc0e000-7f199dd0c000 rw-p 00000000 00:00 0 
7f199dd0c000-7f199dd0f000 ---p 00000000 00:00 0 
7f199dd0f000-7f199de0d000 rw-p 00000000 00:00 0 
7f199de0d000-7f199de10000 ---p 00000000 00:00 0 
7f199de10000-7f199df0e000 rw-p 00000000 00:00 0 
7f199df0e000-7f199df24000 r-xp 00000000 08:01 2756237                    /usr/lib/jvm/jdk1.8.0_181/jre/lib/amd64/libnet.so
7f199df24000-7f199e124000 ---p 00016000 08:01 2756237                    /usr/lib/jvm/jdk1.8.0_181/jre/lib/amd64/libnet.so
7f199e124000-7f199e125000 rw-p 00016000 08:01 2756237                    /usr/lib/jvm/jdk1.8.0_181/jre/lib/amd64/libnet.so
7f199e125000-7f199e356000 r--s 01bb1000 08:01 1706762                    /home/whj/dowork/DiffTGen/lib/evosuite-1.0.6.jar
7f199e356000-7f199e357000 ---p 00000000 00:00 0 
7f199e357000-7f199e457000 rw-p 00000000 00:00 0 
7f199e457000-7f199e45a000 ---p 00000000 00:00 0 
7f199e45a000-7f199e558000 rw-p 00000000 00:00 0 
7f199e558000-7f199e55b000 ---p 00000000 00:00 0 
7f199e55b000-7f199e659000 rw-p 00000000 00:00 0 
7f199e659000-7f199e65c000 ---p 00000000 00:00 0 
7f199e65c000-7f199e75a000 rw-p 00000000 00:00 0 
7f199e75a000-7f199e75d000 ---p 00000000 00:00 0 
7f199e75d000-7f199e85b000 rw-p 00000000 00:00 0 
7f199e85b000-7f199f21a000 r--p 00000000 08:01 1316108                    /usr/lib/locale/locale-archive
7f199f21a000-7f199f21d000 ---p 00000000 00:00 0 
7f199f21d000-7f199f31b000 rw-p 00000000 00:00 0 
7f199f31b000-7f199f31e000 ---p 00000000 00:00 0 
7f199f31e000-7f199f41c000 rw-p 00000000 00:00 0 
7f199f41c000-7f199f41d000 ---p 00000000 00:00 0 
7f199f41d000-7f199fe26000 rw-p 00000000 00:00 0 
7f199fe26000-7f19a0000000 r--s 03d6b000 08:01 2756084                    /usr/lib/jvm/jdk1.8.0_181/jre/lib/rt.jar
7f19a0000000-7f19a0025000 rw-p 00000000 00:00 0 
7f19a0025000-7f19a4000000 ---p 00000000 00:00 0 
7f19a4007000-7f19a8a1a000 rw-p 00000000 00:00 0 
7f19a8a1a000-7f19a8a1b000 ---p 00000000 00:00 0 
7f19a8a1b000-7f19a8b1b000 rw-p 00000000 00:00 0 
7f19a8b1b000-7f19a8b1c000 ---p 00000000 00:00 0 
7f19a8b1c000-7f19a8c46000 rw-p 00000000 00:00 0 
7f19a8c46000-7f19a8eb3000 ---p 00000000 00:00 0 
7f19a8eb3000-7f19a8ef8000 rw-p 00000000 00:00 0 
7f19a8ef8000-7f19a8fff000 ---p 00000000 00:00 0 
7f19a8fff000-7f19a9000000 rw-p 00000000 00:00 0 
7f19a9000000-7f19a9650000 rwxp 00000000 00:00 0 
7f19a9650000-7f19b8000000 ---p 00000000 00:00 0 
7f19b8000000-7f19b84a4000 rw-p 00000000 00:00 0 
7f19b84a4000-7f19bc000000 ---p 00000000 00:00 0 
7f19bc00f000-7f19bc02b000 r--s 00393000 08:01 2756136                    /usr/lib/jvm/jdk1.8.0_181/jre/lib/ext/cldrdata.jar
7f19bc02b000-7f19bc0cb000 rw-p 00000000 00:00 0 
7f19bc0cb000-7f19bc339000 ---p 00000000 00:00 0 
7f19bc339000-7f19bc353000 rw-p 00000000 00:00 0 
7f19bc353000-7f19bc6f9000 ---p 00000000 00:00 0 
7f19bc6f9000-7f19bc714000 r-xp 00000000 08:01 2756233                    /usr/lib/jvm/jdk1.8.0_181/jre/lib/amd64/libzip.so
7f19bc714000-7f19bc914000 ---p 0001b000 08:01 2756233                    /usr/lib/jvm/jdk1.8.0_181/jre/lib/amd64/libzip.so
7f19bc914000-7f19bc915000 rw-p 0001b000 08:01 2756233                    /usr/lib/jvm/jdk1.8.0_181/jre/lib/amd64/libzip.so
7f19bc915000-7f19bc920000 r-xp 00000000 08:01 1054188                    /lib/x86_64-linux-gnu/libnss_files-2.23.so
7f19bc920000-7f19bcb1f000 ---p 0000b000 08:01 1054188                    /lib/x86_64-linux-gnu/libnss_files-2.23.so
7f19bcb1f000-7f19bcb20000 r--p 0000a000 08:01 1054188                    /lib/x86_64-linux-gnu/libnss_files-2.23.so
7f19bcb20000-7f19bcb21000 rw-p 0000b000 08:01 1054188                    /lib/x86_64-linux-gnu/libnss_files-2.23.so
7f19bcb21000-7f19bcb27000 rw-p 00000000 00:00 0 
7f19bcb27000-7f19bcb32000 r-xp 00000000 08:01 1054198                    /lib/x86_64-linux-gnu/libnss_nis-2.23.so
7f19bcb32000-7f19bcd31000 ---p 0000b000 08:01 1054198                    /lib/x86_64-linux-gnu/libnss_nis-2.23.so
7f19bcd31000-7f19bcd32000 r--p 0000a000 08:01 1054198                    /lib/x86_64-linux-gnu/libnss_nis-2.23.so
7f19bcd32000-7f19bcd33000 rw-p 0000b000 08:01 1054198                    /lib/x86_64-linux-gnu/libnss_nis-2.23.so
7f19bcd33000-7f19bcd49000 r-xp 00000000 08:01 1054182                    /lib/x86_64-linux-gnu/libnsl-2.23.so
7f19bcd49000-7f19bcf48000 ---p 00016000 08:01 1054182                    /lib/x86_64-linux-gnu/libnsl-2.23.so
7f19bcf48000-7f19bcf49000 r--p 00015000 08:01 1054182                    /lib/x86_64-linux-gnu/libnsl-2.23.so
7f19bcf49000-7f19bcf4a000 rw-p 00016000 08:01 1054182                    /lib/x86_64-linux-gnu/libnsl-2.23.so
7f19bcf4a000-7f19bcf4c000 rw-p 00000000 00:00 0 
7f19bcf4c000-7f19bcf54000 r-xp 00000000 08:01 1054184                    /lib/x86_64-linux-gnu/libnss_compat-2.23.so
7f19bcf54000-7f19bd153000 ---p 00008000 08:01 1054184                    /lib/x86_64-linux-gnu/libnss_compat-2.23.so
7f19bd153000-7f19bd154000 r--p 00007000 08:01 1054184                    /lib/x86_64-linux-gnu/libnss_compat-2.23.so
7f19bd154000-7f19bd155000 rw-p 00008000 08:01 1054184                    /lib/x86_64-linux-gnu/libnss_compat-2.23.so
7f19bd155000-7f19bd180000 r-xp 00000000 08:01 2756227                    /usr/lib/jvm/jdk1.8.0_181/jre/lib/amd64/libjava.so
7f19bd180000-7f19bd37f000 ---p 0002b000 08:01 2756227                    /usr/lib/jvm/jdk1.8.0_181/jre/lib/amd64/libjava.so
7f19bd37f000-7f19bd381000 rw-p 0002a000 08:01 2756227                    /usr/lib/jvm/jdk1.8.0_181/jre/lib/amd64/libjava.so
7f19bd381000-7f19bd38e000 r-xp 00000000 08:01 2756232                    /usr/lib/jvm/jdk1.8.0_181/jre/lib/amd64/libverify.so
7f19bd38e000-7f19bd58e000 ---p 0000d000 08:01 2756232                    /usr/lib/jvm/jdk1.8.0_181/jre/lib/amd64/libverify.so
7f19bd58e000-7f19bd590000 rw-p 0000d000 08:01 2756232                    /usr/lib/jvm/jdk1.8.0_181/jre/lib/amd64/libverify.so
7f19bd590000-7f19bd597000 r-xp 00000000 08:01 1054243                    /lib/x86_64-linux-gnu/librt-2.23.so
7f19bd597000-7f19bd796000 ---p 00007000 08:01 1054243                    /lib/x86_64-linux-gnu/librt-2.23.so
7f19bd796000-7f19bd797000 r--p 00006000 08:01 1054243                    /lib/x86_64-linux-gnu/librt-2.23.so
7f19bd797000-7f19bd798000 rw-p 00007000 08:01 1054243                    /lib/x86_64-linux-gnu/librt-2.23.so
7f19bd798000-7f19bd8a0000 r-xp 00000000 08:01 1054159                    /lib/x86_64-linux-gnu/libm-2.23.so
7f19bd8a0000-7f19bda9f000 ---p 00108000 08:01 1054159                    /lib/x86_64-linux-gnu/libm-2.23.so
7f19bda9f000-7f19bdaa0000 r--p 00107000 08:01 1054159                    /lib/x86_64-linux-gnu/libm-2.23.so
7f19bdaa0000-7f19bdaa1000 rw-p 00108000 08:01 1054159                    /lib/x86_64-linux-gnu/libm-2.23.so
7f19bdaa1000-7f19be77d000 r-xp 00000000 08:01 2756209                    /usr/lib/jvm/jdk1.8.0_181/jre/lib/amd64/server/libjvm.so
7f19be77d000-7f19be97d000 ---p 00cdc000 08:01 2756209                    /usr/lib/jvm/jdk1.8.0_181/jre/lib/amd64/server/libjvm.so
7f19be97d000-7f19bea57000 rw-p 00cdc000 08:01 2756209                    /usr/lib/jvm/jdk1.8.0_181/jre/lib/amd64/server/libjvm.so
7f19bea57000-7f19beaa2000 rw-p 00000000 00:00 0 
7f19beaa2000-7f19bec62000 r-xp 00000000 08:01 1054089                    /lib/x86_64-linux-gnu/libc-2.23.so
7f19bec62000-7f19bee62000 ---p 001c0000 08:01 1054089                    /lib/x86_64-linux-gnu/libc-2.23.so
7f19bee62000-7f19bee66000 r--p 001c0000 08:01 1054089                    /lib/x86_64-linux-gnu/libc-2.23.so
7f19bee66000-7f19bee68000 rw-p 001c4000 08:01 1054089                    /lib/x86_64-linux-gnu/libc-2.23.so
7f19bee68000-7f19bee6c000 rw-p 00000000 00:00 0 
7f19bee6c000-7f19bee6f000 r-xp 00000000 08:01 1054113                    /lib/x86_64-linux-gnu/libdl-2.23.so
7f19bee6f000-7f19bf06e000 ---p 00003000 08:01 1054113                    /lib/x86_64-linux-gnu/libdl-2.23.so
7f19bf06e000-7f19bf06f000 r--p 00002000 08:01 1054113                    /lib/x86_64-linux-gnu/libdl-2.23.so
7f19bf06f000-7f19bf070000 rw-p 00003000 08:01 1054113                    /lib/x86_64-linux-gnu/libdl-2.23.so
7f19bf070000-7f19bf086000 r-xp 00000000 08:01 1449032                    /usr/lib/jvm/jdk1.8.0_181/lib/amd64/jli/libjli.so
7f19bf086000-7f19bf285000 ---p 00016000 08:01 1449032                    /usr/lib/jvm/jdk1.8.0_181/lib/amd64/jli/libjli.so
7f19bf285000-7f19bf286000 rw-p 00015000 08:01 1449032                    /usr/lib/jvm/jdk1.8.0_181/lib/amd64/jli/libjli.so
7f19bf286000-7f19bf29e000 r-xp 00000000 08:01 1054235                    /lib/x86_64-linux-gnu/libpthread-2.23.so
7f19bf29e000-7f19bf49d000 ---p 00018000 08:01 1054235                    /lib/x86_64-linux-gnu/libpthread-2.23.so
7f19bf49d000-7f19bf49e000 r--p 00017000 08:01 1054235                    /lib/x86_64-linux-gnu/libpthread-2.23.so
7f19bf49e000-7f19bf49f000 rw-p 00018000 08:01 1054235                    /lib/x86_64-linux-gnu/libpthread-2.23.so
7f19bf49f000-7f19bf4a3000 rw-p 00000000 00:00 0 
7f19bf4a3000-7f19bf4c9000 r-xp 00000000 08:01 1054061                    /lib/x86_64-linux-gnu/ld-2.23.so
7f19bf4cf000-7f19bf4d9000 r--s 00116000 08:01 2756143                    /usr/lib/jvm/jdk1.8.0_181/jre/lib/ext/localedata.jar
7f19bf4d9000-7f19bf5aa000 rw-p 00000000 00:00 0 
7f19bf5aa000-7f19bf5ad000 ---p 00000000 00:00 0 
7f19bf5ad000-7f19bf6b0000 rw-p 00000000 00:00 0 
7f19bf6b0000-7f19bf6b5000 r--s 0009d000 08:01 2756133                    /usr/lib/jvm/jdk1.8.0_181/jre/lib/jsse.jar
7f19bf6b5000-7f19bf6bd000 r--s 0006e000 08:01 2248917                    /home/whj/dowork/DiffTGen/lib/commons-lang3-3.5.jar
7f19bf6bd000-7f19bf6be000 r--s 00000000 08:01 2248922                    /home/whj/dowork/DiffTGen/lib/myprinter.jar
7f19bf6be000-7f19bf6c6000 rw-s 00000000 08:01 1984377                    /tmp/hsperfdata_whj/129410
7f19bf6c6000-7f19bf6c7000 rw-p 00000000 00:00 0 
7f19bf6c7000-7f19bf6c8000 ---p 00000000 00:00 0 
7f19bf6c8000-7f19bf6c9000 r--p 00025000 08:01 1054061                    /lib/x86_64-linux-gnu/ld-2.23.so
7f19bf6c9000-7f19bf6ca000 rw-p 00026000 08:01 1054061                    /lib/x86_64-linux-gnu/ld-2.23.so
7f19bf6ca000-7f19bf6cb000 rw-p 00000000 00:00 0 
7ffe3c792000-7ffe3c7b4000 rw-p 00000000 00:00 0                          [stack]
7ffe3c7e6000-7ffe3c7e9000 r--p 00000000 00:00 0                          [vvar]
7ffe3c7e9000-7ffe3c7eb000 r-xp 00000000 00:00 0                          [vdso]
ffffffffff600000-ffffffffff601000 r-xp 00000000 00:00 0                  [vsyscall]

VM Arguments:
java_command: /home/whj/dowork/DiffTGen/lib/evosuite-1.0.6.jar -base_dir /home/whj/dowork/DiffTGen/extra_output/Closure_86_4_sequencer/target/0/13 -projectCP /home/whj/dowork/DiffTGen/extra_output/Closure_86_4_sequencer/target/build/classes/all0.jar:/home/whj/dowork/DiffTGen/lib/myprinter.jar:/home/whj/dowork/DiffTGen/lib/commons-lang3-3.5.jar -class com.google.javascript.jscomp.NodeUtil -Dassertions=false -Dsearch_budget=60
java_class_path (initial): /home/whj/dowork/DiffTGen/lib/evosuite-1.0.6.jar
Launcher Type: SUN_STANDARD

Environment Variables:
JAVA_HOME=/usr/lib/jvm/jdk1.8.0_181
JRE_HOME=/usr/lib/jvm/jdk1.8.0_181/jre
CLASSPATH=.:/usr/lib/jvm/jdk1.8.0_181/lib:/usr/lib/jvm/jdk1.8.0_181/jre/lib
PATH=/home/whj/perl5/bin:/home/whj/dowork/defects4j-1.2.0/framework/bin:/usr/lib/jvm/jdk1.8.0_181/bin:/usr/lib/jvm/jdk1.8.0_181/jre/bin:/home/whj/bin:/home/whj/.local/bin:/usr/local/sbin:/usr/local/bin:/usr/sbin:/usr/bin:/sbin:/bin:/usr/games:/usr/local/games" :/snap/bin:/home/whj/bin
SHELL=/bin/bash
DISPLAY=:0

Signal Handlers:
SIGSEGV: [libjvm.so+0xad2a40], sa_mask[0]=11111111011111111101111111111110, sa_flags=SA_RESTART|SA_SIGINFO
SIGBUS: [libjvm.so+0xad2a40], sa_mask[0]=11111111011111111101111111111110, sa_flags=SA_RESTART|SA_SIGINFO
SIGFPE: [libjvm.so+0x92a610], sa_mask[0]=11111111011111111101111111111110, sa_flags=SA_RESTART|SA_SIGINFO
SIGPIPE: [libjvm.so+0x92a610], sa_mask[0]=11111111011111111101111111111110, sa_flags=SA_RESTART|SA_SIGINFO
SIGXFSZ: [libjvm.so+0x92a610], sa_mask[0]=11111111011111111101111111111110, sa_flags=SA_RESTART|SA_SIGINFO
SIGILL: [libjvm.so+0x92a610], sa_mask[0]=11111111011111111101111111111110, sa_flags=SA_RESTART|SA_SIGINFO
SIGUSR1: SIG_DFL, sa_mask[0]=00000000000000000000000000000000, sa_flags=none
SIGUSR2: [libjvm.so+0x92be70], sa_mask[0]=00100000000000000000000000000000, sa_flags=SA_RESTART|SA_SIGINFO
SIGHUP: [libjvm.so+0x92d270], sa_mask[0]=11111111011111111101111111111110, sa_flags=SA_RESTART|SA_SIGINFO
SIGINT: [libjvm.so+0x92d270], sa_mask[0]=11111111011111111101111111111110, sa_flags=SA_RESTART|SA_SIGINFO
SIGTERM: [libjvm.so+0x92d270], sa_mask[0]=11111111011111111101111111111110, sa_flags=SA_RESTART|SA_SIGINFO
SIGQUIT: [libjvm.so+0x92d270], sa_mask[0]=11111111011111111101111111111110, sa_flags=SA_RESTART|SA_SIGINFO


---------------  S Y S T E M  ---------------

OS:DISTRIB_ID=Ubuntu
DISTRIB_RELEASE=16.04
DISTRIB_CODENAME=xenial
DISTRIB_DESCRIPTION="Ubuntu 16.04.6 LTS"

uname:Linux 4.15.0-91-generic #92~16.04.1-Ubuntu SMP Fri Feb 28 14:57:22 UTC 2020 x86_64
libc:glibc 2.23 NPTL 2.23 
rlimit: STACK 8192k, CORE 0k, NPROC 31576, NOFILE 1048576, AS infinity
load average:16.71 12.78 12.68

/proc/meminfo:
MemTotal:        8144704 kB
MemFree:         1203828 kB
MemAvailable:    1091356 kB
Buffers:             268 kB
Cached:            18908 kB
SwapCached:         7028 kB
Active:          5785368 kB
Inactive:         731040 kB
Active(anon):    5775956 kB
Inactive(anon):   723504 kB
Active(file):       9412 kB
Inactive(file):     7536 kB
Unevictable:          32 kB
Mlocked:              32 kB
SwapTotal:        998396 kB
SwapFree:             76 kB
Dirty:               140 kB
Writeback:           268 kB
AnonPages:       6490796 kB
Mapped:            16024 kB
Shmem:              2072 kB
Slab:              88472 kB
SReclaimable:      31748 kB
SUnreclaim:        56724 kB
KernelStack:       14192 kB
PageTables:        45660 kB
NFS_Unstable:          0 kB
Bounce:                0 kB
WritebackTmp:          0 kB
CommitLimit:     5070748 kB
Committed_AS:   12734396 kB
VmallocTotal:   34359738367 kB
VmallocUsed:           0 kB
VmallocChunk:          0 kB
HardwareCorrupted:     0 kB
AnonHugePages:         0 kB
ShmemHugePages:        0 kB
ShmemPmdMapped:        0 kB
CmaTotal:              0 kB
CmaFree:               0 kB
HugePages_Total:       0
HugePages_Free:        0
HugePages_Rsvd:        0
HugePages_Surp:        0
Hugepagesize:       2048 kB
DirectMap4k:      114496 kB
DirectMap2M:     6176768 kB
DirectMap1G:     4194304 kB


CPU:total 2 (initial active 2) (2 cores per cpu, 1 threads per core) family 6 model 158 stepping 10, cmov, cx8, fxsr, mmx, sse, sse2, sse3, ssse3, sse4.1, sse4.2, popcnt, avx, avx2, aes, clmul, erms, 3dnowpref, lzcnt, tsc, tscinvbit, bmi1, bmi2, adx

/proc/cpuinfo:
processor	: 0
vendor_id	: GenuineIntel
cpu family	: 6
model		: 158
model name	: Intel(R) Core(TM) i7-8750H CPU @ 2.20GHz
stepping	: 10
microcode	: 0x96
cpu MHz		: 2207.999
cache size	: 9216 KB
physical id	: 0
siblings	: 2
core id		: 0
cpu cores	: 2
apicid		: 0
initial apicid	: 0
fpu		: yes
fpu_exception	: yes
cpuid level	: 22
wp		: yes
flags		: fpu vme de pse tsc msr pae mce cx8 apic sep mtrr pge mca cmov pat pse36 clflush mmx fxsr sse sse2 ss ht syscall nx pdpe1gb rdtscp lm constant_tsc arch_perfmon nopl xtopology tsc_reliable nonstop_tsc cpuid pni pclmulqdq ssse3 fma cx16 pcid sse4_1 sse4_2 x2apic movbe popcnt tsc_deadline_timer aes xsave avx f16c rdrand hypervisor lahf_lm abm 3dnowprefetch cpuid_fault invpcid_single pti ssbd ibrs ibpb stibp fsgsbase tsc_adjust bmi1 avx2 smep bmi2 invpcid rdseed adx smap xsaveopt arat flush_l1d arch_capabilities
bugs		: cpu_meltdown spectre_v1 spectre_v2 spec_store_bypass l1tf mds swapgs itlb_multihit
bogomips	: 4415.99
clflush size	: 64
cache_alignment	: 64
address sizes	: 42 bits physical, 48 bits virtual
power management:

processor	: 1
vendor_id	: GenuineIntel
cpu family	: 6
model		: 158
model name	: Intel(R) Core(TM) i7-8750H CPU @ 2.20GHz
stepping	: 10
microcode	: 0x96
cpu MHz		: 2207.999
cache size	: 9216 KB
physical id	: 0
siblings	: 2
core id		: 1
cpu cores	: 2
apicid		: 1
initial apicid	: 1
fpu		: yes
fpu_exception	: yes
cpuid level	: 22
wp		: yes
flags		: fpu vme de pse tsc msr pae mce cx8 apic sep mtrr pge mca cmov pat pse36 clflush mmx fxsr sse sse2 ss ht syscall nx pdpe1gb rdtscp lm constant_tsc arch_perfmon nopl xtopology tsc_reliable nonstop_tsc cpuid pni pclmulqdq ssse3 fma cx16 pcid sse4_1 sse4_2 x2apic movbe popcnt tsc_deadline_timer aes xsave avx f16c rdrand hypervisor lahf_lm abm 3dnowprefetch cpuid_fault invpcid_single pti ssbd ibrs ibpb stibp fsgsbase tsc_adjust bmi1 avx2 smep bmi2 invpcid rdseed adx smap xsaveopt arat flush_l1d arch_capabilities
bugs		: cpu_meltdown spectre_v1 spectre_v2 spec_store_bypass l1tf mds swapgs itlb_multihit
bogomips	: 4415.99
clflush size	: 64
cache_alignment	: 64
address sizes	: 42 bits physical, 48 bits virtual
power management:



Memory: 4k page, physical 8144704k(1203828k free), swap 998396k(76k free)

vm_info: Java HotSpot(TM) 64-Bit Server VM (25.181-b13) for linux-amd64 JRE (1.8.0_181-b13), built on Jul  7 2018 00:56:38 by "java_re" with gcc 4.3.0 20080428 (Red Hat 4.3.0-8)

time: Fri Mar 27 11:09:22 2020
elapsed time: 126 seconds (0d 0h 2m 6s)

