#
# There is insufficient memory for the Java Runtime Environment to continue.
# Native memory allocation (mmap) failed to map 135266304 bytes for committing reserved memory.
# Possible reasons:
#   The system is out of physical RAM or swap space
#   In 32 bit mode, the process size limit was hit
# Possible solutions:
#   Reduce memory load on the system
#   Increase physical memory or swap space
#   Check if swap backing store is full
#   Use 64 bit Java on a 64 bit OS
#   Decrease Java heap size (-Xmx/-Xms)
#   Decrease number of Java threads
#   Decrease Java thread stack sizes (-Xss)
#   Set larger code cache with -XX:ReservedCodeCacheSize=
# This output file may be truncated or incomplete.
#
#  Out of Memory Error (os_linux.cpp:2640), pid=92770, tid=0x00007f4aac6ec700
#
# JRE version: Java(TM) SE Runtime Environment (8.0_181-b13) (build 1.8.0_181-b13)
# Java VM: Java HotSpot(TM) 64-Bit Server VM (25.181-b13 mixed mode linux-amd64 compressed oops)
# Failed to write core dump. Core dumps have been disabled. To enable core dumping, try "ulimit -c unlimited" before starting Java again
#

---------------  T H R E A D  ---------------

Current thread (0x00007f4ac00fb800):  VMThread [stack: 0x00007f4aac5ec000,0x00007f4aac6ed000] [id=92811]

Stack: [0x00007f4aac5ec000,0x00007f4aac6ed000],  sp=0x00007f4aac6eb320,  free space=1020k
Native frames: (J=compiled Java code, j=interpreted, Vv=VM code, C=native code)
V  [libjvm.so+0xad21aa]  VMError::report_and_die()+0x2ba
V  [libjvm.so+0x5022db]  report_vm_out_of_memory(char const*, int, unsigned long, VMErrorType, char const*)+0x8b
V  [libjvm.so+0x92fe33]  os::Linux::commit_memory_impl(char*, unsigned long, bool)+0x123
V  [libjvm.so+0x930059]  os::pd_commit_memory(char*, unsigned long, unsigned long, bool)+0x29
V  [libjvm.so+0x9272ba]  os::commit_memory(char*, unsigned long, unsigned long, bool)+0x2a
V  [libjvm.so+0x99d2e3]  PSVirtualSpace::expand_by(unsigned long)+0x53
V  [libjvm.so+0x99e6e8]  PSYoungGen::resize_generation(unsigned long, unsigned long)+0xf8
V  [libjvm.so+0x99d842]  PSYoungGen::resize(unsigned long, unsigned long)+0x22
V  [libjvm.so+0x99ab1b]  PSScavenge::invoke_no_policy()+0xf3b
V  [libjvm.so+0x99b2a1]  PSScavenge::invoke()+0x41
V  [libjvm.so+0x951d70]  ParallelScavengeHeap::failed_mem_allocate(unsigned long)+0x70
V  [libjvm.so+0xad3c27]  VM_ParallelGCFailedAllocation::doit()+0x97
V  [libjvm.so+0xadb745]  VM_Operation::evaluate()+0x55
V  [libjvm.so+0xad9b0a]  VMThread::evaluate_operation(VM_Operation*)+0xba
V  [libjvm.so+0xad9e8e]  VMThread::loop()+0x1ce
V  [libjvm.so+0xada300]  VMThread::run()+0x70
V  [libjvm.so+0x930198]  java_start(Thread*)+0x108

VM_Operation (0x00007f4a9dde28b0): ParallelGCFailedAllocation, mode: safepoint, requested by thread 0x0000000000dd5800


---------------  P R O C E S S  ---------------

Java Threads: ( => current thread )
  0x0000000000dd8800 JavaThread "RMI TCP Connection(6)-127.0.0.1" daemon [_thread_in_native, id=93274, stack(0x00007f4a9d5d2000,0x00007f4a9d6d3000)]
  0x0000000000dd7000 JavaThread "RMI TCP Connection(5)-127.0.0.1" daemon [_thread_in_native, id=93253, stack(0x00007f4a9dfe9000,0x00007f4a9e0ea000)]
  0x0000000000dd5800 JavaThread "RMI TCP Connection(4)-127.0.0.1" daemon [_thread_blocked, id=93184, stack(0x00007f4a9dce6000,0x00007f4a9dde7000)]
  0x00007f4a94038000 JavaThread "RMI Scheduler(0)" daemon [_thread_blocked, id=93178, stack(0x00007f4a9dde7000,0x00007f4a9dee8000)]
  0x00007f4a94032800 JavaThread "RMI RenewClean-[127.0.0.1:9607]" daemon [_thread_blocked, id=93156, stack(0x00007f4a9dee8000,0x00007f4a9dfe9000)]
  0x00007f4a70005800 JavaThread "pool-3-thread-3" [_thread_in_native, id=93089, stack(0x00007f4a9e0ea000,0x00007f4a9e1eb000)]
  0x00007f4a70003800 JavaThread "pool-3-thread-2" [_thread_in_native, id=93086, stack(0x00007f4a9e1eb000,0x00007f4a9e2ec000)]
  0x00007f4a70002800 JavaThread "pool-3-thread-1" [_thread_in_native, id=93085, stack(0x00007f4a9e2ec000,0x00007f4a9e3ed000)]
  0x00007f4ac036b800 JavaThread "Thread-3" [_thread_in_native, id=92976, stack(0x00007f4a9e3ed000,0x00007f4a9e4ee000)]
  0x00007f4ac036a000 JavaThread "Thread-2" [_thread_in_native, id=92969, stack(0x00007f4a9e4ee000,0x00007f4a9e5ef000)]
  0x00007f4ac0368800 JavaThread "process reaper" daemon [_thread_in_native, id=92966, stack(0x00007f4aac023000,0x00007f4aac05c000)]
  0x00007f4ac0362800 JavaThread "pool-2-thread-1" [_thread_in_native, id=92949, stack(0x00007f4a9e5ef000,0x00007f4a9e6f0000)]
  0x00007f4ac0360800 JavaThread "GC Daemon" daemon [_thread_blocked, id=92945, stack(0x00007f4a9e6f0000,0x00007f4a9e7f1000)]
  0x00007f4ac035d800 JavaThread "RMI Reaper" [_thread_blocked, id=92942, stack(0x00007f4a9e7f1000,0x00007f4a9e8f2000)]
  0x00007f4ac0354800 JavaThread "RMI TCP Accept-13516" daemon [_thread_in_native, id=92932, stack(0x00007f4a9e8f2000,0x00007f4a9e9f3000)]
  0x00007f4ac034f800 JavaThread "RMI TCP Accept-21711" daemon [_thread_in_native, id=92917, stack(0x00007f4a9e9f3000,0x00007f4a9eaf4000)]
  0x00007f4ac0294000 JavaThread "logback-3" daemon [_thread_blocked, id=92875, stack(0x00007f4a9ecf4000,0x00007f4a9edf5000)]
  0x00007f4ac0292800 JavaThread "logback-2" daemon [_thread_blocked, id=92872, stack(0x00007f4a9edf5000,0x00007f4a9eef6000)]
  0x00007f4ac0291000 JavaThread "logback-1" daemon [_thread_blocked, id=92869, stack(0x00007f4a9eef6000,0x00007f4a9eff7000)]
  0x00007f4ac0142000 JavaThread "Service Thread" daemon [_thread_blocked, id=92845, stack(0x00007f4a9f540000,0x00007f4a9f641000)]
  0x00007f4ac013f000 JavaThread "C1 CompilerThread1" daemon [_thread_blocked, id=92838, stack(0x00007f4aac0e7000,0x00007f4aac1e8000)]
  0x00007f4ac013c000 JavaThread "C2 CompilerThread0" daemon [_thread_blocked, id=92833, stack(0x00007f4aac1e8000,0x00007f4aac2e9000)]
  0x00007f4ac013a800 JavaThread "Signal Dispatcher" daemon [_thread_blocked, id=92830, stack(0x00007f4aac2e9000,0x00007f4aac3ea000)]
  0x00007f4ac0107800 JavaThread "Finalizer" daemon [_thread_blocked, id=92824, stack(0x00007f4aac3ea000,0x00007f4aac4eb000)]
  0x00007f4ac0105000 JavaThread "Reference Handler" daemon [_thread_blocked, id=92818, stack(0x00007f4aac4eb000,0x00007f4aac5ec000)]
  0x00007f4ac000a800 JavaThread "main" [_thread_in_native, id=92787, stack(0x00007f4ac874b000,0x00007f4ac884c000)]

Other Threads:
=>0x00007f4ac00fb800 VMThread [stack: 0x00007f4aac5ec000,0x00007f4aac6ed000] [id=92811]
  0x00007f4ac0147000 WatcherThread [stack: 0x00007f4a9f43f000,0x00007f4a9f540000] [id=92864]

VM state:at safepoint (normal execution)

VM Mutex/Monitor currently owned by a thread:  ([mutex/lock_event])
[0x00007f4ac0006cc0] Threads_lock - owner thread: 0x00007f4ac00fb800
[0x00007f4ac00071c0] Heap_lock - owner thread: 0x0000000000dd5800

Heap:
 PSYoungGen      total 135168K, used 10230K [0x00000000d6900000, 0x00000000dfa00000, 0x0000000100000000)
  eden space 124928K, 0% used [0x00000000d6900000,0x00000000d6900000,0x00000000de300000)
  from space 10240K, 99% used [0x00000000de300000,0x00000000decfd868,0x00000000ded00000)
  to   space 7168K, 0% used [0x00000000ded00000,0x00000000ded00000,0x00000000df400000)
 ParOldGen       total 86016K, used 21194K [0x0000000083a00000, 0x0000000088e00000, 0x00000000d6900000)
  object space 86016K, 24% used [0x0000000083a00000,0x0000000084eb2960,0x0000000088e00000)
 Metaspace       used 19745K, capacity 20282K, committed 20352K, reserved 1067008K
  class space    used 2257K, capacity 2419K, committed 2432K, reserved 1048576K

Card table byte_map: [0x00007f4ac50f6000,0x00007f4ac54da000] byte_map_base: 0x00007f4ac4cd9000

Marking Bits: (ParMarkBitMap*) 0x00007f4ac7c160a0
 Begin Bits: [0x00007f4aad1d0000, 0x00007f4aaf0e8000)
 End Bits:   [0x00007f4aaf0e8000, 0x00007f4ab1000000)

Polling page: 0x00007f4ac8868000

CodeCache: size=245760Kb used=7633Kb max_used=7648Kb free=238126Kb
 bounds [0x00007f4ab1000000, 0x00007f4ab1780000, 0x00007f4ac0000000]
 total_blobs=2708 nmethods=2262 adapters=359
 compilation: enabled

Compilation events (10 events):
Event: 132.623 Thread 0x00007f4ac013c000 nmethod 2304 0x00007f4ab1774dd0 code [0x00007f4ab1774f80, 0x00007f4ab1775418]
Event: 132.623 Thread 0x00007f4ac013c000 2319       4       org.evosuite.runtime.instrumentation.RuntimeInstrumentation::checkIfCanInstrument (65 bytes)
Event: 132.645 Thread 0x00007f4ac013f000 2331       2       org.evosuite.coverage.branch.BranchCoverageTestFitness::hashCode (31 bytes)
Event: 132.645 Thread 0x00007f4ac013f000 nmethod 2331 0x00007f4ab1774a10 code [0x00007f4ab1774b80, 0x00007f4ab1774d08]
Event: 132.646 Thread 0x00007f4ac013f000 2332   !   2       sun.reflect.GeneratedSerializationConstructorAccessor73::newInstance (49 bytes)
Event: 132.646 Thread 0x00007f4ac013f000 nmethod 2332 0x00007f4ab17742d0 code [0x00007f4ab1774460, 0x00007f4ab17747a8]
Event: 132.791 Thread 0x00007f4ac013f000 2333 %     3       java.util.HashMap::readObject @ 225 (266 bytes)
Event: 132.792 Thread 0x00007f4ac013f000 nmethod 2333% 0x00007f4ab1775950 code [0x00007f4ab1775d80, 0x00007f4ab1777f18]
Event: 132.904 Thread 0x00007f4ac013c000 nmethod 2319 0x00007f4ab177b710 code [0x00007f4ab177b980, 0x00007f4ab177c770]
Event: 132.904 Thread 0x00007f4ac013c000 2334       4       java.io.ObjectInputStream::defaultReadFields (199 bytes)

GC Heap History (10 events):
Event: 106.726 GC heap after
Heap after GC invocations=5 (full 1):
 PSYoungGen      total 37888K, used 5091K [0x00000000d6900000, 0x00000000db300000, 0x0000000100000000)
  eden space 32768K, 0% used [0x00000000d6900000,0x00000000d6900000,0x00000000d8900000)
  from space 5120K, 99% used [0x00000000d8e00000,0x00000000d92f8c48,0x00000000d9300000)
  to   space 5120K, 0% used [0x00000000d8900000,0x00000000d8900000,0x00000000d8e00000)
 ParOldGen       total 86016K, used 5129K [0x0000000083a00000, 0x0000000088e00000, 0x00000000d6900000)
  object space 86016K, 5% used [0x0000000083a00000,0x0000000083f02750,0x0000000088e00000)
 Metaspace       used 13940K, capacity 14310K, committed 14592K, reserved 1062912K
  class space    used 1596K, capacity 1704K, committed 1792K, reserved 1048576K
}
Event: 107.026 GC heap before
{Heap before GC invocations=6 (full 1):
 PSYoungGen      total 37888K, used 37859K [0x00000000d6900000, 0x00000000db300000, 0x0000000100000000)
  eden space 32768K, 100% used [0x00000000d6900000,0x00000000d8900000,0x00000000d8900000)
  from space 5120K, 99% used [0x00000000d8e00000,0x00000000d92f8c48,0x00000000d9300000)
  to   space 5120K, 0% used [0x00000000d8900000,0x00000000d8900000,0x00000000d8e00000)
 ParOldGen       total 86016K, used 5129K [0x0000000083a00000, 0x0000000088e00000, 0x00000000d6900000)
  object space 86016K, 5% used [0x0000000083a00000,0x0000000083f02750,0x0000000088e00000)
 Metaspace       used 13960K, capacity 14310K, committed 14592K, reserved 1062912K
  class space    used 1596K, capacity 1704K, committed 1792K, reserved 1048576K
Event: 107.034 GC heap after
Heap after GC invocations=6 (full 1):
 PSYoungGen      total 37888K, used 5096K [0x00000000d6900000, 0x00000000db300000, 0x0000000100000000)
  eden space 32768K, 0% used [0x00000000d6900000,0x00000000d6900000,0x00000000d8900000)
  from space 5120K, 99% used [0x00000000d8900000,0x00000000d8dfa080,0x00000000d8e00000)
  to   space 5120K, 0% used [0x00000000dae00000,0x00000000dae00000,0x00000000db300000)
 ParOldGen       total 86016K, used 5193K [0x0000000083a00000, 0x0000000088e00000, 0x00000000d6900000)
  object space 86016K, 6% used [0x0000000083a00000,0x0000000083f12750,0x0000000088e00000)
 Metaspace       used 13960K, capacity 14310K, committed 14592K, reserved 1062912K
  class space    used 1596K, capacity 1704K, committed 1792K, reserved 1048576K
}
Event: 107.355 GC heap before
{Heap before GC invocations=7 (full 1):
 PSYoungGen      total 37888K, used 37864K [0x00000000d6900000, 0x00000000db300000, 0x0000000100000000)
  eden space 32768K, 100% used [0x00000000d6900000,0x00000000d8900000,0x00000000d8900000)
  from space 5120K, 99% used [0x00000000d8900000,0x00000000d8dfa080,0x00000000d8e00000)
  to   space 5120K, 0% used [0x00000000dae00000,0x00000000dae00000,0x00000000db300000)
 ParOldGen       total 86016K, used 5193K [0x0000000083a00000, 0x0000000088e00000, 0x00000000d6900000)
  object space 86016K, 6% used [0x0000000083a00000,0x0000000083f12750,0x0000000088e00000)
 Metaspace       used 13994K, capacity 14374K, committed 14592K, reserved 1062912K
  class space    used 1596K, capacity 1704K, committed 1792K, reserved 1048576K
Event: 107.374 GC heap after
Heap after GC invocations=7 (full 1):
 PSYoungGen      total 69120K, used 5105K [0x00000000d6900000, 0x00000000db600000, 0x0000000100000000)
  eden space 64000K, 0% used [0x00000000d6900000,0x00000000d6900000,0x00000000da780000)
  from space 5120K, 99% used [0x00000000dae00000,0x00000000db2fc660,0x00000000db300000)
  to   space 6656K, 0% used [0x00000000da780000,0x00000000da780000,0x00000000dae00000)
 ParOldGen       total 86016K, used 5769K [0x0000000083a00000, 0x0000000088e00000, 0x00000000d6900000)
  object space 86016K, 6% used [0x0000000083a00000,0x0000000083fa2750,0x0000000088e00000)
 Metaspace       used 13994K, capacity 14374K, committed 14592K, reserved 1062912K
  class space    used 1596K, capacity 1704K, committed 1792K, reserved 1048576K
}
Event: 108.005 GC heap before
{Heap before GC invocations=8 (full 1):
 PSYoungGen      total 69120K, used 69105K [0x00000000d6900000, 0x00000000db600000, 0x0000000100000000)
  eden space 64000K, 100% used [0x00000000d6900000,0x00000000da780000,0x00000000da780000)
  from space 5120K, 99% used [0x00000000dae00000,0x00000000db2fc660,0x00000000db300000)
  to   space 6656K, 0% used [0x00000000da780000,0x00000000da780000,0x00000000dae00000)
 ParOldGen       total 86016K, used 5769K [0x0000000083a00000, 0x0000000088e00000, 0x00000000d6900000)
  object space 86016K, 6% used [0x0000000083a00000,0x0000000083fa2750,0x0000000088e00000)
 Metaspace       used 14052K, capacity 14438K, committed 14592K, reserved 1062912K
  class space    used 1596K, capacity 1704K, committed 1792K, reserved 1048576K
Event: 108.069 GC heap after
Heap after GC invocations=8 (full 1):
 PSYoungGen      total 70656K, used 6642K [0x00000000d6900000, 0x00000000df400000, 0x0000000100000000)
  eden space 64000K, 0% used [0x00000000d6900000,0x00000000d6900000,0x00000000da780000)
  from space 6656K, 99% used [0x00000000da780000,0x00000000dadfc850,0x00000000dae00000)
  to   space 7168K, 0% used [0x00000000ded00000,0x00000000ded00000,0x00000000df400000)
 ParOldGen       total 86016K, used 6420K [0x0000000083a00000, 0x0000000088e00000, 0x00000000d6900000)
  object space 86016K, 7% used [0x0000000083a00000,0x0000000084045170,0x0000000088e00000)
 Metaspace       used 14052K, capacity 14438K, committed 14592K, reserved 1062912K
  class space    used 1596K, capacity 1704K, committed 1792K, reserved 1048576K
}
Event: 111.778 GC heap before
{Heap before GC invocations=9 (full 1):
 PSYoungGen      total 70656K, used 70642K [0x00000000d6900000, 0x00000000df400000, 0x0000000100000000)
  eden space 64000K, 100% used [0x00000000d6900000,0x00000000da780000,0x00000000da780000)
  from space 6656K, 99% used [0x00000000da780000,0x00000000dadfc850,0x00000000dae00000)
  to   space 7168K, 0% used [0x00000000ded00000,0x00000000ded00000,0x00000000df400000)
 ParOldGen       total 86016K, used 6420K [0x0000000083a00000, 0x0000000088e00000, 0x00000000d6900000)
  object space 86016K, 7% used [0x0000000083a00000,0x0000000084045170,0x0000000088e00000)
 Metaspace       used 16523K, capacity 16992K, committed 17152K, reserved 1064960K
  class space    used 1852K, capacity 1982K, committed 2048K, reserved 1048576K
Event: 112.152 GC heap after
Heap after GC invocations=9 (full 1):
 PSYoungGen      total 132096K, used 7160K [0x00000000d6900000, 0x00000000dfa00000, 0x0000000100000000)
  eden space 124928K, 0% used [0x00000000d6900000,0x00000000d6900000,0x00000000de300000)
  from space 7168K, 99% used [0x00000000ded00000,0x00000000df3fe248,0x00000000df400000)
  to   space 10240K, 0% used [0x00000000de300000,0x00000000de300000,0x00000000ded00000)
 ParOldGen       total 86016K, used 11223K [0x0000000083a00000, 0x0000000088e00000, 0x00000000d6900000)
  object space 86016K, 13% used [0x0000000083a00000,0x00000000844f5d00,0x0000000088e00000)
 Metaspace       used 16523K, capacity 16992K, committed 17152K, reserved 1064960K
  class space    used 1852K, capacity 1982K, committed 2048K, reserved 1048576K
}
Event: 132.933 GC heap before
{Heap before GC invocations=10 (full 1):
 PSYoungGen      total 132096K, used 132088K [0x00000000d6900000, 0x00000000dfa00000, 0x0000000100000000)
  eden space 124928K, 100% used [0x00000000d6900000,0x00000000de300000,0x00000000de300000)
  from space 7168K, 99% used [0x00000000ded00000,0x00000000df3fe248,0x00000000df400000)
  to   space 10240K, 0% used [0x00000000de300000,0x00000000de300000,0x00000000ded00000)
 ParOldGen       total 86016K, used 11223K [0x0000000083a00000, 0x0000000088e00000, 0x00000000d6900000)
  object space 86016K, 13% used [0x0000000083a00000,0x00000000844f5d00,0x0000000088e00000)
 Metaspace       used 19745K, capacity 20282K, committed 20352K, reserved 1067008K
  class space    used 2257K, capacity 2419K, committed 2432K, reserved 1048576K

Deoptimization events (10 events):
Event: 111.764 Thread 0x0000000000dd5800 Uncommon trap: reason=unstable_if action=reinterpret pc=0x00007f4ab13e9ec8 method=org.evosuite.shaded.org.objectweb.asm.Frame.merge(Lorg/evosuite/shaded/org/objectweb/asm/ClassWriter;I[II)Z @ 61
Event: 114.474 Thread 0x0000000000dd5800 Uncommon trap: reason=bimorphic action=maybe_recompile pc=0x00007f4ab148e8b0 method=java.util.Collections$UnmodifiableCollection$1.next()Ljava/lang/Object; @ 4
Event: 114.474 Thread 0x0000000000dd5800 Uncommon trap: reason=bimorphic action=maybe_recompile pc=0x00007f4ab148e8b0 method=java.util.Collections$UnmodifiableCollection$1.next()Ljava/lang/Object; @ 4
Event: 114.481 Thread 0x0000000000dd5800 Uncommon trap: reason=bimorphic action=maybe_recompile pc=0x00007f4ab148e8b0 method=java.util.Collections$UnmodifiableCollection$1.next()Ljava/lang/Object; @ 4
Event: 114.481 Thread 0x0000000000dd5800 Uncommon trap: reason=bimorphic action=maybe_recompile pc=0x00007f4ab148e8b0 method=java.util.Collections$UnmodifiableCollection$1.next()Ljava/lang/Object; @ 4
Event: 123.512 Thread 0x0000000000dd7000 Uncommon trap: reason=unstable_if action=reinterpret pc=0x00007f4ab17012a8 method=java.io.ObjectInputStream.defaultReadFields(Ljava/lang/Object;Ljava/io/ObjectStreamClass;)V @ 49
Event: 124.232 Thread 0x0000000000dd5800 Uncommon trap: reason=unstable_if action=reinterpret pc=0x00007f4ab1401188 method=org.evosuite.shaded.org.objectweb.asm.ClassReader.readUTF(II[C)Ljava/lang/String; @ 77
Event: 124.237 Thread 0x0000000000dd5800 Uncommon trap: reason=unstable_if action=reinterpret pc=0x00007f4ab16bfb34 method=org.evosuite.shaded.org.objectweb.asm.ByteVector.putUTF8(Ljava/lang/String;)Lorg/evosuite/shaded/org/objectweb/asm/ByteVector; @ 98
Event: 124.384 Thread 0x0000000000dd5800 Uncommon trap: reason=unstable_if action=reinterpret pc=0x00007f4ab17162b4 method=org.evosuite.shaded.org.objectweb.asm.Frame.merge(Lorg/evosuite/shaded/org/objectweb/asm/ClassWriter;I[II)Z @ 67
Event: 132.523 Thread 0x0000000000dd8800 Uncommon trap: reason=unstable_if action=reinterpret pc=0x00007f4ab170c8d4 method=java.io.ObjectInputStream.defaultReadFields(Ljava/lang/Object;Ljava/io/ObjectStreamClass;)V @ 49

Classes redefined (0 events):
No events

Internal exceptions (10 events):
Event: 106.649 Thread 0x0000000000dd7000 Implicit null exception at 0x00007f4ab13a8194 to 0x00007f4ab13a915d
Event: 112.186 Thread 0x00007f4ac0292800 Exception <a 'java/net/ConnectException'> (0x00000000d6904720) thrown at [/HUDSON/workspace/8-2-build-linux-amd64/jdk8u181/11358/hotspot/src/share/vm/prims/jni.cpp, line 709]
Event: 112.209 Thread 0x00007f4ac0291000 Exception <a 'java/net/ConnectException'> (0x00000000d6c296e8) thrown at [/HUDSON/workspace/8-2-build-linux-amd64/jdk8u181/11358/hotspot/src/share/vm/prims/jni.cpp, line 709]
Event: 112.220 Thread 0x00007f4ac0294000 Exception <a 'java/net/ConnectException'> (0x00000000d6cf47d0) thrown at [/HUDSON/workspace/8-2-build-linux-amd64/jdk8u181/11358/hotspot/src/share/vm/prims/jni.cpp, line 709]
Event: 122.187 Thread 0x00007f4ac0292800 Exception <a 'java/net/ConnectException'> (0x00000000d6905248) thrown at [/HUDSON/workspace/8-2-build-linux-amd64/jdk8u181/11358/hotspot/src/share/vm/prims/jni.cpp, line 709]
Event: 122.210 Thread 0x00007f4ac0291000 Exception <a 'java/net/ConnectException'> (0x00000000d6c2a210) thrown at [/HUDSON/workspace/8-2-build-linux-amd64/jdk8u181/11358/hotspot/src/share/vm/prims/jni.cpp, line 709]
Event: 122.248 Thread 0x00007f4ac0294000 Exception <a 'java/net/ConnectException'> (0x00000000d6cf52f8) thrown at [/HUDSON/workspace/8-2-build-linux-amd64/jdk8u181/11358/hotspot/src/share/vm/prims/jni.cpp, line 709]
Event: 132.188 Thread 0x00007f4ac0292800 Exception <a 'java/net/ConnectException'> (0x00000000d6905f38) thrown at [/HUDSON/workspace/8-2-build-linux-amd64/jdk8u181/11358/hotspot/src/share/vm/prims/jni.cpp, line 709]
Event: 132.211 Thread 0x00007f4ac0291000 Exception <a 'java/net/ConnectException'> (0x00000000d6c2ad38) thrown at [/HUDSON/workspace/8-2-build-linux-amd64/jdk8u181/11358/hotspot/src/share/vm/prims/jni.cpp, line 709]
Event: 132.249 Thread 0x00007f4ac0294000 Exception <a 'java/net/ConnectException'> (0x00000000d6cf5e20) thrown at [/HUDSON/workspace/8-2-build-linux-amd64/jdk8u181/11358/hotspot/src/share/vm/prims/jni.cpp, line 709]

Events (10 events):
Event: 132.555 Thread 0x0000000000dd5800 DEOPT UNPACKING pc=0x00007f4ab1047784 sp=0x00007f4a9dde2368 mode 0
Event: 132.586 Thread 0x0000000000dd5800 DEOPT PACKING pc=0x00007f4ab1600cdb sp=0x00007f4a9dde25b0
Event: 132.586 Thread 0x0000000000dd5800 DEOPT UNPACKING pc=0x00007f4ab1047784 sp=0x00007f4a9dde2368 mode 0
Event: 132.596 Thread 0x0000000000dd5800 DEOPT PACKING pc=0x00007f4ab1600cdb sp=0x00007f4a9dde2810
Event: 132.596 Thread 0x0000000000dd5800 DEOPT UNPACKING pc=0x00007f4ab1047784 sp=0x00007f4a9dde25c8 mode 0
Event: 132.598 Thread 0x0000000000dd5800 DEOPT PACKING pc=0x00007f4ab12b7dfc sp=0x00007f4a9dde2e20
Event: 132.598 Thread 0x0000000000dd5800 DEOPT UNPACKING pc=0x00007f4ab1047784 sp=0x00007f4a9dde2b08 mode 0
Event: 132.847 Thread 0x0000000000dd5800 DEOPT PACKING pc=0x00007f4ab1600cdb sp=0x00007f4a9dde25b0
Event: 132.847 Thread 0x0000000000dd5800 DEOPT UNPACKING pc=0x00007f4ab1047784 sp=0x00007f4a9dde2368 mode 0
Event: 132.932 Executing VM operation: ParallelGCFailedAllocation


Dynamic libraries:
00400000-00401000 r-xp 00000000 08:01 1448396                            /usr/lib/jvm/jdk1.8.0_181/bin/java
00600000-00601000 rw-p 00000000 08:01 1448396                            /usr/lib/jvm/jdk1.8.0_181/bin/java
00dd3000-00df4000 rw-p 00000000 00:00 0                                  [heap]
83a00000-88e00000 rw-p 00000000 00:00 0 
88e00000-d6900000 ---p 00000000 00:00 0 
d6900000-dfa00000 rw-p 00000000 00:00 0 
e7b00000-100000000 ---p 00000000 00:00 0 
100000000-100260000 rw-p 00000000 00:00 0 
100260000-140000000 ---p 00000000 00:00 0 
7f4a68000000-7f4a68021000 rw-p 00000000 00:00 0 
7f4a68021000-7f4a6c000000 ---p 00000000 00:00 0 
7f4a70000000-7f4a70021000 rw-p 00000000 00:00 0 
7f4a70021000-7f4a74000000 ---p 00000000 00:00 0 
7f4a74000000-7f4a74021000 rw-p 00000000 00:00 0 
7f4a74021000-7f4a78000000 ---p 00000000 00:00 0 
7f4a78000000-7f4a78021000 rw-p 00000000 00:00 0 
7f4a78021000-7f4a7c000000 ---p 00000000 00:00 0 
7f4a7c000000-7f4a7c021000 rw-p 00000000 00:00 0 
7f4a7c021000-7f4a80000000 ---p 00000000 00:00 0 
7f4a80fff000-7f4a84000000 rw-p 00000000 00:00 0 
7f4a84000000-7f4a84e50000 rw-p 00000000 00:00 0 
7f4a84e50000-7f4a88000000 ---p 00000000 00:00 0 
7f4a88000000-7f4a88021000 rw-p 00000000 00:00 0 
7f4a88021000-7f4a8c000000 ---p 00000000 00:00 0 
7f4a8c000000-7f4a8c021000 rw-p 00000000 00:00 0 
7f4a8c021000-7f4a90000000 ---p 00000000 00:00 0 
7f4a90000000-7f4a9151d000 rw-p 00000000 00:00 0 
7f4a9151d000-7f4a94000000 ---p 00000000 00:00 0 
7f4a94000000-7f4a9403b000 rw-p 00000000 00:00 0 
7f4a9403b000-7f4a98000000 ---p 00000000 00:00 0 
7f4a98000000-7f4a98021000 rw-p 00000000 00:00 0 
7f4a98021000-7f4a9c000000 ---p 00000000 00:00 0 
7f4a9d283000-7f4a9d403000 rw-p 00000000 00:00 0 
7f4a9d403000-7f4a9d483000 ---p 00000000 00:00 0 
7f4a9d5d2000-7f4a9d5d5000 ---p 00000000 00:00 0 
7f4a9d5d5000-7f4a9d8d3000 rw-p 00000000 00:00 0 
7f4a9d8d3000-7f4a9d8e6000 r--s 00345000 08:01 2756119                    /usr/lib/jvm/jdk1.8.0_181/jre/lib/resources.jar
7f4a9d8e6000-7f4a9dae6000 rw-p 00000000 00:00 0 
7f4a9dae6000-7f4a9dce6000 rw-p 00000000 00:00 0 
7f4a9dce6000-7f4a9dce9000 ---p 00000000 00:00 0 
7f4a9dce9000-7f4a9dde7000 rw-p 00000000 00:00 0 
7f4a9dde7000-7f4a9ddea000 ---p 00000000 00:00 0 
7f4a9ddea000-7f4a9dee8000 rw-p 00000000 00:00 0 
7f4a9dee8000-7f4a9deeb000 ---p 00000000 00:00 0 
7f4a9deeb000-7f4a9dfe9000 rw-p 00000000 00:00 0 
7f4a9dfe9000-7f4a9dfec000 ---p 00000000 00:00 0 
7f4a9dfec000-7f4a9e0ea000 rw-p 00000000 00:00 0 
7f4a9e0ea000-7f4a9e0ed000 ---p 00000000 00:00 0 
7f4a9e0ed000-7f4a9e1eb000 rw-p 00000000 00:00 0 
7f4a9e1eb000-7f4a9e1ee000 ---p 00000000 00:00 0 
7f4a9e1ee000-7f4a9e2ec000 rw-p 00000000 00:00 0 
7f4a9e2ec000-7f4a9e2ef000 ---p 00000000 00:00 0 
7f4a9e2ef000-7f4a9e3ed000 rw-p 00000000 00:00 0 
7f4a9e3ed000-7f4a9e3f0000 ---p 00000000 00:00 0 
7f4a9e3f0000-7f4a9e4ee000 rw-p 00000000 00:00 0 
7f4a9e4ee000-7f4a9e4f1000 ---p 00000000 00:00 0 
7f4a9e4f1000-7f4a9e5ef000 rw-p 00000000 00:00 0 
7f4a9e5ef000-7f4a9e5f2000 ---p 00000000 00:00 0 
7f4a9e5f2000-7f4a9e6f0000 rw-p 00000000 00:00 0 
7f4a9e6f0000-7f4a9e6f3000 ---p 00000000 00:00 0 
7f4a9e6f3000-7f4a9e7f1000 rw-p 00000000 00:00 0 
7f4a9e7f1000-7f4a9e7f4000 ---p 00000000 00:00 0 
7f4a9e7f4000-7f4a9e8f2000 rw-p 00000000 00:00 0 
7f4a9e8f2000-7f4a9e8f5000 ---p 00000000 00:00 0 
7f4a9e8f5000-7f4a9e9f3000 rw-p 00000000 00:00 0 
7f4a9e9f3000-7f4a9e9f6000 ---p 00000000 00:00 0 
7f4a9e9f6000-7f4a9ecf4000 rw-p 00000000 00:00 0 
7f4a9ecf4000-7f4a9ecf7000 ---p 00000000 00:00 0 
7f4a9ecf7000-7f4a9edf5000 rw-p 00000000 00:00 0 
7f4a9edf5000-7f4a9edf8000 ---p 00000000 00:00 0 
7f4a9edf8000-7f4a9eef6000 rw-p 00000000 00:00 0 
7f4a9eef6000-7f4a9eef9000 ---p 00000000 00:00 0 
7f4a9eef9000-7f4a9eff7000 rw-p 00000000 00:00 0 
7f4a9eff7000-7f4a9f00d000 r-xp 00000000 08:01 2756237                    /usr/lib/jvm/jdk1.8.0_181/jre/lib/amd64/libnet.so
7f4a9f00d000-7f4a9f20d000 ---p 00016000 08:01 2756237                    /usr/lib/jvm/jdk1.8.0_181/jre/lib/amd64/libnet.so
7f4a9f20d000-7f4a9f20e000 rw-p 00016000 08:01 2756237                    /usr/lib/jvm/jdk1.8.0_181/jre/lib/amd64/libnet.so
7f4a9f20e000-7f4a9f43f000 r--s 01bb1000 08:01 1706762                    /home/whj/dowork/DiffTGen/lib/evosuite-1.0.6.jar
7f4a9f43f000-7f4a9f440000 ---p 00000000 00:00 0 
7f4a9f440000-7f4a9f540000 rw-p 00000000 00:00 0 
7f4a9f540000-7f4a9f543000 ---p 00000000 00:00 0 
7f4a9f543000-7f4a9f641000 rw-p 00000000 00:00 0 
7f4a9f641000-7f4aa0000000 r--p 00000000 08:01 1316108                    /usr/lib/locale/locale-archive
7f4aa0000000-7f4aa04cd000 rw-p 00000000 00:00 0 
7f4aa04cd000-7f4aa4000000 ---p 00000000 00:00 0 
7f4aa4000000-7f4aa42d2000 rw-p 00000000 00:00 0 
7f4aa42d2000-7f4aa8000000 ---p 00000000 00:00 0 
7f4aa8000000-7f4aa8029000 rw-p 00000000 00:00 0 
7f4aa8029000-7f4aac000000 ---p 00000000 00:00 0 
7f4aac007000-7f4aac023000 r--s 00393000 08:01 2756136                    /usr/lib/jvm/jdk1.8.0_181/jre/lib/ext/cldrdata.jar
7f4aac023000-7f4aac026000 ---p 00000000 00:00 0 
7f4aac026000-7f4aac05c000 rw-p 00000000 00:00 0 
7f4aac05c000-7f4aac06e000 r--s 00169000 08:01 3151510                    /home/whj/dowork/DiffTGen/extra_output/Chart_1_1_capgen/target/build/classes/all0.jar
7f4aac06e000-7f4aac0e7000 r--s 010f9000 08:01 1448503                    /usr/lib/jvm/jdk1.8.0_181/lib/tools.jar
7f4aac0e7000-7f4aac0ea000 ---p 00000000 00:00 0 
7f4aac0ea000-7f4aac1e8000 rw-p 00000000 00:00 0 
7f4aac1e8000-7f4aac1eb000 ---p 00000000 00:00 0 
7f4aac1eb000-7f4aac2e9000 rw-p 00000000 00:00 0 
7f4aac2e9000-7f4aac2ec000 ---p 00000000 00:00 0 
7f4aac2ec000-7f4aac3ea000 rw-p 00000000 00:00 0 
7f4aac3ea000-7f4aac3ed000 ---p 00000000 00:00 0 
7f4aac3ed000-7f4aac4eb000 rw-p 00000000 00:00 0 
7f4aac4eb000-7f4aac4ee000 ---p 00000000 00:00 0 
7f4aac4ee000-7f4aac5ec000 rw-p 00000000 00:00 0 
7f4aac5ec000-7f4aac5ed000 ---p 00000000 00:00 0 
7f4aac5ed000-7f4aacff6000 rw-p 00000000 00:00 0 
7f4aacff6000-7f4aad1d0000 r--s 03d6b000 08:01 2756084                    /usr/lib/jvm/jdk1.8.0_181/jre/lib/rt.jar
7f4aad1d0000-7f4ab1000000 rw-p 00000000 00:00 0 
7f4ab1000000-7f4ab1780000 rwxp 00000000 00:00 0 
7f4ab1780000-7f4ac0000000 ---p 00000000 00:00 0 
7f4ac0000000-7f4ac046c000 rw-p 00000000 00:00 0 
7f4ac046c000-7f4ac4000000 ---p 00000000 00:00 0 
7f4ac4003000-7f4ac4c5c000 rw-p 00000000 00:00 0 
7f4ac4c5c000-7f4ac4c5d000 ---p 00000000 00:00 0 
7f4ac4c5d000-7f4ac4d5d000 rw-p 00000000 00:00 0 
7f4ac4d5d000-7f4ac4d5e000 ---p 00000000 00:00 0 
7f4ac4d5e000-7f4ac4e88000 rw-p 00000000 00:00 0 
7f4ac4e88000-7f4ac50f6000 ---p 00000000 00:00 0 
7f4ac50f6000-7f4ac5120000 rw-p 00000000 00:00 0 
7f4ac5120000-7f4ac538d000 ---p 00000000 00:00 0 
7f4ac538d000-7f4ac53d6000 rw-p 00000000 00:00 0 
7f4ac53d6000-7f4ac54d9000 ---p 00000000 00:00 0 
7f4ac54d9000-7f4ac54f8000 rw-p 00000000 00:00 0 
7f4ac54f8000-7f4ac589a000 ---p 00000000 00:00 0 
7f4ac589a000-7f4ac58b5000 r-xp 00000000 08:01 2756233                    /usr/lib/jvm/jdk1.8.0_181/jre/lib/amd64/libzip.so
7f4ac58b5000-7f4ac5ab5000 ---p 0001b000 08:01 2756233                    /usr/lib/jvm/jdk1.8.0_181/jre/lib/amd64/libzip.so
7f4ac5ab5000-7f4ac5ab6000 rw-p 0001b000 08:01 2756233                    /usr/lib/jvm/jdk1.8.0_181/jre/lib/amd64/libzip.so
7f4ac5ab6000-7f4ac5ac1000 r-xp 00000000 08:01 1054188                    /lib/x86_64-linux-gnu/libnss_files-2.23.so
7f4ac5ac1000-7f4ac5cc0000 ---p 0000b000 08:01 1054188                    /lib/x86_64-linux-gnu/libnss_files-2.23.so
7f4ac5cc0000-7f4ac5cc1000 r--p 0000a000 08:01 1054188                    /lib/x86_64-linux-gnu/libnss_files-2.23.so
7f4ac5cc1000-7f4ac5cc2000 rw-p 0000b000 08:01 1054188                    /lib/x86_64-linux-gnu/libnss_files-2.23.so
7f4ac5cc2000-7f4ac5cc8000 rw-p 00000000 00:00 0 
7f4ac5cc8000-7f4ac5cd3000 r-xp 00000000 08:01 1054198                    /lib/x86_64-linux-gnu/libnss_nis-2.23.so
7f4ac5cd3000-7f4ac5ed2000 ---p 0000b000 08:01 1054198                    /lib/x86_64-linux-gnu/libnss_nis-2.23.so
7f4ac5ed2000-7f4ac5ed3000 r--p 0000a000 08:01 1054198                    /lib/x86_64-linux-gnu/libnss_nis-2.23.so
7f4ac5ed3000-7f4ac5ed4000 rw-p 0000b000 08:01 1054198                    /lib/x86_64-linux-gnu/libnss_nis-2.23.so
7f4ac5ed4000-7f4ac5eea000 r-xp 00000000 08:01 1054182                    /lib/x86_64-linux-gnu/libnsl-2.23.so
7f4ac5eea000-7f4ac60e9000 ---p 00016000 08:01 1054182                    /lib/x86_64-linux-gnu/libnsl-2.23.so
7f4ac60e9000-7f4ac60ea000 r--p 00015000 08:01 1054182                    /lib/x86_64-linux-gnu/libnsl-2.23.so
7f4ac60ea000-7f4ac60eb000 rw-p 00016000 08:01 1054182                    /lib/x86_64-linux-gnu/libnsl-2.23.so
7f4ac60eb000-7f4ac60ed000 rw-p 00000000 00:00 0 
7f4ac60ed000-7f4ac60f5000 r-xp 00000000 08:01 1054184                    /lib/x86_64-linux-gnu/libnss_compat-2.23.so
7f4ac60f5000-7f4ac62f4000 ---p 00008000 08:01 1054184                    /lib/x86_64-linux-gnu/libnss_compat-2.23.so
7f4ac62f4000-7f4ac62f5000 r--p 00007000 08:01 1054184                    /lib/x86_64-linux-gnu/libnss_compat-2.23.so
7f4ac62f5000-7f4ac62f6000 rw-p 00008000 08:01 1054184                    /lib/x86_64-linux-gnu/libnss_compat-2.23.so
7f4ac62f6000-7f4ac6321000 r-xp 00000000 08:01 2756227                    /usr/lib/jvm/jdk1.8.0_181/jre/lib/amd64/libjava.so
7f4ac6321000-7f4ac6520000 ---p 0002b000 08:01 2756227                    /usr/lib/jvm/jdk1.8.0_181/jre/lib/amd64/libjava.so
7f4ac6520000-7f4ac6522000 rw-p 0002a000 08:01 2756227                    /usr/lib/jvm/jdk1.8.0_181/jre/lib/amd64/libjava.so
7f4ac6522000-7f4ac652f000 r-xp 00000000 08:01 2756232                    /usr/lib/jvm/jdk1.8.0_181/jre/lib/amd64/libverify.so
7f4ac652f000-7f4ac672f000 ---p 0000d000 08:01 2756232                    /usr/lib/jvm/jdk1.8.0_181/jre/lib/amd64/libverify.so
7f4ac672f000-7f4ac6731000 rw-p 0000d000 08:01 2756232                    /usr/lib/jvm/jdk1.8.0_181/jre/lib/amd64/libverify.so
7f4ac6731000-7f4ac6738000 r-xp 00000000 08:01 1054243                    /lib/x86_64-linux-gnu/librt-2.23.so
7f4ac6738000-7f4ac6937000 ---p 00007000 08:01 1054243                    /lib/x86_64-linux-gnu/librt-2.23.so
7f4ac6937000-7f4ac6938000 r--p 00006000 08:01 1054243                    /lib/x86_64-linux-gnu/librt-2.23.so
7f4ac6938000-7f4ac6939000 rw-p 00007000 08:01 1054243                    /lib/x86_64-linux-gnu/librt-2.23.so
7f4ac6939000-7f4ac6a41000 r-xp 00000000 08:01 1054159                    /lib/x86_64-linux-gnu/libm-2.23.so
7f4ac6a41000-7f4ac6c40000 ---p 00108000 08:01 1054159                    /lib/x86_64-linux-gnu/libm-2.23.so
7f4ac6c40000-7f4ac6c41000 r--p 00107000 08:01 1054159                    /lib/x86_64-linux-gnu/libm-2.23.so
7f4ac6c41000-7f4ac6c42000 rw-p 00108000 08:01 1054159                    /lib/x86_64-linux-gnu/libm-2.23.so
7f4ac6c42000-7f4ac791e000 r-xp 00000000 08:01 2756209                    /usr/lib/jvm/jdk1.8.0_181/jre/lib/amd64/server/libjvm.so
7f4ac791e000-7f4ac7b1e000 ---p 00cdc000 08:01 2756209                    /usr/lib/jvm/jdk1.8.0_181/jre/lib/amd64/server/libjvm.so
7f4ac7b1e000-7f4ac7bf8000 rw-p 00cdc000 08:01 2756209                    /usr/lib/jvm/jdk1.8.0_181/jre/lib/amd64/server/libjvm.so
7f4ac7bf8000-7f4ac7c43000 rw-p 00000000 00:00 0 
7f4ac7c43000-7f4ac7e03000 r-xp 00000000 08:01 1054089                    /lib/x86_64-linux-gnu/libc-2.23.so
7f4ac7e03000-7f4ac8003000 ---p 001c0000 08:01 1054089                    /lib/x86_64-linux-gnu/libc-2.23.so
7f4ac8003000-7f4ac8007000 r--p 001c0000 08:01 1054089                    /lib/x86_64-linux-gnu/libc-2.23.so
7f4ac8007000-7f4ac8009000 rw-p 001c4000 08:01 1054089                    /lib/x86_64-linux-gnu/libc-2.23.so
7f4ac8009000-7f4ac800d000 rw-p 00000000 00:00 0 
7f4ac800d000-7f4ac8010000 r-xp 00000000 08:01 1054113                    /lib/x86_64-linux-gnu/libdl-2.23.so
7f4ac8010000-7f4ac820f000 ---p 00003000 08:01 1054113                    /lib/x86_64-linux-gnu/libdl-2.23.so
7f4ac820f000-7f4ac8210000 r--p 00002000 08:01 1054113                    /lib/x86_64-linux-gnu/libdl-2.23.so
7f4ac8210000-7f4ac8211000 rw-p 00003000 08:01 1054113                    /lib/x86_64-linux-gnu/libdl-2.23.so
7f4ac8211000-7f4ac8227000 r-xp 00000000 08:01 1449032                    /usr/lib/jvm/jdk1.8.0_181/lib/amd64/jli/libjli.so
7f4ac8227000-7f4ac8426000 ---p 00016000 08:01 1449032                    /usr/lib/jvm/jdk1.8.0_181/lib/amd64/jli/libjli.so
7f4ac8426000-7f4ac8427000 rw-p 00015000 08:01 1449032                    /usr/lib/jvm/jdk1.8.0_181/lib/amd64/jli/libjli.so
7f4ac8427000-7f4ac843f000 r-xp 00000000 08:01 1054235                    /lib/x86_64-linux-gnu/libpthread-2.23.so
7f4ac843f000-7f4ac863e000 ---p 00018000 08:01 1054235                    /lib/x86_64-linux-gnu/libpthread-2.23.so
7f4ac863e000-7f4ac863f000 r--p 00017000 08:01 1054235                    /lib/x86_64-linux-gnu/libpthread-2.23.so
7f4ac863f000-7f4ac8640000 rw-p 00018000 08:01 1054235                    /lib/x86_64-linux-gnu/libpthread-2.23.so
7f4ac8640000-7f4ac8644000 rw-p 00000000 00:00 0 
7f4ac8644000-7f4ac866a000 r-xp 00000000 08:01 1054061                    /lib/x86_64-linux-gnu/ld-2.23.so
7f4ac8670000-7f4ac867a000 r--s 00116000 08:01 2756143                    /usr/lib/jvm/jdk1.8.0_181/jre/lib/ext/localedata.jar
7f4ac867a000-7f4ac874b000 rw-p 00000000 00:00 0 
7f4ac874b000-7f4ac874e000 ---p 00000000 00:00 0 
7f4ac874e000-7f4ac8851000 rw-p 00000000 00:00 0 
7f4ac8851000-7f4ac8856000 r--s 0009d000 08:01 2756133                    /usr/lib/jvm/jdk1.8.0_181/jre/lib/jsse.jar
7f4ac8856000-7f4ac885e000 r--s 0006e000 08:01 2248917                    /home/whj/dowork/DiffTGen/lib/commons-lang3-3.5.jar
7f4ac885e000-7f4ac885f000 r--s 00000000 08:01 2248922                    /home/whj/dowork/DiffTGen/lib/myprinter.jar
7f4ac885f000-7f4ac8867000 rw-s 00000000 08:01 1984681                    /tmp/hsperfdata_whj/92770
7f4ac8867000-7f4ac8868000 rw-p 00000000 00:00 0 
7f4ac8868000-7f4ac8869000 ---p 00000000 00:00 0 
7f4ac8869000-7f4ac886a000 r--p 00025000 08:01 1054061                    /lib/x86_64-linux-gnu/ld-2.23.so
7f4ac886a000-7f4ac886b000 rw-p 00026000 08:01 1054061                    /lib/x86_64-linux-gnu/ld-2.23.so
7f4ac886b000-7f4ac886c000 rw-p 00000000 00:00 0 
7ffc4ac83000-7ffc4aca5000 rw-p 00000000 00:00 0                          [stack]
7ffc4ad09000-7ffc4ad0c000 r--p 00000000 00:00 0                          [vvar]
7ffc4ad0c000-7ffc4ad0e000 r-xp 00000000 00:00 0                          [vdso]
ffffffffff600000-ffffffffff601000 r-xp 00000000 00:00 0                  [vsyscall]

VM Arguments:
java_command: /home/whj/dowork/DiffTGen/lib/evosuite-1.0.6.jar -base_dir /home/whj/dowork/DiffTGen/extra_output/Chart_1_1_capgen/target/0/9 -projectCP /home/whj/dowork/DiffTGen/extra_output/Chart_1_1_capgen/target/build/classes/all0.jar:/home/whj/dowork/DiffTGen/lib/myprinter.jar:/home/whj/dowork/DiffTGen/lib/commons-lang3-3.5.jar -class org.jfree.chart.renderer.category.AbstractCategoryItemRenderer -Dassertions=false -Dsearch_budget=60
java_class_path (initial): /home/whj/dowork/DiffTGen/lib/evosuite-1.0.6.jar
Launcher Type: SUN_STANDARD

Environment Variables:
JAVA_HOME=/usr/lib/jvm/jdk1.8.0_181
JRE_HOME=/usr/lib/jvm/jdk1.8.0_181/jre
CLASSPATH=.:/usr/lib/jvm/jdk1.8.0_181/lib:/usr/lib/jvm/jdk1.8.0_181/jre/lib
PATH=/home/whj/perl5/bin:/home/whj/dowork/defects4j-1.2.0/framework/bin:/usr/lib/jvm/jdk1.8.0_181/bin:/usr/lib/jvm/jdk1.8.0_181/jre/bin:/home/whj/bin:/home/whj/.local/bin:/usr/local/sbin:/usr/local/bin:/usr/sbin:/usr/bin:/sbin:/bin:/usr/games:/usr/local/games" :/snap/bin:/home/whj/bin
SHELL=/bin/bash
DISPLAY=:0

Signal Handlers:
SIGSEGV: [libjvm.so+0xad2a40], sa_mask[0]=11111111011111111101111111111110, sa_flags=SA_RESTART|SA_SIGINFO
SIGBUS: [libjvm.so+0xad2a40], sa_mask[0]=11111111011111111101111111111110, sa_flags=SA_RESTART|SA_SIGINFO
SIGFPE: [libjvm.so+0x92a610], sa_mask[0]=11111111011111111101111111111110, sa_flags=SA_RESTART|SA_SIGINFO
SIGPIPE: [libjvm.so+0x92a610], sa_mask[0]=11111111011111111101111111111110, sa_flags=SA_RESTART|SA_SIGINFO
SIGXFSZ: [libjvm.so+0x92a610], sa_mask[0]=11111111011111111101111111111110, sa_flags=SA_RESTART|SA_SIGINFO
SIGILL: [libjvm.so+0x92a610], sa_mask[0]=11111111011111111101111111111110, sa_flags=SA_RESTART|SA_SIGINFO
SIGUSR1: SIG_DFL, sa_mask[0]=00000000000000000000000000000000, sa_flags=none
SIGUSR2: [libjvm.so+0x92be70], sa_mask[0]=00100000000000000000000000000000, sa_flags=SA_RESTART|SA_SIGINFO
SIGHUP: [libjvm.so+0x92d270], sa_mask[0]=11111111011111111101111111111110, sa_flags=SA_RESTART|SA_SIGINFO
SIGINT: [libjvm.so+0x92d270], sa_mask[0]=11111111011111111101111111111110, sa_flags=SA_RESTART|SA_SIGINFO
SIGTERM: [libjvm.so+0x92d270], sa_mask[0]=11111111011111111101111111111110, sa_flags=SA_RESTART|SA_SIGINFO
SIGQUIT: [libjvm.so+0x92d270], sa_mask[0]=11111111011111111101111111111110, sa_flags=SA_RESTART|SA_SIGINFO


---------------  S Y S T E M  ---------------

OS:DISTRIB_ID=Ubuntu
DISTRIB_RELEASE=16.04
DISTRIB_CODENAME=xenial
DISTRIB_DESCRIPTION="Ubuntu 16.04.6 LTS"

uname:Linux 4.15.0-91-generic #92~16.04.1-Ubuntu SMP Fri Feb 28 14:57:22 UTC 2020 x86_64
libc:glibc 2.23 NPTL 2.23 
rlimit: STACK 8192k, CORE 0k, NPROC 31576, NOFILE 1048576, AS infinity
load average:19.18 16.00 15.29

/proc/meminfo:
MemTotal:        8144704 kB
MemFree:          122484 kB
MemAvailable:       8276 kB
Buffers:             304 kB
Cached:            13888 kB
SwapCached:        26196 kB
Active:          6751328 kB
Inactive:         847776 kB
Active(anon):    6743112 kB
Inactive(anon):   842440 kB
Active(file):       8216 kB
Inactive(file):     5336 kB
Unevictable:          32 kB
Mlocked:              32 kB
SwapTotal:        998396 kB
SwapFree:          23020 kB
Dirty:               428 kB
Writeback:          5112 kB
AnonPages:       7559196 kB
Mapped:             9428 kB
Shmem:               432 kB
Slab:              88880 kB
SReclaimable:      31668 kB
SUnreclaim:        57212 kB
KernelStack:       15616 kB
PageTables:        47892 kB
NFS_Unstable:          0 kB
Bounce:                0 kB
WritebackTmp:          0 kB
CommitLimit:     5070748 kB
Committed_AS:   14107036 kB
VmallocTotal:   34359738367 kB
VmallocUsed:           0 kB
VmallocChunk:          0 kB
HardwareCorrupted:     0 kB
AnonHugePages:         0 kB
ShmemHugePages:        0 kB
ShmemPmdMapped:        0 kB
CmaTotal:              0 kB
CmaFree:               0 kB
HugePages_Total:       0
HugePages_Free:        0
HugePages_Rsvd:        0
HugePages_Surp:        0
Hugepagesize:       2048 kB
DirectMap4k:      128832 kB
DirectMap2M:     7211008 kB
DirectMap1G:     3145728 kB


CPU:total 2 (initial active 2) (2 cores per cpu, 1 threads per core) family 6 model 158 stepping 10, cmov, cx8, fxsr, mmx, sse, sse2, sse3, ssse3, sse4.1, sse4.2, popcnt, avx, avx2, aes, clmul, erms, 3dnowpref, lzcnt, tsc, tscinvbit, bmi1, bmi2, adx

/proc/cpuinfo:
processor	: 0
vendor_id	: GenuineIntel
cpu family	: 6
model		: 158
model name	: Intel(R) Core(TM) i7-8750H CPU @ 2.20GHz
stepping	: 10
microcode	: 0x96
cpu MHz		: 2207.999
cache size	: 9216 KB
physical id	: 0
siblings	: 2
core id		: 0
cpu cores	: 2
apicid		: 0
initial apicid	: 0
fpu		: yes
fpu_exception	: yes
cpuid level	: 22
wp		: yes
flags		: fpu vme de pse tsc msr pae mce cx8 apic sep mtrr pge mca cmov pat pse36 clflush mmx fxsr sse sse2 ss ht syscall nx pdpe1gb rdtscp lm constant_tsc arch_perfmon nopl xtopology tsc_reliable nonstop_tsc cpuid pni pclmulqdq ssse3 fma cx16 pcid sse4_1 sse4_2 x2apic movbe popcnt tsc_deadline_timer aes xsave avx f16c rdrand hypervisor lahf_lm abm 3dnowprefetch cpuid_fault invpcid_single pti ssbd ibrs ibpb stibp fsgsbase tsc_adjust bmi1 avx2 smep bmi2 invpcid rdseed adx smap xsaveopt arat flush_l1d arch_capabilities
bugs		: cpu_meltdown spectre_v1 spectre_v2 spec_store_bypass l1tf mds swapgs itlb_multihit
bogomips	: 4415.99
clflush size	: 64
cache_alignment	: 64
address sizes	: 42 bits physical, 48 bits virtual
power management:

processor	: 1
vendor_id	: GenuineIntel
cpu family	: 6
model		: 158
model name	: Intel(R) Core(TM) i7-8750H CPU @ 2.20GHz
stepping	: 10
microcode	: 0x96
cpu MHz		: 2207.999
cache size	: 9216 KB
physical id	: 0
siblings	: 2
core id		: 1
cpu cores	: 2
apicid		: 1
initial apicid	: 1
fpu		: yes
fpu_exception	: yes
cpuid level	: 22
wp		: yes
flags		: fpu vme de pse tsc msr pae mce cx8 apic sep mtrr pge mca cmov pat pse36 clflush mmx fxsr sse sse2 ss ht syscall nx pdpe1gb rdtscp lm constant_tsc arch_perfmon nopl xtopology tsc_reliable nonstop_tsc cpuid pni pclmulqdq ssse3 fma cx16 pcid sse4_1 sse4_2 x2apic movbe popcnt tsc_deadline_timer aes xsave avx f16c rdrand hypervisor lahf_lm abm 3dnowprefetch cpuid_fault invpcid_single pti ssbd ibrs ibpb stibp fsgsbase tsc_adjust bmi1 avx2 smep bmi2 invpcid rdseed adx smap xsaveopt arat flush_l1d arch_capabilities
bugs		: cpu_meltdown spectre_v1 spectre_v2 spec_store_bypass l1tf mds swapgs itlb_multihit
bogomips	: 4415.99
clflush size	: 64
cache_alignment	: 64
address sizes	: 42 bits physical, 48 bits virtual
power management:



Memory: 4k page, physical 8144704k(122484k free), swap 998396k(23020k free)

vm_info: Java HotSpot(TM) 64-Bit Server VM (25.181-b13) for linux-amd64 JRE (1.8.0_181-b13), built on Jul  7 2018 00:56:38 by "java_re" with gcc 4.3.0 20080428 (Red Hat 4.3.0-8)

time: Fri Mar 27 18:05:16 2020
elapsed time: 133 seconds (0d 0h 2m 13s)

