#
# There is insufficient memory for the Java Runtime Environment to continue.
# Native memory allocation (mmap) failed to map 262144 bytes for committing reserved memory.
# Possible reasons:
#   The system is out of physical RAM or swap space
#   In 32 bit mode, the process size limit was hit
# Possible solutions:
#   Reduce memory load on the system
#   Increase physical memory or swap space
#   Check if swap backing store is full
#   Use 64 bit Java on a 64 bit OS
#   Decrease Java heap size (-Xmx/-Xms)
#   Decrease number of Java threads
#   Decrease Java thread stack sizes (-Xss)
#   Set larger code cache with -XX:ReservedCodeCacheSize=
# This output file may be truncated or incomplete.
#
#  Out of Memory Error (os_linux.cpp:2640), pid=22456, tid=0x00007fa237dfd700
#
# JRE version: Java(TM) SE Runtime Environment (8.0_181-b13) (build 1.8.0_181-b13)
# Java VM: Java HotSpot(TM) 64-Bit Server VM (25.181-b13 mixed mode linux-amd64 compressed oops)
# Failed to write core dump. Core dumps have been disabled. To enable core dumping, try "ulimit -c unlimited" before starting Java again
#

---------------  T H R E A D  ---------------

Current thread (0x0000000001beb800):  JavaThread "RMI TCP Connection(4)-127.0.0.1" daemon [_thread_in_vm, id=22859, stack(0x00007fa237cfd000,0x00007fa237dfe000)]

Stack: [0x00007fa237cfd000,0x00007fa237dfe000],  sp=0x00007fa237df32d0,  free space=984k
Native frames: (J=compiled Java code, j=interpreted, Vv=VM code, C=native code)
V  [libjvm.so+0xad21aa]  VMError::report_and_die()+0x2ba
V  [libjvm.so+0x5022db]  report_vm_out_of_memory(char const*, int, unsigned long, VMErrorType, char const*)+0x8b
V  [libjvm.so+0x92fe33]  os::Linux::commit_memory_impl(char*, unsigned long, bool)+0x123
V  [libjvm.so+0x930059]  os::pd_commit_memory(char*, unsigned long, unsigned long, bool)+0x29
V  [libjvm.so+0x9272ba]  os::commit_memory(char*, unsigned long, unsigned long, bool)+0x2a
V  [libjvm.so+0xacde89]  VirtualSpace::expand_by(unsigned long, bool)+0x199
V  [libjvm.so+0x8ab626]  VirtualSpaceList::expand_node_by(VirtualSpaceNode*, unsigned long, unsigned long)+0x76
V  [libjvm.so+0x8ae250]  VirtualSpaceList::expand_by(unsigned long, unsigned long)+0xf0
V  [libjvm.so+0x8ae3e3]  VirtualSpaceList::get_new_chunk(unsigned long, unsigned long)+0xb3
V  [libjvm.so+0x8aed5c]  SpaceManager::grow_and_allocate(unsigned long)+0x37c
V  [libjvm.so+0x8af03b]  SpaceManager::allocate_work(unsigned long)+0x14b
V  [libjvm.so+0x8af0cc]  SpaceManager::allocate(unsigned long)+0x7c
V  [libjvm.so+0x8af31e]  Metaspace::allocate(ClassLoaderData*, unsigned long, bool, MetaspaceObj::Type, Thread*)+0x17e
V  [libjvm.so+0x4f6216]  ConstMethod::allocate(ClassLoaderData*, int, InlineTableSizes*, ConstMethod::MethodType, Thread*)+0xf6
V  [libjvm.so+0x8b91f8]  Method::allocate(ClassLoaderData*, int, AccessFlags, InlineTableSizes*, ConstMethod::MethodType, Thread*)+0x38
V  [libjvm.so+0x461d0f]  ClassFileParser::parse_method(bool, AccessFlags*, Thread*)+0x173f
V  [libjvm.so+0x4624a5]  ClassFileParser::parse_methods(bool, AccessFlags*, bool*, bool*, Thread*)+0x295
V  [libjvm.so+0x46542a]  ClassFileParser::parseClassFile(Symbol*, ClassLoaderData*, Handle, KlassHandle, GrowableArray<Handle>*, TempNewSymbol&, bool, Thread*)+0xcca
V  [libjvm.so+0xa4230f]  SystemDictionary::resolve_from_stream(Symbol*, Handle, Handle, ClassFileStream*, bool, Thread*)+0x14f
V  [libjvm.so+0x71800e]  jvm_define_class_common(JNIEnv_*, char const*, _jobject*, signed char const*, int, _jobject*, char const*, unsigned char, Thread*)+0x2ae
V  [libjvm.so+0x71bd51]  JVM_DefineClassWithSource+0xe1
C  [libjava.so+0xeb9f]  Java_java_lang_ClassLoader_defineClass1+0x14f
J 624  java.lang.ClassLoader.defineClass1(Ljava/lang/String;[BIILjava/security/ProtectionDomain;Ljava/lang/String;)Ljava/lang/Class; (0 bytes) @ 0x00007fa27527bd0b [0x00007fa27527bc00+0x10b]
J 944 C1 java.lang.ClassLoader.defineClass(Ljava/lang/String;[BIILjava/security/ProtectionDomain;)Ljava/lang/Class; (43 bytes) @ 0x00007fa275332614 [0x00007fa275332040+0x5d4]
J 407 C1 java.net.URLClassLoader.defineClass(Ljava/lang/String;Lsun/misc/Resource;)Ljava/lang/Class; (142 bytes) @ 0x00007fa2751f378c [0x00007fa2751f1c40+0x1b4c]
J 199 C1 java.net.URLClassLoader$1.run()Ljava/lang/Class; (63 bytes) @ 0x00007fa27518210c [0x00007fa275181e60+0x2ac]
J 160 C1 java.net.URLClassLoader$1.run()Ljava/lang/Object; (5 bytes) @ 0x00007fa275164e4c [0x00007fa275164dc0+0x8c]
v  ~StubRoutines::call_stub
V  [libjvm.so+0x697a76]  JavaCalls::call_helper(JavaValue*, methodHandle*, JavaCallArguments*, Thread*)+0x1056
V  [libjvm.so+0x73107c]  JVM_DoPrivileged+0x27c
J 141  java.security.AccessController.doPrivileged(Ljava/security/PrivilegedExceptionAction;Ljava/security/AccessControlContext;)Ljava/lang/Object; (0 bytes) @ 0x00007fa275159415 [0x00007fa275159340+0xd5]
J 159 C1 java.net.URLClassLoader.findClass(Ljava/lang/String;)Ljava/lang/Class; (47 bytes) @ 0x00007fa2751645c4 [0x00007fa275164440+0x184]
J 116 C1 java.lang.ClassLoader.loadClass(Ljava/lang/String;Z)Ljava/lang/Class; (122 bytes) @ 0x00007fa27514bc9c [0x00007fa27514b340+0x95c]
J 198 C1 sun.misc.Launcher$AppClassLoader.loadClass(Ljava/lang/String;Z)Ljava/lang/Class; (85 bytes) @ 0x00007fa27518148c [0x00007fa275180b00+0x98c]
J 195 C1 java.lang.ClassLoader.loadClass(Ljava/lang/String;)Ljava/lang/Class; (7 bytes) @ 0x00007fa27517fd84 [0x00007fa27517fc80+0x104]
v  ~StubRoutines::call_stub
V  [libjvm.so+0x697a76]  JavaCalls::call_helper(JavaValue*, methodHandle*, JavaCallArguments*, Thread*)+0x1056
V  [libjvm.so+0x697f81]  JavaCalls::call_virtual(JavaValue*, KlassHandle, Symbol*, Symbol*, JavaCallArguments*, Thread*)+0x321
V  [libjvm.so+0x6983d6]  JavaCalls::call_virtual(JavaValue*, Handle, KlassHandle, Symbol*, Symbol*, Handle, Thread*)+0x56
V  [libjvm.so+0xa47760]  SystemDictionary::load_instance_class(Symbol*, Handle, Thread*)+0x3f0
V  [libjvm.so+0xa466ac]  SystemDictionary::resolve_instance_class_or_null(Symbol*, Handle, Handle, Thread*)+0x78c
V  [libjvm.so+0xa47b83]  SystemDictionary::resolve_or_fail(Symbol*, Handle, Handle, bool, Thread*)+0x33
V  [libjvm.so+0xaadb88]  VerificationType::is_reference_assignable_from(VerificationType const&, ClassVerifier*, bool, Thread*) const+0x1b8
V  [libjvm.so+0xac33a5]  StackMapFrame::pop_stack(VerificationType, Thread*)+0x195
V  [libjvm.so+0xab9496]  ClassVerifier::verify_invoke_instructions(RawBytecodeStream*, unsigned int, StackMapFrame*, bool, bool*, VerificationType, constantPoolHandle, StackMapTable*, Thread*)+0x9d6
V  [libjvm.so+0xabc5d6]  ClassVerifier::verify_method(methodHandle, Thread*)+0x1856
V  [libjvm.so+0xac15cb]  ClassVerifier::verify_class(Thread*)+0xcb
V  [libjvm.so+0xac1d15]  Verifier::verify(instanceKlassHandle, Verifier::Mode, bool, Thread*)+0x525
V  [libjvm.so+0x659257]  InstanceKlass::link_class_impl(instanceKlassHandle, bool, Thread*)+0x377
V  [libjvm.so+0x659594]  InstanceKlass::link_class(Thread*)+0x54
V  [libjvm.so+0x732b45]  JVM_GetClassDeclaredFields+0x205
j  java.lang.Class.getDeclaredFields0(Z)[Ljava/lang/reflect/Field;+0
j  java.lang.Class.privateGetDeclaredFields(Z)[Ljava/lang/reflect/Field;+37
j  java.lang.Class.getDeclaredField(Ljava/lang/String;)Ljava/lang/reflect/Field;+11
j  java.io.ObjectStreamClass.getDeclaredSUID(Ljava/lang/Class;)Ljava/lang/Long;+4
j  java.io.ObjectStreamClass.access$700(Ljava/lang/Class;)Ljava/lang/Long;+1
j  java.io.ObjectStreamClass$3.run()Ljava/lang/Void;+66
j  java.io.ObjectStreamClass$3.run()Ljava/lang/Object;+1
v  ~StubRoutines::call_stub
V  [libjvm.so+0x697a76]  JavaCalls::call_helper(JavaValue*, methodHandle*, JavaCallArguments*, Thread*)+0x1056
V  [libjvm.so+0x73107c]  JVM_DoPrivileged+0x27c
J 473  java.security.AccessController.doPrivileged(Ljava/security/PrivilegedAction;)Ljava/lang/Object; (0 bytes) @ 0x00007fa2752129ff [0x00007fa275212940+0xbf]
j  java.io.ObjectStreamClass.<init>(Ljava/lang/Class;)V+103
j  java.io.ObjectStreamClass.lookup(Ljava/lang/Class;Z)Ljava/io/ObjectStreamClass;+212
j  java.io.ObjectStreamClass.initNonProxy(Ljava/io/ObjectStreamClass;Ljava/lang/Class;Ljava/lang/ClassNotFoundException;Ljava/io/ObjectStreamClass;)V+21
j  java.io.ObjectInputStream.readNonProxyDesc(Z)Ljava/io/ObjectStreamClass;+193
J 1003 C1 java.io.ObjectInputStream.readClassDesc(Z)Ljava/io/ObjectStreamClass; (128 bytes) @ 0x00007fa275359fac [0x00007fa275359e00+0x1ac]
J 1020 C1 java.io.ObjectInputStream.readOrdinaryObject(Z)Ljava/lang/Object; (322 bytes) @ 0x00007fa27536ee3c [0x00007fa27536ecc0+0x17c]
J 961 C1 java.io.ObjectInputStream.readObject0(Z)Ljava/lang/Object; (566 bytes) @ 0x00007fa27533ee14 [0x00007fa27533e1e0+0xc34]
J 1012 C1 java.io.ObjectInputStream.defaultReadFields(Ljava/lang/Object;Ljava/io/ObjectStreamClass;)V (199 bytes) @ 0x00007fa275361a9c [0x00007fa275361460+0x63c]
J 1029 C1 java.io.ObjectInputStream.readSerialData(Ljava/lang/Object;Ljava/io/ObjectStreamClass;)V (367 bytes) @ 0x00007fa275372fc4 [0x00007fa2753723c0+0xc04]
J 1020 C1 java.io.ObjectInputStream.readOrdinaryObject(Z)Ljava/lang/Object; (322 bytes) @ 0x00007fa27536f594 [0x00007fa27536ecc0+0x8d4]
J 961 C1 java.io.ObjectInputStream.readObject0(Z)Ljava/lang/Object; (566 bytes) @ 0x00007fa27533ee14 [0x00007fa27533e1e0+0xc34]
J 1001 C1 java.io.ObjectInputStream.readObject()Ljava/lang/Object; (130 bytes) @ 0x00007fa275354b94 [0x00007fa275354ac0+0xd4]
J 1123 C1 java.util.ArrayList.readObject(Ljava/io/ObjectInputStream;)V (87 bytes) @ 0x00007fa2753b98fc [0x00007fa2753b96e0+0x21c]
j  sun.reflect.GeneratedMethodAccessor6.invoke(Ljava/lang/Object;[Ljava/lang/Object;)Ljava/lang/Object;+40
J 1046 C1 sun.reflect.DelegatingMethodAccessorImpl.invoke(Ljava/lang/Object;[Ljava/lang/Object;)Ljava/lang/Object; (10 bytes) @ 0x00007fa275386484 [0x00007fa275386380+0x104]
J 1045 C1 java.lang.reflect.Method.invoke(Ljava/lang/Object;[Ljava/lang/Object;)Ljava/lang/Object; (62 bytes) @ 0x00007fa275382f8c [0x00007fa275382ba0+0x3ec]
J 1035 C1 java.io.ObjectStreamClass.invokeReadObject(Ljava/lang/Object;Ljava/io/ObjectInputStream;)V (93 bytes) @ 0x00007fa275377b2c [0x00007fa2753777c0+0x36c]
J 1029 C1 java.io.ObjectInputStream.readSerialData(Ljava/lang/Object;Ljava/io/ObjectStreamClass;)V (367 bytes) @ 0x00007fa275372c6c [0x00007fa2753723c0+0x8ac]
J 1020 C1 java.io.ObjectInputStream.readOrdinaryObject(Z)Ljava/lang/Object; (322 bytes) @ 0x00007fa27536f594 [0x00007fa27536ecc0+0x8d4]
J 961 C1 java.io.ObjectInputStream.readObject0(Z)Ljava/lang/Object; (566 bytes) @ 0x00007fa27533ee14 [0x00007fa27533e1e0+0xc34]
J 1012 C1 java.io.ObjectInputStream.defaultReadFields(Ljava/lang/Object;Ljava/io/ObjectStreamClass;)V (199 bytes) @ 0x00007fa275361a9c [0x00007fa275361460+0x63c]
j  java.io.ObjectInputStream.readSerialData(Ljava/lang/Object;Ljava/io/ObjectStreamClass;)V+298
j  java.io.ObjectInputStream.readOrdinaryObject(Z)Ljava/lang/Object;+183
J 961 C1 java.io.ObjectInputStream.readObject0(Z)Ljava/lang/Object; (566 bytes) @ 0x00007fa27533ee14 [0x00007fa27533e1e0+0xc34]
j  java.io.ObjectInputStream.readObject()Ljava/lang/Object;+19
j  sun.rmi.server.UnicastRef.unmarshalValue(Ljava/lang/Class;Ljava/io/ObjectInput;)Ljava/lang/Object;+171
j  sun.rmi.server.UnicastServerRef.unmarshalParametersUnchecked(Ljava/lang/reflect/Method;Ljava/io/ObjectInput;)[Ljava/lang/Object;+31
j  sun.rmi.server.UnicastServerRef.unmarshalParameters(Ljava/lang/Object;Ljava/lang/reflect/Method;Lsun/rmi/server/MarshalInputStream;)[Ljava/lang/Object;+23
j  sun.rmi.server.UnicastServerRef.dispatch(Ljava/rmi/Remote;Ljava/rmi/server/RemoteCall;)V+168
j  sun.rmi.transport.Transport$1.run()Ljava/lang/Void;+23
j  sun.rmi.transport.Transport$1.run()Ljava/lang/Object;+1
v  ~StubRoutines::call_stub
V  [libjvm.so+0x697a76]  JavaCalls::call_helper(JavaValue*, methodHandle*, JavaCallArguments*, Thread*)+0x1056
V  [libjvm.so+0x73107c]  JVM_DoPrivileged+0x27c
J 141  java.security.AccessController.doPrivileged(Ljava/security/PrivilegedExceptionAction;Ljava/security/AccessControlContext;)Ljava/lang/Object; (0 bytes) @ 0x00007fa275159415 [0x00007fa275159340+0xd5]
j  sun.rmi.transport.Transport.serviceCall(Ljava/rmi/server/RemoteCall;)Z+157
j  sun.rmi.transport.tcp.TCPTransport.handleMessages(Lsun/rmi/transport/Connection;Z)V+185
j  sun.rmi.transport.tcp.TCPTransport$ConnectionHandler.run0()V+696
...<more frames>...

Java frames: (J=compiled Java code, j=interpreted, Vv=VM code)
J 624  java.lang.ClassLoader.defineClass1(Ljava/lang/String;[BIILjava/security/ProtectionDomain;Ljava/lang/String;)Ljava/lang/Class; (0 bytes) @ 0x00007fa27527bc91 [0x00007fa27527bc00+0x91]
J 944 C1 java.lang.ClassLoader.defineClass(Ljava/lang/String;[BIILjava/security/ProtectionDomain;)Ljava/lang/Class; (43 bytes) @ 0x00007fa275332614 [0x00007fa275332040+0x5d4]
J 407 C1 java.net.URLClassLoader.defineClass(Ljava/lang/String;Lsun/misc/Resource;)Ljava/lang/Class; (142 bytes) @ 0x00007fa2751f378c [0x00007fa2751f1c40+0x1b4c]
J 199 C1 java.net.URLClassLoader$1.run()Ljava/lang/Class; (63 bytes) @ 0x00007fa27518210c [0x00007fa275181e60+0x2ac]
J 160 C1 java.net.URLClassLoader$1.run()Ljava/lang/Object; (5 bytes) @ 0x00007fa275164e4c [0x00007fa275164dc0+0x8c]
v  ~StubRoutines::call_stub
J 141  java.security.AccessController.doPrivileged(Ljava/security/PrivilegedExceptionAction;Ljava/security/AccessControlContext;)Ljava/lang/Object; (0 bytes) @ 0x00007fa2751593a3 [0x00007fa275159340+0x63]
J 159 C1 java.net.URLClassLoader.findClass(Ljava/lang/String;)Ljava/lang/Class; (47 bytes) @ 0x00007fa2751645c4 [0x00007fa275164440+0x184]
J 116 C1 java.lang.ClassLoader.loadClass(Ljava/lang/String;Z)Ljava/lang/Class; (122 bytes) @ 0x00007fa27514bc9c [0x00007fa27514b340+0x95c]
J 198 C1 sun.misc.Launcher$AppClassLoader.loadClass(Ljava/lang/String;Z)Ljava/lang/Class; (85 bytes) @ 0x00007fa27518148c [0x00007fa275180b00+0x98c]
J 195 C1 java.lang.ClassLoader.loadClass(Ljava/lang/String;)Ljava/lang/Class; (7 bytes) @ 0x00007fa27517fd84 [0x00007fa27517fc80+0x104]
v  ~StubRoutines::call_stub
j  java.lang.Class.getDeclaredFields0(Z)[Ljava/lang/reflect/Field;+0
j  java.lang.Class.privateGetDeclaredFields(Z)[Ljava/lang/reflect/Field;+37
j  java.lang.Class.getDeclaredField(Ljava/lang/String;)Ljava/lang/reflect/Field;+11
j  java.io.ObjectStreamClass.getDeclaredSUID(Ljava/lang/Class;)Ljava/lang/Long;+4
j  java.io.ObjectStreamClass.access$700(Ljava/lang/Class;)Ljava/lang/Long;+1
j  java.io.ObjectStreamClass$3.run()Ljava/lang/Void;+66
j  java.io.ObjectStreamClass$3.run()Ljava/lang/Object;+1
v  ~StubRoutines::call_stub
J 473  java.security.AccessController.doPrivileged(Ljava/security/PrivilegedAction;)Ljava/lang/Object; (0 bytes) @ 0x00007fa27521298f [0x00007fa275212940+0x4f]
j  java.io.ObjectStreamClass.<init>(Ljava/lang/Class;)V+103
j  java.io.ObjectStreamClass.lookup(Ljava/lang/Class;Z)Ljava/io/ObjectStreamClass;+212
j  java.io.ObjectStreamClass.initNonProxy(Ljava/io/ObjectStreamClass;Ljava/lang/Class;Ljava/lang/ClassNotFoundException;Ljava/io/ObjectStreamClass;)V+21
j  java.io.ObjectInputStream.readNonProxyDesc(Z)Ljava/io/ObjectStreamClass;+193
J 1003 C1 java.io.ObjectInputStream.readClassDesc(Z)Ljava/io/ObjectStreamClass; (128 bytes) @ 0x00007fa275359fac [0x00007fa275359e00+0x1ac]
J 1020 C1 java.io.ObjectInputStream.readOrdinaryObject(Z)Ljava/lang/Object; (322 bytes) @ 0x00007fa27536ee3c [0x00007fa27536ecc0+0x17c]
J 961 C1 java.io.ObjectInputStream.readObject0(Z)Ljava/lang/Object; (566 bytes) @ 0x00007fa27533ee14 [0x00007fa27533e1e0+0xc34]
J 1012 C1 java.io.ObjectInputStream.defaultReadFields(Ljava/lang/Object;Ljava/io/ObjectStreamClass;)V (199 bytes) @ 0x00007fa275361a9c [0x00007fa275361460+0x63c]
J 1029 C1 java.io.ObjectInputStream.readSerialData(Ljava/lang/Object;Ljava/io/ObjectStreamClass;)V (367 bytes) @ 0x00007fa275372fc4 [0x00007fa2753723c0+0xc04]
J 1020 C1 java.io.ObjectInputStream.readOrdinaryObject(Z)Ljava/lang/Object; (322 bytes) @ 0x00007fa27536f594 [0x00007fa27536ecc0+0x8d4]
J 961 C1 java.io.ObjectInputStream.readObject0(Z)Ljava/lang/Object; (566 bytes) @ 0x00007fa27533ee14 [0x00007fa27533e1e0+0xc34]
J 1001 C1 java.io.ObjectInputStream.readObject()Ljava/lang/Object; (130 bytes) @ 0x00007fa275354b94 [0x00007fa275354ac0+0xd4]
J 1123 C1 java.util.ArrayList.readObject(Ljava/io/ObjectInputStream;)V (87 bytes) @ 0x00007fa2753b98fc [0x00007fa2753b96e0+0x21c]
j  sun.reflect.GeneratedMethodAccessor6.invoke(Ljava/lang/Object;[Ljava/lang/Object;)Ljava/lang/Object;+40
J 1046 C1 sun.reflect.DelegatingMethodAccessorImpl.invoke(Ljava/lang/Object;[Ljava/lang/Object;)Ljava/lang/Object; (10 bytes) @ 0x00007fa275386484 [0x00007fa275386380+0x104]
J 1045 C1 java.lang.reflect.Method.invoke(Ljava/lang/Object;[Ljava/lang/Object;)Ljava/lang/Object; (62 bytes) @ 0x00007fa275382f8c [0x00007fa275382ba0+0x3ec]
J 1035 C1 java.io.ObjectStreamClass.invokeReadObject(Ljava/lang/Object;Ljava/io/ObjectInputStream;)V (93 bytes) @ 0x00007fa275377b2c [0x00007fa2753777c0+0x36c]
J 1029 C1 java.io.ObjectInputStream.readSerialData(Ljava/lang/Object;Ljava/io/ObjectStreamClass;)V (367 bytes) @ 0x00007fa275372c6c [0x00007fa2753723c0+0x8ac]
J 1020 C1 java.io.ObjectInputStream.readOrdinaryObject(Z)Ljava/lang/Object; (322 bytes) @ 0x00007fa27536f594 [0x00007fa27536ecc0+0x8d4]
J 961 C1 java.io.ObjectInputStream.readObject0(Z)Ljava/lang/Object; (566 bytes) @ 0x00007fa27533ee14 [0x00007fa27533e1e0+0xc34]
J 1012 C1 java.io.ObjectInputStream.defaultReadFields(Ljava/lang/Object;Ljava/io/ObjectStreamClass;)V (199 bytes) @ 0x00007fa275361a9c [0x00007fa275361460+0x63c]
j  java.io.ObjectInputStream.readSerialData(Ljava/lang/Object;Ljava/io/ObjectStreamClass;)V+298
j  java.io.ObjectInputStream.readOrdinaryObject(Z)Ljava/lang/Object;+183
J 961 C1 java.io.ObjectInputStream.readObject0(Z)Ljava/lang/Object; (566 bytes) @ 0x00007fa27533ee14 [0x00007fa27533e1e0+0xc34]
j  java.io.ObjectInputStream.readObject()Ljava/lang/Object;+19
j  sun.rmi.server.UnicastRef.unmarshalValue(Ljava/lang/Class;Ljava/io/ObjectInput;)Ljava/lang/Object;+171
j  sun.rmi.server.UnicastServerRef.unmarshalParametersUnchecked(Ljava/lang/reflect/Method;Ljava/io/ObjectInput;)[Ljava/lang/Object;+31
j  sun.rmi.server.UnicastServerRef.unmarshalParameters(Ljava/lang/Object;Ljava/lang/reflect/Method;Lsun/rmi/server/MarshalInputStream;)[Ljava/lang/Object;+23
j  sun.rmi.server.UnicastServerRef.dispatch(Ljava/rmi/Remote;Ljava/rmi/server/RemoteCall;)V+168
j  sun.rmi.transport.Transport$1.run()Ljava/lang/Void;+23
j  sun.rmi.transport.Transport$1.run()Ljava/lang/Object;+1
v  ~StubRoutines::call_stub
J 141  java.security.AccessController.doPrivileged(Ljava/security/PrivilegedExceptionAction;Ljava/security/AccessControlContext;)Ljava/lang/Object; (0 bytes) @ 0x00007fa2751593a3 [0x00007fa275159340+0x63]
j  sun.rmi.transport.Transport.serviceCall(Ljava/rmi/server/RemoteCall;)Z+157
j  sun.rmi.transport.tcp.TCPTransport.handleMessages(Lsun/rmi/transport/Connection;Z)V+185
j  sun.rmi.transport.tcp.TCPTransport$ConnectionHandler.run0()V+696
j  sun.rmi.transport.tcp.TCPTransport$ConnectionHandler.lambda$run$0()Ljava/lang/Void;+1
j  sun.rmi.transport.tcp.TCPTransport$ConnectionHandler$$Lambda$19.run()Ljava/lang/Object;+4
v  ~StubRoutines::call_stub
j  java.security.AccessController.doPrivileged(Ljava/security/PrivilegedAction;Ljava/security/AccessControlContext;)Ljava/lang/Object;+0
j  sun.rmi.transport.tcp.TCPTransport$ConnectionHandler.run()V+58
j  java.util.concurrent.ThreadPoolExecutor.runWorker(Ljava/util/concurrent/ThreadPoolExecutor$Worker;)V+95
j  java.util.concurrent.ThreadPoolExecutor$Worker.run()V+5
j  java.lang.Thread.run()V+11
v  ~StubRoutines::call_stub

---------------  P R O C E S S  ---------------

Java Threads: ( => current thread )
=>0x0000000001beb800 JavaThread "RMI TCP Connection(4)-127.0.0.1" daemon [_thread_in_vm, id=22859, stack(0x00007fa237cfd000,0x00007fa237dfe000)]
  0x00007fa260038000 JavaThread "RMI Scheduler(0)" daemon [_thread_blocked, id=22844, stack(0x00007fa237dfe000,0x00007fa237eff000)]
  0x00007fa260032800 JavaThread "RMI RenewClean-[127.0.0.1:21407]" daemon [_thread_blocked, id=22830, stack(0x00007fa237eff000,0x00007fa238000000)]
  0x00007fa238005000 JavaThread "pool-3-thread-3" [_thread_in_native, id=22761, stack(0x00007fa2481f3000,0x00007fa2482f4000)]
  0x00007fa238003800 JavaThread "pool-3-thread-2" [_thread_in_native, id=22750, stack(0x00007fa2482f4000,0x00007fa2483f5000)]
  0x00007fa238002800 JavaThread "pool-3-thread-1" [_thread_in_native, id=22741, stack(0x00007fa2483f5000,0x00007fa2484f6000)]
  0x00007fa28436c000 JavaThread "Thread-3" [_thread_in_native, id=22617, stack(0x00007fa2484f6000,0x00007fa2485f7000)]
  0x00007fa28436a800 JavaThread "Thread-2" [_thread_in_native, id=22616, stack(0x00007fa2485f7000,0x00007fa2486f8000)]
  0x00007fa284369000 JavaThread "process reaper" daemon [_thread_in_native, id=22610, stack(0x00007fa28801e000,0x00007fa288057000)]
  0x00007fa284363000 JavaThread "pool-2-thread-1" [_thread_in_native, id=22585, stack(0x00007fa2486f8000,0x00007fa2487f9000)]
  0x00007fa284360800 JavaThread "GC Daemon" daemon [_thread_blocked, id=22580, stack(0x00007fa2487f9000,0x00007fa2488fa000)]
  0x00007fa28435e000 JavaThread "RMI Reaper" [_thread_blocked, id=22576, stack(0x00007fa2488fa000,0x00007fa2489fb000)]
  0x00007fa284355000 JavaThread "RMI TCP Accept-6254" daemon [_thread_in_native, id=22573, stack(0x00007fa2489fb000,0x00007fa248afc000)]
  0x00007fa284350000 JavaThread "RMI TCP Accept-6951" daemon [_thread_in_native, id=22566, stack(0x00007fa248afc000,0x00007fa248bfd000)]
  0x00007fa284294000 JavaThread "logback-3" daemon [_thread_blocked, id=22560, stack(0x00007fa248dfd000,0x00007fa248efe000)]
  0x00007fa284292000 JavaThread "logback-2" daemon [_thread_blocked, id=22552, stack(0x00007fa248efe000,0x00007fa248fff000)]
  0x00007fa284290800 JavaThread "logback-1" daemon [_thread_blocked, id=22546, stack(0x00007fa2700c6000,0x00007fa2701c7000)]
  0x00007fa284142000 JavaThread "Service Thread" daemon [_thread_blocked, id=22537, stack(0x00007fa270710000,0x00007fa270811000)]
  0x00007fa28413f000 JavaThread "C1 CompilerThread1" daemon [_thread_in_native, id=22528, stack(0x00007fa2880e2000,0x00007fa2881e3000)]
  0x00007fa28413c000 JavaThread "C2 CompilerThread0" daemon [_thread_in_native, id=22522, stack(0x00007fa2881e3000,0x00007fa2882e4000)]
  0x00007fa28413a800 JavaThread "Signal Dispatcher" daemon [_thread_blocked, id=22516, stack(0x00007fa2882e4000,0x00007fa2883e5000)]
  0x00007fa284107800 JavaThread "Finalizer" daemon [_thread_blocked, id=22494, stack(0x00007fa2883e5000,0x00007fa2884e6000)]
  0x00007fa284105000 JavaThread "Reference Handler" daemon [_thread_blocked, id=22491, stack(0x00007fa2884e6000,0x00007fa2885e7000)]
  0x00007fa28400a800 JavaThread "main" [_thread_in_native, id=22457, stack(0x00007fa28d913000,0x00007fa28da14000)]

Other Threads:
  0x00007fa2840fb800 VMThread [stack: 0x00007fa2885e7000,0x00007fa2886e8000] [id=22483]
  0x00007fa284147000 WatcherThread [stack: 0x00007fa27060f000,0x00007fa270710000] [id=22539]

VM state:not at safepoint (normal execution)

VM Mutex/Monitor currently owned by a thread:  ([mutex/lock_event])
[0x00007fa284006d20] VMOperationQueue_lock - owner thread: 0x00007fa2840fb800

Heap:
 PSYoungGen      total 37888K, used 11016K [0x00000000d6900000, 0x00000000d9300000, 0x0000000100000000)
  eden space 32768K, 33% used [0x00000000d6900000,0x00000000d73c2048,0x00000000d8900000)
  from space 5120K, 0% used [0x00000000d8900000,0x00000000d8900000,0x00000000d8e00000)
  to   space 5120K, 0% used [0x00000000d8e00000,0x00000000d8e00000,0x00000000d9300000)
 ParOldGen       total 86016K, used 4074K [0x0000000083a00000, 0x0000000088e00000, 0x00000000d6900000)
  object space 86016K, 4% used [0x0000000083a00000,0x0000000083dfa870,0x0000000088e00000)
 Metaspace       used 11943K, capacity 12222K, committed 12288K, reserved 1060864K
  class space    used 1428K, capacity 1523K, committed 1536K, reserved 1048576K

Card table byte_map: [0x00007fa28a2be000,0x00007fa28a6a2000] byte_map_base: 0x00007fa289ea1000

Marking Bits: (ParMarkBitMap*) 0x00007fa28cdde0a0
 Begin Bits: [0x00007fa2711d0000, 0x00007fa2730e8000)
 End Bits:   [0x00007fa2730e8000, 0x00007fa275000000)

Polling page: 0x00007fa28da30000

CodeCache: size=245760Kb used=3819Kb max_used=3819Kb free=241940Kb
 bounds [0x00007fa275000000, 0x00007fa2753c0000, 0x00007fa284000000]
 total_blobs=1452 nmethods=1120 adapters=246
 compilation: enabled

Compilation events (10 events):
Event: 111.487 Thread 0x00007fa28413f000 nmethod 1125 0x00007fa2753b9f90 code [0x00007fa2753ba0e0, 0x00007fa2753ba1f0]
Event: 111.487 Thread 0x00007fa28413f000 1122   !   2       sun.reflect.GeneratedSerializationConstructorAccessor44::newInstance (49 bytes)
Event: 111.487 Thread 0x00007fa28413f000 nmethod 1122 0x00007fa2753ba250 code [0x00007fa2753ba400, 0x00007fa2753ba818]
Event: 111.487 Thread 0x00007fa28413f000 1124   !   2       sun.reflect.GeneratedSerializationConstructorAccessor45::newInstance (49 bytes)
Event: 111.487 Thread 0x00007fa28413f000 nmethod 1124 0x00007fa2753baad0 code [0x00007fa2753bac60, 0x00007fa2753bafa8]
Event: 111.768 Thread 0x00007fa28413f000 1126       2       java.net.URLStreamHandler::setURL (159 bytes)
Event: 111.769 Thread 0x00007fa28413f000 nmethod 1126 0x00007fa2753bb210 code [0x00007fa2753bb420, 0x00007fa2753bbb08]
Event: 113.232 Thread 0x00007fa28413f000 1128       2       java.net.URI$Parser::substring (10 bytes)
Event: 113.439 Thread 0x00007fa28413f000 nmethod 1128 0x00007fa2753bc0d0 code [0x00007fa2753bc240, 0x00007fa2753bc3a8]
Event: 113.445 Thread 0x00007fa28413f000 1127       2       java.lang.Character::digit (10 bytes)

GC Heap History (4 events):
Event: 3.566 GC heap before
{Heap before GC invocations=1 (full 0):
 PSYoungGen      total 37888K, used 19112K [0x00000000d6900000, 0x00000000d9300000, 0x0000000100000000)
  eden space 32768K, 58% used [0x00000000d6900000,0x00000000d7baa1e8,0x00000000d8900000)
  from space 5120K, 0% used [0x00000000d8e00000,0x00000000d8e00000,0x00000000d9300000)
  to   space 5120K, 0% used [0x00000000d8900000,0x00000000d8900000,0x00000000d8e00000)
 ParOldGen       total 86016K, used 0K [0x0000000083a00000, 0x0000000088e00000, 0x00000000d6900000)
  object space 86016K, 0% used [0x0000000083a00000,0x0000000083a00000,0x0000000088e00000)
 Metaspace       used 10244K, capacity 10396K, committed 10624K, reserved 1058816K
  class space    used 1237K, capacity 1319K, committed 1408K, reserved 1048576K
Event: 3.585 GC heap after
Heap after GC invocations=1 (full 0):
 PSYoungGen      total 37888K, used 4230K [0x00000000d6900000, 0x00000000d9300000, 0x0000000100000000)
  eden space 32768K, 0% used [0x00000000d6900000,0x00000000d6900000,0x00000000d8900000)
  from space 5120K, 82% used [0x00000000d8900000,0x00000000d8d218b0,0x00000000d8e00000)
  to   space 5120K, 0% used [0x00000000d8e00000,0x00000000d8e00000,0x00000000d9300000)
 ParOldGen       total 86016K, used 0K [0x0000000083a00000, 0x0000000088e00000, 0x00000000d6900000)
  object space 86016K, 0% used [0x0000000083a00000,0x0000000083a00000,0x0000000088e00000)
 Metaspace       used 10244K, capacity 10396K, committed 10624K, reserved 1058816K
  class space    used 1237K, capacity 1319K, committed 1408K, reserved 1048576K
}
Event: 3.585 GC heap before
{Heap before GC invocations=2 (full 1):
 PSYoungGen      total 37888K, used 4230K [0x00000000d6900000, 0x00000000d9300000, 0x0000000100000000)
  eden space 32768K, 0% used [0x00000000d6900000,0x00000000d6900000,0x00000000d8900000)
  from space 5120K, 82% used [0x00000000d8900000,0x00000000d8d218b0,0x00000000d8e00000)
  to   space 5120K, 0% used [0x00000000d8e00000,0x00000000d8e00000,0x00000000d9300000)
 ParOldGen       total 86016K, used 0K [0x0000000083a00000, 0x0000000088e00000, 0x00000000d6900000)
  object space 86016K, 0% used [0x0000000083a00000,0x0000000083a00000,0x0000000088e00000)
 Metaspace       used 10244K, capacity 10396K, committed 10624K, reserved 1058816K
  class space    used 1237K, capacity 1319K, committed 1408K, reserved 1048576K
Event: 3.714 GC heap after
Heap after GC invocations=2 (full 1):
 PSYoungGen      total 37888K, used 0K [0x00000000d6900000, 0x00000000d9300000, 0x0000000100000000)
  eden space 32768K, 0% used [0x00000000d6900000,0x00000000d6900000,0x00000000d8900000)
  from space 5120K, 0% used [0x00000000d8900000,0x00000000d8900000,0x00000000d8e00000)
  to   space 5120K, 0% used [0x00000000d8e00000,0x00000000d8e00000,0x00000000d9300000)
 ParOldGen       total 86016K, used 4074K [0x0000000083a00000, 0x0000000088e00000, 0x00000000d6900000)
  object space 86016K, 4% used [0x0000000083a00000,0x0000000083dfa870,0x0000000088e00000)
 Metaspace       used 10236K, capacity 10386K, committed 10624K, reserved 1058816K
  class space    used 1236K, capacity 1317K, committed 1408K, reserved 1048576K
}

Deoptimization events (8 events):
Event: 2.739 Thread 0x00007fa28400a800 Uncommon trap: reason=unstable_if action=reinterpret pc=0x00007fa2751521b4 method=java.lang.String.startsWith(Ljava/lang/String;I)Z @ 25
Event: 3.293 Thread 0x00007fa28400a800 Uncommon trap: reason=unstable_if action=reinterpret pc=0x00007fa2751eee4c method=java.lang.String.indexOf([CII[CIII)I @ 3
Event: 7.294 Thread 0x00007fa230001800 Uncommon trap: reason=unstable_if action=reinterpret pc=0x00007fa2752ff670 method=sun.misc.MetaIndex.mayContain(Ljava/lang/String;)Z @ 38
Event: 7.294 Thread 0x00007fa230001800 Uncommon trap: reason=unstable_if action=reinterpret pc=0x00007fa2751d33cc method=sun.misc.MetaIndex.mayContain(Ljava/lang/String;)Z @ 38
Event: 110.902 Thread 0x0000000001beb800 Uncommon trap: reason=bimorphic action=maybe_recompile pc=0x00007fa275249754 method=java.util.HashMap.putVal(ILjava/lang/Object;Ljava/lang/Object;ZZ)Ljava/lang/Object; @ 91
Event: 110.906 Thread 0x0000000001beb800 Uncommon trap: reason=bimorphic action=maybe_recompile pc=0x00007fa275249754 method=java.util.HashMap.putVal(ILjava/lang/Object;Ljava/lang/Object;ZZ)Ljava/lang/Object; @ 91
Event: 110.944 Thread 0x0000000001beb800 Uncommon trap: reason=bimorphic action=maybe_recompile pc=0x00007fa275249754 method=java.util.HashMap.putVal(ILjava/lang/Object;Ljava/lang/Object;ZZ)Ljava/lang/Object; @ 91
Event: 110.944 Thread 0x0000000001beb800 Uncommon trap: reason=bimorphic action=maybe_recompile pc=0x00007fa275249754 method=java.util.HashMap.putVal(ILjava/lang/Object;Ljava/lang/Object;ZZ)Ljava/lang/Object; @ 91

Classes redefined (0 events):
No events

Internal exceptions (10 events):
Event: 81.962 Thread 0x00007fa284294000 Exception <a 'java/net/ConnectException'> (0x00000000d6d7e7e0) thrown at [/HUDSON/workspace/8-2-build-linux-amd64/jdk8u181/11358/hotspot/src/share/vm/prims/jni.cpp, line 709]
Event: 91.932 Thread 0x00007fa284292000 Exception <a 'java/net/ConnectException'> (0x00000000d6cdb540) thrown at [/HUDSON/workspace/8-2-build-linux-amd64/jdk8u181/11358/hotspot/src/share/vm/prims/jni.cpp, line 709]
Event: 91.941 Thread 0x00007fa284290800 Exception <a 'java/net/ConnectException'> (0x00000000d6d2d388) thrown at [/HUDSON/workspace/8-2-build-linux-amd64/jdk8u181/11358/hotspot/src/share/vm/prims/jni.cpp, line 709]
Event: 91.963 Thread 0x00007fa284294000 Exception <a 'java/net/ConnectException'> (0x00000000d6d7f308) thrown at [/HUDSON/workspace/8-2-build-linux-amd64/jdk8u181/11358/hotspot/src/share/vm/prims/jni.cpp, line 709]
Event: 101.933 Thread 0x00007fa284292000 Exception <a 'java/net/ConnectException'> (0x00000000d6cdc068) thrown at [/HUDSON/workspace/8-2-build-linux-amd64/jdk8u181/11358/hotspot/src/share/vm/prims/jni.cpp, line 709]
Event: 101.941 Thread 0x00007fa284290800 Exception <a 'java/net/ConnectException'> (0x00000000d6d2deb0) thrown at [/HUDSON/workspace/8-2-build-linux-amd64/jdk8u181/11358/hotspot/src/share/vm/prims/jni.cpp, line 709]
Event: 101.963 Thread 0x00007fa284294000 Exception <a 'java/net/ConnectException'> (0x00000000d6d7fe30) thrown at [/HUDSON/workspace/8-2-build-linux-amd64/jdk8u181/11358/hotspot/src/share/vm/prims/jni.cpp, line 709]
Event: 113.234 Thread 0x00007fa284292000 Exception <a 'java/net/ConnectException'> (0x00000000d6cdcb90) thrown at [/HUDSON/workspace/8-2-build-linux-amd64/jdk8u181/11358/hotspot/src/share/vm/prims/jni.cpp, line 709]
Event: 113.235 Thread 0x00007fa284294000 Exception <a 'java/net/ConnectException'> (0x00000000d6d80958) thrown at [/HUDSON/workspace/8-2-build-linux-amd64/jdk8u181/11358/hotspot/src/share/vm/prims/jni.cpp, line 709]
Event: 113.235 Thread 0x00007fa284290800 Exception <a 'java/net/ConnectException'> (0x00000000d6d2e9d8) thrown at [/HUDSON/workspace/8-2-build-linux-amd64/jdk8u181/11358/hotspot/src/share/vm/prims/jni.cpp, line 709]

Events (10 events):
Event: 111.784 loading class org/evosuite/ga/operators/mutation/MutationHistory
Event: 111.784 loading class org/evosuite/ga/operators/mutation/MutationHistory done
Event: 111.785 loading class org/evosuite/testcase/TestFactory
Event: 111.785 loading class org/evosuite/testcase/TestFactory done
Event: 113.119 loading class org/evosuite/testcase/DefaultTestCase
Event: 113.120 loading class org/evosuite/testcase/DefaultTestCase done
Event: 113.132 loading class org/evosuite/testcase/TestVisitor
Event: 113.132 loading class org/evosuite/testcase/TestVisitor done
Event: 113.133 loading class org/evosuite/testcase/TestCodeVisitor
Event: 113.133 loading class org/evosuite/testcase/TestCodeVisitor done


Dynamic libraries:
00400000-00401000 r-xp 00000000 08:01 1448396                            /usr/lib/jvm/jdk1.8.0_181/bin/java
00600000-00601000 rw-p 00000000 08:01 1448396                            /usr/lib/jvm/jdk1.8.0_181/bin/java
01be9000-01c0a000 rw-p 00000000 00:00 0                                  [heap]
83a00000-88e00000 rw-p 00000000 00:00 0 
88e00000-d6900000 ---p 00000000 00:00 0 
d6900000-d9300000 rw-p 00000000 00:00 0 
d9300000-100000000 ---p 00000000 00:00 0 
100000000-100180000 rw-p 00000000 00:00 0 
100180000-140000000 ---p 00000000 00:00 0 
7fa230000000-7fa230021000 rw-p 00000000 00:00 0 
7fa230021000-7fa234000000 ---p 00000000 00:00 0 
7fa237afd000-7fa237b7d000 rw-p 00000000 00:00 0 
7fa237bbd000-7fa237cfd000 ---p 00000000 00:00 0 
7fa237cfd000-7fa237d00000 ---p 00000000 00:00 0 
7fa237d00000-7fa237dfe000 rw-p 00000000 00:00 0 
7fa237dfe000-7fa237e01000 ---p 00000000 00:00 0 
7fa237e01000-7fa237eff000 rw-p 00000000 00:00 0 
7fa237eff000-7fa237f02000 ---p 00000000 00:00 0 
7fa237f02000-7fa238000000 rw-p 00000000 00:00 0 
7fa238000000-7fa238021000 rw-p 00000000 00:00 0 
7fa238021000-7fa23c000000 ---p 00000000 00:00 0 
7fa23c000000-7fa23c021000 rw-p 00000000 00:00 0 
7fa23c021000-7fa240000000 ---p 00000000 00:00 0 
7fa240000000-7fa240021000 rw-p 00000000 00:00 0 
7fa240021000-7fa244000000 ---p 00000000 00:00 0 
7fa244000000-7fa244021000 rw-p 00000000 00:00 0 
7fa244021000-7fa248000000 ---p 00000000 00:00 0 
7fa2480f2000-7fa2480f5000 ---p 00000000 00:00 0 
7fa2480f5000-7fa2481f3000 rw-p 00000000 00:00 0 
7fa2481f3000-7fa2481f6000 ---p 00000000 00:00 0 
7fa2481f6000-7fa2482f4000 rw-p 00000000 00:00 0 
7fa2482f4000-7fa2482f7000 ---p 00000000 00:00 0 
7fa2482f7000-7fa2483f5000 rw-p 00000000 00:00 0 
7fa2483f5000-7fa2483f8000 ---p 00000000 00:00 0 
7fa2483f8000-7fa2484f6000 rw-p 00000000 00:00 0 
7fa2484f6000-7fa2484f9000 ---p 00000000 00:00 0 
7fa2484f9000-7fa2485f7000 rw-p 00000000 00:00 0 
7fa2485f7000-7fa2485fa000 ---p 00000000 00:00 0 
7fa2485fa000-7fa2486f8000 rw-p 00000000 00:00 0 
7fa2486f8000-7fa2486fb000 ---p 00000000 00:00 0 
7fa2486fb000-7fa2487f9000 rw-p 00000000 00:00 0 
7fa2487f9000-7fa2487fc000 ---p 00000000 00:00 0 
7fa2487fc000-7fa2488fa000 rw-p 00000000 00:00 0 
7fa2488fa000-7fa2488fd000 ---p 00000000 00:00 0 
7fa2488fd000-7fa2489fb000 rw-p 00000000 00:00 0 
7fa2489fb000-7fa2489fe000 ---p 00000000 00:00 0 
7fa2489fe000-7fa248afc000 rw-p 00000000 00:00 0 
7fa248afc000-7fa248aff000 ---p 00000000 00:00 0 
7fa248aff000-7fa248dfd000 rw-p 00000000 00:00 0 
7fa248dfd000-7fa248e00000 ---p 00000000 00:00 0 
7fa248e00000-7fa248efe000 rw-p 00000000 00:00 0 
7fa248efe000-7fa248f01000 ---p 00000000 00:00 0 
7fa248f01000-7fa24c000000 rw-p 00000000 00:00 0 
7fa24c000000-7fa24c4a2000 rw-p 00000000 00:00 0 
7fa24c4a2000-7fa250000000 ---p 00000000 00:00 0 
7fa250000000-7fa250021000 rw-p 00000000 00:00 0 
7fa250021000-7fa254000000 ---p 00000000 00:00 0 
7fa254000000-7fa254021000 rw-p 00000000 00:00 0 
7fa254021000-7fa258000000 ---p 00000000 00:00 0 
7fa258000000-7fa25885a000 rw-p 00000000 00:00 0 
7fa25885a000-7fa25c000000 ---p 00000000 00:00 0 
7fa25c000000-7fa25c021000 rw-p 00000000 00:00 0 
7fa25c021000-7fa260000000 ---p 00000000 00:00 0 
7fa260000000-7fa26003b000 rw-p 00000000 00:00 0 
7fa26003b000-7fa264000000 ---p 00000000 00:00 0 
7fa264000000-7fa264348000 rw-p 00000000 00:00 0 
7fa264348000-7fa268000000 ---p 00000000 00:00 0 
7fa268000000-7fa268021000 rw-p 00000000 00:00 0 
7fa268021000-7fa26c000000 ---p 00000000 00:00 0 
7fa26c000000-7fa26c021000 rw-p 00000000 00:00 0 
7fa26c021000-7fa270000000 ---p 00000000 00:00 0 
7fa2700c6000-7fa2700c9000 ---p 00000000 00:00 0 
7fa2700c9000-7fa2701c7000 rw-p 00000000 00:00 0 
7fa2701c7000-7fa2701dd000 r-xp 00000000 08:01 2756237                    /usr/lib/jvm/jdk1.8.0_181/jre/lib/amd64/libnet.so
7fa2701dd000-7fa2703dd000 ---p 00016000 08:01 2756237                    /usr/lib/jvm/jdk1.8.0_181/jre/lib/amd64/libnet.so
7fa2703dd000-7fa2703de000 rw-p 00016000 08:01 2756237                    /usr/lib/jvm/jdk1.8.0_181/jre/lib/amd64/libnet.so
7fa2703de000-7fa27060f000 r--s 01bb1000 08:01 1706762                    /home/whj/dowork/DiffTGen/lib/evosuite-1.0.6.jar
7fa27060f000-7fa270610000 ---p 00000000 00:00 0 
7fa270610000-7fa270710000 rw-p 00000000 00:00 0 
7fa270710000-7fa270713000 ---p 00000000 00:00 0 
7fa270713000-7fa270811000 rw-p 00000000 00:00 0 
7fa270811000-7fa2711d0000 r--p 00000000 08:01 1316108                    /usr/lib/locale/locale-archive
7fa2711d0000-7fa275000000 rw-p 00000000 00:00 0 
7fa275000000-7fa2753c0000 rwxp 00000000 00:00 0 
7fa2753c0000-7fa284000000 ---p 00000000 00:00 0 
7fa284000000-7fa28446c000 rw-p 00000000 00:00 0 
7fa28446c000-7fa288000000 ---p 00000000 00:00 0 
7fa288002000-7fa28801e000 r--s 00393000 08:01 2756136                    /usr/lib/jvm/jdk1.8.0_181/jre/lib/ext/cldrdata.jar
7fa28801e000-7fa288021000 ---p 00000000 00:00 0 
7fa288021000-7fa288057000 rw-p 00000000 00:00 0 
7fa288057000-7fa288069000 r--s 00169000 08:01 4837                       /home/whj/dowork/DiffTGen/extra_output/Chart_1_1_jaid/target/build/classes/all0.jar
7fa288069000-7fa2880e2000 r--s 010f9000 08:01 1448503                    /usr/lib/jvm/jdk1.8.0_181/lib/tools.jar
7fa2880e2000-7fa2880e5000 ---p 00000000 00:00 0 
7fa2880e5000-7fa2881e3000 rw-p 00000000 00:00 0 
7fa2881e3000-7fa2881e6000 ---p 00000000 00:00 0 
7fa2881e6000-7fa2882e4000 rw-p 00000000 00:00 0 
7fa2882e4000-7fa2882e7000 ---p 00000000 00:00 0 
7fa2882e7000-7fa2883e5000 rw-p 00000000 00:00 0 
7fa2883e5000-7fa2883e8000 ---p 00000000 00:00 0 
7fa2883e8000-7fa2884e6000 rw-p 00000000 00:00 0 
7fa2884e6000-7fa2884e9000 ---p 00000000 00:00 0 
7fa2884e9000-7fa2885e7000 rw-p 00000000 00:00 0 
7fa2885e7000-7fa2885e8000 ---p 00000000 00:00 0 
7fa2885e8000-7fa288ff1000 rw-p 00000000 00:00 0 
7fa288ff1000-7fa2891cb000 r--s 03d6b000 08:01 2756084                    /usr/lib/jvm/jdk1.8.0_181/jre/lib/rt.jar
7fa2891cb000-7fa289e24000 rw-p 00000000 00:00 0 
7fa289e24000-7fa289e25000 ---p 00000000 00:00 0 
7fa289e25000-7fa289f25000 rw-p 00000000 00:00 0 
7fa289f25000-7fa289f26000 ---p 00000000 00:00 0 
7fa289f26000-7fa28a050000 rw-p 00000000 00:00 0 
7fa28a050000-7fa28a2be000 ---p 00000000 00:00 0 
7fa28a2be000-7fa28a2e8000 rw-p 00000000 00:00 0 
7fa28a2e8000-7fa28a555000 ---p 00000000 00:00 0 
7fa28a555000-7fa28a56b000 rw-p 00000000 00:00 0 
7fa28a56b000-7fa28a6a1000 ---p 00000000 00:00 0 
7fa28a6a1000-7fa28a6b1000 rw-p 00000000 00:00 0 
7fa28a6b1000-7fa28aa62000 ---p 00000000 00:00 0 
7fa28aa62000-7fa28aa7d000 r-xp 00000000 08:01 2756233                    /usr/lib/jvm/jdk1.8.0_181/jre/lib/amd64/libzip.so
7fa28aa7d000-7fa28ac7d000 ---p 0001b000 08:01 2756233                    /usr/lib/jvm/jdk1.8.0_181/jre/lib/amd64/libzip.so
7fa28ac7d000-7fa28ac7e000 rw-p 0001b000 08:01 2756233                    /usr/lib/jvm/jdk1.8.0_181/jre/lib/amd64/libzip.so
7fa28ac7e000-7fa28ac89000 r-xp 00000000 08:01 1054188                    /lib/x86_64-linux-gnu/libnss_files-2.23.so
7fa28ac89000-7fa28ae88000 ---p 0000b000 08:01 1054188                    /lib/x86_64-linux-gnu/libnss_files-2.23.so
7fa28ae88000-7fa28ae89000 r--p 0000a000 08:01 1054188                    /lib/x86_64-linux-gnu/libnss_files-2.23.so
7fa28ae89000-7fa28ae8a000 rw-p 0000b000 08:01 1054188                    /lib/x86_64-linux-gnu/libnss_files-2.23.so
7fa28ae8a000-7fa28ae90000 rw-p 00000000 00:00 0 
7fa28ae90000-7fa28ae9b000 r-xp 00000000 08:01 1054198                    /lib/x86_64-linux-gnu/libnss_nis-2.23.so
7fa28ae9b000-7fa28b09a000 ---p 0000b000 08:01 1054198                    /lib/x86_64-linux-gnu/libnss_nis-2.23.so
7fa28b09a000-7fa28b09b000 r--p 0000a000 08:01 1054198                    /lib/x86_64-linux-gnu/libnss_nis-2.23.so
7fa28b09b000-7fa28b09c000 rw-p 0000b000 08:01 1054198                    /lib/x86_64-linux-gnu/libnss_nis-2.23.so
7fa28b09c000-7fa28b0b2000 r-xp 00000000 08:01 1054182                    /lib/x86_64-linux-gnu/libnsl-2.23.so
7fa28b0b2000-7fa28b2b1000 ---p 00016000 08:01 1054182                    /lib/x86_64-linux-gnu/libnsl-2.23.so
7fa28b2b1000-7fa28b2b2000 r--p 00015000 08:01 1054182                    /lib/x86_64-linux-gnu/libnsl-2.23.so
7fa28b2b2000-7fa28b2b3000 rw-p 00016000 08:01 1054182                    /lib/x86_64-linux-gnu/libnsl-2.23.so
7fa28b2b3000-7fa28b2b5000 rw-p 00000000 00:00 0 
7fa28b2b5000-7fa28b2bd000 r-xp 00000000 08:01 1054184                    /lib/x86_64-linux-gnu/libnss_compat-2.23.so
7fa28b2bd000-7fa28b4bc000 ---p 00008000 08:01 1054184                    /lib/x86_64-linux-gnu/libnss_compat-2.23.so
7fa28b4bc000-7fa28b4bd000 r--p 00007000 08:01 1054184                    /lib/x86_64-linux-gnu/libnss_compat-2.23.so
7fa28b4bd000-7fa28b4be000 rw-p 00008000 08:01 1054184                    /lib/x86_64-linux-gnu/libnss_compat-2.23.so
7fa28b4be000-7fa28b4e9000 r-xp 00000000 08:01 2756227                    /usr/lib/jvm/jdk1.8.0_181/jre/lib/amd64/libjava.so
7fa28b4e9000-7fa28b6e8000 ---p 0002b000 08:01 2756227                    /usr/lib/jvm/jdk1.8.0_181/jre/lib/amd64/libjava.so
7fa28b6e8000-7fa28b6ea000 rw-p 0002a000 08:01 2756227                    /usr/lib/jvm/jdk1.8.0_181/jre/lib/amd64/libjava.so
7fa28b6ea000-7fa28b6f7000 r-xp 00000000 08:01 2756232                    /usr/lib/jvm/jdk1.8.0_181/jre/lib/amd64/libverify.so
7fa28b6f7000-7fa28b8f7000 ---p 0000d000 08:01 2756232                    /usr/lib/jvm/jdk1.8.0_181/jre/lib/amd64/libverify.so
7fa28b8f7000-7fa28b8f9000 rw-p 0000d000 08:01 2756232                    /usr/lib/jvm/jdk1.8.0_181/jre/lib/amd64/libverify.so
7fa28b8f9000-7fa28b900000 r-xp 00000000 08:01 1054243                    /lib/x86_64-linux-gnu/librt-2.23.so
7fa28b900000-7fa28baff000 ---p 00007000 08:01 1054243                    /lib/x86_64-linux-gnu/librt-2.23.so
7fa28baff000-7fa28bb00000 r--p 00006000 08:01 1054243                    /lib/x86_64-linux-gnu/librt-2.23.so
7fa28bb00000-7fa28bb01000 rw-p 00007000 08:01 1054243                    /lib/x86_64-linux-gnu/librt-2.23.so
7fa28bb01000-7fa28bc09000 r-xp 00000000 08:01 1054159                    /lib/x86_64-linux-gnu/libm-2.23.so
7fa28bc09000-7fa28be08000 ---p 00108000 08:01 1054159                    /lib/x86_64-linux-gnu/libm-2.23.so
7fa28be08000-7fa28be09000 r--p 00107000 08:01 1054159                    /lib/x86_64-linux-gnu/libm-2.23.so
7fa28be09000-7fa28be0a000 rw-p 00108000 08:01 1054159                    /lib/x86_64-linux-gnu/libm-2.23.so
7fa28be0a000-7fa28cae6000 r-xp 00000000 08:01 2756209                    /usr/lib/jvm/jdk1.8.0_181/jre/lib/amd64/server/libjvm.so
7fa28cae6000-7fa28cce6000 ---p 00cdc000 08:01 2756209                    /usr/lib/jvm/jdk1.8.0_181/jre/lib/amd64/server/libjvm.so
7fa28cce6000-7fa28cdc0000 rw-p 00cdc000 08:01 2756209                    /usr/lib/jvm/jdk1.8.0_181/jre/lib/amd64/server/libjvm.so
7fa28cdc0000-7fa28ce0b000 rw-p 00000000 00:00 0 
7fa28ce0b000-7fa28cfcb000 r-xp 00000000 08:01 1054089                    /lib/x86_64-linux-gnu/libc-2.23.so
7fa28cfcb000-7fa28d1cb000 ---p 001c0000 08:01 1054089                    /lib/x86_64-linux-gnu/libc-2.23.so
7fa28d1cb000-7fa28d1cf000 r--p 001c0000 08:01 1054089                    /lib/x86_64-linux-gnu/libc-2.23.so
7fa28d1cf000-7fa28d1d1000 rw-p 001c4000 08:01 1054089                    /lib/x86_64-linux-gnu/libc-2.23.so
7fa28d1d1000-7fa28d1d5000 rw-p 00000000 00:00 0 
7fa28d1d5000-7fa28d1d8000 r-xp 00000000 08:01 1054113                    /lib/x86_64-linux-gnu/libdl-2.23.so
7fa28d1d8000-7fa28d3d7000 ---p 00003000 08:01 1054113                    /lib/x86_64-linux-gnu/libdl-2.23.so
7fa28d3d7000-7fa28d3d8000 r--p 00002000 08:01 1054113                    /lib/x86_64-linux-gnu/libdl-2.23.so
7fa28d3d8000-7fa28d3d9000 rw-p 00003000 08:01 1054113                    /lib/x86_64-linux-gnu/libdl-2.23.so
7fa28d3d9000-7fa28d3ef000 r-xp 00000000 08:01 1449032                    /usr/lib/jvm/jdk1.8.0_181/lib/amd64/jli/libjli.so
7fa28d3ef000-7fa28d5ee000 ---p 00016000 08:01 1449032                    /usr/lib/jvm/jdk1.8.0_181/lib/amd64/jli/libjli.so
7fa28d5ee000-7fa28d5ef000 rw-p 00015000 08:01 1449032                    /usr/lib/jvm/jdk1.8.0_181/lib/amd64/jli/libjli.so
7fa28d5ef000-7fa28d607000 r-xp 00000000 08:01 1054235                    /lib/x86_64-linux-gnu/libpthread-2.23.so
7fa28d607000-7fa28d806000 ---p 00018000 08:01 1054235                    /lib/x86_64-linux-gnu/libpthread-2.23.so
7fa28d806000-7fa28d807000 r--p 00017000 08:01 1054235                    /lib/x86_64-linux-gnu/libpthread-2.23.so
7fa28d807000-7fa28d808000 rw-p 00018000 08:01 1054235                    /lib/x86_64-linux-gnu/libpthread-2.23.so
7fa28d808000-7fa28d80c000 rw-p 00000000 00:00 0 
7fa28d80c000-7fa28d832000 r-xp 00000000 08:01 1054061                    /lib/x86_64-linux-gnu/ld-2.23.so
7fa28d838000-7fa28d842000 r--s 00116000 08:01 2756143                    /usr/lib/jvm/jdk1.8.0_181/jre/lib/ext/localedata.jar
7fa28d842000-7fa28d913000 rw-p 00000000 00:00 0 
7fa28d913000-7fa28d916000 ---p 00000000 00:00 0 
7fa28d916000-7fa28da19000 rw-p 00000000 00:00 0 
7fa28da19000-7fa28da1e000 r--s 0009d000 08:01 2756133                    /usr/lib/jvm/jdk1.8.0_181/jre/lib/jsse.jar
7fa28da1e000-7fa28da26000 r--s 0006e000 08:01 2248917                    /home/whj/dowork/DiffTGen/lib/commons-lang3-3.5.jar
7fa28da26000-7fa28da27000 r--s 00000000 08:01 2248922                    /home/whj/dowork/DiffTGen/lib/myprinter.jar
7fa28da27000-7fa28da2f000 rw-s 00000000 08:01 1984692                    /tmp/hsperfdata_whj/22456
7fa28da2f000-7fa28da30000 rw-p 00000000 00:00 0 
7fa28da30000-7fa28da31000 r--p 00000000 00:00 0 
7fa28da31000-7fa28da32000 r--p 00025000 08:01 1054061                    /lib/x86_64-linux-gnu/ld-2.23.so
7fa28da32000-7fa28da33000 rw-p 00026000 08:01 1054061                    /lib/x86_64-linux-gnu/ld-2.23.so
7fa28da33000-7fa28da34000 rw-p 00000000 00:00 0 
7fff25078000-7fff2509a000 rw-p 00000000 00:00 0                          [stack]
7fff250e2000-7fff250e5000 r--p 00000000 00:00 0                          [vvar]
7fff250e5000-7fff250e7000 r-xp 00000000 00:00 0                          [vdso]
ffffffffff600000-ffffffffff601000 r-xp 00000000 00:00 0                  [vsyscall]

VM Arguments:
java_command: /home/whj/dowork/DiffTGen/lib/evosuite-1.0.6.jar -base_dir /home/whj/dowork/DiffTGen/extra_output/Chart_1_1_jaid/target/0/14 -projectCP /home/whj/dowork/DiffTGen/extra_output/Chart_1_1_jaid/target/build/classes/all0.jar:/home/whj/dowork/DiffTGen/lib/myprinter.jar:/home/whj/dowork/DiffTGen/lib/commons-lang3-3.5.jar -class org.jfree.chart.renderer.category.AbstractCategoryItemRenderer -Dassertions=false -Dsearch_budget=60
java_class_path (initial): /home/whj/dowork/DiffTGen/lib/evosuite-1.0.6.jar
Launcher Type: SUN_STANDARD

Environment Variables:
JAVA_HOME=/usr/lib/jvm/jdk1.8.0_181
JRE_HOME=/usr/lib/jvm/jdk1.8.0_181/jre
CLASSPATH=.:/usr/lib/jvm/jdk1.8.0_181/lib:/usr/lib/jvm/jdk1.8.0_181/jre/lib
PATH=/home/whj/perl5/bin:/home/whj/dowork/defects4j-1.2.0/framework/bin:/usr/lib/jvm/jdk1.8.0_181/bin:/usr/lib/jvm/jdk1.8.0_181/jre/bin:/home/whj/bin:/home/whj/.local/bin:/usr/local/sbin:/usr/local/bin:/usr/sbin:/usr/bin:/sbin:/bin:/usr/games:/usr/local/games" :/snap/bin:/home/whj/bin
SHELL=/bin/bash
DISPLAY=:0

Signal Handlers:
SIGSEGV: [libjvm.so+0xad2a40], sa_mask[0]=11111111011111111101111111111110, sa_flags=SA_RESTART|SA_SIGINFO
SIGBUS: [libjvm.so+0xad2a40], sa_mask[0]=11111111011111111101111111111110, sa_flags=SA_RESTART|SA_SIGINFO
SIGFPE: [libjvm.so+0x92a610], sa_mask[0]=11111111011111111101111111111110, sa_flags=SA_RESTART|SA_SIGINFO
SIGPIPE: [libjvm.so+0x92a610], sa_mask[0]=11111111011111111101111111111110, sa_flags=SA_RESTART|SA_SIGINFO
SIGXFSZ: [libjvm.so+0x92a610], sa_mask[0]=11111111011111111101111111111110, sa_flags=SA_RESTART|SA_SIGINFO
SIGILL: [libjvm.so+0x92a610], sa_mask[0]=11111111011111111101111111111110, sa_flags=SA_RESTART|SA_SIGINFO
SIGUSR1: SIG_DFL, sa_mask[0]=00000000000000000000000000000000, sa_flags=none
SIGUSR2: [libjvm.so+0x92be70], sa_mask[0]=00100000000000000000000000000000, sa_flags=SA_RESTART|SA_SIGINFO
SIGHUP: [libjvm.so+0x92d270], sa_mask[0]=11111111011111111101111111111110, sa_flags=SA_RESTART|SA_SIGINFO
SIGINT: [libjvm.so+0x92d270], sa_mask[0]=11111111011111111101111111111110, sa_flags=SA_RESTART|SA_SIGINFO
SIGTERM: [libjvm.so+0x92d270], sa_mask[0]=11111111011111111101111111111110, sa_flags=SA_RESTART|SA_SIGINFO
SIGQUIT: [libjvm.so+0x92d270], sa_mask[0]=11111111011111111101111111111110, sa_flags=SA_RESTART|SA_SIGINFO


---------------  S Y S T E M  ---------------

OS:DISTRIB_ID=Ubuntu
DISTRIB_RELEASE=16.04
DISTRIB_CODENAME=xenial
DISTRIB_DESCRIPTION="Ubuntu 16.04.6 LTS"

uname:Linux 4.15.0-91-generic #92~16.04.1-Ubuntu SMP Fri Feb 28 14:57:22 UTC 2020 x86_64
libc:glibc 2.23 NPTL 2.23 
rlimit: STACK 8192k, CORE 0k, NPROC 31576, NOFILE 1048576, AS infinity
load average:17.55 14.70 14.82

/proc/meminfo:
MemTotal:        8144704 kB
MemFree:         1000844 kB
MemAvailable:     897868 kB
Buffers:             304 kB
Cached:            36268 kB
SwapCached:         3140 kB
Active:          5935100 kB
Inactive:         784320 kB
Active(anon):    5921276 kB
Inactive(anon):   762268 kB
Active(file):      13824 kB
Inactive(file):    22052 kB
Unevictable:          32 kB
Mlocked:              32 kB
SwapTotal:        998396 kB
SwapFree:           1388 kB
Dirty:               124 kB
Writeback:          1172 kB
AnonPages:       6680832 kB
Mapped:            29264 kB
Shmem:               536 kB
Slab:              88948 kB
SReclaimable:      31816 kB
SUnreclaim:        57132 kB
KernelStack:       15952 kB
PageTables:        46652 kB
NFS_Unstable:          0 kB
Bounce:                0 kB
WritebackTmp:          0 kB
CommitLimit:     5070748 kB
Committed_AS:   13761900 kB
VmallocTotal:   34359738367 kB
VmallocUsed:           0 kB
VmallocChunk:          0 kB
HardwareCorrupted:     0 kB
AnonHugePages:         0 kB
ShmemHugePages:        0 kB
ShmemPmdMapped:        0 kB
CmaTotal:              0 kB
CmaFree:               0 kB
HugePages_Total:       0
HugePages_Free:        0
HugePages_Rsvd:        0
HugePages_Surp:        0
Hugepagesize:       2048 kB
DirectMap4k:      134976 kB
DirectMap2M:     7204864 kB
DirectMap1G:     3145728 kB


CPU:total 2 (initial active 2) (2 cores per cpu, 1 threads per core) family 6 model 158 stepping 10, cmov, cx8, fxsr, mmx, sse, sse2, sse3, ssse3, sse4.1, sse4.2, popcnt, avx, avx2, aes, clmul, erms, 3dnowpref, lzcnt, tsc, tscinvbit, bmi1, bmi2, adx

/proc/cpuinfo:
processor	: 0
vendor_id	: GenuineIntel
cpu family	: 6
model		: 158
model name	: Intel(R) Core(TM) i7-8750H CPU @ 2.20GHz
stepping	: 10
microcode	: 0x96
cpu MHz		: 2207.999
cache size	: 9216 KB
physical id	: 0
siblings	: 2
core id		: 0
cpu cores	: 2
apicid		: 0
initial apicid	: 0
fpu		: yes
fpu_exception	: yes
cpuid level	: 22
wp		: yes
flags		: fpu vme de pse tsc msr pae mce cx8 apic sep mtrr pge mca cmov pat pse36 clflush mmx fxsr sse sse2 ss ht syscall nx pdpe1gb rdtscp lm constant_tsc arch_perfmon nopl xtopology tsc_reliable nonstop_tsc cpuid pni pclmulqdq ssse3 fma cx16 pcid sse4_1 sse4_2 x2apic movbe popcnt tsc_deadline_timer aes xsave avx f16c rdrand hypervisor lahf_lm abm 3dnowprefetch cpuid_fault invpcid_single pti ssbd ibrs ibpb stibp fsgsbase tsc_adjust bmi1 avx2 smep bmi2 invpcid rdseed adx smap xsaveopt arat flush_l1d arch_capabilities
bugs		: cpu_meltdown spectre_v1 spectre_v2 spec_store_bypass l1tf mds swapgs itlb_multihit
bogomips	: 4415.99
clflush size	: 64
cache_alignment	: 64
address sizes	: 42 bits physical, 48 bits virtual
power management:

processor	: 1
vendor_id	: GenuineIntel
cpu family	: 6
model		: 158
model name	: Intel(R) Core(TM) i7-8750H CPU @ 2.20GHz
stepping	: 10
microcode	: 0x96
cpu MHz		: 2207.999
cache size	: 9216 KB
physical id	: 0
siblings	: 2
core id		: 1
cpu cores	: 2
apicid		: 1
initial apicid	: 1
fpu		: yes
fpu_exception	: yes
cpuid level	: 22
wp		: yes
flags		: fpu vme de pse tsc msr pae mce cx8 apic sep mtrr pge mca cmov pat pse36 clflush mmx fxsr sse sse2 ss ht syscall nx pdpe1gb rdtscp lm constant_tsc arch_perfmon nopl xtopology tsc_reliable nonstop_tsc cpuid pni pclmulqdq ssse3 fma cx16 pcid sse4_1 sse4_2 x2apic movbe popcnt tsc_deadline_timer aes xsave avx f16c rdrand hypervisor lahf_lm abm 3dnowprefetch cpuid_fault invpcid_single pti ssbd ibrs ibpb stibp fsgsbase tsc_adjust bmi1 avx2 smep bmi2 invpcid rdseed adx smap xsaveopt arat flush_l1d arch_capabilities
bugs		: cpu_meltdown spectre_v1 spectre_v2 spec_store_bypass l1tf mds swapgs itlb_multihit
bogomips	: 4415.99
clflush size	: 64
cache_alignment	: 64
address sizes	: 42 bits physical, 48 bits virtual
power management:



Memory: 4k page, physical 8144704k(1000844k free), swap 998396k(1388k free)

vm_info: Java HotSpot(TM) 64-Bit Server VM (25.181-b13) for linux-amd64 JRE (1.8.0_181-b13), built on Jul  7 2018 00:56:38 by "java_re" with gcc 4.3.0 20080428 (Red Hat 4.3.0-8)

time: Fri Mar 27 21:49:02 2020
elapsed time: 115 seconds (0d 0h 1m 55s)

