#
# There is insufficient memory for the Java Runtime Environment to continue.
# Native memory allocation (mmap) failed to map 67108864 bytes for committing reserved memory.
# Possible reasons:
#   The system is out of physical RAM or swap space
#   In 32 bit mode, the process size limit was hit
# Possible solutions:
#   Reduce memory load on the system
#   Increase physical memory or swap space
#   Check if swap backing store is full
#   Use 64 bit Java on a 64 bit OS
#   Decrease Java heap size (-Xmx/-Xms)
#   Decrease number of Java threads
#   Decrease Java thread stack sizes (-Xss)
#   Set larger code cache with -XX:ReservedCodeCacheSize=
# This output file may be truncated or incomplete.
#
#  Out of Memory Error (os_linux.cpp:2640), pid=8453, tid=0x00007f7ef761d700
#
# JRE version: Java(TM) SE Runtime Environment (8.0_181-b13) (build 1.8.0_181-b13)
# Java VM: Java HotSpot(TM) 64-Bit Server VM (25.181-b13 mixed mode linux-amd64 compressed oops)
# Failed to write core dump. Core dumps have been disabled. To enable core dumping, try "ulimit -c unlimited" before starting Java again
#

---------------  T H R E A D  ---------------

Current thread (0x00007f7f0c0fb800):  VMThread [stack: 0x00007f7ef751d000,0x00007f7ef761e000] [id=8483]

Stack: [0x00007f7ef751d000,0x00007f7ef761e000],  sp=0x00007f7ef761bfa0,  free space=1019k
Native frames: (J=compiled Java code, j=interpreted, Vv=VM code, C=native code)
V  [libjvm.so+0xad21aa]  VMError::report_and_die()+0x2ba
V  [libjvm.so+0x5022db]  report_vm_out_of_memory(char const*, int, unsigned long, VMErrorType, char const*)+0x8b
V  [libjvm.so+0x92fe33]  os::Linux::commit_memory_impl(char*, unsigned long, bool)+0x123
V  [libjvm.so+0x930059]  os::pd_commit_memory(char*, unsigned long, unsigned long, bool)+0x29
V  [libjvm.so+0x9272ba]  os::commit_memory(char*, unsigned long, unsigned long, bool)+0x2a
V  [libjvm.so+0x99d2e3]  PSVirtualSpace::expand_by(unsigned long)+0x53
V  [libjvm.so+0x99e6e8]  PSYoungGen::resize_generation(unsigned long, unsigned long)+0xf8
V  [libjvm.so+0x99d842]  PSYoungGen::resize(unsigned long, unsigned long)+0x22
V  [libjvm.so+0x99ab1b]  PSScavenge::invoke_no_policy()+0xf3b
V  [libjvm.so+0x99b2a1]  PSScavenge::invoke()+0x41
V  [libjvm.so+0x951d70]  ParallelScavengeHeap::failed_mem_allocate(unsigned long)+0x70
V  [libjvm.so+0xad3c27]  VM_ParallelGCFailedAllocation::doit()+0x97
V  [libjvm.so+0xadb745]  VM_Operation::evaluate()+0x55
V  [libjvm.so+0xad9b0a]  VMThread::evaluate_operation(VM_Operation*)+0xba
V  [libjvm.so+0xad9e8e]  VMThread::loop()+0x1ce
V  [libjvm.so+0xada300]  VMThread::run()+0x70
V  [libjvm.so+0x930198]  java_start(Thread*)+0x108

VM_Operation (0x00007f7ef0b2cc40): ParallelGCFailedAllocation, mode: safepoint, requested by thread 0x000000000240f800


---------------  P R O C E S S  ---------------

Java Threads: ( => current thread )
  0x0000000002411000 JavaThread "RMI TCP Connection(5)-127.0.0.1" daemon [_thread_in_native, id=8935, stack(0x00007f7ef0532000,0x00007f7ef0633000)]
  0x000000000240f800 JavaThread "RMI TCP Connection(3)-127.0.0.1" daemon [_thread_blocked, id=8836, stack(0x00007f7ef0a33000,0x00007f7ef0b34000)]
  0x00007f7edc038800 JavaThread "RMI Scheduler(0)" daemon [_thread_blocked, id=8831, stack(0x00007f7ef0b34000,0x00007f7ef0c35000)]
  0x00007f7edc035000 JavaThread "RMI RenewClean-[127.0.0.1:14297]" daemon [_thread_blocked, id=8824, stack(0x00007f7ef0c35000,0x00007f7ef0d36000)]
  0x00007f7eb4001800 JavaThread "RMI TCP Connection(4)-127.0.0.1" daemon [_thread_in_native, id=8814, stack(0x00007f7ef0d36000,0x00007f7ef0e37000)]
  0x00007f7ebc005000 JavaThread "pool-3-thread-3" [_thread_in_native, id=8762, stack(0x00007f7ef0e37000,0x00007f7ef0f38000)]
  0x00007f7ebc003800 JavaThread "pool-3-thread-2" [_thread_in_native, id=8761, stack(0x00007f7ef4e15000,0x00007f7ef4f16000)]
  0x00007f7ebc002800 JavaThread "pool-3-thread-1" [_thread_in_native, id=8758, stack(0x00007f7ef4f16000,0x00007f7ef5017000)]
  0x00007f7f0c45c000 JavaThread "Thread-3" [_thread_in_native, id=8679, stack(0x00007f7ef5017000,0x00007f7ef5118000)]
  0x00007f7f0c45a800 JavaThread "Thread-2" [_thread_in_native, id=8675, stack(0x00007f7ef5118000,0x00007f7ef5219000)]
  0x00007f7f0c459000 JavaThread "process reaper" daemon [_thread_in_native, id=8674, stack(0x00007f7f10029000,0x00007f7f10062000)]
  0x00007f7f0c455000 JavaThread "pool-2-thread-1" [_thread_in_native, id=8615, stack(0x00007f7ef5219000,0x00007f7ef531a000)]
  0x00007f7f0c452800 JavaThread "GC Daemon" daemon [_thread_blocked, id=8614, stack(0x00007f7ef531a000,0x00007f7ef541b000)]
  0x00007f7f0c44e000 JavaThread "RMI Reaper" [_thread_blocked, id=8611, stack(0x00007f7ef541b000,0x00007f7ef551c000)]
  0x00007f7f0c447000 JavaThread "RMI TCP Accept-11769" daemon [_thread_in_native, id=8606, stack(0x00007f7ef551c000,0x00007f7ef561d000)]
  0x00007f7f0c43f800 JavaThread "RMI TCP Accept-5645" daemon [_thread_in_native, id=8599, stack(0x00007f7ef561d000,0x00007f7ef571e000)]
  0x00007f7f0c2e3800 JavaThread "logback-3" daemon [_thread_blocked, id=8570, stack(0x00007f7ef5d0c000,0x00007f7ef5e0d000)]
  0x00007f7f0c2e2000 JavaThread "logback-2" daemon [_thread_blocked, id=8568, stack(0x00007f7ef5e0d000,0x00007f7ef5f0e000)]
  0x00007f7f0c2e0800 JavaThread "logback-1" daemon [_thread_blocked, id=8566, stack(0x00007f7ef5f0e000,0x00007f7ef600f000)]
  0x00007f7f0c142000 JavaThread "Service Thread" daemon [_thread_blocked, id=8536, stack(0x00007f7ef6558000,0x00007f7ef6659000)]
  0x00007f7f0c13f000 JavaThread "C1 CompilerThread1" daemon [_thread_blocked, id=8533, stack(0x00007f7ef6659000,0x00007f7ef675a000)]
  0x00007f7f0c13c000 JavaThread "C2 CompilerThread0" daemon [_thread_blocked, id=8526, stack(0x00007f7ef675a000,0x00007f7ef685b000)]
  0x00007f7f0c13a800 JavaThread "Signal Dispatcher" daemon [_thread_blocked, id=8517, stack(0x00007f7ef685b000,0x00007f7ef695c000)]
  0x00007f7f0c107800 JavaThread "Finalizer" daemon [_thread_blocked, id=8502, stack(0x00007f7ef731b000,0x00007f7ef741c000)]
  0x00007f7f0c105000 JavaThread "Reference Handler" daemon [_thread_blocked, id=8496, stack(0x00007f7ef741c000,0x00007f7ef751d000)]
  0x00007f7f0c00a800 JavaThread "main" [_thread_in_native, id=8456, stack(0x00007f7f138b9000,0x00007f7f139ba000)]

Other Threads:
=>0x00007f7f0c0fb800 VMThread [stack: 0x00007f7ef751d000,0x00007f7ef761e000] [id=8483]
  0x00007f7f0c147000 WatcherThread [stack: 0x00007f7ef6457000,0x00007f7ef6558000] [id=8540]

VM state:at safepoint (normal execution)

VM Mutex/Monitor currently owned by a thread:  ([mutex/lock_event])
[0x00007f7f0c006cc0] Threads_lock - owner thread: 0x00007f7f0c0fb800
[0x00007f7f0c0071c0] Heap_lock - owner thread: 0x000000000240f800

Heap:
 PSYoungGen      total 70656K, used 5119K [0x00000000d6900000, 0x00000000db300000, 0x0000000100000000)
  eden space 65536K, 0% used [0x00000000d6900000,0x00000000d6900000,0x00000000da900000)
  from space 5120K, 99% used [0x00000000da900000,0x00000000dadffda8,0x00000000dae00000)
  to   space 5120K, 0% used [0x00000000dae00000,0x00000000dae00000,0x00000000db300000)
 ParOldGen       total 86016K, used 24747K [0x0000000083a00000, 0x0000000088e00000, 0x00000000d6900000)
  object space 86016K, 28% used [0x0000000083a00000,0x000000008522aeb8,0x0000000088e00000)
 Metaspace       used 15841K, capacity 16336K, committed 16640K, reserved 1064960K
  class space    used 1768K, capacity 1930K, committed 2048K, reserved 1048576K

Card table byte_map: [0x00007f7f10264000,0x00007f7f10648000] byte_map_base: 0x00007f7f0fe47000

Marking Bits: (ParMarkBitMap*) 0x00007f7f12d840a0
 Begin Bits: [0x00007f7ef0f38000, 0x00007f7ef2e50000)
 End Bits:   [0x00007f7ef2e50000, 0x00007f7ef4d68000)

Polling page: 0x00007f7f139d6000

CodeCache: size=245760Kb used=6968Kb max_used=6968Kb free=238791Kb
 bounds [0x00007f7efd000000, 0x00007f7efd6e0000, 0x00007f7f0c000000]
 total_blobs=2387 nmethods=2036 adapters=264
 compilation: enabled

Compilation events (10 events):
Event: 97.392 Thread 0x00007f7f0c13f000 2097       2       org.evosuite.runtime.instrumentation.RemoveFinalMethodAdapter::visitFieldInsn (116 bytes)
Event: 97.392 Thread 0x00007f7f0c13f000 nmethod 2097 0x00007f7efd6cff10 code [0x00007f7efd6d0100, 0x00007f7efd6d0668]
Event: 97.404 Thread 0x00007f7f0c13f000 2098       2       org.evosuite.runtime.instrumentation.MultiMethodVisitor::visitLdcInsn (17 bytes)
Event: 97.404 Thread 0x00007f7f0c13f000 nmethod 2098 0x00007f7efd6d0a10 code [0x00007f7efd6d0b80, 0x00007f7efd6d0d38]
Event: 97.404 Thread 0x00007f7f0c13f000 2099       2       org.evosuite.runtime.instrumentation.MultiMethodVisitor::visitMethodInsn (29 bytes)
Event: 97.404 Thread 0x00007f7f0c13f000 nmethod 2099 0x00007f7efd6d0e10 code [0x00007f7efd6d0f80, 0x00007f7efd6d1178]
Event: 97.404 Thread 0x00007f7f0c13f000 2100       2       org.evosuite.runtime.instrumentation.RemoveFinalMethodAdapter::visitMethodInsn (99 bytes)
Event: 97.404 Thread 0x00007f7f0c13f000 nmethod 2100 0x00007f7efd6d1250 code [0x00007f7efd6d1400, 0x00007f7efd6d1788]
Event: 97.424 Thread 0x00007f7f0c13f000 2101       2       java.util.HashMap::putVal (300 bytes)
Event: 97.425 Thread 0x00007f7f0c13f000 nmethod 2101 0x00007f7efd6d1a50 code [0x00007f7efd6d1c60, 0x00007f7efd6d2358]

GC Heap History (10 events):
Event: 2.372 GC heap after
Heap after GC invocations=1 (full 0):
 PSYoungGen      total 37888K, used 5088K [0x00000000d6900000, 0x00000000db300000, 0x0000000100000000)
  eden space 32768K, 0% used [0x00000000d6900000,0x00000000d6900000,0x00000000d8900000)
  from space 5120K, 99% used [0x00000000d8900000,0x00000000d8df8030,0x00000000d8e00000)
  to   space 5120K, 0% used [0x00000000dae00000,0x00000000dae00000,0x00000000db300000)
 ParOldGen       total 86016K, used 1761K [0x0000000083a00000, 0x0000000088e00000, 0x00000000d6900000)
  object space 86016K, 2% used [0x0000000083a00000,0x0000000083bb85e0,0x0000000088e00000)
 Metaspace       used 8371K, capacity 8470K, committed 8704K, reserved 1056768K
  class space    used 1004K, capacity 1012K, committed 1024K, reserved 1048576K
}
Event: 3.193 GC heap before
{Heap before GC invocations=2 (full 0):
 PSYoungGen      total 37888K, used 33974K [0x00000000d6900000, 0x00000000db300000, 0x0000000100000000)
  eden space 32768K, 88% used [0x00000000d6900000,0x00000000d8535a90,0x00000000d8900000)
  from space 5120K, 99% used [0x00000000d8900000,0x00000000d8df8030,0x00000000d8e00000)
  to   space 5120K, 0% used [0x00000000dae00000,0x00000000dae00000,0x00000000db300000)
 ParOldGen       total 86016K, used 1761K [0x0000000083a00000, 0x0000000088e00000, 0x00000000d6900000)
  object space 86016K, 2% used [0x0000000083a00000,0x0000000083bb85e0,0x0000000088e00000)
 Metaspace       used 10337K, capacity 10486K, committed 10624K, reserved 1058816K
  class space    used 1250K, capacity 1326K, committed 1408K, reserved 1048576K
Event: 3.266 GC heap after
Heap after GC invocations=2 (full 0):
 PSYoungGen      total 70656K, used 5120K [0x00000000d6900000, 0x00000000db300000, 0x0000000100000000)
  eden space 65536K, 0% used [0x00000000d6900000,0x00000000d6900000,0x00000000da900000)
  from space 5120K, 100% used [0x00000000dae00000,0x00000000db300000,0x00000000db300000)
  to   space 5120K, 0% used [0x00000000da900000,0x00000000da900000,0x00000000dae00000)
 ParOldGen       total 86016K, used 7018K [0x0000000083a00000, 0x0000000088e00000, 0x00000000d6900000)
  object space 86016K, 8% used [0x0000000083a00000,0x00000000840da890,0x0000000088e00000)
 Metaspace       used 10337K, capacity 10486K, committed 10624K, reserved 1058816K
  class space    used 1250K, capacity 1326K, committed 1408K, reserved 1048576K
}
Event: 3.266 GC heap before
{Heap before GC invocations=3 (full 1):
 PSYoungGen      total 70656K, used 5120K [0x00000000d6900000, 0x00000000db300000, 0x0000000100000000)
  eden space 65536K, 0% used [0x00000000d6900000,0x00000000d6900000,0x00000000da900000)
  from space 5120K, 100% used [0x00000000dae00000,0x00000000db300000,0x00000000db300000)
  to   space 5120K, 0% used [0x00000000da900000,0x00000000da900000,0x00000000dae00000)
 ParOldGen       total 86016K, used 7018K [0x0000000083a00000, 0x0000000088e00000, 0x00000000d6900000)
  object space 86016K, 8% used [0x0000000083a00000,0x00000000840da890,0x0000000088e00000)
 Metaspace       used 10337K, capacity 10486K, committed 10624K, reserved 1058816K
  class space    used 1250K, capacity 1326K, committed 1408K, reserved 1048576K
Event: 3.517 GC heap after
Heap after GC invocations=3 (full 1):
 PSYoungGen      total 70656K, used 0K [0x00000000d6900000, 0x00000000db300000, 0x0000000100000000)
  eden space 65536K, 0% used [0x00000000d6900000,0x00000000d6900000,0x00000000da900000)
  from space 5120K, 0% used [0x00000000dae00000,0x00000000dae00000,0x00000000db300000)
  to   space 5120K, 0% used [0x00000000da900000,0x00000000da900000,0x00000000dae00000)
 ParOldGen       total 86016K, used 10644K [0x0000000083a00000, 0x0000000088e00000, 0x00000000d6900000)
  object space 86016K, 12% used [0x0000000083a00000,0x0000000084465058,0x0000000088e00000)
 Metaspace       used 10329K, capacity 10476K, committed 10624K, reserved 1058816K
  class space    used 1248K, capacity 1324K, committed 1408K, reserved 1048576K
}
Event: 93.603 GC heap before
{Heap before GC invocations=4 (full 1):
 PSYoungGen      total 70656K, used 65536K [0x00000000d6900000, 0x00000000db300000, 0x0000000100000000)
  eden space 65536K, 100% used [0x00000000d6900000,0x00000000da900000,0x00000000da900000)
  from space 5120K, 0% used [0x00000000dae00000,0x00000000dae00000,0x00000000db300000)
  to   space 5120K, 0% used [0x00000000da900000,0x00000000da900000,0x00000000dae00000)
 ParOldGen       total 86016K, used 10644K [0x0000000083a00000, 0x0000000088e00000, 0x00000000d6900000)
  object space 86016K, 12% used [0x0000000083a00000,0x0000000084465058,0x0000000088e00000)
 Metaspace       used 14361K, capacity 14826K, committed 15104K, reserved 1062912K
  class space    used 1634K, capacity 1785K, committed 1792K, reserved 1048576K
Event: 93.705 GC heap after
Heap after GC invocations=4 (full 1):
 PSYoungGen      total 70656K, used 5099K [0x00000000d6900000, 0x00000000db300000, 0x0000000100000000)
  eden space 65536K, 0% used [0x00000000d6900000,0x00000000d6900000,0x00000000da900000)
  from space 5120K, 99% used [0x00000000da900000,0x00000000dadfac90,0x00000000dae00000)
  to   space 5120K, 0% used [0x00000000dae00000,0x00000000dae00000,0x00000000db300000)
 ParOldGen       total 86016K, used 11671K [0x0000000083a00000, 0x0000000088e00000, 0x00000000d6900000)
  object space 86016K, 13% used [0x0000000083a00000,0x0000000084565c08,0x0000000088e00000)
 Metaspace       used 14361K, capacity 14826K, committed 15104K, reserved 1062912K
  class space    used 1634K, capacity 1785K, committed 1792K, reserved 1048576K
}
Event: 94.823 GC heap before
{Heap before GC invocations=5 (full 1):
 PSYoungGen      total 70656K, used 70635K [0x00000000d6900000, 0x00000000db300000, 0x0000000100000000)
  eden space 65536K, 100% used [0x00000000d6900000,0x00000000da900000,0x00000000da900000)
  from space 5120K, 99% used [0x00000000da900000,0x00000000dadfac90,0x00000000dae00000)
  to   space 5120K, 0% used [0x00000000dae00000,0x00000000dae00000,0x00000000db300000)
 ParOldGen       total 86016K, used 11671K [0x0000000083a00000, 0x0000000088e00000, 0x00000000d6900000)
  object space 86016K, 13% used [0x0000000083a00000,0x0000000084565c08,0x0000000088e00000)
 Metaspace       used 14451K, capacity 14890K, committed 15104K, reserved 1062912K
  class space    used 1635K, capacity 1785K, committed 1792K, reserved 1048576K
Event: 94.835 GC heap after
Heap after GC invocations=5 (full 1):
 PSYoungGen      total 70656K, used 5115K [0x00000000d6900000, 0x00000000db300000, 0x0000000100000000)
  eden space 65536K, 0% used [0x00000000d6900000,0x00000000d6900000,0x00000000da900000)
  from space 5120K, 99% used [0x00000000dae00000,0x00000000db2fef88,0x00000000db300000)
  to   space 5120K, 0% used [0x00000000da900000,0x00000000da900000,0x00000000dae00000)
 ParOldGen       total 86016K, used 12468K [0x0000000083a00000, 0x0000000088e00000, 0x00000000d6900000)
  object space 86016K, 14% used [0x0000000083a00000,0x000000008462d1f8,0x0000000088e00000)
 Metaspace       used 14451K, capacity 14890K, committed 15104K, reserved 1062912K
  class space    used 1635K, capacity 1785K, committed 1792K, reserved 1048576K
}
Event: 97.426 GC heap before
{Heap before GC invocations=6 (full 1):
 PSYoungGen      total 70656K, used 70651K [0x00000000d6900000, 0x00000000db300000, 0x0000000100000000)
  eden space 65536K, 100% used [0x00000000d6900000,0x00000000da900000,0x00000000da900000)
  from space 5120K, 99% used [0x00000000dae00000,0x00000000db2fef88,0x00000000db300000)
  to   space 5120K, 0% used [0x00000000da900000,0x00000000da900000,0x00000000dae00000)
 ParOldGen       total 86016K, used 12468K [0x0000000083a00000, 0x0000000088e00000, 0x00000000d6900000)
  object space 86016K, 14% used [0x0000000083a00000,0x000000008462d1f8,0x0000000088e00000)
 Metaspace       used 15841K, capacity 16336K, committed 16640K, reserved 1064960K
  class space    used 1768K, capacity 1930K, committed 2048K, reserved 1048576K

Deoptimization events (10 events):
Event: 93.121 Thread 0x000000000240f800 Uncommon trap: reason=unstable_if action=reinterpret pc=0x00007f7efd1ded6c method=java.lang.AbstractStringBuilder.append(Ljava/lang/String;)Ljava/lang/AbstractStringBuilder; @ 1
Event: 93.530 Thread 0x000000000240f800 Uncommon trap: reason=unstable_if action=reinterpret pc=0x00007f7efd598380 method=org.evosuite.shaded.org.objectweb.asm.Type.getArgumentsAndReturnSizes(Ljava/lang/String;)I @ 130
Event: 94.176 Thread 0x000000000240f800 Uncommon trap: reason=bimorphic action=maybe_recompile pc=0x00007f7efd5e7738 method=java.util.AbstractCollection.addAll(Ljava/util/Collection;)Z @ 3
Event: 94.179 Thread 0x000000000240f800 Uncommon trap: reason=bimorphic action=maybe_recompile pc=0x00007f7efd5e7738 method=java.util.AbstractCollection.addAll(Ljava/util/Collection;)Z @ 3
Event: 94.183 Thread 0x000000000240f800 Uncommon trap: reason=bimorphic action=maybe_recompile pc=0x00007f7efd5e7738 method=java.util.AbstractCollection.addAll(Ljava/util/Collection;)Z @ 3
Event: 94.183 Thread 0x000000000240f800 Uncommon trap: reason=bimorphic action=maybe_recompile pc=0x00007f7efd5e7738 method=java.util.AbstractCollection.addAll(Ljava/util/Collection;)Z @ 3
Event: 95.001 Thread 0x000000000240f800 Uncommon trap: reason=unstable_if action=reinterpret pc=0x00007f7efd470590 method=org.evosuite.shaded.org.objectweb.asm.Item.isEqualTo(Lorg/evosuite/shaded/org/objectweb/asm/Item;)Z @ 251
Event: 95.366 Thread 0x000000000240f800 Uncommon trap: reason=unstable_if action=reinterpret pc=0x00007f7efd6544f4 method=org.evosuite.shaded.org.objectweb.asm.Frame.merge(Lorg/evosuite/shaded/org/objectweb/asm/ClassWriter;I[II)Z @ 61
Event: 96.442 Thread 0x000000000240f800 Uncommon trap: reason=range_check action=make_not_entrant pc=0x00007f7efd6ae2b4 method=java.lang.String.charAt(I)C @ 27
Event: 97.424 Thread 0x000000000240f800 Uncommon trap: reason=unstable_if action=reinterpret pc=0x00007f7efd590e08 method=java.util.HashMap.putVal(ILjava/lang/Object;Ljava/lang/Object;ZZ)Ljava/lang/Object; @ 162

Classes redefined (0 events):
No events

Internal exceptions (10 events):
Event: 71.574 Thread 0x00007f7f0c2e3800 Exception <a 'java/net/ConnectException'> (0x00000000d6fcbc88) thrown at [/HUDSON/workspace/8-2-build-linux-amd64/jdk8u181/11358/hotspot/src/share/vm/prims/jni.cpp, line 709]
Event: 71.575 Thread 0x00007f7f0c2e2000 Exception <a 'java/net/ConnectException'> (0x00000000d6e84150) thrown at [/HUDSON/workspace/8-2-build-linux-amd64/jdk8u181/11358/hotspot/src/share/vm/prims/jni.cpp, line 709]
Event: 81.582 Thread 0x00007f7f0c2e2000 Exception <a 'java/net/ConnectException'> (0x00000000d6e84c78) thrown at [/HUDSON/workspace/8-2-build-linux-amd64/jdk8u181/11358/hotspot/src/share/vm/prims/jni.cpp, line 709]
Event: 81.583 Thread 0x00007f7f0c2e3800 Exception <a 'java/net/ConnectException'> (0x00000000d6fcc7b0) thrown at [/HUDSON/workspace/8-2-build-linux-amd64/jdk8u181/11358/hotspot/src/share/vm/prims/jni.cpp, line 709]
Event: 81.583 Thread 0x00007f7f0c2e0800 Exception <a 'java/net/ConnectException'> (0x00000000d6f28978) thrown at [/HUDSON/workspace/8-2-build-linux-amd64/jdk8u181/11358/hotspot/src/share/vm/prims/jni.cpp, line 709]
Event: 91.171 Thread 0x000000000240f800 Exception <a 'java/lang/NoSuchMethodError': <clinit>> (0x00000000d76ae6c0) thrown at [/HUDSON/workspace/8-2-build-linux-amd64/jdk8u181/11358/hotspot/src/share/vm/prims/jni.cpp, line 1613]
Event: 91.584 Thread 0x00007f7f0c2e0800 Exception <a 'java/net/ConnectException'> (0x00000000d6f294a0) thrown at [/HUDSON/workspace/8-2-build-linux-amd64/jdk8u181/11358/hotspot/src/share/vm/prims/jni.cpp, line 709]
Event: 91.584 Thread 0x00007f7f0c2e2000 Exception <a 'java/net/ConnectException'> (0x00000000d6e857a0) thrown at [/HUDSON/workspace/8-2-build-linux-amd64/jdk8u181/11358/hotspot/src/share/vm/prims/jni.cpp, line 709]
Event: 91.585 Thread 0x00007f7f0c2e3800 Exception <a 'java/net/ConnectException'> (0x00000000d6fcd2d8) thrown at [/HUDSON/workspace/8-2-build-linux-amd64/jdk8u181/11358/hotspot/src/share/vm/prims/jni.cpp, line 709]
Event: 93.121 Thread 0x000000000240f800 Implicit null exception at 0x00007f7efd1de974 to 0x00007f7efd1ded55

Events (10 events):
Event: 96.352 loading class java/io/PipedInputStream done
Event: 96.442 Thread 0x000000000240f800 Uncommon trap: trap_request=0xffffffe4 fr.pc=0x00007f7efd6ae2b4
Event: 96.442 Thread 0x000000000240f800 DEOPT PACKING pc=0x00007f7efd6ae2b4 sp=0x00007f7ef0b2d410
Event: 96.442 Thread 0x000000000240f800 DEOPT UNPACKING pc=0x00007f7efd04573a sp=0x00007f7ef0b2d378 mode 2
Event: 96.551 Thread 0x000000000240f800 DEOPT PACKING pc=0x00007f7efd6a8184 sp=0x00007f7ef0b2ea40
Event: 96.551 Thread 0x000000000240f800 DEOPT UNPACKING pc=0x00007f7efd047784 sp=0x00007f7ef0b2e7e8 mode 0
Event: 97.424 Thread 0x000000000240f800 Uncommon trap: trap_request=0xffffff65 fr.pc=0x00007f7efd590e08
Event: 97.424 Thread 0x000000000240f800 DEOPT PACKING pc=0x00007f7efd590e08 sp=0x00007f7ef0b2cfa0
Event: 97.424 Thread 0x000000000240f800 DEOPT UNPACKING pc=0x00007f7efd04573a sp=0x00007f7ef0b2cf28 mode 2
Event: 97.426 Executing VM operation: ParallelGCFailedAllocation


Dynamic libraries:
00400000-00401000 r-xp 00000000 08:01 1448396                            /usr/lib/jvm/jdk1.8.0_181/bin/java
00600000-00601000 rw-p 00000000 08:01 1448396                            /usr/lib/jvm/jdk1.8.0_181/bin/java
0240d000-0242e000 rw-p 00000000 00:00 0                                  [heap]
83a00000-88e00000 rw-p 00000000 00:00 0 
88e00000-d6900000 ---p 00000000 00:00 0 
d6900000-db300000 rw-p 00000000 00:00 0 
df300000-100000000 ---p 00000000 00:00 0 
100000000-100200000 rw-p 00000000 00:00 0 
100200000-140000000 ---p 00000000 00:00 0 
7f7eb4000000-7f7eb4021000 rw-p 00000000 00:00 0 
7f7eb4021000-7f7eb8000000 ---p 00000000 00:00 0 
7f7ebc000000-7f7ebc021000 rw-p 00000000 00:00 0 
7f7ebc021000-7f7ec0000000 ---p 00000000 00:00 0 
7f7ec0000000-7f7ec0021000 rw-p 00000000 00:00 0 
7f7ec0021000-7f7ec4000000 ---p 00000000 00:00 0 
7f7ec4000000-7f7ec4021000 rw-p 00000000 00:00 0 
7f7ec4021000-7f7ec8000000 ---p 00000000 00:00 0 
7f7ec8fff000-7f7ecc000000 rw-p 00000000 00:00 0 
7f7ecc000000-7f7ecc021000 rw-p 00000000 00:00 0 
7f7ecc021000-7f7ed0000000 ---p 00000000 00:00 0 
7f7ed0000000-7f7ed0021000 rw-p 00000000 00:00 0 
7f7ed0021000-7f7ed4000000 ---p 00000000 00:00 0 
7f7ed4000000-7f7ed4669000 rw-p 00000000 00:00 0 
7f7ed4669000-7f7ed8000000 ---p 00000000 00:00 0 
7f7ed8000000-7f7ed8762000 rw-p 00000000 00:00 0 
7f7ed8762000-7f7edc000000 ---p 00000000 00:00 0 
7f7edc000000-7f7edc03b000 rw-p 00000000 00:00 0 
7f7edc03b000-7f7ee0000000 ---p 00000000 00:00 0 
7f7ee0000000-7f7ee0021000 rw-p 00000000 00:00 0 
7f7ee0021000-7f7ee4000000 ---p 00000000 00:00 0 
7f7ee4000000-7f7ee42c4000 rw-p 00000000 00:00 0 
7f7ee42c4000-7f7ee8000000 ---p 00000000 00:00 0 
7f7ee8000000-7f7ee8021000 rw-p 00000000 00:00 0 
7f7ee8021000-7f7eec000000 ---p 00000000 00:00 0 
7f7eec000000-7f7eec43a000 rw-p 00000000 00:00 0 
7f7eec43a000-7f7ef0000000 ---p 00000000 00:00 0 
7f7ef0332000-7f7ef0372000 rw-p 00000000 00:00 0 
7f7ef0372000-7f7ef0532000 ---p 00000000 00:00 0 
7f7ef0532000-7f7ef0535000 ---p 00000000 00:00 0 
7f7ef0535000-7f7ef0833000 rw-p 00000000 00:00 0 
7f7ef0833000-7f7ef0a33000 rw-p 00000000 00:00 0 
7f7ef0a33000-7f7ef0a36000 ---p 00000000 00:00 0 
7f7ef0a36000-7f7ef0b34000 rw-p 00000000 00:00 0 
7f7ef0b34000-7f7ef0b37000 ---p 00000000 00:00 0 
7f7ef0b37000-7f7ef0c35000 rw-p 00000000 00:00 0 
7f7ef0c35000-7f7ef0c38000 ---p 00000000 00:00 0 
7f7ef0c38000-7f7ef0d36000 rw-p 00000000 00:00 0 
7f7ef0d36000-7f7ef0d39000 ---p 00000000 00:00 0 
7f7ef0d39000-7f7ef0e37000 rw-p 00000000 00:00 0 
7f7ef0e37000-7f7ef0e3a000 ---p 00000000 00:00 0 
7f7ef0e3a000-7f7ef4d68000 rw-p 00000000 00:00 0 
7f7ef4e02000-7f7ef4e15000 r--s 00345000 08:01 2756119                    /usr/lib/jvm/jdk1.8.0_181/jre/lib/resources.jar
7f7ef4e15000-7f7ef4e18000 ---p 00000000 00:00 0 
7f7ef4e18000-7f7ef4f16000 rw-p 00000000 00:00 0 
7f7ef4f16000-7f7ef4f19000 ---p 00000000 00:00 0 
7f7ef4f19000-7f7ef5017000 rw-p 00000000 00:00 0 
7f7ef5017000-7f7ef501a000 ---p 00000000 00:00 0 
7f7ef501a000-7f7ef5118000 rw-p 00000000 00:00 0 
7f7ef5118000-7f7ef511b000 ---p 00000000 00:00 0 
7f7ef511b000-7f7ef5219000 rw-p 00000000 00:00 0 
7f7ef5219000-7f7ef521c000 ---p 00000000 00:00 0 
7f7ef521c000-7f7ef531a000 rw-p 00000000 00:00 0 
7f7ef531a000-7f7ef531d000 ---p 00000000 00:00 0 
7f7ef531d000-7f7ef541b000 rw-p 00000000 00:00 0 
7f7ef541b000-7f7ef541e000 ---p 00000000 00:00 0 
7f7ef541e000-7f7ef551c000 rw-p 00000000 00:00 0 
7f7ef551c000-7f7ef551f000 ---p 00000000 00:00 0 
7f7ef551f000-7f7ef561d000 rw-p 00000000 00:00 0 
7f7ef561d000-7f7ef5620000 ---p 00000000 00:00 0 
7f7ef5620000-7f7ef591e000 rw-p 00000000 00:00 0 
7f7ef591e000-7f7ef5c93000 r--s 03317000 08:01 1846477                    /home/whj/dowork/DiffTGen/extra_output/Closure_93_3_sequencer/target/build/classes/all0.jar
7f7ef5c93000-7f7ef5d0c000 r--s 010f9000 08:01 1448503                    /usr/lib/jvm/jdk1.8.0_181/lib/tools.jar
7f7ef5d0c000-7f7ef5d0f000 ---p 00000000 00:00 0 
7f7ef5d0f000-7f7ef5e0d000 rw-p 00000000 00:00 0 
7f7ef5e0d000-7f7ef5e10000 ---p 00000000 00:00 0 
7f7ef5e10000-7f7ef5f0e000 rw-p 00000000 00:00 0 
7f7ef5f0e000-7f7ef5f11000 ---p 00000000 00:00 0 
7f7ef5f11000-7f7ef600f000 rw-p 00000000 00:00 0 
7f7ef600f000-7f7ef6025000 r-xp 00000000 08:01 2756237                    /usr/lib/jvm/jdk1.8.0_181/jre/lib/amd64/libnet.so
7f7ef6025000-7f7ef6225000 ---p 00016000 08:01 2756237                    /usr/lib/jvm/jdk1.8.0_181/jre/lib/amd64/libnet.so
7f7ef6225000-7f7ef6226000 rw-p 00016000 08:01 2756237                    /usr/lib/jvm/jdk1.8.0_181/jre/lib/amd64/libnet.so
7f7ef6226000-7f7ef6457000 r--s 01bb1000 08:01 1706762                    /home/whj/dowork/DiffTGen/lib/evosuite-1.0.6.jar
7f7ef6457000-7f7ef6458000 ---p 00000000 00:00 0 
7f7ef6458000-7f7ef6558000 rw-p 00000000 00:00 0 
7f7ef6558000-7f7ef655b000 ---p 00000000 00:00 0 
7f7ef655b000-7f7ef6659000 rw-p 00000000 00:00 0 
7f7ef6659000-7f7ef665c000 ---p 00000000 00:00 0 
7f7ef665c000-7f7ef675a000 rw-p 00000000 00:00 0 
7f7ef675a000-7f7ef675d000 ---p 00000000 00:00 0 
7f7ef675d000-7f7ef685b000 rw-p 00000000 00:00 0 
7f7ef685b000-7f7ef685e000 ---p 00000000 00:00 0 
7f7ef685e000-7f7ef695c000 rw-p 00000000 00:00 0 
7f7ef695c000-7f7ef731b000 r--p 00000000 08:01 1316108                    /usr/lib/locale/locale-archive
7f7ef731b000-7f7ef731e000 ---p 00000000 00:00 0 
7f7ef731e000-7f7ef741c000 rw-p 00000000 00:00 0 
7f7ef741c000-7f7ef741f000 ---p 00000000 00:00 0 
7f7ef741f000-7f7ef751d000 rw-p 00000000 00:00 0 
7f7ef751d000-7f7ef751e000 ---p 00000000 00:00 0 
7f7ef751e000-7f7ef7e26000 rw-p 00000000 00:00 0 
7f7ef7e26000-7f7ef8000000 r--s 03d6b000 08:01 2756084                    /usr/lib/jvm/jdk1.8.0_181/jre/lib/rt.jar
7f7ef8000000-7f7ef8021000 rw-p 00000000 00:00 0 
7f7ef8021000-7f7efc000000 ---p 00000000 00:00 0 
7f7efc00e000-7f7efc985000 rw-p 00000000 00:00 0 
7f7efc985000-7f7efcd92000 rw-p 00000000 00:00 0 
7f7efcd92000-7f7efd000000 ---p 00000000 00:00 0 
7f7efd000000-7f7efd6e0000 rwxp 00000000 00:00 0 
7f7efd6e0000-7f7f0c000000 ---p 00000000 00:00 0 
7f7f0c000000-7f7f0c4bc000 rw-p 00000000 00:00 0 
7f7f0c4bc000-7f7f10000000 ---p 00000000 00:00 0 
7f7f1000d000-7f7f10029000 r--s 00393000 08:01 2756136                    /usr/lib/jvm/jdk1.8.0_181/jre/lib/ext/cldrdata.jar
7f7f10029000-7f7f1002c000 ---p 00000000 00:00 0 
7f7f1002c000-7f7f10062000 rw-p 00000000 00:00 0 
7f7f10062000-7f7f10063000 ---p 00000000 00:00 0 
7f7f10063000-7f7f10163000 rw-p 00000000 00:00 0 
7f7f10163000-7f7f10164000 ---p 00000000 00:00 0 
7f7f10164000-7f7f1028e000 rw-p 00000000 00:00 0 
7f7f1028e000-7f7f104fb000 ---p 00000000 00:00 0 
7f7f104fb000-7f7f10521000 rw-p 00000000 00:00 0 
7f7f10521000-7f7f10647000 ---p 00000000 00:00 0 
7f7f10647000-7f7f10664000 rw-p 00000000 00:00 0 
7f7f10664000-7f7f10a08000 ---p 00000000 00:00 0 
7f7f10a08000-7f7f10a23000 r-xp 00000000 08:01 2756233                    /usr/lib/jvm/jdk1.8.0_181/jre/lib/amd64/libzip.so
7f7f10a23000-7f7f10c23000 ---p 0001b000 08:01 2756233                    /usr/lib/jvm/jdk1.8.0_181/jre/lib/amd64/libzip.so
7f7f10c23000-7f7f10c24000 rw-p 0001b000 08:01 2756233                    /usr/lib/jvm/jdk1.8.0_181/jre/lib/amd64/libzip.so
7f7f10c24000-7f7f10c2f000 r-xp 00000000 08:01 1054188                    /lib/x86_64-linux-gnu/libnss_files-2.23.so
7f7f10c2f000-7f7f10e2e000 ---p 0000b000 08:01 1054188                    /lib/x86_64-linux-gnu/libnss_files-2.23.so
7f7f10e2e000-7f7f10e2f000 r--p 0000a000 08:01 1054188                    /lib/x86_64-linux-gnu/libnss_files-2.23.so
7f7f10e2f000-7f7f10e30000 rw-p 0000b000 08:01 1054188                    /lib/x86_64-linux-gnu/libnss_files-2.23.so
7f7f10e30000-7f7f10e36000 rw-p 00000000 00:00 0 
7f7f10e36000-7f7f10e41000 r-xp 00000000 08:01 1054198                    /lib/x86_64-linux-gnu/libnss_nis-2.23.so
7f7f10e41000-7f7f11040000 ---p 0000b000 08:01 1054198                    /lib/x86_64-linux-gnu/libnss_nis-2.23.so
7f7f11040000-7f7f11041000 r--p 0000a000 08:01 1054198                    /lib/x86_64-linux-gnu/libnss_nis-2.23.so
7f7f11041000-7f7f11042000 rw-p 0000b000 08:01 1054198                    /lib/x86_64-linux-gnu/libnss_nis-2.23.so
7f7f11042000-7f7f11058000 r-xp 00000000 08:01 1054182                    /lib/x86_64-linux-gnu/libnsl-2.23.so
7f7f11058000-7f7f11257000 ---p 00016000 08:01 1054182                    /lib/x86_64-linux-gnu/libnsl-2.23.so
7f7f11257000-7f7f11258000 r--p 00015000 08:01 1054182                    /lib/x86_64-linux-gnu/libnsl-2.23.so
7f7f11258000-7f7f11259000 rw-p 00016000 08:01 1054182                    /lib/x86_64-linux-gnu/libnsl-2.23.so
7f7f11259000-7f7f1125b000 rw-p 00000000 00:00 0 
7f7f1125b000-7f7f11263000 r-xp 00000000 08:01 1054184                    /lib/x86_64-linux-gnu/libnss_compat-2.23.so
7f7f11263000-7f7f11462000 ---p 00008000 08:01 1054184                    /lib/x86_64-linux-gnu/libnss_compat-2.23.so
7f7f11462000-7f7f11463000 r--p 00007000 08:01 1054184                    /lib/x86_64-linux-gnu/libnss_compat-2.23.so
7f7f11463000-7f7f11464000 rw-p 00008000 08:01 1054184                    /lib/x86_64-linux-gnu/libnss_compat-2.23.so
7f7f11464000-7f7f1148f000 r-xp 00000000 08:01 2756227                    /usr/lib/jvm/jdk1.8.0_181/jre/lib/amd64/libjava.so
7f7f1148f000-7f7f1168e000 ---p 0002b000 08:01 2756227                    /usr/lib/jvm/jdk1.8.0_181/jre/lib/amd64/libjava.so
7f7f1168e000-7f7f11690000 rw-p 0002a000 08:01 2756227                    /usr/lib/jvm/jdk1.8.0_181/jre/lib/amd64/libjava.so
7f7f11690000-7f7f1169d000 r-xp 00000000 08:01 2756232                    /usr/lib/jvm/jdk1.8.0_181/jre/lib/amd64/libverify.so
7f7f1169d000-7f7f1189d000 ---p 0000d000 08:01 2756232                    /usr/lib/jvm/jdk1.8.0_181/jre/lib/amd64/libverify.so
7f7f1189d000-7f7f1189f000 rw-p 0000d000 08:01 2756232                    /usr/lib/jvm/jdk1.8.0_181/jre/lib/amd64/libverify.so
7f7f1189f000-7f7f118a6000 r-xp 00000000 08:01 1054243                    /lib/x86_64-linux-gnu/librt-2.23.so
7f7f118a6000-7f7f11aa5000 ---p 00007000 08:01 1054243                    /lib/x86_64-linux-gnu/librt-2.23.so
7f7f11aa5000-7f7f11aa6000 r--p 00006000 08:01 1054243                    /lib/x86_64-linux-gnu/librt-2.23.so
7f7f11aa6000-7f7f11aa7000 rw-p 00007000 08:01 1054243                    /lib/x86_64-linux-gnu/librt-2.23.so
7f7f11aa7000-7f7f11baf000 r-xp 00000000 08:01 1054159                    /lib/x86_64-linux-gnu/libm-2.23.so
7f7f11baf000-7f7f11dae000 ---p 00108000 08:01 1054159                    /lib/x86_64-linux-gnu/libm-2.23.so
7f7f11dae000-7f7f11daf000 r--p 00107000 08:01 1054159                    /lib/x86_64-linux-gnu/libm-2.23.so
7f7f11daf000-7f7f11db0000 rw-p 00108000 08:01 1054159                    /lib/x86_64-linux-gnu/libm-2.23.so
7f7f11db0000-7f7f12a8c000 r-xp 00000000 08:01 2756209                    /usr/lib/jvm/jdk1.8.0_181/jre/lib/amd64/server/libjvm.so
7f7f12a8c000-7f7f12c8c000 ---p 00cdc000 08:01 2756209                    /usr/lib/jvm/jdk1.8.0_181/jre/lib/amd64/server/libjvm.so
7f7f12c8c000-7f7f12d66000 rw-p 00cdc000 08:01 2756209                    /usr/lib/jvm/jdk1.8.0_181/jre/lib/amd64/server/libjvm.so
7f7f12d66000-7f7f12db1000 rw-p 00000000 00:00 0 
7f7f12db1000-7f7f12f71000 r-xp 00000000 08:01 1054089                    /lib/x86_64-linux-gnu/libc-2.23.so
7f7f12f71000-7f7f13171000 ---p 001c0000 08:01 1054089                    /lib/x86_64-linux-gnu/libc-2.23.so
7f7f13171000-7f7f13175000 r--p 001c0000 08:01 1054089                    /lib/x86_64-linux-gnu/libc-2.23.so
7f7f13175000-7f7f13177000 rw-p 001c4000 08:01 1054089                    /lib/x86_64-linux-gnu/libc-2.23.so
7f7f13177000-7f7f1317b000 rw-p 00000000 00:00 0 
7f7f1317b000-7f7f1317e000 r-xp 00000000 08:01 1054113                    /lib/x86_64-linux-gnu/libdl-2.23.so
7f7f1317e000-7f7f1337d000 ---p 00003000 08:01 1054113                    /lib/x86_64-linux-gnu/libdl-2.23.so
7f7f1337d000-7f7f1337e000 r--p 00002000 08:01 1054113                    /lib/x86_64-linux-gnu/libdl-2.23.so
7f7f1337e000-7f7f1337f000 rw-p 00003000 08:01 1054113                    /lib/x86_64-linux-gnu/libdl-2.23.so
7f7f1337f000-7f7f13395000 r-xp 00000000 08:01 1449032                    /usr/lib/jvm/jdk1.8.0_181/lib/amd64/jli/libjli.so
7f7f13395000-7f7f13594000 ---p 00016000 08:01 1449032                    /usr/lib/jvm/jdk1.8.0_181/lib/amd64/jli/libjli.so
7f7f13594000-7f7f13595000 rw-p 00015000 08:01 1449032                    /usr/lib/jvm/jdk1.8.0_181/lib/amd64/jli/libjli.so
7f7f13595000-7f7f135ad000 r-xp 00000000 08:01 1054235                    /lib/x86_64-linux-gnu/libpthread-2.23.so
7f7f135ad000-7f7f137ac000 ---p 00018000 08:01 1054235                    /lib/x86_64-linux-gnu/libpthread-2.23.so
7f7f137ac000-7f7f137ad000 r--p 00017000 08:01 1054235                    /lib/x86_64-linux-gnu/libpthread-2.23.so
7f7f137ad000-7f7f137ae000 rw-p 00018000 08:01 1054235                    /lib/x86_64-linux-gnu/libpthread-2.23.so
7f7f137ae000-7f7f137b2000 rw-p 00000000 00:00 0 
7f7f137b2000-7f7f137d8000 r-xp 00000000 08:01 1054061                    /lib/x86_64-linux-gnu/ld-2.23.so
7f7f137de000-7f7f137e8000 r--s 00116000 08:01 2756143                    /usr/lib/jvm/jdk1.8.0_181/jre/lib/ext/localedata.jar
7f7f137e8000-7f7f138b9000 rw-p 00000000 00:00 0 
7f7f138b9000-7f7f138bc000 ---p 00000000 00:00 0 
7f7f138bc000-7f7f139bf000 rw-p 00000000 00:00 0 
7f7f139bf000-7f7f139c4000 r--s 0009d000 08:01 2756133                    /usr/lib/jvm/jdk1.8.0_181/jre/lib/jsse.jar
7f7f139c4000-7f7f139cc000 r--s 0006e000 08:01 2248917                    /home/whj/dowork/DiffTGen/lib/commons-lang3-3.5.jar
7f7f139cc000-7f7f139cd000 r--s 00000000 08:01 2248922                    /home/whj/dowork/DiffTGen/lib/myprinter.jar
7f7f139cd000-7f7f139d5000 rw-s 00000000 08:01 1984414                    /tmp/hsperfdata_whj/8453
7f7f139d5000-7f7f139d6000 rw-p 00000000 00:00 0 
7f7f139d6000-7f7f139d7000 ---p 00000000 00:00 0 
7f7f139d7000-7f7f139d8000 r--p 00025000 08:01 1054061                    /lib/x86_64-linux-gnu/ld-2.23.so
7f7f139d8000-7f7f139d9000 rw-p 00026000 08:01 1054061                    /lib/x86_64-linux-gnu/ld-2.23.so
7f7f139d9000-7f7f139da000 rw-p 00000000 00:00 0 
7fff2b1f6000-7fff2b218000 rw-p 00000000 00:00 0                          [stack]
7fff2b2db000-7fff2b2de000 r--p 00000000 00:00 0                          [vvar]
7fff2b2de000-7fff2b2e0000 r-xp 00000000 00:00 0                          [vdso]
ffffffffff600000-ffffffffff601000 r-xp 00000000 00:00 0                  [vsyscall]

VM Arguments:
java_command: /home/whj/dowork/DiffTGen/lib/evosuite-1.0.6.jar -base_dir /home/whj/dowork/DiffTGen/extra_output/Closure_93_3_sequencer/target/0/1 -projectCP /home/whj/dowork/DiffTGen/extra_output/Closure_93_3_sequencer/target/build/classes/all0.jar:/home/whj/dowork/DiffTGen/lib/myprinter.jar:/home/whj/dowork/DiffTGen/lib/commons-lang3-3.5.jar -class com.google.javascript.jscomp.ProcessClosurePrimitives -Dassertions=false -Dsearch_budget=60
java_class_path (initial): /home/whj/dowork/DiffTGen/lib/evosuite-1.0.6.jar
Launcher Type: SUN_STANDARD

Environment Variables:
JAVA_HOME=/usr/lib/jvm/jdk1.8.0_181
JRE_HOME=/usr/lib/jvm/jdk1.8.0_181/jre
CLASSPATH=.:/usr/lib/jvm/jdk1.8.0_181/lib:/usr/lib/jvm/jdk1.8.0_181/jre/lib
PATH=/home/whj/perl5/bin:/home/whj/dowork/defects4j-1.2.0/framework/bin:/usr/lib/jvm/jdk1.8.0_181/bin:/usr/lib/jvm/jdk1.8.0_181/jre/bin:/home/whj/bin:/home/whj/.local/bin:/usr/local/sbin:/usr/local/bin:/usr/sbin:/usr/bin:/sbin:/bin:/usr/games:/usr/local/games" :/snap/bin:/home/whj/bin
SHELL=/bin/bash
DISPLAY=:0

Signal Handlers:
SIGSEGV: [libjvm.so+0xad2a40], sa_mask[0]=11111111011111111101111111111110, sa_flags=SA_RESTART|SA_SIGINFO
SIGBUS: [libjvm.so+0xad2a40], sa_mask[0]=11111111011111111101111111111110, sa_flags=SA_RESTART|SA_SIGINFO
SIGFPE: [libjvm.so+0x92a610], sa_mask[0]=11111111011111111101111111111110, sa_flags=SA_RESTART|SA_SIGINFO
SIGPIPE: [libjvm.so+0x92a610], sa_mask[0]=11111111011111111101111111111110, sa_flags=SA_RESTART|SA_SIGINFO
SIGXFSZ: [libjvm.so+0x92a610], sa_mask[0]=11111111011111111101111111111110, sa_flags=SA_RESTART|SA_SIGINFO
SIGILL: [libjvm.so+0x92a610], sa_mask[0]=11111111011111111101111111111110, sa_flags=SA_RESTART|SA_SIGINFO
SIGUSR1: SIG_DFL, sa_mask[0]=00000000000000000000000000000000, sa_flags=none
SIGUSR2: [libjvm.so+0x92be70], sa_mask[0]=00100000000000000000000000000000, sa_flags=SA_RESTART|SA_SIGINFO
SIGHUP: [libjvm.so+0x92d270], sa_mask[0]=11111111011111111101111111111110, sa_flags=SA_RESTART|SA_SIGINFO
SIGINT: [libjvm.so+0x92d270], sa_mask[0]=11111111011111111101111111111110, sa_flags=SA_RESTART|SA_SIGINFO
SIGTERM: [libjvm.so+0x92d270], sa_mask[0]=11111111011111111101111111111110, sa_flags=SA_RESTART|SA_SIGINFO
SIGQUIT: [libjvm.so+0x92d270], sa_mask[0]=11111111011111111101111111111110, sa_flags=SA_RESTART|SA_SIGINFO


---------------  S Y S T E M  ---------------

OS:DISTRIB_ID=Ubuntu
DISTRIB_RELEASE=16.04
DISTRIB_CODENAME=xenial
DISTRIB_DESCRIPTION="Ubuntu 16.04.6 LTS"

uname:Linux 4.15.0-91-generic #92~16.04.1-Ubuntu SMP Fri Feb 28 14:57:22 UTC 2020 x86_64
libc:glibc 2.23 NPTL 2.23 
rlimit: STACK 8192k, CORE 0k, NPROC 31576, NOFILE 1048576, AS infinity
load average:15.31 14.53 13.87

/proc/meminfo:
MemTotal:        8144704 kB
MemFree:          102708 kB
MemAvailable:          0 kB
Buffers:             748 kB
Cached:            23024 kB
SwapCached:        16720 kB
Active:          6760512 kB
Inactive:         861916 kB
Active(anon):    6756276 kB
Inactive(anon):   844516 kB
Active(file):       4236 kB
Inactive(file):    17400 kB
Unevictable:          32 kB
Mlocked:              32 kB
SwapTotal:        998396 kB
SwapFree:            584 kB
Dirty:               224 kB
Writeback:           696 kB
AnonPages:       7582480 kB
Mapped:            16816 kB
Shmem:              2164 kB
Slab:              88208 kB
SReclaimable:      31748 kB
SUnreclaim:        56460 kB
KernelStack:       15376 kB
PageTables:        47956 kB
NFS_Unstable:          0 kB
Bounce:                0 kB
WritebackTmp:          0 kB
CommitLimit:     5070748 kB
Committed_AS:   13858188 kB
VmallocTotal:   34359738367 kB
VmallocUsed:           0 kB
VmallocChunk:          0 kB
HardwareCorrupted:     0 kB
AnonHugePages:         0 kB
ShmemHugePages:        0 kB
ShmemPmdMapped:        0 kB
CmaTotal:              0 kB
CmaFree:               0 kB
HugePages_Total:       0
HugePages_Free:        0
HugePages_Rsvd:        0
HugePages_Surp:        0
Hugepagesize:       2048 kB
DirectMap4k:      114496 kB
DirectMap2M:     6176768 kB
DirectMap1G:     4194304 kB


CPU:total 2 (initial active 2) (2 cores per cpu, 1 threads per core) family 6 model 158 stepping 10, cmov, cx8, fxsr, mmx, sse, sse2, sse3, ssse3, sse4.1, sse4.2, popcnt, avx, avx2, aes, clmul, erms, 3dnowpref, lzcnt, tsc, tscinvbit, bmi1, bmi2, adx

/proc/cpuinfo:
processor	: 0
vendor_id	: GenuineIntel
cpu family	: 6
model		: 158
model name	: Intel(R) Core(TM) i7-8750H CPU @ 2.20GHz
stepping	: 10
microcode	: 0x96
cpu MHz		: 2207.999
cache size	: 9216 KB
physical id	: 0
siblings	: 2
core id		: 0
cpu cores	: 2
apicid		: 0
initial apicid	: 0
fpu		: yes
fpu_exception	: yes
cpuid level	: 22
wp		: yes
flags		: fpu vme de pse tsc msr pae mce cx8 apic sep mtrr pge mca cmov pat pse36 clflush mmx fxsr sse sse2 ss ht syscall nx pdpe1gb rdtscp lm constant_tsc arch_perfmon nopl xtopology tsc_reliable nonstop_tsc cpuid pni pclmulqdq ssse3 fma cx16 pcid sse4_1 sse4_2 x2apic movbe popcnt tsc_deadline_timer aes xsave avx f16c rdrand hypervisor lahf_lm abm 3dnowprefetch cpuid_fault invpcid_single pti ssbd ibrs ibpb stibp fsgsbase tsc_adjust bmi1 avx2 smep bmi2 invpcid rdseed adx smap xsaveopt arat flush_l1d arch_capabilities
bugs		: cpu_meltdown spectre_v1 spectre_v2 spec_store_bypass l1tf mds swapgs itlb_multihit
bogomips	: 4415.99
clflush size	: 64
cache_alignment	: 64
address sizes	: 42 bits physical, 48 bits virtual
power management:

processor	: 1
vendor_id	: GenuineIntel
cpu family	: 6
model		: 158
model name	: Intel(R) Core(TM) i7-8750H CPU @ 2.20GHz
stepping	: 10
microcode	: 0x96
cpu MHz		: 2207.999
cache size	: 9216 KB
physical id	: 0
siblings	: 2
core id		: 1
cpu cores	: 2
apicid		: 1
initial apicid	: 1
fpu		: yes
fpu_exception	: yes
cpuid level	: 22
wp		: yes
flags		: fpu vme de pse tsc msr pae mce cx8 apic sep mtrr pge mca cmov pat pse36 clflush mmx fxsr sse sse2 ss ht syscall nx pdpe1gb rdtscp lm constant_tsc arch_perfmon nopl xtopology tsc_reliable nonstop_tsc cpuid pni pclmulqdq ssse3 fma cx16 pcid sse4_1 sse4_2 x2apic movbe popcnt tsc_deadline_timer aes xsave avx f16c rdrand hypervisor lahf_lm abm 3dnowprefetch cpuid_fault invpcid_single pti ssbd ibrs ibpb stibp fsgsbase tsc_adjust bmi1 avx2 smep bmi2 invpcid rdseed adx smap xsaveopt arat flush_l1d arch_capabilities
bugs		: cpu_meltdown spectre_v1 spectre_v2 spec_store_bypass l1tf mds swapgs itlb_multihit
bogomips	: 4415.99
clflush size	: 64
cache_alignment	: 64
address sizes	: 42 bits physical, 48 bits virtual
power management:



Memory: 4k page, physical 8144704k(105228k free), swap 998396k(0k free)

vm_info: Java HotSpot(TM) 64-Bit Server VM (25.181-b13) for linux-amd64 JRE (1.8.0_181-b13), built on Jul  7 2018 00:56:38 by "java_re" with gcc 4.3.0 20080428 (Red Hat 4.3.0-8)

time: Fri Mar 27 11:55:56 2020
elapsed time: 98 seconds (0d 0h 1m 38s)

