#
# There is insufficient memory for the Java Runtime Environment to continue.
# Native memory allocation (mmap) failed to map 88080384 bytes for committing reserved memory.
# Possible reasons:
#   The system is out of physical RAM or swap space
#   In 32 bit mode, the process size limit was hit
# Possible solutions:
#   Reduce memory load on the system
#   Increase physical memory or swap space
#   Check if swap backing store is full
#   Use 64 bit Java on a 64 bit OS
#   Decrease Java heap size (-Xmx/-Xms)
#   Decrease number of Java threads
#   Decrease Java thread stack sizes (-Xss)
#   Set larger code cache with -XX:ReservedCodeCacheSize=
# This output file may be truncated or incomplete.
#
#  Out of Memory Error (os_linux.cpp:2640), pid=94088, tid=0x00007f8866034700
#
# JRE version: Java(TM) SE Runtime Environment (8.0_181-b13) (build 1.8.0_181-b13)
# Java VM: Java HotSpot(TM) 64-Bit Server VM (25.181-b13 mixed mode linux-amd64 compressed oops)
# Failed to write core dump. Core dumps have been disabled. To enable core dumping, try "ulimit -c unlimited" before starting Java again
#

---------------  T H R E A D  ---------------

Current thread (0x00007f887c0fb800):  VMThread [stack: 0x00007f8865f34000,0x00007f8866035000] [id=94118]

Stack: [0x00007f8865f34000,0x00007f8866035000],  sp=0x00007f8866033220,  free space=1020k
Native frames: (J=compiled Java code, j=interpreted, Vv=VM code, C=native code)
V  [libjvm.so+0xad21aa]  VMError::report_and_die()+0x2ba
V  [libjvm.so+0x5022db]  report_vm_out_of_memory(char const*, int, unsigned long, VMErrorType, char const*)+0x8b
V  [libjvm.so+0x92fe33]  os::Linux::commit_memory_impl(char*, unsigned long, bool)+0x123
V  [libjvm.so+0x930059]  os::pd_commit_memory(char*, unsigned long, unsigned long, bool)+0x29
V  [libjvm.so+0x9272ba]  os::commit_memory(char*, unsigned long, unsigned long, bool)+0x2a
V  [libjvm.so+0x99d2e3]  PSVirtualSpace::expand_by(unsigned long)+0x53
V  [libjvm.so+0x99e6e8]  PSYoungGen::resize_generation(unsigned long, unsigned long)+0xf8
V  [libjvm.so+0x99d842]  PSYoungGen::resize(unsigned long, unsigned long)+0x22
V  [libjvm.so+0x99ab1b]  PSScavenge::invoke_no_policy()+0xf3b
V  [libjvm.so+0x99b2a1]  PSScavenge::invoke()+0x41
V  [libjvm.so+0x951d70]  ParallelScavengeHeap::failed_mem_allocate(unsigned long)+0x70
V  [libjvm.so+0xad3c27]  VM_ParallelGCFailedAllocation::doit()+0x97
V  [libjvm.so+0xadb745]  VM_Operation::evaluate()+0x55
V  [libjvm.so+0xad9b0a]  VMThread::evaluate_operation(VM_Operation*)+0xba
V  [libjvm.so+0xad9e8e]  VMThread::loop()+0x1ce
V  [libjvm.so+0xada300]  VMThread::run()+0x70
V  [libjvm.so+0x930198]  java_start(Thread*)+0x108

VM_Operation (0x00007f883c6f16b0): ParallelGCFailedAllocation, mode: safepoint, requested by thread 0x0000000001b3c800


---------------  P R O C E S S  ---------------

Java Threads: ( => current thread )
  0x0000000001b3e000 JavaThread "RMI TCP Connection(6)-127.0.0.1" daemon [_thread_in_native, id=94499, stack(0x00007f883c0f4000,0x00007f883c1f5000)]
  0x0000000001b3c800 JavaThread "RMI TCP Connection(7)-127.0.0.1" daemon [_thread_blocked, id=94416, stack(0x00007f883c5f5000,0x00007f883c6f6000)]
  0x00007f8854038000 JavaThread "RMI Scheduler(0)" daemon [_thread_blocked, id=94414, stack(0x00007f883c6f6000,0x00007f883c7f7000)]
  0x00007f8854032800 JavaThread "RMI RenewClean-[127.0.0.1:10439]" daemon [_thread_blocked, id=94407, stack(0x00007f883c7f7000,0x00007f883c8f8000)]
  0x00007f8824001800 JavaThread "RMI TCP Connection(idle)" daemon [_thread_blocked, id=94394, stack(0x00007f883c8f8000,0x00007f883c9f9000)]
  0x00007f882c005000 JavaThread "pool-3-thread-3" [_thread_in_native, id=94346, stack(0x00007f883c9f9000,0x00007f883cafa000)]
  0x00007f882c003800 JavaThread "pool-3-thread-2" [_thread_in_native, id=94344, stack(0x00007f883cafa000,0x00007f883cbfb000)]
  0x00007f882c002800 JavaThread "pool-3-thread-1" [_thread_in_native, id=94339, stack(0x00007f883cbfb000,0x00007f883ccfc000)]
  0x00007f887c36b800 JavaThread "Thread-3" [_thread_in_native, id=94257, stack(0x00007f883ccfc000,0x00007f883cdfd000)]
  0x00007f887c36a000 JavaThread "Thread-2" [_thread_in_native, id=94252, stack(0x00007f883cdfd000,0x00007f883cefe000)]
  0x00007f887c368800 JavaThread "process reaper" daemon [_thread_in_native, id=94249, stack(0x00007f886406d000,0x00007f88640a6000)]
  0x00007f887c363000 JavaThread "pool-2-thread-1" [_thread_in_native, id=94224, stack(0x00007f883cefe000,0x00007f883cfff000)]
  0x00007f887c360800 JavaThread "GC Daemon" daemon [_thread_blocked, id=94215, stack(0x00007f88640a6000,0x00007f88641a7000)]
  0x00007f887c35d800 JavaThread "RMI Reaper" [_thread_blocked, id=94212, stack(0x00007f88641a7000,0x00007f88642a8000)]
  0x00007f887c354800 JavaThread "RMI TCP Accept-4777" daemon [_thread_in_native, id=94210, stack(0x00007f88642a8000,0x00007f88643a9000)]
  0x00007f887c34f800 JavaThread "RMI TCP Accept-17331" daemon [_thread_in_native, id=94191, stack(0x00007f88643a9000,0x00007f88644aa000)]
  0x00007f887c294000 JavaThread "logback-3" daemon [_thread_blocked, id=94182, stack(0x00007f8864723000,0x00007f8864824000)]
  0x00007f887c292000 JavaThread "logback-2" daemon [_thread_blocked, id=94180, stack(0x00007f8864824000,0x00007f8864925000)]
  0x00007f887c290800 JavaThread "logback-1" daemon [_thread_blocked, id=94176, stack(0x00007f8864925000,0x00007f8864a26000)]
  0x00007f887c142000 JavaThread "Service Thread" daemon [_thread_blocked, id=94159, stack(0x00007f8864f6f000,0x00007f8865070000)]
  0x00007f887c13f000 JavaThread "C1 CompilerThread1" daemon [_thread_blocked, id=94151, stack(0x00007f8865070000,0x00007f8865171000)]
  0x00007f887c13c000 JavaThread "C2 CompilerThread0" daemon [_thread_blocked, id=94145, stack(0x00007f8865171000,0x00007f8865272000)]
  0x00007f887c13a800 JavaThread "Signal Dispatcher" daemon [_thread_blocked, id=94139, stack(0x00007f8865272000,0x00007f8865373000)]
  0x00007f887c107800 JavaThread "Finalizer" daemon [_thread_blocked, id=94132, stack(0x00007f8865d32000,0x00007f8865e33000)]
  0x00007f887c105000 JavaThread "Reference Handler" daemon [_thread_blocked, id=94125, stack(0x00007f8865e33000,0x00007f8865f34000)]
  0x00007f887c00a800 JavaThread "main" [_thread_in_native, id=94105, stack(0x00007f88820a6000,0x00007f88821a7000)]

Other Threads:
=>0x00007f887c0fb800 VMThread [stack: 0x00007f8865f34000,0x00007f8866035000] [id=94118]
  0x00007f887c147000 WatcherThread [stack: 0x00007f8864e6e000,0x00007f8864f6f000] [id=94164]

VM state:at safepoint (normal execution)

VM Mutex/Monitor currently owned by a thread:  ([mutex/lock_event])
[0x00007f887c006cc0] Threads_lock - owner thread: 0x00007f887c0fb800
[0x00007f887c0071c0] Heap_lock - owner thread: 0x0000000001b3c800

Heap:
 PSYoungGen      total 220672K, used 17904K [0x00000000d6900000, 0x00000000e7f00000, 0x0000000100000000)
  eden space 202752K, 0% used [0x00000000d6900000,0x00000000d6900000,0x00000000e2f00000)
  from space 17920K, 99% used [0x00000000e5c00000,0x00000000e6d7c028,0x00000000e6d80000)
  to   space 15872K, 0% used [0x00000000e6f80000,0x00000000e6f80000,0x00000000e7f00000)
 ParOldGen       total 73728K, used 66703K [0x0000000083a00000, 0x0000000088200000, 0x00000000d6900000)
  object space 73728K, 90% used [0x0000000083a00000,0x0000000087b23e48,0x0000000088200000)
 Metaspace       used 21373K, capacity 21898K, committed 22144K, reserved 1069056K
  class space    used 2455K, capacity 2615K, committed 2688K, reserved 1048576K

Card table byte_map: [0x00007f886b9c5000,0x00007f886bda9000] byte_map_base: 0x00007f886b5a8000

Marking Bits: (ParMarkBitMap*) 0x00007f88815710a0
 Begin Bits: [0x00007f88676fb000, 0x00007f8869613000)
 End Bits:   [0x00007f8869613000, 0x00007f886b52b000)

Polling page: 0x00007f88821c3000

CodeCache: size=245760Kb used=8844Kb max_used=8854Kb free=236916Kb
 bounds [0x00007f886c169000, 0x00007f886ca19000, 0x00007f887b169000]
 total_blobs=2892 nmethods=2408 adapters=397
 compilation: enabled

Compilation events (10 events):
Event: 149.757 Thread 0x00007f887c13f000 2689       3       java.io.ObjectStreamClass::computeFieldOffsets (307 bytes)
Event: 149.758 Thread 0x00007f887c13f000 nmethod 2689 0x00007f886ca08e90 code [0x00007f886ca090a0, 0x00007f886ca09a88]
Event: 149.785 Thread 0x00007f887c13f000 2694       2       org.evosuite.coverage.mutation.MutationTestFitness::hashCode (53 bytes)
Event: 149.786 Thread 0x00007f887c13f000 nmethod 2694 0x00007f886ca08a90 code [0x00007f886ca08c00, 0x00007f886ca08dc8]
Event: 149.828 Thread 0x00007f887c13c000 nmethod 2687 0x00007f886ca16910 code [0x00007f886ca16b60, 0x00007f886ca175f0]
Event: 149.828 Thread 0x00007f887c13c000 2690   !   4       java.io.ObjectInputStream::readObject0 (566 bytes)
Event: 149.864 Thread 0x00007f887c13f000 2697   !   2       sun.reflect.GeneratedSerializationConstructorAccessor76::newInstance (49 bytes)
Event: 149.864 Thread 0x00007f887c13f000 nmethod 2697 0x00007f886c9fbf50 code [0x00007f886c9fc0e0, 0x00007f886c9fc428]
Event: 149.872 Thread 0x00007f887c13f000 2698       2       org.evosuite.coverage.method.MethodNoExceptionCoverageTestFitness::equals (65 bytes)
Event: 149.872 Thread 0x00007f887c13f000 nmethod 2698 0x00007f886ca07950 code [0x00007f886ca07ae0, 0x00007f886ca07d78]

GC Heap History (10 events):
Event: 88.000 GC heap after
Heap after GC invocations=8 (full 1):
 PSYoungGen      total 70656K, used 6117K [0x00000000d6900000, 0x00000000df500000, 0x0000000100000000)
  eden space 64512K, 0% used [0x00000000d6900000,0x00000000d6900000,0x00000000da800000)
  from space 6144K, 99% used [0x00000000da800000,0x00000000dadf9468,0x00000000dae00000)
  to   space 7168K, 0% used [0x00000000dee00000,0x00000000dee00000,0x00000000df500000)
 ParOldGen       total 86016K, used 6379K [0x0000000083a00000, 0x0000000088e00000, 0x00000000d6900000)
  object space 86016K, 7% used [0x0000000083a00000,0x000000008403ac80,0x0000000088e00000)
 Metaspace       used 14021K, capacity 14462K, committed 14848K, reserved 1062912K
  class space    used 1581K, capacity 1700K, committed 1792K, reserved 1048576K
}
Event: 91.491 GC heap before
{Heap before GC invocations=9 (full 1):
 PSYoungGen      total 70656K, used 70629K [0x00000000d6900000, 0x00000000df500000, 0x0000000100000000)
  eden space 64512K, 100% used [0x00000000d6900000,0x00000000da800000,0x00000000da800000)
  from space 6144K, 99% used [0x00000000da800000,0x00000000dadf9468,0x00000000dae00000)
  to   space 7168K, 0% used [0x00000000dee00000,0x00000000dee00000,0x00000000df500000)
 ParOldGen       total 86016K, used 6379K [0x0000000083a00000, 0x0000000088e00000, 0x00000000d6900000)
  object space 86016K, 7% used [0x0000000083a00000,0x000000008403ac80,0x0000000088e00000)
 Metaspace       used 17116K, capacity 17596K, committed 17792K, reserved 1064960K
  class space    used 1944K, capacity 2080K, committed 2176K, reserved 1048576K
Event: 91.669 GC heap after
Heap after GC invocations=9 (full 1):
 PSYoungGen      total 133632K, used 7164K [0x00000000d6900000, 0x00000000dfa00000, 0x0000000100000000)
  eden space 126464K, 0% used [0x00000000d6900000,0x00000000d6900000,0x00000000de480000)
  from space 7168K, 99% used [0x00000000dee00000,0x00000000df4ff2e0,0x00000000df500000)
  to   space 9728K, 0% used [0x00000000de480000,0x00000000de480000,0x00000000dee00000)
 ParOldGen       total 86016K, used 11526K [0x0000000083a00000, 0x0000000088e00000, 0x00000000d6900000)
  object space 86016K, 13% used [0x0000000083a00000,0x0000000084541ae0,0x0000000088e00000)
 Metaspace       used 17116K, capacity 17596K, committed 17792K, reserved 1064960K
  class space    used 1944K, capacity 2080K, committed 2176K, reserved 1048576K
}
Event: 100.752 GC heap before
{Heap before GC invocations=10 (full 1):
 PSYoungGen      total 133632K, used 133628K [0x00000000d6900000, 0x00000000dfa00000, 0x0000000100000000)
  eden space 126464K, 100% used [0x00000000d6900000,0x00000000de480000,0x00000000de480000)
  from space 7168K, 99% used [0x00000000dee00000,0x00000000df4ff2e0,0x00000000df500000)
  to   space 9728K, 0% used [0x00000000de480000,0x00000000de480000,0x00000000dee00000)
 ParOldGen       total 86016K, used 11526K [0x0000000083a00000, 0x0000000088e00000, 0x00000000d6900000)
  object space 86016K, 13% used [0x0000000083a00000,0x0000000084541ae0,0x0000000088e00000)
 Metaspace       used 20439K, capacity 21002K, committed 21248K, reserved 1069056K
  class space    used 2340K, capacity 2515K, committed 2560K, reserved 1048576K
Event: 100.916 GC heap after
Heap after GC invocations=10 (full 1):
 PSYoungGen      total 136192K, used 9717K [0x00000000d6900000, 0x00000000e7f00000, 0x0000000100000000)
  eden space 126464K, 0% used [0x00000000d6900000,0x00000000d6900000,0x00000000de480000)
  from space 9728K, 99% used [0x00000000de480000,0x00000000dedfd458,0x00000000dee00000)
  to   space 15872K, 0% used [0x00000000e6f80000,0x00000000e6f80000,0x00000000e7f00000)
 ParOldGen       total 86016K, used 23326K [0x0000000083a00000, 0x0000000088e00000, 0x00000000d6900000)
  object space 86016K, 27% used [0x0000000083a00000,0x00000000850c7a18,0x0000000088e00000)
 Metaspace       used 20439K, capacity 21002K, committed 21248K, reserved 1069056K
  class space    used 2340K, capacity 2515K, committed 2560K, reserved 1048576K
}
Event: 104.668 GC heap before
{Heap before GC invocations=11 (full 1):
 PSYoungGen      total 136192K, used 42735K [0x00000000d6900000, 0x00000000e7f00000, 0x0000000100000000)
  eden space 126464K, 26% used [0x00000000d6900000,0x00000000d893eb68,0x00000000de480000)
  from space 9728K, 99% used [0x00000000de480000,0x00000000dedfd458,0x00000000dee00000)
  to   space 15872K, 0% used [0x00000000e6f80000,0x00000000e6f80000,0x00000000e7f00000)
 ParOldGen       total 86016K, used 23326K [0x0000000083a00000, 0x0000000088e00000, 0x00000000d6900000)
  object space 86016K, 27% used [0x0000000083a00000,0x00000000850c7a18,0x0000000088e00000)
 Metaspace       used 20555K, capacity 21078K, committed 21248K, reserved 1069056K
  class space    used 2352K, capacity 2517K, committed 2560K, reserved 1048576K
Event: 104.767 GC heap after
Heap after GC invocations=11 (full 1):
 PSYoungGen      total 218624K, used 15646K [0x00000000d6900000, 0x00000000e7f00000, 0x0000000100000000)
  eden space 202752K, 0% used [0x00000000d6900000,0x00000000d6900000,0x00000000e2f00000)
  from space 15872K, 98% used [0x00000000e6f80000,0x00000000e7ec7a00,0x00000000e7f00000)
  to   space 17920K, 0% used [0x00000000e5c00000,0x00000000e5c00000,0x00000000e6d80000)
 ParOldGen       total 86016K, used 26942K [0x0000000083a00000, 0x0000000088e00000, 0x00000000d6900000)
  object space 86016K, 31% used [0x0000000083a00000,0x000000008544fa38,0x0000000088e00000)
 Metaspace       used 20555K, capacity 21078K, committed 21248K, reserved 1069056K
  class space    used 2352K, capacity 2517K, committed 2560K, reserved 1048576K
}
Event: 104.767 GC heap before
{Heap before GC invocations=12 (full 2):
 PSYoungGen      total 218624K, used 15646K [0x00000000d6900000, 0x00000000e7f00000, 0x0000000100000000)
  eden space 202752K, 0% used [0x00000000d6900000,0x00000000d6900000,0x00000000e2f00000)
  from space 15872K, 98% used [0x00000000e6f80000,0x00000000e7ec7a00,0x00000000e7f00000)
  to   space 17920K, 0% used [0x00000000e5c00000,0x00000000e5c00000,0x00000000e6d80000)
 ParOldGen       total 86016K, used 26942K [0x0000000083a00000, 0x0000000088e00000, 0x00000000d6900000)
  object space 86016K, 31% used [0x0000000083a00000,0x000000008544fa38,0x0000000088e00000)
 Metaspace       used 20555K, capacity 21078K, committed 21248K, reserved 1069056K
  class space    used 2352K, capacity 2517K, committed 2560K, reserved 1048576K
Event: 105.444 GC heap after
Heap after GC invocations=12 (full 2):
 PSYoungGen      total 218624K, used 0K [0x00000000d6900000, 0x00000000e7f00000, 0x0000000100000000)
  eden space 202752K, 0% used [0x00000000d6900000,0x00000000d6900000,0x00000000e2f00000)
  from space 15872K, 0% used [0x00000000e6f80000,0x00000000e6f80000,0x00000000e7f00000)
  to   space 17920K, 0% used [0x00000000e5c00000,0x00000000e5c00000,0x00000000e6d80000)
 ParOldGen       total 73728K, used 26383K [0x0000000083a00000, 0x0000000088200000, 0x00000000d6900000)
  object space 73728K, 35% used [0x0000000083a00000,0x00000000853c3e40,0x0000000088200000)
 Metaspace       used 20555K, capacity 21078K, committed 21248K, reserved 1069056K
  class space    used 2352K, capacity 2517K, committed 2560K, reserved 1048576K
}
Event: 149.882 GC heap before
{Heap before GC invocations=13 (full 2):
 PSYoungGen      total 218624K, used 202752K [0x00000000d6900000, 0x00000000e7f00000, 0x0000000100000000)
  eden space 202752K, 100% used [0x00000000d6900000,0x00000000e2f00000,0x00000000e2f00000)
  from space 15872K, 0% used [0x00000000e6f80000,0x00000000e6f80000,0x00000000e7f00000)
  to   space 17920K, 0% used [0x00000000e5c00000,0x00000000e5c00000,0x00000000e6d80000)
 ParOldGen       total 73728K, used 26383K [0x0000000083a00000, 0x0000000088200000, 0x00000000d6900000)
  object space 73728K, 35% used [0x0000000083a00000,0x00000000853c3e40,0x0000000088200000)
 Metaspace       used 21373K, capacity 21898K, committed 22144K, reserved 1069056K
  class space    used 2455K, capacity 2615K, committed 2688K, reserved 1048576K

Deoptimization events (10 events):
Event: 94.490 Thread 0x0000000001b3c800 Uncommon trap: reason=range_check action=make_not_entrant pc=0x00007f886c8a5058 method=java.lang.String.charAt(I)C @ 27
Event: 96.321 Thread 0x0000000001b3c800 Uncommon trap: reason=unstable_if action=reinterpret pc=0x00007f886c5b56c8 method=org.evosuite.shaded.org.objectweb.asm.ClassReader.readUTF(II[C)Ljava/lang/String; @ 77
Event: 96.325 Thread 0x0000000001b3c800 Uncommon trap: reason=unstable_if action=reinterpret pc=0x00007f886c584c58 method=org.evosuite.shaded.org.objectweb.asm.ByteVector.putUTF8(Ljava/lang/String;)Lorg/evosuite/shaded/org/objectweb/asm/ByteVector; @ 98
Event: 101.536 Thread 0x00007f8824001800 Uncommon trap: reason=unstable_if action=reinterpret pc=0x00007f886c5317ac method=java.io.ObjectInputStream.defaultReadFields(Ljava/lang/Object;Ljava/io/ObjectStreamClass;)V @ 49
Event: 110.390 Thread 0x0000000001b3c800 Uncommon trap: reason=unstable_if action=reinterpret pc=0x00007f886c844090 method=org.evosuite.shaded.org.objectweb.asm.Frame.merge(Lorg/evosuite/shaded/org/objectweb/asm/ClassWriter;I[II)Z @ 61
Event: 110.390 Thread 0x0000000001b3c800 Uncommon trap: reason=unstable_if action=reinterpret pc=0x00007f886c551bb4 method=org.evosuite.shaded.org.objectweb.asm.Frame.merge(Lorg/evosuite/shaded/org/objectweb/asm/ClassWriter;I[II)Z @ 61
Event: 149.258 Thread 0x0000000001b3e000 Uncommon trap: reason=unstable_if action=reinterpret pc=0x00007f886c909f4c method=java.lang.Math.min(JJ)J @ 3
Event: 149.410 Thread 0x0000000001b3e000 Uncommon trap: reason=unstable_if action=reinterpret pc=0x00007f886c4b6474 method=java.lang.Math.min(JJ)J @ 3
Event: 149.744 Thread 0x0000000001b3c800 Uncommon trap: reason=unstable_if action=reinterpret pc=0x00007f886c9f471c method=java.io.ObjectStreamClass.computeFieldOffsets()V @ 251
Event: 149.837 Thread 0x0000000001b3c800 Uncommon trap: reason=null_check action=make_not_entrant pc=0x00007f886ca0af84 method=java.io.ObjectStreamClass.getReflector([Ljava/io/ObjectStreamField;Ljava/io/ObjectStreamClass;)Ljava/io/ObjectStreamClass$FieldReflector; @ 49

Classes redefined (0 events):
No events

Internal exceptions (10 events):
Event: 121.279 Thread 0x00007f887c290800 Exception <a 'java/net/ConnectException'> (0x00000000dbb9d840) thrown at [/HUDSON/workspace/8-2-build-linux-amd64/jdk8u181/11358/hotspot/src/share/vm/prims/jni.cpp, line 709]
Event: 121.279 Thread 0x00007f887c292000 Exception <a 'java/net/ConnectException'> (0x00000000dbac74f0) thrown at [/HUDSON/workspace/8-2-build-linux-amd64/jdk8u181/11358/hotspot/src/share/vm/prims/jni.cpp, line 709]
Event: 121.279 Thread 0x00007f887c294000 Exception <a 'java/net/ConnectException'> (0x00000000db9f1198) thrown at [/HUDSON/workspace/8-2-build-linux-amd64/jdk8u181/11358/hotspot/src/share/vm/prims/jni.cpp, line 709]
Event: 131.298 Thread 0x00007f887c294000 Exception <a 'java/net/ConnectException'> (0x00000000db9f1e88) thrown at [/HUDSON/workspace/8-2-build-linux-amd64/jdk8u181/11358/hotspot/src/share/vm/prims/jni.cpp, line 709]
Event: 131.298 Thread 0x00007f887c292000 Exception <a 'java/net/ConnectException'> (0x00000000dbac8018) thrown at [/HUDSON/workspace/8-2-build-linux-amd64/jdk8u181/11358/hotspot/src/share/vm/prims/jni.cpp, line 709]
Event: 131.299 Thread 0x00007f887c290800 Exception <a 'java/net/ConnectException'> (0x00000000dbb9e368) thrown at [/HUDSON/workspace/8-2-build-linux-amd64/jdk8u181/11358/hotspot/src/share/vm/prims/jni.cpp, line 709]
Event: 141.299 Thread 0x00007f887c294000 Exception <a 'java/net/ConnectException'> (0x00000000db9f29b0) thrown at [/HUDSON/workspace/8-2-build-linux-amd64/jdk8u181/11358/hotspot/src/share/vm/prims/jni.cpp, line 709]
Event: 141.299 Thread 0x00007f887c292000 Exception <a 'java/net/ConnectException'> (0x00000000dbac8b40) thrown at [/HUDSON/workspace/8-2-build-linux-amd64/jdk8u181/11358/hotspot/src/share/vm/prims/jni.cpp, line 709]
Event: 141.299 Thread 0x00007f887c290800 Exception <a 'java/net/ConnectException'> (0x00000000dbb9ee90) thrown at [/HUDSON/workspace/8-2-build-linux-amd64/jdk8u181/11358/hotspot/src/share/vm/prims/jni.cpp, line 709]
Event: 149.837 Thread 0x0000000001b3c800 Implicit null exception at 0x00007f886ca0a8c1 to 0x00007f886ca0af76

Events (10 events):
Event: 149.744 Thread 0x0000000001b3c800 DEOPT PACKING pc=0x00007f886c9f471c sp=0x00007f883c6f2480
Event: 149.744 Thread 0x0000000001b3c800 DEOPT UNPACKING pc=0x00007f886c1ae73a sp=0x00007f883c6f2430 mode 2
Event: 149.769 Thread 0x0000000001b3c800 DEOPT PACKING pc=0x00007f886c42c9fc sp=0x00007f883c6f15b0
Event: 149.769 Thread 0x0000000001b3c800 DEOPT UNPACKING pc=0x00007f886c1b0784 sp=0x00007f883c6f1298 mode 0
Event: 149.807 loading class org/evosuite/testcase/variable/ConstantValue
Event: 149.807 loading class org/evosuite/testcase/variable/ConstantValue done
Event: 149.837 Thread 0x0000000001b3c800 Uncommon trap: trap_request=0xfffffff4 fr.pc=0x00007f886ca0af84
Event: 149.837 Thread 0x0000000001b3c800 DEOPT PACKING pc=0x00007f886ca0af84 sp=0x00007f883c6f0860
Event: 149.837 Thread 0x0000000001b3c800 DEOPT UNPACKING pc=0x00007f886c1ae73a sp=0x00007f883c6f0860 mode 2
Event: 149.881 Executing VM operation: ParallelGCFailedAllocation


Dynamic libraries:
00400000-00401000 r-xp 00000000 08:01 1448396                            /usr/lib/jvm/jdk1.8.0_181/bin/java
00600000-00601000 rw-p 00000000 08:01 1448396                            /usr/lib/jvm/jdk1.8.0_181/bin/java
01b3a000-01b5b000 rw-p 00000000 00:00 0                                  [heap]
83a00000-88200000 rw-p 00000000 00:00 0 
88200000-d6900000 ---p 00000000 00:00 0 
d6900000-e7f00000 rw-p 00000000 00:00 0 
ed300000-100000000 ---p 00000000 00:00 0 
100000000-1002a0000 rw-p 00000000 00:00 0 
1002a0000-140000000 ---p 00000000 00:00 0 
7f8824000000-7f8824021000 rw-p 00000000 00:00 0 
7f8824021000-7f8828000000 ---p 00000000 00:00 0 
7f882ba00000-7f882bb00000 rw-p 00000000 00:00 0 
7f882bb00000-7f882bc00000 ---p 00000000 00:00 0 
7f882bc00000-7f882be00000 rw-p 00000000 00:00 0 
7f882be00000-7f882c000000 rw-p 00000000 00:00 0 
7f882c000000-7f882c021000 rw-p 00000000 00:00 0 
7f882c021000-7f8830000000 ---p 00000000 00:00 0 
7f8830000000-7f8830021000 rw-p 00000000 00:00 0 
7f8830021000-7f8834000000 ---p 00000000 00:00 0 
7f8834000000-7f8834021000 rw-p 00000000 00:00 0 
7f8834021000-7f8838000000 ---p 00000000 00:00 0 
7f8838000000-7f8838021000 rw-p 00000000 00:00 0 
7f8838021000-7f883c000000 ---p 00000000 00:00 0 
7f883c0f4000-7f883c0f7000 ---p 00000000 00:00 0 
7f883c0f7000-7f883c3f5000 rw-p 00000000 00:00 0 
7f883c3f5000-7f883c5f5000 rw-p 00000000 00:00 0 
7f883c5f5000-7f883c5f8000 ---p 00000000 00:00 0 
7f883c5f8000-7f883c6f6000 rw-p 00000000 00:00 0 
7f883c6f6000-7f883c6f9000 ---p 00000000 00:00 0 
7f883c6f9000-7f883c7f7000 rw-p 00000000 00:00 0 
7f883c7f7000-7f883c7fa000 ---p 00000000 00:00 0 
7f883c7fa000-7f883c8f8000 rw-p 00000000 00:00 0 
7f883c8f8000-7f883c8fb000 ---p 00000000 00:00 0 
7f883c8fb000-7f883c9f9000 rw-p 00000000 00:00 0 
7f883c9f9000-7f883c9fc000 ---p 00000000 00:00 0 
7f883c9fc000-7f883cafa000 rw-p 00000000 00:00 0 
7f883cafa000-7f883cafd000 ---p 00000000 00:00 0 
7f883cafd000-7f883cbfb000 rw-p 00000000 00:00 0 
7f883cbfb000-7f883cbfe000 ---p 00000000 00:00 0 
7f883cbfe000-7f883ccfc000 rw-p 00000000 00:00 0 
7f883ccfc000-7f883ccff000 ---p 00000000 00:00 0 
7f883ccff000-7f883cdfd000 rw-p 00000000 00:00 0 
7f883cdfd000-7f883ce00000 ---p 00000000 00:00 0 
7f883ce00000-7f883cefe000 rw-p 00000000 00:00 0 
7f883cefe000-7f883cf01000 ---p 00000000 00:00 0 
7f883cf01000-7f8840000000 rw-p 00000000 00:00 0 
7f8840000000-7f8840c8a000 rw-p 00000000 00:00 0 
7f8840c8a000-7f8844000000 ---p 00000000 00:00 0 
7f8844000000-7f8844021000 rw-p 00000000 00:00 0 
7f8844021000-7f8848000000 ---p 00000000 00:00 0 
7f8848000000-7f8848021000 rw-p 00000000 00:00 0 
7f8848021000-7f884c000000 ---p 00000000 00:00 0 
7f884c000000-7f884dbcd000 rw-p 00000000 00:00 0 
7f884dbcd000-7f8850000000 ---p 00000000 00:00 0 
7f8850000000-7f8850021000 rw-p 00000000 00:00 0 
7f8850021000-7f8854000000 ---p 00000000 00:00 0 
7f8854000000-7f885403c000 rw-p 00000000 00:00 0 
7f885403c000-7f8858000000 ---p 00000000 00:00 0 
7f8858000000-7f8858474000 rw-p 00000000 00:00 0 
7f8858474000-7f885c000000 ---p 00000000 00:00 0 
7f885c000000-7f885c292000 rw-p 00000000 00:00 0 
7f885c292000-7f8860000000 ---p 00000000 00:00 0 
7f8860000000-7f8860022000 rw-p 00000000 00:00 0 
7f8860022000-7f8864000000 ---p 00000000 00:00 0 
7f886403e000-7f8864051000 r--s 00345000 08:01 2756119                    /usr/lib/jvm/jdk1.8.0_181/jre/lib/resources.jar
7f8864051000-7f886406d000 r--s 00393000 08:01 2756136                    /usr/lib/jvm/jdk1.8.0_181/jre/lib/ext/cldrdata.jar
7f886406d000-7f8864070000 ---p 00000000 00:00 0 
7f8864070000-7f88640a6000 rw-p 00000000 00:00 0 
7f88640a6000-7f88640a9000 ---p 00000000 00:00 0 
7f88640a9000-7f88641a7000 rw-p 00000000 00:00 0 
7f88641a7000-7f88641aa000 ---p 00000000 00:00 0 
7f88641aa000-7f88642a8000 rw-p 00000000 00:00 0 
7f88642a8000-7f88642ab000 ---p 00000000 00:00 0 
7f88642ab000-7f88643a9000 rw-p 00000000 00:00 0 
7f88643a9000-7f88643ac000 ---p 00000000 00:00 0 
7f88643ac000-7f88646aa000 rw-p 00000000 00:00 0 
7f88646aa000-7f8864723000 r--s 010f9000 08:01 1448503                    /usr/lib/jvm/jdk1.8.0_181/lib/tools.jar
7f8864723000-7f8864726000 ---p 00000000 00:00 0 
7f8864726000-7f8864824000 rw-p 00000000 00:00 0 
7f8864824000-7f8864827000 ---p 00000000 00:00 0 
7f8864827000-7f8864925000 rw-p 00000000 00:00 0 
7f8864925000-7f8864928000 ---p 00000000 00:00 0 
7f8864928000-7f8864a26000 rw-p 00000000 00:00 0 
7f8864a26000-7f8864a3c000 r-xp 00000000 08:01 2756237                    /usr/lib/jvm/jdk1.8.0_181/jre/lib/amd64/libnet.so
7f8864a3c000-7f8864c3c000 ---p 00016000 08:01 2756237                    /usr/lib/jvm/jdk1.8.0_181/jre/lib/amd64/libnet.so
7f8864c3c000-7f8864c3d000 rw-p 00016000 08:01 2756237                    /usr/lib/jvm/jdk1.8.0_181/jre/lib/amd64/libnet.so
7f8864c3d000-7f8864e6e000 r--s 01bb1000 08:01 1706762                    /home/whj/dowork/DiffTGen/lib/evosuite-1.0.6.jar
7f8864e6e000-7f8864e6f000 ---p 00000000 00:00 0 
7f8864e6f000-7f8864f6f000 rw-p 00000000 00:00 0 
7f8864f6f000-7f8864f72000 ---p 00000000 00:00 0 
7f8864f72000-7f8865070000 rw-p 00000000 00:00 0 
7f8865070000-7f8865073000 ---p 00000000 00:00 0 
7f8865073000-7f8865171000 rw-p 00000000 00:00 0 
7f8865171000-7f8865174000 ---p 00000000 00:00 0 
7f8865174000-7f8865272000 rw-p 00000000 00:00 0 
7f8865272000-7f8865275000 ---p 00000000 00:00 0 
7f8865275000-7f8865373000 rw-p 00000000 00:00 0 
7f8865373000-7f8865d32000 r--p 00000000 08:01 1316108                    /usr/lib/locale/locale-archive
7f8865d32000-7f8865d35000 ---p 00000000 00:00 0 
7f8865d35000-7f8865e33000 rw-p 00000000 00:00 0 
7f8865e33000-7f8865e36000 ---p 00000000 00:00 0 
7f8865e36000-7f8865f34000 rw-p 00000000 00:00 0 
7f8865f34000-7f8865f35000 ---p 00000000 00:00 0 
7f8865f35000-7f886693e000 rw-p 00000000 00:00 0 
7f886693e000-7f8866b18000 r--s 03d6b000 08:01 2756084                    /usr/lib/jvm/jdk1.8.0_181/jre/lib/rt.jar
7f8866b18000-7f886b52b000 rw-p 00000000 00:00 0 
7f886b52b000-7f886b52c000 ---p 00000000 00:00 0 
7f886b52c000-7f886b62c000 rw-p 00000000 00:00 0 
7f886b62c000-7f886b62d000 ---p 00000000 00:00 0 
7f886b62d000-7f886b751000 rw-p 00000000 00:00 0 
7f886b751000-7f886b9c5000 ---p 00000000 00:00 0 
7f886b9c5000-7f886b9e9000 rw-p 00000000 00:00 0 
7f886b9e9000-7f886bc5c000 ---p 00000000 00:00 0 
7f886bc5c000-7f886bce8000 rw-p 00000000 00:00 0 
7f886bce8000-7f886bda8000 ---p 00000000 00:00 0 
7f886bda8000-7f886bdcc000 rw-p 00000000 00:00 0 
7f886bdcc000-7f886c169000 ---p 00000000 00:00 0 
7f886c169000-7f886ca19000 rwxp 00000000 00:00 0 
7f886ca19000-7f887b169000 ---p 00000000 00:00 0 
7f887b169000-7f887b184000 r-xp 00000000 08:01 2756233                    /usr/lib/jvm/jdk1.8.0_181/jre/lib/amd64/libzip.so
7f887b184000-7f887b384000 ---p 0001b000 08:01 2756233                    /usr/lib/jvm/jdk1.8.0_181/jre/lib/amd64/libzip.so
7f887b384000-7f887b385000 rw-p 0001b000 08:01 2756233                    /usr/lib/jvm/jdk1.8.0_181/jre/lib/amd64/libzip.so
7f887b385000-7f887b390000 r-xp 00000000 08:01 1054188                    /lib/x86_64-linux-gnu/libnss_files-2.23.so
7f887b390000-7f887b58f000 ---p 0000b000 08:01 1054188                    /lib/x86_64-linux-gnu/libnss_files-2.23.so
7f887b58f000-7f887b590000 r--p 0000a000 08:01 1054188                    /lib/x86_64-linux-gnu/libnss_files-2.23.so
7f887b590000-7f887b591000 rw-p 0000b000 08:01 1054188                    /lib/x86_64-linux-gnu/libnss_files-2.23.so
7f887b591000-7f887b597000 rw-p 00000000 00:00 0 
7f887b597000-7f887b5a2000 r-xp 00000000 08:01 1054198                    /lib/x86_64-linux-gnu/libnss_nis-2.23.so
7f887b5a2000-7f887b7a1000 ---p 0000b000 08:01 1054198                    /lib/x86_64-linux-gnu/libnss_nis-2.23.so
7f887b7a1000-7f887b7a2000 r--p 0000a000 08:01 1054198                    /lib/x86_64-linux-gnu/libnss_nis-2.23.so
7f887b7a2000-7f887b7a3000 rw-p 0000b000 08:01 1054198                    /lib/x86_64-linux-gnu/libnss_nis-2.23.so
7f887b7a3000-7f887b7b9000 r-xp 00000000 08:01 1054182                    /lib/x86_64-linux-gnu/libnsl-2.23.so
7f887b7b9000-7f887b9b8000 ---p 00016000 08:01 1054182                    /lib/x86_64-linux-gnu/libnsl-2.23.so
7f887b9b8000-7f887b9b9000 r--p 00015000 08:01 1054182                    /lib/x86_64-linux-gnu/libnsl-2.23.so
7f887b9b9000-7f887b9ba000 rw-p 00016000 08:01 1054182                    /lib/x86_64-linux-gnu/libnsl-2.23.so
7f887b9ba000-7f887b9bc000 rw-p 00000000 00:00 0 
7f887b9bc000-7f887b9c4000 r-xp 00000000 08:01 1054184                    /lib/x86_64-linux-gnu/libnss_compat-2.23.so
7f887b9c4000-7f887bbc3000 ---p 00008000 08:01 1054184                    /lib/x86_64-linux-gnu/libnss_compat-2.23.so
7f887bbc3000-7f887bbc4000 r--p 00007000 08:01 1054184                    /lib/x86_64-linux-gnu/libnss_compat-2.23.so
7f887bbc4000-7f887bbc5000 rw-p 00008000 08:01 1054184                    /lib/x86_64-linux-gnu/libnss_compat-2.23.so
7f887bbc5000-7f887bbf0000 r-xp 00000000 08:01 2756227                    /usr/lib/jvm/jdk1.8.0_181/jre/lib/amd64/libjava.so
7f887bbf0000-7f887bdef000 ---p 0002b000 08:01 2756227                    /usr/lib/jvm/jdk1.8.0_181/jre/lib/amd64/libjava.so
7f887bdef000-7f887bdf1000 rw-p 0002a000 08:01 2756227                    /usr/lib/jvm/jdk1.8.0_181/jre/lib/amd64/libjava.so
7f887bdf1000-7f887bdfe000 r-xp 00000000 08:01 2756232                    /usr/lib/jvm/jdk1.8.0_181/jre/lib/amd64/libverify.so
7f887bdfe000-7f887bffe000 ---p 0000d000 08:01 2756232                    /usr/lib/jvm/jdk1.8.0_181/jre/lib/amd64/libverify.so
7f887bffe000-7f887c000000 rw-p 0000d000 08:01 2756232                    /usr/lib/jvm/jdk1.8.0_181/jre/lib/amd64/libverify.so
7f887c000000-7f887c46c000 rw-p 00000000 00:00 0 
7f887c46c000-7f8880000000 ---p 00000000 00:00 0 
7f8880004000-7f8880016000 r--s 00169000 08:01 3151510                    /home/whj/dowork/DiffTGen/extra_output/Chart_1_1_capgen/target/build/classes/all0.jar
7f8880016000-7f888008c000 rw-p 00000000 00:00 0 
7f888008c000-7f8880093000 r-xp 00000000 08:01 1054243                    /lib/x86_64-linux-gnu/librt-2.23.so
7f8880093000-7f8880292000 ---p 00007000 08:01 1054243                    /lib/x86_64-linux-gnu/librt-2.23.so
7f8880292000-7f8880293000 r--p 00006000 08:01 1054243                    /lib/x86_64-linux-gnu/librt-2.23.so
7f8880293000-7f8880294000 rw-p 00007000 08:01 1054243                    /lib/x86_64-linux-gnu/librt-2.23.so
7f8880294000-7f888039c000 r-xp 00000000 08:01 1054159                    /lib/x86_64-linux-gnu/libm-2.23.so
7f888039c000-7f888059b000 ---p 00108000 08:01 1054159                    /lib/x86_64-linux-gnu/libm-2.23.so
7f888059b000-7f888059c000 r--p 00107000 08:01 1054159                    /lib/x86_64-linux-gnu/libm-2.23.so
7f888059c000-7f888059d000 rw-p 00108000 08:01 1054159                    /lib/x86_64-linux-gnu/libm-2.23.so
7f888059d000-7f8881279000 r-xp 00000000 08:01 2756209                    /usr/lib/jvm/jdk1.8.0_181/jre/lib/amd64/server/libjvm.so
7f8881279000-7f8881479000 ---p 00cdc000 08:01 2756209                    /usr/lib/jvm/jdk1.8.0_181/jre/lib/amd64/server/libjvm.so
7f8881479000-7f8881553000 rw-p 00cdc000 08:01 2756209                    /usr/lib/jvm/jdk1.8.0_181/jre/lib/amd64/server/libjvm.so
7f8881553000-7f888159e000 rw-p 00000000 00:00 0 
7f888159e000-7f888175e000 r-xp 00000000 08:01 1054089                    /lib/x86_64-linux-gnu/libc-2.23.so
7f888175e000-7f888195e000 ---p 001c0000 08:01 1054089                    /lib/x86_64-linux-gnu/libc-2.23.so
7f888195e000-7f8881962000 r--p 001c0000 08:01 1054089                    /lib/x86_64-linux-gnu/libc-2.23.so
7f8881962000-7f8881964000 rw-p 001c4000 08:01 1054089                    /lib/x86_64-linux-gnu/libc-2.23.so
7f8881964000-7f8881968000 rw-p 00000000 00:00 0 
7f8881968000-7f888196b000 r-xp 00000000 08:01 1054113                    /lib/x86_64-linux-gnu/libdl-2.23.so
7f888196b000-7f8881b6a000 ---p 00003000 08:01 1054113                    /lib/x86_64-linux-gnu/libdl-2.23.so
7f8881b6a000-7f8881b6b000 r--p 00002000 08:01 1054113                    /lib/x86_64-linux-gnu/libdl-2.23.so
7f8881b6b000-7f8881b6c000 rw-p 00003000 08:01 1054113                    /lib/x86_64-linux-gnu/libdl-2.23.so
7f8881b6c000-7f8881b82000 r-xp 00000000 08:01 1449032                    /usr/lib/jvm/jdk1.8.0_181/lib/amd64/jli/libjli.so
7f8881b82000-7f8881d81000 ---p 00016000 08:01 1449032                    /usr/lib/jvm/jdk1.8.0_181/lib/amd64/jli/libjli.so
7f8881d81000-7f8881d82000 rw-p 00015000 08:01 1449032                    /usr/lib/jvm/jdk1.8.0_181/lib/amd64/jli/libjli.so
7f8881d82000-7f8881d9a000 r-xp 00000000 08:01 1054235                    /lib/x86_64-linux-gnu/libpthread-2.23.so
7f8881d9a000-7f8881f99000 ---p 00018000 08:01 1054235                    /lib/x86_64-linux-gnu/libpthread-2.23.so
7f8881f99000-7f8881f9a000 r--p 00017000 08:01 1054235                    /lib/x86_64-linux-gnu/libpthread-2.23.so
7f8881f9a000-7f8881f9b000 rw-p 00018000 08:01 1054235                    /lib/x86_64-linux-gnu/libpthread-2.23.so
7f8881f9b000-7f8881f9f000 rw-p 00000000 00:00 0 
7f8881f9f000-7f8881fc5000 r-xp 00000000 08:01 1054061                    /lib/x86_64-linux-gnu/ld-2.23.so
7f8881fcb000-7f8881fd5000 r--s 00116000 08:01 2756143                    /usr/lib/jvm/jdk1.8.0_181/jre/lib/ext/localedata.jar
7f8881fd5000-7f88820a6000 rw-p 00000000 00:00 0 
7f88820a6000-7f88820a9000 ---p 00000000 00:00 0 
7f88820a9000-7f88821ac000 rw-p 00000000 00:00 0 
7f88821ac000-7f88821b1000 r--s 0009d000 08:01 2756133                    /usr/lib/jvm/jdk1.8.0_181/jre/lib/jsse.jar
7f88821b1000-7f88821b9000 r--s 0006e000 08:01 2248917                    /home/whj/dowork/DiffTGen/lib/commons-lang3-3.5.jar
7f88821b9000-7f88821ba000 r--s 00000000 08:01 2248922                    /home/whj/dowork/DiffTGen/lib/myprinter.jar
7f88821ba000-7f88821c2000 rw-s 00000000 08:01 1984676                    /tmp/hsperfdata_whj/94088
7f88821c2000-7f88821c3000 rw-p 00000000 00:00 0 
7f88821c3000-7f88821c4000 ---p 00000000 00:00 0 
7f88821c4000-7f88821c5000 r--p 00025000 08:01 1054061                    /lib/x86_64-linux-gnu/ld-2.23.so
7f88821c5000-7f88821c6000 rw-p 00026000 08:01 1054061                    /lib/x86_64-linux-gnu/ld-2.23.so
7f88821c6000-7f88821c7000 rw-p 00000000 00:00 0 
7fffd7653000-7fffd7675000 rw-p 00000000 00:00 0                          [stack]
7fffd77f6000-7fffd77f9000 r--p 00000000 00:00 0                          [vvar]
7fffd77f9000-7fffd77fb000 r-xp 00000000 00:00 0                          [vdso]
ffffffffff600000-ffffffffff601000 r-xp 00000000 00:00 0                  [vsyscall]

VM Arguments:
java_command: /home/whj/dowork/DiffTGen/lib/evosuite-1.0.6.jar -base_dir /home/whj/dowork/DiffTGen/extra_output/Chart_1_1_capgen/target/0/24 -projectCP /home/whj/dowork/DiffTGen/extra_output/Chart_1_1_capgen/target/build/classes/all0.jar:/home/whj/dowork/DiffTGen/lib/myprinter.jar:/home/whj/dowork/DiffTGen/lib/commons-lang3-3.5.jar -class org.jfree.chart.renderer.category.AbstractCategoryItemRenderer -Dassertions=false -Dsearch_budget=60
java_class_path (initial): /home/whj/dowork/DiffTGen/lib/evosuite-1.0.6.jar
Launcher Type: SUN_STANDARD

Environment Variables:
JAVA_HOME=/usr/lib/jvm/jdk1.8.0_181
JRE_HOME=/usr/lib/jvm/jdk1.8.0_181/jre
CLASSPATH=.:/usr/lib/jvm/jdk1.8.0_181/lib:/usr/lib/jvm/jdk1.8.0_181/jre/lib
PATH=/home/whj/perl5/bin:/home/whj/dowork/defects4j-1.2.0/framework/bin:/usr/lib/jvm/jdk1.8.0_181/bin:/usr/lib/jvm/jdk1.8.0_181/jre/bin:/home/whj/bin:/home/whj/.local/bin:/usr/local/sbin:/usr/local/bin:/usr/sbin:/usr/bin:/sbin:/bin:/usr/games:/usr/local/games" :/snap/bin:/home/whj/bin
SHELL=/bin/bash
DISPLAY=:0

Signal Handlers:
SIGSEGV: [libjvm.so+0xad2a40], sa_mask[0]=11111111011111111101111111111110, sa_flags=SA_RESTART|SA_SIGINFO
SIGBUS: [libjvm.so+0xad2a40], sa_mask[0]=11111111011111111101111111111110, sa_flags=SA_RESTART|SA_SIGINFO
SIGFPE: [libjvm.so+0x92a610], sa_mask[0]=11111111011111111101111111111110, sa_flags=SA_RESTART|SA_SIGINFO
SIGPIPE: [libjvm.so+0x92a610], sa_mask[0]=11111111011111111101111111111110, sa_flags=SA_RESTART|SA_SIGINFO
SIGXFSZ: [libjvm.so+0x92a610], sa_mask[0]=11111111011111111101111111111110, sa_flags=SA_RESTART|SA_SIGINFO
SIGILL: [libjvm.so+0x92a610], sa_mask[0]=11111111011111111101111111111110, sa_flags=SA_RESTART|SA_SIGINFO
SIGUSR1: SIG_DFL, sa_mask[0]=00000000000000000000000000000000, sa_flags=none
SIGUSR2: [libjvm.so+0x92be70], sa_mask[0]=00100000000000000000000000000000, sa_flags=SA_RESTART|SA_SIGINFO
SIGHUP: [libjvm.so+0x92d270], sa_mask[0]=11111111011111111101111111111110, sa_flags=SA_RESTART|SA_SIGINFO
SIGINT: [libjvm.so+0x92d270], sa_mask[0]=11111111011111111101111111111110, sa_flags=SA_RESTART|SA_SIGINFO
SIGTERM: [libjvm.so+0x92d270], sa_mask[0]=11111111011111111101111111111110, sa_flags=SA_RESTART|SA_SIGINFO
SIGQUIT: [libjvm.so+0x92d270], sa_mask[0]=11111111011111111101111111111110, sa_flags=SA_RESTART|SA_SIGINFO


---------------  S Y S T E M  ---------------

OS:DISTRIB_ID=Ubuntu
DISTRIB_RELEASE=16.04
DISTRIB_CODENAME=xenial
DISTRIB_DESCRIPTION="Ubuntu 16.04.6 LTS"

uname:Linux 4.15.0-91-generic #92~16.04.1-Ubuntu SMP Fri Feb 28 14:57:22 UTC 2020 x86_64
libc:glibc 2.23 NPTL 2.23 
rlimit: STACK 8192k, CORE 0k, NPROC 31576, NOFILE 1048576, AS infinity
load average:13.15 14.21 14.74

/proc/meminfo:
MemTotal:        8144704 kB
MemFree:          114572 kB
MemAvailable:       2292 kB
Buffers:             252 kB
Cached:            17584 kB
SwapCached:        15164 kB
Active:          7041712 kB
Inactive:         569380 kB
Active(anon):    7033660 kB
Inactive(anon):   559744 kB
Active(file):       8052 kB
Inactive(file):     9636 kB
Unevictable:          32 kB
Mlocked:              32 kB
SwapTotal:        998396 kB
SwapFree:           3888 kB
Dirty:               116 kB
Writeback:          2788 kB
AnonPages:       7578444 kB
Mapped:            12344 kB
Shmem:                76 kB
Slab:              87076 kB
SReclaimable:      31396 kB
SUnreclaim:        55680 kB
KernelStack:       13408 kB
PageTables:        46720 kB
NFS_Unstable:          0 kB
Bounce:                0 kB
WritebackTmp:          0 kB
CommitLimit:     5070748 kB
Committed_AS:   13263376 kB
VmallocTotal:   34359738367 kB
VmallocUsed:           0 kB
VmallocChunk:          0 kB
HardwareCorrupted:     0 kB
AnonHugePages:         0 kB
ShmemHugePages:        0 kB
ShmemPmdMapped:        0 kB
CmaTotal:              0 kB
CmaFree:               0 kB
HugePages_Total:       0
HugePages_Free:        0
HugePages_Rsvd:        0
HugePages_Surp:        0
Hugepagesize:       2048 kB
DirectMap4k:      128832 kB
DirectMap2M:     7211008 kB
DirectMap1G:     3145728 kB


CPU:total 2 (initial active 2) (2 cores per cpu, 1 threads per core) family 6 model 158 stepping 10, cmov, cx8, fxsr, mmx, sse, sse2, sse3, ssse3, sse4.1, sse4.2, popcnt, avx, avx2, aes, clmul, erms, 3dnowpref, lzcnt, tsc, tscinvbit, bmi1, bmi2, adx

/proc/cpuinfo:
processor	: 0
vendor_id	: GenuineIntel
cpu family	: 6
model		: 158
model name	: Intel(R) Core(TM) i7-8750H CPU @ 2.20GHz
stepping	: 10
microcode	: 0x96
cpu MHz		: 2207.999
cache size	: 9216 KB
physical id	: 0
siblings	: 2
core id		: 0
cpu cores	: 2
apicid		: 0
initial apicid	: 0
fpu		: yes
fpu_exception	: yes
cpuid level	: 22
wp		: yes
flags		: fpu vme de pse tsc msr pae mce cx8 apic sep mtrr pge mca cmov pat pse36 clflush mmx fxsr sse sse2 ss ht syscall nx pdpe1gb rdtscp lm constant_tsc arch_perfmon nopl xtopology tsc_reliable nonstop_tsc cpuid pni pclmulqdq ssse3 fma cx16 pcid sse4_1 sse4_2 x2apic movbe popcnt tsc_deadline_timer aes xsave avx f16c rdrand hypervisor lahf_lm abm 3dnowprefetch cpuid_fault invpcid_single pti ssbd ibrs ibpb stibp fsgsbase tsc_adjust bmi1 avx2 smep bmi2 invpcid rdseed adx smap xsaveopt arat flush_l1d arch_capabilities
bugs		: cpu_meltdown spectre_v1 spectre_v2 spec_store_bypass l1tf mds swapgs itlb_multihit
bogomips	: 4415.99
clflush size	: 64
cache_alignment	: 64
address sizes	: 42 bits physical, 48 bits virtual
power management:

processor	: 1
vendor_id	: GenuineIntel
cpu family	: 6
model		: 158
model name	: Intel(R) Core(TM) i7-8750H CPU @ 2.20GHz
stepping	: 10
microcode	: 0x96
cpu MHz		: 2207.999
cache size	: 9216 KB
physical id	: 0
siblings	: 2
core id		: 1
cpu cores	: 2
apicid		: 1
initial apicid	: 1
fpu		: yes
fpu_exception	: yes
cpuid level	: 22
wp		: yes
flags		: fpu vme de pse tsc msr pae mce cx8 apic sep mtrr pge mca cmov pat pse36 clflush mmx fxsr sse sse2 ss ht syscall nx pdpe1gb rdtscp lm constant_tsc arch_perfmon nopl xtopology tsc_reliable nonstop_tsc cpuid pni pclmulqdq ssse3 fma cx16 pcid sse4_1 sse4_2 x2apic movbe popcnt tsc_deadline_timer aes xsave avx f16c rdrand hypervisor lahf_lm abm 3dnowprefetch cpuid_fault invpcid_single pti ssbd ibrs ibpb stibp fsgsbase tsc_adjust bmi1 avx2 smep bmi2 invpcid rdseed adx smap xsaveopt arat flush_l1d arch_capabilities
bugs		: cpu_meltdown spectre_v1 spectre_v2 spec_store_bypass l1tf mds swapgs itlb_multihit
bogomips	: 4415.99
clflush size	: 64
cache_alignment	: 64
address sizes	: 42 bits physical, 48 bits virtual
power management:



Memory: 4k page, physical 8144704k(114572k free), swap 998396k(3888k free)

vm_info: Java HotSpot(TM) 64-Bit Server VM (25.181-b13) for linux-amd64 JRE (1.8.0_181-b13), built on Jul  7 2018 00:56:38 by "java_re" with gcc 4.3.0 20080428 (Red Hat 4.3.0-8)

time: Fri Mar 27 18:13:28 2020
elapsed time: 151 seconds (0d 0h 2m 31s)

