#
# There is insufficient memory for the Java Runtime Environment to continue.
# Native memory allocation (mmap) failed to map 262144 bytes for committing reserved memory.
# Possible reasons:
#   The system is out of physical RAM or swap space
#   In 32 bit mode, the process size limit was hit
# Possible solutions:
#   Reduce memory load on the system
#   Increase physical memory or swap space
#   Check if swap backing store is full
#   Use 64 bit Java on a 64 bit OS
#   Decrease Java heap size (-Xmx/-Xms)
#   Decrease number of Java threads
#   Decrease Java thread stack sizes (-Xss)
#   Set larger code cache with -XX:ReservedCodeCacheSize=
# This output file may be truncated or incomplete.
#
#  Out of Memory Error (os_linux.cpp:2640), pid=17448, tid=0x00007f8b08cb2700
#
# JRE version: Java(TM) SE Runtime Environment (8.0_181-b13) (build 1.8.0_181-b13)
# Java VM: Java HotSpot(TM) 64-Bit Server VM (25.181-b13 mixed mode linux-amd64 compressed oops)
# Failed to write core dump. Core dumps have been disabled. To enable core dumping, try "ulimit -c unlimited" before starting Java again
#

---------------  T H R E A D  ---------------

Current thread (0x0000000002548800):  JavaThread "RMI TCP Connection(3)-127.0.0.1" daemon [_thread_in_vm, id=17840, stack(0x00007f8b08bb2000,0x00007f8b08cb3000)]

Stack: [0x00007f8b08bb2000,0x00007f8b08cb3000],  sp=0x00007f8b08caa5b0,  free space=993k
Native frames: (J=compiled Java code, j=interpreted, Vv=VM code, C=native code)
V  [libjvm.so+0xad21aa]  VMError::report_and_die()+0x2ba
V  [libjvm.so+0x5022db]  report_vm_out_of_memory(char const*, int, unsigned long, VMErrorType, char const*)+0x8b
V  [libjvm.so+0x92fe33]  os::Linux::commit_memory_impl(char*, unsigned long, bool)+0x123
V  [libjvm.so+0x930059]  os::pd_commit_memory(char*, unsigned long, unsigned long, bool)+0x29
V  [libjvm.so+0x9272ba]  os::commit_memory(char*, unsigned long, unsigned long, bool)+0x2a
V  [libjvm.so+0xacde89]  VirtualSpace::expand_by(unsigned long, bool)+0x199
V  [libjvm.so+0x8ab626]  VirtualSpaceList::expand_node_by(VirtualSpaceNode*, unsigned long, unsigned long)+0x76
V  [libjvm.so+0x8ae250]  VirtualSpaceList::expand_by(unsigned long, unsigned long)+0xf0
V  [libjvm.so+0x8ae3e3]  VirtualSpaceList::get_new_chunk(unsigned long, unsigned long)+0xb3
V  [libjvm.so+0x8aed5c]  SpaceManager::grow_and_allocate(unsigned long)+0x37c
V  [libjvm.so+0x8af03b]  SpaceManager::allocate_work(unsigned long)+0x14b
V  [libjvm.so+0x8af0cc]  SpaceManager::allocate(unsigned long)+0x7c
V  [libjvm.so+0x8af31e]  Metaspace::allocate(ClassLoaderData*, unsigned long, bool, MetaspaceObj::Type, Thread*)+0x17e
V  [libjvm.so+0x4f7875]  ConstantPool::allocate(ClassLoaderData*, int, Thread*)+0x135
V  [libjvm.so+0x4639c7]  ClassFileParser::parse_constant_pool(Thread*)+0x377
V  [libjvm.so+0x464e1b]  ClassFileParser::parseClassFile(Symbol*, ClassLoaderData*, Handle, KlassHandle, GrowableArray<Handle>*, TempNewSymbol&, bool, Thread*)+0x6bb
V  [libjvm.so+0xa4230f]  SystemDictionary::resolve_from_stream(Symbol*, Handle, Handle, ClassFileStream*, bool, Thread*)+0x14f
V  [libjvm.so+0x71800e]  jvm_define_class_common(JNIEnv_*, char const*, _jobject*, signed char const*, int, _jobject*, char const*, unsigned char, Thread*)+0x2ae
V  [libjvm.so+0x71bd51]  JVM_DefineClassWithSource+0xe1
C  [libjava.so+0xec18]  Java_java_lang_ClassLoader_defineClass1+0x1c8
J 1138  java.lang.ClassLoader.defineClass1(Ljava/lang/String;[BIILjava/security/ProtectionDomain;Ljava/lang/String;)Ljava/lang/Class; (0 bytes) @ 0x00007f8b153c998b [0x00007f8b153c9880+0x10b]
J 966 C1 java.lang.ClassLoader.defineClass(Ljava/lang/String;[BIILjava/security/ProtectionDomain;)Ljava/lang/Class; (43 bytes) @ 0x00007f8b1534ac14 [0x00007f8b1534a640+0x5d4]
j  java.lang.ClassLoader.defineClass(Ljava/lang/String;[BII)Ljava/lang/Class;+7
j  org.evosuite.instrumentation.InstrumentingClassLoader.instrumentClass(Ljava/lang/String;)Ljava/lang/Class;+107
j  org.evosuite.instrumentation.InstrumentingClassLoader.loadClass(Ljava/lang/String;)Ljava/lang/Class;+136
v  ~StubRoutines::call_stub
V  [libjvm.so+0x697a76]  JavaCalls::call_helper(JavaValue*, methodHandle*, JavaCallArguments*, Thread*)+0x1056
V  [libjvm.so+0x697f81]  JavaCalls::call_virtual(JavaValue*, KlassHandle, Symbol*, Symbol*, JavaCallArguments*, Thread*)+0x321
V  [libjvm.so+0x6983d6]  JavaCalls::call_virtual(JavaValue*, Handle, KlassHandle, Symbol*, Symbol*, Handle, Thread*)+0x56
V  [libjvm.so+0xa47760]  SystemDictionary::load_instance_class(Symbol*, Handle, Thread*)+0x3f0
V  [libjvm.so+0xa466ac]  SystemDictionary::resolve_instance_class_or_null(Symbol*, Handle, Handle, Thread*)+0x78c
V  [libjvm.so+0xa47b83]  SystemDictionary::resolve_or_fail(Symbol*, Handle, Handle, bool, Thread*)+0x33
V  [libjvm.so+0x9a54f6]  get_mirror_from_signature(methodHandle, SignatureStream*, Thread*)+0xc6
V  [libjvm.so+0x9a8bbe]  Reflection::get_parameter_types(methodHandle, int, oopDesc**, Thread*)+0x18e
V  [libjvm.so+0x9a975c]  Reflection::new_method(methodHandle, bool, bool, Thread*)+0xfc
V  [libjvm.so+0x730849]  get_class_declared_methods_helper(JNIEnv_*, _jclass*, unsigned char, bool, Klass*, Thread*)+0x479
V  [libjvm.so+0x730cdb]  JVM_GetClassDeclaredMethods+0xcb
j  java.lang.Class.getDeclaredMethods0(Z)[Ljava/lang/reflect/Method;+0
J 927 C1 java.lang.Class.privateGetDeclaredMethods(Z)[Ljava/lang/reflect/Method; (67 bytes) @ 0x00007f8b1532edb4 [0x00007f8b1532eaa0+0x314]
j  java.lang.Class.getDeclaredMethods()[Ljava/lang/reflect/Method;+11
j  org.evosuite.utils.generic.GenericMethod.readObject(Ljava/io/ObjectInputStream;)V+39
v  ~StubRoutines::call_stub
V  [libjvm.so+0x697a76]  JavaCalls::call_helper(JavaValue*, methodHandle*, JavaCallArguments*, Thread*)+0x1056
V  [libjvm.so+0x9a6737]  Reflection::invoke(instanceKlassHandle, methodHandle, Handle, bool, objArrayHandle, BasicType, objArrayHandle, bool, Thread*)+0x5d7
V  [libjvm.so+0x9a9e47]  Reflection::invoke_method(oopDesc*, Handle, objArrayHandle, Thread*)+0x147
V  [libjvm.so+0x729c7b]  JVM_InvokeMethod+0x26b
j  sun.reflect.NativeMethodAccessorImpl.invoke0(Ljava/lang/reflect/Method;Ljava/lang/Object;[Ljava/lang/Object;)Ljava/lang/Object;+0
j  sun.reflect.NativeMethodAccessorImpl.invoke(Ljava/lang/Object;[Ljava/lang/Object;)Ljava/lang/Object;+100
J 1067 C1 sun.reflect.DelegatingMethodAccessorImpl.invoke(Ljava/lang/Object;[Ljava/lang/Object;)Ljava/lang/Object; (10 bytes) @ 0x00007f8b15396c04 [0x00007f8b15396b00+0x104]
J 1066 C1 java.lang.reflect.Method.invoke(Ljava/lang/Object;[Ljava/lang/Object;)Ljava/lang/Object; (62 bytes) @ 0x00007f8b1539664c [0x00007f8b15396260+0x3ec]
J 1071 C1 java.io.ObjectStreamClass.invokeReadObject(Ljava/lang/Object;Ljava/io/ObjectInputStream;)V (93 bytes) @ 0x00007f8b1539ad2c [0x00007f8b1539a9c0+0x36c]
J 1056 C1 java.io.ObjectInputStream.readSerialData(Ljava/lang/Object;Ljava/io/ObjectStreamClass;)V (367 bytes) @ 0x00007f8b1538f26c [0x00007f8b1538e9c0+0x8ac]
J 1161 C2 java.io.ObjectInputStream.readObject0(Z)Ljava/lang/Object; (566 bytes) @ 0x00007f8b15420c64 [0x00007f8b1541fdc0+0xea4]
J 1857 C1 java.io.ObjectInputStream.defaultReadFields(Ljava/lang/Object;Ljava/io/ObjectStreamClass;)V (199 bytes) @ 0x00007f8b156416c4 [0x00007f8b15641400+0x2c4]
J 1056 C1 java.io.ObjectInputStream.readSerialData(Ljava/lang/Object;Ljava/io/ObjectStreamClass;)V (367 bytes) @ 0x00007f8b1538f5c4 [0x00007f8b1538e9c0+0xc04]
J 1161 C2 java.io.ObjectInputStream.readObject0(Z)Ljava/lang/Object; (566 bytes) @ 0x00007f8b15420c64 [0x00007f8b1541fdc0+0xea4]
J 1055 C1 java.io.ObjectInputStream.readObject()Ljava/lang/Object; (130 bytes) @ 0x00007f8b1538d4d4 [0x00007f8b1538d400+0xd4]
j  java.util.ArrayList.readObject(Ljava/io/ObjectInputStream;)V+76
j  sun.reflect.GeneratedMethodAccessor6.invoke(Ljava/lang/Object;[Ljava/lang/Object;)Ljava/lang/Object;+40
J 1067 C1 sun.reflect.DelegatingMethodAccessorImpl.invoke(Ljava/lang/Object;[Ljava/lang/Object;)Ljava/lang/Object; (10 bytes) @ 0x00007f8b15396c04 [0x00007f8b15396b00+0x104]
J 1066 C1 java.lang.reflect.Method.invoke(Ljava/lang/Object;[Ljava/lang/Object;)Ljava/lang/Object; (62 bytes) @ 0x00007f8b1539664c [0x00007f8b15396260+0x3ec]
J 1071 C1 java.io.ObjectStreamClass.invokeReadObject(Ljava/lang/Object;Ljava/io/ObjectInputStream;)V (93 bytes) @ 0x00007f8b1539ad2c [0x00007f8b1539a9c0+0x36c]
J 1056 C1 java.io.ObjectInputStream.readSerialData(Ljava/lang/Object;Ljava/io/ObjectStreamClass;)V (367 bytes) @ 0x00007f8b1538f26c [0x00007f8b1538e9c0+0x8ac]
J 997 C1 java.io.ObjectInputStream.readOrdinaryObject(Z)Ljava/lang/Object; (322 bytes) @ 0x00007f8b1536a394 [0x00007f8b15369ac0+0x8d4]
J 978 C1 java.io.ObjectInputStream.readObject0(Z)Ljava/lang/Object; (566 bytes) @ 0x00007f8b15356054 [0x00007f8b15355420+0xc34]
J 1047 C1 java.io.ObjectInputStream.defaultReadFields(Ljava/lang/Object;Ljava/io/ObjectStreamClass;)V (199 bytes) @ 0x00007f8b15381d7c [0x00007f8b153817c0+0x5bc]
J 1056 C1 java.io.ObjectInputStream.readSerialData(Ljava/lang/Object;Ljava/io/ObjectStreamClass;)V (367 bytes) @ 0x00007f8b1538f5c4 [0x00007f8b1538e9c0+0xc04]
J 997 C1 java.io.ObjectInputStream.readOrdinaryObject(Z)Ljava/lang/Object; (322 bytes) @ 0x00007f8b1536a394 [0x00007f8b15369ac0+0x8d4]
J 978 C1 java.io.ObjectInputStream.readObject0(Z)Ljava/lang/Object; (566 bytes) @ 0x00007f8b15356054 [0x00007f8b15355420+0xc34]
J 1047 C1 java.io.ObjectInputStream.defaultReadFields(Ljava/lang/Object;Ljava/io/ObjectStreamClass;)V (199 bytes) @ 0x00007f8b15381d7c [0x00007f8b153817c0+0x5bc]
J 1074 C1 java.io.ObjectInputStream.defaultReadObject()V (87 bytes) @ 0x00007f8b1539de2c [0x00007f8b1539db00+0x32c]
j  org.evosuite.testcase.DefaultTestCase.readObject(Ljava/io/ObjectInputStream;)V+1
v  ~StubRoutines::call_stub
V  [libjvm.so+0x697a76]  JavaCalls::call_helper(JavaValue*, methodHandle*, JavaCallArguments*, Thread*)+0x1056
V  [libjvm.so+0x9a6737]  Reflection::invoke(instanceKlassHandle, methodHandle, Handle, bool, objArrayHandle, BasicType, objArrayHandle, bool, Thread*)+0x5d7
V  [libjvm.so+0x9a9e47]  Reflection::invoke_method(oopDesc*, Handle, objArrayHandle, Thread*)+0x147
V  [libjvm.so+0x729c7b]  JVM_InvokeMethod+0x26b
j  sun.reflect.NativeMethodAccessorImpl.invoke0(Ljava/lang/reflect/Method;Ljava/lang/Object;[Ljava/lang/Object;)Ljava/lang/Object;+0
j  sun.reflect.NativeMethodAccessorImpl.invoke(Ljava/lang/Object;[Ljava/lang/Object;)Ljava/lang/Object;+100
J 1067 C1 sun.reflect.DelegatingMethodAccessorImpl.invoke(Ljava/lang/Object;[Ljava/lang/Object;)Ljava/lang/Object; (10 bytes) @ 0x00007f8b15396c04 [0x00007f8b15396b00+0x104]
J 1066 C1 java.lang.reflect.Method.invoke(Ljava/lang/Object;[Ljava/lang/Object;)Ljava/lang/Object; (62 bytes) @ 0x00007f8b1539664c [0x00007f8b15396260+0x3ec]
J 1071 C1 java.io.ObjectStreamClass.invokeReadObject(Ljava/lang/Object;Ljava/io/ObjectInputStream;)V (93 bytes) @ 0x00007f8b1539ad2c [0x00007f8b1539a9c0+0x36c]
J 1056 C1 java.io.ObjectInputStream.readSerialData(Ljava/lang/Object;Ljava/io/ObjectStreamClass;)V (367 bytes) @ 0x00007f8b1538f26c [0x00007f8b1538e9c0+0x8ac]
J 997 C1 java.io.ObjectInputStream.readOrdinaryObject(Z)Ljava/lang/Object; (322 bytes) @ 0x00007f8b1536a394 [0x00007f8b15369ac0+0x8d4]
J 978 C1 java.io.ObjectInputStream.readObject0(Z)Ljava/lang/Object; (566 bytes) @ 0x00007f8b15356054 [0x00007f8b15355420+0xc34]
J 1047 C1 java.io.ObjectInputStream.defaultReadFields(Ljava/lang/Object;Ljava/io/ObjectStreamClass;)V (199 bytes) @ 0x00007f8b15381d7c [0x00007f8b153817c0+0x5bc]
J 1056 C1 java.io.ObjectInputStream.readSerialData(Ljava/lang/Object;Ljava/io/ObjectStreamClass;)V (367 bytes) @ 0x00007f8b1538f5c4 [0x00007f8b1538e9c0+0xc04]
J 997 C1 java.io.ObjectInputStream.readOrdinaryObject(Z)Ljava/lang/Object; (322 bytes) @ 0x00007f8b1536a394 [0x00007f8b15369ac0+0x8d4]
J 978 C1 java.io.ObjectInputStream.readObject0(Z)Ljava/lang/Object; (566 bytes) @ 0x00007f8b15356054 [0x00007f8b15355420+0xc34]
J 1055 C1 java.io.ObjectInputStream.readObject()Ljava/lang/Object; (130 bytes) @ 0x00007f8b1538d4d4 [0x00007f8b1538d400+0xd4]
J 1145 C1 java.util.ArrayList.readObject(Ljava/io/ObjectInputStream;)V (87 bytes) @ 0x00007f8b153d0bfc [0x00007f8b153d09e0+0x21c]
j  sun.reflect.GeneratedMethodAccessor6.invoke(Ljava/lang/Object;[Ljava/lang/Object;)Ljava/lang/Object;+40
J 1067 C1 sun.reflect.DelegatingMethodAccessorImpl.invoke(Ljava/lang/Object;[Ljava/lang/Object;)Ljava/lang/Object; (10 bytes) @ 0x00007f8b15396c04 [0x00007f8b15396b00+0x104]
J 1066 C1 java.lang.reflect.Method.invoke(Ljava/lang/Object;[Ljava/lang/Object;)Ljava/lang/Object; (62 bytes) @ 0x00007f8b1539664c [0x00007f8b15396260+0x3ec]
J 1071 C1 java.io.ObjectStreamClass.invokeReadObject(Ljava/lang/Object;Ljava/io/ObjectInputStream;)V (93 bytes) @ 0x00007f8b1539ad2c [0x00007f8b1539a9c0+0x36c]
J 1056 C1 java.io.ObjectInputStream.readSerialData(Ljava/lang/Object;Ljava/io/ObjectStreamClass;)V (367 bytes) @ 0x00007f8b1538f26c [0x00007f8b1538e9c0+0x8ac]
J 997 C1 java.io.ObjectInputStream.readOrdinaryObject(Z)Ljava/lang/Object; (322 bytes) @ 0x00007f8b1536a394 [0x00007f8b15369ac0+0x8d4]
J 978 C1 java.io.ObjectInputStream.readObject0(Z)Ljava/lang/Object; (566 bytes) @ 0x00007f8b15356054 [0x00007f8b15355420+0xc34]
J 1047 C1 java.io.ObjectInputStream.defaultReadFields(Ljava/lang/Object;Ljava/io/ObjectStreamClass;)V (199 bytes) @ 0x00007f8b15381d7c [0x00007f8b153817c0+0x5bc]
j  java.io.ObjectInputStream.readSerialData(Ljava/lang/Object;Ljava/io/ObjectStreamClass;)V+298
...<more frames>...

Java frames: (J=compiled Java code, j=interpreted, Vv=VM code)
J 1138  java.lang.ClassLoader.defineClass1(Ljava/lang/String;[BIILjava/security/ProtectionDomain;Ljava/lang/String;)Ljava/lang/Class; (0 bytes) @ 0x00007f8b153c9911 [0x00007f8b153c9880+0x91]
J 966 C1 java.lang.ClassLoader.defineClass(Ljava/lang/String;[BIILjava/security/ProtectionDomain;)Ljava/lang/Class; (43 bytes) @ 0x00007f8b1534ac14 [0x00007f8b1534a640+0x5d4]
j  java.lang.ClassLoader.defineClass(Ljava/lang/String;[BII)Ljava/lang/Class;+7
j  org.evosuite.instrumentation.InstrumentingClassLoader.instrumentClass(Ljava/lang/String;)Ljava/lang/Class;+107
j  org.evosuite.instrumentation.InstrumentingClassLoader.loadClass(Ljava/lang/String;)Ljava/lang/Class;+136
v  ~StubRoutines::call_stub
j  java.lang.Class.getDeclaredMethods0(Z)[Ljava/lang/reflect/Method;+0
J 927 C1 java.lang.Class.privateGetDeclaredMethods(Z)[Ljava/lang/reflect/Method; (67 bytes) @ 0x00007f8b1532edb4 [0x00007f8b1532eaa0+0x314]
j  java.lang.Class.getDeclaredMethods()[Ljava/lang/reflect/Method;+11
j  org.evosuite.utils.generic.GenericMethod.readObject(Ljava/io/ObjectInputStream;)V+39
v  ~StubRoutines::call_stub
j  sun.reflect.NativeMethodAccessorImpl.invoke0(Ljava/lang/reflect/Method;Ljava/lang/Object;[Ljava/lang/Object;)Ljava/lang/Object;+0
j  sun.reflect.NativeMethodAccessorImpl.invoke(Ljava/lang/Object;[Ljava/lang/Object;)Ljava/lang/Object;+100
J 1067 C1 sun.reflect.DelegatingMethodAccessorImpl.invoke(Ljava/lang/Object;[Ljava/lang/Object;)Ljava/lang/Object; (10 bytes) @ 0x00007f8b15396c04 [0x00007f8b15396b00+0x104]
J 1066 C1 java.lang.reflect.Method.invoke(Ljava/lang/Object;[Ljava/lang/Object;)Ljava/lang/Object; (62 bytes) @ 0x00007f8b1539664c [0x00007f8b15396260+0x3ec]
J 1071 C1 java.io.ObjectStreamClass.invokeReadObject(Ljava/lang/Object;Ljava/io/ObjectInputStream;)V (93 bytes) @ 0x00007f8b1539ad2c [0x00007f8b1539a9c0+0x36c]
J 1056 C1 java.io.ObjectInputStream.readSerialData(Ljava/lang/Object;Ljava/io/ObjectStreamClass;)V (367 bytes) @ 0x00007f8b1538f26c [0x00007f8b1538e9c0+0x8ac]
J 1161 C2 java.io.ObjectInputStream.readObject0(Z)Ljava/lang/Object; (566 bytes) @ 0x00007f8b15420c64 [0x00007f8b1541fdc0+0xea4]
J 1857 C1 java.io.ObjectInputStream.defaultReadFields(Ljava/lang/Object;Ljava/io/ObjectStreamClass;)V (199 bytes) @ 0x00007f8b156416c4 [0x00007f8b15641400+0x2c4]
J 1056 C1 java.io.ObjectInputStream.readSerialData(Ljava/lang/Object;Ljava/io/ObjectStreamClass;)V (367 bytes) @ 0x00007f8b1538f5c4 [0x00007f8b1538e9c0+0xc04]
J 1161 C2 java.io.ObjectInputStream.readObject0(Z)Ljava/lang/Object; (566 bytes) @ 0x00007f8b15420c64 [0x00007f8b1541fdc0+0xea4]
J 1055 C1 java.io.ObjectInputStream.readObject()Ljava/lang/Object; (130 bytes) @ 0x00007f8b1538d4d4 [0x00007f8b1538d400+0xd4]
j  java.util.ArrayList.readObject(Ljava/io/ObjectInputStream;)V+76
j  sun.reflect.GeneratedMethodAccessor6.invoke(Ljava/lang/Object;[Ljava/lang/Object;)Ljava/lang/Object;+40
J 1067 C1 sun.reflect.DelegatingMethodAccessorImpl.invoke(Ljava/lang/Object;[Ljava/lang/Object;)Ljava/lang/Object; (10 bytes) @ 0x00007f8b15396c04 [0x00007f8b15396b00+0x104]
J 1066 C1 java.lang.reflect.Method.invoke(Ljava/lang/Object;[Ljava/lang/Object;)Ljava/lang/Object; (62 bytes) @ 0x00007f8b1539664c [0x00007f8b15396260+0x3ec]
J 1071 C1 java.io.ObjectStreamClass.invokeReadObject(Ljava/lang/Object;Ljava/io/ObjectInputStream;)V (93 bytes) @ 0x00007f8b1539ad2c [0x00007f8b1539a9c0+0x36c]
J 1056 C1 java.io.ObjectInputStream.readSerialData(Ljava/lang/Object;Ljava/io/ObjectStreamClass;)V (367 bytes) @ 0x00007f8b1538f26c [0x00007f8b1538e9c0+0x8ac]
J 997 C1 java.io.ObjectInputStream.readOrdinaryObject(Z)Ljava/lang/Object; (322 bytes) @ 0x00007f8b1536a394 [0x00007f8b15369ac0+0x8d4]
J 978 C1 java.io.ObjectInputStream.readObject0(Z)Ljava/lang/Object; (566 bytes) @ 0x00007f8b15356054 [0x00007f8b15355420+0xc34]
J 1047 C1 java.io.ObjectInputStream.defaultReadFields(Ljava/lang/Object;Ljava/io/ObjectStreamClass;)V (199 bytes) @ 0x00007f8b15381d7c [0x00007f8b153817c0+0x5bc]
J 1056 C1 java.io.ObjectInputStream.readSerialData(Ljava/lang/Object;Ljava/io/ObjectStreamClass;)V (367 bytes) @ 0x00007f8b1538f5c4 [0x00007f8b1538e9c0+0xc04]
J 997 C1 java.io.ObjectInputStream.readOrdinaryObject(Z)Ljava/lang/Object; (322 bytes) @ 0x00007f8b1536a394 [0x00007f8b15369ac0+0x8d4]
J 978 C1 java.io.ObjectInputStream.readObject0(Z)Ljava/lang/Object; (566 bytes) @ 0x00007f8b15356054 [0x00007f8b15355420+0xc34]
J 1047 C1 java.io.ObjectInputStream.defaultReadFields(Ljava/lang/Object;Ljava/io/ObjectStreamClass;)V (199 bytes) @ 0x00007f8b15381d7c [0x00007f8b153817c0+0x5bc]
J 1074 C1 java.io.ObjectInputStream.defaultReadObject()V (87 bytes) @ 0x00007f8b1539de2c [0x00007f8b1539db00+0x32c]
j  org.evosuite.testcase.DefaultTestCase.readObject(Ljava/io/ObjectInputStream;)V+1
v  ~StubRoutines::call_stub
j  sun.reflect.NativeMethodAccessorImpl.invoke0(Ljava/lang/reflect/Method;Ljava/lang/Object;[Ljava/lang/Object;)Ljava/lang/Object;+0
j  sun.reflect.NativeMethodAccessorImpl.invoke(Ljava/lang/Object;[Ljava/lang/Object;)Ljava/lang/Object;+100
J 1067 C1 sun.reflect.DelegatingMethodAccessorImpl.invoke(Ljava/lang/Object;[Ljava/lang/Object;)Ljava/lang/Object; (10 bytes) @ 0x00007f8b15396c04 [0x00007f8b15396b00+0x104]
J 1066 C1 java.lang.reflect.Method.invoke(Ljava/lang/Object;[Ljava/lang/Object;)Ljava/lang/Object; (62 bytes) @ 0x00007f8b1539664c [0x00007f8b15396260+0x3ec]
J 1071 C1 java.io.ObjectStreamClass.invokeReadObject(Ljava/lang/Object;Ljava/io/ObjectInputStream;)V (93 bytes) @ 0x00007f8b1539ad2c [0x00007f8b1539a9c0+0x36c]
J 1056 C1 java.io.ObjectInputStream.readSerialData(Ljava/lang/Object;Ljava/io/ObjectStreamClass;)V (367 bytes) @ 0x00007f8b1538f26c [0x00007f8b1538e9c0+0x8ac]
J 997 C1 java.io.ObjectInputStream.readOrdinaryObject(Z)Ljava/lang/Object; (322 bytes) @ 0x00007f8b1536a394 [0x00007f8b15369ac0+0x8d4]
J 978 C1 java.io.ObjectInputStream.readObject0(Z)Ljava/lang/Object; (566 bytes) @ 0x00007f8b15356054 [0x00007f8b15355420+0xc34]
J 1047 C1 java.io.ObjectInputStream.defaultReadFields(Ljava/lang/Object;Ljava/io/ObjectStreamClass;)V (199 bytes) @ 0x00007f8b15381d7c [0x00007f8b153817c0+0x5bc]
J 1056 C1 java.io.ObjectInputStream.readSerialData(Ljava/lang/Object;Ljava/io/ObjectStreamClass;)V (367 bytes) @ 0x00007f8b1538f5c4 [0x00007f8b1538e9c0+0xc04]
J 997 C1 java.io.ObjectInputStream.readOrdinaryObject(Z)Ljava/lang/Object; (322 bytes) @ 0x00007f8b1536a394 [0x00007f8b15369ac0+0x8d4]
J 978 C1 java.io.ObjectInputStream.readObject0(Z)Ljava/lang/Object; (566 bytes) @ 0x00007f8b15356054 [0x00007f8b15355420+0xc34]
J 1055 C1 java.io.ObjectInputStream.readObject()Ljava/lang/Object; (130 bytes) @ 0x00007f8b1538d4d4 [0x00007f8b1538d400+0xd4]
J 1145 C1 java.util.ArrayList.readObject(Ljava/io/ObjectInputStream;)V (87 bytes) @ 0x00007f8b153d0bfc [0x00007f8b153d09e0+0x21c]
j  sun.reflect.GeneratedMethodAccessor6.invoke(Ljava/lang/Object;[Ljava/lang/Object;)Ljava/lang/Object;+40
J 1067 C1 sun.reflect.DelegatingMethodAccessorImpl.invoke(Ljava/lang/Object;[Ljava/lang/Object;)Ljava/lang/Object; (10 bytes) @ 0x00007f8b15396c04 [0x00007f8b15396b00+0x104]
J 1066 C1 java.lang.reflect.Method.invoke(Ljava/lang/Object;[Ljava/lang/Object;)Ljava/lang/Object; (62 bytes) @ 0x00007f8b1539664c [0x00007f8b15396260+0x3ec]
J 1071 C1 java.io.ObjectStreamClass.invokeReadObject(Ljava/lang/Object;Ljava/io/ObjectInputStream;)V (93 bytes) @ 0x00007f8b1539ad2c [0x00007f8b1539a9c0+0x36c]
J 1056 C1 java.io.ObjectInputStream.readSerialData(Ljava/lang/Object;Ljava/io/ObjectStreamClass;)V (367 bytes) @ 0x00007f8b1538f26c [0x00007f8b1538e9c0+0x8ac]
J 997 C1 java.io.ObjectInputStream.readOrdinaryObject(Z)Ljava/lang/Object; (322 bytes) @ 0x00007f8b1536a394 [0x00007f8b15369ac0+0x8d4]
J 978 C1 java.io.ObjectInputStream.readObject0(Z)Ljava/lang/Object; (566 bytes) @ 0x00007f8b15356054 [0x00007f8b15355420+0xc34]
J 1047 C1 java.io.ObjectInputStream.defaultReadFields(Ljava/lang/Object;Ljava/io/ObjectStreamClass;)V (199 bytes) @ 0x00007f8b15381d7c [0x00007f8b153817c0+0x5bc]
j  java.io.ObjectInputStream.readSerialData(Ljava/lang/Object;Ljava/io/ObjectStreamClass;)V+298
J 997 C1 java.io.ObjectInputStream.readOrdinaryObject(Z)Ljava/lang/Object; (322 bytes) @ 0x00007f8b1536a394 [0x00007f8b15369ac0+0x8d4]
J 978 C1 java.io.ObjectInputStream.readObject0(Z)Ljava/lang/Object; (566 bytes) @ 0x00007f8b15356054 [0x00007f8b15355420+0xc34]
j  java.io.ObjectInputStream.readObject()Ljava/lang/Object;+19
j  sun.rmi.server.UnicastRef.unmarshalValue(Ljava/lang/Class;Ljava/io/ObjectInput;)Ljava/lang/Object;+171
j  sun.rmi.server.UnicastServerRef.unmarshalParametersUnchecked(Ljava/lang/reflect/Method;Ljava/io/ObjectInput;)[Ljava/lang/Object;+31
j  sun.rmi.server.UnicastServerRef.unmarshalParameters(Ljava/lang/Object;Ljava/lang/reflect/Method;Lsun/rmi/server/MarshalInputStream;)[Ljava/lang/Object;+23
j  sun.rmi.server.UnicastServerRef.dispatch(Ljava/rmi/Remote;Ljava/rmi/server/RemoteCall;)V+168
j  sun.rmi.transport.Transport$1.run()Ljava/lang/Void;+23
j  sun.rmi.transport.Transport$1.run()Ljava/lang/Object;+1
v  ~StubRoutines::call_stub
J 141  java.security.AccessController.doPrivileged(Ljava/security/PrivilegedExceptionAction;Ljava/security/AccessControlContext;)Ljava/lang/Object; (0 bytes) @ 0x00007f8b1515a663 [0x00007f8b1515a600+0x63]
j  sun.rmi.transport.Transport.serviceCall(Ljava/rmi/server/RemoteCall;)Z+157
j  sun.rmi.transport.tcp.TCPTransport.handleMessages(Lsun/rmi/transport/Connection;Z)V+185
j  sun.rmi.transport.tcp.TCPTransport$ConnectionHandler.run0()V+696
j  sun.rmi.transport.tcp.TCPTransport$ConnectionHandler.lambda$run$0()Ljava/lang/Void;+1
j  sun.rmi.transport.tcp.TCPTransport$ConnectionHandler$$Lambda$19.run()Ljava/lang/Object;+4
v  ~StubRoutines::call_stub
j  java.security.AccessController.doPrivileged(Ljava/security/PrivilegedAction;Ljava/security/AccessControlContext;)Ljava/lang/Object;+0
j  sun.rmi.transport.tcp.TCPTransport$ConnectionHandler.run()V+58
j  java.util.concurrent.ThreadPoolExecutor.runWorker(Ljava/util/concurrent/ThreadPoolExecutor$Worker;)V+95
j  java.util.concurrent.ThreadPoolExecutor$Worker.run()V+5
j  java.lang.Thread.run()V+11
v  ~StubRoutines::call_stub

---------------  P R O C E S S  ---------------

Java Threads: ( => current thread )
  0x000000000254a000 JavaThread "RMI TCP Connection(4)-127.0.0.1" daemon [_thread_in_native_trans, id=17898, stack(0x00007f8b08eb5000,0x00007f8b08fb6000)]
=>0x0000000002548800 JavaThread "RMI TCP Connection(3)-127.0.0.1" daemon [_thread_in_vm, id=17840, stack(0x00007f8b08bb2000,0x00007f8b08cb3000)]
  0x00007f8afc060000 JavaThread "RMI Scheduler(0)" daemon [_thread_blocked, id=17833, stack(0x00007f8b08cb3000,0x00007f8b08db4000)]
  0x00007f8afc05d000 JavaThread "RMI RenewClean-[127.0.0.1:16623]" daemon [_thread_blocked, id=17821, stack(0x00007f8b08db4000,0x00007f8b08eb5000)]
  0x00007f8ad4005000 JavaThread "pool-3-thread-3" [_thread_blocked, id=17775, stack(0x00007f8b08fb6000,0x00007f8b090b7000)]
  0x00007f8ad4003800 JavaThread "pool-3-thread-2" [_thread_blocked, id=17774, stack(0x00007f8b090b7000,0x00007f8b091b8000)]
  0x00007f8ad4002800 JavaThread "pool-3-thread-1" [_thread_blocked, id=17770, stack(0x00007f8b091b8000,0x00007f8b092b9000)]
  0x00007f8b2440c800 JavaThread "Thread-3" [_thread_blocked, id=17669, stack(0x00007f8b092b9000,0x00007f8b093ba000)]
  0x00007f8b2440b000 JavaThread "Thread-2" [_thread_blocked, id=17663, stack(0x00007f8b093ba000,0x00007f8b094bb000)]
  0x00007f8b24409800 JavaThread "process reaper" daemon [_thread_blocked, id=17657, stack(0x00007f8b094bb000,0x00007f8b094f4000)]
  0x00007f8b24405800 JavaThread "pool-2-thread-1" [_thread_in_native, id=17602, stack(0x00007f8b094f4000,0x00007f8b095f5000)]
  0x00007f8b24403000 JavaThread "GC Daemon" daemon [_thread_blocked, id=17601, stack(0x00007f8b095f5000,0x00007f8b096f6000)]
  0x00007f8b243fe800 JavaThread "RMI Reaper" [_thread_blocked, id=17600, stack(0x00007f8b096f6000,0x00007f8b097f7000)]
  0x00007f8b243f5800 JavaThread "RMI TCP Accept-14142" daemon [_thread_in_native, id=17598, stack(0x00007f8b097f7000,0x00007f8b098f8000)]
  0x00007f8b243f0800 JavaThread "RMI TCP Accept-12499" daemon [_thread_in_native, id=17589, stack(0x00007f8b098f8000,0x00007f8b099f9000)]
  0x00007f8b24294000 JavaThread "logback-3" daemon [_thread_blocked, id=17563, stack(0x00007f8b09fe7000,0x00007f8b0a0e8000)]
  0x00007f8b24292800 JavaThread "logback-2" daemon [_thread_blocked, id=17558, stack(0x00007f8b0a0e8000,0x00007f8b0a1e9000)]
  0x00007f8b24290800 JavaThread "logback-1" daemon [_thread_blocked, id=17556, stack(0x00007f8b0a1e9000,0x00007f8b0a2ea000)]
  0x00007f8b24142000 JavaThread "Service Thread" daemon [_thread_blocked, id=17531, stack(0x00007f8b0a833000,0x00007f8b0a934000)]
  0x00007f8b2413f000 JavaThread "C1 CompilerThread1" daemon [_thread_blocked, id=17514, stack(0x00007f8b0a934000,0x00007f8b0aa35000)]
  0x00007f8b2413c000 JavaThread "C2 CompilerThread0" daemon [_thread_blocked, id=17504, stack(0x00007f8b0aa35000,0x00007f8b0ab36000)]
  0x00007f8b2413a800 JavaThread "Signal Dispatcher" daemon [_thread_blocked, id=17503, stack(0x00007f8b0ab36000,0x00007f8b0ac37000)]
  0x00007f8b24107800 JavaThread "Finalizer" daemon [_thread_blocked, id=17493, stack(0x00007f8b0b5f6000,0x00007f8b0b6f7000)]
  0x00007f8b24105000 JavaThread "Reference Handler" daemon [_thread_blocked, id=17487, stack(0x00007f8b0b6f7000,0x00007f8b0b7f8000)]
  0x00007f8b2400a800 JavaThread "main" [_thread_blocked, id=17456, stack(0x00007f8b2b98d000,0x00007f8b2ba8e000)]

Other Threads:
  0x00007f8b240fb800 VMThread [stack: 0x00007f8b0b7f8000,0x00007f8b0b8f9000] [id=17480]
  0x00007f8b24147000 WatcherThread [stack: 0x00007f8b0a732000,0x00007f8b0a833000] [id=17538]

VM state:synchronizing (normal execution)

VM Mutex/Monitor currently owned by a thread:  ([mutex/lock_event])
[0x00007f8b24006c40] Safepoint_lock - owner thread: 0x00007f8b240fb800
[0x00007f8b24006cc0] Threads_lock - owner thread: 0x00007f8b240fb800

Heap:
 PSYoungGen      total 70656K, used 22652K [0x00000000d6900000, 0x00000000df300000, 0x0000000100000000)
  eden space 65536K, 26% used [0x00000000d6900000,0x00000000d7a25270,0x00000000da900000)
  from space 5120K, 99% used [0x00000000dae00000,0x00000000db2f9f70,0x00000000db300000)
  to   space 5120K, 0% used [0x00000000da900000,0x00000000da900000,0x00000000dae00000)
 ParOldGen       total 86016K, used 12190K [0x0000000083a00000, 0x0000000088e00000, 0x00000000d6900000)
  object space 86016K, 14% used [0x0000000083a00000,0x00000000845e7900,0x0000000088e00000)
 Metaspace       used 14874K, capacity 15292K, committed 15360K, reserved 1062912K
  class space    used 1656K, capacity 1788K, committed 1792K, reserved 1048576K

Card table byte_map: [0x00007f8b28338000,0x00007f8b2871c000] byte_map_base: 0x00007f8b27f1b000

Marking Bits: (ParMarkBitMap*) 0x00007f8b2ae580a0
 Begin Bits: [0x00007f8b10fce000, 0x00007f8b12ee6000)
 End Bits:   [0x00007f8b12ee6000, 0x00007f8b14dfe000)

Polling page: 0x00007f8b2baaa000

CodeCache: size=245760Kb used=6568Kb max_used=6568Kb free=239191Kb
 bounds [0x00007f8b15000000, 0x00007f8b15670000, 0x00007f8b24000000]
 total_blobs=2193 nmethods=1839 adapters=267
 compilation: enabled

Compilation events (10 events):
Event: 98.732 Thread 0x00007f8b2413f000 1915       2       org.evosuite.shaded.org.objectweb.asm.tree.IntInsnNode::accept (18 bytes)
Event: 98.802 Thread 0x00007f8b2413f000 nmethod 1915 0x00007f8b1566ad10 code [0x00007f8b1566ae80, 0x00007f8b1566b038]
Event: 99.015 Thread 0x00007f8b2413f000 1916  s    2       sun.net.www.protocol.file.Handler::openConnection (7 bytes)
Event: 99.015 Thread 0x00007f8b2413f000 nmethod 1916 0x00007f8b1566b110 code [0x00007f8b1566b280, 0x00007f8b1566b568]
Event: 99.015 Thread 0x00007f8b2413f000 1917  s!   2       sun.net.www.protocol.file.Handler::openConnection (194 bytes)
Event: 99.016 Thread 0x00007f8b2413f000 nmethod 1917 0x00007f8b1566b650 code [0x00007f8b1566b900, 0x00007f8b1566c678]
Event: 99.111 Thread 0x00007f8b2413f000 1918       2       java.lang.AbstractStringBuilder::append (54 bytes)
Event: 99.279 Thread 0x00007f8b2413f000 nmethod 1918 0x00007f8b1566d350 code [0x00007f8b1566d500, 0x00007f8b1566d848]
Event: 99.304 Thread 0x00007f8b2413f000 1921       2       java.util.regex.Pattern$Node::study (21 bytes)
Event: 99.376 Thread 0x00007f8b2413f000 nmethod 1921 0x00007f8b1566d990 code [0x00007f8b1566db00, 0x00007f8b1566dca8]

GC Heap History (10 events):
Event: 2.719 GC heap before
{Heap before GC invocations=1 (full 0):
 PSYoungGen      total 37888K, used 32768K [0x00000000d6900000, 0x00000000d9300000, 0x0000000100000000)
  eden space 32768K, 100% used [0x00000000d6900000,0x00000000d8900000,0x00000000d8900000)
  from space 5120K, 0% used [0x00000000d8e00000,0x00000000d8e00000,0x00000000d9300000)
  to   space 5120K, 0% used [0x00000000d8900000,0x00000000d8900000,0x00000000d8e00000)
 ParOldGen       total 86016K, used 0K [0x0000000083a00000, 0x0000000088e00000, 0x00000000d6900000)
  object space 86016K, 0% used [0x0000000083a00000,0x0000000083a00000,0x0000000088e00000)
 Metaspace       used 8365K, capacity 8470K, committed 8704K, reserved 1056768K
  class space    used 1004K, capacity 1012K, committed 1024K, reserved 1048576K
Event: 2.750 GC heap after
Heap after GC invocations=1 (full 0):
 PSYoungGen      total 37888K, used 5088K [0x00000000d6900000, 0x00000000db300000, 0x0000000100000000)
  eden space 32768K, 0% used [0x00000000d6900000,0x00000000d6900000,0x00000000d8900000)
  from space 5120K, 99% used [0x00000000d8900000,0x00000000d8df8050,0x00000000d8e00000)
  to   space 5120K, 0% used [0x00000000dae00000,0x00000000dae00000,0x00000000db300000)
 ParOldGen       total 86016K, used 1761K [0x0000000083a00000, 0x0000000088e00000, 0x00000000d6900000)
  object space 86016K, 2% used [0x0000000083a00000,0x0000000083bb85e0,0x0000000088e00000)
 Metaspace       used 8365K, capacity 8470K, committed 8704K, reserved 1056768K
  class space    used 1004K, capacity 1012K, committed 1024K, reserved 1048576K
}
Event: 3.626 GC heap before
{Heap before GC invocations=2 (full 0):
 PSYoungGen      total 37888K, used 34156K [0x00000000d6900000, 0x00000000db300000, 0x0000000100000000)
  eden space 32768K, 88% used [0x00000000d6900000,0x00000000d85630a8,0x00000000d8900000)
  from space 5120K, 99% used [0x00000000d8900000,0x00000000d8df8050,0x00000000d8e00000)
  to   space 5120K, 0% used [0x00000000dae00000,0x00000000dae00000,0x00000000db300000)
 ParOldGen       total 86016K, used 1761K [0x0000000083a00000, 0x0000000088e00000, 0x00000000d6900000)
  object space 86016K, 2% used [0x0000000083a00000,0x0000000083bb85e0,0x0000000088e00000)
 Metaspace       used 10249K, capacity 10396K, committed 10624K, reserved 1058816K
  class space    used 1237K, capacity 1319K, committed 1408K, reserved 1048576K
Event: 3.669 GC heap after
Heap after GC invocations=2 (full 0):
 PSYoungGen      total 70656K, used 5120K [0x00000000d6900000, 0x00000000db300000, 0x0000000100000000)
  eden space 65536K, 0% used [0x00000000d6900000,0x00000000d6900000,0x00000000da900000)
  from space 5120K, 100% used [0x00000000dae00000,0x00000000db300000,0x00000000db300000)
  to   space 5120K, 0% used [0x00000000da900000,0x00000000da900000,0x00000000dae00000)
 ParOldGen       total 86016K, used 6991K [0x0000000083a00000, 0x0000000088e00000, 0x00000000d6900000)
  object space 86016K, 8% used [0x0000000083a00000,0x00000000840d3d08,0x0000000088e00000)
 Metaspace       used 10249K, capacity 10396K, committed 10624K, reserved 1058816K
  class space    used 1237K, capacity 1319K, committed 1408K, reserved 1048576K
}
Event: 3.669 GC heap before
{Heap before GC invocations=3 (full 1):
 PSYoungGen      total 70656K, used 5120K [0x00000000d6900000, 0x00000000db300000, 0x0000000100000000)
  eden space 65536K, 0% used [0x00000000d6900000,0x00000000d6900000,0x00000000da900000)
  from space 5120K, 100% used [0x00000000dae00000,0x00000000db300000,0x00000000db300000)
  to   space 5120K, 0% used [0x00000000da900000,0x00000000da900000,0x00000000dae00000)
 ParOldGen       total 86016K, used 6991K [0x0000000083a00000, 0x0000000088e00000, 0x00000000d6900000)
  object space 86016K, 8% used [0x0000000083a00000,0x00000000840d3d08,0x0000000088e00000)
 Metaspace       used 10249K, capacity 10396K, committed 10624K, reserved 1058816K
  class space    used 1237K, capacity 1319K, committed 1408K, reserved 1048576K
Event: 3.833 GC heap after
Heap after GC invocations=3 (full 1):
 PSYoungGen      total 70656K, used 0K [0x00000000d6900000, 0x00000000db300000, 0x0000000100000000)
  eden space 65536K, 0% used [0x00000000d6900000,0x00000000d6900000,0x00000000da900000)
  from space 5120K, 0% used [0x00000000dae00000,0x00000000dae00000,0x00000000db300000)
  to   space 5120K, 0% used [0x00000000da900000,0x00000000da900000,0x00000000dae00000)
 ParOldGen       total 86016K, used 10626K [0x0000000083a00000, 0x0000000088e00000, 0x00000000d6900000)
  object space 86016K, 12% used [0x0000000083a00000,0x0000000084460918,0x0000000088e00000)
 Metaspace       used 10241K, capacity 10386K, committed 10624K, reserved 1058816K
  class space    used 1236K, capacity 1317K, committed 1408K, reserved 1048576K
}
Event: 94.718 GC heap before
{Heap before GC invocations=4 (full 1):
 PSYoungGen      total 70656K, used 65536K [0x00000000d6900000, 0x00000000db300000, 0x0000000100000000)
  eden space 65536K, 100% used [0x00000000d6900000,0x00000000da900000,0x00000000da900000)
  from space 5120K, 0% used [0x00000000dae00000,0x00000000dae00000,0x00000000db300000)
  to   space 5120K, 0% used [0x00000000da900000,0x00000000da900000,0x00000000dae00000)
 ParOldGen       total 86016K, used 10626K [0x0000000083a00000, 0x0000000088e00000, 0x00000000d6900000)
  object space 86016K, 12% used [0x0000000083a00000,0x0000000084460918,0x0000000088e00000)
 Metaspace       used 13978K, capacity 14378K, committed 14592K, reserved 1062912K
  class space    used 1614K, capacity 1745K, committed 1792K, reserved 1048576K
Event: 94.822 GC heap after
Heap after GC invocations=4 (full 1):
 PSYoungGen      total 70656K, used 5102K [0x00000000d6900000, 0x00000000db300000, 0x0000000100000000)
  eden space 65536K, 0% used [0x00000000d6900000,0x00000000d6900000,0x00000000da900000)
  from space 5120K, 99% used [0x00000000da900000,0x00000000dadfb908,0x00000000dae00000)
  to   space 5120K, 0% used [0x00000000dae00000,0x00000000dae00000,0x00000000db300000)
 ParOldGen       total 86016K, used 11027K [0x0000000083a00000, 0x0000000088e00000, 0x00000000d6900000)
  object space 86016K, 12% used [0x0000000083a00000,0x00000000844c4d20,0x0000000088e00000)
 Metaspace       used 13978K, capacity 14378K, committed 14592K, reserved 1062912K
  class space    used 1614K, capacity 1745K, committed 1792K, reserved 1048576K
}
Event: 96.679 GC heap before
{Heap before GC invocations=5 (full 1):
 PSYoungGen      total 70656K, used 70638K [0x00000000d6900000, 0x00000000db300000, 0x0000000100000000)
  eden space 65536K, 100% used [0x00000000d6900000,0x00000000da900000,0x00000000da900000)
  from space 5120K, 99% used [0x00000000da900000,0x00000000dadfb908,0x00000000dae00000)
  to   space 5120K, 0% used [0x00000000dae00000,0x00000000dae00000,0x00000000db300000)
 ParOldGen       total 86016K, used 11027K [0x0000000083a00000, 0x0000000088e00000, 0x00000000d6900000)
  object space 86016K, 12% used [0x0000000083a00000,0x00000000844c4d20,0x0000000088e00000)
 Metaspace       used 14436K, capacity 14890K, committed 15104K, reserved 1062912K
  class space    used 1629K, capacity 1785K, committed 1792K, reserved 1048576K
Event: 96.744 GC heap after
Heap after GC invocations=5 (full 1):
 PSYoungGen      total 70656K, used 5095K [0x00000000d6900000, 0x00000000df300000, 0x0000000100000000)
  eden space 65536K, 0% used [0x00000000d6900000,0x00000000d6900000,0x00000000da900000)
  from space 5120K, 99% used [0x00000000dae00000,0x00000000db2f9f70,0x00000000db300000)
  to   space 5120K, 0% used [0x00000000da900000,0x00000000da900000,0x00000000dae00000)
 ParOldGen       total 86016K, used 12190K [0x0000000083a00000, 0x0000000088e00000, 0x00000000d6900000)
  object space 86016K, 14% used [0x0000000083a00000,0x00000000845e7900,0x0000000088e00000)
 Metaspace       used 14436K, capacity 14890K, committed 15104K, reserved 1062912K
  class space    used 1629K, capacity 1785K, committed 1792K, reserved 1048576K
}

Deoptimization events (10 events):
Event: 93.420 Thread 0x0000000002548800 Uncommon trap: reason=class_check action=maybe_recompile pc=0x00007f8b1543a2b4 method=java.util.HashMap.putVal(ILjava/lang/Object;Ljava/lang/Object;ZZ)Ljava/lang/Object; @ 203
Event: 93.710 Thread 0x0000000002548800 Uncommon trap: reason=unstable_if action=reinterpret pc=0x00007f8b151ff168 method=java.lang.AbstractStringBuilder.append(Ljava/lang/String;)Ljava/lang/AbstractStringBuilder; @ 1
Event: 94.601 Thread 0x0000000002548800 Uncommon trap: reason=bimorphic action=maybe_recompile pc=0x00007f8b154a5748 method=java.util.HashMap.putVal(ILjava/lang/Object;Ljava/lang/Object;ZZ)Ljava/lang/Object; @ 203
Event: 94.829 Thread 0x0000000002548800 Uncommon trap: reason=bimorphic action=maybe_recompile pc=0x00007f8b154e9538 method=java.util.AbstractCollection.addAll(Ljava/util/Collection;)Z @ 3
Event: 94.829 Thread 0x0000000002548800 Uncommon trap: reason=bimorphic action=maybe_recompile pc=0x00007f8b154e9538 method=java.util.AbstractCollection.addAll(Ljava/util/Collection;)Z @ 3
Event: 94.829 Thread 0x0000000002548800 Uncommon trap: reason=bimorphic action=maybe_recompile pc=0x00007f8b154e9538 method=java.util.AbstractCollection.addAll(Ljava/util/Collection;)Z @ 3
Event: 94.829 Thread 0x0000000002548800 Uncommon trap: reason=bimorphic action=maybe_recompile pc=0x00007f8b154e9538 method=java.util.AbstractCollection.addAll(Ljava/util/Collection;)Z @ 3
Event: 95.250 Thread 0x0000000002548800 Uncommon trap: reason=bimorphic action=maybe_recompile pc=0x00007f8b154a5748 method=java.util.HashMap.putVal(ILjava/lang/Object;Ljava/lang/Object;ZZ)Ljava/lang/Object; @ 203
Event: 97.141 Thread 0x000000000254a000 Uncommon trap: reason=unstable_if action=reinterpret pc=0x00007f8b153ea860 method=java.io.ObjectInputStream.defaultReadFields(Ljava/lang/Object;Ljava/io/ObjectStreamClass;)V @ 39
Event: 97.199 Thread 0x0000000002548800 Uncommon trap: reason=unstable_if action=reinterpret pc=0x00007f8b152af1dc method=java.util.HashMap.resize()[Ljava/util/HashMap$Node; @ 206

Classes redefined (0 events):
No events

Internal exceptions (10 events):
Event: 71.635 Thread 0x00007f8b24294000 Exception <a 'java/net/ConnectException'> (0x00000000d6fcbf98) thrown at [/HUDSON/workspace/8-2-build-linux-amd64/jdk8u181/11358/hotspot/src/share/vm/prims/jni.cpp, line 709]
Event: 81.632 Thread 0x00007f8b24290800 Exception <a 'java/net/ConnectException'> (0x00000000d6f28c88) thrown at [/HUDSON/workspace/8-2-build-linux-amd64/jdk8u181/11358/hotspot/src/share/vm/prims/jni.cpp, line 709]
Event: 81.632 Thread 0x00007f8b24292800 Exception <a 'java/net/ConnectException'> (0x00000000d6e84f88) thrown at [/HUDSON/workspace/8-2-build-linux-amd64/jdk8u181/11358/hotspot/src/share/vm/prims/jni.cpp, line 709]
Event: 81.635 Thread 0x00007f8b24294000 Exception <a 'java/net/ConnectException'> (0x00000000d6fccac0) thrown at [/HUDSON/workspace/8-2-build-linux-amd64/jdk8u181/11358/hotspot/src/share/vm/prims/jni.cpp, line 709]
Event: 91.633 Thread 0x00007f8b24290800 Exception <a 'java/net/ConnectException'> (0x00000000d6f297b0) thrown at [/HUDSON/workspace/8-2-build-linux-amd64/jdk8u181/11358/hotspot/src/share/vm/prims/jni.cpp, line 709]
Event: 91.636 Thread 0x00007f8b24294000 Exception <a 'java/net/ConnectException'> (0x00000000d6fcd5e8) thrown at [/HUDSON/workspace/8-2-build-linux-amd64/jdk8u181/11358/hotspot/src/share/vm/prims/jni.cpp, line 709]
Event: 91.643 Thread 0x00007f8b24292800 Exception <a 'java/net/ConnectException'> (0x00000000d6e85ab0) thrown at [/HUDSON/workspace/8-2-build-linux-amd64/jdk8u181/11358/hotspot/src/share/vm/prims/jni.cpp, line 709]
Event: 92.027 Thread 0x0000000002548800 Exception <a 'java/lang/NoSuchMethodError': <clinit>> (0x00000000d76ade88) thrown at [/HUDSON/workspace/8-2-build-linux-amd64/jdk8u181/11358/hotspot/src/share/vm/prims/jni.cpp, line 1613]
Event: 93.710 Thread 0x0000000002548800 Implicit null exception at 0x00007f8b151fed76 to 0x00007f8b151ff151
Event: 97.141 Thread 0x000000000254a000 Implicit null exception at 0x00007f8b153e9677 to 0x00007f8b153ea83d

Events (10 events):
Event: 97.141 Executing VM operation: RevokeBias done
Event: 97.141 Executing VM operation: RevokeBias
Event: 97.141 Executing VM operation: RevokeBias done
Event: 97.199 Thread 0x0000000002548800 Uncommon trap: trap_request=0xffffff65 fr.pc=0x00007f8b152af1dc
Event: 97.199 Thread 0x0000000002548800 DEOPT PACKING pc=0x00007f8b152af1dc sp=0x00007f8b08ca9070
Event: 97.199 Thread 0x0000000002548800 DEOPT UNPACKING pc=0x00007f8b1504573a sp=0x00007f8b08ca8ff8 mode 2
Event: 97.609 Thread 0x0000000002548800 DEOPT PACKING pc=0x00007f8b155d1e9a sp=0x00007f8b08ca92f0
Event: 97.609 Thread 0x0000000002548800 DEOPT UNPACKING pc=0x00007f8b15047784 sp=0x00007f8b08ca90c0 mode 0
Event: 97.781 Thread 0x0000000002548800 DEOPT PACKING pc=0x00007f8b1558401a sp=0x00007f8b08cab210
Event: 97.781 Thread 0x0000000002548800 DEOPT UNPACKING pc=0x00007f8b15047784 sp=0x00007f8b08caafc8 mode 0


Dynamic libraries:
00400000-00401000 r-xp 00000000 08:01 1448396                            /usr/lib/jvm/jdk1.8.0_181/bin/java
00600000-00601000 rw-p 00000000 08:01 1448396                            /usr/lib/jvm/jdk1.8.0_181/bin/java
02546000-02567000 rw-p 00000000 00:00 0                                  [heap]
83a00000-88e00000 rw-p 00000000 00:00 0 
88e00000-d6900000 ---p 00000000 00:00 0 
d6900000-df300000 rw-p 00000000 00:00 0 
df300000-100000000 ---p 00000000 00:00 0 
100000000-1001c0000 rw-p 00000000 00:00 0 
1001c0000-140000000 ---p 00000000 00:00 0 
7f8acc000000-7f8acc021000 rw-p 00000000 00:00 0 
7f8acc021000-7f8ad0000000 ---p 00000000 00:00 0 
7f8ad4000000-7f8ad4021000 rw-p 00000000 00:00 0 
7f8ad4021000-7f8ad8000000 ---p 00000000 00:00 0 
7f8ad8000000-7f8ad8021000 rw-p 00000000 00:00 0 
7f8ad8021000-7f8adc000000 ---p 00000000 00:00 0 
7f8adc000000-7f8adc021000 rw-p 00000000 00:00 0 
7f8adc021000-7f8ae0000000 ---p 00000000 00:00 0 
7f8ae0000000-7f8ae0021000 rw-p 00000000 00:00 0 
7f8ae0021000-7f8ae4000000 ---p 00000000 00:00 0 
7f8ae4fff000-7f8ae8000000 rw-p 00000000 00:00 0 
7f8ae8000000-7f8ae8c48000 rw-p 00000000 00:00 0 
7f8ae8c48000-7f8aec000000 ---p 00000000 00:00 0 
7f8aec000000-7f8aec021000 rw-p 00000000 00:00 0 
7f8aec021000-7f8af0000000 ---p 00000000 00:00 0 
7f8af0000000-7f8af0021000 rw-p 00000000 00:00 0 
7f8af0021000-7f8af4000000 ---p 00000000 00:00 0 
7f8af4000000-7f8af49f0000 rw-p 00000000 00:00 0 
7f8af49f0000-7f8af8000000 ---p 00000000 00:00 0 
7f8af8000000-7f8af8021000 rw-p 00000000 00:00 0 
7f8af8021000-7f8afc000000 ---p 00000000 00:00 0 
7f8afc000000-7f8afc063000 rw-p 00000000 00:00 0 
7f8afc063000-7f8b00000000 ---p 00000000 00:00 0 
7f8b00000000-7f8b00042000 rw-p 00000000 00:00 0 
7f8b00042000-7f8b04000000 ---p 00000000 00:00 0 
7f8b04000000-7f8b045fc000 rw-p 00000000 00:00 0 
7f8b045fc000-7f8b08000000 ---p 00000000 00:00 0 
7f8b0879f000-7f8b087b2000 r--s 00345000 08:01 2756119                    /usr/lib/jvm/jdk1.8.0_181/jre/lib/resources.jar
7f8b087b2000-7f8b088f2000 rw-p 00000000 00:00 0 
7f8b08932000-7f8b089b2000 ---p 00000000 00:00 0 
7f8b089b2000-7f8b08bb2000 rw-p 00000000 00:00 0 
7f8b08bb2000-7f8b08bb5000 ---p 00000000 00:00 0 
7f8b08bb5000-7f8b08cb3000 rw-p 00000000 00:00 0 
7f8b08cb3000-7f8b08cb6000 ---p 00000000 00:00 0 
7f8b08cb6000-7f8b08db4000 rw-p 00000000 00:00 0 
7f8b08db4000-7f8b08db7000 ---p 00000000 00:00 0 
7f8b08db7000-7f8b08eb5000 rw-p 00000000 00:00 0 
7f8b08eb5000-7f8b08eb8000 ---p 00000000 00:00 0 
7f8b08eb8000-7f8b08fb6000 rw-p 00000000 00:00 0 
7f8b08fb6000-7f8b08fb9000 ---p 00000000 00:00 0 
7f8b08fb9000-7f8b090b7000 rw-p 00000000 00:00 0 
7f8b090b7000-7f8b090ba000 ---p 00000000 00:00 0 
7f8b090ba000-7f8b091b8000 rw-p 00000000 00:00 0 
7f8b091b8000-7f8b091bb000 ---p 00000000 00:00 0 
7f8b091bb000-7f8b092b9000 rw-p 00000000 00:00 0 
7f8b092b9000-7f8b092bc000 ---p 00000000 00:00 0 
7f8b092bc000-7f8b093ba000 rw-p 00000000 00:00 0 
7f8b093ba000-7f8b093bd000 ---p 00000000 00:00 0 
7f8b093bd000-7f8b094bb000 rw-p 00000000 00:00 0 
7f8b094bb000-7f8b094be000 ---p 00000000 00:00 0 
7f8b094be000-7f8b094f4000 rw-p 00000000 00:00 0 
7f8b094f4000-7f8b094f7000 ---p 00000000 00:00 0 
7f8b094f7000-7f8b095f5000 rw-p 00000000 00:00 0 
7f8b095f5000-7f8b095f8000 ---p 00000000 00:00 0 
7f8b095f8000-7f8b096f6000 rw-p 00000000 00:00 0 
7f8b096f6000-7f8b096f9000 ---p 00000000 00:00 0 
7f8b096f9000-7f8b097f7000 rw-p 00000000 00:00 0 
7f8b097f7000-7f8b097fa000 ---p 00000000 00:00 0 
7f8b097fa000-7f8b098f8000 rw-p 00000000 00:00 0 
7f8b098f8000-7f8b098fb000 ---p 00000000 00:00 0 
7f8b098fb000-7f8b09bf9000 rw-p 00000000 00:00 0 
7f8b09bf9000-7f8b09f6e000 r--s 03317000 08:01 1847782                    /home/whj/dowork/DiffTGen/extra_output/Closure_93_6_sequencer/target/build/classes/all0.jar
7f8b09f6e000-7f8b09fe7000 r--s 010f9000 08:01 1448503                    /usr/lib/jvm/jdk1.8.0_181/lib/tools.jar
7f8b09fe7000-7f8b09fea000 ---p 00000000 00:00 0 
7f8b09fea000-7f8b0a0e8000 rw-p 00000000 00:00 0 
7f8b0a0e8000-7f8b0a0eb000 ---p 00000000 00:00 0 
7f8b0a0eb000-7f8b0a1e9000 rw-p 00000000 00:00 0 
7f8b0a1e9000-7f8b0a1ec000 ---p 00000000 00:00 0 
7f8b0a1ec000-7f8b0a2ea000 rw-p 00000000 00:00 0 
7f8b0a2ea000-7f8b0a300000 r-xp 00000000 08:01 2756237                    /usr/lib/jvm/jdk1.8.0_181/jre/lib/amd64/libnet.so
7f8b0a300000-7f8b0a500000 ---p 00016000 08:01 2756237                    /usr/lib/jvm/jdk1.8.0_181/jre/lib/amd64/libnet.so
7f8b0a500000-7f8b0a501000 rw-p 00016000 08:01 2756237                    /usr/lib/jvm/jdk1.8.0_181/jre/lib/amd64/libnet.so
7f8b0a501000-7f8b0a732000 r--s 01bb1000 08:01 1706762                    /home/whj/dowork/DiffTGen/lib/evosuite-1.0.6.jar
7f8b0a732000-7f8b0a733000 ---p 00000000 00:00 0 
7f8b0a733000-7f8b0a833000 rw-p 00000000 00:00 0 
7f8b0a833000-7f8b0a836000 ---p 00000000 00:00 0 
7f8b0a836000-7f8b0a934000 rw-p 00000000 00:00 0 
7f8b0a934000-7f8b0a937000 ---p 00000000 00:00 0 
7f8b0a937000-7f8b0aa35000 rw-p 00000000 00:00 0 
7f8b0aa35000-7f8b0aa38000 ---p 00000000 00:00 0 
7f8b0aa38000-7f8b0ab36000 rw-p 00000000 00:00 0 
7f8b0ab36000-7f8b0ab39000 ---p 00000000 00:00 0 
7f8b0ab39000-7f8b0ac37000 rw-p 00000000 00:00 0 
7f8b0ac37000-7f8b0b5f6000 r--p 00000000 08:01 1316108                    /usr/lib/locale/locale-archive
7f8b0b5f6000-7f8b0b5f9000 ---p 00000000 00:00 0 
7f8b0b5f9000-7f8b0b6f7000 rw-p 00000000 00:00 0 
7f8b0b6f7000-7f8b0b6fa000 ---p 00000000 00:00 0 
7f8b0b6fa000-7f8b0b7f8000 rw-p 00000000 00:00 0 
7f8b0b7f8000-7f8b0b7f9000 ---p 00000000 00:00 0 
7f8b0b7f9000-7f8b0c000000 rw-p 00000000 00:00 0 
7f8b0c000000-7f8b0c021000 rw-p 00000000 00:00 0 
7f8b0c021000-7f8b10000000 ---p 00000000 00:00 0 
7f8b1000f000-7f8b10211000 rw-p 00000000 00:00 0 
7f8b10211000-7f8b103eb000 r--s 03d6b000 08:01 2756084                    /usr/lib/jvm/jdk1.8.0_181/jre/lib/rt.jar
7f8b103eb000-7f8b14dfe000 rw-p 00000000 00:00 0 
7f8b14dfe000-7f8b14dff000 ---p 00000000 00:00 0 
7f8b14dff000-7f8b14eff000 rw-p 00000000 00:00 0 
7f8b14eff000-7f8b14f00000 ---p 00000000 00:00 0 
7f8b14f00000-7f8b15000000 rw-p 00000000 00:00 0 
7f8b15000000-7f8b15670000 rwxp 00000000 00:00 0 
7f8b15670000-7f8b24000000 ---p 00000000 00:00 0 
7f8b24000000-7f8b2446c000 rw-p 00000000 00:00 0 
7f8b2446c000-7f8b28000000 ---p 00000000 00:00 0 
7f8b2800e000-7f8b2802a000 r--s 00393000 08:01 2756136                    /usr/lib/jvm/jdk1.8.0_181/jre/lib/ext/cldrdata.jar
7f8b2802a000-7f8b280ca000 rw-p 00000000 00:00 0 
7f8b280ca000-7f8b28338000 ---p 00000000 00:00 0 
7f8b28338000-7f8b28362000 rw-p 00000000 00:00 0 
7f8b28362000-7f8b285cf000 ---p 00000000 00:00 0 
7f8b285cf000-7f8b28615000 rw-p 00000000 00:00 0 
7f8b28615000-7f8b2871b000 ---p 00000000 00:00 0 
7f8b2871b000-7f8b28736000 rw-p 00000000 00:00 0 
7f8b28736000-7f8b28adc000 ---p 00000000 00:00 0 
7f8b28adc000-7f8b28af7000 r-xp 00000000 08:01 2756233                    /usr/lib/jvm/jdk1.8.0_181/jre/lib/amd64/libzip.so
7f8b28af7000-7f8b28cf7000 ---p 0001b000 08:01 2756233                    /usr/lib/jvm/jdk1.8.0_181/jre/lib/amd64/libzip.so
7f8b28cf7000-7f8b28cf8000 rw-p 0001b000 08:01 2756233                    /usr/lib/jvm/jdk1.8.0_181/jre/lib/amd64/libzip.so
7f8b28cf8000-7f8b28d03000 r-xp 00000000 08:01 1054188                    /lib/x86_64-linux-gnu/libnss_files-2.23.so
7f8b28d03000-7f8b28f02000 ---p 0000b000 08:01 1054188                    /lib/x86_64-linux-gnu/libnss_files-2.23.so
7f8b28f02000-7f8b28f03000 r--p 0000a000 08:01 1054188                    /lib/x86_64-linux-gnu/libnss_files-2.23.so
7f8b28f03000-7f8b28f04000 rw-p 0000b000 08:01 1054188                    /lib/x86_64-linux-gnu/libnss_files-2.23.so
7f8b28f04000-7f8b28f0a000 rw-p 00000000 00:00 0 
7f8b28f0a000-7f8b28f15000 r-xp 00000000 08:01 1054198                    /lib/x86_64-linux-gnu/libnss_nis-2.23.so
7f8b28f15000-7f8b29114000 ---p 0000b000 08:01 1054198                    /lib/x86_64-linux-gnu/libnss_nis-2.23.so
7f8b29114000-7f8b29115000 r--p 0000a000 08:01 1054198                    /lib/x86_64-linux-gnu/libnss_nis-2.23.so
7f8b29115000-7f8b29116000 rw-p 0000b000 08:01 1054198                    /lib/x86_64-linux-gnu/libnss_nis-2.23.so
7f8b29116000-7f8b2912c000 r-xp 00000000 08:01 1054182                    /lib/x86_64-linux-gnu/libnsl-2.23.so
7f8b2912c000-7f8b2932b000 ---p 00016000 08:01 1054182                    /lib/x86_64-linux-gnu/libnsl-2.23.so
7f8b2932b000-7f8b2932c000 r--p 00015000 08:01 1054182                    /lib/x86_64-linux-gnu/libnsl-2.23.so
7f8b2932c000-7f8b2932d000 rw-p 00016000 08:01 1054182                    /lib/x86_64-linux-gnu/libnsl-2.23.so
7f8b2932d000-7f8b2932f000 rw-p 00000000 00:00 0 
7f8b2932f000-7f8b29337000 r-xp 00000000 08:01 1054184                    /lib/x86_64-linux-gnu/libnss_compat-2.23.so
7f8b29337000-7f8b29536000 ---p 00008000 08:01 1054184                    /lib/x86_64-linux-gnu/libnss_compat-2.23.so
7f8b29536000-7f8b29537000 r--p 00007000 08:01 1054184                    /lib/x86_64-linux-gnu/libnss_compat-2.23.so
7f8b29537000-7f8b29538000 rw-p 00008000 08:01 1054184                    /lib/x86_64-linux-gnu/libnss_compat-2.23.so
7f8b29538000-7f8b29563000 r-xp 00000000 08:01 2756227                    /usr/lib/jvm/jdk1.8.0_181/jre/lib/amd64/libjava.so
7f8b29563000-7f8b29762000 ---p 0002b000 08:01 2756227                    /usr/lib/jvm/jdk1.8.0_181/jre/lib/amd64/libjava.so
7f8b29762000-7f8b29764000 rw-p 0002a000 08:01 2756227                    /usr/lib/jvm/jdk1.8.0_181/jre/lib/amd64/libjava.so
7f8b29764000-7f8b29771000 r-xp 00000000 08:01 2756232                    /usr/lib/jvm/jdk1.8.0_181/jre/lib/amd64/libverify.so
7f8b29771000-7f8b29971000 ---p 0000d000 08:01 2756232                    /usr/lib/jvm/jdk1.8.0_181/jre/lib/amd64/libverify.so
7f8b29971000-7f8b29973000 rw-p 0000d000 08:01 2756232                    /usr/lib/jvm/jdk1.8.0_181/jre/lib/amd64/libverify.so
7f8b29973000-7f8b2997a000 r-xp 00000000 08:01 1054243                    /lib/x86_64-linux-gnu/librt-2.23.so
7f8b2997a000-7f8b29b79000 ---p 00007000 08:01 1054243                    /lib/x86_64-linux-gnu/librt-2.23.so
7f8b29b79000-7f8b29b7a000 r--p 00006000 08:01 1054243                    /lib/x86_64-linux-gnu/librt-2.23.so
7f8b29b7a000-7f8b29b7b000 rw-p 00007000 08:01 1054243                    /lib/x86_64-linux-gnu/librt-2.23.so
7f8b29b7b000-7f8b29c83000 r-xp 00000000 08:01 1054159                    /lib/x86_64-linux-gnu/libm-2.23.so
7f8b29c83000-7f8b29e82000 ---p 00108000 08:01 1054159                    /lib/x86_64-linux-gnu/libm-2.23.so
7f8b29e82000-7f8b29e83000 r--p 00107000 08:01 1054159                    /lib/x86_64-linux-gnu/libm-2.23.so
7f8b29e83000-7f8b29e84000 rw-p 00108000 08:01 1054159                    /lib/x86_64-linux-gnu/libm-2.23.so
7f8b29e84000-7f8b2ab60000 r-xp 00000000 08:01 2756209                    /usr/lib/jvm/jdk1.8.0_181/jre/lib/amd64/server/libjvm.so
7f8b2ab60000-7f8b2ad60000 ---p 00cdc000 08:01 2756209                    /usr/lib/jvm/jdk1.8.0_181/jre/lib/amd64/server/libjvm.so
7f8b2ad60000-7f8b2ae3a000 rw-p 00cdc000 08:01 2756209                    /usr/lib/jvm/jdk1.8.0_181/jre/lib/amd64/server/libjvm.so
7f8b2ae3a000-7f8b2ae85000 rw-p 00000000 00:00 0 
7f8b2ae85000-7f8b2b045000 r-xp 00000000 08:01 1054089                    /lib/x86_64-linux-gnu/libc-2.23.so
7f8b2b045000-7f8b2b245000 ---p 001c0000 08:01 1054089                    /lib/x86_64-linux-gnu/libc-2.23.so
7f8b2b245000-7f8b2b249000 r--p 001c0000 08:01 1054089                    /lib/x86_64-linux-gnu/libc-2.23.so
7f8b2b249000-7f8b2b24b000 rw-p 001c4000 08:01 1054089                    /lib/x86_64-linux-gnu/libc-2.23.so
7f8b2b24b000-7f8b2b24f000 rw-p 00000000 00:00 0 
7f8b2b24f000-7f8b2b252000 r-xp 00000000 08:01 1054113                    /lib/x86_64-linux-gnu/libdl-2.23.so
7f8b2b252000-7f8b2b451000 ---p 00003000 08:01 1054113                    /lib/x86_64-linux-gnu/libdl-2.23.so
7f8b2b451000-7f8b2b452000 r--p 00002000 08:01 1054113                    /lib/x86_64-linux-gnu/libdl-2.23.so
7f8b2b452000-7f8b2b453000 rw-p 00003000 08:01 1054113                    /lib/x86_64-linux-gnu/libdl-2.23.so
7f8b2b453000-7f8b2b469000 r-xp 00000000 08:01 1449032                    /usr/lib/jvm/jdk1.8.0_181/lib/amd64/jli/libjli.so
7f8b2b469000-7f8b2b668000 ---p 00016000 08:01 1449032                    /usr/lib/jvm/jdk1.8.0_181/lib/amd64/jli/libjli.so
7f8b2b668000-7f8b2b669000 rw-p 00015000 08:01 1449032                    /usr/lib/jvm/jdk1.8.0_181/lib/amd64/jli/libjli.so
7f8b2b669000-7f8b2b681000 r-xp 00000000 08:01 1054235                    /lib/x86_64-linux-gnu/libpthread-2.23.so
7f8b2b681000-7f8b2b880000 ---p 00018000 08:01 1054235                    /lib/x86_64-linux-gnu/libpthread-2.23.so
7f8b2b880000-7f8b2b881000 r--p 00017000 08:01 1054235                    /lib/x86_64-linux-gnu/libpthread-2.23.so
7f8b2b881000-7f8b2b882000 rw-p 00018000 08:01 1054235                    /lib/x86_64-linux-gnu/libpthread-2.23.so
7f8b2b882000-7f8b2b886000 rw-p 00000000 00:00 0 
7f8b2b886000-7f8b2b8ac000 r-xp 00000000 08:01 1054061                    /lib/x86_64-linux-gnu/ld-2.23.so
7f8b2b8b2000-7f8b2b8bc000 r--s 00116000 08:01 2756143                    /usr/lib/jvm/jdk1.8.0_181/jre/lib/ext/localedata.jar
7f8b2b8bc000-7f8b2b98d000 rw-p 00000000 00:00 0 
7f8b2b98d000-7f8b2b990000 ---p 00000000 00:00 0 
7f8b2b990000-7f8b2ba93000 rw-p 00000000 00:00 0 
7f8b2ba93000-7f8b2ba98000 r--s 0009d000 08:01 2756133                    /usr/lib/jvm/jdk1.8.0_181/jre/lib/jsse.jar
7f8b2ba98000-7f8b2baa0000 r--s 0006e000 08:01 2248917                    /home/whj/dowork/DiffTGen/lib/commons-lang3-3.5.jar
7f8b2baa0000-7f8b2baa1000 r--s 00000000 08:01 2248922                    /home/whj/dowork/DiffTGen/lib/myprinter.jar
7f8b2baa1000-7f8b2baa9000 rw-s 00000000 08:01 1984421                    /tmp/hsperfdata_whj/17448
7f8b2baa9000-7f8b2baaa000 rw-p 00000000 00:00 0 
7f8b2baaa000-7f8b2baab000 ---p 00000000 00:00 0 
7f8b2baab000-7f8b2baac000 r--p 00025000 08:01 1054061                    /lib/x86_64-linux-gnu/ld-2.23.so
7f8b2baac000-7f8b2baad000 rw-p 00026000 08:01 1054061                    /lib/x86_64-linux-gnu/ld-2.23.so
7f8b2baad000-7f8b2baae000 rw-p 00000000 00:00 0 
7ffcb937a000-7ffcb939c000 rw-p 00000000 00:00 0                          [stack]
7ffcb93a3000-7ffcb93a6000 r--p 00000000 00:00 0                          [vvar]
7ffcb93a6000-7ffcb93a8000 r-xp 00000000 00:00 0                          [vdso]
ffffffffff600000-ffffffffff601000 r-xp 00000000 00:00 0                  [vsyscall]

VM Arguments:
java_command: /home/whj/dowork/DiffTGen/lib/evosuite-1.0.6.jar -base_dir /home/whj/dowork/DiffTGen/extra_output/Closure_93_6_sequencer/target/0/19 -projectCP /home/whj/dowork/DiffTGen/extra_output/Closure_93_6_sequencer/target/build/classes/all0.jar:/home/whj/dowork/DiffTGen/lib/myprinter.jar:/home/whj/dowork/DiffTGen/lib/commons-lang3-3.5.jar -class com.google.javascript.jscomp.ProcessClosurePrimitives -Dassertions=false -Dsearch_budget=60
java_class_path (initial): /home/whj/dowork/DiffTGen/lib/evosuite-1.0.6.jar
Launcher Type: SUN_STANDARD

Environment Variables:
JAVA_HOME=/usr/lib/jvm/jdk1.8.0_181
JRE_HOME=/usr/lib/jvm/jdk1.8.0_181/jre
CLASSPATH=.:/usr/lib/jvm/jdk1.8.0_181/lib:/usr/lib/jvm/jdk1.8.0_181/jre/lib
PATH=/home/whj/perl5/bin:/home/whj/dowork/defects4j-1.2.0/framework/bin:/usr/lib/jvm/jdk1.8.0_181/bin:/usr/lib/jvm/jdk1.8.0_181/jre/bin:/home/whj/bin:/home/whj/.local/bin:/usr/local/sbin:/usr/local/bin:/usr/sbin:/usr/bin:/sbin:/bin:/usr/games:/usr/local/games" :/snap/bin:/home/whj/bin
SHELL=/bin/bash
DISPLAY=:0

Signal Handlers:
SIGSEGV: [libjvm.so+0xad2a40], sa_mask[0]=11111111011111111101111111111110, sa_flags=SA_RESTART|SA_SIGINFO
SIGBUS: [libjvm.so+0xad2a40], sa_mask[0]=11111111011111111101111111111110, sa_flags=SA_RESTART|SA_SIGINFO
SIGFPE: [libjvm.so+0x92a610], sa_mask[0]=11111111011111111101111111111110, sa_flags=SA_RESTART|SA_SIGINFO
SIGPIPE: [libjvm.so+0x92a610], sa_mask[0]=11111111011111111101111111111110, sa_flags=SA_RESTART|SA_SIGINFO
SIGXFSZ: [libjvm.so+0x92a610], sa_mask[0]=11111111011111111101111111111110, sa_flags=SA_RESTART|SA_SIGINFO
SIGILL: [libjvm.so+0x92a610], sa_mask[0]=11111111011111111101111111111110, sa_flags=SA_RESTART|SA_SIGINFO
SIGUSR1: SIG_DFL, sa_mask[0]=00000000000000000000000000000000, sa_flags=none
SIGUSR2: [libjvm.so+0x92be70], sa_mask[0]=00100000000000000000000000000000, sa_flags=SA_RESTART|SA_SIGINFO
SIGHUP: [libjvm.so+0x92d270], sa_mask[0]=11111111011111111101111111111110, sa_flags=SA_RESTART|SA_SIGINFO
SIGINT: [libjvm.so+0x92d270], sa_mask[0]=11111111011111111101111111111110, sa_flags=SA_RESTART|SA_SIGINFO
SIGTERM: [libjvm.so+0x92d270], sa_mask[0]=11111111011111111101111111111110, sa_flags=SA_RESTART|SA_SIGINFO
SIGQUIT: [libjvm.so+0x92d270], sa_mask[0]=11111111011111111101111111111110, sa_flags=SA_RESTART|SA_SIGINFO


---------------  S Y S T E M  ---------------

OS:DISTRIB_ID=Ubuntu
DISTRIB_RELEASE=16.04
DISTRIB_CODENAME=xenial
DISTRIB_DESCRIPTION="Ubuntu 16.04.6 LTS"

uname:Linux 4.15.0-91-generic #92~16.04.1-Ubuntu SMP Fri Feb 28 14:57:22 UTC 2020 x86_64
libc:glibc 2.23 NPTL 2.23 
rlimit: STACK 8192k, CORE 0k, NPROC 31576, NOFILE 1048576, AS infinity
load average:16.02 15.34 14.95

/proc/meminfo:
MemTotal:        8144704 kB
MemFree:         1079612 kB
MemAvailable:     976264 kB
Buffers:             888 kB
Cached:            35656 kB
SwapCached:          712 kB
Active:          5866640 kB
Inactive:         745804 kB
Active(anon):    5852384 kB
Inactive(anon):   724608 kB
Active(file):      14256 kB
Inactive(file):    21196 kB
Unevictable:          32 kB
Mlocked:              32 kB
SwapTotal:        998396 kB
SwapFree:            132 kB
Dirty:               232 kB
Writeback:             0 kB
AnonPages:       6575360 kB
Mapped:            28036 kB
Shmem:              1008 kB
Slab:              88248 kB
SReclaimable:      31496 kB
SUnreclaim:        56752 kB
KernelStack:       15116 kB
PageTables:        46332 kB
NFS_Unstable:          0 kB
Bounce:                0 kB
WritebackTmp:          0 kB
CommitLimit:     5070748 kB
Committed_AS:   12739416 kB
VmallocTotal:   34359738367 kB
VmallocUsed:           0 kB
VmallocChunk:          0 kB
HardwareCorrupted:     0 kB
AnonHugePages:         0 kB
ShmemHugePages:        0 kB
ShmemPmdMapped:        0 kB
CmaTotal:              0 kB
CmaFree:               0 kB
HugePages_Total:       0
HugePages_Free:        0
HugePages_Rsvd:        0
HugePages_Surp:        0
Hugepagesize:       2048 kB
DirectMap4k:      114496 kB
DirectMap2M:     6176768 kB
DirectMap1G:     4194304 kB


CPU:total 2 (initial active 2) (2 cores per cpu, 1 threads per core) family 6 model 158 stepping 10, cmov, cx8, fxsr, mmx, sse, sse2, sse3, ssse3, sse4.1, sse4.2, popcnt, avx, avx2, aes, clmul, erms, 3dnowpref, lzcnt, tsc, tscinvbit, bmi1, bmi2, adx

/proc/cpuinfo:
processor	: 0
vendor_id	: GenuineIntel
cpu family	: 6
model		: 158
model name	: Intel(R) Core(TM) i7-8750H CPU @ 2.20GHz
stepping	: 10
microcode	: 0x96
cpu MHz		: 2207.999
cache size	: 9216 KB
physical id	: 0
siblings	: 2
core id		: 0
cpu cores	: 2
apicid		: 0
initial apicid	: 0
fpu		: yes
fpu_exception	: yes
cpuid level	: 22
wp		: yes
flags		: fpu vme de pse tsc msr pae mce cx8 apic sep mtrr pge mca cmov pat pse36 clflush mmx fxsr sse sse2 ss ht syscall nx pdpe1gb rdtscp lm constant_tsc arch_perfmon nopl xtopology tsc_reliable nonstop_tsc cpuid pni pclmulqdq ssse3 fma cx16 pcid sse4_1 sse4_2 x2apic movbe popcnt tsc_deadline_timer aes xsave avx f16c rdrand hypervisor lahf_lm abm 3dnowprefetch cpuid_fault invpcid_single pti ssbd ibrs ibpb stibp fsgsbase tsc_adjust bmi1 avx2 smep bmi2 invpcid rdseed adx smap xsaveopt arat flush_l1d arch_capabilities
bugs		: cpu_meltdown spectre_v1 spectre_v2 spec_store_bypass l1tf mds swapgs itlb_multihit
bogomips	: 4415.99
clflush size	: 64
cache_alignment	: 64
address sizes	: 42 bits physical, 48 bits virtual
power management:

processor	: 1
vendor_id	: GenuineIntel
cpu family	: 6
model		: 158
model name	: Intel(R) Core(TM) i7-8750H CPU @ 2.20GHz
stepping	: 10
microcode	: 0x96
cpu MHz		: 2207.999
cache size	: 9216 KB
physical id	: 0
siblings	: 2
core id		: 1
cpu cores	: 2
apicid		: 1
initial apicid	: 1
fpu		: yes
fpu_exception	: yes
cpuid level	: 22
wp		: yes
flags		: fpu vme de pse tsc msr pae mce cx8 apic sep mtrr pge mca cmov pat pse36 clflush mmx fxsr sse sse2 ss ht syscall nx pdpe1gb rdtscp lm constant_tsc arch_perfmon nopl xtopology tsc_reliable nonstop_tsc cpuid pni pclmulqdq ssse3 fma cx16 pcid sse4_1 sse4_2 x2apic movbe popcnt tsc_deadline_timer aes xsave avx f16c rdrand hypervisor lahf_lm abm 3dnowprefetch cpuid_fault invpcid_single pti ssbd ibrs ibpb stibp fsgsbase tsc_adjust bmi1 avx2 smep bmi2 invpcid rdseed adx smap xsaveopt arat flush_l1d arch_capabilities
bugs		: cpu_meltdown spectre_v1 spectre_v2 spec_store_bypass l1tf mds swapgs itlb_multihit
bogomips	: 4415.99
clflush size	: 64
cache_alignment	: 64
address sizes	: 42 bits physical, 48 bits virtual
power management:



Memory: 4k page, physical 8144704k(1079612k free), swap 998396k(132k free)

vm_info: Java HotSpot(TM) 64-Bit Server VM (25.181-b13) for linux-amd64 JRE (1.8.0_181-b13), built on Jul  7 2018 00:56:38 by "java_re" with gcc 4.3.0 20080428 (Red Hat 4.3.0-8)

time: Fri Mar 27 12:26:59 2020
elapsed time: 101 seconds (0d 0h 1m 41s)

