#
# There is insufficient memory for the Java Runtime Environment to continue.
# Native memory allocation (mmap) failed to map 144703488 bytes for committing reserved memory.
# Possible reasons:
#   The system is out of physical RAM or swap space
#   In 32 bit mode, the process size limit was hit
# Possible solutions:
#   Reduce memory load on the system
#   Increase physical memory or swap space
#   Check if swap backing store is full
#   Use 64 bit Java on a 64 bit OS
#   Decrease Java heap size (-Xmx/-Xms)
#   Decrease number of Java threads
#   Decrease Java thread stack sizes (-Xss)
#   Set larger code cache with -XX:ReservedCodeCacheSize=
# This output file may be truncated or incomplete.
#
#  Out of Memory Error (os_linux.cpp:2640), pid=60744, tid=0x00007f65e451a700
#
# JRE version: Java(TM) SE Runtime Environment (8.0_181-b13) (build 1.8.0_181-b13)
# Java VM: Java HotSpot(TM) 64-Bit Server VM (25.181-b13 mixed mode linux-amd64 compressed oops)
# Failed to write core dump. Core dumps have been disabled. To enable core dumping, try "ulimit -c unlimited" before starting Java again
#

---------------  T H R E A D  ---------------

Current thread (0x00007f65e00fb800):  VMThread [stack: 0x00007f65e441a000,0x00007f65e451b000] [id=60767]

Stack: [0x00007f65e441a000,0x00007f65e451b000],  sp=0x00007f65e4519220,  free space=1020k
Native frames: (J=compiled Java code, j=interpreted, Vv=VM code, C=native code)
V  [libjvm.so+0xad21aa]  VMError::report_and_die()+0x2ba
V  [libjvm.so+0x5022db]  report_vm_out_of_memory(char const*, int, unsigned long, VMErrorType, char const*)+0x8b
V  [libjvm.so+0x92fe33]  os::Linux::commit_memory_impl(char*, unsigned long, bool)+0x123
V  [libjvm.so+0x930059]  os::pd_commit_memory(char*, unsigned long, unsigned long, bool)+0x29
V  [libjvm.so+0x9272ba]  os::commit_memory(char*, unsigned long, unsigned long, bool)+0x2a
V  [libjvm.so+0x99d2e3]  PSVirtualSpace::expand_by(unsigned long)+0x53
V  [libjvm.so+0x99e6e8]  PSYoungGen::resize_generation(unsigned long, unsigned long)+0xf8
V  [libjvm.so+0x99d842]  PSYoungGen::resize(unsigned long, unsigned long)+0x22
V  [libjvm.so+0x99ab1b]  PSScavenge::invoke_no_policy()+0xf3b
V  [libjvm.so+0x99b2a1]  PSScavenge::invoke()+0x41
V  [libjvm.so+0x951d70]  ParallelScavengeHeap::failed_mem_allocate(unsigned long)+0x70
V  [libjvm.so+0xad3c27]  VM_ParallelGCFailedAllocation::doit()+0x97
V  [libjvm.so+0xadb745]  VM_Operation::evaluate()+0x55
V  [libjvm.so+0xad9b0a]  VMThread::evaluate_operation(VM_Operation*)+0xba
V  [libjvm.so+0xad9e8e]  VMThread::loop()+0x1ce
V  [libjvm.so+0xada300]  VMThread::run()+0x70
V  [libjvm.so+0x930198]  java_start(Thread*)+0x108

VM_Operation (0x00007f658f9f2640): ParallelGCFailedAllocation, mode: safepoint, requested by thread 0x0000000001d40800


---------------  P R O C E S S  ---------------

Java Threads: ( => current thread )
  0x0000000001d42000 JavaThread "RMI TCP Connection(5)-127.0.0.1" daemon [_thread_blocked, id=61080, stack(0x00007f658fbfc000,0x00007f658fcfd000)]
  0x0000000001d40800 JavaThread "RMI TCP Connection(4)-127.0.0.1" daemon [_thread_blocked, id=61059, stack(0x00007f658f8f9000,0x00007f658f9fa000)]
  0x00007f65b0041000 JavaThread "RMI Scheduler(0)" daemon [_thread_blocked, id=61055, stack(0x00007f658f9fa000,0x00007f658fafb000)]
  0x00007f65b003d800 JavaThread "RMI RenewClean-[127.0.0.1:13877]" daemon [_thread_blocked, id=61035, stack(0x00007f658fafb000,0x00007f658fbfc000)]
  0x00007f659c005800 JavaThread "pool-3-thread-3" [_thread_in_native, id=60985, stack(0x00007f658fcfd000,0x00007f658fdfe000)]
  0x00007f659c004000 JavaThread "pool-3-thread-2" [_thread_in_native, id=60981, stack(0x00007f658fdfe000,0x00007f658feff000)]
  0x00007f659c003000 JavaThread "pool-3-thread-1" [_thread_in_native, id=60976, stack(0x00007f658feff000,0x00007f6590000000)]
  0x00007f65e040c800 JavaThread "Thread-3" [_thread_in_native, id=60878, stack(0x00007f65c407c000,0x00007f65c417d000)]
  0x00007f65e040a800 JavaThread "Thread-2" [_thread_in_native, id=60874, stack(0x00007f65c417d000,0x00007f65c427e000)]
  0x00007f65e0409000 JavaThread "process reaper" daemon [_thread_in_native, id=60865, stack(0x00007f65cc014000,0x00007f65cc04d000)]
  0x00007f65e0405800 JavaThread "pool-2-thread-1" [_thread_in_native, id=60844, stack(0x00007f65c427e000,0x00007f65c437f000)]
  0x00007f65e0403000 JavaThread "GC Daemon" daemon [_thread_blocked, id=60841, stack(0x00007f65c437f000,0x00007f65c4480000)]
  0x00007f65e03fe800 JavaThread "RMI Reaper" [_thread_blocked, id=60838, stack(0x00007f65c4480000,0x00007f65c4581000)]
  0x00007f65e03f5800 JavaThread "RMI TCP Accept-7118" daemon [_thread_in_native, id=60835, stack(0x00007f65c4581000,0x00007f65c4682000)]
  0x00007f65e03f0000 JavaThread "RMI TCP Accept-14829" daemon [_thread_in_native, id=60830, stack(0x00007f65c4682000,0x00007f65c4783000)]
  0x00007f65e0294000 JavaThread "logback-3" daemon [_thread_blocked, id=60826, stack(0x00007f65c4cfc000,0x00007f65c4dfd000)]
  0x00007f65e0292000 JavaThread "logback-2" daemon [_thread_blocked, id=60825, stack(0x00007f65c4dfd000,0x00007f65c4efe000)]
  0x00007f65e0290800 JavaThread "logback-1" daemon [_thread_blocked, id=60816, stack(0x00007f65c4efe000,0x00007f65c4fff000)]
  0x00007f65e0142000 JavaThread "Service Thread" daemon [_thread_blocked, id=60804, stack(0x00007f65cc60f000,0x00007f65cc710000)]
  0x00007f65e013f000 JavaThread "C1 CompilerThread1" daemon [_thread_blocked, id=60798, stack(0x00007f65cc710000,0x00007f65cc811000)]
  0x00007f65e013c000 JavaThread "C2 CompilerThread0" daemon [_thread_in_native, id=60791, stack(0x00007f65e4016000,0x00007f65e4117000)]
  0x00007f65e013a800 JavaThread "Signal Dispatcher" daemon [_thread_blocked, id=60782, stack(0x00007f65e4117000,0x00007f65e4218000)]
  0x00007f65e0107800 JavaThread "Finalizer" daemon [_thread_blocked, id=60778, stack(0x00007f65e4218000,0x00007f65e4319000)]
  0x00007f65e0105000 JavaThread "Reference Handler" daemon [_thread_blocked, id=60773, stack(0x00007f65e4319000,0x00007f65e441a000)]
  0x00007f65e000a800 JavaThread "main" [_thread_in_native, id=60750, stack(0x00007f65e9746000,0x00007f65e9847000)]

Other Threads:
=>0x00007f65e00fb800 VMThread [stack: 0x00007f65e441a000,0x00007f65e451b000] [id=60767]
  0x00007f65e0146800 WatcherThread [stack: 0x00007f65cc50e000,0x00007f65cc60f000] [id=60811]

VM state:at safepoint (normal execution)

VM Mutex/Monitor currently owned by a thread:  ([mutex/lock_event])
[0x00007f65e0006ca0] Threads_lock - owner thread: 0x00007f65e00fb800
[0x00007f65e00071a0] Heap_lock - owner thread: 0x0000000001d40800

Heap:
 PSYoungGen      total 136192K, used 10219K [0x00000000d6900000, 0x00000000dfd00000, 0x0000000100000000)
  eden space 125952K, 0% used [0x00000000d6900000,0x00000000d6900000,0x00000000de400000)
  from space 10240K, 99% used [0x00000000de400000,0x00000000dedfac50,0x00000000dee00000)
  to   space 5120K, 0% used [0x00000000dee00000,0x00000000dee00000,0x00000000df300000)
 ParOldGen       total 86016K, used 34545K [0x0000000083a00000, 0x0000000088e00000, 0x00000000d6900000)
  object space 86016K, 40% used [0x0000000083a00000,0x0000000085bbc648,0x0000000088e00000)
 Metaspace       used 15870K, capacity 16410K, committed 16640K, reserved 1064960K
  class space    used 1769K, capacity 1931K, committed 2048K, reserved 1048576K

Card table byte_map: [0x00007f65e60f1000,0x00007f65e64d5000] byte_map_base: 0x00007f65e5cd4000

Marking Bits: (ParMarkBitMap*) 0x00007f65e8c110a0
 Begin Bits: [0x00007f65cd1d0000, 0x00007f65cf0e8000)
 End Bits:   [0x00007f65cf0e8000, 0x00007f65d1000000)

Polling page: 0x00007f65e9863000

CodeCache: size=245760Kb used=7306Kb max_used=7306Kb free=238453Kb
 bounds [0x00007f65d1000000, 0x00007f65d1730000, 0x00007f65e0000000]
 total_blobs=2475 nmethods=2119 adapters=269
 compilation: enabled

Compilation events (10 events):
Event: 119.315 Thread 0x00007f65e013f000 2243       2       org.evosuite.utils.generic.GenericClass::readObject (154 bytes)
Event: 119.316 Thread 0x00007f65e013f000 nmethod 2243 0x00007f65d1723610 code [0x00007f65d1723820, 0x00007f65d1723f28]
Event: 119.369 Thread 0x00007f65e013f000 2244       2       org.evosuite.utils.generic.GenericClass::isMissingTypeParameters (103 bytes)
Event: 119.370 Thread 0x00007f65e013f000 nmethod 2244 0x00007f65d1724490 code [0x00007f65d17246a0, 0x00007f65d1724e98]
Event: 119.383 Thread 0x00007f65e013f000 2245       2       java.util.regex.Pattern::next (33 bytes)
Event: 119.383 Thread 0x00007f65e013f000 nmethod 2245 0x00007f65d1725310 code [0x00007f65d1725480, 0x00007f65d1725648]
Event: 119.387 Thread 0x00007f65e013f000 2246   !   2       sun.reflect.GeneratedMethodAccessor10::invoke (66 bytes)
Event: 119.388 Thread 0x00007f65e013f000 nmethod 2246 0x00007f65d1725750 code [0x00007f65d1725920, 0x00007f65d1725e38]
Event: 119.389 Thread 0x00007f65e013f000 2247       2       java.lang.Class::searchFields (41 bytes)
Event: 119.389 Thread 0x00007f65e013f000 nmethod 2247 0x00007f65d1726290 code [0x00007f65d1726440, 0x00007f65d17267c8]

GC Heap History (10 events):
Event: 4.181 GC heap after
Heap after GC invocations=3 (full 1):
 PSYoungGen      total 70656K, used 0K [0x00000000d6900000, 0x00000000db300000, 0x0000000100000000)
  eden space 65536K, 0% used [0x00000000d6900000,0x00000000d6900000,0x00000000da900000)
  from space 5120K, 0% used [0x00000000dae00000,0x00000000dae00000,0x00000000db300000)
  to   space 5120K, 0% used [0x00000000da900000,0x00000000da900000,0x00000000dae00000)
 ParOldGen       total 86016K, used 10655K [0x0000000083a00000, 0x0000000088e00000, 0x00000000d6900000)
  object space 86016K, 12% used [0x0000000083a00000,0x0000000084467ce8,0x0000000088e00000)
 Metaspace       used 10209K, capacity 10338K, committed 10624K, reserved 1058816K
  class space    used 1236K, capacity 1317K, committed 1408K, reserved 1048576K
}
Event: 111.593 GC heap before
{Heap before GC invocations=4 (full 1):
 PSYoungGen      total 70656K, used 65536K [0x00000000d6900000, 0x00000000db300000, 0x0000000100000000)
  eden space 65536K, 100% used [0x00000000d6900000,0x00000000da900000,0x00000000da900000)
  from space 5120K, 0% used [0x00000000dae00000,0x00000000dae00000,0x00000000db300000)
  to   space 5120K, 0% used [0x00000000da900000,0x00000000da900000,0x00000000dae00000)
 ParOldGen       total 86016K, used 10655K [0x0000000083a00000, 0x0000000088e00000, 0x00000000d6900000)
  object space 86016K, 12% used [0x0000000083a00000,0x0000000084467ce8,0x0000000088e00000)
 Metaspace       used 14083K, capacity 14558K, committed 14848K, reserved 1062912K
  class space    used 1605K, capacity 1745K, committed 1792K, reserved 1048576K
Event: 111.639 GC heap after
Heap after GC invocations=4 (full 1):
 PSYoungGen      total 70656K, used 5108K [0x00000000d6900000, 0x00000000db300000, 0x0000000100000000)
  eden space 65536K, 0% used [0x00000000d6900000,0x00000000d6900000,0x00000000da900000)
  from space 5120K, 99% used [0x00000000da900000,0x00000000dadfd350,0x00000000dae00000)
  to   space 5120K, 0% used [0x00000000dae00000,0x00000000dae00000,0x00000000db300000)
 ParOldGen       total 86016K, used 12365K [0x0000000083a00000, 0x0000000088e00000, 0x00000000d6900000)
  object space 86016K, 14% used [0x0000000083a00000,0x0000000084613640,0x0000000088e00000)
 Metaspace       used 14083K, capacity 14558K, committed 14848K, reserved 1062912K
  class space    used 1605K, capacity 1745K, committed 1792K, reserved 1048576K
}
Event: 112.688 GC heap before
{Heap before GC invocations=5 (full 1):
 PSYoungGen      total 70656K, used 70644K [0x00000000d6900000, 0x00000000db300000, 0x0000000100000000)
  eden space 65536K, 100% used [0x00000000d6900000,0x00000000da900000,0x00000000da900000)
  from space 5120K, 99% used [0x00000000da900000,0x00000000dadfd350,0x00000000dae00000)
  to   space 5120K, 0% used [0x00000000dae00000,0x00000000dae00000,0x00000000db300000)
 ParOldGen       total 86016K, used 12365K [0x0000000083a00000, 0x0000000088e00000, 0x00000000d6900000)
  object space 86016K, 14% used [0x0000000083a00000,0x0000000084613640,0x0000000088e00000)
 Metaspace       used 14175K, capacity 14686K, committed 14848K, reserved 1062912K
  class space    used 1605K, capacity 1745K, committed 1792K, reserved 1048576K
Event: 112.736 GC heap after
Heap after GC invocations=5 (full 1):
 PSYoungGen      total 70656K, used 5112K [0x00000000d6900000, 0x00000000df300000, 0x0000000100000000)
  eden space 65536K, 0% used [0x00000000d6900000,0x00000000d6900000,0x00000000da900000)
  from space 5120K, 99% used [0x00000000dae00000,0x00000000db2fe360,0x00000000db300000)
  to   space 5120K, 0% used [0x00000000da900000,0x00000000da900000,0x00000000dae00000)
 ParOldGen       total 86016K, used 13785K [0x0000000083a00000, 0x0000000088e00000, 0x00000000d6900000)
  object space 86016K, 16% used [0x0000000083a00000,0x0000000084776500,0x0000000088e00000)
 Metaspace       used 14175K, capacity 14686K, committed 14848K, reserved 1062912K
  class space    used 1605K, capacity 1745K, committed 1792K, reserved 1048576K
}
Event: 113.375 GC heap before
{Heap before GC invocations=6 (full 1):
 PSYoungGen      total 70656K, used 70648K [0x00000000d6900000, 0x00000000df300000, 0x0000000100000000)
  eden space 65536K, 100% used [0x00000000d6900000,0x00000000da900000,0x00000000da900000)
  from space 5120K, 99% used [0x00000000dae00000,0x00000000db2fe360,0x00000000db300000)
  to   space 5120K, 0% used [0x00000000da900000,0x00000000da900000,0x00000000dae00000)
 ParOldGen       total 86016K, used 13785K [0x0000000083a00000, 0x0000000088e00000, 0x00000000d6900000)
  object space 86016K, 16% used [0x0000000083a00000,0x0000000084776500,0x0000000088e00000)
 Metaspace       used 14196K, capacity 14692K, committed 14848K, reserved 1062912K
  class space    used 1606K, capacity 1746K, committed 1792K, reserved 1048576K
Event: 113.393 GC heap after
Heap after GC invocations=6 (full 1):
 PSYoungGen      total 70656K, used 5116K [0x00000000d6900000, 0x00000000df300000, 0x0000000100000000)
  eden space 65536K, 0% used [0x00000000d6900000,0x00000000d6900000,0x00000000da900000)
  from space 5120K, 99% used [0x00000000da900000,0x00000000dadff1a0,0x00000000dae00000)
  to   space 5120K, 0% used [0x00000000dee00000,0x00000000dee00000,0x00000000df300000)
 ParOldGen       total 86016K, used 15056K [0x0000000083a00000, 0x0000000088e00000, 0x00000000d6900000)
  object space 86016K, 17% used [0x0000000083a00000,0x00000000848b43a0,0x0000000088e00000)
 Metaspace       used 14196K, capacity 14692K, committed 14848K, reserved 1062912K
  class space    used 1606K, capacity 1746K, committed 1792K, reserved 1048576K
}
Event: 113.971 GC heap before
{Heap before GC invocations=7 (full 1):
 PSYoungGen      total 70656K, used 70652K [0x00000000d6900000, 0x00000000df300000, 0x0000000100000000)
  eden space 65536K, 100% used [0x00000000d6900000,0x00000000da900000,0x00000000da900000)
  from space 5120K, 99% used [0x00000000da900000,0x00000000dadff1a0,0x00000000dae00000)
  to   space 5120K, 0% used [0x00000000dee00000,0x00000000dee00000,0x00000000df300000)
 ParOldGen       total 86016K, used 15056K [0x0000000083a00000, 0x0000000088e00000, 0x00000000d6900000)
  object space 86016K, 17% used [0x0000000083a00000,0x00000000848b43a0,0x0000000088e00000)
 Metaspace       used 14216K, capacity 14692K, committed 14848K, reserved 1062912K
  class space    used 1606K, capacity 1746K, committed 1792K, reserved 1048576K
Event: 114.019 GC heap after
Heap after GC invocations=7 (full 1):
 PSYoungGen      total 131072K, used 5116K [0x00000000d6900000, 0x00000000dfd00000, 0x0000000100000000)
  eden space 125952K, 0% used [0x00000000d6900000,0x00000000d6900000,0x00000000de400000)
  from space 5120K, 99% used [0x00000000dee00000,0x00000000df2ff190,0x00000000df300000)
  to   space 10240K, 0% used [0x00000000de400000,0x00000000de400000,0x00000000dee00000)
 ParOldGen       total 86016K, used 16791K [0x0000000083a00000, 0x0000000088e00000, 0x00000000d6900000)
  object space 86016K, 19% used [0x0000000083a00000,0x0000000084a65d28,0x0000000088e00000)
 Metaspace       used 14216K, capacity 14692K, committed 14848K, reserved 1062912K
  class space    used 1606K, capacity 1746K, committed 1792K, reserved 1048576K
}
Event: 119.719 GC heap before
{Heap before GC invocations=8 (full 1):
 PSYoungGen      total 131072K, used 131068K [0x00000000d6900000, 0x00000000dfd00000, 0x0000000100000000)
  eden space 125952K, 100% used [0x00000000d6900000,0x00000000de400000,0x00000000de400000)
  from space 5120K, 99% used [0x00000000dee00000,0x00000000df2ff190,0x00000000df300000)
  to   space 10240K, 0% used [0x00000000de400000,0x00000000de400000,0x00000000dee00000)
 ParOldGen       total 86016K, used 16791K [0x0000000083a00000, 0x0000000088e00000, 0x00000000d6900000)
  object space 86016K, 19% used [0x0000000083a00000,0x0000000084a65d28,0x0000000088e00000)
 Metaspace       used 15870K, capacity 16410K, committed 16640K, reserved 1064960K
  class space    used 1769K, capacity 1931K, committed 2048K, reserved 1048576K

Deoptimization events (10 events):
Event: 108.578 Thread 0x0000000001d40800 Uncommon trap: reason=unstable_if action=reinterpret pc=0x00007f65d1299834 method=org.evosuite.runtime.InitializingListenerUtils.getClassNameFromResourcePath(Ljava/lang/String;)Ljava/lang/String; @ 22
Event: 109.301 Thread 0x0000000001d40800 Uncommon trap: reason=uninitialized action=reinterpret pc=0x00007f65d13c913c method=java.io.ObjectInputStream$HandleTable.markDependency(II)V @ 125
Event: 109.425 Thread 0x0000000001d40800 Uncommon trap: reason=class_check action=maybe_recompile pc=0x00007f65d1423468 method=java.util.HashMap.putVal(ILjava/lang/Object;Ljava/lang/Object;ZZ)Ljava/lang/Object; @ 203
Event: 109.494 Thread 0x0000000001d40800 Uncommon trap: reason=class_check action=maybe_recompile pc=0x00007f65d1423468 method=java.util.HashMap.putVal(ILjava/lang/Object;Ljava/lang/Object;ZZ)Ljava/lang/Object; @ 203
Event: 109.494 Thread 0x0000000001d40800 Uncommon trap: reason=class_check action=maybe_recompile pc=0x00007f65d1423468 method=java.util.HashMap.putVal(ILjava/lang/Object;Ljava/lang/Object;ZZ)Ljava/lang/Object; @ 203
Event: 109.568 Thread 0x0000000001d40800 Uncommon trap: reason=class_check action=maybe_recompile pc=0x00007f65d1423468 method=java.util.HashMap.putVal(ILjava/lang/Object;Ljava/lang/Object;ZZ)Ljava/lang/Object; @ 203
Event: 110.660 Thread 0x0000000001d40800 Uncommon trap: reason=unstable_if action=reinterpret pc=0x00007f65d144b7c8 method=org.evosuite.shaded.org.objectweb.asm.Type.getArgumentsAndReturnSizes(Ljava/lang/String;)I @ 130
Event: 110.861 Thread 0x0000000001d40800 Uncommon trap: reason=unstable_if action=reinterpret pc=0x00007f65d1519180 method=java.lang.AbstractStringBuilder.append(I)Ljava/lang/AbstractStringBuilder; @ 16
Event: 110.918 Thread 0x0000000001d40800 Uncommon trap: reason=unstable_if action=reinterpret pc=0x00007f65d11dff78 method=java.lang.AbstractStringBuilder.append(Ljava/lang/String;)Ljava/lang/AbstractStringBuilder; @ 1
Event: 115.919 Thread 0x0000000001d40800 Uncommon trap: reason=unstable_if action=reinterpret pc=0x00007f65d14508d4 method=java.util.HashMap.putVal(ILjava/lang/Object;Ljava/lang/Object;ZZ)Ljava/lang/Object; @ 162

Classes redefined (0 events):
No events

Internal exceptions (10 events):
Event: 91.739 Thread 0x00007f65e0292000 Exception <a 'java/net/ConnectException'> (0x00000000d6f294c0) thrown at [/HUDSON/workspace/8-2-build-linux-amd64/jdk8u181/11358/hotspot/src/share/vm/prims/jni.cpp, line 709]
Event: 91.766 Thread 0x00007f65e0294000 Exception <a 'java/net/ConnectException'> (0x00000000d6fcd2f8) thrown at [/HUDSON/workspace/8-2-build-linux-amd64/jdk8u181/11358/hotspot/src/share/vm/prims/jni.cpp, line 709]
Event: 101.737 Thread 0x00007f65e0290800 Exception <a 'java/net/ConnectException'> (0x00000000d6e862e8) thrown at [/HUDSON/workspace/8-2-build-linux-amd64/jdk8u181/11358/hotspot/src/share/vm/prims/jni.cpp, line 709]
Event: 101.740 Thread 0x00007f65e0292000 Exception <a 'java/net/ConnectException'> (0x00000000d6f29fe8) thrown at [/HUDSON/workspace/8-2-build-linux-amd64/jdk8u181/11358/hotspot/src/share/vm/prims/jni.cpp, line 709]
Event: 101.767 Thread 0x00007f65e0294000 Exception <a 'java/net/ConnectException'> (0x00000000d6fcde20) thrown at [/HUDSON/workspace/8-2-build-linux-amd64/jdk8u181/11358/hotspot/src/share/vm/prims/jni.cpp, line 709]
Event: 108.447 Thread 0x0000000001d40800 Exception <a 'java/lang/NoSuchMethodError': <clinit>> (0x00000000d77cd830) thrown at [/HUDSON/workspace/8-2-build-linux-amd64/jdk8u181/11358/hotspot/src/share/vm/prims/jni.cpp, line 1613]
Event: 110.918 Thread 0x0000000001d40800 Implicit null exception at 0x00007f65d11dfbb6 to 0x00007f65d11dff61
Event: 111.738 Thread 0x00007f65e0290800 Exception <a 'java/net/ConnectException'> (0x00000000d72aa1a8) thrown at [/HUDSON/workspace/8-2-build-linux-amd64/jdk8u181/11358/hotspot/src/share/vm/prims/jni.cpp, line 709]
Event: 111.741 Thread 0x00007f65e0292000 Exception <a 'java/net/ConnectException'> (0x00000000d7314a60) thrown at [/HUDSON/workspace/8-2-build-linux-amd64/jdk8u181/11358/hotspot/src/share/vm/prims/jni.cpp, line 709]
Event: 111.768 Thread 0x00007f65e0294000 Exception <a 'java/net/ConnectException'> (0x00000000d73a82a8) thrown at [/HUDSON/workspace/8-2-build-linux-amd64/jdk8u181/11358/hotspot/src/share/vm/prims/jni.cpp, line 709]

Events (10 events):
Event: 116.206 loading class org/evosuite/runtime/mock/java/io/MockFileOutputStream done
Event: 116.206 loading class org/evosuite/runtime/LeakingResource
Event: 116.206 loading class org/evosuite/runtime/LeakingResource done
Event: 116.327 Thread 0x0000000001d40800 DEOPT PACKING pc=0x00007f65d16a9e8b sp=0x00007f658f9f3ff0
Event: 116.327 Thread 0x0000000001d40800 DEOPT UNPACKING pc=0x00007f65d1047784 sp=0x00007f658f9f3d90 mode 0
Event: 116.336 Thread 0x0000000001d40800 DEOPT PACKING pc=0x00007f65d16f5b84 sp=0x00007f658f9f43f0
Event: 116.336 Thread 0x0000000001d40800 DEOPT UNPACKING pc=0x00007f65d1047784 sp=0x00007f658f9f4198 mode 0
Event: 118.497 loading class java/lang/ExceptionInInitializerError
Event: 118.503 loading class java/lang/ExceptionInInitializerError done
Event: 119.719 Executing VM operation: ParallelGCFailedAllocation


Dynamic libraries:
00400000-00401000 r-xp 00000000 08:01 1448396                            /usr/lib/jvm/jdk1.8.0_181/bin/java
00600000-00601000 rw-p 00000000 08:01 1448396                            /usr/lib/jvm/jdk1.8.0_181/bin/java
01d3e000-01d5f000 rw-p 00000000 00:00 0                                  [heap]
83a00000-88e00000 rw-p 00000000 00:00 0 
88e00000-d6900000 ---p 00000000 00:00 0 
d6900000-dfd00000 rw-p 00000000 00:00 0 
e8700000-100000000 ---p 00000000 00:00 0 
100000000-100200000 rw-p 00000000 00:00 0 
100200000-140000000 ---p 00000000 00:00 0 
7f658f107000-7f658f339000 rw-p 00000000 00:00 0 
7f658f339000-7f658f4f9000 ---p 00000000 00:00 0 
7f658f4f9000-7f658f6f9000 rw-p 00000000 00:00 0 
7f658f6f9000-7f658f8f9000 rw-p 00000000 00:00 0 
7f658f8f9000-7f658f8fc000 ---p 00000000 00:00 0 
7f658f8fc000-7f658f9fa000 rw-p 00000000 00:00 0 
7f658f9fa000-7f658f9fd000 ---p 00000000 00:00 0 
7f658f9fd000-7f658fafb000 rw-p 00000000 00:00 0 
7f658fafb000-7f658fafe000 ---p 00000000 00:00 0 
7f658fafe000-7f658fbfc000 rw-p 00000000 00:00 0 
7f658fbfc000-7f658fbff000 ---p 00000000 00:00 0 
7f658fbff000-7f658fcfd000 rw-p 00000000 00:00 0 
7f658fcfd000-7f658fd00000 ---p 00000000 00:00 0 
7f658fd00000-7f658fdfe000 rw-p 00000000 00:00 0 
7f658fdfe000-7f658fe01000 ---p 00000000 00:00 0 
7f658fe01000-7f658feff000 rw-p 00000000 00:00 0 
7f658feff000-7f658ff02000 ---p 00000000 00:00 0 
7f658ff02000-7f6590000000 rw-p 00000000 00:00 0 
7f6590000000-7f6590021000 rw-p 00000000 00:00 0 
7f6590021000-7f6594000000 ---p 00000000 00:00 0 
7f6594000000-7f6594021000 rw-p 00000000 00:00 0 
7f6594021000-7f6598000000 ---p 00000000 00:00 0 
7f6598000000-7f6598021000 rw-p 00000000 00:00 0 
7f6598021000-7f659c000000 ---p 00000000 00:00 0 
7f659c000000-7f659c021000 rw-p 00000000 00:00 0 
7f659c021000-7f65a0000000 ---p 00000000 00:00 0 
7f65a0000000-7f65a0021000 rw-p 00000000 00:00 0 
7f65a0021000-7f65a4000000 ---p 00000000 00:00 0 
7f65a4000000-7f65a4021000 rw-p 00000000 00:00 0 
7f65a4021000-7f65a8000000 ---p 00000000 00:00 0 
7f65a8000000-7f65a9206000 rw-p 00000000 00:00 0 
7f65a9206000-7f65ac000000 ---p 00000000 00:00 0 
7f65ac000000-7f65acd44000 rw-p 00000000 00:00 0 
7f65acd44000-7f65b0000000 ---p 00000000 00:00 0 
7f65b0000000-7f65b0043000 rw-p 00000000 00:00 0 
7f65b0043000-7f65b4000000 ---p 00000000 00:00 0 
7f65b4000000-7f65b4021000 rw-p 00000000 00:00 0 
7f65b4021000-7f65b8000000 ---p 00000000 00:00 0 
7f65b8000000-7f65b8292000 rw-p 00000000 00:00 0 
7f65b8292000-7f65bc000000 ---p 00000000 00:00 0 
7f65bc000000-7f65bc021000 rw-p 00000000 00:00 0 
7f65bc021000-7f65c0000000 ---p 00000000 00:00 0 
7f65c0000000-7f65c0021000 rw-p 00000000 00:00 0 
7f65c0021000-7f65c4000000 ---p 00000000 00:00 0 
7f65c4060000-7f65c407c000 r--s 00393000 08:01 2756136                    /usr/lib/jvm/jdk1.8.0_181/jre/lib/ext/cldrdata.jar
7f65c407c000-7f65c407f000 ---p 00000000 00:00 0 
7f65c407f000-7f65c417d000 rw-p 00000000 00:00 0 
7f65c417d000-7f65c4180000 ---p 00000000 00:00 0 
7f65c4180000-7f65c427e000 rw-p 00000000 00:00 0 
7f65c427e000-7f65c4281000 ---p 00000000 00:00 0 
7f65c4281000-7f65c437f000 rw-p 00000000 00:00 0 
7f65c437f000-7f65c4382000 ---p 00000000 00:00 0 
7f65c4382000-7f65c4480000 rw-p 00000000 00:00 0 
7f65c4480000-7f65c4483000 ---p 00000000 00:00 0 
7f65c4483000-7f65c4581000 rw-p 00000000 00:00 0 
7f65c4581000-7f65c4584000 ---p 00000000 00:00 0 
7f65c4584000-7f65c4682000 rw-p 00000000 00:00 0 
7f65c4682000-7f65c4685000 ---p 00000000 00:00 0 
7f65c4685000-7f65c4983000 rw-p 00000000 00:00 0 
7f65c4983000-7f65c4cfc000 r--s 03346000 08:01 8070                       /home/whj/dowork/DiffTGen/extra_output/Closure_70_1_jaid/target/build/classes/all0.jar
7f65c4cfc000-7f65c4cff000 ---p 00000000 00:00 0 
7f65c4cff000-7f65c4dfd000 rw-p 00000000 00:00 0 
7f65c4dfd000-7f65c4e00000 ---p 00000000 00:00 0 
7f65c4e00000-7f65c4efe000 rw-p 00000000 00:00 0 
7f65c4efe000-7f65c4f01000 ---p 00000000 00:00 0 
7f65c4f01000-7f65c8000000 rw-p 00000000 00:00 0 
7f65c8000000-7f65c81ce000 rw-p 00000000 00:00 0 
7f65c81ce000-7f65cc000000 ---p 00000000 00:00 0 
7f65cc014000-7f65cc017000 ---p 00000000 00:00 0 
7f65cc017000-7f65cc04d000 rw-p 00000000 00:00 0 
7f65cc04d000-7f65cc0c6000 r--s 010f9000 08:01 1448503                    /usr/lib/jvm/jdk1.8.0_181/lib/tools.jar
7f65cc0c6000-7f65cc0dc000 r-xp 00000000 08:01 2756237                    /usr/lib/jvm/jdk1.8.0_181/jre/lib/amd64/libnet.so
7f65cc0dc000-7f65cc2dc000 ---p 00016000 08:01 2756237                    /usr/lib/jvm/jdk1.8.0_181/jre/lib/amd64/libnet.so
7f65cc2dc000-7f65cc2dd000 rw-p 00016000 08:01 2756237                    /usr/lib/jvm/jdk1.8.0_181/jre/lib/amd64/libnet.so
7f65cc2dd000-7f65cc50e000 r--s 01bb1000 08:01 1706762                    /home/whj/dowork/DiffTGen/lib/evosuite-1.0.6.jar
7f65cc50e000-7f65cc50f000 ---p 00000000 00:00 0 
7f65cc50f000-7f65cc60f000 rw-p 00000000 00:00 0 
7f65cc60f000-7f65cc612000 ---p 00000000 00:00 0 
7f65cc612000-7f65cc710000 rw-p 00000000 00:00 0 
7f65cc710000-7f65cc713000 ---p 00000000 00:00 0 
7f65cc713000-7f65cc811000 rw-p 00000000 00:00 0 
7f65cc811000-7f65cd1d0000 r--p 00000000 08:01 1316108                    /usr/lib/locale/locale-archive
7f65cd1d0000-7f65d1000000 rw-p 00000000 00:00 0 
7f65d1000000-7f65d1730000 rwxp 00000000 00:00 0 
7f65d1730000-7f65e0000000 ---p 00000000 00:00 0 
7f65e0000000-7f65e046c000 rw-p 00000000 00:00 0 
7f65e046c000-7f65e4000000 ---p 00000000 00:00 0 
7f65e4003000-7f65e4016000 r--s 00345000 08:01 2756119                    /usr/lib/jvm/jdk1.8.0_181/jre/lib/resources.jar
7f65e4016000-7f65e4019000 ---p 00000000 00:00 0 
7f65e4019000-7f65e4117000 rw-p 00000000 00:00 0 
7f65e4117000-7f65e411a000 ---p 00000000 00:00 0 
7f65e411a000-7f65e4218000 rw-p 00000000 00:00 0 
7f65e4218000-7f65e421b000 ---p 00000000 00:00 0 
7f65e421b000-7f65e4319000 rw-p 00000000 00:00 0 
7f65e4319000-7f65e431c000 ---p 00000000 00:00 0 
7f65e431c000-7f65e441a000 rw-p 00000000 00:00 0 
7f65e441a000-7f65e441b000 ---p 00000000 00:00 0 
7f65e441b000-7f65e4e24000 rw-p 00000000 00:00 0 
7f65e4e24000-7f65e4ffe000 r--s 03d6b000 08:01 2756084                    /usr/lib/jvm/jdk1.8.0_181/jre/lib/rt.jar
7f65e4ffe000-7f65e5c57000 rw-p 00000000 00:00 0 
7f65e5c57000-7f65e5c58000 ---p 00000000 00:00 0 
7f65e5c58000-7f65e5d58000 rw-p 00000000 00:00 0 
7f65e5d58000-7f65e5d59000 ---p 00000000 00:00 0 
7f65e5d59000-7f65e5e83000 rw-p 00000000 00:00 0 
7f65e5e83000-7f65e60f1000 ---p 00000000 00:00 0 
7f65e60f1000-7f65e611b000 rw-p 00000000 00:00 0 
7f65e611b000-7f65e6388000 ---p 00000000 00:00 0 
7f65e6388000-7f65e63d3000 rw-p 00000000 00:00 0 
7f65e63d3000-7f65e64d4000 ---p 00000000 00:00 0 
7f65e64d4000-7f65e64f2000 rw-p 00000000 00:00 0 
7f65e64f2000-7f65e6895000 ---p 00000000 00:00 0 
7f65e6895000-7f65e68b0000 r-xp 00000000 08:01 2756233                    /usr/lib/jvm/jdk1.8.0_181/jre/lib/amd64/libzip.so
7f65e68b0000-7f65e6ab0000 ---p 0001b000 08:01 2756233                    /usr/lib/jvm/jdk1.8.0_181/jre/lib/amd64/libzip.so
7f65e6ab0000-7f65e6ab1000 rw-p 0001b000 08:01 2756233                    /usr/lib/jvm/jdk1.8.0_181/jre/lib/amd64/libzip.so
7f65e6ab1000-7f65e6abc000 r-xp 00000000 08:01 1054188                    /lib/x86_64-linux-gnu/libnss_files-2.23.so
7f65e6abc000-7f65e6cbb000 ---p 0000b000 08:01 1054188                    /lib/x86_64-linux-gnu/libnss_files-2.23.so
7f65e6cbb000-7f65e6cbc000 r--p 0000a000 08:01 1054188                    /lib/x86_64-linux-gnu/libnss_files-2.23.so
7f65e6cbc000-7f65e6cbd000 rw-p 0000b000 08:01 1054188                    /lib/x86_64-linux-gnu/libnss_files-2.23.so
7f65e6cbd000-7f65e6cc3000 rw-p 00000000 00:00 0 
7f65e6cc3000-7f65e6cce000 r-xp 00000000 08:01 1054198                    /lib/x86_64-linux-gnu/libnss_nis-2.23.so
7f65e6cce000-7f65e6ecd000 ---p 0000b000 08:01 1054198                    /lib/x86_64-linux-gnu/libnss_nis-2.23.so
7f65e6ecd000-7f65e6ece000 r--p 0000a000 08:01 1054198                    /lib/x86_64-linux-gnu/libnss_nis-2.23.so
7f65e6ece000-7f65e6ecf000 rw-p 0000b000 08:01 1054198                    /lib/x86_64-linux-gnu/libnss_nis-2.23.so
7f65e6ecf000-7f65e6ee5000 r-xp 00000000 08:01 1054182                    /lib/x86_64-linux-gnu/libnsl-2.23.so
7f65e6ee5000-7f65e70e4000 ---p 00016000 08:01 1054182                    /lib/x86_64-linux-gnu/libnsl-2.23.so
7f65e70e4000-7f65e70e5000 r--p 00015000 08:01 1054182                    /lib/x86_64-linux-gnu/libnsl-2.23.so
7f65e70e5000-7f65e70e6000 rw-p 00016000 08:01 1054182                    /lib/x86_64-linux-gnu/libnsl-2.23.so
7f65e70e6000-7f65e70e8000 rw-p 00000000 00:00 0 
7f65e70e8000-7f65e70f0000 r-xp 00000000 08:01 1054184                    /lib/x86_64-linux-gnu/libnss_compat-2.23.so
7f65e70f0000-7f65e72ef000 ---p 00008000 08:01 1054184                    /lib/x86_64-linux-gnu/libnss_compat-2.23.so
7f65e72ef000-7f65e72f0000 r--p 00007000 08:01 1054184                    /lib/x86_64-linux-gnu/libnss_compat-2.23.so
7f65e72f0000-7f65e72f1000 rw-p 00008000 08:01 1054184                    /lib/x86_64-linux-gnu/libnss_compat-2.23.so
7f65e72f1000-7f65e731c000 r-xp 00000000 08:01 2756227                    /usr/lib/jvm/jdk1.8.0_181/jre/lib/amd64/libjava.so
7f65e731c000-7f65e751b000 ---p 0002b000 08:01 2756227                    /usr/lib/jvm/jdk1.8.0_181/jre/lib/amd64/libjava.so
7f65e751b000-7f65e751d000 rw-p 0002a000 08:01 2756227                    /usr/lib/jvm/jdk1.8.0_181/jre/lib/amd64/libjava.so
7f65e751d000-7f65e752a000 r-xp 00000000 08:01 2756232                    /usr/lib/jvm/jdk1.8.0_181/jre/lib/amd64/libverify.so
7f65e752a000-7f65e772a000 ---p 0000d000 08:01 2756232                    /usr/lib/jvm/jdk1.8.0_181/jre/lib/amd64/libverify.so
7f65e772a000-7f65e772c000 rw-p 0000d000 08:01 2756232                    /usr/lib/jvm/jdk1.8.0_181/jre/lib/amd64/libverify.so
7f65e772c000-7f65e7733000 r-xp 00000000 08:01 1054243                    /lib/x86_64-linux-gnu/librt-2.23.so
7f65e7733000-7f65e7932000 ---p 00007000 08:01 1054243                    /lib/x86_64-linux-gnu/librt-2.23.so
7f65e7932000-7f65e7933000 r--p 00006000 08:01 1054243                    /lib/x86_64-linux-gnu/librt-2.23.so
7f65e7933000-7f65e7934000 rw-p 00007000 08:01 1054243                    /lib/x86_64-linux-gnu/librt-2.23.so
7f65e7934000-7f65e7a3c000 r-xp 00000000 08:01 1054159                    /lib/x86_64-linux-gnu/libm-2.23.so
7f65e7a3c000-7f65e7c3b000 ---p 00108000 08:01 1054159                    /lib/x86_64-linux-gnu/libm-2.23.so
7f65e7c3b000-7f65e7c3c000 r--p 00107000 08:01 1054159                    /lib/x86_64-linux-gnu/libm-2.23.so
7f65e7c3c000-7f65e7c3d000 rw-p 00108000 08:01 1054159                    /lib/x86_64-linux-gnu/libm-2.23.so
7f65e7c3d000-7f65e8919000 r-xp 00000000 08:01 2756209                    /usr/lib/jvm/jdk1.8.0_181/jre/lib/amd64/server/libjvm.so
7f65e8919000-7f65e8b19000 ---p 00cdc000 08:01 2756209                    /usr/lib/jvm/jdk1.8.0_181/jre/lib/amd64/server/libjvm.so
7f65e8b19000-7f65e8bf3000 rw-p 00cdc000 08:01 2756209                    /usr/lib/jvm/jdk1.8.0_181/jre/lib/amd64/server/libjvm.so
7f65e8bf3000-7f65e8c3e000 rw-p 00000000 00:00 0 
7f65e8c3e000-7f65e8dfe000 r-xp 00000000 08:01 1054089                    /lib/x86_64-linux-gnu/libc-2.23.so
7f65e8dfe000-7f65e8ffe000 ---p 001c0000 08:01 1054089                    /lib/x86_64-linux-gnu/libc-2.23.so
7f65e8ffe000-7f65e9002000 r--p 001c0000 08:01 1054089                    /lib/x86_64-linux-gnu/libc-2.23.so
7f65e9002000-7f65e9004000 rw-p 001c4000 08:01 1054089                    /lib/x86_64-linux-gnu/libc-2.23.so
7f65e9004000-7f65e9008000 rw-p 00000000 00:00 0 
7f65e9008000-7f65e900b000 r-xp 00000000 08:01 1054113                    /lib/x86_64-linux-gnu/libdl-2.23.so
7f65e900b000-7f65e920a000 ---p 00003000 08:01 1054113                    /lib/x86_64-linux-gnu/libdl-2.23.so
7f65e920a000-7f65e920b000 r--p 00002000 08:01 1054113                    /lib/x86_64-linux-gnu/libdl-2.23.so
7f65e920b000-7f65e920c000 rw-p 00003000 08:01 1054113                    /lib/x86_64-linux-gnu/libdl-2.23.so
7f65e920c000-7f65e9222000 r-xp 00000000 08:01 1449032                    /usr/lib/jvm/jdk1.8.0_181/lib/amd64/jli/libjli.so
7f65e9222000-7f65e9421000 ---p 00016000 08:01 1449032                    /usr/lib/jvm/jdk1.8.0_181/lib/amd64/jli/libjli.so
7f65e9421000-7f65e9422000 rw-p 00015000 08:01 1449032                    /usr/lib/jvm/jdk1.8.0_181/lib/amd64/jli/libjli.so
7f65e9422000-7f65e943a000 r-xp 00000000 08:01 1054235                    /lib/x86_64-linux-gnu/libpthread-2.23.so
7f65e943a000-7f65e9639000 ---p 00018000 08:01 1054235                    /lib/x86_64-linux-gnu/libpthread-2.23.so
7f65e9639000-7f65e963a000 r--p 00017000 08:01 1054235                    /lib/x86_64-linux-gnu/libpthread-2.23.so
7f65e963a000-7f65e963b000 rw-p 00018000 08:01 1054235                    /lib/x86_64-linux-gnu/libpthread-2.23.so
7f65e963b000-7f65e963f000 rw-p 00000000 00:00 0 
7f65e963f000-7f65e9665000 r-xp 00000000 08:01 1054061                    /lib/x86_64-linux-gnu/ld-2.23.so
7f65e966b000-7f65e9675000 r--s 00116000 08:01 2756143                    /usr/lib/jvm/jdk1.8.0_181/jre/lib/ext/localedata.jar
7f65e9675000-7f65e9746000 rw-p 00000000 00:00 0 
7f65e9746000-7f65e9749000 ---p 00000000 00:00 0 
7f65e9749000-7f65e984c000 rw-p 00000000 00:00 0 
7f65e984c000-7f65e9851000 r--s 0009d000 08:01 2756133                    /usr/lib/jvm/jdk1.8.0_181/jre/lib/jsse.jar
7f65e9851000-7f65e9859000 r--s 0006e000 08:01 2248917                    /home/whj/dowork/DiffTGen/lib/commons-lang3-3.5.jar
7f65e9859000-7f65e985a000 r--s 00000000 08:01 2248922                    /home/whj/dowork/DiffTGen/lib/myprinter.jar
7f65e985a000-7f65e9862000 rw-s 00000000 08:01 1984686                    /tmp/hsperfdata_whj/60744
7f65e9862000-7f65e9863000 rw-p 00000000 00:00 0 
7f65e9863000-7f65e9864000 ---p 00000000 00:00 0 
7f65e9864000-7f65e9865000 r--p 00025000 08:01 1054061                    /lib/x86_64-linux-gnu/ld-2.23.so
7f65e9865000-7f65e9866000 rw-p 00026000 08:01 1054061                    /lib/x86_64-linux-gnu/ld-2.23.so
7f65e9866000-7f65e9867000 rw-p 00000000 00:00 0 
7ffd23eea000-7ffd23f0c000 rw-p 00000000 00:00 0                          [stack]
7ffd23fe0000-7ffd23fe3000 r--p 00000000 00:00 0                          [vvar]
7ffd23fe3000-7ffd23fe5000 r-xp 00000000 00:00 0                          [vdso]
ffffffffff600000-ffffffffff601000 r-xp 00000000 00:00 0                  [vsyscall]

VM Arguments:
java_command: /home/whj/dowork/DiffTGen/lib/evosuite-1.0.6.jar -base_dir /home/whj/dowork/DiffTGen/extra_output/Closure_70_1_jaid/target/0/27 -projectCP /home/whj/dowork/DiffTGen/extra_output/Closure_70_1_jaid/target/build/classes/all0.jar:/home/whj/dowork/DiffTGen/lib/myprinter.jar:/home/whj/dowork/DiffTGen/lib/commons-lang3-3.5.jar -class com.google.javascript.jscomp.TypedScopeCreator -Dassertions=false -Dsearch_budget=60
java_class_path (initial): /home/whj/dowork/DiffTGen/lib/evosuite-1.0.6.jar
Launcher Type: SUN_STANDARD

Environment Variables:
JAVA_HOME=/usr/lib/jvm/jdk1.8.0_181
JRE_HOME=/usr/lib/jvm/jdk1.8.0_181/jre
CLASSPATH=.:/usr/lib/jvm/jdk1.8.0_181/lib:/usr/lib/jvm/jdk1.8.0_181/jre/lib
PATH=/home/whj/perl5/bin:/home/whj/dowork/defects4j-1.2.0/framework/bin:/usr/lib/jvm/jdk1.8.0_181/bin:/usr/lib/jvm/jdk1.8.0_181/jre/bin:/home/whj/bin:/home/whj/.local/bin:/usr/local/sbin:/usr/local/bin:/usr/sbin:/usr/bin:/sbin:/bin:/usr/games:/usr/local/games" :/snap/bin:/home/whj/bin
SHELL=/bin/bash
DISPLAY=:0

Signal Handlers:
SIGSEGV: [libjvm.so+0xad2a40], sa_mask[0]=11111111011111111101111111111110, sa_flags=SA_RESTART|SA_SIGINFO
SIGBUS: [libjvm.so+0xad2a40], sa_mask[0]=11111111011111111101111111111110, sa_flags=SA_RESTART|SA_SIGINFO
SIGFPE: [libjvm.so+0x92a610], sa_mask[0]=11111111011111111101111111111110, sa_flags=SA_RESTART|SA_SIGINFO
SIGPIPE: [libjvm.so+0x92a610], sa_mask[0]=11111111011111111101111111111110, sa_flags=SA_RESTART|SA_SIGINFO
SIGXFSZ: [libjvm.so+0x92a610], sa_mask[0]=11111111011111111101111111111110, sa_flags=SA_RESTART|SA_SIGINFO
SIGILL: [libjvm.so+0x92a610], sa_mask[0]=11111111011111111101111111111110, sa_flags=SA_RESTART|SA_SIGINFO
SIGUSR1: SIG_DFL, sa_mask[0]=00000000000000000000000000000000, sa_flags=none
SIGUSR2: [libjvm.so+0x92be70], sa_mask[0]=00100000000000000000000000000000, sa_flags=SA_RESTART|SA_SIGINFO
SIGHUP: [libjvm.so+0x92d270], sa_mask[0]=11111111011111111101111111111110, sa_flags=SA_RESTART|SA_SIGINFO
SIGINT: [libjvm.so+0x92d270], sa_mask[0]=11111111011111111101111111111110, sa_flags=SA_RESTART|SA_SIGINFO
SIGTERM: [libjvm.so+0x92d270], sa_mask[0]=11111111011111111101111111111110, sa_flags=SA_RESTART|SA_SIGINFO
SIGQUIT: [libjvm.so+0x92d270], sa_mask[0]=11111111011111111101111111111110, sa_flags=SA_RESTART|SA_SIGINFO


---------------  S Y S T E M  ---------------

OS:DISTRIB_ID=Ubuntu
DISTRIB_RELEASE=16.04
DISTRIB_CODENAME=xenial
DISTRIB_DESCRIPTION="Ubuntu 16.04.6 LTS"

uname:Linux 4.15.0-91-generic #92~16.04.1-Ubuntu SMP Fri Feb 28 14:57:22 UTC 2020 x86_64
libc:glibc 2.23 NPTL 2.23 
rlimit: STACK 8192k, CORE 0k, NPROC 31576, NOFILE 1048576, AS infinity
load average:13.82 14.17 14.35

/proc/meminfo:
MemTotal:        8144704 kB
MemFree:          109592 kB
MemAvailable:          0 kB
Buffers:             372 kB
Cached:            20392 kB
SwapCached:         5336 kB
Active:          7312324 kB
Inactive:         241880 kB
Active(anon):    7301776 kB
Inactive(anon):   233212 kB
Active(file):      10548 kB
Inactive(file):     8668 kB
Unevictable:          32 kB
Mlocked:              32 kB
SwapTotal:        998396 kB
SwapFree:          27728 kB
Dirty:               296 kB
Writeback:          2020 kB
AnonPages:       7528572 kB
Mapped:            14280 kB
Shmem:              1252 kB
Slab:              93180 kB
SReclaimable:      31860 kB
SUnreclaim:        61320 kB
KernelStack:       14480 kB
PageTables:        47200 kB
NFS_Unstable:          0 kB
Bounce:                0 kB
WritebackTmp:          0 kB
CommitLimit:     5070748 kB
Committed_AS:   13687424 kB
VmallocTotal:   34359738367 kB
VmallocUsed:           0 kB
VmallocChunk:          0 kB
HardwareCorrupted:     0 kB
AnonHugePages:         0 kB
ShmemHugePages:        0 kB
ShmemPmdMapped:        0 kB
CmaTotal:              0 kB
CmaFree:               0 kB
HugePages_Total:       0
HugePages_Free:        0
HugePages_Rsvd:        0
HugePages_Surp:        0
Hugepagesize:       2048 kB
DirectMap4k:      143168 kB
DirectMap2M:     8245248 kB
DirectMap1G:     2097152 kB


CPU:total 2 (initial active 2) (2 cores per cpu, 1 threads per core) family 6 model 158 stepping 10, cmov, cx8, fxsr, mmx, sse, sse2, sse3, ssse3, sse4.1, sse4.2, popcnt, avx, avx2, aes, clmul, erms, 3dnowpref, lzcnt, tsc, tscinvbit, bmi1, bmi2, adx

/proc/cpuinfo:
processor	: 0
vendor_id	: GenuineIntel
cpu family	: 6
model		: 158
model name	: Intel(R) Core(TM) i7-8750H CPU @ 2.20GHz
stepping	: 10
microcode	: 0x96
cpu MHz		: 2207.999
cache size	: 9216 KB
physical id	: 0
siblings	: 2
core id		: 0
cpu cores	: 2
apicid		: 0
initial apicid	: 0
fpu		: yes
fpu_exception	: yes
cpuid level	: 22
wp		: yes
flags		: fpu vme de pse tsc msr pae mce cx8 apic sep mtrr pge mca cmov pat pse36 clflush mmx fxsr sse sse2 ss ht syscall nx pdpe1gb rdtscp lm constant_tsc arch_perfmon nopl xtopology tsc_reliable nonstop_tsc cpuid pni pclmulqdq ssse3 fma cx16 pcid sse4_1 sse4_2 x2apic movbe popcnt tsc_deadline_timer aes xsave avx f16c rdrand hypervisor lahf_lm abm 3dnowprefetch cpuid_fault invpcid_single pti ssbd ibrs ibpb stibp fsgsbase tsc_adjust bmi1 avx2 smep bmi2 invpcid rdseed adx smap xsaveopt arat flush_l1d arch_capabilities
bugs		: cpu_meltdown spectre_v1 spectre_v2 spec_store_bypass l1tf mds swapgs itlb_multihit
bogomips	: 4415.99
clflush size	: 64
cache_alignment	: 64
address sizes	: 42 bits physical, 48 bits virtual
power management:

processor	: 1
vendor_id	: GenuineIntel
cpu family	: 6
model		: 158
model name	: Intel(R) Core(TM) i7-8750H CPU @ 2.20GHz
stepping	: 10
microcode	: 0x96
cpu MHz		: 2207.999
cache size	: 9216 KB
physical id	: 0
siblings	: 2
core id		: 1
cpu cores	: 2
apicid		: 1
initial apicid	: 1
fpu		: yes
fpu_exception	: yes
cpuid level	: 22
wp		: yes
flags		: fpu vme de pse tsc msr pae mce cx8 apic sep mtrr pge mca cmov pat pse36 clflush mmx fxsr sse sse2 ss ht syscall nx pdpe1gb rdtscp lm constant_tsc arch_perfmon nopl xtopology tsc_reliable nonstop_tsc cpuid pni pclmulqdq ssse3 fma cx16 pcid sse4_1 sse4_2 x2apic movbe popcnt tsc_deadline_timer aes xsave avx f16c rdrand hypervisor lahf_lm abm 3dnowprefetch cpuid_fault invpcid_single pti ssbd ibrs ibpb stibp fsgsbase tsc_adjust bmi1 avx2 smep bmi2 invpcid rdseed adx smap xsaveopt arat flush_l1d arch_capabilities
bugs		: cpu_meltdown spectre_v1 spectre_v2 spec_store_bypass l1tf mds swapgs itlb_multihit
bogomips	: 4415.99
clflush size	: 64
cache_alignment	: 64
address sizes	: 42 bits physical, 48 bits virtual
power management:



Memory: 4k page, physical 8144704k(109592k free), swap 998396k(27728k free)

vm_info: Java HotSpot(TM) 64-Bit Server VM (25.181-b13) for linux-amd64 JRE (1.8.0_181-b13), built on Jul  7 2018 00:56:38 by "java_re" with gcc 4.3.0 20080428 (Red Hat 4.3.0-8)

time: Sat Mar 28 20:55:08 2020
elapsed time: 120 seconds (0d 0h 2m 0s)

