#
# There is insufficient memory for the Java Runtime Environment to continue.
# Native memory allocation (mmap) failed to map 67108864 bytes for committing reserved memory.
# Possible reasons:
#   The system is out of physical RAM or swap space
#   In 32 bit mode, the process size limit was hit
# Possible solutions:
#   Reduce memory load on the system
#   Increase physical memory or swap space
#   Check if swap backing store is full
#   Use 64 bit Java on a 64 bit OS
#   Decrease Java heap size (-Xmx/-Xms)
#   Decrease number of Java threads
#   Decrease Java thread stack sizes (-Xss)
#   Set larger code cache with -XX:ReservedCodeCacheSize=
# This output file may be truncated or incomplete.
#
#  Out of Memory Error (os_linux.cpp:2640), pid=2675, tid=0x00007ff76fbfb700
#
# JRE version: Java(TM) SE Runtime Environment (8.0_181-b13) (build 1.8.0_181-b13)
# Java VM: Java HotSpot(TM) 64-Bit Server VM (25.181-b13 mixed mode linux-amd64 compressed oops)
# Failed to write core dump. Core dumps have been disabled. To enable core dumping, try "ulimit -c unlimited" before starting Java again
#

---------------  T H R E A D  ---------------

Current thread (0x00007ff7880fb800):  VMThread [stack: 0x00007ff76fafb000,0x00007ff76fbfc000] [id=2703]

Stack: [0x00007ff76fafb000,0x00007ff76fbfc000],  sp=0x00007ff76fbfa2a0,  free space=1020k
Native frames: (J=compiled Java code, j=interpreted, Vv=VM code, C=native code)
V  [libjvm.so+0xad21aa]  VMError::report_and_die()+0x2ba
V  [libjvm.so+0x5022db]  report_vm_out_of_memory(char const*, int, unsigned long, VMErrorType, char const*)+0x8b
V  [libjvm.so+0x92fe33]  os::Linux::commit_memory_impl(char*, unsigned long, bool)+0x123
V  [libjvm.so+0x930059]  os::pd_commit_memory(char*, unsigned long, unsigned long, bool)+0x29
V  [libjvm.so+0x9272ba]  os::commit_memory(char*, unsigned long, unsigned long, bool)+0x2a
V  [libjvm.so+0x99d2e3]  PSVirtualSpace::expand_by(unsigned long)+0x53
V  [libjvm.so+0x99e6e8]  PSYoungGen::resize_generation(unsigned long, unsigned long)+0xf8
V  [libjvm.so+0x99d842]  PSYoungGen::resize(unsigned long, unsigned long)+0x22
V  [libjvm.so+0x99ab1b]  PSScavenge::invoke_no_policy()+0xf3b
V  [libjvm.so+0x99b2a1]  PSScavenge::invoke()+0x41
V  [libjvm.so+0x951d70]  ParallelScavengeHeap::failed_mem_allocate(unsigned long)+0x70
V  [libjvm.so+0xad3c27]  VM_ParallelGCFailedAllocation::doit()+0x97
V  [libjvm.so+0xadb745]  VM_Operation::evaluate()+0x55
V  [libjvm.so+0xad9b0a]  VMThread::evaluate_operation(VM_Operation*)+0xba
V  [libjvm.so+0xad9e8e]  VMThread::loop()+0x1ce
V  [libjvm.so+0xada300]  VMThread::run()+0x70
V  [libjvm.so+0x930198]  java_start(Thread*)+0x108

VM_Operation (0x00007ff76cfe26e0): ParallelGCFailedAllocation, mode: safepoint, requested by thread 0x0000000001689800


---------------  P R O C E S S  ---------------

Java Threads: ( => current thread )
  0x0000000001689800 JavaThread "RMI TCP Connection(2)-127.0.0.1" daemon [_thread_blocked, id=3096, stack(0x00007ff76cee9000,0x00007ff76cfea000)]
  0x00007ff760039000 JavaThread "RMI Scheduler(0)" daemon [_thread_blocked, id=3093, stack(0x00007ff76cfea000,0x00007ff76d0eb000)]
  0x00007ff760035800 JavaThread "RMI RenewClean-[127.0.0.1:11964]" daemon [_thread_blocked, id=3082, stack(0x00007ff76d0eb000,0x00007ff76d1ec000)]
  0x00007ff730001800 JavaThread "RMI TCP Connection(3)-127.0.0.1" daemon [_thread_in_native, id=3058, stack(0x00007ff76d1ec000,0x00007ff76d2ed000)]
  0x00007ff738005800 JavaThread "pool-3-thread-3" [_thread_in_native, id=3004, stack(0x00007ff76d2ed000,0x00007ff76d3ee000)]
  0x00007ff738003800 JavaThread "pool-3-thread-2" [_thread_in_native, id=3003, stack(0x00007ff76d3ee000,0x00007ff76d4ef000)]
  0x00007ff738002800 JavaThread "pool-3-thread-1" [_thread_in_native, id=2999, stack(0x00007ff76d4ef000,0x00007ff76d5f0000)]
  0x00007ff78844c000 JavaThread "Thread-3" [_thread_in_native, id=2873, stack(0x00007ff76d5f0000,0x00007ff76d6f1000)]
  0x00007ff78844a800 JavaThread "Thread-2" [_thread_in_native, id=2868, stack(0x00007ff76d6f1000,0x00007ff76d7f2000)]
  0x00007ff788449000 JavaThread "process reaper" daemon [_thread_in_native, id=2864, stack(0x00007ff78c025000,0x00007ff78c05e000)]
  0x00007ff788445800 JavaThread "pool-2-thread-1" [_thread_in_native, id=2814, stack(0x00007ff76d7f2000,0x00007ff76d8f3000)]
  0x00007ff788443000 JavaThread "GC Daemon" daemon [_thread_blocked, id=2803, stack(0x00007ff76d8f3000,0x00007ff76d9f4000)]
  0x00007ff78843e800 JavaThread "RMI Reaper" [_thread_blocked, id=2800, stack(0x00007ff76d9f4000,0x00007ff76daf5000)]
  0x00007ff788437800 JavaThread "RMI TCP Accept-15134" daemon [_thread_in_native, id=2796, stack(0x00007ff76daf5000,0x00007ff76dbf6000)]
  0x00007ff788430000 JavaThread "RMI TCP Accept-20761" daemon [_thread_in_native, id=2792, stack(0x00007ff76dbf6000,0x00007ff76dcf7000)]
  0x00007ff7882d3800 JavaThread "logback-3" daemon [_thread_blocked, id=2788, stack(0x00007ff76e2ea000,0x00007ff76e3eb000)]
  0x00007ff7882d2000 JavaThread "logback-2" daemon [_thread_blocked, id=2787, stack(0x00007ff76e3eb000,0x00007ff76e4ec000)]
  0x00007ff7882d0800 JavaThread "logback-1" daemon [_thread_blocked, id=2786, stack(0x00007ff76e4ec000,0x00007ff76e5ed000)]
  0x00007ff788141800 JavaThread "Service Thread" daemon [_thread_blocked, id=2748, stack(0x00007ff76eb36000,0x00007ff76ec37000)]
  0x00007ff78813f000 JavaThread "C1 CompilerThread1" daemon [_thread_blocked, id=2742, stack(0x00007ff76ec37000,0x00007ff76ed38000)]
  0x00007ff78813c000 JavaThread "C2 CompilerThread0" daemon [_thread_blocked, id=2736, stack(0x00007ff76ed38000,0x00007ff76ee39000)]
  0x00007ff78813a800 JavaThread "Signal Dispatcher" daemon [_thread_blocked, id=2729, stack(0x00007ff76ee39000,0x00007ff76ef3a000)]
  0x00007ff788107800 JavaThread "Finalizer" daemon [_thread_blocked, id=2723, stack(0x00007ff76f8f9000,0x00007ff76f9fa000)]
  0x00007ff788105000 JavaThread "Reference Handler" daemon [_thread_blocked, id=2713, stack(0x00007ff76f9fa000,0x00007ff76fafb000)]
  0x00007ff78800a800 JavaThread "main" [_thread_in_native, id=2683, stack(0x00007ff78fcc4000,0x00007ff78fdc5000)]

Other Threads:
=>0x00007ff7880fb800 VMThread [stack: 0x00007ff76fafb000,0x00007ff76fbfc000] [id=2703]
  0x00007ff788146800 WatcherThread [stack: 0x00007ff76ea35000,0x00007ff76eb36000] [id=2764]

VM state:at safepoint (normal execution)

VM Mutex/Monitor currently owned by a thread:  ([mutex/lock_event])
[0x00007ff788006ca0] Threads_lock - owner thread: 0x00007ff7880fb800
[0x00007ff7880071a0] Heap_lock - owner thread: 0x0000000001689800

Heap:
 PSYoungGen      total 70656K, used 5069K [0x00000000d6900000, 0x00000000db300000, 0x0000000100000000)
  eden space 65536K, 0% used [0x00000000d6900000,0x00000000d6900000,0x00000000da900000)
  from space 5120K, 99% used [0x00000000dae00000,0x00000000db2f3520,0x00000000db300000)
  to   space 5120K, 0% used [0x00000000da900000,0x00000000da900000,0x00000000dae00000)
 ParOldGen       total 86016K, used 11887K [0x0000000083a00000, 0x0000000088e00000, 0x00000000d6900000)
  object space 86016K, 13% used [0x0000000083a00000,0x000000008459bcf8,0x0000000088e00000)
 Metaspace       used 14450K, capacity 14914K, committed 15104K, reserved 1062912K
  class space    used 1640K, capacity 1791K, committed 1792K, reserved 1048576K

Card table byte_map: [0x00007ff78c66f000,0x00007ff78ca53000] byte_map_base: 0x00007ff78c252000

Marking Bits: (ParMarkBitMap*) 0x00007ff78f18f0a0
 Begin Bits: [0x00007ff7751d0000, 0x00007ff7770e8000)
 End Bits:   [0x00007ff7770e8000, 0x00007ff779000000)

Polling page: 0x00007ff78fde1000

CodeCache: size=245760Kb used=5972Kb max_used=5972Kb free=239787Kb
 bounds [0x00007ff779000000, 0x00007ff7795e0000, 0x00007ff788000000]
 total_blobs=2080 nmethods=1731 adapters=261
 compilation: enabled

Compilation events (10 events):
Event: 66.006 Thread 0x00007ff78813f000 1876       2       org.evosuite.shaded.org.objectweb.asm.Type::getInternalName (12 bytes)
Event: 66.007 Thread 0x00007ff78813f000 nmethod 1876 0x00007ff7791bbed0 code [0x00007ff7791bc040, 0x00007ff7791bc1f8]
Event: 66.046 Thread 0x00007ff78813f000 1877       2       org.evosuite.shaded.org.objectweb.asm.tree.JumpInsnNode::<init> (11 bytes)
Event: 66.046 Thread 0x00007ff78813f000 nmethod 1877 0x00007ff7791b35d0 code [0x00007ff7791b3720, 0x00007ff7791b3890]
Event: 66.089 Thread 0x00007ff78813f000 1878       2       java.util.AbstractList::listIterator (6 bytes)
Event: 66.089 Thread 0x00007ff78813f000 nmethod 1878 0x00007ff7791ba650 code [0x00007ff7791ba7c0, 0x00007ff7791ba948]
Event: 66.089 Thread 0x00007ff78813f000 1879       1       org.evosuite.coverage.mutation.Mutation::getInfectionDistance (5 bytes)
Event: 66.089 Thread 0x00007ff78813f000 nmethod 1879 0x00007ff7791ba390 code [0x00007ff7791ba4e0, 0x00007ff7791ba5f0]
Event: 66.089 Thread 0x00007ff78813f000 1880       1       org.evosuite.coverage.mutation.Mutation::getMutation (5 bytes)
Event: 66.089 Thread 0x00007ff78813f000 nmethod 1880 0x00007ff7791ba0d0 code [0x00007ff7791ba220, 0x00007ff7791ba330]

GC Heap History (9 events):
Event: 2.607 GC heap before
{Heap before GC invocations=1 (full 0):
 PSYoungGen      total 37888K, used 32768K [0x00000000d6900000, 0x00000000d9300000, 0x0000000100000000)
  eden space 32768K, 100% used [0x00000000d6900000,0x00000000d8900000,0x00000000d8900000)
  from space 5120K, 0% used [0x00000000d8e00000,0x00000000d8e00000,0x00000000d9300000)
  to   space 5120K, 0% used [0x00000000d8900000,0x00000000d8900000,0x00000000d8e00000)
 ParOldGen       total 86016K, used 0K [0x0000000083a00000, 0x0000000088e00000, 0x00000000d6900000)
  object space 86016K, 0% used [0x0000000083a00000,0x0000000083a00000,0x0000000088e00000)
 Metaspace       used 8391K, capacity 8470K, committed 8704K, reserved 1056768K
  class space    used 1004K, capacity 1012K, committed 1024K, reserved 1048576K
Event: 2.634 GC heap after
Heap after GC invocations=1 (full 0):
 PSYoungGen      total 37888K, used 5088K [0x00000000d6900000, 0x00000000db300000, 0x0000000100000000)
  eden space 32768K, 0% used [0x00000000d6900000,0x00000000d6900000,0x00000000d8900000)
  from space 5120K, 99% used [0x00000000d8900000,0x00000000d8df8050,0x00000000d8e00000)
  to   space 5120K, 0% used [0x00000000dae00000,0x00000000dae00000,0x00000000db300000)
 ParOldGen       total 86016K, used 1746K [0x0000000083a00000, 0x0000000088e00000, 0x00000000d6900000)
  object space 86016K, 2% used [0x0000000083a00000,0x0000000083bb48c0,0x0000000088e00000)
 Metaspace       used 8391K, capacity 8470K, committed 8704K, reserved 1056768K
  class space    used 1004K, capacity 1012K, committed 1024K, reserved 1048576K
}
Event: 3.507 GC heap before
{Heap before GC invocations=2 (full 0):
 PSYoungGen      total 37888K, used 34063K [0x00000000d6900000, 0x00000000db300000, 0x0000000100000000)
  eden space 32768K, 88% used [0x00000000d6900000,0x00000000d854be28,0x00000000d8900000)
  from space 5120K, 99% used [0x00000000d8900000,0x00000000d8df8050,0x00000000d8e00000)
  to   space 5120K, 0% used [0x00000000dae00000,0x00000000dae00000,0x00000000db300000)
 ParOldGen       total 86016K, used 1746K [0x0000000083a00000, 0x0000000088e00000, 0x00000000d6900000)
  object space 86016K, 2% used [0x0000000083a00000,0x0000000083bb48c0,0x0000000088e00000)
 Metaspace       used 10269K, capacity 10396K, committed 10624K, reserved 1058816K
  class space    used 1237K, capacity 1319K, committed 1408K, reserved 1048576K
Event: 3.580 GC heap after
Heap after GC invocations=2 (full 0):
 PSYoungGen      total 70656K, used 5120K [0x00000000d6900000, 0x00000000db300000, 0x0000000100000000)
  eden space 65536K, 0% used [0x00000000d6900000,0x00000000d6900000,0x00000000da900000)
  from space 5120K, 100% used [0x00000000dae00000,0x00000000db300000,0x00000000db300000)
  to   space 5120K, 0% used [0x00000000da900000,0x00000000da900000,0x00000000dae00000)
 ParOldGen       total 86016K, used 7035K [0x0000000083a00000, 0x0000000088e00000, 0x00000000d6900000)
  object space 86016K, 8% used [0x0000000083a00000,0x00000000840defd8,0x0000000088e00000)
 Metaspace       used 10269K, capacity 10396K, committed 10624K, reserved 1058816K
  class space    used 1237K, capacity 1319K, committed 1408K, reserved 1048576K
}
Event: 3.580 GC heap before
{Heap before GC invocations=3 (full 1):
 PSYoungGen      total 70656K, used 5120K [0x00000000d6900000, 0x00000000db300000, 0x0000000100000000)
  eden space 65536K, 0% used [0x00000000d6900000,0x00000000d6900000,0x00000000da900000)
  from space 5120K, 100% used [0x00000000dae00000,0x00000000db300000,0x00000000db300000)
  to   space 5120K, 0% used [0x00000000da900000,0x00000000da900000,0x00000000dae00000)
 ParOldGen       total 86016K, used 7035K [0x0000000083a00000, 0x0000000088e00000, 0x00000000d6900000)
  object space 86016K, 8% used [0x0000000083a00000,0x00000000840defd8,0x0000000088e00000)
 Metaspace       used 10269K, capacity 10396K, committed 10624K, reserved 1058816K
  class space    used 1237K, capacity 1319K, committed 1408K, reserved 1048576K
Event: 3.846 GC heap after
Heap after GC invocations=3 (full 1):
 PSYoungGen      total 70656K, used 0K [0x00000000d6900000, 0x00000000db300000, 0x0000000100000000)
  eden space 65536K, 0% used [0x00000000d6900000,0x00000000d6900000,0x00000000da900000)
  from space 5120K, 0% used [0x00000000dae00000,0x00000000dae00000,0x00000000db300000)
  to   space 5120K, 0% used [0x00000000da900000,0x00000000da900000,0x00000000dae00000)
 ParOldGen       total 86016K, used 10668K [0x0000000083a00000, 0x0000000088e00000, 0x00000000d6900000)
  object space 86016K, 12% used [0x0000000083a00000,0x000000008446b278,0x0000000088e00000)
 Metaspace       used 10261K, capacity 10386K, committed 10624K, reserved 1058816K
  class space    used 1236K, capacity 1317K, committed 1408K, reserved 1048576K
}
Event: 65.023 GC heap before
{Heap before GC invocations=4 (full 1):
 PSYoungGen      total 70656K, used 65536K [0x00000000d6900000, 0x00000000db300000, 0x0000000100000000)
  eden space 65536K, 100% used [0x00000000d6900000,0x00000000da900000,0x00000000da900000)
  from space 5120K, 0% used [0x00000000dae00000,0x00000000dae00000,0x00000000db300000)
  to   space 5120K, 0% used [0x00000000da900000,0x00000000da900000,0x00000000dae00000)
 ParOldGen       total 86016K, used 10668K [0x0000000083a00000, 0x0000000088e00000, 0x00000000d6900000)
  object space 86016K, 12% used [0x0000000083a00000,0x000000008446b278,0x0000000088e00000)
 Metaspace       used 14368K, capacity 14786K, committed 14848K, reserved 1062912K
  class space    used 1640K, capacity 1791K, committed 1792K, reserved 1048576K
Event: 65.046 GC heap after
Heap after GC invocations=4 (full 1):
 PSYoungGen      total 70656K, used 5099K [0x00000000d6900000, 0x00000000db300000, 0x0000000100000000)
  eden space 65536K, 0% used [0x00000000d6900000,0x00000000d6900000,0x00000000da900000)
  from space 5120K, 99% used [0x00000000da900000,0x00000000dadfafd8,0x00000000dae00000)
  to   space 5120K, 0% used [0x00000000dae00000,0x00000000dae00000,0x00000000db300000)
 ParOldGen       total 86016K, used 11887K [0x0000000083a00000, 0x0000000088e00000, 0x00000000d6900000)
  object space 86016K, 13% used [0x0000000083a00000,0x000000008459bcf8,0x0000000088e00000)
 Metaspace       used 14368K, capacity 14786K, committed 14848K, reserved 1062912K
  class space    used 1640K, capacity 1791K, committed 1792K, reserved 1048576K
}
Event: 66.107 GC heap before
{Heap before GC invocations=5 (full 1):
 PSYoungGen      total 70656K, used 70635K [0x00000000d6900000, 0x00000000db300000, 0x0000000100000000)
  eden space 65536K, 100% used [0x00000000d6900000,0x00000000da900000,0x00000000da900000)
  from space 5120K, 99% used [0x00000000da900000,0x00000000dadfafd8,0x00000000dae00000)
  to   space 5120K, 0% used [0x00000000dae00000,0x00000000dae00000,0x00000000db300000)
 ParOldGen       total 86016K, used 11887K [0x0000000083a00000, 0x0000000088e00000, 0x00000000d6900000)
  object space 86016K, 13% used [0x0000000083a00000,0x000000008459bcf8,0x0000000088e00000)
 Metaspace       used 14450K, capacity 14914K, committed 15104K, reserved 1062912K
  class space    used 1640K, capacity 1791K, committed 1792K, reserved 1048576K

Deoptimization events (10 events):
Event: 60.377 Thread 0x0000000001689800 Uncommon trap: reason=uninitialized action=reinterpret pc=0x00007ff7793ea700 method=java.io.ObjectInputStream$HandleTable.markDependency(II)V @ 110
Event: 60.716 Thread 0x0000000001689800 Uncommon trap: reason=unstable_if action=reinterpret pc=0x00007ff7792ce0fc method=org.evosuite.runtime.InitializingListenerUtils.getClassNameFromResourcePath(Ljava/lang/String;)Ljava/lang/String; @ 22
Event: 61.999 Thread 0x0000000001689800 Uncommon trap: reason=class_check action=maybe_recompile pc=0x00007ff77947a7f4 method=java.util.HashMap.putVal(ILjava/lang/Object;Ljava/lang/Object;ZZ)Ljava/lang/Object; @ 203
Event: 62.275 Thread 0x0000000001689800 Uncommon trap: reason=class_check action=maybe_recompile pc=0x00007ff77947a7f4 method=java.util.HashMap.putVal(ILjava/lang/Object;Ljava/lang/Object;ZZ)Ljava/lang/Object; @ 203
Event: 62.435 Thread 0x0000000001689800 Uncommon trap: reason=class_check action=maybe_recompile pc=0x00007ff77947a7f4 method=java.util.HashMap.putVal(ILjava/lang/Object;Ljava/lang/Object;ZZ)Ljava/lang/Object; @ 203
Event: 62.435 Thread 0x0000000001689800 Uncommon trap: reason=class_check action=maybe_recompile pc=0x00007ff77947a7f4 method=java.util.HashMap.putVal(ILjava/lang/Object;Ljava/lang/Object;ZZ)Ljava/lang/Object; @ 203
Event: 63.596 Thread 0x0000000001689800 Uncommon trap: reason=range_check action=make_not_entrant pc=0x00007ff7794bf748 method=org.evosuite.shaded.org.objectweb.asm.Type.getType([CI)Lorg/evosuite/shaded/org/objectweb/asm/Type; @ 162
Event: 65.290 Thread 0x0000000001689800 Uncommon trap: reason=unstable_if action=reinterpret pc=0x00007ff7791edc2c method=java.lang.AbstractStringBuilder.append(Ljava/lang/String;)Ljava/lang/AbstractStringBuilder; @ 1
Event: 65.394 Thread 0x0000000001689800 Uncommon trap: reason=predicate action=maybe_recompile pc=0x00007ff779163038 method=java.util.ArrayList.indexOf(Ljava/lang/Object;)I @ 44
Event: 65.768 Thread 0x0000000001689800 Uncommon trap: reason=unstable_if action=reinterpret pc=0x00007ff779173508 method=org.evosuite.instrumentation.coverage.BranchInstrumentation.analyze(Ljava/lang/ClassLoader;Lorg/evosuite/shaded/org/objectweb/asm/tree/MethodNode;Ljava/lang/String;Ljava/lan

Classes redefined (0 events):
No events

Internal exceptions (10 events):
Event: 41.634 Thread 0x00007ff7882d0800 Exception <a 'java/net/ConnectException'> (0x00000000d6f24560) thrown at [/HUDSON/workspace/8-2-build-linux-amd64/jdk8u181/11358/hotspot/src/share/vm/prims/jni.cpp, line 709]
Event: 41.639 Thread 0x00007ff7882d3800 Exception <a 'java/net/ConnectException'> (0x00000000d6fc8398) thrown at [/HUDSON/workspace/8-2-build-linux-amd64/jdk8u181/11358/hotspot/src/share/vm/prims/jni.cpp, line 709]
Event: 51.631 Thread 0x00007ff7882d2000 Exception <a 'java/net/ConnectException'> (0x00000000d6e81388) thrown at [/HUDSON/workspace/8-2-build-linux-amd64/jdk8u181/11358/hotspot/src/share/vm/prims/jni.cpp, line 709]
Event: 51.634 Thread 0x00007ff7882d0800 Exception <a 'java/net/ConnectException'> (0x00000000d6f25088) thrown at [/HUDSON/workspace/8-2-build-linux-amd64/jdk8u181/11358/hotspot/src/share/vm/prims/jni.cpp, line 709]
Event: 51.640 Thread 0x00007ff7882d3800 Exception <a 'java/net/ConnectException'> (0x00000000d6fc8ec0) thrown at [/HUDSON/workspace/8-2-build-linux-amd64/jdk8u181/11358/hotspot/src/share/vm/prims/jni.cpp, line 709]
Event: 60.060 Thread 0x0000000001689800 Exception <a 'java/lang/NoSuchMethodError': <clinit>> (0x00000000d76db510) thrown at [/HUDSON/workspace/8-2-build-linux-amd64/jdk8u181/11358/hotspot/src/share/vm/prims/jni.cpp, line 1613]
Event: 61.631 Thread 0x00007ff7882d2000 Exception <a 'java/net/ConnectException'> (0x00000000d6e81eb0) thrown at [/HUDSON/workspace/8-2-build-linux-amd64/jdk8u181/11358/hotspot/src/share/vm/prims/jni.cpp, line 709]
Event: 61.634 Thread 0x00007ff7882d0800 Exception <a 'java/net/ConnectException'> (0x00000000d6f25bb0) thrown at [/HUDSON/workspace/8-2-build-linux-amd64/jdk8u181/11358/hotspot/src/share/vm/prims/jni.cpp, line 709]
Event: 61.640 Thread 0x00007ff7882d3800 Exception <a 'java/net/ConnectException'> (0x00000000d6fc99e8) thrown at [/HUDSON/workspace/8-2-build-linux-amd64/jdk8u181/11358/hotspot/src/share/vm/prims/jni.cpp, line 709]
Event: 65.290 Thread 0x0000000001689800 Implicit null exception at 0x00007ff7791ed834 to 0x00007ff7791edc15

Events (10 events):
Event: 65.561 Thread 0x0000000001689800 DEOPT PACKING pc=0x00007ff77959bb76 sp=0x00007ff76cfe2cd0
Event: 65.561 Thread 0x0000000001689800 DEOPT UNPACKING pc=0x00007ff779047784 sp=0x00007ff76cfe2a20 mode 0
Event: 65.684 Thread 0x0000000001689800 DEOPT PACKING pc=0x00007ff7791a0964 sp=0x00007ff76cfe2b90
Event: 65.684 Thread 0x0000000001689800 DEOPT UNPACKING pc=0x00007ff779047784 sp=0x00007ff76cfe28d8 mode 0
Event: 65.768 Thread 0x0000000001689800 DEOPT PACKING pc=0x00007ff7795ad8c9 sp=0x00007ff76cfe2d90
Event: 65.768 Thread 0x0000000001689800 DEOPT UNPACKING pc=0x00007ff779047784 sp=0x00007ff76cfe2c00 mode 0
Event: 65.768 Thread 0x0000000001689800 Uncommon trap: trap_request=0xffffff65 fr.pc=0x00007ff779173508
Event: 65.768 Thread 0x0000000001689800 DEOPT PACKING pc=0x00007ff779173508 sp=0x00007ff76cfe2e80
Event: 65.768 Thread 0x0000000001689800 DEOPT UNPACKING pc=0x00007ff77904573a sp=0x00007ff76cfe2e88 mode 2
Event: 66.107 Executing VM operation: ParallelGCFailedAllocation


Dynamic libraries:
00400000-00401000 r-xp 00000000 08:01 1448396                            /usr/lib/jvm/jdk1.8.0_181/bin/java
00600000-00601000 rw-p 00000000 08:01 1448396                            /usr/lib/jvm/jdk1.8.0_181/bin/java
01687000-016a8000 rw-p 00000000 00:00 0                                  [heap]
83a00000-88e00000 rw-p 00000000 00:00 0 
88e00000-d6900000 ---p 00000000 00:00 0 
d6900000-db300000 rw-p 00000000 00:00 0 
df300000-100000000 ---p 00000000 00:00 0 
100000000-1001c0000 rw-p 00000000 00:00 0 
1001c0000-140000000 ---p 00000000 00:00 0 
7ff730000000-7ff730021000 rw-p 00000000 00:00 0 
7ff730021000-7ff734000000 ---p 00000000 00:00 0 
7ff738000000-7ff738021000 rw-p 00000000 00:00 0 
7ff738021000-7ff73c000000 ---p 00000000 00:00 0 
7ff73c000000-7ff73c021000 rw-p 00000000 00:00 0 
7ff73c021000-7ff740000000 ---p 00000000 00:00 0 
7ff740000000-7ff740021000 rw-p 00000000 00:00 0 
7ff740021000-7ff744000000 ---p 00000000 00:00 0 
7ff744000000-7ff744021000 rw-p 00000000 00:00 0 
7ff744021000-7ff748000000 ---p 00000000 00:00 0 
7ff748fff000-7ff74c000000 rw-p 00000000 00:00 0 
7ff74c000000-7ff74c9f5000 rw-p 00000000 00:00 0 
7ff74c9f5000-7ff750000000 ---p 00000000 00:00 0 
7ff750000000-7ff750021000 rw-p 00000000 00:00 0 
7ff750021000-7ff754000000 ---p 00000000 00:00 0 
7ff754000000-7ff754021000 rw-p 00000000 00:00 0 
7ff754021000-7ff758000000 ---p 00000000 00:00 0 
7ff758000000-7ff758519000 rw-p 00000000 00:00 0 
7ff758519000-7ff75c000000 ---p 00000000 00:00 0 
7ff75c000000-7ff75c021000 rw-p 00000000 00:00 0 
7ff75c021000-7ff760000000 ---p 00000000 00:00 0 
7ff760000000-7ff76003c000 rw-p 00000000 00:00 0 
7ff76003c000-7ff764000000 ---p 00000000 00:00 0 
7ff764000000-7ff7642c4000 rw-p 00000000 00:00 0 
7ff7642c4000-7ff768000000 ---p 00000000 00:00 0 
7ff768000000-7ff7681da000 rw-p 00000000 00:00 0 
7ff7681da000-7ff76c000000 ---p 00000000 00:00 0 
7ff76cad6000-7ff76cbd6000 rw-p 00000000 00:00 0 
7ff76cbd6000-7ff76ccd6000 ---p 00000000 00:00 0 
7ff76ccd6000-7ff76cce9000 r--s 00345000 08:01 2756119                    /usr/lib/jvm/jdk1.8.0_181/jre/lib/resources.jar
7ff76cce9000-7ff76cee9000 rw-p 00000000 00:00 0 
7ff76cee9000-7ff76ceec000 ---p 00000000 00:00 0 
7ff76ceec000-7ff76cfea000 rw-p 00000000 00:00 0 
7ff76cfea000-7ff76cfed000 ---p 00000000 00:00 0 
7ff76cfed000-7ff76d0eb000 rw-p 00000000 00:00 0 
7ff76d0eb000-7ff76d0ee000 ---p 00000000 00:00 0 
7ff76d0ee000-7ff76d1ec000 rw-p 00000000 00:00 0 
7ff76d1ec000-7ff76d1ef000 ---p 00000000 00:00 0 
7ff76d1ef000-7ff76d2ed000 rw-p 00000000 00:00 0 
7ff76d2ed000-7ff76d2f0000 ---p 00000000 00:00 0 
7ff76d2f0000-7ff76d3ee000 rw-p 00000000 00:00 0 
7ff76d3ee000-7ff76d3f1000 ---p 00000000 00:00 0 
7ff76d3f1000-7ff76d4ef000 rw-p 00000000 00:00 0 
7ff76d4ef000-7ff76d4f2000 ---p 00000000 00:00 0 
7ff76d4f2000-7ff76d5f0000 rw-p 00000000 00:00 0 
7ff76d5f0000-7ff76d5f3000 ---p 00000000 00:00 0 
7ff76d5f3000-7ff76d6f1000 rw-p 00000000 00:00 0 
7ff76d6f1000-7ff76d6f4000 ---p 00000000 00:00 0 
7ff76d6f4000-7ff76d7f2000 rw-p 00000000 00:00 0 
7ff76d7f2000-7ff76d7f5000 ---p 00000000 00:00 0 
7ff76d7f5000-7ff76d8f3000 rw-p 00000000 00:00 0 
7ff76d8f3000-7ff76d8f6000 ---p 00000000 00:00 0 
7ff76d8f6000-7ff76d9f4000 rw-p 00000000 00:00 0 
7ff76d9f4000-7ff76d9f7000 ---p 00000000 00:00 0 
7ff76d9f7000-7ff76daf5000 rw-p 00000000 00:00 0 
7ff76daf5000-7ff76daf8000 ---p 00000000 00:00 0 
7ff76daf8000-7ff76dbf6000 rw-p 00000000 00:00 0 
7ff76dbf6000-7ff76dbf9000 ---p 00000000 00:00 0 
7ff76dbf9000-7ff76def7000 rw-p 00000000 00:00 0 
7ff76def7000-7ff76e271000 r--s 03357000 08:01 2173                       /home/whj/dowork/DiffTGen/extra_output/Closure_40_1_jaid/target/build/classes/all0.jar
7ff76e271000-7ff76e2ea000 r--s 010f9000 08:01 1448503                    /usr/lib/jvm/jdk1.8.0_181/lib/tools.jar
7ff76e2ea000-7ff76e2ed000 ---p 00000000 00:00 0 
7ff76e2ed000-7ff76e3eb000 rw-p 00000000 00:00 0 
7ff76e3eb000-7ff76e3ee000 ---p 00000000 00:00 0 
7ff76e3ee000-7ff76e4ec000 rw-p 00000000 00:00 0 
7ff76e4ec000-7ff76e4ef000 ---p 00000000 00:00 0 
7ff76e4ef000-7ff76e5ed000 rw-p 00000000 00:00 0 
7ff76e5ed000-7ff76e603000 r-xp 00000000 08:01 2756237                    /usr/lib/jvm/jdk1.8.0_181/jre/lib/amd64/libnet.so
7ff76e603000-7ff76e803000 ---p 00016000 08:01 2756237                    /usr/lib/jvm/jdk1.8.0_181/jre/lib/amd64/libnet.so
7ff76e803000-7ff76e804000 rw-p 00016000 08:01 2756237                    /usr/lib/jvm/jdk1.8.0_181/jre/lib/amd64/libnet.so
7ff76e804000-7ff76ea35000 r--s 01bb1000 08:01 1706762                    /home/whj/dowork/DiffTGen/lib/evosuite-1.0.6.jar
7ff76ea35000-7ff76ea36000 ---p 00000000 00:00 0 
7ff76ea36000-7ff76eb36000 rw-p 00000000 00:00 0 
7ff76eb36000-7ff76eb39000 ---p 00000000 00:00 0 
7ff76eb39000-7ff76ec37000 rw-p 00000000 00:00 0 
7ff76ec37000-7ff76ec3a000 ---p 00000000 00:00 0 
7ff76ec3a000-7ff76ed38000 rw-p 00000000 00:00 0 
7ff76ed38000-7ff76ed3b000 ---p 00000000 00:00 0 
7ff76ed3b000-7ff76ee39000 rw-p 00000000 00:00 0 
7ff76ee39000-7ff76ee3c000 ---p 00000000 00:00 0 
7ff76ee3c000-7ff76ef3a000 rw-p 00000000 00:00 0 
7ff76ef3a000-7ff76f8f9000 r--p 00000000 08:01 1316108                    /usr/lib/locale/locale-archive
7ff76f8f9000-7ff76f8fc000 ---p 00000000 00:00 0 
7ff76f8fc000-7ff76f9fa000 rw-p 00000000 00:00 0 
7ff76f9fa000-7ff76f9fd000 ---p 00000000 00:00 0 
7ff76f9fd000-7ff76fafb000 rw-p 00000000 00:00 0 
7ff76fafb000-7ff76fafc000 ---p 00000000 00:00 0 
7ff76fafc000-7ff770000000 rw-p 00000000 00:00 0 
7ff770000000-7ff770021000 rw-p 00000000 00:00 0 
7ff770021000-7ff774000000 ---p 00000000 00:00 0 
7ff77400f000-7ff774413000 rw-p 00000000 00:00 0 
7ff774413000-7ff7745ed000 r--s 03d6b000 08:01 2756084                    /usr/lib/jvm/jdk1.8.0_181/jre/lib/rt.jar
7ff7745ed000-7ff779000000 rw-p 00000000 00:00 0 
7ff779000000-7ff7795e0000 rwxp 00000000 00:00 0 
7ff7795e0000-7ff788000000 ---p 00000000 00:00 0 
7ff788000000-7ff7884ac000 rw-p 00000000 00:00 0 
7ff7884ac000-7ff78c000000 ---p 00000000 00:00 0 
7ff78c009000-7ff78c025000 r--s 00393000 08:01 2756136                    /usr/lib/jvm/jdk1.8.0_181/jre/lib/ext/cldrdata.jar
7ff78c025000-7ff78c028000 ---p 00000000 00:00 0 
7ff78c028000-7ff78c1d5000 rw-p 00000000 00:00 0 
7ff78c1d5000-7ff78c1d6000 ---p 00000000 00:00 0 
7ff78c1d6000-7ff78c2d6000 rw-p 00000000 00:00 0 
7ff78c2d6000-7ff78c2d7000 ---p 00000000 00:00 0 
7ff78c2d7000-7ff78c401000 rw-p 00000000 00:00 0 
7ff78c401000-7ff78c66f000 ---p 00000000 00:00 0 
7ff78c66f000-7ff78c699000 rw-p 00000000 00:00 0 
7ff78c699000-7ff78c906000 ---p 00000000 00:00 0 
7ff78c906000-7ff78c92c000 rw-p 00000000 00:00 0 
7ff78c92c000-7ff78ca52000 ---p 00000000 00:00 0 
7ff78ca52000-7ff78ca6b000 rw-p 00000000 00:00 0 
7ff78ca6b000-7ff78ce13000 ---p 00000000 00:00 0 
7ff78ce13000-7ff78ce2e000 r-xp 00000000 08:01 2756233                    /usr/lib/jvm/jdk1.8.0_181/jre/lib/amd64/libzip.so
7ff78ce2e000-7ff78d02e000 ---p 0001b000 08:01 2756233                    /usr/lib/jvm/jdk1.8.0_181/jre/lib/amd64/libzip.so
7ff78d02e000-7ff78d02f000 rw-p 0001b000 08:01 2756233                    /usr/lib/jvm/jdk1.8.0_181/jre/lib/amd64/libzip.so
7ff78d02f000-7ff78d03a000 r-xp 00000000 08:01 1054188                    /lib/x86_64-linux-gnu/libnss_files-2.23.so
7ff78d03a000-7ff78d239000 ---p 0000b000 08:01 1054188                    /lib/x86_64-linux-gnu/libnss_files-2.23.so
7ff78d239000-7ff78d23a000 r--p 0000a000 08:01 1054188                    /lib/x86_64-linux-gnu/libnss_files-2.23.so
7ff78d23a000-7ff78d23b000 rw-p 0000b000 08:01 1054188                    /lib/x86_64-linux-gnu/libnss_files-2.23.so
7ff78d23b000-7ff78d241000 rw-p 00000000 00:00 0 
7ff78d241000-7ff78d24c000 r-xp 00000000 08:01 1054198                    /lib/x86_64-linux-gnu/libnss_nis-2.23.so
7ff78d24c000-7ff78d44b000 ---p 0000b000 08:01 1054198                    /lib/x86_64-linux-gnu/libnss_nis-2.23.so
7ff78d44b000-7ff78d44c000 r--p 0000a000 08:01 1054198                    /lib/x86_64-linux-gnu/libnss_nis-2.23.so
7ff78d44c000-7ff78d44d000 rw-p 0000b000 08:01 1054198                    /lib/x86_64-linux-gnu/libnss_nis-2.23.so
7ff78d44d000-7ff78d463000 r-xp 00000000 08:01 1054182                    /lib/x86_64-linux-gnu/libnsl-2.23.so
7ff78d463000-7ff78d662000 ---p 00016000 08:01 1054182                    /lib/x86_64-linux-gnu/libnsl-2.23.so
7ff78d662000-7ff78d663000 r--p 00015000 08:01 1054182                    /lib/x86_64-linux-gnu/libnsl-2.23.so
7ff78d663000-7ff78d664000 rw-p 00016000 08:01 1054182                    /lib/x86_64-linux-gnu/libnsl-2.23.so
7ff78d664000-7ff78d666000 rw-p 00000000 00:00 0 
7ff78d666000-7ff78d66e000 r-xp 00000000 08:01 1054184                    /lib/x86_64-linux-gnu/libnss_compat-2.23.so
7ff78d66e000-7ff78d86d000 ---p 00008000 08:01 1054184                    /lib/x86_64-linux-gnu/libnss_compat-2.23.so
7ff78d86d000-7ff78d86e000 r--p 00007000 08:01 1054184                    /lib/x86_64-linux-gnu/libnss_compat-2.23.so
7ff78d86e000-7ff78d86f000 rw-p 00008000 08:01 1054184                    /lib/x86_64-linux-gnu/libnss_compat-2.23.so
7ff78d86f000-7ff78d89a000 r-xp 00000000 08:01 2756227                    /usr/lib/jvm/jdk1.8.0_181/jre/lib/amd64/libjava.so
7ff78d89a000-7ff78da99000 ---p 0002b000 08:01 2756227                    /usr/lib/jvm/jdk1.8.0_181/jre/lib/amd64/libjava.so
7ff78da99000-7ff78da9b000 rw-p 0002a000 08:01 2756227                    /usr/lib/jvm/jdk1.8.0_181/jre/lib/amd64/libjava.so
7ff78da9b000-7ff78daa8000 r-xp 00000000 08:01 2756232                    /usr/lib/jvm/jdk1.8.0_181/jre/lib/amd64/libverify.so
7ff78daa8000-7ff78dca8000 ---p 0000d000 08:01 2756232                    /usr/lib/jvm/jdk1.8.0_181/jre/lib/amd64/libverify.so
7ff78dca8000-7ff78dcaa000 rw-p 0000d000 08:01 2756232                    /usr/lib/jvm/jdk1.8.0_181/jre/lib/amd64/libverify.so
7ff78dcaa000-7ff78dcb1000 r-xp 00000000 08:01 1054243                    /lib/x86_64-linux-gnu/librt-2.23.so
7ff78dcb1000-7ff78deb0000 ---p 00007000 08:01 1054243                    /lib/x86_64-linux-gnu/librt-2.23.so
7ff78deb0000-7ff78deb1000 r--p 00006000 08:01 1054243                    /lib/x86_64-linux-gnu/librt-2.23.so
7ff78deb1000-7ff78deb2000 rw-p 00007000 08:01 1054243                    /lib/x86_64-linux-gnu/librt-2.23.so
7ff78deb2000-7ff78dfba000 r-xp 00000000 08:01 1054159                    /lib/x86_64-linux-gnu/libm-2.23.so
7ff78dfba000-7ff78e1b9000 ---p 00108000 08:01 1054159                    /lib/x86_64-linux-gnu/libm-2.23.so
7ff78e1b9000-7ff78e1ba000 r--p 00107000 08:01 1054159                    /lib/x86_64-linux-gnu/libm-2.23.so
7ff78e1ba000-7ff78e1bb000 rw-p 00108000 08:01 1054159                    /lib/x86_64-linux-gnu/libm-2.23.so
7ff78e1bb000-7ff78ee97000 r-xp 00000000 08:01 2756209                    /usr/lib/jvm/jdk1.8.0_181/jre/lib/amd64/server/libjvm.so
7ff78ee97000-7ff78f097000 ---p 00cdc000 08:01 2756209                    /usr/lib/jvm/jdk1.8.0_181/jre/lib/amd64/server/libjvm.so
7ff78f097000-7ff78f171000 rw-p 00cdc000 08:01 2756209                    /usr/lib/jvm/jdk1.8.0_181/jre/lib/amd64/server/libjvm.so
7ff78f171000-7ff78f1bc000 rw-p 00000000 00:00 0 
7ff78f1bc000-7ff78f37c000 r-xp 00000000 08:01 1054089                    /lib/x86_64-linux-gnu/libc-2.23.so
7ff78f37c000-7ff78f57c000 ---p 001c0000 08:01 1054089                    /lib/x86_64-linux-gnu/libc-2.23.so
7ff78f57c000-7ff78f580000 r--p 001c0000 08:01 1054089                    /lib/x86_64-linux-gnu/libc-2.23.so
7ff78f580000-7ff78f582000 rw-p 001c4000 08:01 1054089                    /lib/x86_64-linux-gnu/libc-2.23.so
7ff78f582000-7ff78f586000 rw-p 00000000 00:00 0 
7ff78f586000-7ff78f589000 r-xp 00000000 08:01 1054113                    /lib/x86_64-linux-gnu/libdl-2.23.so
7ff78f589000-7ff78f788000 ---p 00003000 08:01 1054113                    /lib/x86_64-linux-gnu/libdl-2.23.so
7ff78f788000-7ff78f789000 r--p 00002000 08:01 1054113                    /lib/x86_64-linux-gnu/libdl-2.23.so
7ff78f789000-7ff78f78a000 rw-p 00003000 08:01 1054113                    /lib/x86_64-linux-gnu/libdl-2.23.so
7ff78f78a000-7ff78f7a0000 r-xp 00000000 08:01 1449032                    /usr/lib/jvm/jdk1.8.0_181/lib/amd64/jli/libjli.so
7ff78f7a0000-7ff78f99f000 ---p 00016000 08:01 1449032                    /usr/lib/jvm/jdk1.8.0_181/lib/amd64/jli/libjli.so
7ff78f99f000-7ff78f9a0000 rw-p 00015000 08:01 1449032                    /usr/lib/jvm/jdk1.8.0_181/lib/amd64/jli/libjli.so
7ff78f9a0000-7ff78f9b8000 r-xp 00000000 08:01 1054235                    /lib/x86_64-linux-gnu/libpthread-2.23.so
7ff78f9b8000-7ff78fbb7000 ---p 00018000 08:01 1054235                    /lib/x86_64-linux-gnu/libpthread-2.23.so
7ff78fbb7000-7ff78fbb8000 r--p 00017000 08:01 1054235                    /lib/x86_64-linux-gnu/libpthread-2.23.so
7ff78fbb8000-7ff78fbb9000 rw-p 00018000 08:01 1054235                    /lib/x86_64-linux-gnu/libpthread-2.23.so
7ff78fbb9000-7ff78fbbd000 rw-p 00000000 00:00 0 
7ff78fbbd000-7ff78fbe3000 r-xp 00000000 08:01 1054061                    /lib/x86_64-linux-gnu/ld-2.23.so
7ff78fbe9000-7ff78fbf3000 r--s 00116000 08:01 2756143                    /usr/lib/jvm/jdk1.8.0_181/jre/lib/ext/localedata.jar
7ff78fbf3000-7ff78fcc4000 rw-p 00000000 00:00 0 
7ff78fcc4000-7ff78fcc7000 ---p 00000000 00:00 0 
7ff78fcc7000-7ff78fdca000 rw-p 00000000 00:00 0 
7ff78fdca000-7ff78fdcf000 r--s 0009d000 08:01 2756133                    /usr/lib/jvm/jdk1.8.0_181/jre/lib/jsse.jar
7ff78fdcf000-7ff78fdd7000 r--s 0006e000 08:01 2248917                    /home/whj/dowork/DiffTGen/lib/commons-lang3-3.5.jar
7ff78fdd7000-7ff78fdd8000 r--s 00000000 08:01 2248922                    /home/whj/dowork/DiffTGen/lib/myprinter.jar
7ff78fdd8000-7ff78fde0000 rw-s 00000000 08:01 1984690                    /tmp/hsperfdata_whj/2675
7ff78fde0000-7ff78fde1000 rw-p 00000000 00:00 0 
7ff78fde1000-7ff78fde2000 ---p 00000000 00:00 0 
7ff78fde2000-7ff78fde3000 r--p 00025000 08:01 1054061                    /lib/x86_64-linux-gnu/ld-2.23.so
7ff78fde3000-7ff78fde4000 rw-p 00026000 08:01 1054061                    /lib/x86_64-linux-gnu/ld-2.23.so
7ff78fde4000-7ff78fde5000 rw-p 00000000 00:00 0 
7fffb5f56000-7fffb5f78000 rw-p 00000000 00:00 0                          [stack]
7fffb5fa7000-7fffb5faa000 r--p 00000000 00:00 0                          [vvar]
7fffb5faa000-7fffb5fac000 r-xp 00000000 00:00 0                          [vdso]
ffffffffff600000-ffffffffff601000 r-xp 00000000 00:00 0                  [vsyscall]

VM Arguments:
java_command: /home/whj/dowork/DiffTGen/lib/evosuite-1.0.6.jar -base_dir /home/whj/dowork/DiffTGen/extra_output/Closure_40_1_jaid/target/0/20 -projectCP /home/whj/dowork/DiffTGen/extra_output/Closure_40_1_jaid/target/build/classes/all0.jar:/home/whj/dowork/DiffTGen/lib/myprinter.jar:/home/whj/dowork/DiffTGen/lib/commons-lang3-3.5.jar -class com.google.javascript.jscomp.NameAnalyzer -Dassertions=false -Dsearch_budget=60
java_class_path (initial): /home/whj/dowork/DiffTGen/lib/evosuite-1.0.6.jar
Launcher Type: SUN_STANDARD

Environment Variables:
JAVA_HOME=/usr/lib/jvm/jdk1.8.0_181
JRE_HOME=/usr/lib/jvm/jdk1.8.0_181/jre
CLASSPATH=.:/usr/lib/jvm/jdk1.8.0_181/lib:/usr/lib/jvm/jdk1.8.0_181/jre/lib
PATH=/home/whj/perl5/bin:/home/whj/dowork/defects4j-1.2.0/framework/bin:/usr/lib/jvm/jdk1.8.0_181/bin:/usr/lib/jvm/jdk1.8.0_181/jre/bin:/home/whj/bin:/home/whj/.local/bin:/usr/local/sbin:/usr/local/bin:/usr/sbin:/usr/bin:/sbin:/bin:/usr/games:/usr/local/games" :/snap/bin:/home/whj/bin
SHELL=/bin/bash
DISPLAY=:0

Signal Handlers:
SIGSEGV: [libjvm.so+0xad2a40], sa_mask[0]=11111111011111111101111111111110, sa_flags=SA_RESTART|SA_SIGINFO
SIGBUS: [libjvm.so+0xad2a40], sa_mask[0]=11111111011111111101111111111110, sa_flags=SA_RESTART|SA_SIGINFO
SIGFPE: [libjvm.so+0x92a610], sa_mask[0]=11111111011111111101111111111110, sa_flags=SA_RESTART|SA_SIGINFO
SIGPIPE: [libjvm.so+0x92a610], sa_mask[0]=11111111011111111101111111111110, sa_flags=SA_RESTART|SA_SIGINFO
SIGXFSZ: [libjvm.so+0x92a610], sa_mask[0]=11111111011111111101111111111110, sa_flags=SA_RESTART|SA_SIGINFO
SIGILL: [libjvm.so+0x92a610], sa_mask[0]=11111111011111111101111111111110, sa_flags=SA_RESTART|SA_SIGINFO
SIGUSR1: SIG_DFL, sa_mask[0]=00000000000000000000000000000000, sa_flags=none
SIGUSR2: [libjvm.so+0x92be70], sa_mask[0]=00100000000000000000000000000000, sa_flags=SA_RESTART|SA_SIGINFO
SIGHUP: [libjvm.so+0x92d270], sa_mask[0]=11111111011111111101111111111110, sa_flags=SA_RESTART|SA_SIGINFO
SIGINT: [libjvm.so+0x92d270], sa_mask[0]=11111111011111111101111111111110, sa_flags=SA_RESTART|SA_SIGINFO
SIGTERM: [libjvm.so+0x92d270], sa_mask[0]=11111111011111111101111111111110, sa_flags=SA_RESTART|SA_SIGINFO
SIGQUIT: [libjvm.so+0x92d270], sa_mask[0]=11111111011111111101111111111110, sa_flags=SA_RESTART|SA_SIGINFO


---------------  S Y S T E M  ---------------

OS:DISTRIB_ID=Ubuntu
DISTRIB_RELEASE=16.04
DISTRIB_CODENAME=xenial
DISTRIB_DESCRIPTION="Ubuntu 16.04.6 LTS"

uname:Linux 4.15.0-91-generic #92~16.04.1-Ubuntu SMP Fri Feb 28 14:57:22 UTC 2020 x86_64
libc:glibc 2.23 NPTL 2.23 
rlimit: STACK 8192k, CORE 0k, NPROC 31576, NOFILE 1048576, AS infinity
load average:17.90 15.97 15.24

/proc/meminfo:
MemTotal:        8144704 kB
MemFree:          103216 kB
MemAvailable:          0 kB
Buffers:             136 kB
Cached:            18780 kB
SwapCached:         8308 kB
Active:          6946676 kB
Inactive:         640280 kB
Active(anon):    6936572 kB
Inactive(anon):   632884 kB
Active(file):      10104 kB
Inactive(file):     7396 kB
Unevictable:          32 kB
Mlocked:              32 kB
SwapTotal:        998396 kB
SwapFree:              0 kB
Dirty:               232 kB
Writeback:             0 kB
AnonPages:       7559968 kB
Mapped:            16152 kB
Shmem:              1352 kB
Slab:              88528 kB
SReclaimable:      31828 kB
SUnreclaim:        56700 kB
KernelStack:       15872 kB
PageTables:        48836 kB
NFS_Unstable:          0 kB
Bounce:                0 kB
WritebackTmp:          0 kB
CommitLimit:     5070748 kB
Committed_AS:   15104160 kB
VmallocTotal:   34359738367 kB
VmallocUsed:           0 kB
VmallocChunk:          0 kB
HardwareCorrupted:     0 kB
AnonHugePages:         0 kB
ShmemHugePages:        0 kB
ShmemPmdMapped:        0 kB
CmaTotal:              0 kB
CmaFree:               0 kB
HugePages_Total:       0
HugePages_Free:        0
HugePages_Rsvd:        0
HugePages_Surp:        0
Hugepagesize:       2048 kB
DirectMap4k:      128832 kB
DirectMap2M:     7211008 kB
DirectMap1G:     3145728 kB


CPU:total 2 (initial active 2) (2 cores per cpu, 1 threads per core) family 6 model 158 stepping 10, cmov, cx8, fxsr, mmx, sse, sse2, sse3, ssse3, sse4.1, sse4.2, popcnt, avx, avx2, aes, clmul, erms, 3dnowpref, lzcnt, tsc, tscinvbit, bmi1, bmi2, adx

/proc/cpuinfo:
processor	: 0
vendor_id	: GenuineIntel
cpu family	: 6
model		: 158
model name	: Intel(R) Core(TM) i7-8750H CPU @ 2.20GHz
stepping	: 10
microcode	: 0x96
cpu MHz		: 2207.999
cache size	: 9216 KB
physical id	: 0
siblings	: 2
core id		: 0
cpu cores	: 2
apicid		: 0
initial apicid	: 0
fpu		: yes
fpu_exception	: yes
cpuid level	: 22
wp		: yes
flags		: fpu vme de pse tsc msr pae mce cx8 apic sep mtrr pge mca cmov pat pse36 clflush mmx fxsr sse sse2 ss ht syscall nx pdpe1gb rdtscp lm constant_tsc arch_perfmon nopl xtopology tsc_reliable nonstop_tsc cpuid pni pclmulqdq ssse3 fma cx16 pcid sse4_1 sse4_2 x2apic movbe popcnt tsc_deadline_timer aes xsave avx f16c rdrand hypervisor lahf_lm abm 3dnowprefetch cpuid_fault invpcid_single pti ssbd ibrs ibpb stibp fsgsbase tsc_adjust bmi1 avx2 smep bmi2 invpcid rdseed adx smap xsaveopt arat flush_l1d arch_capabilities
bugs		: cpu_meltdown spectre_v1 spectre_v2 spec_store_bypass l1tf mds swapgs itlb_multihit
bogomips	: 4415.99
clflush size	: 64
cache_alignment	: 64
address sizes	: 42 bits physical, 48 bits virtual
power management:

processor	: 1
vendor_id	: GenuineIntel
cpu family	: 6
model		: 158
model name	: Intel(R) Core(TM) i7-8750H CPU @ 2.20GHz
stepping	: 10
microcode	: 0x96
cpu MHz		: 2207.999
cache size	: 9216 KB
physical id	: 0
siblings	: 2
core id		: 1
cpu cores	: 2
apicid		: 1
initial apicid	: 1
fpu		: yes
fpu_exception	: yes
cpuid level	: 22
wp		: yes
flags		: fpu vme de pse tsc msr pae mce cx8 apic sep mtrr pge mca cmov pat pse36 clflush mmx fxsr sse sse2 ss ht syscall nx pdpe1gb rdtscp lm constant_tsc arch_perfmon nopl xtopology tsc_reliable nonstop_tsc cpuid pni pclmulqdq ssse3 fma cx16 pcid sse4_1 sse4_2 x2apic movbe popcnt tsc_deadline_timer aes xsave avx f16c rdrand hypervisor lahf_lm abm 3dnowprefetch cpuid_fault invpcid_single pti ssbd ibrs ibpb stibp fsgsbase tsc_adjust bmi1 avx2 smep bmi2 invpcid rdseed adx smap xsaveopt arat flush_l1d arch_capabilities
bugs		: cpu_meltdown spectre_v1 spectre_v2 spec_store_bypass l1tf mds swapgs itlb_multihit
bogomips	: 4415.99
clflush size	: 64
cache_alignment	: 64
address sizes	: 42 bits physical, 48 bits virtual
power management:



Memory: 4k page, physical 8144704k(103124k free), swap 998396k(0k free)

vm_info: Java HotSpot(TM) 64-Bit Server VM (25.181-b13) for linux-amd64 JRE (1.8.0_181-b13), built on Jul  7 2018 00:56:38 by "java_re" with gcc 4.3.0 20080428 (Red Hat 4.3.0-8)

time: Fri Mar 27 20:08:49 2020
elapsed time: 66 seconds (0d 0h 1m 6s)

