#
# There is insufficient memory for the Java Runtime Environment to continue.
# Native memory allocation (mmap) failed to map 124780544 bytes for committing reserved memory.
# Possible reasons:
#   The system is out of physical RAM or swap space
#   In 32 bit mode, the process size limit was hit
# Possible solutions:
#   Reduce memory load on the system
#   Increase physical memory or swap space
#   Check if swap backing store is full
#   Use 64 bit Java on a 64 bit OS
#   Decrease Java heap size (-Xmx/-Xms)
#   Decrease number of Java threads
#   Decrease Java thread stack sizes (-Xss)
#   Set larger code cache with -XX:ReservedCodeCacheSize=
# This output file may be truncated or incomplete.
#
#  Out of Memory Error (os_linux.cpp:2640), pid=3483, tid=0x00007f6114b1d700
#
# JRE version: Java(TM) SE Runtime Environment (8.0_181-b13) (build 1.8.0_181-b13)
# Java VM: Java HotSpot(TM) 64-Bit Server VM (25.181-b13 mixed mode linux-amd64 compressed oops)
# Failed to write core dump. Core dumps have been disabled. To enable core dumping, try "ulimit -c unlimited" before starting Java again
#

---------------  T H R E A D  ---------------

Current thread (0x00007f61100fb800):  VMThread [stack: 0x00007f6114a1d000,0x00007f6114b1e000] [id=3521]

Stack: [0x00007f6114a1d000,0x00007f6114b1e000],  sp=0x00007f6114b1c2a0,  free space=1020k
Native frames: (J=compiled Java code, j=interpreted, Vv=VM code, C=native code)
V  [libjvm.so+0xad21aa]  VMError::report_and_die()+0x2ba
V  [libjvm.so+0x5022db]  report_vm_out_of_memory(char const*, int, unsigned long, VMErrorType, char const*)+0x8b
V  [libjvm.so+0x92fe33]  os::Linux::commit_memory_impl(char*, unsigned long, bool)+0x123
V  [libjvm.so+0x930059]  os::pd_commit_memory(char*, unsigned long, unsigned long, bool)+0x29
V  [libjvm.so+0x9272ba]  os::commit_memory(char*, unsigned long, unsigned long, bool)+0x2a
V  [libjvm.so+0x99d2e3]  PSVirtualSpace::expand_by(unsigned long)+0x53
V  [libjvm.so+0x99e6e8]  PSYoungGen::resize_generation(unsigned long, unsigned long)+0xf8
V  [libjvm.so+0x99d842]  PSYoungGen::resize(unsigned long, unsigned long)+0x22
V  [libjvm.so+0x99ab1b]  PSScavenge::invoke_no_policy()+0xf3b
V  [libjvm.so+0x99b2a1]  PSScavenge::invoke()+0x41
V  [libjvm.so+0x951d70]  ParallelScavengeHeap::failed_mem_allocate(unsigned long)+0x70
V  [libjvm.so+0xad3c27]  VM_ParallelGCFailedAllocation::doit()+0x97
V  [libjvm.so+0xadb745]  VM_Operation::evaluate()+0x55
V  [libjvm.so+0xad9b0a]  VMThread::evaluate_operation(VM_Operation*)+0xba
V  [libjvm.so+0xad9e8e]  VMThread::loop()+0x1ce
V  [libjvm.so+0xada300]  VMThread::run()+0x70
V  [libjvm.so+0x930198]  java_start(Thread*)+0x108

VM_Operation (0x00007f60c3ef8220): ParallelGCFailedAllocation, mode: safepoint, requested by thread 0x0000000000e0f800


---------------  P R O C E S S  ---------------

Java Threads: ( => current thread )
  0x0000000000e11000 JavaThread "RMI TCP Connection(idle)" daemon [_thread_blocked, id=3943, stack(0x00007f60d417e000,0x00007f60d427f000)]
  0x0000000000e0f800 JavaThread "RMI TCP Connection(5)-127.0.0.1" daemon [_thread_blocked, id=3902, stack(0x00007f60c3dfe000,0x00007f60c3eff000)]
  0x00007f60ec090800 JavaThread "RMI Scheduler(0)" daemon [_thread_blocked, id=3900, stack(0x00007f60c3eff000,0x00007f60c4000000)]
  0x00007f60ec075800 JavaThread "RMI RenewClean-[127.0.0.1:17931]" daemon [_thread_blocked, id=3878, stack(0x00007f60d407d000,0x00007f60d417e000)]
  0x00007f60c4006000 JavaThread "pool-3-thread-3" [_thread_in_native, id=3813, stack(0x00007f60d427f000,0x00007f60d4380000)]
  0x00007f60c4004000 JavaThread "pool-3-thread-2" [_thread_in_native, id=3810, stack(0x00007f60d4380000,0x00007f60d4481000)]
  0x00007f60c4003000 JavaThread "pool-3-thread-1" [_thread_in_native, id=3807, stack(0x00007f60d4481000,0x00007f60d4582000)]
  0x00007f6110441800 JavaThread "Thread-3" [_thread_in_native, id=3714, stack(0x00007f60d4582000,0x00007f60d4683000)]
  0x00007f611043f800 JavaThread "Thread-2" [_thread_in_native, id=3708, stack(0x00007f60d4683000,0x00007f60d4784000)]
  0x00007f611043e000 JavaThread "process reaper" daemon [_thread_in_native, id=3698, stack(0x00007f6114033000,0x00007f611406c000)]
  0x00007f611043a800 JavaThread "pool-2-thread-1" [_thread_in_native, id=3637, stack(0x00007f60d4784000,0x00007f60d4885000)]
  0x00007f6110438000 JavaThread "GC Daemon" daemon [_thread_blocked, id=3630, stack(0x00007f60d4885000,0x00007f60d4986000)]
  0x00007f6110433800 JavaThread "RMI Reaper" [_thread_blocked, id=3628, stack(0x00007f60d4986000,0x00007f60d4a87000)]
  0x00007f611042c800 JavaThread "RMI TCP Accept-3172" daemon [_thread_in_native, id=3620, stack(0x00007f60d4a87000,0x00007f60d4b88000)]
  0x00007f6110425800 JavaThread "RMI TCP Accept-12951" daemon [_thread_in_native, id=3606, stack(0x00007f60d4b88000,0x00007f60d4c89000)]
  0x00007f61102cc000 JavaThread "logback-3" daemon [_thread_blocked, id=3582, stack(0x00007f60fc2f7000,0x00007f60fc3f8000)]
  0x00007f61102ca800 JavaThread "logback-2" daemon [_thread_blocked, id=3581, stack(0x00007f60fc3f8000,0x00007f60fc4f9000)]
  0x00007f61102c8800 JavaThread "logback-1" daemon [_thread_blocked, id=3580, stack(0x00007f60fc4f9000,0x00007f60fc5fa000)]
  0x00007f6110142000 JavaThread "Service Thread" daemon [_thread_blocked, id=3571, stack(0x00007f6114417000,0x00007f6114518000)]
  0x00007f611013f000 JavaThread "C1 CompilerThread1" daemon [_thread_blocked, id=3563, stack(0x00007f6114518000,0x00007f6114619000)]
  0x00007f611013c000 JavaThread "C2 CompilerThread0" daemon [_thread_in_native, id=3561, stack(0x00007f6114619000,0x00007f611471a000)]
  0x00007f611013a800 JavaThread "Signal Dispatcher" daemon [_thread_blocked, id=3560, stack(0x00007f611471a000,0x00007f611481b000)]
  0x00007f6110107800 JavaThread "Finalizer" daemon [_thread_blocked, id=3533, stack(0x00007f611481b000,0x00007f611491c000)]
  0x00007f6110105000 JavaThread "Reference Handler" daemon [_thread_blocked, id=3528, stack(0x00007f611491c000,0x00007f6114a1d000)]
  0x00007f611000a800 JavaThread "main" [_thread_in_native, id=3496, stack(0x00007f6119d49000,0x00007f6119e4a000)]

Other Threads:
=>0x00007f61100fb800 VMThread [stack: 0x00007f6114a1d000,0x00007f6114b1e000] [id=3521]
  0x00007f6110146800 WatcherThread [stack: 0x00007f6114316000,0x00007f6114417000] [id=3572]

VM state:at safepoint (normal execution)

VM Mutex/Monitor currently owned by a thread:  ([mutex/lock_event])
[0x00007f6110006ca0] Threads_lock - owner thread: 0x00007f61100fb800
[0x00007f61100071a0] Heap_lock - owner thread: 0x0000000000e0f800

Heap:
 PSYoungGen      total 136192K, used 10248K [0x00000000d6900000, 0x00000000dfe00000, 0x0000000100000000)
  eden space 125440K, 0% used [0x00000000d6900000,0x00000000d6900000,0x00000000de380000)
  from space 10752K, 95% used [0x00000000de380000,0x00000000ded82258,0x00000000dee00000)
  to   space 5120K, 0% used [0x00000000dee00000,0x00000000dee00000,0x00000000df300000)
 ParOldGen       total 86016K, used 17387K [0x0000000083a00000, 0x0000000088e00000, 0x00000000d6900000)
  object space 86016K, 20% used [0x0000000083a00000,0x0000000084afac18,0x0000000088e00000)
 Metaspace       used 14573K, capacity 15082K, committed 15232K, reserved 1062912K
  class space    used 1632K, capacity 1795K, committed 1920K, reserved 1048576K

Card table byte_map: [0x00007f61166f4000,0x00007f6116ad8000] byte_map_base: 0x00007f61162d7000

Marking Bits: (ParMarkBitMap*) 0x00007f61192140a0
 Begin Bits: [0x00007f60fd1d0000, 0x00007f60ff0e8000)
 End Bits:   [0x00007f60ff0e8000, 0x00007f6101000000)

Polling page: 0x00007f6119e66000

CodeCache: size=245760Kb used=6808Kb max_used=6808Kb free=238951Kb
 bounds [0x00007f6101000000, 0x00007f61016b0000, 0x00007f6110000000]
 total_blobs=2361 nmethods=2010 adapters=264
 compilation: enabled

Compilation events (10 events):
Event: 134.664 Thread 0x00007f611013f000 2158       2       org.evosuite.graphs.EvoSuiteGraph::addVertices (79 bytes)
Event: 134.665 Thread 0x00007f611013f000 nmethod 2158 0x00007f61016a23d0 code [0x00007f61016a25e0, 0x00007f61016a2bb8]
Event: 134.742 Thread 0x00007f611013f000 2159       2       org.evosuite.shaded.org.objectweb.asm.Frame::execute (2273 bytes)
Event: 134.744 Thread 0x00007f611013f000 nmethod 2159 0x00007f61016a2f90 code [0x00007f61016a3a20, 0x00007f61016a6858]
Event: 134.744 Thread 0x00007f611013f000 2160       2       org.evosuite.shaded.org.objectweb.asm.tree.analysis.Interpreter::<init> (10 bytes)
Event: 134.745 Thread 0x00007f611013f000 nmethod 2160 0x00007f61016a9650 code [0x00007f61016a97a0, 0x00007f61016a98f0]
Event: 134.745 Thread 0x00007f611013f000 2161       2       org.evosuite.shaded.org.objectweb.asm.tree.analysis.Analyzer::<init> (10 bytes)
Event: 134.745 Thread 0x00007f611013f000 nmethod 2161 0x00007f61016a9990 code [0x00007f61016a9ae0, 0x00007f61016a9c50]
Event: 134.746 Thread 0x00007f611013f000 2162       2       org.evosuite.coverage.branch.Branch::<init> (65 bytes)
Event: 134.746 Thread 0x00007f611013f000 nmethod 2162 0x00007f61016a9cd0 code [0x00007f61016a9e60, 0x00007f61016aa238]

GC Heap History (10 events):
Event: 3.933 GC heap after
Heap after GC invocations=3 (full 1):
 PSYoungGen      total 70656K, used 0K [0x00000000d6900000, 0x00000000db300000, 0x0000000100000000)
  eden space 65536K, 0% used [0x00000000d6900000,0x00000000d6900000,0x00000000da900000)
  from space 5120K, 0% used [0x00000000dae00000,0x00000000dae00000,0x00000000db300000)
  to   space 5120K, 0% used [0x00000000da900000,0x00000000da900000,0x00000000dae00000)
 ParOldGen       total 86016K, used 10635K [0x0000000083a00000, 0x0000000088e00000, 0x00000000d6900000)
  object space 86016K, 12% used [0x0000000083a00000,0x0000000084462f50,0x0000000088e00000)
 Metaspace       used 10269K, capacity 10402K, committed 10624K, reserved 1058816K
  class space    used 1238K, capacity 1317K, committed 1408K, reserved 1048576K
}
Event: 130.031 GC heap before
{Heap before GC invocations=4 (full 1):
 PSYoungGen      total 70656K, used 65536K [0x00000000d6900000, 0x00000000db300000, 0x0000000100000000)
  eden space 65536K, 100% used [0x00000000d6900000,0x00000000da900000,0x00000000da900000)
  from space 5120K, 0% used [0x00000000dae00000,0x00000000dae00000,0x00000000db300000)
  to   space 5120K, 0% used [0x00000000da900000,0x00000000da900000,0x00000000dae00000)
 ParOldGen       total 86016K, used 10635K [0x0000000083a00000, 0x0000000088e00000, 0x00000000d6900000)
  object space 86016K, 12% used [0x0000000083a00000,0x0000000084462f50,0x0000000088e00000)
 Metaspace       used 14372K, capacity 14954K, committed 15232K, reserved 1062912K
  class space    used 1631K, capacity 1795K, committed 1920K, reserved 1048576K
Event: 130.175 GC heap after
Heap after GC invocations=4 (full 1):
 PSYoungGen      total 70656K, used 5098K [0x00000000d6900000, 0x00000000db300000, 0x0000000100000000)
  eden space 65536K, 0% used [0x00000000d6900000,0x00000000d6900000,0x00000000da900000)
  from space 5120K, 99% used [0x00000000da900000,0x00000000dadfab00,0x00000000dae00000)
  to   space 5120K, 0% used [0x00000000dae00000,0x00000000dae00000,0x00000000db300000)
 ParOldGen       total 86016K, used 13316K [0x0000000083a00000, 0x0000000088e00000, 0x00000000d6900000)
  object space 86016K, 15% used [0x0000000083a00000,0x0000000084701390,0x0000000088e00000)
 Metaspace       used 14372K, capacity 14954K, committed 15232K, reserved 1062912K
  class space    used 1631K, capacity 1795K, committed 1920K, reserved 1048576K
}
Event: 130.962 GC heap before
{Heap before GC invocations=5 (full 1):
 PSYoungGen      total 70656K, used 70634K [0x00000000d6900000, 0x00000000db300000, 0x0000000100000000)
  eden space 65536K, 100% used [0x00000000d6900000,0x00000000da900000,0x00000000da900000)
  from space 5120K, 99% used [0x00000000da900000,0x00000000dadfab00,0x00000000dae00000)
  to   space 5120K, 0% used [0x00000000dae00000,0x00000000dae00000,0x00000000db300000)
 ParOldGen       total 86016K, used 13316K [0x0000000083a00000, 0x0000000088e00000, 0x00000000d6900000)
  object space 86016K, 15% used [0x0000000083a00000,0x0000000084701390,0x0000000088e00000)
 Metaspace       used 14406K, capacity 14954K, committed 15232K, reserved 1062912K
  class space    used 1631K, capacity 1795K, committed 1920K, reserved 1048576K
Event: 131.001 GC heap after
Heap after GC invocations=5 (full 1):
 PSYoungGen      total 70656K, used 5102K [0x00000000d6900000, 0x00000000df300000, 0x0000000100000000)
  eden space 65536K, 0% used [0x00000000d6900000,0x00000000d6900000,0x00000000da900000)
  from space 5120K, 99% used [0x00000000dae00000,0x00000000db2fbae0,0x00000000db300000)
  to   space 5120K, 0% used [0x00000000da900000,0x00000000da900000,0x00000000dae00000)
 ParOldGen       total 86016K, used 13681K [0x0000000083a00000, 0x0000000088e00000, 0x00000000d6900000)
  object space 86016K, 15% used [0x0000000083a00000,0x000000008475c460,0x0000000088e00000)
 Metaspace       used 14406K, capacity 14954K, committed 15232K, reserved 1062912K
  class space    used 1631K, capacity 1795K, committed 1920K, reserved 1048576K
}
Event: 131.637 GC heap before
{Heap before GC invocations=6 (full 1):
 PSYoungGen      total 70656K, used 70638K [0x00000000d6900000, 0x00000000df300000, 0x0000000100000000)
  eden space 65536K, 100% used [0x00000000d6900000,0x00000000da900000,0x00000000da900000)
  from space 5120K, 99% used [0x00000000dae00000,0x00000000db2fbae0,0x00000000db300000)
  to   space 5120K, 0% used [0x00000000da900000,0x00000000da900000,0x00000000dae00000)
 ParOldGen       total 86016K, used 13681K [0x0000000083a00000, 0x0000000088e00000, 0x00000000d6900000)
  object space 86016K, 15% used [0x0000000083a00000,0x000000008475c460,0x0000000088e00000)
 Metaspace       used 14456K, capacity 15018K, committed 15232K, reserved 1062912K
  class space    used 1631K, capacity 1795K, committed 1920K, reserved 1048576K
Event: 131.646 GC heap after
Heap after GC invocations=6 (full 1):
 PSYoungGen      total 70656K, used 5104K [0x00000000d6900000, 0x00000000df300000, 0x0000000100000000)
  eden space 65536K, 0% used [0x00000000d6900000,0x00000000d6900000,0x00000000da900000)
  from space 5120K, 99% used [0x00000000da900000,0x00000000dadfc010,0x00000000dae00000)
  to   space 5120K, 0% used [0x00000000dee00000,0x00000000dee00000,0x00000000df300000)
 ParOldGen       total 86016K, used 14695K [0x0000000083a00000, 0x0000000088e00000, 0x00000000d6900000)
  object space 86016K, 17% used [0x0000000083a00000,0x0000000084859f40,0x0000000088e00000)
 Metaspace       used 14456K, capacity 15018K, committed 15232K, reserved 1062912K
  class space    used 1631K, capacity 1795K, committed 1920K, reserved 1048576K
}
Event: 132.672 GC heap before
{Heap before GC invocations=7 (full 1):
 PSYoungGen      total 70656K, used 70640K [0x00000000d6900000, 0x00000000df300000, 0x0000000100000000)
  eden space 65536K, 100% used [0x00000000d6900000,0x00000000da900000,0x00000000da900000)
  from space 5120K, 99% used [0x00000000da900000,0x00000000dadfc010,0x00000000dae00000)
  to   space 5120K, 0% used [0x00000000dee00000,0x00000000dee00000,0x00000000df300000)
 ParOldGen       total 86016K, used 14695K [0x0000000083a00000, 0x0000000088e00000, 0x00000000d6900000)
  object space 86016K, 17% used [0x0000000083a00000,0x0000000084859f40,0x0000000088e00000)
 Metaspace       used 14512K, capacity 15018K, committed 15232K, reserved 1062912K
  class space    used 1632K, capacity 1795K, committed 1920K, reserved 1048576K
Event: 132.744 GC heap after
Heap after GC invocations=7 (full 1):
 PSYoungGen      total 130560K, used 5104K [0x00000000d6900000, 0x00000000dfe00000, 0x0000000100000000)
  eden space 125440K, 0% used [0x00000000d6900000,0x00000000d6900000,0x00000000de380000)
  from space 5120K, 99% used [0x00000000dee00000,0x00000000df2fc060,0x00000000df300000)
  to   space 10752K, 0% used [0x00000000de380000,0x00000000de380000,0x00000000dee00000)
 ParOldGen       total 86016K, used 17387K [0x0000000083a00000, 0x0000000088e00000, 0x00000000d6900000)
  object space 86016K, 20% used [0x0000000083a00000,0x0000000084afac18,0x0000000088e00000)
 Metaspace       used 14512K, capacity 15018K, committed 15232K, reserved 1062912K
  class space    used 1632K, capacity 1795K, committed 1920K, reserved 1048576K
}
Event: 134.807 GC heap before
{Heap before GC invocations=8 (full 1):
 PSYoungGen      total 130560K, used 130544K [0x00000000d6900000, 0x00000000dfe00000, 0x0000000100000000)
  eden space 125440K, 100% used [0x00000000d6900000,0x00000000de380000,0x00000000de380000)
  from space 5120K, 99% used [0x00000000dee00000,0x00000000df2fc060,0x00000000df300000)
  to   space 10752K, 0% used [0x00000000de380000,0x00000000de380000,0x00000000dee00000)
 ParOldGen       total 86016K, used 17387K [0x0000000083a00000, 0x0000000088e00000, 0x00000000d6900000)
  object space 86016K, 20% used [0x0000000083a00000,0x0000000084afac18,0x0000000088e00000)
 Metaspace       used 14573K, capacity 15082K, committed 15232K, reserved 1062912K
  class space    used 1632K, capacity 1795K, committed 1920K, reserved 1048576K

Deoptimization events (10 events):
Event: 128.134 Thread 0x0000000000e0f800 Uncommon trap: reason=unstable_if action=reinterpret pc=0x00007f61014a7cb0 method=org.evosuite.shaded.org.objectweb.asm.Item.isEqualTo(Lorg/evosuite/shaded/org/objectweb/asm/Item;)Z @ 186
Event: 130.024 Thread 0x0000000000e0f800 Uncommon trap: reason=unstable_if action=reinterpret pc=0x00007f61011e9aec method=java.lang.AbstractStringBuilder.append(Ljava/lang/String;)Ljava/lang/AbstractStringBuilder; @ 1
Event: 130.824 Thread 0x0000000000e0f800 Uncommon trap: reason=unstable_if action=reinterpret pc=0x00007f610119acd8 method=org.evosuite.graphs.cfg.BytecodeInstruction.retrieveLineNumber()V @ 17
Event: 131.503 Thread 0x0000000000e0f800 Uncommon trap: reason=bimorphic action=maybe_recompile pc=0x00007f61015e7494 method=java.util.AbstractCollection.addAll(Ljava/util/Collection;)Z @ 3
Event: 131.545 Thread 0x0000000000e0f800 Uncommon trap: reason=bimorphic action=maybe_recompile pc=0x00007f61015e7494 method=java.util.AbstractCollection.addAll(Ljava/util/Collection;)Z @ 3
Event: 131.545 Thread 0x0000000000e0f800 Uncommon trap: reason=bimorphic action=maybe_recompile pc=0x00007f61015e7494 method=java.util.AbstractCollection.addAll(Ljava/util/Collection;)Z @ 3
Event: 132.959 Thread 0x0000000000e0f800 Uncommon trap: reason=intrinsic action=make_not_entrant pc=0x00007f610167baa4 method=org.evosuite.graphs.cfg.ASMWrapper.getInstructionType()Ljava/lang/String; @ 43
Event: 132.959 Thread 0x0000000000e0f800 Uncommon trap: reason=unstable_if action=reinterpret pc=0x00007f61012020d0 method=java.lang.AbstractStringBuilder.append(Ljava/lang/String;)Ljava/lang/AbstractStringBuilder; @ 1
Event: 133.682 Thread 0x0000000000e0f800 Uncommon trap: reason=bimorphic action=maybe_recompile pc=0x00007f61015e7494 method=java.util.AbstractCollection.addAll(Ljava/util/Collection;)Z @ 3
Event: 134.668 Thread 0x0000000000e0f800 Uncommon trap: reason=unstable_if action=reinterpret pc=0x00007f61015951d4 method=org.evosuite.shaded.org.objectweb.asm.Frame.execute(IILorg/evosuite/shaded/org/objectweb/asm/ClassWriter;Lorg/evosuite/shaded/org/objectweb/asm/Item;)V @ 1193

Classes redefined (0 events):
No events

Internal exceptions (10 events):
Event: 116.291 Thread 0x0000000000e11000 Exception <a 'java/lang/NoSuchMethodError': <clinit>> (0x00000000d7a4b000) thrown at [/HUDSON/workspace/8-2-build-linux-amd64/jdk8u181/11358/hotspot/src/share/vm/prims/jni.cpp, line 1613]
Event: 121.445 Thread 0x00007f61102ca800 Exception <a 'java/net/ConnectException'> (0x00000000d6e87620) thrown at [/HUDSON/workspace/8-2-build-linux-amd64/jdk8u181/11358/hotspot/src/share/vm/prims/jni.cpp, line 709]
Event: 121.450 Thread 0x00007f61102c8800 Exception <a 'java/net/ConnectException'> (0x00000000d6f2b320) thrown at [/HUDSON/workspace/8-2-build-linux-amd64/jdk8u181/11358/hotspot/src/share/vm/prims/jni.cpp, line 709]
Event: 121.533 Thread 0x00007f61102cc000 Exception <a 'java/net/ConnectException'> (0x00000000d6fcf158) thrown at [/HUDSON/workspace/8-2-build-linux-amd64/jdk8u181/11358/hotspot/src/share/vm/prims/jni.cpp, line 709]
Event: 126.224 Thread 0x0000000000e0f800 Exception <a 'java/lang/NoSuchMethodError': <clinit>> (0x00000000d819e4d8) thrown at [/HUDSON/workspace/8-2-build-linux-amd64/jdk8u181/11358/hotspot/src/share/vm/prims/jni.cpp, line 1613]
Event: 130.024 Thread 0x0000000000e0f800 Implicit null exception at 0x00007f61011e96f4 to 0x00007f61011e9ad5
Event: 131.446 Thread 0x00007f61102ca800 Exception <a 'java/net/ConnectException'> (0x00000000d9a54fb8) thrown at [/HUDSON/workspace/8-2-build-linux-amd64/jdk8u181/11358/hotspot/src/share/vm/prims/jni.cpp, line 709]
Event: 131.451 Thread 0x00007f61102c8800 Exception <a 'java/net/ConnectException'> (0x00000000d9abf870) thrown at [/HUDSON/workspace/8-2-build-linux-amd64/jdk8u181/11358/hotspot/src/share/vm/prims/jni.cpp, line 709]
Event: 131.534 Thread 0x00007f61102cc000 Exception <a 'java/net/ConnectException'> (0x00000000d9f794b0) thrown at [/HUDSON/workspace/8-2-build-linux-amd64/jdk8u181/11358/hotspot/src/share/vm/prims/jni.cpp, line 709]
Event: 132.959 Thread 0x0000000000e0f800 Implicit null exception at 0x00007f6101201cf3 to 0x00007f61012020bd

Events (10 events):
Event: 134.433 Thread 0x0000000000e0f800 DEOPT PACKING pc=0x00007f6101685b04 sp=0x00007f60c3ef87d0
Event: 134.433 Thread 0x0000000000e0f800 DEOPT UNPACKING pc=0x00007f6101047784 sp=0x00007f60c3ef8508 mode 0
Event: 134.593 Thread 0x0000000000e0f800 DEOPT PACKING pc=0x00007f6101685b04 sp=0x00007f60c3ef8b40
Event: 134.593 Thread 0x0000000000e0f800 DEOPT UNPACKING pc=0x00007f6101047784 sp=0x00007f60c3ef8878 mode 0
Event: 134.668 Thread 0x0000000000e0f800 Uncommon trap: trap_request=0xffffff65 fr.pc=0x00007f61015951d4
Event: 134.668 Thread 0x0000000000e0f800 DEOPT PACKING pc=0x00007f61015951d4 sp=0x00007f60c3ef8690
Event: 134.668 Thread 0x0000000000e0f800 DEOPT UNPACKING pc=0x00007f610104573a sp=0x00007f60c3ef8648 mode 2
Event: 134.741 Thread 0x0000000000e0f800 DEOPT PACKING pc=0x00007f6101685b04 sp=0x00007f60c3ef8b40
Event: 134.741 Thread 0x0000000000e0f800 DEOPT UNPACKING pc=0x00007f6101047784 sp=0x00007f60c3ef8878 mode 0
Event: 134.806 Executing VM operation: ParallelGCFailedAllocation


Dynamic libraries:
00400000-00401000 r-xp 00000000 08:01 1448396                            /usr/lib/jvm/jdk1.8.0_181/bin/java
00600000-00601000 rw-p 00000000 08:01 1448396                            /usr/lib/jvm/jdk1.8.0_181/bin/java
00e0d000-00e2e000 rw-p 00000000 00:00 0                                  [heap]
83a00000-88e00000 rw-p 00000000 00:00 0 
88e00000-d6900000 ---p 00000000 00:00 0 
d6900000-dfe00000 rw-p 00000000 00:00 0 
e7500000-100000000 ---p 00000000 00:00 0 
100000000-1001e0000 rw-p 00000000 00:00 0 
1001e0000-140000000 ---p 00000000 00:00 0 
7f60bc000000-7f60bc021000 rw-p 00000000 00:00 0 
7f60bc021000-7f60c0000000 ---p 00000000 00:00 0 
7f60c39fe000-7f60c3afe000 rw-p 00000000 00:00 0 
7f60c3afe000-7f60c3bfe000 ---p 00000000 00:00 0 
7f60c3bfe000-7f60c3dfe000 rw-p 00000000 00:00 0 
7f60c3dfe000-7f60c3e01000 ---p 00000000 00:00 0 
7f60c3e01000-7f60c3eff000 rw-p 00000000 00:00 0 
7f60c3eff000-7f60c3f02000 ---p 00000000 00:00 0 
7f60c3f02000-7f60c4000000 rw-p 00000000 00:00 0 
7f60c4000000-7f60c4021000 rw-p 00000000 00:00 0 
7f60c4021000-7f60c8000000 ---p 00000000 00:00 0 
7f60c8000000-7f60c8021000 rw-p 00000000 00:00 0 
7f60c8021000-7f60cc000000 ---p 00000000 00:00 0 
7f60cc000000-7f60cc021000 rw-p 00000000 00:00 0 
7f60cc021000-7f60d0000000 ---p 00000000 00:00 0 
7f60d0000000-7f60d0021000 rw-p 00000000 00:00 0 
7f60d0021000-7f60d4000000 ---p 00000000 00:00 0 
7f60d407d000-7f60d4080000 ---p 00000000 00:00 0 
7f60d4080000-7f60d417e000 rw-p 00000000 00:00 0 
7f60d417e000-7f60d4181000 ---p 00000000 00:00 0 
7f60d4181000-7f60d427f000 rw-p 00000000 00:00 0 
7f60d427f000-7f60d4282000 ---p 00000000 00:00 0 
7f60d4282000-7f60d4380000 rw-p 00000000 00:00 0 
7f60d4380000-7f60d4383000 ---p 00000000 00:00 0 
7f60d4383000-7f60d4481000 rw-p 00000000 00:00 0 
7f60d4481000-7f60d4484000 ---p 00000000 00:00 0 
7f60d4484000-7f60d4582000 rw-p 00000000 00:00 0 
7f60d4582000-7f60d4585000 ---p 00000000 00:00 0 
7f60d4585000-7f60d4683000 rw-p 00000000 00:00 0 
7f60d4683000-7f60d4686000 ---p 00000000 00:00 0 
7f60d4686000-7f60d4784000 rw-p 00000000 00:00 0 
7f60d4784000-7f60d4787000 ---p 00000000 00:00 0 
7f60d4787000-7f60d4885000 rw-p 00000000 00:00 0 
7f60d4885000-7f60d4888000 ---p 00000000 00:00 0 
7f60d4888000-7f60d4986000 rw-p 00000000 00:00 0 
7f60d4986000-7f60d4989000 ---p 00000000 00:00 0 
7f60d4989000-7f60d4a87000 rw-p 00000000 00:00 0 
7f60d4a87000-7f60d4a8a000 ---p 00000000 00:00 0 
7f60d4a8a000-7f60d4b88000 rw-p 00000000 00:00 0 
7f60d4b88000-7f60d4b8b000 ---p 00000000 00:00 0 
7f60d4b8b000-7f60d4c89000 rw-p 00000000 00:00 0 
7f60d4c89000-7f60d4fff000 r--s 0331d000 08:01 1473458                    /home/whj/dowork/DiffTGen/extra_output/Closure_86_2_sequencer/target/build/classes/all0.jar
7f60d4fff000-7f60d8000000 rw-p 00000000 00:00 0 
7f60d8000000-7f60d895a000 rw-p 00000000 00:00 0 
7f60d895a000-7f60dc000000 ---p 00000000 00:00 0 
7f60dc000000-7f60dc021000 rw-p 00000000 00:00 0 
7f60dc021000-7f60e0000000 ---p 00000000 00:00 0 
7f60e0000000-7f60e09c3000 rw-p 00000000 00:00 0 
7f60e09c3000-7f60e4000000 ---p 00000000 00:00 0 
7f60e4000000-7f60e4021000 rw-p 00000000 00:00 0 
7f60e4021000-7f60e8000000 ---p 00000000 00:00 0 
7f60e8000000-7f60e8021000 rw-p 00000000 00:00 0 
7f60e8021000-7f60ec000000 ---p 00000000 00:00 0 
7f60ec000000-7f60ec093000 rw-p 00000000 00:00 0 
7f60ec093000-7f60f0000000 ---p 00000000 00:00 0 
7f60f0000000-7f60f0141000 rw-p 00000000 00:00 0 
7f60f0141000-7f60f4000000 ---p 00000000 00:00 0 
7f60f4000000-7f60f4292000 rw-p 00000000 00:00 0 
7f60f4292000-7f60f8000000 ---p 00000000 00:00 0 
7f60f8000000-7f60f807f000 rw-p 00000000 00:00 0 
7f60f807f000-7f60fc000000 ---p 00000000 00:00 0 
7f60fc0f7000-7f60fc2f7000 rw-p 00000000 00:00 0 
7f60fc2f7000-7f60fc2fa000 ---p 00000000 00:00 0 
7f60fc2fa000-7f60fc3f8000 rw-p 00000000 00:00 0 
7f60fc3f8000-7f60fc3fb000 ---p 00000000 00:00 0 
7f60fc3fb000-7f60fc4f9000 rw-p 00000000 00:00 0 
7f60fc4f9000-7f60fc4fc000 ---p 00000000 00:00 0 
7f60fc4fc000-7f60fc5fa000 rw-p 00000000 00:00 0 
7f60fc5fa000-7f60fc610000 r-xp 00000000 08:01 2756237                    /usr/lib/jvm/jdk1.8.0_181/jre/lib/amd64/libnet.so
7f60fc610000-7f60fc810000 ---p 00016000 08:01 2756237                    /usr/lib/jvm/jdk1.8.0_181/jre/lib/amd64/libnet.so
7f60fc810000-7f60fc811000 rw-p 00016000 08:01 2756237                    /usr/lib/jvm/jdk1.8.0_181/jre/lib/amd64/libnet.so
7f60fc811000-7f60fd1d0000 r--p 00000000 08:01 1316108                    /usr/lib/locale/locale-archive
7f60fd1d0000-7f6101000000 rw-p 00000000 00:00 0 
7f6101000000-7f61016b0000 rwxp 00000000 00:00 0 
7f61016b0000-7f6110000000 ---p 00000000 00:00 0 
7f6110000000-7f61104a4000 rw-p 00000000 00:00 0 
7f61104a4000-7f6114000000 ---p 00000000 00:00 0 
7f6114017000-7f6114033000 r--s 00393000 08:01 2756136                    /usr/lib/jvm/jdk1.8.0_181/jre/lib/ext/cldrdata.jar
7f6114033000-7f6114036000 ---p 00000000 00:00 0 
7f6114036000-7f611406c000 rw-p 00000000 00:00 0 
7f611406c000-7f61140e5000 r--s 010f9000 08:01 1448503                    /usr/lib/jvm/jdk1.8.0_181/lib/tools.jar
7f61140e5000-7f6114316000 r--s 01bb1000 08:01 1706762                    /home/whj/dowork/DiffTGen/lib/evosuite-1.0.6.jar
7f6114316000-7f6114317000 ---p 00000000 00:00 0 
7f6114317000-7f6114417000 rw-p 00000000 00:00 0 
7f6114417000-7f611441a000 ---p 00000000 00:00 0 
7f611441a000-7f6114518000 rw-p 00000000 00:00 0 
7f6114518000-7f611451b000 ---p 00000000 00:00 0 
7f611451b000-7f6114619000 rw-p 00000000 00:00 0 
7f6114619000-7f611461c000 ---p 00000000 00:00 0 
7f611461c000-7f611471a000 rw-p 00000000 00:00 0 
7f611471a000-7f611471d000 ---p 00000000 00:00 0 
7f611471d000-7f611481b000 rw-p 00000000 00:00 0 
7f611481b000-7f611481e000 ---p 00000000 00:00 0 
7f611481e000-7f611491c000 rw-p 00000000 00:00 0 
7f611491c000-7f611491f000 ---p 00000000 00:00 0 
7f611491f000-7f6114a1d000 rw-p 00000000 00:00 0 
7f6114a1d000-7f6114a1e000 ---p 00000000 00:00 0 
7f6114a1e000-7f6115427000 rw-p 00000000 00:00 0 
7f6115427000-7f6115601000 r--s 03d6b000 08:01 2756084                    /usr/lib/jvm/jdk1.8.0_181/jre/lib/rt.jar
7f6115601000-7f611625a000 rw-p 00000000 00:00 0 
7f611625a000-7f611625b000 ---p 00000000 00:00 0 
7f611625b000-7f611635b000 rw-p 00000000 00:00 0 
7f611635b000-7f611635c000 ---p 00000000 00:00 0 
7f611635c000-7f6116486000 rw-p 00000000 00:00 0 
7f6116486000-7f61166f4000 ---p 00000000 00:00 0 
7f61166f4000-7f611671e000 rw-p 00000000 00:00 0 
7f611671e000-7f611698b000 ---p 00000000 00:00 0 
7f611698b000-7f61169d6000 rw-p 00000000 00:00 0 
7f61169d6000-7f6116ad7000 ---p 00000000 00:00 0 
7f6116ad7000-7f6116af3000 rw-p 00000000 00:00 0 
7f6116af3000-7f6116e98000 ---p 00000000 00:00 0 
7f6116e98000-7f6116eb3000 r-xp 00000000 08:01 2756233                    /usr/lib/jvm/jdk1.8.0_181/jre/lib/amd64/libzip.so
7f6116eb3000-7f61170b3000 ---p 0001b000 08:01 2756233                    /usr/lib/jvm/jdk1.8.0_181/jre/lib/amd64/libzip.so
7f61170b3000-7f61170b4000 rw-p 0001b000 08:01 2756233                    /usr/lib/jvm/jdk1.8.0_181/jre/lib/amd64/libzip.so
7f61170b4000-7f61170bf000 r-xp 00000000 08:01 1054188                    /lib/x86_64-linux-gnu/libnss_files-2.23.so
7f61170bf000-7f61172be000 ---p 0000b000 08:01 1054188                    /lib/x86_64-linux-gnu/libnss_files-2.23.so
7f61172be000-7f61172bf000 r--p 0000a000 08:01 1054188                    /lib/x86_64-linux-gnu/libnss_files-2.23.so
7f61172bf000-7f61172c0000 rw-p 0000b000 08:01 1054188                    /lib/x86_64-linux-gnu/libnss_files-2.23.so
7f61172c0000-7f61172c6000 rw-p 00000000 00:00 0 
7f61172c6000-7f61172d1000 r-xp 00000000 08:01 1054198                    /lib/x86_64-linux-gnu/libnss_nis-2.23.so
7f61172d1000-7f61174d0000 ---p 0000b000 08:01 1054198                    /lib/x86_64-linux-gnu/libnss_nis-2.23.so
7f61174d0000-7f61174d1000 r--p 0000a000 08:01 1054198                    /lib/x86_64-linux-gnu/libnss_nis-2.23.so
7f61174d1000-7f61174d2000 rw-p 0000b000 08:01 1054198                    /lib/x86_64-linux-gnu/libnss_nis-2.23.so
7f61174d2000-7f61174e8000 r-xp 00000000 08:01 1054182                    /lib/x86_64-linux-gnu/libnsl-2.23.so
7f61174e8000-7f61176e7000 ---p 00016000 08:01 1054182                    /lib/x86_64-linux-gnu/libnsl-2.23.so
7f61176e7000-7f61176e8000 r--p 00015000 08:01 1054182                    /lib/x86_64-linux-gnu/libnsl-2.23.so
7f61176e8000-7f61176e9000 rw-p 00016000 08:01 1054182                    /lib/x86_64-linux-gnu/libnsl-2.23.so
7f61176e9000-7f61176eb000 rw-p 00000000 00:00 0 
7f61176eb000-7f61176f3000 r-xp 00000000 08:01 1054184                    /lib/x86_64-linux-gnu/libnss_compat-2.23.so
7f61176f3000-7f61178f2000 ---p 00008000 08:01 1054184                    /lib/x86_64-linux-gnu/libnss_compat-2.23.so
7f61178f2000-7f61178f3000 r--p 00007000 08:01 1054184                    /lib/x86_64-linux-gnu/libnss_compat-2.23.so
7f61178f3000-7f61178f4000 rw-p 00008000 08:01 1054184                    /lib/x86_64-linux-gnu/libnss_compat-2.23.so
7f61178f4000-7f611791f000 r-xp 00000000 08:01 2756227                    /usr/lib/jvm/jdk1.8.0_181/jre/lib/amd64/libjava.so
7f611791f000-7f6117b1e000 ---p 0002b000 08:01 2756227                    /usr/lib/jvm/jdk1.8.0_181/jre/lib/amd64/libjava.so
7f6117b1e000-7f6117b20000 rw-p 0002a000 08:01 2756227                    /usr/lib/jvm/jdk1.8.0_181/jre/lib/amd64/libjava.so
7f6117b20000-7f6117b2d000 r-xp 00000000 08:01 2756232                    /usr/lib/jvm/jdk1.8.0_181/jre/lib/amd64/libverify.so
7f6117b2d000-7f6117d2d000 ---p 0000d000 08:01 2756232                    /usr/lib/jvm/jdk1.8.0_181/jre/lib/amd64/libverify.so
7f6117d2d000-7f6117d2f000 rw-p 0000d000 08:01 2756232                    /usr/lib/jvm/jdk1.8.0_181/jre/lib/amd64/libverify.so
7f6117d2f000-7f6117d36000 r-xp 00000000 08:01 1054243                    /lib/x86_64-linux-gnu/librt-2.23.so
7f6117d36000-7f6117f35000 ---p 00007000 08:01 1054243                    /lib/x86_64-linux-gnu/librt-2.23.so
7f6117f35000-7f6117f36000 r--p 00006000 08:01 1054243                    /lib/x86_64-linux-gnu/librt-2.23.so
7f6117f36000-7f6117f37000 rw-p 00007000 08:01 1054243                    /lib/x86_64-linux-gnu/librt-2.23.so
7f6117f37000-7f611803f000 r-xp 00000000 08:01 1054159                    /lib/x86_64-linux-gnu/libm-2.23.so
7f611803f000-7f611823e000 ---p 00108000 08:01 1054159                    /lib/x86_64-linux-gnu/libm-2.23.so
7f611823e000-7f611823f000 r--p 00107000 08:01 1054159                    /lib/x86_64-linux-gnu/libm-2.23.so
7f611823f000-7f6118240000 rw-p 00108000 08:01 1054159                    /lib/x86_64-linux-gnu/libm-2.23.so
7f6118240000-7f6118f1c000 r-xp 00000000 08:01 2756209                    /usr/lib/jvm/jdk1.8.0_181/jre/lib/amd64/server/libjvm.so
7f6118f1c000-7f611911c000 ---p 00cdc000 08:01 2756209                    /usr/lib/jvm/jdk1.8.0_181/jre/lib/amd64/server/libjvm.so
7f611911c000-7f61191f6000 rw-p 00cdc000 08:01 2756209                    /usr/lib/jvm/jdk1.8.0_181/jre/lib/amd64/server/libjvm.so
7f61191f6000-7f6119241000 rw-p 00000000 00:00 0 
7f6119241000-7f6119401000 r-xp 00000000 08:01 1054089                    /lib/x86_64-linux-gnu/libc-2.23.so
7f6119401000-7f6119601000 ---p 001c0000 08:01 1054089                    /lib/x86_64-linux-gnu/libc-2.23.so
7f6119601000-7f6119605000 r--p 001c0000 08:01 1054089                    /lib/x86_64-linux-gnu/libc-2.23.so
7f6119605000-7f6119607000 rw-p 001c4000 08:01 1054089                    /lib/x86_64-linux-gnu/libc-2.23.so
7f6119607000-7f611960b000 rw-p 00000000 00:00 0 
7f611960b000-7f611960e000 r-xp 00000000 08:01 1054113                    /lib/x86_64-linux-gnu/libdl-2.23.so
7f611960e000-7f611980d000 ---p 00003000 08:01 1054113                    /lib/x86_64-linux-gnu/libdl-2.23.so
7f611980d000-7f611980e000 r--p 00002000 08:01 1054113                    /lib/x86_64-linux-gnu/libdl-2.23.so
7f611980e000-7f611980f000 rw-p 00003000 08:01 1054113                    /lib/x86_64-linux-gnu/libdl-2.23.so
7f611980f000-7f6119825000 r-xp 00000000 08:01 1449032                    /usr/lib/jvm/jdk1.8.0_181/lib/amd64/jli/libjli.so
7f6119825000-7f6119a24000 ---p 00016000 08:01 1449032                    /usr/lib/jvm/jdk1.8.0_181/lib/amd64/jli/libjli.so
7f6119a24000-7f6119a25000 rw-p 00015000 08:01 1449032                    /usr/lib/jvm/jdk1.8.0_181/lib/amd64/jli/libjli.so
7f6119a25000-7f6119a3d000 r-xp 00000000 08:01 1054235                    /lib/x86_64-linux-gnu/libpthread-2.23.so
7f6119a3d000-7f6119c3c000 ---p 00018000 08:01 1054235                    /lib/x86_64-linux-gnu/libpthread-2.23.so
7f6119c3c000-7f6119c3d000 r--p 00017000 08:01 1054235                    /lib/x86_64-linux-gnu/libpthread-2.23.so
7f6119c3d000-7f6119c3e000 rw-p 00018000 08:01 1054235                    /lib/x86_64-linux-gnu/libpthread-2.23.so
7f6119c3e000-7f6119c42000 rw-p 00000000 00:00 0 
7f6119c42000-7f6119c68000 r-xp 00000000 08:01 1054061                    /lib/x86_64-linux-gnu/ld-2.23.so
7f6119c6e000-7f6119c78000 r--s 00116000 08:01 2756143                    /usr/lib/jvm/jdk1.8.0_181/jre/lib/ext/localedata.jar
7f6119c78000-7f6119d49000 rw-p 00000000 00:00 0 
7f6119d49000-7f6119d4c000 ---p 00000000 00:00 0 
7f6119d4c000-7f6119e4f000 rw-p 00000000 00:00 0 
7f6119e4f000-7f6119e54000 r--s 0009d000 08:01 2756133                    /usr/lib/jvm/jdk1.8.0_181/jre/lib/jsse.jar
7f6119e54000-7f6119e5c000 r--s 0006e000 08:01 2248917                    /home/whj/dowork/DiffTGen/lib/commons-lang3-3.5.jar
7f6119e5c000-7f6119e5d000 r--s 00000000 08:01 2248922                    /home/whj/dowork/DiffTGen/lib/myprinter.jar
7f6119e5d000-7f6119e65000 rw-s 00000000 08:01 1984404                    /tmp/hsperfdata_whj/3483
7f6119e65000-7f6119e66000 rw-p 00000000 00:00 0 
7f6119e66000-7f6119e67000 ---p 00000000 00:00 0 
7f6119e67000-7f6119e68000 r--p 00025000 08:01 1054061                    /lib/x86_64-linux-gnu/ld-2.23.so
7f6119e68000-7f6119e69000 rw-p 00026000 08:01 1054061                    /lib/x86_64-linux-gnu/ld-2.23.so
7f6119e69000-7f6119e6a000 rw-p 00000000 00:00 0 
7ffd19ad1000-7ffd19af3000 rw-p 00000000 00:00 0                          [stack]
7ffd19ba3000-7ffd19ba6000 r--p 00000000 00:00 0                          [vvar]
7ffd19ba6000-7ffd19ba8000 r-xp 00000000 00:00 0                          [vdso]
ffffffffff600000-ffffffffff601000 r-xp 00000000 00:00 0                  [vsyscall]

VM Arguments:
java_command: /home/whj/dowork/DiffTGen/lib/evosuite-1.0.6.jar -base_dir /home/whj/dowork/DiffTGen/extra_output/Closure_86_2_sequencer/target/0/19 -projectCP /home/whj/dowork/DiffTGen/extra_output/Closure_86_2_sequencer/target/build/classes/all0.jar:/home/whj/dowork/DiffTGen/lib/myprinter.jar:/home/whj/dowork/DiffTGen/lib/commons-lang3-3.5.jar -class com.google.javascript.jscomp.NodeUtil -Dassertions=false -Dsearch_budget=60
java_class_path (initial): /home/whj/dowork/DiffTGen/lib/evosuite-1.0.6.jar
Launcher Type: SUN_STANDARD

Environment Variables:
JAVA_HOME=/usr/lib/jvm/jdk1.8.0_181
JRE_HOME=/usr/lib/jvm/jdk1.8.0_181/jre
CLASSPATH=.:/usr/lib/jvm/jdk1.8.0_181/lib:/usr/lib/jvm/jdk1.8.0_181/jre/lib
PATH=/home/whj/perl5/bin:/home/whj/dowork/defects4j-1.2.0/framework/bin:/usr/lib/jvm/jdk1.8.0_181/bin:/usr/lib/jvm/jdk1.8.0_181/jre/bin:/home/whj/bin:/home/whj/.local/bin:/usr/local/sbin:/usr/local/bin:/usr/sbin:/usr/bin:/sbin:/bin:/usr/games:/usr/local/games" :/snap/bin:/home/whj/bin
SHELL=/bin/bash
DISPLAY=:0

Signal Handlers:
SIGSEGV: [libjvm.so+0xad2a40], sa_mask[0]=11111111011111111101111111111110, sa_flags=SA_RESTART|SA_SIGINFO
SIGBUS: [libjvm.so+0xad2a40], sa_mask[0]=11111111011111111101111111111110, sa_flags=SA_RESTART|SA_SIGINFO
SIGFPE: [libjvm.so+0x92a610], sa_mask[0]=11111111011111111101111111111110, sa_flags=SA_RESTART|SA_SIGINFO
SIGPIPE: [libjvm.so+0x92a610], sa_mask[0]=11111111011111111101111111111110, sa_flags=SA_RESTART|SA_SIGINFO
SIGXFSZ: [libjvm.so+0x92a610], sa_mask[0]=11111111011111111101111111111110, sa_flags=SA_RESTART|SA_SIGINFO
SIGILL: [libjvm.so+0x92a610], sa_mask[0]=11111111011111111101111111111110, sa_flags=SA_RESTART|SA_SIGINFO
SIGUSR1: SIG_DFL, sa_mask[0]=00000000000000000000000000000000, sa_flags=none
SIGUSR2: [libjvm.so+0x92be70], sa_mask[0]=00100000000000000000000000000000, sa_flags=SA_RESTART|SA_SIGINFO
SIGHUP: [libjvm.so+0x92d270], sa_mask[0]=11111111011111111101111111111110, sa_flags=SA_RESTART|SA_SIGINFO
SIGINT: [libjvm.so+0x92d270], sa_mask[0]=11111111011111111101111111111110, sa_flags=SA_RESTART|SA_SIGINFO
SIGTERM: [libjvm.so+0x92d270], sa_mask[0]=11111111011111111101111111111110, sa_flags=SA_RESTART|SA_SIGINFO
SIGQUIT: [libjvm.so+0x92d270], sa_mask[0]=11111111011111111101111111111110, sa_flags=SA_RESTART|SA_SIGINFO


---------------  S Y S T E M  ---------------

OS:DISTRIB_ID=Ubuntu
DISTRIB_RELEASE=16.04
DISTRIB_CODENAME=xenial
DISTRIB_DESCRIPTION="Ubuntu 16.04.6 LTS"

uname:Linux 4.15.0-91-generic #92~16.04.1-Ubuntu SMP Fri Feb 28 14:57:22 UTC 2020 x86_64
libc:glibc 2.23 NPTL 2.23 
rlimit: STACK 8192k, CORE 0k, NPROC 31576, NOFILE 1048576, AS infinity
load average:13.75 12.79 12.73

/proc/meminfo:
MemTotal:        8144704 kB
MemFree:          127264 kB
MemAvailable:      13144 kB
Buffers:             476 kB
Cached:            15524 kB
SwapCached:        11592 kB
Active:          6742328 kB
Inactive:         846292 kB
Active(anon):    6735140 kB
Inactive(anon):   839764 kB
Active(file):       7188 kB
Inactive(file):     6528 kB
Unevictable:          32 kB
Mlocked:              32 kB
SwapTotal:        998396 kB
SwapFree:          33556 kB
Dirty:               372 kB
Writeback:             0 kB
AnonPages:       7561376 kB
Mapped:            10912 kB
Shmem:              2056 kB
Slab:              89232 kB
SReclaimable:      31688 kB
SUnreclaim:        57544 kB
KernelStack:       14448 kB
PageTables:        47112 kB
NFS_Unstable:          0 kB
Bounce:                0 kB
WritebackTmp:          0 kB
CommitLimit:     5070748 kB
Committed_AS:   13639328 kB
VmallocTotal:   34359738367 kB
VmallocUsed:           0 kB
VmallocChunk:          0 kB
HardwareCorrupted:     0 kB
AnonHugePages:         0 kB
ShmemHugePages:        0 kB
ShmemPmdMapped:        0 kB
CmaTotal:              0 kB
CmaFree:               0 kB
HugePages_Total:       0
HugePages_Free:        0
HugePages_Rsvd:        0
HugePages_Surp:        0
Hugepagesize:       2048 kB
DirectMap4k:      114496 kB
DirectMap2M:     6176768 kB
DirectMap1G:     4194304 kB


CPU:total 2 (initial active 2) (2 cores per cpu, 1 threads per core) family 6 model 158 stepping 10, cmov, cx8, fxsr, mmx, sse, sse2, sse3, ssse3, sse4.1, sse4.2, popcnt, avx, avx2, aes, clmul, erms, 3dnowpref, lzcnt, tsc, tscinvbit, bmi1, bmi2, adx

/proc/cpuinfo:
processor	: 0
vendor_id	: GenuineIntel
cpu family	: 6
model		: 158
model name	: Intel(R) Core(TM) i7-8750H CPU @ 2.20GHz
stepping	: 10
microcode	: 0x96
cpu MHz		: 2207.999
cache size	: 9216 KB
physical id	: 0
siblings	: 2
core id		: 0
cpu cores	: 2
apicid		: 0
initial apicid	: 0
fpu		: yes
fpu_exception	: yes
cpuid level	: 22
wp		: yes
flags		: fpu vme de pse tsc msr pae mce cx8 apic sep mtrr pge mca cmov pat pse36 clflush mmx fxsr sse sse2 ss ht syscall nx pdpe1gb rdtscp lm constant_tsc arch_perfmon nopl xtopology tsc_reliable nonstop_tsc cpuid pni pclmulqdq ssse3 fma cx16 pcid sse4_1 sse4_2 x2apic movbe popcnt tsc_deadline_timer aes xsave avx f16c rdrand hypervisor lahf_lm abm 3dnowprefetch cpuid_fault invpcid_single pti ssbd ibrs ibpb stibp fsgsbase tsc_adjust bmi1 avx2 smep bmi2 invpcid rdseed adx smap xsaveopt arat flush_l1d arch_capabilities
bugs		: cpu_meltdown spectre_v1 spectre_v2 spec_store_bypass l1tf mds swapgs itlb_multihit
bogomips	: 4415.99
clflush size	: 64
cache_alignment	: 64
address sizes	: 42 bits physical, 48 bits virtual
power management:

processor	: 1
vendor_id	: GenuineIntel
cpu family	: 6
model		: 158
model name	: Intel(R) Core(TM) i7-8750H CPU @ 2.20GHz
stepping	: 10
microcode	: 0x96
cpu MHz		: 2207.999
cache size	: 9216 KB
physical id	: 0
siblings	: 2
core id		: 1
cpu cores	: 2
apicid		: 1
initial apicid	: 1
fpu		: yes
fpu_exception	: yes
cpuid level	: 22
wp		: yes
flags		: fpu vme de pse tsc msr pae mce cx8 apic sep mtrr pge mca cmov pat pse36 clflush mmx fxsr sse sse2 ss ht syscall nx pdpe1gb rdtscp lm constant_tsc arch_perfmon nopl xtopology tsc_reliable nonstop_tsc cpuid pni pclmulqdq ssse3 fma cx16 pcid sse4_1 sse4_2 x2apic movbe popcnt tsc_deadline_timer aes xsave avx f16c rdrand hypervisor lahf_lm abm 3dnowprefetch cpuid_fault invpcid_single pti ssbd ibrs ibpb stibp fsgsbase tsc_adjust bmi1 avx2 smep bmi2 invpcid rdseed adx smap xsaveopt arat flush_l1d arch_capabilities
bugs		: cpu_meltdown spectre_v1 spectre_v2 spec_store_bypass l1tf mds swapgs itlb_multihit
bogomips	: 4415.99
clflush size	: 64
cache_alignment	: 64
address sizes	: 42 bits physical, 48 bits virtual
power management:



Memory: 4k page, physical 8144704k(127140k free), swap 998396k(33556k free)

vm_info: Java HotSpot(TM) 64-Bit Server VM (25.181-b13) for linux-amd64 JRE (1.8.0_181-b13), built on Jul  7 2018 00:56:38 by "java_re" with gcc 4.3.0 20080428 (Red Hat 4.3.0-8)

time: Fri Mar 27 11:35:07 2020
elapsed time: 135 seconds (0d 0h 2m 15s)

