#
# There is insufficient memory for the Java Runtime Environment to continue.
# Native memory allocation (mmap) failed to map 133169152 bytes for committing reserved memory.
# Possible reasons:
#   The system is out of physical RAM or swap space
#   In 32 bit mode, the process size limit was hit
# Possible solutions:
#   Reduce memory load on the system
#   Increase physical memory or swap space
#   Check if swap backing store is full
#   Use 64 bit Java on a 64 bit OS
#   Decrease Java heap size (-Xmx/-Xms)
#   Decrease number of Java threads
#   Decrease Java thread stack sizes (-Xss)
#   Set larger code cache with -XX:ReservedCodeCacheSize=
# This output file may be truncated or incomplete.
#
#  Out of Memory Error (os_linux.cpp:2640), pid=28930, tid=0x00007f033c854700
#
# JRE version: Java(TM) SE Runtime Environment (8.0_181-b13) (build 1.8.0_181-b13)
# Java VM: Java HotSpot(TM) 64-Bit Server VM (25.181-b13 mixed mode linux-amd64 compressed oops)
# Failed to write core dump. Core dumps have been disabled. To enable core dumping, try "ulimit -c unlimited" before starting Java again
#

---------------  T H R E A D  ---------------

Current thread (0x00007f03380fb800):  VMThread [stack: 0x00007f033c754000,0x00007f033c855000] [id=28964]

Stack: [0x00007f033c754000,0x00007f033c855000],  sp=0x00007f033c853320,  free space=1020k
Native frames: (J=compiled Java code, j=interpreted, Vv=VM code, C=native code)
V  [libjvm.so+0xad21aa]  VMError::report_and_die()+0x2ba
V  [libjvm.so+0x5022db]  report_vm_out_of_memory(char const*, int, unsigned long, VMErrorType, char const*)+0x8b
V  [libjvm.so+0x92fe33]  os::Linux::commit_memory_impl(char*, unsigned long, bool)+0x123
V  [libjvm.so+0x930059]  os::pd_commit_memory(char*, unsigned long, unsigned long, bool)+0x29
V  [libjvm.so+0x9272ba]  os::commit_memory(char*, unsigned long, unsigned long, bool)+0x2a
V  [libjvm.so+0x99d2e3]  PSVirtualSpace::expand_by(unsigned long)+0x53
V  [libjvm.so+0x99e6e8]  PSYoungGen::resize_generation(unsigned long, unsigned long)+0xf8
V  [libjvm.so+0x99d842]  PSYoungGen::resize(unsigned long, unsigned long)+0x22
V  [libjvm.so+0x99ab1b]  PSScavenge::invoke_no_policy()+0xf3b
V  [libjvm.so+0x99b2a1]  PSScavenge::invoke()+0x41
V  [libjvm.so+0x951d70]  ParallelScavengeHeap::failed_mem_allocate(unsigned long)+0x70
V  [libjvm.so+0xad3c27]  VM_ParallelGCFailedAllocation::doit()+0x97
V  [libjvm.so+0xadb745]  VM_Operation::evaluate()+0x55
V  [libjvm.so+0xad9b0a]  VMThread::evaluate_operation(VM_Operation*)+0xba
V  [libjvm.so+0xad9e8e]  VMThread::loop()+0x1ce
V  [libjvm.so+0xada300]  VMThread::run()+0x70
V  [libjvm.so+0x930198]  java_start(Thread*)+0x108

VM_Operation (0x00007f02eb5f69e0): ParallelGCFailedAllocation, mode: safepoint, requested by thread 0x00000000025bc000


---------------  P R O C E S S  ---------------

Java Threads: ( => current thread )
  0x00000000025bc000 JavaThread "RMI TCP Connection(6)-127.0.0.1" daemon [_thread_blocked, id=29392, stack(0x00007f02eb4fb000,0x00007f02eb5fc000)]
  0x00000000025bb000 JavaThread "RMI TCP Connection(5)-127.0.0.1" daemon [_thread_in_native, id=29385, stack(0x00007f02ebeff000,0x00007f02ec000000)]
  0x00000000025b9800 JavaThread "RMI TCP Connection(4)-127.0.0.1" daemon [_thread_blocked, id=29355, stack(0x00007f02ebbfc000,0x00007f02ebcfd000)]
  0x00007f0314048000 JavaThread "RMI Scheduler(0)" daemon [_thread_blocked, id=29352, stack(0x00007f02ebcfd000,0x00007f02ebdfe000)]
  0x00007f0314044800 JavaThread "RMI RenewClean-[127.0.0.1:10156]" daemon [_thread_blocked, id=29345, stack(0x00007f02ebdfe000,0x00007f02ebeff000)]
  0x00007f02ec005000 JavaThread "pool-3-thread-3" [_thread_in_native, id=29267, stack(0x00007f02fc07f000,0x00007f02fc180000)]
  0x00007f02ec003800 JavaThread "pool-3-thread-2" [_thread_in_native, id=29264, stack(0x00007f02fc180000,0x00007f02fc281000)]
  0x00007f02ec002800 JavaThread "pool-3-thread-1" [_thread_in_native, id=29260, stack(0x00007f02fc281000,0x00007f02fc382000)]
  0x00007f033840c800 JavaThread "Thread-3" [_thread_in_native, id=29189, stack(0x00007f02fc382000,0x00007f02fc483000)]
  0x00007f033840a800 JavaThread "Thread-2" [_thread_in_native, id=29187, stack(0x00007f02fc483000,0x00007f02fc584000)]
  0x00007f0338409000 JavaThread "process reaper" daemon [_thread_in_native, id=29183, stack(0x00007f033c014000,0x00007f033c04d000)]
  0x00007f0338405800 JavaThread "pool-2-thread-1" [_thread_in_native, id=29147, stack(0x00007f02fc584000,0x00007f02fc685000)]
  0x00007f0338403000 JavaThread "GC Daemon" daemon [_thread_blocked, id=29146, stack(0x00007f02fc685000,0x00007f02fc786000)]
  0x00007f03383fe800 JavaThread "RMI Reaper" [_thread_blocked, id=29144, stack(0x00007f02fc786000,0x00007f02fc887000)]
  0x00007f03383f5800 JavaThread "RMI TCP Accept-21868" daemon [_thread_in_native, id=29140, stack(0x00007f02fc887000,0x00007f02fc988000)]
  0x00007f03383f0800 JavaThread "RMI TCP Accept-10403" daemon [_thread_in_native, id=29127, stack(0x00007f02fc988000,0x00007f02fca89000)]
  0x00007f0338294000 JavaThread "logback-3" daemon [_thread_blocked, id=29051, stack(0x00007f03240c6000,0x00007f03241c7000)]
  0x00007f0338292000 JavaThread "logback-2" daemon [_thread_blocked, id=29049, stack(0x00007f03241c7000,0x00007f03242c8000)]
  0x00007f0338290800 JavaThread "logback-1" daemon [_thread_blocked, id=29045, stack(0x00007f03242c8000,0x00007f03243c9000)]
  0x00007f0338142000 JavaThread "Service Thread" daemon [_thread_blocked, id=29014, stack(0x00007f033c14e000,0x00007f033c24f000)]
  0x00007f033813f000 JavaThread "C1 CompilerThread1" daemon [_thread_blocked, id=29007, stack(0x00007f033c24f000,0x00007f033c350000)]
  0x00007f033813c000 JavaThread "C2 CompilerThread0" daemon [_thread_blocked, id=28999, stack(0x00007f033c350000,0x00007f033c451000)]
  0x00007f033813a800 JavaThread "Signal Dispatcher" daemon [_thread_blocked, id=28983, stack(0x00007f033c451000,0x00007f033c552000)]
  0x00007f0338107800 JavaThread "Finalizer" daemon [_thread_blocked, id=28978, stack(0x00007f033c552000,0x00007f033c653000)]
  0x00007f0338105000 JavaThread "Reference Handler" daemon [_thread_blocked, id=28972, stack(0x00007f033c653000,0x00007f033c754000)]
  0x00007f033800a800 JavaThread "main" [_thread_in_native, id=28942, stack(0x00007f0341a80000,0x00007f0341b81000)]

Other Threads:
=>0x00007f03380fb800 VMThread [stack: 0x00007f033c754000,0x00007f033c855000] [id=28964]
  0x00007f0338147000 WatcherThread [stack: 0x00007f033c04d000,0x00007f033c14e000] [id=29026]

VM state:at safepoint (normal execution)

VM Mutex/Monitor currently owned by a thread:  ([mutex/lock_event])
[0x00007f0338006ca0] Threads_lock - owner thread: 0x00007f03380fb800
[0x00007f03380071a0] Heap_lock - owner thread: 0x00000000025bc000

Heap:
 PSYoungGen      total 207872K, used 15860K [0x00000000d6900000, 0x00000000e6800000, 0x0000000100000000)
  eden space 192000K, 0% used [0x00000000d6900000,0x00000000d6900000,0x00000000e2480000)
  from space 15872K, 99% used [0x00000000e4900000,0x00000000e587d3f8,0x00000000e5880000)
  to   space 10752K, 0% used [0x00000000e5d80000,0x00000000e5d80000,0x00000000e6800000)
 ParOldGen       total 96768K, used 96377K [0x0000000083a00000, 0x0000000089880000, 0x00000000d6900000)
  object space 96768K, 99% used [0x0000000083a00000,0x000000008981e788,0x0000000089880000)
 Metaspace       used 16870K, capacity 17380K, committed 17664K, reserved 1064960K
  class space    used 1840K, capacity 2008K, committed 2048K, reserved 1048576K

Card table byte_map: [0x00007f033e42b000,0x00007f033e80f000] byte_map_base: 0x00007f033e00e000

Marking Bits: (ParMarkBitMap*) 0x00007f0340f4b0a0
 Begin Bits: [0x00007f03251d0000, 0x00007f03270e8000)
 End Bits:   [0x00007f03270e8000, 0x00007f0329000000)

Polling page: 0x00007f0341b9d000

CodeCache: size=245760Kb used=8505Kb max_used=8517Kb free=237254Kb
 bounds [0x00007f0329000000, 0x00007f0329860000, 0x00007f0338000000]
 total_blobs=2679 nmethods=2324 adapters=268
 compilation: enabled

Compilation events (10 events):
Event: 123.948 Thread 0x00007f033813c000 2451   !   4       java.io.ObjectInputStream::readObject0 (566 bytes)
Event: 124.624 Thread 0x00007f033813c000 nmethod 2451 0x00007f0329855a90 code [0x00007f0329856040, 0x00007f03298599f8]
Event: 124.624 Thread 0x00007f033813c000 2449 %     4       java.util.ArrayList::readObject @ 63 (87 bytes)
Event: 124.626 Thread 0x00007f033813c000 nmethod 2449% 0x00007f0329832750 code [0x00007f03298328c0, 0x00007f0329832b28]
Event: 124.626 Thread 0x00007f033813c000 2457       4       java.lang.String::indexOf (166 bytes)
Event: 124.688 Thread 0x00007f033813c000 nmethod 2457 0x00007f0329845850 code [0x00007f03298459c0, 0x00007f0329845eb8]
Event: 124.688 Thread 0x00007f033813c000 2455       4       org.evosuite.runtime.instrumentation.RuntimeInstrumentation::checkIfCanInstrument (65 bytes)
Event: 124.805 Thread 0x00007f033813c000 nmethod 2455 0x00007f0329846c10 code [0x00007f0329846e20, 0x00007f0329847660]
Event: 124.805 Thread 0x00007f033813c000 2450   !   4       sun.reflect.GeneratedSerializationConstructorAccessor64::newInstance (49 bytes)
Event: 124.806 Thread 0x00007f033813c000 nmethod 2450 0x00007f0329833f50 code [0x00007f03298340c0, 0x00007f03298341f8]

GC Heap History (10 events):
Event: 112.396 GC heap after
Heap after GC invocations=7 (full 1):
 PSYoungGen      total 65024K, used 5118K [0x00000000d6900000, 0x00000000dbe00000, 0x0000000100000000)
  eden space 59904K, 0% used [0x00000000d6900000,0x00000000d6900000,0x00000000da380000)
  from space 5120K, 99% used [0x00000000dae00000,0x00000000db2ffad8,0x00000000db300000)
  to   space 10752K, 0% used [0x00000000da380000,0x00000000da380000,0x00000000dae00000)
 ParOldGen       total 86016K, used 15882K [0x0000000083a00000, 0x0000000088e00000, 0x00000000d6900000)
  object space 86016K, 18% used [0x0000000083a00000,0x00000000849829b8,0x0000000088e00000)
 Metaspace       used 14900K, capacity 15372K, committed 15488K, reserved 1062912K
  class space    used 1676K, capacity 1828K, committed 1920K, reserved 1048576K
}
Event: 112.699 GC heap before
{Heap before GC invocations=8 (full 1):
 PSYoungGen      total 65024K, used 65022K [0x00000000d6900000, 0x00000000dbe00000, 0x0000000100000000)
  eden space 59904K, 100% used [0x00000000d6900000,0x00000000da380000,0x00000000da380000)
  from space 5120K, 99% used [0x00000000dae00000,0x00000000db2ffad8,0x00000000db300000)
  to   space 10752K, 0% used [0x00000000da380000,0x00000000da380000,0x00000000dae00000)
 ParOldGen       total 86016K, used 15882K [0x0000000083a00000, 0x0000000088e00000, 0x00000000d6900000)
  object space 86016K, 18% used [0x0000000083a00000,0x00000000849829b8,0x0000000088e00000)
 Metaspace       used 14914K, capacity 15436K, committed 15744K, reserved 1062912K
  class space    used 1676K, capacity 1828K, committed 1920K, reserved 1048576K
Event: 112.724 GC heap after
Heap after GC invocations=8 (full 1):
 PSYoungGen      total 70656K, used 5774K [0x00000000d6900000, 0x00000000df300000, 0x0000000100000000)
  eden space 59904K, 0% used [0x00000000d6900000,0x00000000d6900000,0x00000000da380000)
  from space 10752K, 53% used [0x00000000da380000,0x00000000da923ae8,0x00000000dae00000)
  to   space 10752K, 0% used [0x00000000de880000,0x00000000de880000,0x00000000df300000)
 ParOldGen       total 86016K, used 15882K [0x0000000083a00000, 0x0000000088e00000, 0x00000000d6900000)
  object space 86016K, 18% used [0x0000000083a00000,0x00000000849829b8,0x0000000088e00000)
 Metaspace       used 14914K, capacity 15436K, committed 15744K, reserved 1062912K
  class space    used 1676K, capacity 1828K, committed 1920K, reserved 1048576K
}
Event: 113.068 GC heap before
{Heap before GC invocations=9 (full 1):
 PSYoungGen      total 70656K, used 65678K [0x00000000d6900000, 0x00000000df300000, 0x0000000100000000)
  eden space 59904K, 100% used [0x00000000d6900000,0x00000000da380000,0x00000000da380000)
  from space 10752K, 53% used [0x00000000da380000,0x00000000da923ae8,0x00000000dae00000)
  to   space 10752K, 0% used [0x00000000de880000,0x00000000de880000,0x00000000df300000)
 ParOldGen       total 86016K, used 15882K [0x0000000083a00000, 0x0000000088e00000, 0x00000000d6900000)
  object space 86016K, 18% used [0x0000000083a00000,0x00000000849829b8,0x0000000088e00000)
 Metaspace       used 14957K, capacity 15436K, committed 15744K, reserved 1062912K
  class space    used 1676K, capacity 1828K, committed 1920K, reserved 1048576K
Event: 113.108 GC heap after
Heap after GC invocations=9 (full 1):
 PSYoungGen      total 130560K, used 4494K [0x00000000d6900000, 0x00000000df300000, 0x0000000100000000)
  eden space 119808K, 0% used [0x00000000d6900000,0x00000000d6900000,0x00000000dde00000)
  from space 10752K, 41% used [0x00000000de880000,0x00000000dece3b38,0x00000000df300000)
  to   space 10752K, 0% used [0x00000000dde00000,0x00000000dde00000,0x00000000de880000)
 ParOldGen       total 86016K, used 19178K [0x0000000083a00000, 0x0000000088e00000, 0x00000000d6900000)
  object space 86016K, 22% used [0x0000000083a00000,0x0000000084cba920,0x0000000088e00000)
 Metaspace       used 14957K, capacity 15436K, committed 15744K, reserved 1062912K
  class space    used 1676K, capacity 1828K, committed 1920K, reserved 1048576K
}
Event: 114.334 GC heap before
{Heap before GC invocations=10 (full 1):
 PSYoungGen      total 130560K, used 124302K [0x00000000d6900000, 0x00000000df300000, 0x0000000100000000)
  eden space 119808K, 100% used [0x00000000d6900000,0x00000000dde00000,0x00000000dde00000)
  from space 10752K, 41% used [0x00000000de880000,0x00000000dece3b38,0x00000000df300000)
  to   space 10752K, 0% used [0x00000000dde00000,0x00000000dde00000,0x00000000de880000)
 ParOldGen       total 86016K, used 19178K [0x0000000083a00000, 0x0000000088e00000, 0x00000000d6900000)
  object space 86016K, 22% used [0x0000000083a00000,0x0000000084cba920,0x0000000088e00000)
 Metaspace       used 15014K, capacity 15500K, committed 15744K, reserved 1062912K
  class space    used 1676K, capacity 1828K, committed 1920K, reserved 1048576K
Event: 114.398 GC heap after
Heap after GC invocations=10 (full 1):
 PSYoungGen      total 130560K, used 7928K [0x00000000d6900000, 0x00000000e6800000, 0x0000000100000000)
  eden space 119808K, 0% used [0x00000000d6900000,0x00000000d6900000,0x00000000dde00000)
  from space 10752K, 73% used [0x00000000dde00000,0x00000000de5be248,0x00000000de880000)
  to   space 10752K, 0% used [0x00000000e5d80000,0x00000000e5d80000,0x00000000e6800000)
 ParOldGen       total 86016K, used 20725K [0x0000000083a00000, 0x0000000088e00000, 0x00000000d6900000)
  object space 86016K, 24% used [0x0000000083a00000,0x0000000084e3d428,0x0000000088e00000)
 Metaspace       used 15014K, capacity 15500K, committed 15744K, reserved 1062912K
  class space    used 1676K, capacity 1828K, committed 1920K, reserved 1048576K
}
Event: 117.773 GC heap before
{Heap before GC invocations=11 (full 1):
 PSYoungGen      total 130560K, used 127736K [0x00000000d6900000, 0x00000000e6800000, 0x0000000100000000)
  eden space 119808K, 100% used [0x00000000d6900000,0x00000000dde00000,0x00000000dde00000)
  from space 10752K, 73% used [0x00000000dde00000,0x00000000de5be248,0x00000000de880000)
  to   space 10752K, 0% used [0x00000000e5d80000,0x00000000e5d80000,0x00000000e6800000)
 ParOldGen       total 86016K, used 20725K [0x0000000083a00000, 0x0000000088e00000, 0x00000000d6900000)
  object space 86016K, 24% used [0x0000000083a00000,0x0000000084e3d428,0x0000000088e00000)
 Metaspace       used 16188K, capacity 16670K, committed 16896K, reserved 1064960K
  class space    used 1775K, capacity 1933K, committed 2048K, reserved 1048576K
Event: 117.964 GC heap after
Heap after GC invocations=11 (full 1):
 PSYoungGen      total 202752K, used 10749K [0x00000000d6900000, 0x00000000e6800000, 0x0000000100000000)
  eden space 192000K, 0% used [0x00000000d6900000,0x00000000d6900000,0x00000000e2480000)
  from space 10752K, 99% used [0x00000000e5d80000,0x00000000e67ff710,0x00000000e6800000)
  to   space 15872K, 0% used [0x00000000e4900000,0x00000000e4900000,0x00000000e5880000)
 ParOldGen       total 86016K, used 31847K [0x0000000083a00000, 0x0000000088e00000, 0x00000000d6900000)
  object space 86016K, 37% used [0x0000000083a00000,0x0000000085919e98,0x0000000088e00000)
 Metaspace       used 16188K, capacity 16670K, committed 16896K, reserved 1064960K
  class space    used 1775K, capacity 1933K, committed 2048K, reserved 1048576K
}
Event: 124.847 GC heap before
{Heap before GC invocations=12 (full 1):
 PSYoungGen      total 202752K, used 202749K [0x00000000d6900000, 0x00000000e6800000, 0x0000000100000000)
  eden space 192000K, 100% used [0x00000000d6900000,0x00000000e2480000,0x00000000e2480000)
  from space 10752K, 99% used [0x00000000e5d80000,0x00000000e67ff710,0x00000000e6800000)
  to   space 15872K, 0% used [0x00000000e4900000,0x00000000e4900000,0x00000000e5880000)
 ParOldGen       total 86016K, used 31847K [0x0000000083a00000, 0x0000000088e00000, 0x00000000d6900000)
  object space 86016K, 37% used [0x0000000083a00000,0x0000000085919e98,0x0000000088e00000)
 Metaspace       used 16870K, capacity 17380K, committed 17664K, reserved 1064960K
  class space    used 1840K, capacity 2008K, committed 2048K, reserved 1048576K

Deoptimization events (10 events):
Event: 110.858 Thread 0x00000000025b9800 Uncommon trap: reason=unstable_if action=reinterpret pc=0x00007f032952bfac method=org.evosuite.shaded.org.objectweb.asm.Type.getArgumentsAndReturnSizes(Ljava/lang/String;)I @ 47
Event: 110.877 Thread 0x00000000025b9800 Uncommon trap: reason=range_check action=make_not_entrant pc=0x00007f03294eacd0 method=org.evosuite.shaded.org.objectweb.asm.Type.getType([CI)Lorg/evosuite/shaded/org/objectweb/asm/Type; @ 162
Event: 111.095 Thread 0x00000000025b9800 Uncommon trap: reason=unstable_if action=reinterpret pc=0x00007f03294ef698 method=java.io.ObjectStreamClass.hasReadResolveMethod()Z @ 8
Event: 112.107 Thread 0x00000000025b9800 Uncommon trap: reason=unstable_if action=reinterpret pc=0x00007f03291f38a8 method=java.lang.AbstractStringBuilder.append(Ljava/lang/String;)Ljava/lang/AbstractStringBuilder; @ 1
Event: 112.737 Thread 0x00000000025b9800 Uncommon trap: reason=bimorphic action=maybe_recompile pc=0x00007f0329643b68 method=java.util.AbstractCollection.addAll(Ljava/util/Collection;)Z @ 3
Event: 112.737 Thread 0x00000000025b9800 Uncommon trap: reason=bimorphic action=maybe_recompile pc=0x00007f0329643b68 method=java.util.AbstractCollection.addAll(Ljava/util/Collection;)Z @ 3
Event: 112.737 Thread 0x00000000025b9800 Uncommon trap: reason=bimorphic action=maybe_recompile pc=0x00007f0329643b68 method=java.util.AbstractCollection.addAll(Ljava/util/Collection;)Z @ 3
Event: 113.952 Thread 0x00000000025b9800 Uncommon trap: reason=bimorphic action=maybe_recompile pc=0x00007f0329643b68 method=java.util.AbstractCollection.addAll(Ljava/util/Collection;)Z @ 3
Event: 114.966 Thread 0x00000000025b9800 Uncommon trap: reason=unstable_if action=reinterpret pc=0x00007f03291663f4 method=java.util.HashMap.putVal(ILjava/lang/Object;Ljava/lang/Object;ZZ)Ljava/lang/Object; @ 162
Event: 114.966 Thread 0x00000000025b9800 Uncommon trap: reason=unstable_if action=reinterpret pc=0x00007f03292b0390 method=java.util.HashMap.resize()[Ljava/util/HashMap$Node; @ 206

Classes redefined (0 events):
No events

Internal exceptions (10 events):
Event: 108.668 Thread 0x00000000025b9800 Implicit null exception at 0x00007f03293c428d to 0x00007f03293c5149
Event: 108.687 Thread 0x00000000025b9800 Implicit null exception at 0x00007f03293cccfc to 0x00007f03293ccfdd
Event: 109.003 Thread 0x00000000025b9800 Exception <a 'java/lang/NoSuchMethodError': <clinit>> (0x00000000d784f580) thrown at [/HUDSON/workspace/8-2-build-linux-amd64/jdk8u181/11358/hotspot/src/share/vm/prims/jni.cpp, line 1613]
Event: 111.826 Thread 0x00007f0338292000 Exception <a 'java/net/ConnectException'> (0x00000000d8089110) thrown at [/HUDSON/workspace/8-2-build-linux-amd64/jdk8u181/11358/hotspot/src/share/vm/prims/jni.cpp, line 709]
Event: 111.855 Thread 0x00007f0338290800 Exception <a 'java/net/ConnectException'> (0x00000000d8118f40) thrown at [/HUDSON/workspace/8-2-build-linux-amd64/jdk8u181/11358/hotspot/src/share/vm/prims/jni.cpp, line 709]
Event: 111.864 Thread 0x00007f0338294000 Exception <a 'java/net/ConnectException'> (0x00000000d825dd98) thrown at [/HUDSON/workspace/8-2-build-linux-amd64/jdk8u181/11358/hotspot/src/share/vm/prims/jni.cpp, line 709]
Event: 112.107 Thread 0x00000000025b9800 Implicit null exception at 0x00007f03291f34b6 to 0x00007f03291f3891
Event: 121.827 Thread 0x00007f0338292000 Exception <a 'java/net/ConnectException'> (0x00000000dd90f590) thrown at [/HUDSON/workspace/8-2-build-linux-amd64/jdk8u181/11358/hotspot/src/share/vm/prims/jni.cpp, line 709]
Event: 121.857 Thread 0x00007f0338290800 Exception <a 'java/net/ConnectException'> (0x00000000dd9da7c8) thrown at [/HUDSON/workspace/8-2-build-linux-amd64/jdk8u181/11358/hotspot/src/share/vm/prims/jni.cpp, line 709]
Event: 121.864 Thread 0x00007f0338294000 Exception <a 'java/net/ConnectException'> (0x00000000ddaa59f0) thrown at [/HUDSON/workspace/8-2-build-linux-amd64/jdk8u181/11358/hotspot/src/share/vm/prims/jni.cpp, line 709]

Events (10 events):
Event: 123.933 Thread 0x00000000025bc000 DEOPT UNPACKING pc=0x00007f0329047784 sp=0x00007f02eb5f60a8 mode 0
Event: 124.342 Thread 0x00000000025bc000 DEOPT PACKING pc=0x00007f032931616c sp=0x00007f02eb5f63b0
Event: 124.342 Thread 0x00000000025bc000 DEOPT UNPACKING pc=0x00007f0329047784 sp=0x00007f02eb5f60a8 mode 0
Event: 124.360 Executing VM operation: RevokeBias
Event: 124.360 Executing VM operation: RevokeBias done
Event: 124.360 Executing VM operation: RevokeBias
Event: 124.360 Executing VM operation: RevokeBias done
Event: 124.624 Thread 0x00007f033813c000 flushing nmethod 0x00007f032916a3d0
Event: 124.688 Thread 0x00007f033813c000 flushing nmethod 0x00007f032922e6d0
Event: 124.837 Executing VM operation: ParallelGCFailedAllocation


Dynamic libraries:
00400000-00401000 r-xp 00000000 08:01 1448396                            /usr/lib/jvm/jdk1.8.0_181/bin/java
00600000-00601000 rw-p 00000000 08:01 1448396                            /usr/lib/jvm/jdk1.8.0_181/bin/java
025b7000-025d8000 rw-p 00000000 00:00 0                                  [heap]
83a00000-89880000 rw-p 00000000 00:00 0 
89880000-d6900000 ---p 00000000 00:00 0 
d6900000-e6800000 rw-p 00000000 00:00 0 
ee700000-100000000 ---p 00000000 00:00 0 
100000000-100200000 rw-p 00000000 00:00 0 
100200000-140000000 ---p 00000000 00:00 0 
7f02e4000000-7f02e4021000 rw-p 00000000 00:00 0 
7f02e4021000-7f02e8000000 ---p 00000000 00:00 0 
7f02eb4fb000-7f02eb4fe000 ---p 00000000 00:00 0 
7f02eb4fe000-7f02eb73c000 rw-p 00000000 00:00 0 
7f02eb73c000-7f02eb7fc000 ---p 00000000 00:00 0 
7f02eb7fc000-7f02eb9fc000 rw-p 00000000 00:00 0 
7f02eb9fc000-7f02ebbfc000 rw-p 00000000 00:00 0 
7f02ebbfc000-7f02ebbff000 ---p 00000000 00:00 0 
7f02ebbff000-7f02ebcfd000 rw-p 00000000 00:00 0 
7f02ebcfd000-7f02ebd00000 ---p 00000000 00:00 0 
7f02ebd00000-7f02ebdfe000 rw-p 00000000 00:00 0 
7f02ebdfe000-7f02ebe01000 ---p 00000000 00:00 0 
7f02ebe01000-7f02ebeff000 rw-p 00000000 00:00 0 
7f02ebeff000-7f02ebf02000 ---p 00000000 00:00 0 
7f02ebf02000-7f02ec000000 rw-p 00000000 00:00 0 
7f02ec000000-7f02ec021000 rw-p 00000000 00:00 0 
7f02ec021000-7f02f0000000 ---p 00000000 00:00 0 
7f02f0000000-7f02f0021000 rw-p 00000000 00:00 0 
7f02f0021000-7f02f4000000 ---p 00000000 00:00 0 
7f02f4000000-7f02f4295000 rw-p 00000000 00:00 0 
7f02f4295000-7f02f8000000 ---p 00000000 00:00 0 
7f02f8000000-7f02f8021000 rw-p 00000000 00:00 0 
7f02f8021000-7f02fc000000 ---p 00000000 00:00 0 
7f02fc07f000-7f02fc082000 ---p 00000000 00:00 0 
7f02fc082000-7f02fc180000 rw-p 00000000 00:00 0 
7f02fc180000-7f02fc183000 ---p 00000000 00:00 0 
7f02fc183000-7f02fc281000 rw-p 00000000 00:00 0 
7f02fc281000-7f02fc284000 ---p 00000000 00:00 0 
7f02fc284000-7f02fc382000 rw-p 00000000 00:00 0 
7f02fc382000-7f02fc385000 ---p 00000000 00:00 0 
7f02fc385000-7f02fc483000 rw-p 00000000 00:00 0 
7f02fc483000-7f02fc486000 ---p 00000000 00:00 0 
7f02fc486000-7f02fc584000 rw-p 00000000 00:00 0 
7f02fc584000-7f02fc587000 ---p 00000000 00:00 0 
7f02fc587000-7f02fc685000 rw-p 00000000 00:00 0 
7f02fc685000-7f02fc688000 ---p 00000000 00:00 0 
7f02fc688000-7f02fc786000 rw-p 00000000 00:00 0 
7f02fc786000-7f02fc789000 ---p 00000000 00:00 0 
7f02fc789000-7f02fc887000 rw-p 00000000 00:00 0 
7f02fc887000-7f02fc88a000 ---p 00000000 00:00 0 
7f02fc88a000-7f02fc988000 rw-p 00000000 00:00 0 
7f02fc988000-7f02fc98b000 ---p 00000000 00:00 0 
7f02fc98b000-7f02fcc89000 rw-p 00000000 00:00 0 
7f02fcc89000-7f02fcfff000 r--s 0331d000 08:01 2107880                    /home/whj/dowork/DiffTGen/extra_output/Closure_86_3_sequencer/target/build/classes/all0.jar
7f02fcfff000-7f0300000000 rw-p 00000000 00:00 0 
7f0300000000-7f0300cf7000 rw-p 00000000 00:00 0 
7f0300cf7000-7f0304000000 ---p 00000000 00:00 0 
7f0304000000-7f0304021000 rw-p 00000000 00:00 0 
7f0304021000-7f0308000000 ---p 00000000 00:00 0 
7f0308000000-7f0308021000 rw-p 00000000 00:00 0 
7f0308021000-7f030c000000 ---p 00000000 00:00 0 
7f030c000000-7f030cd7b000 rw-p 00000000 00:00 0 
7f030cd7b000-7f0310000000 ---p 00000000 00:00 0 
7f0310000000-7f0310021000 rw-p 00000000 00:00 0 
7f0310021000-7f0314000000 ---p 00000000 00:00 0 
7f0314000000-7f031404b000 rw-p 00000000 00:00 0 
7f031404b000-7f0318000000 ---p 00000000 00:00 0 
7f0318000000-7f031821e000 rw-p 00000000 00:00 0 
7f031821e000-7f031c000000 ---p 00000000 00:00 0 
7f031c000000-7f031c29a000 rw-p 00000000 00:00 0 
7f031c29a000-7f0320000000 ---p 00000000 00:00 0 
7f0320000000-7f0320028000 rw-p 00000000 00:00 0 
7f0320028000-7f0324000000 ---p 00000000 00:00 0 
7f0324031000-7f032404d000 r--s 00393000 08:01 2756136                    /usr/lib/jvm/jdk1.8.0_181/jre/lib/ext/cldrdata.jar
7f032404d000-7f03240c6000 r--s 010f9000 08:01 1448503                    /usr/lib/jvm/jdk1.8.0_181/lib/tools.jar
7f03240c6000-7f03240c9000 ---p 00000000 00:00 0 
7f03240c9000-7f03241c7000 rw-p 00000000 00:00 0 
7f03241c7000-7f03241ca000 ---p 00000000 00:00 0 
7f03241ca000-7f03242c8000 rw-p 00000000 00:00 0 
7f03242c8000-7f03242cb000 ---p 00000000 00:00 0 
7f03242cb000-7f03243c9000 rw-p 00000000 00:00 0 
7f03243c9000-7f03243df000 r-xp 00000000 08:01 2756237                    /usr/lib/jvm/jdk1.8.0_181/jre/lib/amd64/libnet.so
7f03243df000-7f03245df000 ---p 00016000 08:01 2756237                    /usr/lib/jvm/jdk1.8.0_181/jre/lib/amd64/libnet.so
7f03245df000-7f03245e0000 rw-p 00016000 08:01 2756237                    /usr/lib/jvm/jdk1.8.0_181/jre/lib/amd64/libnet.so
7f03245e0000-7f0324811000 r--s 01bb1000 08:01 1706762                    /home/whj/dowork/DiffTGen/lib/evosuite-1.0.6.jar
7f0324811000-7f03251d0000 r--p 00000000 08:01 1316108                    /usr/lib/locale/locale-archive
7f03251d0000-7f0329000000 rw-p 00000000 00:00 0 
7f0329000000-7f0329860000 rwxp 00000000 00:00 0 
7f0329860000-7f0338000000 ---p 00000000 00:00 0 
7f0338000000-7f033846c000 rw-p 00000000 00:00 0 
7f033846c000-7f033c000000 ---p 00000000 00:00 0 
7f033c001000-7f033c014000 r--s 00345000 08:01 2756119                    /usr/lib/jvm/jdk1.8.0_181/jre/lib/resources.jar
7f033c014000-7f033c017000 ---p 00000000 00:00 0 
7f033c017000-7f033c04d000 rw-p 00000000 00:00 0 
7f033c04d000-7f033c04e000 ---p 00000000 00:00 0 
7f033c04e000-7f033c14e000 rw-p 00000000 00:00 0 
7f033c14e000-7f033c151000 ---p 00000000 00:00 0 
7f033c151000-7f033c24f000 rw-p 00000000 00:00 0 
7f033c24f000-7f033c252000 ---p 00000000 00:00 0 
7f033c252000-7f033c350000 rw-p 00000000 00:00 0 
7f033c350000-7f033c353000 ---p 00000000 00:00 0 
7f033c353000-7f033c451000 rw-p 00000000 00:00 0 
7f033c451000-7f033c454000 ---p 00000000 00:00 0 
7f033c454000-7f033c552000 rw-p 00000000 00:00 0 
7f033c552000-7f033c555000 ---p 00000000 00:00 0 
7f033c555000-7f033c653000 rw-p 00000000 00:00 0 
7f033c653000-7f033c656000 ---p 00000000 00:00 0 
7f033c656000-7f033c754000 rw-p 00000000 00:00 0 
7f033c754000-7f033c755000 ---p 00000000 00:00 0 
7f033c755000-7f033d15e000 rw-p 00000000 00:00 0 
7f033d15e000-7f033d338000 r--s 03d6b000 08:01 2756084                    /usr/lib/jvm/jdk1.8.0_181/jre/lib/rt.jar
7f033d338000-7f033df91000 rw-p 00000000 00:00 0 
7f033df91000-7f033df92000 ---p 00000000 00:00 0 
7f033df92000-7f033e092000 rw-p 00000000 00:00 0 
7f033e092000-7f033e093000 ---p 00000000 00:00 0 
7f033e093000-7f033e1c3000 rw-p 00000000 00:00 0 
7f033e1c3000-7f033e42b000 ---p 00000000 00:00 0 
7f033e42b000-7f033e45b000 rw-p 00000000 00:00 0 
7f033e45b000-7f033e6c2000 ---p 00000000 00:00 0 
7f033e6c2000-7f033e742000 rw-p 00000000 00:00 0 
7f033e742000-7f033e80e000 ---p 00000000 00:00 0 
7f033e80e000-7f033e831000 rw-p 00000000 00:00 0 
7f033e831000-7f033ebcf000 ---p 00000000 00:00 0 
7f033ebcf000-7f033ebea000 r-xp 00000000 08:01 2756233                    /usr/lib/jvm/jdk1.8.0_181/jre/lib/amd64/libzip.so
7f033ebea000-7f033edea000 ---p 0001b000 08:01 2756233                    /usr/lib/jvm/jdk1.8.0_181/jre/lib/amd64/libzip.so
7f033edea000-7f033edeb000 rw-p 0001b000 08:01 2756233                    /usr/lib/jvm/jdk1.8.0_181/jre/lib/amd64/libzip.so
7f033edeb000-7f033edf6000 r-xp 00000000 08:01 1054188                    /lib/x86_64-linux-gnu/libnss_files-2.23.so
7f033edf6000-7f033eff5000 ---p 0000b000 08:01 1054188                    /lib/x86_64-linux-gnu/libnss_files-2.23.so
7f033eff5000-7f033eff6000 r--p 0000a000 08:01 1054188                    /lib/x86_64-linux-gnu/libnss_files-2.23.so
7f033eff6000-7f033eff7000 rw-p 0000b000 08:01 1054188                    /lib/x86_64-linux-gnu/libnss_files-2.23.so
7f033eff7000-7f033effd000 rw-p 00000000 00:00 0 
7f033effd000-7f033f008000 r-xp 00000000 08:01 1054198                    /lib/x86_64-linux-gnu/libnss_nis-2.23.so
7f033f008000-7f033f207000 ---p 0000b000 08:01 1054198                    /lib/x86_64-linux-gnu/libnss_nis-2.23.so
7f033f207000-7f033f208000 r--p 0000a000 08:01 1054198                    /lib/x86_64-linux-gnu/libnss_nis-2.23.so
7f033f208000-7f033f209000 rw-p 0000b000 08:01 1054198                    /lib/x86_64-linux-gnu/libnss_nis-2.23.so
7f033f209000-7f033f21f000 r-xp 00000000 08:01 1054182                    /lib/x86_64-linux-gnu/libnsl-2.23.so
7f033f21f000-7f033f41e000 ---p 00016000 08:01 1054182                    /lib/x86_64-linux-gnu/libnsl-2.23.so
7f033f41e000-7f033f41f000 r--p 00015000 08:01 1054182                    /lib/x86_64-linux-gnu/libnsl-2.23.so
7f033f41f000-7f033f420000 rw-p 00016000 08:01 1054182                    /lib/x86_64-linux-gnu/libnsl-2.23.so
7f033f420000-7f033f422000 rw-p 00000000 00:00 0 
7f033f422000-7f033f42a000 r-xp 00000000 08:01 1054184                    /lib/x86_64-linux-gnu/libnss_compat-2.23.so
7f033f42a000-7f033f629000 ---p 00008000 08:01 1054184                    /lib/x86_64-linux-gnu/libnss_compat-2.23.so
7f033f629000-7f033f62a000 r--p 00007000 08:01 1054184                    /lib/x86_64-linux-gnu/libnss_compat-2.23.so
7f033f62a000-7f033f62b000 rw-p 00008000 08:01 1054184                    /lib/x86_64-linux-gnu/libnss_compat-2.23.so
7f033f62b000-7f033f656000 r-xp 00000000 08:01 2756227                    /usr/lib/jvm/jdk1.8.0_181/jre/lib/amd64/libjava.so
7f033f656000-7f033f855000 ---p 0002b000 08:01 2756227                    /usr/lib/jvm/jdk1.8.0_181/jre/lib/amd64/libjava.so
7f033f855000-7f033f857000 rw-p 0002a000 08:01 2756227                    /usr/lib/jvm/jdk1.8.0_181/jre/lib/amd64/libjava.so
7f033f857000-7f033f864000 r-xp 00000000 08:01 2756232                    /usr/lib/jvm/jdk1.8.0_181/jre/lib/amd64/libverify.so
7f033f864000-7f033fa64000 ---p 0000d000 08:01 2756232                    /usr/lib/jvm/jdk1.8.0_181/jre/lib/amd64/libverify.so
7f033fa64000-7f033fa66000 rw-p 0000d000 08:01 2756232                    /usr/lib/jvm/jdk1.8.0_181/jre/lib/amd64/libverify.so
7f033fa66000-7f033fa6d000 r-xp 00000000 08:01 1054243                    /lib/x86_64-linux-gnu/librt-2.23.so
7f033fa6d000-7f033fc6c000 ---p 00007000 08:01 1054243                    /lib/x86_64-linux-gnu/librt-2.23.so
7f033fc6c000-7f033fc6d000 r--p 00006000 08:01 1054243                    /lib/x86_64-linux-gnu/librt-2.23.so
7f033fc6d000-7f033fc6e000 rw-p 00007000 08:01 1054243                    /lib/x86_64-linux-gnu/librt-2.23.so
7f033fc6e000-7f033fd76000 r-xp 00000000 08:01 1054159                    /lib/x86_64-linux-gnu/libm-2.23.so
7f033fd76000-7f033ff75000 ---p 00108000 08:01 1054159                    /lib/x86_64-linux-gnu/libm-2.23.so
7f033ff75000-7f033ff76000 r--p 00107000 08:01 1054159                    /lib/x86_64-linux-gnu/libm-2.23.so
7f033ff76000-7f033ff77000 rw-p 00108000 08:01 1054159                    /lib/x86_64-linux-gnu/libm-2.23.so
7f033ff77000-7f0340c53000 r-xp 00000000 08:01 2756209                    /usr/lib/jvm/jdk1.8.0_181/jre/lib/amd64/server/libjvm.so
7f0340c53000-7f0340e53000 ---p 00cdc000 08:01 2756209                    /usr/lib/jvm/jdk1.8.0_181/jre/lib/amd64/server/libjvm.so
7f0340e53000-7f0340f2d000 rw-p 00cdc000 08:01 2756209                    /usr/lib/jvm/jdk1.8.0_181/jre/lib/amd64/server/libjvm.so
7f0340f2d000-7f0340f78000 rw-p 00000000 00:00 0 
7f0340f78000-7f0341138000 r-xp 00000000 08:01 1054089                    /lib/x86_64-linux-gnu/libc-2.23.so
7f0341138000-7f0341338000 ---p 001c0000 08:01 1054089                    /lib/x86_64-linux-gnu/libc-2.23.so
7f0341338000-7f034133c000 r--p 001c0000 08:01 1054089                    /lib/x86_64-linux-gnu/libc-2.23.so
7f034133c000-7f034133e000 rw-p 001c4000 08:01 1054089                    /lib/x86_64-linux-gnu/libc-2.23.so
7f034133e000-7f0341342000 rw-p 00000000 00:00 0 
7f0341342000-7f0341345000 r-xp 00000000 08:01 1054113                    /lib/x86_64-linux-gnu/libdl-2.23.so
7f0341345000-7f0341544000 ---p 00003000 08:01 1054113                    /lib/x86_64-linux-gnu/libdl-2.23.so
7f0341544000-7f0341545000 r--p 00002000 08:01 1054113                    /lib/x86_64-linux-gnu/libdl-2.23.so
7f0341545000-7f0341546000 rw-p 00003000 08:01 1054113                    /lib/x86_64-linux-gnu/libdl-2.23.so
7f0341546000-7f034155c000 r-xp 00000000 08:01 1449032                    /usr/lib/jvm/jdk1.8.0_181/lib/amd64/jli/libjli.so
7f034155c000-7f034175b000 ---p 00016000 08:01 1449032                    /usr/lib/jvm/jdk1.8.0_181/lib/amd64/jli/libjli.so
7f034175b000-7f034175c000 rw-p 00015000 08:01 1449032                    /usr/lib/jvm/jdk1.8.0_181/lib/amd64/jli/libjli.so
7f034175c000-7f0341774000 r-xp 00000000 08:01 1054235                    /lib/x86_64-linux-gnu/libpthread-2.23.so
7f0341774000-7f0341973000 ---p 00018000 08:01 1054235                    /lib/x86_64-linux-gnu/libpthread-2.23.so
7f0341973000-7f0341974000 r--p 00017000 08:01 1054235                    /lib/x86_64-linux-gnu/libpthread-2.23.so
7f0341974000-7f0341975000 rw-p 00018000 08:01 1054235                    /lib/x86_64-linux-gnu/libpthread-2.23.so
7f0341975000-7f0341979000 rw-p 00000000 00:00 0 
7f0341979000-7f034199f000 r-xp 00000000 08:01 1054061                    /lib/x86_64-linux-gnu/ld-2.23.so
7f03419a5000-7f03419af000 r--s 00116000 08:01 2756143                    /usr/lib/jvm/jdk1.8.0_181/jre/lib/ext/localedata.jar
7f03419af000-7f0341a80000 rw-p 00000000 00:00 0 
7f0341a80000-7f0341a83000 ---p 00000000 00:00 0 
7f0341a83000-7f0341b86000 rw-p 00000000 00:00 0 
7f0341b86000-7f0341b8b000 r--s 0009d000 08:01 2756133                    /usr/lib/jvm/jdk1.8.0_181/jre/lib/jsse.jar
7f0341b8b000-7f0341b93000 r--s 0006e000 08:01 2248917                    /home/whj/dowork/DiffTGen/lib/commons-lang3-3.5.jar
7f0341b93000-7f0341b94000 r--s 00000000 08:01 2248922                    /home/whj/dowork/DiffTGen/lib/myprinter.jar
7f0341b94000-7f0341b9c000 rw-s 00000000 08:01 1984638                    /tmp/hsperfdata_whj/28930
7f0341b9c000-7f0341b9d000 rw-p 00000000 00:00 0 
7f0341b9d000-7f0341b9e000 ---p 00000000 00:00 0 
7f0341b9e000-7f0341b9f000 r--p 00025000 08:01 1054061                    /lib/x86_64-linux-gnu/ld-2.23.so
7f0341b9f000-7f0341ba0000 rw-p 00026000 08:01 1054061                    /lib/x86_64-linux-gnu/ld-2.23.so
7f0341ba0000-7f0341ba1000 rw-p 00000000 00:00 0 
7ffdd1856000-7ffdd1878000 rw-p 00000000 00:00 0                          [stack]
7ffdd196a000-7ffdd196d000 r--p 00000000 00:00 0                          [vvar]
7ffdd196d000-7ffdd196f000 r-xp 00000000 00:00 0                          [vdso]
ffffffffff600000-ffffffffff601000 r-xp 00000000 00:00 0                  [vsyscall]

VM Arguments:
java_command: /home/whj/dowork/DiffTGen/lib/evosuite-1.0.6.jar -base_dir /home/whj/dowork/DiffTGen/extra_output/Closure_86_3_sequencer/target/0/14 -projectCP /home/whj/dowork/DiffTGen/extra_output/Closure_86_3_sequencer/target/build/classes/all0.jar:/home/whj/dowork/DiffTGen/lib/myprinter.jar:/home/whj/dowork/DiffTGen/lib/commons-lang3-3.5.jar -class com.google.javascript.jscomp.NodeUtil -Dassertions=false -Dsearch_budget=60
java_class_path (initial): /home/whj/dowork/DiffTGen/lib/evosuite-1.0.6.jar
Launcher Type: SUN_STANDARD

Environment Variables:
JAVA_HOME=/usr/lib/jvm/jdk1.8.0_181
JRE_HOME=/usr/lib/jvm/jdk1.8.0_181/jre
CLASSPATH=.:/usr/lib/jvm/jdk1.8.0_181/lib:/usr/lib/jvm/jdk1.8.0_181/jre/lib
PATH=/home/whj/perl5/bin:/home/whj/dowork/defects4j-1.2.0/framework/bin:/usr/lib/jvm/jdk1.8.0_181/bin:/usr/lib/jvm/jdk1.8.0_181/jre/bin:/home/whj/bin:/home/whj/.local/bin:/usr/local/sbin:/usr/local/bin:/usr/sbin:/usr/bin:/sbin:/bin:/usr/games:/usr/local/games" :/snap/bin:/home/whj/bin
SHELL=/bin/bash
DISPLAY=:0

Signal Handlers:
SIGSEGV: [libjvm.so+0xad2a40], sa_mask[0]=11111111011111111101111111111110, sa_flags=SA_RESTART|SA_SIGINFO
SIGBUS: [libjvm.so+0xad2a40], sa_mask[0]=11111111011111111101111111111110, sa_flags=SA_RESTART|SA_SIGINFO
SIGFPE: [libjvm.so+0x92a610], sa_mask[0]=11111111011111111101111111111110, sa_flags=SA_RESTART|SA_SIGINFO
SIGPIPE: [libjvm.so+0x92a610], sa_mask[0]=11111111011111111101111111111110, sa_flags=SA_RESTART|SA_SIGINFO
SIGXFSZ: [libjvm.so+0x92a610], sa_mask[0]=11111111011111111101111111111110, sa_flags=SA_RESTART|SA_SIGINFO
SIGILL: [libjvm.so+0x92a610], sa_mask[0]=11111111011111111101111111111110, sa_flags=SA_RESTART|SA_SIGINFO
SIGUSR1: SIG_DFL, sa_mask[0]=00000000000000000000000000000000, sa_flags=none
SIGUSR2: [libjvm.so+0x92be70], sa_mask[0]=00100000000000000000000000000000, sa_flags=SA_RESTART|SA_SIGINFO
SIGHUP: [libjvm.so+0x92d270], sa_mask[0]=11111111011111111101111111111110, sa_flags=SA_RESTART|SA_SIGINFO
SIGINT: [libjvm.so+0x92d270], sa_mask[0]=11111111011111111101111111111110, sa_flags=SA_RESTART|SA_SIGINFO
SIGTERM: [libjvm.so+0x92d270], sa_mask[0]=11111111011111111101111111111110, sa_flags=SA_RESTART|SA_SIGINFO
SIGQUIT: [libjvm.so+0x92d270], sa_mask[0]=11111111011111111101111111111110, sa_flags=SA_RESTART|SA_SIGINFO


---------------  S Y S T E M  ---------------

OS:DISTRIB_ID=Ubuntu
DISTRIB_RELEASE=16.04
DISTRIB_CODENAME=xenial
DISTRIB_DESCRIPTION="Ubuntu 16.04.6 LTS"

uname:Linux 4.15.0-91-generic #92~16.04.1-Ubuntu SMP Fri Feb 28 14:57:22 UTC 2020 x86_64
libc:glibc 2.23 NPTL 2.23 
rlimit: STACK 8192k, CORE 0k, NPROC 31576, NOFILE 1048576, AS infinity
load average:14.96 13.20 14.10

/proc/meminfo:
MemTotal:        8144704 kB
MemFree:          124548 kB
MemAvailable:      29600 kB
Buffers:             824 kB
Cached:            51376 kB
SwapCached:        22528 kB
Active:          6947264 kB
Inactive:         616476 kB
Active(anon):    6916284 kB
Inactive(anon):   595252 kB
Active(file):      30980 kB
Inactive(file):    21224 kB
Unevictable:          32 kB
Mlocked:              32 kB
SwapTotal:        998396 kB
SwapFree:          24128 kB
Dirty:               372 kB
Writeback:          3812 kB
AnonPages:       7489044 kB
Mapped:            39256 kB
Shmem:                 8 kB
Slab:              88808 kB
SReclaimable:      31540 kB
SUnreclaim:        57268 kB
KernelStack:       14032 kB
PageTables:        47068 kB
NFS_Unstable:          0 kB
Bounce:                0 kB
WritebackTmp:          0 kB
CommitLimit:     5070748 kB
Committed_AS:   13669768 kB
VmallocTotal:   34359738367 kB
VmallocUsed:           0 kB
VmallocChunk:          0 kB
HardwareCorrupted:     0 kB
AnonHugePages:         0 kB
ShmemHugePages:        0 kB
ShmemPmdMapped:        0 kB
CmaTotal:              0 kB
CmaFree:               0 kB
HugePages_Total:       0
HugePages_Free:        0
HugePages_Rsvd:        0
HugePages_Surp:        0
Hugepagesize:       2048 kB
DirectMap4k:      114496 kB
DirectMap2M:     6176768 kB
DirectMap1G:     4194304 kB


CPU:total 2 (initial active 2) (2 cores per cpu, 1 threads per core) family 6 model 158 stepping 10, cmov, cx8, fxsr, mmx, sse, sse2, sse3, ssse3, sse4.1, sse4.2, popcnt, avx, avx2, aes, clmul, erms, 3dnowpref, lzcnt, tsc, tscinvbit, bmi1, bmi2, adx

/proc/cpuinfo:
processor	: 0
vendor_id	: GenuineIntel
cpu family	: 6
model		: 158
model name	: Intel(R) Core(TM) i7-8750H CPU @ 2.20GHz
stepping	: 10
microcode	: 0x96
cpu MHz		: 2207.999
cache size	: 9216 KB
physical id	: 0
siblings	: 2
core id		: 0
cpu cores	: 2
apicid		: 0
initial apicid	: 0
fpu		: yes
fpu_exception	: yes
cpuid level	: 22
wp		: yes
flags		: fpu vme de pse tsc msr pae mce cx8 apic sep mtrr pge mca cmov pat pse36 clflush mmx fxsr sse sse2 ss ht syscall nx pdpe1gb rdtscp lm constant_tsc arch_perfmon nopl xtopology tsc_reliable nonstop_tsc cpuid pni pclmulqdq ssse3 fma cx16 pcid sse4_1 sse4_2 x2apic movbe popcnt tsc_deadline_timer aes xsave avx f16c rdrand hypervisor lahf_lm abm 3dnowprefetch cpuid_fault invpcid_single pti ssbd ibrs ibpb stibp fsgsbase tsc_adjust bmi1 avx2 smep bmi2 invpcid rdseed adx smap xsaveopt arat flush_l1d arch_capabilities
bugs		: cpu_meltdown spectre_v1 spectre_v2 spec_store_bypass l1tf mds swapgs itlb_multihit
bogomips	: 4415.99
clflush size	: 64
cache_alignment	: 64
address sizes	: 42 bits physical, 48 bits virtual
power management:

processor	: 1
vendor_id	: GenuineIntel
cpu family	: 6
model		: 158
model name	: Intel(R) Core(TM) i7-8750H CPU @ 2.20GHz
stepping	: 10
microcode	: 0x96
cpu MHz		: 2207.999
cache size	: 9216 KB
physical id	: 0
siblings	: 2
core id		: 1
cpu cores	: 2
apicid		: 1
initial apicid	: 1
fpu		: yes
fpu_exception	: yes
cpuid level	: 22
wp		: yes
flags		: fpu vme de pse tsc msr pae mce cx8 apic sep mtrr pge mca cmov pat pse36 clflush mmx fxsr sse sse2 ss ht syscall nx pdpe1gb rdtscp lm constant_tsc arch_perfmon nopl xtopology tsc_reliable nonstop_tsc cpuid pni pclmulqdq ssse3 fma cx16 pcid sse4_1 sse4_2 x2apic movbe popcnt tsc_deadline_timer aes xsave avx f16c rdrand hypervisor lahf_lm abm 3dnowprefetch cpuid_fault invpcid_single pti ssbd ibrs ibpb stibp fsgsbase tsc_adjust bmi1 avx2 smep bmi2 invpcid rdseed adx smap xsaveopt arat flush_l1d arch_capabilities
bugs		: cpu_meltdown spectre_v1 spectre_v2 spec_store_bypass l1tf mds swapgs itlb_multihit
bogomips	: 4415.99
clflush size	: 64
cache_alignment	: 64
address sizes	: 42 bits physical, 48 bits virtual
power management:



Memory: 4k page, physical 8144704k(124548k free), swap 998396k(24128k free)

vm_info: Java HotSpot(TM) 64-Bit Server VM (25.181-b13) for linux-amd64 JRE (1.8.0_181-b13), built on Jul  7 2018 00:56:38 by "java_re" with gcc 4.3.0 20080428 (Red Hat 4.3.0-8)

time: Fri Mar 27 13:15:00 2020
elapsed time: 126 seconds (0d 0h 2m 6s)

