#
# There is insufficient memory for the Java Runtime Environment to continue.
# Native memory allocation (mmap) failed to map 262144 bytes for committing reserved memory.
# Possible reasons:
#   The system is out of physical RAM or swap space
#   In 32 bit mode, the process size limit was hit
# Possible solutions:
#   Reduce memory load on the system
#   Increase physical memory or swap space
#   Check if swap backing store is full
#   Use 64 bit Java on a 64 bit OS
#   Decrease Java heap size (-Xmx/-Xms)
#   Decrease number of Java threads
#   Decrease Java thread stack sizes (-Xss)
#   Set larger code cache with -XX:ReservedCodeCacheSize=
# This output file may be truncated or incomplete.
#
#  Out of Memory Error (os_linux.cpp:2640), pid=41094, tid=0x00007f6f59a71700
#
# JRE version: Java(TM) SE Runtime Environment (8.0_181-b13) (build 1.8.0_181-b13)
# Java VM: Java HotSpot(TM) 64-Bit Server VM (25.181-b13 mixed mode linux-amd64 compressed oops)
# Failed to write core dump. Core dumps have been disabled. To enable core dumping, try "ulimit -c unlimited" before starting Java again
#

---------------  T H R E A D  ---------------

Current thread (0x0000000001051800):  JavaThread "RMI TCP Connection(3)-127.0.0.1" daemon [_thread_in_vm, id=41504, stack(0x00007f6f59971000,0x00007f6f59a72000)]

Stack: [0x00007f6f59971000,0x00007f6f59a72000],  sp=0x00007f6f59a68cb0,  free space=991k
Native frames: (J=compiled Java code, j=interpreted, Vv=VM code, C=native code)
V  [libjvm.so+0xad21aa]  VMError::report_and_die()+0x2ba
V  [libjvm.so+0x5022db]  report_vm_out_of_memory(char const*, int, unsigned long, VMErrorType, char const*)+0x8b
V  [libjvm.so+0x92fe33]  os::Linux::commit_memory_impl(char*, unsigned long, bool)+0x123
V  [libjvm.so+0x930059]  os::pd_commit_memory(char*, unsigned long, unsigned long, bool)+0x29
V  [libjvm.so+0x9272ba]  os::commit_memory(char*, unsigned long, unsigned long, bool)+0x2a
V  [libjvm.so+0xacde89]  VirtualSpace::expand_by(unsigned long, bool)+0x199
V  [libjvm.so+0x8ab626]  VirtualSpaceList::expand_node_by(VirtualSpaceNode*, unsigned long, unsigned long)+0x76
V  [libjvm.so+0x8ae250]  VirtualSpaceList::expand_by(unsigned long, unsigned long)+0xf0
V  [libjvm.so+0x8ae3e3]  VirtualSpaceList::get_new_chunk(unsigned long, unsigned long)+0xb3
V  [libjvm.so+0x8aed5c]  SpaceManager::grow_and_allocate(unsigned long)+0x37c
V  [libjvm.so+0x8af03b]  SpaceManager::allocate_work(unsigned long)+0x14b
V  [libjvm.so+0x8af0cc]  SpaceManager::allocate(unsigned long)+0x7c
V  [libjvm.so+0x8af31e]  Metaspace::allocate(ClassLoaderData*, unsigned long, bool, MetaspaceObj::Type, Thread*)+0x17e
V  [libjvm.so+0x8cc5d3]  MethodData::allocate(ClassLoaderData*, methodHandle, Thread*)+0x263
V  [libjvm.so+0x8ba538]  Method::build_interpreter_method_data(methodHandle, Thread*)+0xa8
V  [libjvm.so+0x2deaf2]  AdvancedThresholdPolicy::method_invocation_event(methodHandle, methodHandle, CompLevel, nmethod*, JavaThread*)+0x6f2
V  [libjvm.so+0x9f107d]  SimpleThresholdPolicy::event(methodHandle, methodHandle, int, int, CompLevel, nmethod*, JavaThread*)+0xa4d
V  [libjvm.so+0x68d9a0]  InterpreterRuntime::frequency_counter_overflow_inner(JavaThread*, unsigned char*)+0x140
V  [libjvm.so+0x68df1b]  InterpreterRuntime::frequency_counter_overflow(JavaThread*, unsigned char*)+0x1b
j  org.evosuite.shaded.org.objectweb.asm.Label.put(Lorg/evosuite/shaded/org/objectweb/asm/MethodWriter;Lorg/evosuite/shaded/org/objectweb/asm/ByteVector;IZ)V+0
j  org.evosuite.shaded.org.objectweb.asm.MethodWriter.visitJumpInsn(ILorg/evosuite/shaded/org/objectweb/asm/Label;)V+461
J 1257 C1 org.evosuite.shaded.org.objectweb.asm.MethodVisitor.visitJumpInsn(ILorg/evosuite/shaded/org/objectweb/asm/Label;)V (17 bytes) @ 0x00007f6f6d415d44 [0x00007f6f6d415c00+0x144]
J 1257 C1 org.evosuite.shaded.org.objectweb.asm.MethodVisitor.visitJumpInsn(ILorg/evosuite/shaded/org/objectweb/asm/Label;)V (17 bytes) @ 0x00007f6f6d415d44 [0x00007f6f6d415c00+0x144]
J 1257 C1 org.evosuite.shaded.org.objectweb.asm.MethodVisitor.visitJumpInsn(ILorg/evosuite/shaded/org/objectweb/asm/Label;)V (17 bytes) @ 0x00007f6f6d415d44 [0x00007f6f6d415c00+0x144]
j  org.evosuite.runtime.instrumentation.LoopCounterMethodAdapter.visitJumpInsn(ILorg/evosuite/shaded/org/objectweb/asm/Label;)V+7
J 1346 C1 org.evosuite.shaded.org.objectweb.asm.tree.JumpInsnNode.accept(Lorg/evosuite/shaded/org/objectweb/asm/MethodVisitor;)V (21 bytes) @ 0x00007f6f6d47a394 [0x00007f6f6d47a0e0+0x2b4]
J 1383 C1 org.evosuite.shaded.org.objectweb.asm.tree.MethodNode.accept(Lorg/evosuite/shaded/org/objectweb/asm/MethodVisitor;)V (916 bytes) @ 0x00007f6f6d4969ac [0x00007f6f6d493500+0x34ac]
j  org.evosuite.shaded.org.objectweb.asm.commons.JSRInlinerAdapter.visitEnd()V+32
J 1295 C1 org.evosuite.shaded.org.objectweb.asm.MethodVisitor.visitEnd()V (15 bytes) @ 0x00007f6f6d42b1c4 [0x00007f6f6d42b080+0x144]
J 1295 C1 org.evosuite.shaded.org.objectweb.asm.MethodVisitor.visitEnd()V (15 bytes) @ 0x00007f6f6d42b1c4 [0x00007f6f6d42b080+0x144]
J 1295 C1 org.evosuite.shaded.org.objectweb.asm.MethodVisitor.visitEnd()V (15 bytes) @ 0x00007f6f6d42b1c4 [0x00007f6f6d42b080+0x144]
J 1383 C1 org.evosuite.shaded.org.objectweb.asm.tree.MethodNode.accept(Lorg/evosuite/shaded/org/objectweb/asm/MethodVisitor;)V (916 bytes) @ 0x00007f6f6d497b3c [0x00007f6f6d493500+0x463c]
j  org.evosuite.shaded.org.objectweb.asm.tree.MethodNode.accept(Lorg/evosuite/shaded/org/objectweb/asm/ClassVisitor;)V+52
j  org.evosuite.shaded.org.objectweb.asm.tree.ClassNode.accept(Lorg/evosuite/shaded/org/objectweb/asm/ClassVisitor;)V+555
j  org.evosuite.instrumentation.BytecodeInstrumentation.transformBytes(Ljava/lang/ClassLoader;Ljava/lang/String;Lorg/evosuite/shaded/org/objectweb/asm/ClassReader;)[B+727
j  org.evosuite.instrumentation.InstrumentingClassLoader.getTransformedBytes(Ljava/lang/String;Ljava/io/InputStream;)[B+14
j  org.evosuite.instrumentation.InstrumentingClassLoader.instrumentClass(Ljava/lang/String;)Ljava/lang/Class;+89
j  org.evosuite.instrumentation.InstrumentingClassLoader.loadClass(Ljava/lang/String;)Ljava/lang/Class;+136
v  ~StubRoutines::call_stub
V  [libjvm.so+0x697a76]  JavaCalls::call_helper(JavaValue*, methodHandle*, JavaCallArguments*, Thread*)+0x1056
V  [libjvm.so+0x697f81]  JavaCalls::call_virtual(JavaValue*, KlassHandle, Symbol*, Symbol*, JavaCallArguments*, Thread*)+0x321
V  [libjvm.so+0x6983d6]  JavaCalls::call_virtual(JavaValue*, Handle, KlassHandle, Symbol*, Symbol*, Handle, Thread*)+0x56
V  [libjvm.so+0xa47760]  SystemDictionary::load_instance_class(Symbol*, Handle, Thread*)+0x3f0
V  [libjvm.so+0xa466ac]  SystemDictionary::resolve_instance_class_or_null(Symbol*, Handle, Handle, Thread*)+0x78c
V  [libjvm.so+0xa46e28]  SystemDictionary::resolve_super_or_fail(Symbol*, Symbol*, Handle, Handle, bool, Thread*)+0x2d8
V  [libjvm.so+0x465e70]  ClassFileParser::parseClassFile(Symbol*, ClassLoaderData*, Handle, KlassHandle, GrowableArray<Handle>*, TempNewSymbol&, bool, Thread*)+0x1710
V  [libjvm.so+0xa4230f]  SystemDictionary::resolve_from_stream(Symbol*, Handle, Handle, ClassFileStream*, bool, Thread*)+0x14f
V  [libjvm.so+0x71800e]  jvm_define_class_common(JNIEnv_*, char const*, _jobject*, signed char const*, int, _jobject*, char const*, unsigned char, Thread*)+0x2ae
V  [libjvm.so+0x71bd51]  JVM_DefineClassWithSource+0xe1
C  [libjava.so+0xec18]  Java_java_lang_ClassLoader_defineClass1+0x1c8
J 1330  java.lang.ClassLoader.defineClass1(Ljava/lang/String;[BIILjava/security/ProtectionDomain;Ljava/lang/String;)Ljava/lang/Class; (0 bytes) @ 0x00007f6f6d43fd4b [0x00007f6f6d43fc40+0x10b]
J 958 C1 java.lang.ClassLoader.defineClass(Ljava/lang/String;[BIILjava/security/ProtectionDomain;)Ljava/lang/Class; (43 bytes) @ 0x00007f6f6d333e94 [0x00007f6f6d3338c0+0x5d4]
j  java.lang.ClassLoader.defineClass(Ljava/lang/String;[BII)Ljava/lang/Class;+7
j  org.evosuite.instrumentation.InstrumentingClassLoader.instrumentClass(Ljava/lang/String;)Ljava/lang/Class;+107
j  org.evosuite.instrumentation.InstrumentingClassLoader.loadClass(Ljava/lang/String;)Ljava/lang/Class;+136
j  org.evosuite.utils.generic.GenericClass.getClass(Ljava/lang/String;Ljava/lang/ClassLoader;)Ljava/lang/Class;+306
j  org.evosuite.utils.generic.GenericClass.getClass(Ljava/lang/String;)Ljava/lang/Class;+7
j  org.evosuite.utils.generic.GenericClass.readObject(Ljava/io/ObjectInputStream;)V+25
v  ~StubRoutines::call_stub
V  [libjvm.so+0x697a76]  JavaCalls::call_helper(JavaValue*, methodHandle*, JavaCallArguments*, Thread*)+0x1056
V  [libjvm.so+0x9a6737]  Reflection::invoke(instanceKlassHandle, methodHandle, Handle, bool, objArrayHandle, BasicType, objArrayHandle, bool, Thread*)+0x5d7
V  [libjvm.so+0x9a9e47]  Reflection::invoke_method(oopDesc*, Handle, objArrayHandle, Thread*)+0x147
V  [libjvm.so+0x729c7b]  JVM_InvokeMethod+0x26b
j  sun.reflect.NativeMethodAccessorImpl.invoke0(Ljava/lang/reflect/Method;Ljava/lang/Object;[Ljava/lang/Object;)Ljava/lang/Object;+0
j  sun.reflect.NativeMethodAccessorImpl.invoke(Ljava/lang/Object;[Ljava/lang/Object;)Ljava/lang/Object;+100
J 1070 C1 sun.reflect.DelegatingMethodAccessorImpl.invoke(Ljava/lang/Object;[Ljava/lang/Object;)Ljava/lang/Object; (10 bytes) @ 0x00007f6f6d38c584 [0x00007f6f6d38c480+0x104]
J 1058 C1 java.lang.reflect.Method.invoke(Ljava/lang/Object;[Ljava/lang/Object;)Ljava/lang/Object; (62 bytes) @ 0x00007f6f6d380f0c [0x00007f6f6d380b20+0x3ec]
J 1071 C1 java.io.ObjectStreamClass.invokeReadObject(Ljava/lang/Object;Ljava/io/ObjectInputStream;)V (93 bytes) @ 0x00007f6f6d38336c [0x00007f6f6d383000+0x36c]
J 1048 C1 java.io.ObjectInputStream.readSerialData(Ljava/lang/Object;Ljava/io/ObjectStreamClass;)V (367 bytes) @ 0x00007f6f6d3786ec [0x00007f6f6d377e40+0x8ac]
J 989 C1 java.io.ObjectInputStream.readOrdinaryObject(Z)Ljava/lang/Object; (322 bytes) @ 0x00007f6f6d353754 [0x00007f6f6d352e80+0x8d4]
j  java.io.ObjectInputStream.readObject0(Z)Ljava/lang/Object;+401
j  java.io.ObjectInputStream.defaultReadFields(Ljava/lang/Object;Ljava/io/ObjectStreamClass;)V+150
J 1048 C1 java.io.ObjectInputStream.readSerialData(Ljava/lang/Object;Ljava/io/ObjectStreamClass;)V (367 bytes) @ 0x00007f6f6d378a44 [0x00007f6f6d377e40+0xc04]
J 989 C1 java.io.ObjectInputStream.readOrdinaryObject(Z)Ljava/lang/Object; (322 bytes) @ 0x00007f6f6d353754 [0x00007f6f6d352e80+0x8d4]
j  java.io.ObjectInputStream.readObject0(Z)Ljava/lang/Object;+401
j  java.io.ObjectInputStream.defaultReadFields(Ljava/lang/Object;Ljava/io/ObjectStreamClass;)V+150
J 1048 C1 java.io.ObjectInputStream.readSerialData(Ljava/lang/Object;Ljava/io/ObjectStreamClass;)V (367 bytes) @ 0x00007f6f6d378a44 [0x00007f6f6d377e40+0xc04]
J 989 C1 java.io.ObjectInputStream.readOrdinaryObject(Z)Ljava/lang/Object; (322 bytes) @ 0x00007f6f6d353754 [0x00007f6f6d352e80+0x8d4]
j  java.io.ObjectInputStream.readObject0(Z)Ljava/lang/Object;+401
J 1046 C1 java.io.ObjectInputStream.readObject()Ljava/lang/Object; (130 bytes) @ 0x00007f6f6d371f94 [0x00007f6f6d371ec0+0xd4]
J 1149 C1 java.util.ArrayList.readObject(Ljava/io/ObjectInputStream;)V (87 bytes) @ 0x00007f6f6d3c229c [0x00007f6f6d3c19e0+0x8bc]
j  sun.reflect.GeneratedMethodAccessor6.invoke(Ljava/lang/Object;[Ljava/lang/Object;)Ljava/lang/Object;+40
J 1070 C1 sun.reflect.DelegatingMethodAccessorImpl.invoke(Ljava/lang/Object;[Ljava/lang/Object;)Ljava/lang/Object; (10 bytes) @ 0x00007f6f6d38c584 [0x00007f6f6d38c480+0x104]
J 1058 C1 java.lang.reflect.Method.invoke(Ljava/lang/Object;[Ljava/lang/Object;)Ljava/lang/Object; (62 bytes) @ 0x00007f6f6d380f0c [0x00007f6f6d380b20+0x3ec]
J 1071 C1 java.io.ObjectStreamClass.invokeReadObject(Ljava/lang/Object;Ljava/io/ObjectInputStream;)V (93 bytes) @ 0x00007f6f6d38336c [0x00007f6f6d383000+0x36c]
J 1048 C1 java.io.ObjectInputStream.readSerialData(Ljava/lang/Object;Ljava/io/ObjectStreamClass;)V (367 bytes) @ 0x00007f6f6d3786ec [0x00007f6f6d377e40+0x8ac]
J 1111 C2 java.io.ObjectInputStream.readObject0(Z)Ljava/lang/Object; (566 bytes) @ 0x00007f6f6d3caacc [0x00007f6f6d3c9c20+0xeac]
J 1150 C2 java.io.ObjectInputStream.defaultReadFields(Ljava/lang/Object;Ljava/io/ObjectStreamClass;)V (199 bytes) @ 0x00007f6f6d3d36f0 [0x00007f6f6d3d3380+0x370]
J 1048 C1 java.io.ObjectInputStream.readSerialData(Ljava/lang/Object;Ljava/io/ObjectStreamClass;)V (367 bytes) @ 0x00007f6f6d378a44 [0x00007f6f6d377e40+0xc04]
J 1111 C2 java.io.ObjectInputStream.readObject0(Z)Ljava/lang/Object; (566 bytes) @ 0x00007f6f6d3caacc [0x00007f6f6d3c9c20+0xeac]
J 997 C1 java.io.ObjectInputStream.defaultReadFields(Ljava/lang/Object;Ljava/io/ObjectStreamClass;)V (199 bytes) @ 0x00007f6f6d35721c [0x00007f6f6d356be0+0x63c]
J 1064 C1 java.io.ObjectInputStream.defaultReadObject()V (87 bytes) @ 0x00007f6f6d3870ac [0x00007f6f6d386d80+0x32c]
j  org.evosuite.testcase.DefaultTestCase.readObject(Ljava/io/ObjectInputStream;)V+1
v  ~StubRoutines::call_stub
V  [libjvm.so+0x697a76]  JavaCalls::call_helper(JavaValue*, methodHandle*, JavaCallArguments*, Thread*)+0x1056
V  [libjvm.so+0x9a6737]  Reflection::invoke(instanceKlassHandle, methodHandle, Handle, bool, objArrayHandle, BasicType, objArrayHandle, bool, Thread*)+0x5d7
V  [libjvm.so+0x9a9e47]  Reflection::invoke_method(oopDesc*, Handle, objArrayHandle, Thread*)+0x147
V  [libjvm.so+0x729c7b]  JVM_InvokeMethod+0x26b
j  sun.reflect.NativeMethodAccessorImpl.invoke0(Ljava/lang/reflect/Method;Ljava/lang/Object;[Ljava/lang/Object;)Ljava/lang/Object;+0
j  sun.reflect.NativeMethodAccessorImpl.invoke(Ljava/lang/Object;[Ljava/lang/Object;)Ljava/lang/Object;+100
...<more frames>...

Java frames: (J=compiled Java code, j=interpreted, Vv=VM code)
j  org.evosuite.shaded.org.objectweb.asm.Label.put(Lorg/evosuite/shaded/org/objectweb/asm/MethodWriter;Lorg/evosuite/shaded/org/objectweb/asm/ByteVector;IZ)V+0
j  org.evosuite.shaded.org.objectweb.asm.MethodWriter.visitJumpInsn(ILorg/evosuite/shaded/org/objectweb/asm/Label;)V+461
J 1257 C1 org.evosuite.shaded.org.objectweb.asm.MethodVisitor.visitJumpInsn(ILorg/evosuite/shaded/org/objectweb/asm/Label;)V (17 bytes) @ 0x00007f6f6d415d44 [0x00007f6f6d415c00+0x144]
J 1257 C1 org.evosuite.shaded.org.objectweb.asm.MethodVisitor.visitJumpInsn(ILorg/evosuite/shaded/org/objectweb/asm/Label;)V (17 bytes) @ 0x00007f6f6d415d44 [0x00007f6f6d415c00+0x144]
J 1257 C1 org.evosuite.shaded.org.objectweb.asm.MethodVisitor.visitJumpInsn(ILorg/evosuite/shaded/org/objectweb/asm/Label;)V (17 bytes) @ 0x00007f6f6d415d44 [0x00007f6f6d415c00+0x144]
j  org.evosuite.runtime.instrumentation.LoopCounterMethodAdapter.visitJumpInsn(ILorg/evosuite/shaded/org/objectweb/asm/Label;)V+7
J 1346 C1 org.evosuite.shaded.org.objectweb.asm.tree.JumpInsnNode.accept(Lorg/evosuite/shaded/org/objectweb/asm/MethodVisitor;)V (21 bytes) @ 0x00007f6f6d47a394 [0x00007f6f6d47a0e0+0x2b4]
J 1383 C1 org.evosuite.shaded.org.objectweb.asm.tree.MethodNode.accept(Lorg/evosuite/shaded/org/objectweb/asm/MethodVisitor;)V (916 bytes) @ 0x00007f6f6d4969ac [0x00007f6f6d493500+0x34ac]
j  org.evosuite.shaded.org.objectweb.asm.commons.JSRInlinerAdapter.visitEnd()V+32
J 1295 C1 org.evosuite.shaded.org.objectweb.asm.MethodVisitor.visitEnd()V (15 bytes) @ 0x00007f6f6d42b1c4 [0x00007f6f6d42b080+0x144]
J 1295 C1 org.evosuite.shaded.org.objectweb.asm.MethodVisitor.visitEnd()V (15 bytes) @ 0x00007f6f6d42b1c4 [0x00007f6f6d42b080+0x144]
J 1295 C1 org.evosuite.shaded.org.objectweb.asm.MethodVisitor.visitEnd()V (15 bytes) @ 0x00007f6f6d42b1c4 [0x00007f6f6d42b080+0x144]
J 1383 C1 org.evosuite.shaded.org.objectweb.asm.tree.MethodNode.accept(Lorg/evosuite/shaded/org/objectweb/asm/MethodVisitor;)V (916 bytes) @ 0x00007f6f6d497b3c [0x00007f6f6d493500+0x463c]
j  org.evosuite.shaded.org.objectweb.asm.tree.MethodNode.accept(Lorg/evosuite/shaded/org/objectweb/asm/ClassVisitor;)V+52
j  org.evosuite.shaded.org.objectweb.asm.tree.ClassNode.accept(Lorg/evosuite/shaded/org/objectweb/asm/ClassVisitor;)V+555
j  org.evosuite.instrumentation.BytecodeInstrumentation.transformBytes(Ljava/lang/ClassLoader;Ljava/lang/String;Lorg/evosuite/shaded/org/objectweb/asm/ClassReader;)[B+727
j  org.evosuite.instrumentation.InstrumentingClassLoader.getTransformedBytes(Ljava/lang/String;Ljava/io/InputStream;)[B+14
j  org.evosuite.instrumentation.InstrumentingClassLoader.instrumentClass(Ljava/lang/String;)Ljava/lang/Class;+89
j  org.evosuite.instrumentation.InstrumentingClassLoader.loadClass(Ljava/lang/String;)Ljava/lang/Class;+136
v  ~StubRoutines::call_stub
J 1330  java.lang.ClassLoader.defineClass1(Ljava/lang/String;[BIILjava/security/ProtectionDomain;Ljava/lang/String;)Ljava/lang/Class; (0 bytes) @ 0x00007f6f6d43fcd1 [0x00007f6f6d43fc40+0x91]
J 958 C1 java.lang.ClassLoader.defineClass(Ljava/lang/String;[BIILjava/security/ProtectionDomain;)Ljava/lang/Class; (43 bytes) @ 0x00007f6f6d333e94 [0x00007f6f6d3338c0+0x5d4]
j  java.lang.ClassLoader.defineClass(Ljava/lang/String;[BII)Ljava/lang/Class;+7
j  org.evosuite.instrumentation.InstrumentingClassLoader.instrumentClass(Ljava/lang/String;)Ljava/lang/Class;+107
j  org.evosuite.instrumentation.InstrumentingClassLoader.loadClass(Ljava/lang/String;)Ljava/lang/Class;+136
j  org.evosuite.utils.generic.GenericClass.getClass(Ljava/lang/String;Ljava/lang/ClassLoader;)Ljava/lang/Class;+306
j  org.evosuite.utils.generic.GenericClass.getClass(Ljava/lang/String;)Ljava/lang/Class;+7
j  org.evosuite.utils.generic.GenericClass.readObject(Ljava/io/ObjectInputStream;)V+25
v  ~StubRoutines::call_stub
j  sun.reflect.NativeMethodAccessorImpl.invoke0(Ljava/lang/reflect/Method;Ljava/lang/Object;[Ljava/lang/Object;)Ljava/lang/Object;+0
j  sun.reflect.NativeMethodAccessorImpl.invoke(Ljava/lang/Object;[Ljava/lang/Object;)Ljava/lang/Object;+100
J 1070 C1 sun.reflect.DelegatingMethodAccessorImpl.invoke(Ljava/lang/Object;[Ljava/lang/Object;)Ljava/lang/Object; (10 bytes) @ 0x00007f6f6d38c584 [0x00007f6f6d38c480+0x104]
J 1058 C1 java.lang.reflect.Method.invoke(Ljava/lang/Object;[Ljava/lang/Object;)Ljava/lang/Object; (62 bytes) @ 0x00007f6f6d380f0c [0x00007f6f6d380b20+0x3ec]
J 1071 C1 java.io.ObjectStreamClass.invokeReadObject(Ljava/lang/Object;Ljava/io/ObjectInputStream;)V (93 bytes) @ 0x00007f6f6d38336c [0x00007f6f6d383000+0x36c]
J 1048 C1 java.io.ObjectInputStream.readSerialData(Ljava/lang/Object;Ljava/io/ObjectStreamClass;)V (367 bytes) @ 0x00007f6f6d3786ec [0x00007f6f6d377e40+0x8ac]
J 989 C1 java.io.ObjectInputStream.readOrdinaryObject(Z)Ljava/lang/Object; (322 bytes) @ 0x00007f6f6d353754 [0x00007f6f6d352e80+0x8d4]
j  java.io.ObjectInputStream.readObject0(Z)Ljava/lang/Object;+401
j  java.io.ObjectInputStream.defaultReadFields(Ljava/lang/Object;Ljava/io/ObjectStreamClass;)V+150
J 1048 C1 java.io.ObjectInputStream.readSerialData(Ljava/lang/Object;Ljava/io/ObjectStreamClass;)V (367 bytes) @ 0x00007f6f6d378a44 [0x00007f6f6d377e40+0xc04]
J 989 C1 java.io.ObjectInputStream.readOrdinaryObject(Z)Ljava/lang/Object; (322 bytes) @ 0x00007f6f6d353754 [0x00007f6f6d352e80+0x8d4]
j  java.io.ObjectInputStream.readObject0(Z)Ljava/lang/Object;+401
j  java.io.ObjectInputStream.defaultReadFields(Ljava/lang/Object;Ljava/io/ObjectStreamClass;)V+150
J 1048 C1 java.io.ObjectInputStream.readSerialData(Ljava/lang/Object;Ljava/io/ObjectStreamClass;)V (367 bytes) @ 0x00007f6f6d378a44 [0x00007f6f6d377e40+0xc04]
J 989 C1 java.io.ObjectInputStream.readOrdinaryObject(Z)Ljava/lang/Object; (322 bytes) @ 0x00007f6f6d353754 [0x00007f6f6d352e80+0x8d4]
j  java.io.ObjectInputStream.readObject0(Z)Ljava/lang/Object;+401
J 1046 C1 java.io.ObjectInputStream.readObject()Ljava/lang/Object; (130 bytes) @ 0x00007f6f6d371f94 [0x00007f6f6d371ec0+0xd4]
J 1149 C1 java.util.ArrayList.readObject(Ljava/io/ObjectInputStream;)V (87 bytes) @ 0x00007f6f6d3c229c [0x00007f6f6d3c19e0+0x8bc]
j  sun.reflect.GeneratedMethodAccessor6.invoke(Ljava/lang/Object;[Ljava/lang/Object;)Ljava/lang/Object;+40
J 1070 C1 sun.reflect.DelegatingMethodAccessorImpl.invoke(Ljava/lang/Object;[Ljava/lang/Object;)Ljava/lang/Object; (10 bytes) @ 0x00007f6f6d38c584 [0x00007f6f6d38c480+0x104]
J 1058 C1 java.lang.reflect.Method.invoke(Ljava/lang/Object;[Ljava/lang/Object;)Ljava/lang/Object; (62 bytes) @ 0x00007f6f6d380f0c [0x00007f6f6d380b20+0x3ec]
J 1071 C1 java.io.ObjectStreamClass.invokeReadObject(Ljava/lang/Object;Ljava/io/ObjectInputStream;)V (93 bytes) @ 0x00007f6f6d38336c [0x00007f6f6d383000+0x36c]
J 1048 C1 java.io.ObjectInputStream.readSerialData(Ljava/lang/Object;Ljava/io/ObjectStreamClass;)V (367 bytes) @ 0x00007f6f6d3786ec [0x00007f6f6d377e40+0x8ac]
J 1111 C2 java.io.ObjectInputStream.readObject0(Z)Ljava/lang/Object; (566 bytes) @ 0x00007f6f6d3caacc [0x00007f6f6d3c9c20+0xeac]
J 1150 C2 java.io.ObjectInputStream.defaultReadFields(Ljava/lang/Object;Ljava/io/ObjectStreamClass;)V (199 bytes) @ 0x00007f6f6d3d36f0 [0x00007f6f6d3d3380+0x370]
J 1048 C1 java.io.ObjectInputStream.readSerialData(Ljava/lang/Object;Ljava/io/ObjectStreamClass;)V (367 bytes) @ 0x00007f6f6d378a44 [0x00007f6f6d377e40+0xc04]
J 1111 C2 java.io.ObjectInputStream.readObject0(Z)Ljava/lang/Object; (566 bytes) @ 0x00007f6f6d3caacc [0x00007f6f6d3c9c20+0xeac]
J 997 C1 java.io.ObjectInputStream.defaultReadFields(Ljava/lang/Object;Ljava/io/ObjectStreamClass;)V (199 bytes) @ 0x00007f6f6d35721c [0x00007f6f6d356be0+0x63c]
J 1064 C1 java.io.ObjectInputStream.defaultReadObject()V (87 bytes) @ 0x00007f6f6d3870ac [0x00007f6f6d386d80+0x32c]
j  org.evosuite.testcase.DefaultTestCase.readObject(Ljava/io/ObjectInputStream;)V+1
v  ~StubRoutines::call_stub
j  sun.reflect.NativeMethodAccessorImpl.invoke0(Ljava/lang/reflect/Method;Ljava/lang/Object;[Ljava/lang/Object;)Ljava/lang/Object;+0
j  sun.reflect.NativeMethodAccessorImpl.invoke(Ljava/lang/Object;[Ljava/lang/Object;)Ljava/lang/Object;+100
J 1070 C1 sun.reflect.DelegatingMethodAccessorImpl.invoke(Ljava/lang/Object;[Ljava/lang/Object;)Ljava/lang/Object; (10 bytes) @ 0x00007f6f6d38c584 [0x00007f6f6d38c480+0x104]
J 1058 C1 java.lang.reflect.Method.invoke(Ljava/lang/Object;[Ljava/lang/Object;)Ljava/lang/Object; (62 bytes) @ 0x00007f6f6d380f0c [0x00007f6f6d380b20+0x3ec]
J 1071 C1 java.io.ObjectStreamClass.invokeReadObject(Ljava/lang/Object;Ljava/io/ObjectInputStream;)V (93 bytes) @ 0x00007f6f6d38336c [0x00007f6f6d383000+0x36c]
J 1048 C1 java.io.ObjectInputStream.readSerialData(Ljava/lang/Object;Ljava/io/ObjectStreamClass;)V (367 bytes) @ 0x00007f6f6d3786ec [0x00007f6f6d377e40+0x8ac]
J 1111 C2 java.io.ObjectInputStream.readObject0(Z)Ljava/lang/Object; (566 bytes) @ 0x00007f6f6d3caacc [0x00007f6f6d3c9c20+0xeac]
J 997 C1 java.io.ObjectInputStream.defaultReadFields(Ljava/lang/Object;Ljava/io/ObjectStreamClass;)V (199 bytes) @ 0x00007f6f6d35721c [0x00007f6f6d356be0+0x63c]
J 1048 C1 java.io.ObjectInputStream.readSerialData(Ljava/lang/Object;Ljava/io/ObjectStreamClass;)V (367 bytes) @ 0x00007f6f6d378a44 [0x00007f6f6d377e40+0xc04]
J 989 C1 java.io.ObjectInputStream.readOrdinaryObject(Z)Ljava/lang/Object; (322 bytes) @ 0x00007f6f6d353754 [0x00007f6f6d352e80+0x8d4]
J 971 C1 java.io.ObjectInputStream.readObject0(Z)Ljava/lang/Object; (566 bytes) @ 0x00007f6f6d3400d4 [0x00007f6f6d33f4a0+0xc34]
J 1046 C1 java.io.ObjectInputStream.readObject()Ljava/lang/Object; (130 bytes) @ 0x00007f6f6d371f94 [0x00007f6f6d371ec0+0xd4]
J 1149 C1 java.util.ArrayList.readObject(Ljava/io/ObjectInputStream;)V (87 bytes) @ 0x00007f6f6d3c229c [0x00007f6f6d3c19e0+0x8bc]
j  sun.reflect.GeneratedMethodAccessor6.invoke(Ljava/lang/Object;[Ljava/lang/Object;)Ljava/lang/Object;+40
J 1070 C1 sun.reflect.DelegatingMethodAccessorImpl.invoke(Ljava/lang/Object;[Ljava/lang/Object;)Ljava/lang/Object; (10 bytes) @ 0x00007f6f6d38c584 [0x00007f6f6d38c480+0x104]
J 1058 C1 java.lang.reflect.Method.invoke(Ljava/lang/Object;[Ljava/lang/Object;)Ljava/lang/Object; (62 bytes) @ 0x00007f6f6d380f0c [0x00007f6f6d380b20+0x3ec]
J 1071 C1 java.io.ObjectStreamClass.invokeReadObject(Ljava/lang/Object;Ljava/io/ObjectInputStream;)V (93 bytes) @ 0x00007f6f6d38336c [0x00007f6f6d383000+0x36c]
J 1048 C1 java.io.ObjectInputStream.readSerialData(Ljava/lang/Object;Ljava/io/ObjectStreamClass;)V (367 bytes) @ 0x00007f6f6d3786ec [0x00007f6f6d377e40+0x8ac]
J 989 C1 java.io.ObjectInputStream.readOrdinaryObject(Z)Ljava/lang/Object; (322 bytes) @ 0x00007f6f6d353754 [0x00007f6f6d352e80+0x8d4]
J 971 C1 java.io.ObjectInputStream.readObject0(Z)Ljava/lang/Object; (566 bytes) @ 0x00007f6f6d3400d4 [0x00007f6f6d33f4a0+0xc34]
J 997 C1 java.io.ObjectInputStream.defaultReadFields(Ljava/lang/Object;Ljava/io/ObjectStreamClass;)V (199 bytes) @ 0x00007f6f6d35721c [0x00007f6f6d356be0+0x63c]
j  java.io.ObjectInputStream.readSerialData(Ljava/lang/Object;Ljava/io/ObjectStreamClass;)V+298
J 989 C1 java.io.ObjectInputStream.readOrdinaryObject(Z)Ljava/lang/Object; (322 bytes) @ 0x00007f6f6d353754 [0x00007f6f6d352e80+0x8d4]
J 971 C1 java.io.ObjectInputStream.readObject0(Z)Ljava/lang/Object; (566 bytes) @ 0x00007f6f6d3400d4 [0x00007f6f6d33f4a0+0xc34]
j  java.io.ObjectInputStream.readObject()Ljava/lang/Object;+19
j  sun.rmi.server.UnicastRef.unmarshalValue(Ljava/lang/Class;Ljava/io/ObjectInput;)Ljava/lang/Object;+171
j  sun.rmi.server.UnicastServerRef.unmarshalParametersUnchecked(Ljava/lang/reflect/Method;Ljava/io/ObjectInput;)[Ljava/lang/Object;+31
j  sun.rmi.server.UnicastServerRef.unmarshalParameters(Ljava/lang/Object;Ljava/lang/reflect/Method;Lsun/rmi/server/MarshalInputStream;)[Ljava/lang/Object;+23
j  sun.rmi.server.UnicastServerRef.dispatch(Ljava/rmi/Remote;Ljava/rmi/server/RemoteCall;)V+168
j  sun.rmi.transport.Transport$1.run()Ljava/lang/Void;+23
j  sun.rmi.transport.Transport$1.run()Ljava/lang/Object;+1
v  ~StubRoutines::call_stub
J 141  java.security.AccessController.doPrivileged(Ljava/security/PrivilegedExceptionAction;Ljava/security/AccessControlContext;)Ljava/lang/Object; (0 bytes) @ 0x00007f6f6d1593a3 [0x00007f6f6d159340+0x63]
j  sun.rmi.transport.Transport.serviceCall(Ljava/rmi/server/RemoteCall;)Z+157
j  sun.rmi.transport.tcp.TCPTransport.handleMessages(Lsun/rmi/transport/Connection;Z)V+185
j  sun.rmi.transport.tcp.TCPTransport$ConnectionHandler.run0()V+696
j  sun.rmi.transport.tcp.TCPTransport$ConnectionHandler.lambda$run$0()Ljava/lang/Void;+1
j  sun.rmi.transport.tcp.TCPTransport$ConnectionHandler$$Lambda$19.run()Ljava/lang/Object;+4
v  ~StubRoutines::call_stub
j  java.security.AccessController.doPrivileged(Ljava/security/PrivilegedAction;Ljava/security/AccessControlContext;)Ljava/lang/Object;+0
j  sun.rmi.transport.tcp.TCPTransport$ConnectionHandler.run()V+58
j  java.util.concurrent.ThreadPoolExecutor.runWorker(Ljava/util/concurrent/ThreadPoolExecutor$Worker;)V+95
j  java.util.concurrent.ThreadPoolExecutor$Worker.run()V+5
j  java.lang.Thread.run()V+11
v  ~StubRoutines::call_stub

---------------  P R O C E S S  ---------------

Java Threads: ( => current thread )
  0x0000000001053000 JavaThread "RMI TCP Connection(4)-127.0.0.1" daemon [_thread_in_native, id=41533, stack(0x00007f6f59c74000,0x00007f6f59d75000)]
=>0x0000000001051800 JavaThread "RMI TCP Connection(3)-127.0.0.1" daemon [_thread_in_vm, id=41504, stack(0x00007f6f59971000,0x00007f6f59a72000)]
  0x00007f6f50038800 JavaThread "RMI Scheduler(0)" daemon [_thread_blocked, id=41501, stack(0x00007f6f59a72000,0x00007f6f59b73000)]
  0x00007f6f50035000 JavaThread "RMI RenewClean-[127.0.0.1:9962]" daemon [_thread_blocked, id=41496, stack(0x00007f6f59b73000,0x00007f6f59c74000)]
  0x00007f6f2c006000 JavaThread "pool-3-thread-3" [_thread_in_native, id=41406, stack(0x00007f6f59d75000,0x00007f6f59e76000)]
  0x00007f6f2c004000 JavaThread "pool-3-thread-2" [_thread_in_native, id=41405, stack(0x00007f6f59e76000,0x00007f6f59f77000)]
  0x00007f6f2c003000 JavaThread "pool-3-thread-1" [_thread_in_native, id=41404, stack(0x00007f6f59f77000,0x00007f6f5a078000)]
  0x00007f6f7c40c000 JavaThread "Thread-3" [_thread_in_native, id=41323, stack(0x00007f6f5a078000,0x00007f6f5a179000)]
  0x00007f6f7c40a000 JavaThread "Thread-2" [_thread_in_native, id=41321, stack(0x00007f6f5a179000,0x00007f6f5a27a000)]
  0x00007f6f7c408800 JavaThread "process reaper" daemon [_thread_in_native, id=41316, stack(0x00007f6f680ae000,0x00007f6f680e7000)]
  0x00007f6f7c405000 JavaThread "pool-2-thread-1" [_thread_in_native, id=41243, stack(0x00007f6f5a27a000,0x00007f6f5a37b000)]
  0x00007f6f7c402800 JavaThread "GC Daemon" daemon [_thread_blocked, id=41238, stack(0x00007f6f5a37b000,0x00007f6f5a47c000)]
  0x00007f6f7c3fe000 JavaThread "RMI Reaper" [_thread_blocked, id=41235, stack(0x00007f6f5a47c000,0x00007f6f5a57d000)]
  0x00007f6f7c3f7000 JavaThread "RMI TCP Accept-10785" daemon [_thread_in_native, id=41228, stack(0x00007f6f5a57d000,0x00007f6f5a67e000)]
  0x00007f6f7c3f0000 JavaThread "RMI TCP Accept-5380" daemon [_thread_in_native, id=41216, stack(0x00007f6f5a67e000,0x00007f6f5a77f000)]
  0x00007f6f7c294000 JavaThread "logback-3" daemon [_thread_blocked, id=41190, stack(0x00007f6f5acf4000,0x00007f6f5adf5000)]
  0x00007f6f7c292000 JavaThread "logback-2" daemon [_thread_blocked, id=41189, stack(0x00007f6f5adf5000,0x00007f6f5aef6000)]
  0x00007f6f7c290800 JavaThread "logback-1" daemon [_thread_blocked, id=41187, stack(0x00007f6f5aef6000,0x00007f6f5aff7000)]
  0x00007f6f7c142000 JavaThread "Service Thread" daemon [_thread_blocked, id=41163, stack(0x00007f6f5b540000,0x00007f6f5b641000)]
  0x00007f6f7c13f000 JavaThread "C1 CompilerThread1" daemon [_thread_blocked, id=41162, stack(0x00007f6f680e7000,0x00007f6f681e8000)]
  0x00007f6f7c13c000 JavaThread "C2 CompilerThread0" daemon [_thread_blocked, id=41160, stack(0x00007f6f681e8000,0x00007f6f682e9000)]
  0x00007f6f7c13a800 JavaThread "Signal Dispatcher" daemon [_thread_blocked, id=41158, stack(0x00007f6f682e9000,0x00007f6f683ea000)]
  0x00007f6f7c107800 JavaThread "Finalizer" daemon [_thread_blocked, id=41142, stack(0x00007f6f683ea000,0x00007f6f684eb000)]
  0x00007f6f7c105000 JavaThread "Reference Handler" daemon [_thread_blocked, id=41137, stack(0x00007f6f684eb000,0x00007f6f685ec000)]
  0x00007f6f7c00a800 JavaThread "main" [_thread_in_native, id=41101, stack(0x00007f6f847cd000,0x00007f6f848ce000)]

Other Threads:
  0x00007f6f7c0fb800 VMThread [stack: 0x00007f6f685ec000,0x00007f6f686ed000] [id=41130]
  0x00007f6f7c147000 WatcherThread [stack: 0x00007f6f5b43f000,0x00007f6f5b540000] [id=41164]

VM state:synchronizing (normal execution)

VM Mutex/Monitor currently owned by a thread:  ([mutex/lock_event])
[0x00007f6f7c006cc0] Threads_lock - owner thread: 0x00007f6f7c0fb800
[0x00007f6f7c007740] MethodData_lock - owner thread: 0x0000000001051800

Heap:
 PSYoungGen      total 70656K, used 26728K [0x00000000d6900000, 0x00000000db300000, 0x0000000100000000)
  eden space 65536K, 40% used [0x00000000d6900000,0x00000000d831a390,0x00000000da900000)
  from space 5120K, 0% used [0x00000000dae00000,0x00000000dae00000,0x00000000db300000)
  to   space 5120K, 0% used [0x00000000da900000,0x00000000da900000,0x00000000dae00000)
 ParOldGen       total 86016K, used 10625K [0x0000000083a00000, 0x0000000088e00000, 0x00000000d6900000)
  object space 86016K, 12% used [0x0000000083a00000,0x0000000084460688,0x0000000088e00000)
 Metaspace       used 13322K, capacity 13698K, committed 13824K, reserved 1060864K
  class space    used 1542K, capacity 1679K, committed 1792K, reserved 1048576K

Card table byte_map: [0x00007f6f81178000,0x00007f6f8155c000] byte_map_base: 0x00007f6f80d5b000

Marking Bits: (ParMarkBitMap*) 0x00007f6f83c980a0
 Begin Bits: [0x00007f6f691d0000, 0x00007f6f6b0e8000)
 End Bits:   [0x00007f6f6b0e8000, 0x00007f6f6d000000)

Polling page: 0x00007f6f848ea000

CodeCache: size=245760Kb used=4822Kb max_used=4822Kb free=240937Kb
 bounds [0x00007f6f6d000000, 0x00007f6f6d4c0000, 0x00007f6f7c000000]
 total_blobs=1717 nmethods=1377 adapters=252
 compilation: enabled

Compilation events (10 events):
Event: 108.611 Thread 0x00007f6f7c13f000 1406       3       org.evosuite.seeding.PrimitiveClassAdapter::visitMethod (84 bytes)
Event: 108.612 Thread 0x00007f6f7c13f000 nmethod 1406 0x00007f6f6d4b5f90 code [0x00007f6f6d4b6180, 0x00007f6f6d4b6908]
Event: 108.612 Thread 0x00007f6f7c13f000 1402  s    3       java.lang.StringBuffer::append (13 bytes)
Event: 108.612 Thread 0x00007f6f7c13f000 nmethod 1402 0x00007f6f6d4aa150 code [0x00007f6f6d4aa2c0, 0x00007f6f6d4aa5e8]
Event: 108.635 Thread 0x00007f6f7c13f000 1408       3       org.evosuite.instrumentation.YieldAtLineNumberMethodAdapter::<init> (42 bytes)
Event: 108.635 Thread 0x00007f6f7c13f000 nmethod 1408 0x00007f6f6d4b6e90 code [0x00007f6f6d4b7020, 0x00007f6f6d4b73c8]
Event: 108.635 Thread 0x00007f6f7c13f000 1409       3       org.evosuite.shaded.org.objectweb.asm.MethodWriter::startFrame (55 bytes)
Event: 108.635 Thread 0x00007f6f7c13f000 nmethod 1409 0x00007f6f6d4b7510 code [0x00007f6f6d4b7680, 0x00007f6f6d4b7970]
Event: 108.635 Thread 0x00007f6f7c13f000 1410       3       org.evosuite.shaded.org.objectweb.asm.MethodWriter::endFrame (53 bytes)
Event: 108.645 Thread 0x00007f6f7c13f000 nmethod 1410 0x00007f6f6d4b7b10 code [0x00007f6f6d4b7ca0, 0x00007f6f6d4b80c8]

GC Heap History (6 events):
Event: 2.348 GC heap before
{Heap before GC invocations=1 (full 0):
 PSYoungGen      total 37888K, used 32768K [0x00000000d6900000, 0x00000000d9300000, 0x0000000100000000)
  eden space 32768K, 100% used [0x00000000d6900000,0x00000000d8900000,0x00000000d8900000)
  from space 5120K, 0% used [0x00000000d8e00000,0x00000000d8e00000,0x00000000d9300000)
  to   space 5120K, 0% used [0x00000000d8900000,0x00000000d8900000,0x00000000d8e00000)
 ParOldGen       total 86016K, used 0K [0x0000000083a00000, 0x0000000088e00000, 0x00000000d6900000)
  object space 86016K, 0% used [0x0000000083a00000,0x0000000083a00000,0x0000000088e00000)
 Metaspace       used 8350K, capacity 8470K, committed 8704K, reserved 1056768K
  class space    used 1004K, capacity 1012K, committed 1024K, reserved 1048576K
Event: 2.383 GC heap after
Heap after GC invocations=1 (full 0):
 PSYoungGen      total 37888K, used 5088K [0x00000000d6900000, 0x00000000db300000, 0x0000000100000000)
  eden space 32768K, 0% used [0x00000000d6900000,0x00000000d6900000,0x00000000d8900000)
  from space 5120K, 99% used [0x00000000d8900000,0x00000000d8df8050,0x00000000d8e00000)
  to   space 5120K, 0% used [0x00000000dae00000,0x00000000dae00000,0x00000000db300000)
 ParOldGen       total 86016K, used 1769K [0x0000000083a00000, 0x0000000088e00000, 0x00000000d6900000)
  object space 86016K, 2% used [0x0000000083a00000,0x0000000083bba5e0,0x0000000088e00000)
 Metaspace       used 8350K, capacity 8470K, committed 8704K, reserved 1056768K
  class space    used 1004K, capacity 1012K, committed 1024K, reserved 1048576K
}
Event: 3.241 GC heap before
{Heap before GC invocations=2 (full 0):
 PSYoungGen      total 37888K, used 34010K [0x00000000d6900000, 0x00000000db300000, 0x0000000100000000)
  eden space 32768K, 88% used [0x00000000d6900000,0x00000000d853e908,0x00000000d8900000)
  from space 5120K, 99% used [0x00000000d8900000,0x00000000d8df8050,0x00000000d8e00000)
  to   space 5120K, 0% used [0x00000000dae00000,0x00000000dae00000,0x00000000db300000)
 ParOldGen       total 86016K, used 1769K [0x0000000083a00000, 0x0000000088e00000, 0x00000000d6900000)
  object space 86016K, 2% used [0x0000000083a00000,0x0000000083bba5e0,0x0000000088e00000)
 Metaspace       used 10227K, capacity 10396K, committed 10624K, reserved 1058816K
  class space    used 1237K, capacity 1319K, committed 1408K, reserved 1048576K
Event: 3.302 GC heap after
Heap after GC invocations=2 (full 0):
 PSYoungGen      total 70656K, used 5120K [0x00000000d6900000, 0x00000000db300000, 0x0000000100000000)
  eden space 65536K, 0% used [0x00000000d6900000,0x00000000d6900000,0x00000000da900000)
  from space 5120K, 100% used [0x00000000dae00000,0x00000000db300000,0x00000000db300000)
  to   space 5120K, 0% used [0x00000000da900000,0x00000000da900000,0x00000000dae00000)
 ParOldGen       total 86016K, used 6990K [0x0000000083a00000, 0x0000000088e00000, 0x00000000d6900000)
  object space 86016K, 8% used [0x0000000083a00000,0x00000000840d3860,0x0000000088e00000)
 Metaspace       used 10227K, capacity 10396K, committed 10624K, reserved 1058816K
  class space    used 1237K, capacity 1319K, committed 1408K, reserved 1048576K
}
Event: 3.302 GC heap before
{Heap before GC invocations=3 (full 1):
 PSYoungGen      total 70656K, used 5120K [0x00000000d6900000, 0x00000000db300000, 0x0000000100000000)
  eden space 65536K, 0% used [0x00000000d6900000,0x00000000d6900000,0x00000000da900000)
  from space 5120K, 100% used [0x00000000dae00000,0x00000000db300000,0x00000000db300000)
  to   space 5120K, 0% used [0x00000000da900000,0x00000000da900000,0x00000000dae00000)
 ParOldGen       total 86016K, used 6990K [0x0000000083a00000, 0x0000000088e00000, 0x00000000d6900000)
  object space 86016K, 8% used [0x0000000083a00000,0x00000000840d3860,0x0000000088e00000)
 Metaspace       used 10227K, capacity 10396K, committed 10624K, reserved 1058816K
  class space    used 1237K, capacity 1319K, committed 1408K, reserved 1048576K
Event: 3.482 GC heap after
Heap after GC invocations=3 (full 1):
 PSYoungGen      total 70656K, used 0K [0x00000000d6900000, 0x00000000db300000, 0x0000000100000000)
  eden space 65536K, 0% used [0x00000000d6900000,0x00000000d6900000,0x00000000da900000)
  from space 5120K, 0% used [0x00000000dae00000,0x00000000dae00000,0x00000000db300000)
  to   space 5120K, 0% used [0x00000000da900000,0x00000000da900000,0x00000000dae00000)
 ParOldGen       total 86016K, used 10625K [0x0000000083a00000, 0x0000000088e00000, 0x00000000d6900000)
  object space 86016K, 12% used [0x0000000083a00000,0x0000000084460688,0x0000000088e00000)
 Metaspace       used 10219K, capacity 10386K, committed 10624K, reserved 1058816K
  class space    used 1236K, capacity 1317K, committed 1408K, reserved 1048576K
}

Deoptimization events (10 events):
Event: 106.217 Thread 0x0000000001051800 Uncommon trap: reason=class_check action=maybe_recompile pc=0x00007f6f6d419994 method=java.util.HashMap.putVal(ILjava/lang/Object;Ljava/lang/Object;ZZ)Ljava/lang/Object; @ 203
Event: 106.218 Thread 0x0000000001051800 Uncommon trap: reason=class_check action=maybe_recompile pc=0x00007f6f6d419994 method=java.util.HashMap.putVal(ILjava/lang/Object;Ljava/lang/Object;ZZ)Ljava/lang/Object; @ 203
Event: 106.533 Thread 0x0000000001051800 Uncommon trap: reason=unstable_if action=reinterpret pc=0x00007f6f6d2c1d34 method=org.evosuite.runtime.InitializingListenerUtils.getClassNameFromResourcePath(Ljava/lang/String;)Ljava/lang/String; @ 22
Event: 106.580 Thread 0x0000000001051800 Uncommon trap: reason=unstable_if action=reinterpret pc=0x00007f6f6d3cb920 method=java.io.ObjectInputStream$HandleTable.finish(I)V @ 4
Event: 106.580 Thread 0x0000000001051800 Uncommon trap: reason=unstable_if action=reinterpret pc=0x00007f6f6d3cb920 method=java.io.ObjectInputStream$HandleTable.finish(I)V @ 4
Event: 106.580 Thread 0x0000000001051800 Uncommon trap: reason=unstable_if action=reinterpret pc=0x00007f6f6d3cb920 method=java.io.ObjectInputStream$HandleTable.finish(I)V @ 4
Event: 106.580 Thread 0x0000000001051800 Uncommon trap: reason=uninitialized action=reinterpret pc=0x00007f6f6d3d43d8 method=java.io.ObjectInputStream$HandleTable.markDependency(II)V @ 110
Event: 106.741 Thread 0x0000000001051800 Uncommon trap: reason=bimorphic action=maybe_recompile pc=0x00007f6f6d43d6d8 method=java.util.HashMap.putVal(ILjava/lang/Object;Ljava/lang/Object;ZZ)Ljava/lang/Object; @ 203
Event: 106.792 Thread 0x0000000001051800 Uncommon trap: reason=bimorphic action=maybe_recompile pc=0x00007f6f6d43d6d8 method=java.util.HashMap.putVal(ILjava/lang/Object;Ljava/lang/Object;ZZ)Ljava/lang/Object; @ 203
Event: 108.373 Thread 0x0000000001051800 Uncommon trap: reason=unstable_if action=reinterpret pc=0x00007f6f6d3cb920 method=java.io.ObjectInputStream$HandleTable.finish(I)V @ 4

Classes redefined (0 events):
No events

Internal exceptions (10 events):
Event: 82.010 Thread 0x00007f6f7c292000 Exception <a 'java/net/ConnectException'> (0x00000000d6e7f2d8) thrown at [/HUDSON/workspace/8-2-build-linux-amd64/jdk8u181/11358/hotspot/src/share/vm/prims/jni.cpp, line 709]
Event: 82.166 Thread 0x00007f6f7c294000 Exception <a 'java/net/ConnectException'> (0x00000000d6fc6e10) thrown at [/HUDSON/workspace/8-2-build-linux-amd64/jdk8u181/11358/hotspot/src/share/vm/prims/jni.cpp, line 709]
Event: 82.221 Thread 0x00007f6f7c290800 Exception <a 'java/net/ConnectException'> (0x00000000d6f22fd8) thrown at [/HUDSON/workspace/8-2-build-linux-amd64/jdk8u181/11358/hotspot/src/share/vm/prims/jni.cpp, line 709]
Event: 92.011 Thread 0x00007f6f7c292000 Exception <a 'java/net/ConnectException'> (0x00000000d6e7fe00) thrown at [/HUDSON/workspace/8-2-build-linux-amd64/jdk8u181/11358/hotspot/src/share/vm/prims/jni.cpp, line 709]
Event: 92.167 Thread 0x00007f6f7c294000 Exception <a 'java/net/ConnectException'> (0x00000000d6fc7938) thrown at [/HUDSON/workspace/8-2-build-linux-amd64/jdk8u181/11358/hotspot/src/share/vm/prims/jni.cpp, line 709]
Event: 92.222 Thread 0x00007f6f7c290800 Exception <a 'java/net/ConnectException'> (0x00000000d6f23b00) thrown at [/HUDSON/workspace/8-2-build-linux-amd64/jdk8u181/11358/hotspot/src/share/vm/prims/jni.cpp, line 709]
Event: 102.012 Thread 0x00007f6f7c292000 Exception <a 'java/net/ConnectException'> (0x00000000d6e80928) thrown at [/HUDSON/workspace/8-2-build-linux-amd64/jdk8u181/11358/hotspot/src/share/vm/prims/jni.cpp, line 709]
Event: 102.167 Thread 0x00007f6f7c294000 Exception <a 'java/net/ConnectException'> (0x00000000d6fc8460) thrown at [/HUDSON/workspace/8-2-build-linux-amd64/jdk8u181/11358/hotspot/src/share/vm/prims/jni.cpp, line 709]
Event: 102.223 Thread 0x00007f6f7c290800 Exception <a 'java/net/ConnectException'> (0x00000000d6f24628) thrown at [/HUDSON/workspace/8-2-build-linux-amd64/jdk8u181/11358/hotspot/src/share/vm/prims/jni.cpp, line 709]
Event: 102.698 Thread 0x0000000001051800 Exception <a 'java/lang/NoSuchMethodError': <clinit>> (0x00000000d76fe3f8) thrown at [/HUDSON/workspace/8-2-build-linux-amd64/jdk8u181/11358/hotspot/src/share/vm/prims/jni.cpp, line 1613]

Events (10 events):
Event: 106.580 Thread 0x0000000001051800 DEOPT UNPACKING pc=0x00007f6f6d04573a sp=0x00007f6f59a6c600 mode 2
Event: 106.741 Thread 0x0000000001051800 Uncommon trap: trap_request=0xffffffc6 fr.pc=0x00007f6f6d43d6d8
Event: 106.741 Thread 0x0000000001051800 DEOPT PACKING pc=0x00007f6f6d43d6d8 sp=0x00007f6f59a686e0
Event: 106.759 Thread 0x0000000001051800 DEOPT UNPACKING pc=0x00007f6f6d04573a sp=0x00007f6f59a68678 mode 2
Event: 106.771 Thread 0x0000000001051800 Uncommon trap: trap_request=0xffffffc6 fr.pc=0x00007f6f6d43d6d8
Event: 106.801 Thread 0x0000000001051800 DEOPT PACKING pc=0x00007f6f6d43d6d8 sp=0x00007f6f59a68780
Event: 106.801 Thread 0x0000000001051800 DEOPT UNPACKING pc=0x00007f6f6d04573a sp=0x00007f6f59a68718 mode 2
Event: 108.373 Thread 0x0000000001051800 Uncommon trap: trap_request=0xffffff65 fr.pc=0x00007f6f6d3cb920
Event: 108.373 Thread 0x0000000001051800 DEOPT PACKING pc=0x00007f6f6d3cb920 sp=0x00007f6f59a6c820
Event: 108.373 Thread 0x0000000001051800 DEOPT UNPACKING pc=0x00007f6f6d04573a sp=0x00007f6f59a6c708 mode 2


Dynamic libraries:
00400000-00401000 r-xp 00000000 08:01 1448396                            /usr/lib/jvm/jdk1.8.0_181/bin/java
00600000-00601000 rw-p 00000000 08:01 1448396                            /usr/lib/jvm/jdk1.8.0_181/bin/java
0104f000-01070000 rw-p 00000000 00:00 0                                  [heap]
83a00000-88e00000 rw-p 00000000 00:00 0 
88e00000-d6900000 ---p 00000000 00:00 0 
d6900000-db300000 rw-p 00000000 00:00 0 
db300000-100000000 ---p 00000000 00:00 0 
100000000-1001c0000 rw-p 00000000 00:00 0 
1001c0000-140000000 ---p 00000000 00:00 0 
7f6f24000000-7f6f24021000 rw-p 00000000 00:00 0 
7f6f24021000-7f6f28000000 ---p 00000000 00:00 0 
7f6f2c000000-7f6f2c021000 rw-p 00000000 00:00 0 
7f6f2c021000-7f6f30000000 ---p 00000000 00:00 0 
7f6f30000000-7f6f30021000 rw-p 00000000 00:00 0 
7f6f30021000-7f6f34000000 ---p 00000000 00:00 0 
7f6f34000000-7f6f34021000 rw-p 00000000 00:00 0 
7f6f34021000-7f6f38000000 ---p 00000000 00:00 0 
7f6f38000000-7f6f38021000 rw-p 00000000 00:00 0 
7f6f38021000-7f6f3c000000 ---p 00000000 00:00 0 
7f6f3cfff000-7f6f40000000 rw-p 00000000 00:00 0 
7f6f40000000-7f6f406d5000 rw-p 00000000 00:00 0 
7f6f406d5000-7f6f44000000 ---p 00000000 00:00 0 
7f6f44000000-7f6f44021000 rw-p 00000000 00:00 0 
7f6f44021000-7f6f48000000 ---p 00000000 00:00 0 
7f6f48000000-7f6f48021000 rw-p 00000000 00:00 0 
7f6f48021000-7f6f4c000000 ---p 00000000 00:00 0 
7f6f4c000000-7f6f4c412000 rw-p 00000000 00:00 0 
7f6f4c412000-7f6f50000000 ---p 00000000 00:00 0 
7f6f50000000-7f6f5003b000 rw-p 00000000 00:00 0 
7f6f5003b000-7f6f54000000 ---p 00000000 00:00 0 
7f6f54000000-7f6f54021000 rw-p 00000000 00:00 0 
7f6f54021000-7f6f58000000 ---p 00000000 00:00 0 
7f6f59771000-7f6f59931000 rw-p 00000000 00:00 0 
7f6f59971000-7f6f59974000 ---p 00000000 00:00 0 
7f6f59974000-7f6f59a72000 rw-p 00000000 00:00 0 
7f6f59a72000-7f6f59a75000 ---p 00000000 00:00 0 
7f6f59a75000-7f6f59b73000 rw-p 00000000 00:00 0 
7f6f59b73000-7f6f59b76000 ---p 00000000 00:00 0 
7f6f59b76000-7f6f59c74000 rw-p 00000000 00:00 0 
7f6f59c74000-7f6f59c77000 ---p 00000000 00:00 0 
7f6f59c77000-7f6f59d75000 rw-p 00000000 00:00 0 
7f6f59d75000-7f6f59d78000 ---p 00000000 00:00 0 
7f6f59d78000-7f6f59e76000 rw-p 00000000 00:00 0 
7f6f59e76000-7f6f59e79000 ---p 00000000 00:00 0 
7f6f59e79000-7f6f59f77000 rw-p 00000000 00:00 0 
7f6f59f77000-7f6f59f7a000 ---p 00000000 00:00 0 
7f6f59f7a000-7f6f5a078000 rw-p 00000000 00:00 0 
7f6f5a078000-7f6f5a07b000 ---p 00000000 00:00 0 
7f6f5a07b000-7f6f5a179000 rw-p 00000000 00:00 0 
7f6f5a179000-7f6f5a17c000 ---p 00000000 00:00 0 
7f6f5a17c000-7f6f5a27a000 rw-p 00000000 00:00 0 
7f6f5a27a000-7f6f5a27d000 ---p 00000000 00:00 0 
7f6f5a27d000-7f6f5a37b000 rw-p 00000000 00:00 0 
7f6f5a37b000-7f6f5a37e000 ---p 00000000 00:00 0 
7f6f5a37e000-7f6f5a47c000 rw-p 00000000 00:00 0 
7f6f5a47c000-7f6f5a47f000 ---p 00000000 00:00 0 
7f6f5a47f000-7f6f5a57d000 rw-p 00000000 00:00 0 
7f6f5a57d000-7f6f5a580000 ---p 00000000 00:00 0 
7f6f5a580000-7f6f5a67e000 rw-p 00000000 00:00 0 
7f6f5a67e000-7f6f5a681000 ---p 00000000 00:00 0 
7f6f5a681000-7f6f5a97f000 rw-p 00000000 00:00 0 
7f6f5a97f000-7f6f5acf4000 r--s 03317000 08:01 3031611                    /home/whj/dowork/DiffTGen/extra_output/Closure_93_9_sequencer/target/build/classes/all0.jar
7f6f5acf4000-7f6f5acf7000 ---p 00000000 00:00 0 
7f6f5acf7000-7f6f5adf5000 rw-p 00000000 00:00 0 
7f6f5adf5000-7f6f5adf8000 ---p 00000000 00:00 0 
7f6f5adf8000-7f6f5aef6000 rw-p 00000000 00:00 0 
7f6f5aef6000-7f6f5aef9000 ---p 00000000 00:00 0 
7f6f5aef9000-7f6f5aff7000 rw-p 00000000 00:00 0 
7f6f5aff7000-7f6f5b00d000 r-xp 00000000 08:01 2756237                    /usr/lib/jvm/jdk1.8.0_181/jre/lib/amd64/libnet.so
7f6f5b00d000-7f6f5b20d000 ---p 00016000 08:01 2756237                    /usr/lib/jvm/jdk1.8.0_181/jre/lib/amd64/libnet.so
7f6f5b20d000-7f6f5b20e000 rw-p 00016000 08:01 2756237                    /usr/lib/jvm/jdk1.8.0_181/jre/lib/amd64/libnet.so
7f6f5b20e000-7f6f5b43f000 r--s 01bb1000 08:01 1706762                    /home/whj/dowork/DiffTGen/lib/evosuite-1.0.6.jar
7f6f5b43f000-7f6f5b440000 ---p 00000000 00:00 0 
7f6f5b440000-7f6f5b540000 rw-p 00000000 00:00 0 
7f6f5b540000-7f6f5b543000 ---p 00000000 00:00 0 
7f6f5b543000-7f6f5b641000 rw-p 00000000 00:00 0 
7f6f5b641000-7f6f5c000000 r--p 00000000 08:01 1316108                    /usr/lib/locale/locale-archive
7f6f5c000000-7f6f5c3aa000 rw-p 00000000 00:00 0 
7f6f5c3aa000-7f6f60000000 ---p 00000000 00:00 0 
7f6f60000000-7f6f60032000 rw-p 00000000 00:00 0 
7f6f60032000-7f6f64000000 ---p 00000000 00:00 0 
7f6f64000000-7f6f64021000 rw-p 00000000 00:00 0 
7f6f64021000-7f6f68000000 ---p 00000000 00:00 0 
7f6f6807f000-7f6f68092000 r--s 00345000 08:01 2756119                    /usr/lib/jvm/jdk1.8.0_181/jre/lib/resources.jar
7f6f68092000-7f6f680ae000 r--s 00393000 08:01 2756136                    /usr/lib/jvm/jdk1.8.0_181/jre/lib/ext/cldrdata.jar
7f6f680ae000-7f6f680b1000 ---p 00000000 00:00 0 
7f6f680b1000-7f6f680e7000 rw-p 00000000 00:00 0 
7f6f680e7000-7f6f680ea000 ---p 00000000 00:00 0 
7f6f680ea000-7f6f681e8000 rw-p 00000000 00:00 0 
7f6f681e8000-7f6f681eb000 ---p 00000000 00:00 0 
7f6f681eb000-7f6f682e9000 rw-p 00000000 00:00 0 
7f6f682e9000-7f6f682ec000 ---p 00000000 00:00 0 
7f6f682ec000-7f6f683ea000 rw-p 00000000 00:00 0 
7f6f683ea000-7f6f683ed000 ---p 00000000 00:00 0 
7f6f683ed000-7f6f684eb000 rw-p 00000000 00:00 0 
7f6f684eb000-7f6f684ee000 ---p 00000000 00:00 0 
7f6f684ee000-7f6f685ec000 rw-p 00000000 00:00 0 
7f6f685ec000-7f6f685ed000 ---p 00000000 00:00 0 
7f6f685ed000-7f6f68ff6000 rw-p 00000000 00:00 0 
7f6f68ff6000-7f6f691d0000 r--s 03d6b000 08:01 2756084                    /usr/lib/jvm/jdk1.8.0_181/jre/lib/rt.jar
7f6f691d0000-7f6f6d000000 rw-p 00000000 00:00 0 
7f6f6d000000-7f6f6d4c0000 rwxp 00000000 00:00 0 
7f6f6d4c0000-7f6f7c000000 ---p 00000000 00:00 0 
7f6f7c000000-7f6f7c46c000 rw-p 00000000 00:00 0 
7f6f7c46c000-7f6f80000000 ---p 00000000 00:00 0 
7f6f8000c000-7f6f80085000 r--s 010f9000 08:01 1448503                    /usr/lib/jvm/jdk1.8.0_181/lib/tools.jar
7f6f80085000-7f6f80cde000 rw-p 00000000 00:00 0 
7f6f80cde000-7f6f80cdf000 ---p 00000000 00:00 0 
7f6f80cdf000-7f6f80ddf000 rw-p 00000000 00:00 0 
7f6f80ddf000-7f6f80de0000 ---p 00000000 00:00 0 
7f6f80de0000-7f6f80f0a000 rw-p 00000000 00:00 0 
7f6f80f0a000-7f6f81178000 ---p 00000000 00:00 0 
7f6f81178000-7f6f811a2000 rw-p 00000000 00:00 0 
7f6f811a2000-7f6f8140f000 ---p 00000000 00:00 0 
7f6f8140f000-7f6f81435000 rw-p 00000000 00:00 0 
7f6f81435000-7f6f8155b000 ---p 00000000 00:00 0 
7f6f8155b000-7f6f8156f000 rw-p 00000000 00:00 0 
7f6f8156f000-7f6f8191c000 ---p 00000000 00:00 0 
7f6f8191c000-7f6f81937000 r-xp 00000000 08:01 2756233                    /usr/lib/jvm/jdk1.8.0_181/jre/lib/amd64/libzip.so
7f6f81937000-7f6f81b37000 ---p 0001b000 08:01 2756233                    /usr/lib/jvm/jdk1.8.0_181/jre/lib/amd64/libzip.so
7f6f81b37000-7f6f81b38000 rw-p 0001b000 08:01 2756233                    /usr/lib/jvm/jdk1.8.0_181/jre/lib/amd64/libzip.so
7f6f81b38000-7f6f81b43000 r-xp 00000000 08:01 1054188                    /lib/x86_64-linux-gnu/libnss_files-2.23.so
7f6f81b43000-7f6f81d42000 ---p 0000b000 08:01 1054188                    /lib/x86_64-linux-gnu/libnss_files-2.23.so
7f6f81d42000-7f6f81d43000 r--p 0000a000 08:01 1054188                    /lib/x86_64-linux-gnu/libnss_files-2.23.so
7f6f81d43000-7f6f81d44000 rw-p 0000b000 08:01 1054188                    /lib/x86_64-linux-gnu/libnss_files-2.23.so
7f6f81d44000-7f6f81d4a000 rw-p 00000000 00:00 0 
7f6f81d4a000-7f6f81d55000 r-xp 00000000 08:01 1054198                    /lib/x86_64-linux-gnu/libnss_nis-2.23.so
7f6f81d55000-7f6f81f54000 ---p 0000b000 08:01 1054198                    /lib/x86_64-linux-gnu/libnss_nis-2.23.so
7f6f81f54000-7f6f81f55000 r--p 0000a000 08:01 1054198                    /lib/x86_64-linux-gnu/libnss_nis-2.23.so
7f6f81f55000-7f6f81f56000 rw-p 0000b000 08:01 1054198                    /lib/x86_64-linux-gnu/libnss_nis-2.23.so
7f6f81f56000-7f6f81f6c000 r-xp 00000000 08:01 1054182                    /lib/x86_64-linux-gnu/libnsl-2.23.so
7f6f81f6c000-7f6f8216b000 ---p 00016000 08:01 1054182                    /lib/x86_64-linux-gnu/libnsl-2.23.so
7f6f8216b000-7f6f8216c000 r--p 00015000 08:01 1054182                    /lib/x86_64-linux-gnu/libnsl-2.23.so
7f6f8216c000-7f6f8216d000 rw-p 00016000 08:01 1054182                    /lib/x86_64-linux-gnu/libnsl-2.23.so
7f6f8216d000-7f6f8216f000 rw-p 00000000 00:00 0 
7f6f8216f000-7f6f82177000 r-xp 00000000 08:01 1054184                    /lib/x86_64-linux-gnu/libnss_compat-2.23.so
7f6f82177000-7f6f82376000 ---p 00008000 08:01 1054184                    /lib/x86_64-linux-gnu/libnss_compat-2.23.so
7f6f82376000-7f6f82377000 r--p 00007000 08:01 1054184                    /lib/x86_64-linux-gnu/libnss_compat-2.23.so
7f6f82377000-7f6f82378000 rw-p 00008000 08:01 1054184                    /lib/x86_64-linux-gnu/libnss_compat-2.23.so
7f6f82378000-7f6f823a3000 r-xp 00000000 08:01 2756227                    /usr/lib/jvm/jdk1.8.0_181/jre/lib/amd64/libjava.so
7f6f823a3000-7f6f825a2000 ---p 0002b000 08:01 2756227                    /usr/lib/jvm/jdk1.8.0_181/jre/lib/amd64/libjava.so
7f6f825a2000-7f6f825a4000 rw-p 0002a000 08:01 2756227                    /usr/lib/jvm/jdk1.8.0_181/jre/lib/amd64/libjava.so
7f6f825a4000-7f6f825b1000 r-xp 00000000 08:01 2756232                    /usr/lib/jvm/jdk1.8.0_181/jre/lib/amd64/libverify.so
7f6f825b1000-7f6f827b1000 ---p 0000d000 08:01 2756232                    /usr/lib/jvm/jdk1.8.0_181/jre/lib/amd64/libverify.so
7f6f827b1000-7f6f827b3000 rw-p 0000d000 08:01 2756232                    /usr/lib/jvm/jdk1.8.0_181/jre/lib/amd64/libverify.so
7f6f827b3000-7f6f827ba000 r-xp 00000000 08:01 1054243                    /lib/x86_64-linux-gnu/librt-2.23.so
7f6f827ba000-7f6f829b9000 ---p 00007000 08:01 1054243                    /lib/x86_64-linux-gnu/librt-2.23.so
7f6f829b9000-7f6f829ba000 r--p 00006000 08:01 1054243                    /lib/x86_64-linux-gnu/librt-2.23.so
7f6f829ba000-7f6f829bb000 rw-p 00007000 08:01 1054243                    /lib/x86_64-linux-gnu/librt-2.23.so
7f6f829bb000-7f6f82ac3000 r-xp 00000000 08:01 1054159                    /lib/x86_64-linux-gnu/libm-2.23.so
7f6f82ac3000-7f6f82cc2000 ---p 00108000 08:01 1054159                    /lib/x86_64-linux-gnu/libm-2.23.so
7f6f82cc2000-7f6f82cc3000 r--p 00107000 08:01 1054159                    /lib/x86_64-linux-gnu/libm-2.23.so
7f6f82cc3000-7f6f82cc4000 rw-p 00108000 08:01 1054159                    /lib/x86_64-linux-gnu/libm-2.23.so
7f6f82cc4000-7f6f839a0000 r-xp 00000000 08:01 2756209                    /usr/lib/jvm/jdk1.8.0_181/jre/lib/amd64/server/libjvm.so
7f6f839a0000-7f6f83ba0000 ---p 00cdc000 08:01 2756209                    /usr/lib/jvm/jdk1.8.0_181/jre/lib/amd64/server/libjvm.so
7f6f83ba0000-7f6f83c7a000 rw-p 00cdc000 08:01 2756209                    /usr/lib/jvm/jdk1.8.0_181/jre/lib/amd64/server/libjvm.so
7f6f83c7a000-7f6f83cc5000 rw-p 00000000 00:00 0 
7f6f83cc5000-7f6f83e85000 r-xp 00000000 08:01 1054089                    /lib/x86_64-linux-gnu/libc-2.23.so
7f6f83e85000-7f6f84085000 ---p 001c0000 08:01 1054089                    /lib/x86_64-linux-gnu/libc-2.23.so
7f6f84085000-7f6f84089000 r--p 001c0000 08:01 1054089                    /lib/x86_64-linux-gnu/libc-2.23.so
7f6f84089000-7f6f8408b000 rw-p 001c4000 08:01 1054089                    /lib/x86_64-linux-gnu/libc-2.23.so
7f6f8408b000-7f6f8408f000 rw-p 00000000 00:00 0 
7f6f8408f000-7f6f84092000 r-xp 00000000 08:01 1054113                    /lib/x86_64-linux-gnu/libdl-2.23.so
7f6f84092000-7f6f84291000 ---p 00003000 08:01 1054113                    /lib/x86_64-linux-gnu/libdl-2.23.so
7f6f84291000-7f6f84292000 r--p 00002000 08:01 1054113                    /lib/x86_64-linux-gnu/libdl-2.23.so
7f6f84292000-7f6f84293000 rw-p 00003000 08:01 1054113                    /lib/x86_64-linux-gnu/libdl-2.23.so
7f6f84293000-7f6f842a9000 r-xp 00000000 08:01 1449032                    /usr/lib/jvm/jdk1.8.0_181/lib/amd64/jli/libjli.so
7f6f842a9000-7f6f844a8000 ---p 00016000 08:01 1449032                    /usr/lib/jvm/jdk1.8.0_181/lib/amd64/jli/libjli.so
7f6f844a8000-7f6f844a9000 rw-p 00015000 08:01 1449032                    /usr/lib/jvm/jdk1.8.0_181/lib/amd64/jli/libjli.so
7f6f844a9000-7f6f844c1000 r-xp 00000000 08:01 1054235                    /lib/x86_64-linux-gnu/libpthread-2.23.so
7f6f844c1000-7f6f846c0000 ---p 00018000 08:01 1054235                    /lib/x86_64-linux-gnu/libpthread-2.23.so
7f6f846c0000-7f6f846c1000 r--p 00017000 08:01 1054235                    /lib/x86_64-linux-gnu/libpthread-2.23.so
7f6f846c1000-7f6f846c2000 rw-p 00018000 08:01 1054235                    /lib/x86_64-linux-gnu/libpthread-2.23.so
7f6f846c2000-7f6f846c6000 rw-p 00000000 00:00 0 
7f6f846c6000-7f6f846ec000 r-xp 00000000 08:01 1054061                    /lib/x86_64-linux-gnu/ld-2.23.so
7f6f846f2000-7f6f846fc000 r--s 00116000 08:01 2756143                    /usr/lib/jvm/jdk1.8.0_181/jre/lib/ext/localedata.jar
7f6f846fc000-7f6f847cd000 rw-p 00000000 00:00 0 
7f6f847cd000-7f6f847d0000 ---p 00000000 00:00 0 
7f6f847d0000-7f6f848d3000 rw-p 00000000 00:00 0 
7f6f848d3000-7f6f848d8000 r--s 0009d000 08:01 2756133                    /usr/lib/jvm/jdk1.8.0_181/jre/lib/jsse.jar
7f6f848d8000-7f6f848e0000 r--s 0006e000 08:01 2248917                    /home/whj/dowork/DiffTGen/lib/commons-lang3-3.5.jar
7f6f848e0000-7f6f848e1000 r--s 00000000 08:01 2248922                    /home/whj/dowork/DiffTGen/lib/myprinter.jar
7f6f848e1000-7f6f848e9000 rw-s 00000000 08:01 1984671                    /tmp/hsperfdata_whj/41094
7f6f848e9000-7f6f848ea000 rw-p 00000000 00:00 0 
7f6f848ea000-7f6f848eb000 ---p 00000000 00:00 0 
7f6f848eb000-7f6f848ec000 r--p 00025000 08:01 1054061                    /lib/x86_64-linux-gnu/ld-2.23.so
7f6f848ec000-7f6f848ed000 rw-p 00026000 08:01 1054061                    /lib/x86_64-linux-gnu/ld-2.23.so
7f6f848ed000-7f6f848ee000 rw-p 00000000 00:00 0 
7ffe069d6000-7ffe069f8000 rw-p 00000000 00:00 0                          [stack]
7ffe069f8000-7ffe069fb000 r--p 00000000 00:00 0                          [vvar]
7ffe069fb000-7ffe069fd000 r-xp 00000000 00:00 0                          [vdso]
ffffffffff600000-ffffffffff601000 r-xp 00000000 00:00 0                  [vsyscall]

VM Arguments:
java_command: /home/whj/dowork/DiffTGen/lib/evosuite-1.0.6.jar -base_dir /home/whj/dowork/DiffTGen/extra_output/Closure_93_9_sequencer/target/0/5 -projectCP /home/whj/dowork/DiffTGen/extra_output/Closure_93_9_sequencer/target/build/classes/all0.jar:/home/whj/dowork/DiffTGen/lib/myprinter.jar:/home/whj/dowork/DiffTGen/lib/commons-lang3-3.5.jar -class com.google.javascript.jscomp.ProcessClosurePrimitives -Dassertions=false -Dsearch_budget=60
java_class_path (initial): /home/whj/dowork/DiffTGen/lib/evosuite-1.0.6.jar
Launcher Type: SUN_STANDARD

Environment Variables:
JAVA_HOME=/usr/lib/jvm/jdk1.8.0_181
JRE_HOME=/usr/lib/jvm/jdk1.8.0_181/jre
CLASSPATH=.:/usr/lib/jvm/jdk1.8.0_181/lib:/usr/lib/jvm/jdk1.8.0_181/jre/lib
PATH=/home/whj/perl5/bin:/home/whj/dowork/defects4j-1.2.0/framework/bin:/usr/lib/jvm/jdk1.8.0_181/bin:/usr/lib/jvm/jdk1.8.0_181/jre/bin:/home/whj/bin:/home/whj/.local/bin:/usr/local/sbin:/usr/local/bin:/usr/sbin:/usr/bin:/sbin:/bin:/usr/games:/usr/local/games" :/snap/bin:/home/whj/bin
SHELL=/bin/bash
DISPLAY=:0

Signal Handlers:
SIGSEGV: [libjvm.so+0xad2a40], sa_mask[0]=11111111011111111101111111111110, sa_flags=SA_RESTART|SA_SIGINFO
SIGBUS: [libjvm.so+0xad2a40], sa_mask[0]=11111111011111111101111111111110, sa_flags=SA_RESTART|SA_SIGINFO
SIGFPE: [libjvm.so+0x92a610], sa_mask[0]=11111111011111111101111111111110, sa_flags=SA_RESTART|SA_SIGINFO
SIGPIPE: [libjvm.so+0x92a610], sa_mask[0]=11111111011111111101111111111110, sa_flags=SA_RESTART|SA_SIGINFO
SIGXFSZ: [libjvm.so+0x92a610], sa_mask[0]=11111111011111111101111111111110, sa_flags=SA_RESTART|SA_SIGINFO
SIGILL: [libjvm.so+0x92a610], sa_mask[0]=11111111011111111101111111111110, sa_flags=SA_RESTART|SA_SIGINFO
SIGUSR1: SIG_DFL, sa_mask[0]=00000000000000000000000000000000, sa_flags=none
SIGUSR2: [libjvm.so+0x92be70], sa_mask[0]=00100000000000000000000000000000, sa_flags=SA_RESTART|SA_SIGINFO
SIGHUP: [libjvm.so+0x92d270], sa_mask[0]=11111111011111111101111111111110, sa_flags=SA_RESTART|SA_SIGINFO
SIGINT: [libjvm.so+0x92d270], sa_mask[0]=11111111011111111101111111111110, sa_flags=SA_RESTART|SA_SIGINFO
SIGTERM: [libjvm.so+0x92d270], sa_mask[0]=11111111011111111101111111111110, sa_flags=SA_RESTART|SA_SIGINFO
SIGQUIT: [libjvm.so+0x92d270], sa_mask[0]=11111111011111111101111111111110, sa_flags=SA_RESTART|SA_SIGINFO


---------------  S Y S T E M  ---------------

OS:DISTRIB_ID=Ubuntu
DISTRIB_RELEASE=16.04
DISTRIB_CODENAME=xenial
DISTRIB_DESCRIPTION="Ubuntu 16.04.6 LTS"

uname:Linux 4.15.0-91-generic #92~16.04.1-Ubuntu SMP Fri Feb 28 14:57:22 UTC 2020 x86_64
libc:glibc 2.23 NPTL 2.23 
rlimit: STACK 8192k, CORE 0k, NPROC 31576, NOFILE 1048576, AS infinity
load average:16.74 15.17 14.42

/proc/meminfo:
MemTotal:        8144704 kB
MemFree:         1103220 kB
MemAvailable:     997736 kB
Buffers:             304 kB
Cached:            33404 kB
SwapCached:         1600 kB
Active:          5841652 kB
Inactive:         742500 kB
Active(anon):    5839124 kB
Inactive(anon):   714148 kB
Active(file):       2528 kB
Inactive(file):    28352 kB
Unevictable:          32 kB
Mlocked:              32 kB
SwapTotal:        998396 kB
SwapFree:           2760 kB
Dirty:                56 kB
Writeback:           872 kB
AnonPages:       6551036 kB
Mapped:            24184 kB
Shmem:              2672 kB
Slab:              88276 kB
SReclaimable:      31800 kB
SUnreclaim:        56476 kB
KernelStack:       15120 kB
PageTables:        46284 kB
NFS_Unstable:          0 kB
Bounce:                0 kB
WritebackTmp:          0 kB
CommitLimit:     5070748 kB
Committed_AS:   12768984 kB
VmallocTotal:   34359738367 kB
VmallocUsed:           0 kB
VmallocChunk:          0 kB
HardwareCorrupted:     0 kB
AnonHugePages:         0 kB
ShmemHugePages:        0 kB
ShmemPmdMapped:        0 kB
CmaTotal:              0 kB
CmaFree:               0 kB
HugePages_Total:       0
HugePages_Free:        0
HugePages_Rsvd:        0
HugePages_Surp:        0
Hugepagesize:       2048 kB
DirectMap4k:      126784 kB
DirectMap2M:     7213056 kB
DirectMap1G:     3145728 kB


CPU:total 2 (initial active 2) (2 cores per cpu, 1 threads per core) family 6 model 158 stepping 10, cmov, cx8, fxsr, mmx, sse, sse2, sse3, ssse3, sse4.1, sse4.2, popcnt, avx, avx2, aes, clmul, erms, 3dnowpref, lzcnt, tsc, tscinvbit, bmi1, bmi2, adx

/proc/cpuinfo:
processor	: 0
vendor_id	: GenuineIntel
cpu family	: 6
model		: 158
model name	: Intel(R) Core(TM) i7-8750H CPU @ 2.20GHz
stepping	: 10
microcode	: 0x96
cpu MHz		: 2207.999
cache size	: 9216 KB
physical id	: 0
siblings	: 2
core id		: 0
cpu cores	: 2
apicid		: 0
initial apicid	: 0
fpu		: yes
fpu_exception	: yes
cpuid level	: 22
wp		: yes
flags		: fpu vme de pse tsc msr pae mce cx8 apic sep mtrr pge mca cmov pat pse36 clflush mmx fxsr sse sse2 ss ht syscall nx pdpe1gb rdtscp lm constant_tsc arch_perfmon nopl xtopology tsc_reliable nonstop_tsc cpuid pni pclmulqdq ssse3 fma cx16 pcid sse4_1 sse4_2 x2apic movbe popcnt tsc_deadline_timer aes xsave avx f16c rdrand hypervisor lahf_lm abm 3dnowprefetch cpuid_fault invpcid_single pti ssbd ibrs ibpb stibp fsgsbase tsc_adjust bmi1 avx2 smep bmi2 invpcid rdseed adx smap xsaveopt arat flush_l1d arch_capabilities
bugs		: cpu_meltdown spectre_v1 spectre_v2 spec_store_bypass l1tf mds swapgs itlb_multihit
bogomips	: 4415.99
clflush size	: 64
cache_alignment	: 64
address sizes	: 42 bits physical, 48 bits virtual
power management:

processor	: 1
vendor_id	: GenuineIntel
cpu family	: 6
model		: 158
model name	: Intel(R) Core(TM) i7-8750H CPU @ 2.20GHz
stepping	: 10
microcode	: 0x96
cpu MHz		: 2207.999
cache size	: 9216 KB
physical id	: 0
siblings	: 2
core id		: 1
cpu cores	: 2
apicid		: 1
initial apicid	: 1
fpu		: yes
fpu_exception	: yes
cpuid level	: 22
wp		: yes
flags		: fpu vme de pse tsc msr pae mce cx8 apic sep mtrr pge mca cmov pat pse36 clflush mmx fxsr sse sse2 ss ht syscall nx pdpe1gb rdtscp lm constant_tsc arch_perfmon nopl xtopology tsc_reliable nonstop_tsc cpuid pni pclmulqdq ssse3 fma cx16 pcid sse4_1 sse4_2 x2apic movbe popcnt tsc_deadline_timer aes xsave avx f16c rdrand hypervisor lahf_lm abm 3dnowprefetch cpuid_fault invpcid_single pti ssbd ibrs ibpb stibp fsgsbase tsc_adjust bmi1 avx2 smep bmi2 invpcid rdseed adx smap xsaveopt arat flush_l1d arch_capabilities
bugs		: cpu_meltdown spectre_v1 spectre_v2 spec_store_bypass l1tf mds swapgs itlb_multihit
bogomips	: 4415.99
clflush size	: 64
cache_alignment	: 64
address sizes	: 42 bits physical, 48 bits virtual
power management:



Memory: 4k page, physical 8144704k(1103220k free), swap 998396k(2760k free)

vm_info: Java HotSpot(TM) 64-Bit Server VM (25.181-b13) for linux-amd64 JRE (1.8.0_181-b13), built on Jul  7 2018 00:56:38 by "java_re" with gcc 4.3.0 20080428 (Red Hat 4.3.0-8)

time: Fri Mar 27 14:12:41 2020
elapsed time: 110 seconds (0d 0h 1m 50s)

