#
# There is insufficient memory for the Java Runtime Environment to continue.
# Native memory allocation (mmap) failed to map 67108864 bytes for committing reserved memory.
# Possible reasons:
#   The system is out of physical RAM or swap space
#   In 32 bit mode, the process size limit was hit
# Possible solutions:
#   Reduce memory load on the system
#   Increase physical memory or swap space
#   Check if swap backing store is full
#   Use 64 bit Java on a 64 bit OS
#   Decrease Java heap size (-Xmx/-Xms)
#   Decrease number of Java threads
#   Decrease Java thread stack sizes (-Xss)
#   Set larger code cache with -XX:ReservedCodeCacheSize=
# This output file may be truncated or incomplete.
#
#  Out of Memory Error (os_linux.cpp:2640), pid=63301, tid=0x00007f5baaa27700
#
# JRE version: Java(TM) SE Runtime Environment (8.0_181-b13) (build 1.8.0_181-b13)
# Java VM: Java HotSpot(TM) 64-Bit Server VM (25.181-b13 mixed mode linux-amd64 compressed oops)
# Failed to write core dump. Core dumps have been disabled. To enable core dumping, try "ulimit -c unlimited" before starting Java again
#

---------------  T H R E A D  ---------------

Current thread (0x00007f5bc00fb800):  VMThread [stack: 0x00007f5baa927000,0x00007f5baaa28000] [id=63333]

Stack: [0x00007f5baa927000,0x00007f5baaa28000],  sp=0x00007f5baaa25fa0,  free space=1019k
Native frames: (J=compiled Java code, j=interpreted, Vv=VM code, C=native code)
V  [libjvm.so+0xad21aa]  VMError::report_and_die()+0x2ba
V  [libjvm.so+0x5022db]  report_vm_out_of_memory(char const*, int, unsigned long, VMErrorType, char const*)+0x8b
V  [libjvm.so+0x92fe33]  os::Linux::commit_memory_impl(char*, unsigned long, bool)+0x123
V  [libjvm.so+0x930059]  os::pd_commit_memory(char*, unsigned long, unsigned long, bool)+0x29
V  [libjvm.so+0x9272ba]  os::commit_memory(char*, unsigned long, unsigned long, bool)+0x2a
V  [libjvm.so+0x99d2e3]  PSVirtualSpace::expand_by(unsigned long)+0x53
V  [libjvm.so+0x99e6e8]  PSYoungGen::resize_generation(unsigned long, unsigned long)+0xf8
V  [libjvm.so+0x99d842]  PSYoungGen::resize(unsigned long, unsigned long)+0x22
V  [libjvm.so+0x99ab1b]  PSScavenge::invoke_no_policy()+0xf3b
V  [libjvm.so+0x99b2a1]  PSScavenge::invoke()+0x41
V  [libjvm.so+0x951d70]  ParallelScavengeHeap::failed_mem_allocate(unsigned long)+0x70
V  [libjvm.so+0xad3c27]  VM_ParallelGCFailedAllocation::doit()+0x97
V  [libjvm.so+0xadb745]  VM_Operation::evaluate()+0x55
V  [libjvm.so+0xad9b0a]  VMThread::evaluate_operation(VM_Operation*)+0xba
V  [libjvm.so+0xad9e8e]  VMThread::loop()+0x1ce
V  [libjvm.so+0xada300]  VMThread::run()+0x70
V  [libjvm.so+0x930198]  java_start(Thread*)+0x108

VM_Operation (0x00007f5ba8169b20): ParallelGCFailedAllocation, mode: safepoint, requested by thread 0x00007f5b68003000


---------------  P R O C E S S  ---------------

Java Threads: ( => current thread )
  0x00007f5b68003000 JavaThread "RMI TCP Connection(4)-127.0.0.1" daemon [_thread_blocked, id=63729, stack(0x00007f5ba8073000,0x00007f5ba8174000)]
  0x00007f5b98038000 JavaThread "RMI Scheduler(0)" daemon [_thread_blocked, id=63726, stack(0x00007f5ba8174000,0x00007f5ba8275000)]
  0x00007f5b98032800 JavaThread "RMI RenewClean-[127.0.0.1:19187]" daemon [_thread_blocked, id=63718, stack(0x00007f5ba8275000,0x00007f5ba8376000)]
  0x00007f5b70005800 JavaThread "pool-3-thread-3" [_thread_in_native, id=63636, stack(0x00007f5ba8493000,0x00007f5ba8594000)]
  0x00007f5b70004000 JavaThread "pool-3-thread-2" [_thread_in_native, id=63635, stack(0x00007f5ba8594000,0x00007f5ba8695000)]
  0x00007f5b70003000 JavaThread "pool-3-thread-1" [_thread_in_native, id=63632, stack(0x00007f5ba8695000,0x00007f5ba8796000)]
  0x00007f5bc0369800 JavaThread "Thread-3" [_thread_in_native, id=63532, stack(0x00007f5ba8796000,0x00007f5ba8897000)]
  0x00007f5bc0368000 JavaThread "Thread-2" [_thread_in_native, id=63528, stack(0x00007f5ba8897000,0x00007f5ba8998000)]
  0x00007f5bc0366800 JavaThread "process reaper" daemon [_thread_in_native, id=63523, stack(0x00007f5bc400d000,0x00007f5bc4046000)]
  0x00007f5bc0360000 JavaThread "pool-2-thread-1" [_thread_in_native, id=63518, stack(0x00007f5ba8998000,0x00007f5ba8a99000)]
  0x00007f5bc035e800 JavaThread "GC Daemon" daemon [_thread_blocked, id=63491, stack(0x00007f5ba8a99000,0x00007f5ba8b9a000)]
  0x00007f5bc035c000 JavaThread "RMI Reaper" [_thread_blocked, id=63490, stack(0x00007f5ba8b9a000,0x00007f5ba8c9b000)]
  0x00007f5bc0355000 JavaThread "RMI TCP Accept-11847" daemon [_thread_blocked, id=63487, stack(0x00007f5ba8c9b000,0x00007f5ba8d9c000)]
  0x00007f5bc034d800 JavaThread "RMI TCP Accept-21990" daemon [_thread_in_native, id=63457, stack(0x00007f5ba8d9c000,0x00007f5ba8e9d000)]
  0x00007f5bc0294000 JavaThread "logback-3" daemon [_thread_blocked, id=63417, stack(0x00007f5ba9116000,0x00007f5ba9217000)]
  0x00007f5bc0292800 JavaThread "logback-2" daemon [_thread_blocked, id=63416, stack(0x00007f5ba9217000,0x00007f5ba9318000)]
  0x00007f5bc0291000 JavaThread "logback-1" daemon [_thread_blocked, id=63410, stack(0x00007f5ba9318000,0x00007f5ba9419000)]
  0x00007f5bc0142000 JavaThread "Service Thread" daemon [_thread_blocked, id=63385, stack(0x00007f5ba9962000,0x00007f5ba9a63000)]
  0x00007f5bc013f000 JavaThread "C1 CompilerThread1" daemon [_thread_blocked, id=63383, stack(0x00007f5ba9a63000,0x00007f5ba9b64000)]
  0x00007f5bc013c000 JavaThread "C2 CompilerThread0" daemon [_thread_blocked, id=63375, stack(0x00007f5ba9b64000,0x00007f5ba9c65000)]
  0x00007f5bc013a800 JavaThread "Signal Dispatcher" daemon [_thread_blocked, id=63368, stack(0x00007f5ba9c65000,0x00007f5ba9d66000)]
  0x00007f5bc0107800 JavaThread "Finalizer" daemon [_thread_blocked, id=63348, stack(0x00007f5baa725000,0x00007f5baa826000)]
  0x00007f5bc0105000 JavaThread "Reference Handler" daemon [_thread_blocked, id=63342, stack(0x00007f5baa826000,0x00007f5baa927000)]
  0x00007f5bc000a800 JavaThread "main" [_thread_in_native, id=63314, stack(0x00007f5bc6adb000,0x00007f5bc6bdc000)]

Other Threads:
=>0x00007f5bc00fb800 VMThread [stack: 0x00007f5baa927000,0x00007f5baaa28000] [id=63333]
  0x00007f5bc0147000 WatcherThread [stack: 0x00007f5ba9861000,0x00007f5ba9962000] [id=63391]

VM state:at safepoint (normal execution)

VM Mutex/Monitor currently owned by a thread:  ([mutex/lock_event])
[0x00007f5bc0006ce0] Threads_lock - owner thread: 0x00007f5bc00fb800
[0x00007f5bc00071e0] Heap_lock - owner thread: 0x00007f5b68003000

Heap:
 PSYoungGen      total 70656K, used 5101K [0x00000000d6900000, 0x00000000db300000, 0x0000000100000000)
  eden space 65536K, 0% used [0x00000000d6900000,0x00000000d6900000,0x00000000da900000)
  from space 5120K, 99% used [0x00000000da900000,0x00000000dadfb460,0x00000000dae00000)
  to   space 5120K, 0% used [0x00000000dae00000,0x00000000dae00000,0x00000000db300000)
 ParOldGen       total 86016K, used 5502K [0x0000000083a00000, 0x0000000088e00000, 0x00000000d6900000)
  object space 86016K, 6% used [0x0000000083a00000,0x0000000083f5f998,0x0000000088e00000)
 Metaspace       used 13869K, capacity 14246K, committed 14592K, reserved 1062912K
  class space    used 1578K, capacity 1668K, committed 1792K, reserved 1048576K

Card table byte_map: [0x00007f5bb042e000,0x00007f5bb0812000] byte_map_base: 0x00007f5bb0011000

Marking Bits: (ParMarkBitMap*) 0x00007f5bc5fa60a0
 Begin Bits: [0x00007f5bac164000, 0x00007f5bae07c000)
 End Bits:   [0x00007f5bae07c000, 0x00007f5baff94000)

Polling page: 0x00007f5bc6bf8000

CodeCache: size=245760Kb used=5898Kb max_used=5898Kb free=239861Kb
 bounds [0x00007f5bb0bd2000, 0x00007f5bb11a2000, 0x00007f5bbfbd2000]
 total_blobs=2075 nmethods=1726 adapters=260
 compilation: enabled

Compilation events (10 events):
Event: 105.321 Thread 0x00007f5bc013c000 1718       4       org.evosuite.shaded.org.objectweb.asm.tree.analysis.SourceInterpreter::merge (13 bytes)
Event: 105.322 Thread 0x00007f5bc013c000 nmethod 1718 0x00007f5bb118fc90 code [0x00007f5bb118fe00, 0x00007f5bb118ff08]
Event: 105.322 Thread 0x00007f5bc013c000 1719       4       org.evosuite.shaded.org.objectweb.asm.tree.analysis.SourceValue::equals (47 bytes)
Event: 105.326 Thread 0x00007f5bc013f000 1766       2       org.evosuite.setup.DependencyAnalysis::shouldInstrument (86 bytes)
Event: 105.327 Thread 0x00007f5bc013f000 nmethod 1766 0x00007f5bb118f550 code [0x00007f5bb118f720, 0x00007f5bb118fab8]
Event: 105.504 Thread 0x00007f5bc013f000 1768       2       org.evosuite.shaded.org.objectweb.asm.Type::equals (110 bytes)
Event: 105.504 Thread 0x00007f5bc013f000 nmethod 1768 0x00007f5bb1191a50 code [0x00007f5bb1191be0, 0x00007f5bb1191ef0]
Event: 105.504 Thread 0x00007f5bc013f000 1772       2       org.evosuite.graphs.cfg.EntryBlock::getName (23 bytes)
Event: 105.504 Thread 0x00007f5bc013f000 nmethod 1772 0x00007f5bb1191410 code [0x00007f5bb11915a0, 0x00007f5bb11918c8]
Event: 105.504 Thread 0x00007f5bc013f000 1767   !   2       org.evosuite.instrumentation.mutation.ReplaceVariable::apply (309 bytes)

GC Heap History (10 events):
Event: 3.753 GC heap after
Heap after GC invocations=1 (full 0):
 PSYoungGen      total 37888K, used 4206K [0x00000000d6900000, 0x00000000d9300000, 0x0000000100000000)
  eden space 32768K, 0% used [0x00000000d6900000,0x00000000d6900000,0x00000000d8900000)
  from space 5120K, 82% used [0x00000000d8900000,0x00000000d8d1b888,0x00000000d8e00000)
  to   space 5120K, 0% used [0x00000000d8e00000,0x00000000d8e00000,0x00000000d9300000)
 ParOldGen       total 86016K, used 0K [0x0000000083a00000, 0x0000000088e00000, 0x00000000d6900000)
  object space 86016K, 0% used [0x0000000083a00000,0x0000000083a00000,0x0000000088e00000)
 Metaspace       used 10240K, capacity 10396K, committed 10624K, reserved 1058816K
  class space    used 1234K, capacity 1319K, committed 1408K, reserved 1048576K
}
Event: 3.753 GC heap before
{Heap before GC invocations=2 (full 1):
 PSYoungGen      total 37888K, used 4206K [0x00000000d6900000, 0x00000000d9300000, 0x0000000100000000)
  eden space 32768K, 0% used [0x00000000d6900000,0x00000000d6900000,0x00000000d8900000)
  from space 5120K, 82% used [0x00000000d8900000,0x00000000d8d1b888,0x00000000d8e00000)
  to   space 5120K, 0% used [0x00000000d8e00000,0x00000000d8e00000,0x00000000d9300000)
 ParOldGen       total 86016K, used 0K [0x0000000083a00000, 0x0000000088e00000, 0x00000000d6900000)
  object space 86016K, 0% used [0x0000000083a00000,0x0000000083a00000,0x0000000088e00000)
 Metaspace       used 10240K, capacity 10396K, committed 10624K, reserved 1058816K
  class space    used 1234K, capacity 1319K, committed 1408K, reserved 1048576K
Event: 3.822 GC heap after
Heap after GC invocations=2 (full 1):
 PSYoungGen      total 37888K, used 0K [0x00000000d6900000, 0x00000000d9300000, 0x0000000100000000)
  eden space 32768K, 0% used [0x00000000d6900000,0x00000000d6900000,0x00000000d8900000)
  from space 5120K, 0% used [0x00000000d8900000,0x00000000d8900000,0x00000000d8e00000)
  to   space 5120K, 0% used [0x00000000d8e00000,0x00000000d8e00000,0x00000000d9300000)
 ParOldGen       total 86016K, used 4057K [0x0000000083a00000, 0x0000000088e00000, 0x00000000d6900000)
  object space 86016K, 4% used [0x0000000083a00000,0x0000000083df6678,0x0000000088e00000)
 Metaspace       used 10232K, capacity 10386K, committed 10624K, reserved 1058816K
  class space    used 1233K, capacity 1317K, committed 1408K, reserved 1048576K
}
Event: 102.842 GC heap before
{Heap before GC invocations=3 (full 1):
 PSYoungGen      total 37888K, used 32768K [0x00000000d6900000, 0x00000000d9300000, 0x0000000100000000)
  eden space 32768K, 100% used [0x00000000d6900000,0x00000000d8900000,0x00000000d8900000)
  from space 5120K, 0% used [0x00000000d8900000,0x00000000d8900000,0x00000000d8e00000)
  to   space 5120K, 0% used [0x00000000d8e00000,0x00000000d8e00000,0x00000000d9300000)
 ParOldGen       total 86016K, used 4057K [0x0000000083a00000, 0x0000000088e00000, 0x00000000d6900000)
  object space 86016K, 4% used [0x0000000083a00000,0x0000000083df6678,0x0000000088e00000)
 Metaspace       used 13727K, capacity 14118K, committed 14336K, reserved 1062912K
  class space    used 1577K, capacity 1668K, committed 1792K, reserved 1048576K
Event: 103.013 GC heap after
Heap after GC invocations=3 (full 1):
 PSYoungGen      total 37888K, used 5108K [0x00000000d6900000, 0x00000000d9300000, 0x0000000100000000)
  eden space 32768K, 0% used [0x00000000d6900000,0x00000000d6900000,0x00000000d8900000)
  from space 5120K, 99% used [0x00000000d8e00000,0x00000000d92fd248,0x00000000d9300000)
  to   space 5120K, 0% used [0x00000000d8900000,0x00000000d8900000,0x00000000d8e00000)
 ParOldGen       total 86016K, used 4468K [0x0000000083a00000, 0x0000000088e00000, 0x00000000d6900000)
  object space 86016K, 5% used [0x0000000083a00000,0x0000000083e5d128,0x0000000088e00000)
 Metaspace       used 13727K, capacity 14118K, committed 14336K, reserved 1062912K
  class space    used 1577K, capacity 1668K, committed 1792K, reserved 1048576K
}
Event: 103.756 GC heap before
{Heap before GC invocations=4 (full 1):
 PSYoungGen      total 37888K, used 37876K [0x00000000d6900000, 0x00000000d9300000, 0x0000000100000000)
  eden space 32768K, 100% used [0x00000000d6900000,0x00000000d8900000,0x00000000d8900000)
  from space 5120K, 99% used [0x00000000d8e00000,0x00000000d92fd248,0x00000000d9300000)
  to   space 5120K, 0% used [0x00000000d8900000,0x00000000d8900000,0x00000000d8e00000)
 ParOldGen       total 86016K, used 4468K [0x0000000083a00000, 0x0000000088e00000, 0x00000000d6900000)
  object space 86016K, 5% used [0x0000000083a00000,0x0000000083e5d128,0x0000000088e00000)
 Metaspace       used 13813K, capacity 14246K, committed 14592K, reserved 1062912K
  class space    used 1578K, capacity 1668K, committed 1792K, reserved 1048576K
Event: 103.889 GC heap after
Heap after GC invocations=4 (full 1):
 PSYoungGen      total 37888K, used 4799K [0x00000000d6900000, 0x00000000db300000, 0x0000000100000000)
  eden space 32768K, 0% used [0x00000000d6900000,0x00000000d6900000,0x00000000d8900000)
  from space 5120K, 93% used [0x00000000d8900000,0x00000000d8dafc20,0x00000000d8e00000)
  to   space 5120K, 0% used [0x00000000dae00000,0x00000000dae00000,0x00000000db300000)
 ParOldGen       total 86016K, used 4468K [0x0000000083a00000, 0x0000000088e00000, 0x00000000d6900000)
  object space 86016K, 5% used [0x0000000083a00000,0x0000000083e5d128,0x0000000088e00000)
 Metaspace       used 13813K, capacity 14246K, committed 14592K, reserved 1062912K
  class space    used 1578K, capacity 1668K, committed 1792K, reserved 1048576K
}
Event: 104.582 GC heap before
{Heap before GC invocations=5 (full 1):
 PSYoungGen      total 37888K, used 37567K [0x00000000d6900000, 0x00000000db300000, 0x0000000100000000)
  eden space 32768K, 100% used [0x00000000d6900000,0x00000000d8900000,0x00000000d8900000)
  from space 5120K, 93% used [0x00000000d8900000,0x00000000d8dafc20,0x00000000d8e00000)
  to   space 5120K, 0% used [0x00000000dae00000,0x00000000dae00000,0x00000000db300000)
 ParOldGen       total 86016K, used 4468K [0x0000000083a00000, 0x0000000088e00000, 0x00000000d6900000)
  object space 86016K, 5% used [0x0000000083a00000,0x0000000083e5d128,0x0000000088e00000)
 Metaspace       used 13839K, capacity 14246K, committed 14592K, reserved 1062912K
  class space    used 1578K, capacity 1668K, committed 1792K, reserved 1048576K
Event: 104.645 GC heap after
Heap after GC invocations=5 (full 1):
 PSYoungGen      total 70656K, used 5113K [0x00000000d6900000, 0x00000000db300000, 0x0000000100000000)
  eden space 65536K, 0% used [0x00000000d6900000,0x00000000d6900000,0x00000000da900000)
  from space 5120K, 99% used [0x00000000dae00000,0x00000000db2fe430,0x00000000db300000)
  to   space 5120K, 0% used [0x00000000da900000,0x00000000da900000,0x00000000dae00000)
 ParOldGen       total 86016K, used 5066K [0x0000000083a00000, 0x0000000088e00000, 0x00000000d6900000)
  object space 86016K, 5% used [0x0000000083a00000,0x0000000083ef29d8,0x0000000088e00000)
 Metaspace       used 13839K, capacity 14246K, committed 14592K, reserved 1062912K
  class space    used 1578K, capacity 1668K, committed 1792K, reserved 1048576K
}
Event: 105.634 GC heap before
{Heap before GC invocations=6 (full 1):
 PSYoungGen      total 70656K, used 70649K [0x00000000d6900000, 0x00000000db300000, 0x0000000100000000)
  eden space 65536K, 100% used [0x00000000d6900000,0x00000000da900000,0x00000000da900000)
  from space 5120K, 99% used [0x00000000dae00000,0x00000000db2fe430,0x00000000db300000)
  to   space 5120K, 0% used [0x00000000da900000,0x00000000da900000,0x00000000dae00000)
 ParOldGen       total 86016K, used 5066K [0x0000000083a00000, 0x0000000088e00000, 0x00000000d6900000)
  object space 86016K, 5% used [0x0000000083a00000,0x0000000083ef29d8,0x0000000088e00000)
 Metaspace       used 13869K, capacity 14246K, committed 14592K, reserved 1062912K
  class space    used 1578K, capacity 1668K, committed 1792K, reserved 1048576K

Deoptimization events (10 events):
Event: 101.111 Thread 0x00007f5b68003000 Uncommon trap: reason=class_check action=maybe_recompile pc=0x00007f5bb0f94774 method=java.util.HashMap.putVal(ILjava/lang/Object;Ljava/lang/Object;ZZ)Ljava/lang/Object; @ 203
Event: 101.111 Thread 0x00007f5b68003000 Uncommon trap: reason=class_check action=maybe_recompile pc=0x00007f5bb0f94774 method=java.util.HashMap.putVal(ILjava/lang/Object;Ljava/lang/Object;ZZ)Ljava/lang/Object; @ 203
Event: 101.257 Thread 0x00007f5b68003000 Uncommon trap: reason=bimorphic action=maybe_recompile pc=0x00007f5bb0fc9d14 method=java.util.HashMap.putVal(ILjava/lang/Object;Ljava/lang/Object;ZZ)Ljava/lang/Object; @ 203
Event: 101.257 Thread 0x00007f5b68003000 Uncommon trap: reason=bimorphic action=maybe_recompile pc=0x00007f5bb0fc9d14 method=java.util.HashMap.putVal(ILjava/lang/Object;Ljava/lang/Object;ZZ)Ljava/lang/Object; @ 203
Event: 101.258 Thread 0x00007f5b68003000 Uncommon trap: reason=unstable_if action=reinterpret pc=0x00007f5bb0fd9f04 method=org.evosuite.shaded.org.objectweb.asm.Frame.merge(Lorg/evosuite/shaded/org/objectweb/asm/ClassWriter;I[II)Z @ 20
Event: 103.075 Thread 0x00007f5b68003000 Uncommon trap: reason=unstable_if action=reinterpret pc=0x00007f5bb0dad8a8 method=java.lang.AbstractStringBuilder.append(Ljava/lang/String;)Ljava/lang/AbstractStringBuilder; @ 1
Event: 103.221 Thread 0x00007f5b68003000 Uncommon trap: reason=bimorphic action=maybe_recompile pc=0x00007f5bb111a84c method=java.util.AbstractCollection.addAll(Ljava/util/Collection;)Z @ 3
Event: 103.221 Thread 0x00007f5b68003000 Uncommon trap: reason=bimorphic action=maybe_recompile pc=0x00007f5bb111a84c method=java.util.AbstractCollection.addAll(Ljava/util/Collection;)Z @ 3
Event: 103.221 Thread 0x00007f5b68003000 Uncommon trap: reason=bimorphic action=maybe_recompile pc=0x00007f5bb111a84c method=java.util.AbstractCollection.addAll(Ljava/util/Collection;)Z @ 3
Event: 103.221 Thread 0x00007f5b68003000 Uncommon trap: reason=bimorphic action=maybe_recompile pc=0x00007f5bb111a84c method=java.util.AbstractCollection.addAll(Ljava/util/Collection;)Z @ 3

Classes redefined (0 events):
No events

Internal exceptions (10 events):
Event: 82.049 Thread 0x00007f5bc0291000 Exception <a 'java/net/ConnectException'> (0x00000000d6ca9508) thrown at [/HUDSON/workspace/8-2-build-linux-amd64/jdk8u181/11358/hotspot/src/share/vm/prims/jni.cpp, line 709]
Event: 82.058 Thread 0x00007f5bc0294000 Exception <a 'java/net/ConnectException'> (0x00000000d6cfb488) thrown at [/HUDSON/workspace/8-2-build-linux-amd64/jdk8u181/11358/hotspot/src/share/vm/prims/jni.cpp, line 709]
Event: 92.042 Thread 0x00007f5bc0292800 Exception <a 'java/net/ConnectException'> (0x00000000d6c581e8) thrown at [/HUDSON/workspace/8-2-build-linux-amd64/jdk8u181/11358/hotspot/src/share/vm/prims/jni.cpp, line 709]
Event: 92.049 Thread 0x00007f5bc0291000 Exception <a 'java/net/ConnectException'> (0x00000000d6caa030) thrown at [/HUDSON/workspace/8-2-build-linux-amd64/jdk8u181/11358/hotspot/src/share/vm/prims/jni.cpp, line 709]
Event: 92.058 Thread 0x00007f5bc0294000 Exception <a 'java/net/ConnectException'> (0x00000000d6cfbfb0) thrown at [/HUDSON/workspace/8-2-build-linux-amd64/jdk8u181/11358/hotspot/src/share/vm/prims/jni.cpp, line 709]
Event: 100.152 Thread 0x00007f5b68003000 Exception <a 'java/lang/NoSuchMethodError': <clinit>> (0x00000000d73e4fb8) thrown at [/HUDSON/workspace/8-2-build-linux-amd64/jdk8u181/11358/hotspot/src/share/vm/prims/jni.cpp, line 1613]
Event: 102.043 Thread 0x00007f5bc0292800 Exception <a 'java/net/ConnectException'> (0x00000000d6c58d10) thrown at [/HUDSON/workspace/8-2-build-linux-amd64/jdk8u181/11358/hotspot/src/share/vm/prims/jni.cpp, line 709]
Event: 102.050 Thread 0x00007f5bc0291000 Exception <a 'java/net/ConnectException'> (0x00000000d6caab58) thrown at [/HUDSON/workspace/8-2-build-linux-amd64/jdk8u181/11358/hotspot/src/share/vm/prims/jni.cpp, line 709]
Event: 102.058 Thread 0x00007f5bc0294000 Exception <a 'java/net/ConnectException'> (0x00000000d6cfcad8) thrown at [/HUDSON/workspace/8-2-build-linux-amd64/jdk8u181/11358/hotspot/src/share/vm/prims/jni.cpp, line 709]
Event: 103.075 Thread 0x00007f5b68003000 Implicit null exception at 0x00007f5bb0dad4b6 to 0x00007f5bb0dad891

Events (10 events):
Event: 103.889 Executing VM operation: ParallelGCFailedAllocation done
Event: 104.388 Thread 0x00007f5b68003000 DEOPT PACKING pc=0x00007f5bb11248f6 sp=0x00007f5ba8169bb0
Event: 104.388 Thread 0x00007f5b68003000 DEOPT UNPACKING pc=0x00007f5bb0c19784 sp=0x00007f5ba8169900 mode 0
Event: 104.582 Executing VM operation: ParallelGCFailedAllocation
Event: 104.645 Executing VM operation: ParallelGCFailedAllocation done
Event: 105.494 Thread 0x00007f5b68003000 DEOPT PACKING pc=0x00007f5bb1163cf9 sp=0x00007f5ba8169c70
Event: 105.494 Thread 0x00007f5b68003000 DEOPT UNPACKING pc=0x00007f5bb0c19784 sp=0x00007f5ba8169ae0 mode 0
Event: 105.504 Thread 0x00007f5b68003000 DEOPT PACKING pc=0x00007f5bb1163cf9 sp=0x00007f5ba8169c70
Event: 105.504 Thread 0x00007f5b68003000 DEOPT UNPACKING pc=0x00007f5bb0c19784 sp=0x00007f5ba8169ae0 mode 0
Event: 105.505 Executing VM operation: ParallelGCFailedAllocation


Dynamic libraries:
00400000-00401000 r-xp 00000000 08:01 1448396                            /usr/lib/jvm/jdk1.8.0_181/bin/java
00600000-00601000 rw-p 00000000 08:01 1448396                            /usr/lib/jvm/jdk1.8.0_181/bin/java
00bc7000-00be8000 rw-p 00000000 00:00 0                                  [heap]
83a00000-88e00000 rw-p 00000000 00:00 0 
88e00000-d6900000 ---p 00000000 00:00 0 
d6900000-db300000 rw-p 00000000 00:00 0 
df300000-100000000 ---p 00000000 00:00 0 
100000000-1001c0000 rw-p 00000000 00:00 0 
1001c0000-140000000 ---p 00000000 00:00 0 
7f5b68000000-7f5b68021000 rw-p 00000000 00:00 0 
7f5b68021000-7f5b6c000000 ---p 00000000 00:00 0 
7f5b70000000-7f5b70021000 rw-p 00000000 00:00 0 
7f5b70021000-7f5b74000000 ---p 00000000 00:00 0 
7f5b74000000-7f5b74021000 rw-p 00000000 00:00 0 
7f5b74021000-7f5b78000000 ---p 00000000 00:00 0 
7f5b78000000-7f5b78021000 rw-p 00000000 00:00 0 
7f5b78021000-7f5b7c000000 ---p 00000000 00:00 0 
7f5b7c000000-7f5b7c021000 rw-p 00000000 00:00 0 
7f5b7c021000-7f5b80000000 ---p 00000000 00:00 0 
7f5b80bff000-7f5b80c7f000 rw-p 00000000 00:00 0 
7f5b80c7f000-7f5b80dff000 ---p 00000000 00:00 0 
7f5b80dff000-7f5b80fff000 rw-p 00000000 00:00 0 
7f5b80fff000-7f5b84000000 rw-p 00000000 00:00 0 
7f5b84000000-7f5b84622000 rw-p 00000000 00:00 0 
7f5b84622000-7f5b88000000 ---p 00000000 00:00 0 
7f5b88000000-7f5b88021000 rw-p 00000000 00:00 0 
7f5b88021000-7f5b8c000000 ---p 00000000 00:00 0 
7f5b8c000000-7f5b8c021000 rw-p 00000000 00:00 0 
7f5b8c021000-7f5b90000000 ---p 00000000 00:00 0 
7f5b90000000-7f5b904f5000 rw-p 00000000 00:00 0 
7f5b904f5000-7f5b94000000 ---p 00000000 00:00 0 
7f5b94000000-7f5b94021000 rw-p 00000000 00:00 0 
7f5b94021000-7f5b98000000 ---p 00000000 00:00 0 
7f5b98000000-7f5b9803b000 rw-p 00000000 00:00 0 
7f5b9803b000-7f5b9c000000 ---p 00000000 00:00 0 
7f5b9c000000-7f5b9c16f000 rw-p 00000000 00:00 0 
7f5b9c16f000-7f5ba0000000 ---p 00000000 00:00 0 
7f5ba0000000-7f5ba0292000 rw-p 00000000 00:00 0 
7f5ba0292000-7f5ba4000000 ---p 00000000 00:00 0 
7f5ba4000000-7f5ba4021000 rw-p 00000000 00:00 0 
7f5ba4021000-7f5ba8000000 ---p 00000000 00:00 0 
7f5ba8060000-7f5ba8073000 r--s 00345000 08:01 2756119                    /usr/lib/jvm/jdk1.8.0_181/jre/lib/resources.jar
7f5ba8073000-7f5ba8076000 ---p 00000000 00:00 0 
7f5ba8076000-7f5ba8174000 rw-p 00000000 00:00 0 
7f5ba8174000-7f5ba8177000 ---p 00000000 00:00 0 
7f5ba8177000-7f5ba8275000 rw-p 00000000 00:00 0 
7f5ba8275000-7f5ba8278000 ---p 00000000 00:00 0 
7f5ba8278000-7f5ba8376000 rw-p 00000000 00:00 0 
7f5ba8376000-7f5ba8392000 r--s 00393000 08:01 2756136                    /usr/lib/jvm/jdk1.8.0_181/jre/lib/ext/cldrdata.jar
7f5ba8392000-7f5ba8395000 ---p 00000000 00:00 0 
7f5ba8395000-7f5ba8493000 rw-p 00000000 00:00 0 
7f5ba8493000-7f5ba8496000 ---p 00000000 00:00 0 
7f5ba8496000-7f5ba8594000 rw-p 00000000 00:00 0 
7f5ba8594000-7f5ba8597000 ---p 00000000 00:00 0 
7f5ba8597000-7f5ba8695000 rw-p 00000000 00:00 0 
7f5ba8695000-7f5ba8698000 ---p 00000000 00:00 0 
7f5ba8698000-7f5ba8796000 rw-p 00000000 00:00 0 
7f5ba8796000-7f5ba8799000 ---p 00000000 00:00 0 
7f5ba8799000-7f5ba8897000 rw-p 00000000 00:00 0 
7f5ba8897000-7f5ba889a000 ---p 00000000 00:00 0 
7f5ba889a000-7f5ba8998000 rw-p 00000000 00:00 0 
7f5ba8998000-7f5ba899b000 ---p 00000000 00:00 0 
7f5ba899b000-7f5ba8a99000 rw-p 00000000 00:00 0 
7f5ba8a99000-7f5ba8a9c000 ---p 00000000 00:00 0 
7f5ba8a9c000-7f5ba8b9a000 rw-p 00000000 00:00 0 
7f5ba8b9a000-7f5ba8b9d000 ---p 00000000 00:00 0 
7f5ba8b9d000-7f5ba8c9b000 rw-p 00000000 00:00 0 
7f5ba8c9b000-7f5ba8c9e000 ---p 00000000 00:00 0 
7f5ba8c9e000-7f5ba8d9c000 rw-p 00000000 00:00 0 
7f5ba8d9c000-7f5ba8d9f000 ---p 00000000 00:00 0 
7f5ba8d9f000-7f5ba909d000 rw-p 00000000 00:00 0 
7f5ba909d000-7f5ba9116000 r--s 010f9000 08:01 1448503                    /usr/lib/jvm/jdk1.8.0_181/lib/tools.jar
7f5ba9116000-7f5ba9119000 ---p 00000000 00:00 0 
7f5ba9119000-7f5ba9217000 rw-p 00000000 00:00 0 
7f5ba9217000-7f5ba921a000 ---p 00000000 00:00 0 
7f5ba921a000-7f5ba9318000 rw-p 00000000 00:00 0 
7f5ba9318000-7f5ba931b000 ---p 00000000 00:00 0 
7f5ba931b000-7f5ba9419000 rw-p 00000000 00:00 0 
7f5ba9419000-7f5ba942f000 r-xp 00000000 08:01 2756237                    /usr/lib/jvm/jdk1.8.0_181/jre/lib/amd64/libnet.so
7f5ba942f000-7f5ba962f000 ---p 00016000 08:01 2756237                    /usr/lib/jvm/jdk1.8.0_181/jre/lib/amd64/libnet.so
7f5ba962f000-7f5ba9630000 rw-p 00016000 08:01 2756237                    /usr/lib/jvm/jdk1.8.0_181/jre/lib/amd64/libnet.so
7f5ba9630000-7f5ba9861000 r--s 01bb1000 08:01 1706762                    /home/whj/dowork/DiffTGen/lib/evosuite-1.0.6.jar
7f5ba9861000-7f5ba9862000 ---p 00000000 00:00 0 
7f5ba9862000-7f5ba9962000 rw-p 00000000 00:00 0 
7f5ba9962000-7f5ba9965000 ---p 00000000 00:00 0 
7f5ba9965000-7f5ba9a63000 rw-p 00000000 00:00 0 
7f5ba9a63000-7f5ba9a66000 ---p 00000000 00:00 0 
7f5ba9a66000-7f5ba9b64000 rw-p 00000000 00:00 0 
7f5ba9b64000-7f5ba9b67000 ---p 00000000 00:00 0 
7f5ba9b67000-7f5ba9c65000 rw-p 00000000 00:00 0 
7f5ba9c65000-7f5ba9c68000 ---p 00000000 00:00 0 
7f5ba9c68000-7f5ba9d66000 rw-p 00000000 00:00 0 
7f5ba9d66000-7f5baa725000 r--p 00000000 08:01 1316108                    /usr/lib/locale/locale-archive
7f5baa725000-7f5baa728000 ---p 00000000 00:00 0 
7f5baa728000-7f5baa826000 rw-p 00000000 00:00 0 
7f5baa826000-7f5baa829000 ---p 00000000 00:00 0 
7f5baa829000-7f5baa927000 rw-p 00000000 00:00 0 
7f5baa927000-7f5baa928000 ---p 00000000 00:00 0 
7f5baa928000-7f5bab331000 rw-p 00000000 00:00 0 
7f5bab331000-7f5bab50b000 r--s 03d6b000 08:01 2756084                    /usr/lib/jvm/jdk1.8.0_181/jre/lib/rt.jar
7f5bab50b000-7f5baff94000 rw-p 00000000 00:00 0 
7f5baff94000-7f5baff95000 ---p 00000000 00:00 0 
7f5baff95000-7f5bb0095000 rw-p 00000000 00:00 0 
7f5bb0095000-7f5bb0096000 ---p 00000000 00:00 0 
7f5bb0096000-7f5bb01c0000 rw-p 00000000 00:00 0 
7f5bb01c0000-7f5bb042e000 ---p 00000000 00:00 0 
7f5bb042e000-7f5bb0458000 rw-p 00000000 00:00 0 
7f5bb0458000-7f5bb06c5000 ---p 00000000 00:00 0 
7f5bb06c5000-7f5bb06eb000 rw-p 00000000 00:00 0 
7f5bb06eb000-7f5bb0811000 ---p 00000000 00:00 0 
7f5bb0811000-7f5bb082a000 rw-p 00000000 00:00 0 
7f5bb082a000-7f5bb0bd2000 ---p 00000000 00:00 0 
7f5bb0bd2000-7f5bb11a2000 rwxp 00000000 00:00 0 
7f5bb11a2000-7f5bbfbd2000 ---p 00000000 00:00 0 
7f5bbfbd2000-7f5bbfbed000 r-xp 00000000 08:01 2756233                    /usr/lib/jvm/jdk1.8.0_181/jre/lib/amd64/libzip.so
7f5bbfbed000-7f5bbfded000 ---p 0001b000 08:01 2756233                    /usr/lib/jvm/jdk1.8.0_181/jre/lib/amd64/libzip.so
7f5bbfded000-7f5bbfdee000 rw-p 0001b000 08:01 2756233                    /usr/lib/jvm/jdk1.8.0_181/jre/lib/amd64/libzip.so
7f5bbfdee000-7f5bbfdf9000 r-xp 00000000 08:01 1054188                    /lib/x86_64-linux-gnu/libnss_files-2.23.so
7f5bbfdf9000-7f5bbfff8000 ---p 0000b000 08:01 1054188                    /lib/x86_64-linux-gnu/libnss_files-2.23.so
7f5bbfff8000-7f5bbfff9000 r--p 0000a000 08:01 1054188                    /lib/x86_64-linux-gnu/libnss_files-2.23.so
7f5bbfff9000-7f5bbfffa000 rw-p 0000b000 08:01 1054188                    /lib/x86_64-linux-gnu/libnss_files-2.23.so
7f5bbfffa000-7f5bc0000000 rw-p 00000000 00:00 0 
7f5bc0000000-7f5bc046c000 rw-p 00000000 00:00 0 
7f5bc046c000-7f5bc4000000 ---p 00000000 00:00 0 
7f5bc400d000-7f5bc4010000 ---p 00000000 00:00 0 
7f5bc4010000-7f5bc4046000 rw-p 00000000 00:00 0 
7f5bc4046000-7f5bc4058000 r--s 00169000 08:01 3147869                    /home/whj/dowork/DiffTGen/extra_output/Chart_1_2-plausible_jaid/target/build/classes/all0.jar
7f5bc4058000-7f5bc4063000 r-xp 00000000 08:01 1054198                    /lib/x86_64-linux-gnu/libnss_nis-2.23.so
7f5bc4063000-7f5bc4262000 ---p 0000b000 08:01 1054198                    /lib/x86_64-linux-gnu/libnss_nis-2.23.so
7f5bc4262000-7f5bc4263000 r--p 0000a000 08:01 1054198                    /lib/x86_64-linux-gnu/libnss_nis-2.23.so
7f5bc4263000-7f5bc4264000 rw-p 0000b000 08:01 1054198                    /lib/x86_64-linux-gnu/libnss_nis-2.23.so
7f5bc4264000-7f5bc427a000 r-xp 00000000 08:01 1054182                    /lib/x86_64-linux-gnu/libnsl-2.23.so
7f5bc427a000-7f5bc4479000 ---p 00016000 08:01 1054182                    /lib/x86_64-linux-gnu/libnsl-2.23.so
7f5bc4479000-7f5bc447a000 r--p 00015000 08:01 1054182                    /lib/x86_64-linux-gnu/libnsl-2.23.so
7f5bc447a000-7f5bc447b000 rw-p 00016000 08:01 1054182                    /lib/x86_64-linux-gnu/libnsl-2.23.so
7f5bc447b000-7f5bc447d000 rw-p 00000000 00:00 0 
7f5bc447d000-7f5bc4485000 r-xp 00000000 08:01 1054184                    /lib/x86_64-linux-gnu/libnss_compat-2.23.so
7f5bc4485000-7f5bc4684000 ---p 00008000 08:01 1054184                    /lib/x86_64-linux-gnu/libnss_compat-2.23.so
7f5bc4684000-7f5bc4685000 r--p 00007000 08:01 1054184                    /lib/x86_64-linux-gnu/libnss_compat-2.23.so
7f5bc4685000-7f5bc4686000 rw-p 00008000 08:01 1054184                    /lib/x86_64-linux-gnu/libnss_compat-2.23.so
7f5bc4686000-7f5bc46b1000 r-xp 00000000 08:01 2756227                    /usr/lib/jvm/jdk1.8.0_181/jre/lib/amd64/libjava.so
7f5bc46b1000-7f5bc48b0000 ---p 0002b000 08:01 2756227                    /usr/lib/jvm/jdk1.8.0_181/jre/lib/amd64/libjava.so
7f5bc48b0000-7f5bc48b2000 rw-p 0002a000 08:01 2756227                    /usr/lib/jvm/jdk1.8.0_181/jre/lib/amd64/libjava.so
7f5bc48b2000-7f5bc48bf000 r-xp 00000000 08:01 2756232                    /usr/lib/jvm/jdk1.8.0_181/jre/lib/amd64/libverify.so
7f5bc48bf000-7f5bc4abf000 ---p 0000d000 08:01 2756232                    /usr/lib/jvm/jdk1.8.0_181/jre/lib/amd64/libverify.so
7f5bc4abf000-7f5bc4ac1000 rw-p 0000d000 08:01 2756232                    /usr/lib/jvm/jdk1.8.0_181/jre/lib/amd64/libverify.so
7f5bc4ac1000-7f5bc4ac8000 r-xp 00000000 08:01 1054243                    /lib/x86_64-linux-gnu/librt-2.23.so
7f5bc4ac8000-7f5bc4cc7000 ---p 00007000 08:01 1054243                    /lib/x86_64-linux-gnu/librt-2.23.so
7f5bc4cc7000-7f5bc4cc8000 r--p 00006000 08:01 1054243                    /lib/x86_64-linux-gnu/librt-2.23.so
7f5bc4cc8000-7f5bc4cc9000 rw-p 00007000 08:01 1054243                    /lib/x86_64-linux-gnu/librt-2.23.so
7f5bc4cc9000-7f5bc4dd1000 r-xp 00000000 08:01 1054159                    /lib/x86_64-linux-gnu/libm-2.23.so
7f5bc4dd1000-7f5bc4fd0000 ---p 00108000 08:01 1054159                    /lib/x86_64-linux-gnu/libm-2.23.so
7f5bc4fd0000-7f5bc4fd1000 r--p 00107000 08:01 1054159                    /lib/x86_64-linux-gnu/libm-2.23.so
7f5bc4fd1000-7f5bc4fd2000 rw-p 00108000 08:01 1054159                    /lib/x86_64-linux-gnu/libm-2.23.so
7f5bc4fd2000-7f5bc5cae000 r-xp 00000000 08:01 2756209                    /usr/lib/jvm/jdk1.8.0_181/jre/lib/amd64/server/libjvm.so
7f5bc5cae000-7f5bc5eae000 ---p 00cdc000 08:01 2756209                    /usr/lib/jvm/jdk1.8.0_181/jre/lib/amd64/server/libjvm.so
7f5bc5eae000-7f5bc5f88000 rw-p 00cdc000 08:01 2756209                    /usr/lib/jvm/jdk1.8.0_181/jre/lib/amd64/server/libjvm.so
7f5bc5f88000-7f5bc5fd3000 rw-p 00000000 00:00 0 
7f5bc5fd3000-7f5bc6193000 r-xp 00000000 08:01 1054089                    /lib/x86_64-linux-gnu/libc-2.23.so
7f5bc6193000-7f5bc6393000 ---p 001c0000 08:01 1054089                    /lib/x86_64-linux-gnu/libc-2.23.so
7f5bc6393000-7f5bc6397000 r--p 001c0000 08:01 1054089                    /lib/x86_64-linux-gnu/libc-2.23.so
7f5bc6397000-7f5bc6399000 rw-p 001c4000 08:01 1054089                    /lib/x86_64-linux-gnu/libc-2.23.so
7f5bc6399000-7f5bc639d000 rw-p 00000000 00:00 0 
7f5bc639d000-7f5bc63a0000 r-xp 00000000 08:01 1054113                    /lib/x86_64-linux-gnu/libdl-2.23.so
7f5bc63a0000-7f5bc659f000 ---p 00003000 08:01 1054113                    /lib/x86_64-linux-gnu/libdl-2.23.so
7f5bc659f000-7f5bc65a0000 r--p 00002000 08:01 1054113                    /lib/x86_64-linux-gnu/libdl-2.23.so
7f5bc65a0000-7f5bc65a1000 rw-p 00003000 08:01 1054113                    /lib/x86_64-linux-gnu/libdl-2.23.so
7f5bc65a1000-7f5bc65b7000 r-xp 00000000 08:01 1449032                    /usr/lib/jvm/jdk1.8.0_181/lib/amd64/jli/libjli.so
7f5bc65b7000-7f5bc67b6000 ---p 00016000 08:01 1449032                    /usr/lib/jvm/jdk1.8.0_181/lib/amd64/jli/libjli.so
7f5bc67b6000-7f5bc67b7000 rw-p 00015000 08:01 1449032                    /usr/lib/jvm/jdk1.8.0_181/lib/amd64/jli/libjli.so
7f5bc67b7000-7f5bc67cf000 r-xp 00000000 08:01 1054235                    /lib/x86_64-linux-gnu/libpthread-2.23.so
7f5bc67cf000-7f5bc69ce000 ---p 00018000 08:01 1054235                    /lib/x86_64-linux-gnu/libpthread-2.23.so
7f5bc69ce000-7f5bc69cf000 r--p 00017000 08:01 1054235                    /lib/x86_64-linux-gnu/libpthread-2.23.so
7f5bc69cf000-7f5bc69d0000 rw-p 00018000 08:01 1054235                    /lib/x86_64-linux-gnu/libpthread-2.23.so
7f5bc69d0000-7f5bc69d4000 rw-p 00000000 00:00 0 
7f5bc69d4000-7f5bc69fa000 r-xp 00000000 08:01 1054061                    /lib/x86_64-linux-gnu/ld-2.23.so
7f5bc6a00000-7f5bc6a0a000 r--s 00116000 08:01 2756143                    /usr/lib/jvm/jdk1.8.0_181/jre/lib/ext/localedata.jar
7f5bc6a0a000-7f5bc6adb000 rw-p 00000000 00:00 0 
7f5bc6adb000-7f5bc6ade000 ---p 00000000 00:00 0 
7f5bc6ade000-7f5bc6be1000 rw-p 00000000 00:00 0 
7f5bc6be1000-7f5bc6be6000 r--s 0009d000 08:01 2756133                    /usr/lib/jvm/jdk1.8.0_181/jre/lib/jsse.jar
7f5bc6be6000-7f5bc6bee000 r--s 0006e000 08:01 2248917                    /home/whj/dowork/DiffTGen/lib/commons-lang3-3.5.jar
7f5bc6bee000-7f5bc6bef000 r--s 00000000 08:01 2248922                    /home/whj/dowork/DiffTGen/lib/myprinter.jar
7f5bc6bef000-7f5bc6bf7000 rw-s 00000000 08:01 1984670                    /tmp/hsperfdata_whj/63301
7f5bc6bf7000-7f5bc6bf8000 rw-p 00000000 00:00 0 
7f5bc6bf8000-7f5bc6bf9000 ---p 00000000 00:00 0 
7f5bc6bf9000-7f5bc6bfa000 r--p 00025000 08:01 1054061                    /lib/x86_64-linux-gnu/ld-2.23.so
7f5bc6bfa000-7f5bc6bfb000 rw-p 00026000 08:01 1054061                    /lib/x86_64-linux-gnu/ld-2.23.so
7f5bc6bfb000-7f5bc6bfc000 rw-p 00000000 00:00 0 
7ffdde997000-7ffdde9b9000 rw-p 00000000 00:00 0                          [stack]
7ffdde9c2000-7ffdde9c5000 r--p 00000000 00:00 0                          [vvar]
7ffdde9c5000-7ffdde9c7000 r-xp 00000000 00:00 0                          [vdso]
ffffffffff600000-ffffffffff601000 r-xp 00000000 00:00 0                  [vsyscall]

VM Arguments:
java_command: /home/whj/dowork/DiffTGen/lib/evosuite-1.0.6.jar -base_dir /home/whj/dowork/DiffTGen/extra_output/Chart_1_2-plausible_jaid/target/0/19 -projectCP /home/whj/dowork/DiffTGen/extra_output/Chart_1_2-plausible_jaid/target/build/classes/all0.jar:/home/whj/dowork/DiffTGen/lib/myprinter.jar:/home/whj/dowork/DiffTGen/lib/commons-lang3-3.5.jar -class org.jfree.chart.renderer.category.AbstractCategoryItemRenderer -Dassertions=false -Dsearch_budget=60
java_class_path (initial): /home/whj/dowork/DiffTGen/lib/evosuite-1.0.6.jar
Launcher Type: SUN_STANDARD

Environment Variables:
JAVA_HOME=/usr/lib/jvm/jdk1.8.0_181
JRE_HOME=/usr/lib/jvm/jdk1.8.0_181/jre
CLASSPATH=.:/usr/lib/jvm/jdk1.8.0_181/lib:/usr/lib/jvm/jdk1.8.0_181/jre/lib
PATH=/home/whj/perl5/bin:/home/whj/dowork/defects4j-1.2.0/framework/bin:/usr/lib/jvm/jdk1.8.0_181/bin:/usr/lib/jvm/jdk1.8.0_181/jre/bin:/home/whj/bin:/home/whj/.local/bin:/usr/local/sbin:/usr/local/bin:/usr/sbin:/usr/bin:/sbin:/bin:/usr/games:/usr/local/games" :/snap/bin:/home/whj/bin
SHELL=/bin/bash
DISPLAY=:0

Signal Handlers:
SIGSEGV: [libjvm.so+0xad2a40], sa_mask[0]=11111111011111111101111111111110, sa_flags=SA_RESTART|SA_SIGINFO
SIGBUS: [libjvm.so+0xad2a40], sa_mask[0]=11111111011111111101111111111110, sa_flags=SA_RESTART|SA_SIGINFO
SIGFPE: [libjvm.so+0x92a610], sa_mask[0]=11111111011111111101111111111110, sa_flags=SA_RESTART|SA_SIGINFO
SIGPIPE: [libjvm.so+0x92a610], sa_mask[0]=11111111011111111101111111111110, sa_flags=SA_RESTART|SA_SIGINFO
SIGXFSZ: [libjvm.so+0x92a610], sa_mask[0]=11111111011111111101111111111110, sa_flags=SA_RESTART|SA_SIGINFO
SIGILL: [libjvm.so+0x92a610], sa_mask[0]=11111111011111111101111111111110, sa_flags=SA_RESTART|SA_SIGINFO
SIGUSR1: SIG_DFL, sa_mask[0]=00000000000000000000000000000000, sa_flags=none
SIGUSR2: [libjvm.so+0x92be70], sa_mask[0]=00100000000000000000000000000000, sa_flags=SA_RESTART|SA_SIGINFO
SIGHUP: [libjvm.so+0x92d270], sa_mask[0]=11111111011111111101111111111110, sa_flags=SA_RESTART|SA_SIGINFO
SIGINT: [libjvm.so+0x92d270], sa_mask[0]=11111111011111111101111111111110, sa_flags=SA_RESTART|SA_SIGINFO
SIGTERM: [libjvm.so+0x92d270], sa_mask[0]=11111111011111111101111111111110, sa_flags=SA_RESTART|SA_SIGINFO
SIGQUIT: [libjvm.so+0x92d270], sa_mask[0]=11111111011111111101111111111110, sa_flags=SA_RESTART|SA_SIGINFO


---------------  S Y S T E M  ---------------

OS:DISTRIB_ID=Ubuntu
DISTRIB_RELEASE=16.04
DISTRIB_CODENAME=xenial
DISTRIB_DESCRIPTION="Ubuntu 16.04.6 LTS"

uname:Linux 4.15.0-91-generic #92~16.04.1-Ubuntu SMP Fri Feb 28 14:57:22 UTC 2020 x86_64
libc:glibc 2.23 NPTL 2.23 
rlimit: STACK 8192k, CORE 0k, NPROC 31576, NOFILE 1048576, AS infinity
load average:15.99 15.63 15.44

/proc/meminfo:
MemTotal:        8144704 kB
MemFree:          120108 kB
MemAvailable:      13380 kB
Buffers:             304 kB
Cached:            28396 kB
SwapCached:         5572 kB
Active:          7040776 kB
Inactive:         558092 kB
Active(anon):    7022692 kB
Inactive(anon):   547604 kB
Active(file):      18084 kB
Inactive(file):    10488 kB
Unevictable:          32 kB
Mlocked:              32 kB
SwapTotal:        998396 kB
SwapFree:            672 kB
Dirty:               336 kB
Writeback:           840 kB
AnonPages:       7564940 kB
Mapped:            18292 kB
Shmem:                 4 kB
Slab:              88808 kB
SReclaimable:      31608 kB
SUnreclaim:        57200 kB
KernelStack:       16304 kB
PageTables:        48808 kB
NFS_Unstable:          0 kB
Bounce:                0 kB
WritebackTmp:          0 kB
CommitLimit:     5070748 kB
Committed_AS:   14689284 kB
VmallocTotal:   34359738367 kB
VmallocUsed:           0 kB
VmallocChunk:          0 kB
HardwareCorrupted:     0 kB
AnonHugePages:         0 kB
ShmemHugePages:        0 kB
ShmemPmdMapped:        0 kB
CmaTotal:              0 kB
CmaFree:               0 kB
HugePages_Total:       0
HugePages_Free:        0
HugePages_Rsvd:        0
HugePages_Surp:        0
Hugepagesize:       2048 kB
DirectMap4k:      128832 kB
DirectMap2M:     7211008 kB
DirectMap1G:     3145728 kB


CPU:total 2 (initial active 2) (2 cores per cpu, 1 threads per core) family 6 model 158 stepping 10, cmov, cx8, fxsr, mmx, sse, sse2, sse3, ssse3, sse4.1, sse4.2, popcnt, avx, avx2, aes, clmul, erms, 3dnowpref, lzcnt, tsc, tscinvbit, bmi1, bmi2, adx

/proc/cpuinfo:
processor	: 0
vendor_id	: GenuineIntel
cpu family	: 6
model		: 158
model name	: Intel(R) Core(TM) i7-8750H CPU @ 2.20GHz
stepping	: 10
microcode	: 0x96
cpu MHz		: 2207.999
cache size	: 9216 KB
physical id	: 0
siblings	: 2
core id		: 0
cpu cores	: 2
apicid		: 0
initial apicid	: 0
fpu		: yes
fpu_exception	: yes
cpuid level	: 22
wp		: yes
flags		: fpu vme de pse tsc msr pae mce cx8 apic sep mtrr pge mca cmov pat pse36 clflush mmx fxsr sse sse2 ss ht syscall nx pdpe1gb rdtscp lm constant_tsc arch_perfmon nopl xtopology tsc_reliable nonstop_tsc cpuid pni pclmulqdq ssse3 fma cx16 pcid sse4_1 sse4_2 x2apic movbe popcnt tsc_deadline_timer aes xsave avx f16c rdrand hypervisor lahf_lm abm 3dnowprefetch cpuid_fault invpcid_single pti ssbd ibrs ibpb stibp fsgsbase tsc_adjust bmi1 avx2 smep bmi2 invpcid rdseed adx smap xsaveopt arat flush_l1d arch_capabilities
bugs		: cpu_meltdown spectre_v1 spectre_v2 spec_store_bypass l1tf mds swapgs itlb_multihit
bogomips	: 4415.99
clflush size	: 64
cache_alignment	: 64
address sizes	: 42 bits physical, 48 bits virtual
power management:

processor	: 1
vendor_id	: GenuineIntel
cpu family	: 6
model		: 158
model name	: Intel(R) Core(TM) i7-8750H CPU @ 2.20GHz
stepping	: 10
microcode	: 0x96
cpu MHz		: 2207.999
cache size	: 9216 KB
physical id	: 0
siblings	: 2
core id		: 1
cpu cores	: 2
apicid		: 1
initial apicid	: 1
fpu		: yes
fpu_exception	: yes
cpuid level	: 22
wp		: yes
flags		: fpu vme de pse tsc msr pae mce cx8 apic sep mtrr pge mca cmov pat pse36 clflush mmx fxsr sse sse2 ss ht syscall nx pdpe1gb rdtscp lm constant_tsc arch_perfmon nopl xtopology tsc_reliable nonstop_tsc cpuid pni pclmulqdq ssse3 fma cx16 pcid sse4_1 sse4_2 x2apic movbe popcnt tsc_deadline_timer aes xsave avx f16c rdrand hypervisor lahf_lm abm 3dnowprefetch cpuid_fault invpcid_single pti ssbd ibrs ibpb stibp fsgsbase tsc_adjust bmi1 avx2 smep bmi2 invpcid rdseed adx smap xsaveopt arat flush_l1d arch_capabilities
bugs		: cpu_meltdown spectre_v1 spectre_v2 spec_store_bypass l1tf mds swapgs itlb_multihit
bogomips	: 4415.99
clflush size	: 64
cache_alignment	: 64
address sizes	: 42 bits physical, 48 bits virtual
power management:



Memory: 4k page, physical 8144704k(120108k free), swap 998396k(672k free)

vm_info: Java HotSpot(TM) 64-Bit Server VM (25.181-b13) for linux-amd64 JRE (1.8.0_181-b13), built on Jul  7 2018 00:56:38 by "java_re" with gcc 4.3.0 20080428 (Red Hat 4.3.0-8)

time: Fri Mar 27 16:05:38 2020
elapsed time: 105 seconds (0d 0h 1m 45s)

