#
# There is insufficient memory for the Java Runtime Environment to continue.
# Native memory allocation (mmap) failed to map 14680064 bytes for committing reserved memory.
# Possible reasons:
#   The system is out of physical RAM or swap space
#   In 32 bit mode, the process size limit was hit
# Possible solutions:
#   Reduce memory load on the system
#   Increase physical memory or swap space
#   Check if swap backing store is full
#   Use 64 bit Java on a 64 bit OS
#   Decrease Java heap size (-Xmx/-Xms)
#   Decrease number of Java threads
#   Decrease Java thread stack sizes (-Xss)
#   Set larger code cache with -XX:ReservedCodeCacheSize=
# This output file may be truncated or incomplete.
#
#  Out of Memory Error (os_linux.cpp:2640), pid=64469, tid=0x00007f9427fff700
#
# JRE version: Java(TM) SE Runtime Environment (8.0_181-b13) (build 1.8.0_181-b13)
# Java VM: Java HotSpot(TM) 64-Bit Server VM (25.181-b13 mixed mode linux-amd64 compressed oops)
# Failed to write core dump. Core dumps have been disabled. To enable core dumping, try "ulimit -c unlimited" before starting Java again
#

---------------  T H R E A D  ---------------

Current thread (0x00007f94440fb800):  VMThread [stack: 0x00007f9427eff000,0x00007f9428000000] [id=64507]

Stack: [0x00007f9427eff000,0x00007f9428000000],  sp=0x00007f9427ffdfa0,  free space=1019k
Native frames: (J=compiled Java code, j=interpreted, Vv=VM code, C=native code)
V  [libjvm.so+0xad21aa]  VMError::report_and_die()+0x2ba
V  [libjvm.so+0x5022db]  report_vm_out_of_memory(char const*, int, unsigned long, VMErrorType, char const*)+0x8b
V  [libjvm.so+0x92fe33]  os::Linux::commit_memory_impl(char*, unsigned long, bool)+0x123
V  [libjvm.so+0x930059]  os::pd_commit_memory(char*, unsigned long, unsigned long, bool)+0x29
V  [libjvm.so+0x9272ba]  os::commit_memory(char*, unsigned long, unsigned long, bool)+0x2a
V  [libjvm.so+0x99d2e3]  PSVirtualSpace::expand_by(unsigned long)+0x53
V  [libjvm.so+0x99e6e8]  PSYoungGen::resize_generation(unsigned long, unsigned long)+0xf8
V  [libjvm.so+0x99d842]  PSYoungGen::resize(unsigned long, unsigned long)+0x22
V  [libjvm.so+0x99ab1b]  PSScavenge::invoke_no_policy()+0xf3b
V  [libjvm.so+0x99b2a1]  PSScavenge::invoke()+0x41
V  [libjvm.so+0x951d70]  ParallelScavengeHeap::failed_mem_allocate(unsigned long)+0x70
V  [libjvm.so+0xad3c27]  VM_ParallelGCFailedAllocation::doit()+0x97
V  [libjvm.so+0xadb745]  VM_Operation::evaluate()+0x55
V  [libjvm.so+0xad9b0a]  VMThread::evaluate_operation(VM_Operation*)+0xba
V  [libjvm.so+0xad9e8e]  VMThread::loop()+0x1ce
V  [libjvm.so+0xada300]  VMThread::run()+0x70
V  [libjvm.so+0x930198]  java_start(Thread*)+0x108

VM_Operation (0x00007f94257db7a0): ParallelGCFailedAllocation, mode: safepoint, requested by thread 0x0000000001e0a800


---------------  P R O C E S S  ---------------

Java Threads: ( => current thread )
  0x0000000001e0d000 JavaThread "RMI TCP Connection(6)-127.0.0.1" daemon [_thread_blocked, id=64953, stack(0x00007f9424fdf000,0x00007f94250e0000)]
  0x0000000001e0c000 JavaThread "RMI TCP Connection(5)-127.0.0.1" daemon [_thread_in_native, id=64931, stack(0x00007f94259e3000,0x00007f9425ae4000)]
  0x0000000001e0a800 JavaThread "RMI TCP Connection(4)-127.0.0.1" daemon [_thread_blocked, id=64829, stack(0x00007f94256e0000,0x00007f94257e1000)]
  0x00007f941c058800 JavaThread "RMI Scheduler(0)" daemon [_thread_blocked, id=64821, stack(0x00007f94257e1000,0x00007f94258e2000)]
  0x00007f941c04b000 JavaThread "RMI RenewClean-[127.0.0.1:19840]" daemon [_thread_blocked, id=64817, stack(0x00007f94258e2000,0x00007f94259e3000)]
  0x00007f93f4005800 JavaThread "pool-3-thread-3" [_thread_in_native, id=64762, stack(0x00007f9425ae4000,0x00007f9425be5000)]
  0x00007f93f4003800 JavaThread "pool-3-thread-2" [_thread_in_native, id=64761, stack(0x00007f9425be5000,0x00007f9425ce6000)]
  0x00007f93f4002800 JavaThread "pool-3-thread-1" [_thread_in_native, id=64760, stack(0x00007f9425ce6000,0x00007f9425de7000)]
  0x00007f944437b000 JavaThread "Thread-3" [_thread_in_native, id=64617, stack(0x00007f9425de7000,0x00007f9425ee8000)]
  0x00007f9444379000 JavaThread "Thread-2" [_thread_in_native, id=64616, stack(0x00007f9425ee8000,0x00007f9425fe9000)]
  0x00007f9444377800 JavaThread "process reaper" daemon [_thread_in_native, id=64614, stack(0x00007f94340c0000,0x00007f94340f9000)]
  0x00007f9444371800 JavaThread "pool-2-thread-1" [_thread_in_native, id=64608, stack(0x00007f9425fe9000,0x00007f94260ea000)]
  0x00007f944436f800 JavaThread "GC Daemon" daemon [_thread_blocked, id=64601, stack(0x00007f94260ea000,0x00007f94261eb000)]
  0x00007f944436d000 JavaThread "RMI Reaper" [_thread_blocked, id=64598, stack(0x00007f94261eb000,0x00007f94262ec000)]
  0x00007f9444364000 JavaThread "RMI TCP Accept-2941" daemon [_thread_in_native, id=64594, stack(0x00007f94262ec000,0x00007f94263ed000)]
  0x00007f944435f000 JavaThread "RMI TCP Accept-4577" daemon [_thread_in_native, id=64591, stack(0x00007f94263ed000,0x00007f94264ee000)]
  0x00007f94442a4000 JavaThread "logback-3" daemon [_thread_blocked, id=64585, stack(0x00007f94266ee000,0x00007f94267ef000)]
  0x00007f94442a2800 JavaThread "logback-2" daemon [_thread_blocked, id=64578, stack(0x00007f94267ef000,0x00007f94268f0000)]
  0x00007f94442a1000 JavaThread "logback-1" daemon [_thread_blocked, id=64572, stack(0x00007f94268f0000,0x00007f94269f1000)]
  0x00007f9444154000 JavaThread "Service Thread" daemon [_thread_blocked, id=64552, stack(0x00007f9426f3a000,0x00007f942703b000)]
  0x00007f944413f000 JavaThread "C1 CompilerThread1" daemon [_thread_blocked, id=64548, stack(0x00007f942703b000,0x00007f942713c000)]
  0x00007f944413c000 JavaThread "C2 CompilerThread0" daemon [_thread_blocked, id=64541, stack(0x00007f942713c000,0x00007f942723d000)]
  0x00007f944413a800 JavaThread "Signal Dispatcher" daemon [_thread_blocked, id=64538, stack(0x00007f942723d000,0x00007f942733e000)]
  0x00007f9444107800 JavaThread "Finalizer" daemon [_thread_blocked, id=64523, stack(0x00007f9427cfd000,0x00007f9427dfe000)]
  0x00007f9444105000 JavaThread "Reference Handler" daemon [_thread_blocked, id=64512, stack(0x00007f9427dfe000,0x00007f9427eff000)]
  0x00007f944400a800 JavaThread "main" [_thread_in_native, id=64477, stack(0x00007f944c2d3000,0x00007f944c3d4000)]

Other Threads:
=>0x00007f94440fb800 VMThread [stack: 0x00007f9427eff000,0x00007f9428000000] [id=64507]
  0x00007f9444159000 WatcherThread [stack: 0x00007f9426e39000,0x00007f9426f3a000] [id=64554]

VM state:at safepoint (normal execution)

VM Mutex/Monitor currently owned by a thread:  ([mutex/lock_event])
[0x00007f9444006c60] Threads_lock - owner thread: 0x00007f94440fb800
[0x00007f9444007160] Heap_lock - owner thread: 0x0000000001e0a800

Heap:
 PSYoungGen      total 73728K, used 10743K [0x00000000d6900000, 0x00000000df900000, 0x0000000100000000)
  eden space 62976K, 0% used [0x00000000d6900000,0x00000000d6900000,0x00000000da680000)
  from space 10752K, 99% used [0x00000000dee80000,0x00000000df8fdd60,0x00000000df900000)
  to   space 7680K, 0% used [0x00000000da680000,0x00000000da680000,0x00000000dae00000)
 ParOldGen       total 86016K, used 25636K [0x0000000083a00000, 0x0000000088e00000, 0x00000000d6900000)
  object space 86016K, 29% used [0x0000000083a00000,0x0000000085309040,0x0000000088e00000)
 Metaspace       used 19271K, capacity 19822K, committed 20096K, reserved 1067008K
  class space    used 2214K, capacity 2359K, committed 2432K, reserved 1048576K

Card table byte_map: [0x00007f9448c7e000,0x00007f9449062000] byte_map_base: 0x00007f9448861000

Marking Bits: (ParMarkBitMap*) 0x00007f944b79e0a0
 Begin Bits: [0x00007f942c1d0000, 0x00007f942e0e8000)
 End Bits:   [0x00007f942e0e8000, 0x00007f9430000000)

Polling page: 0x00007f944c3f0000

CodeCache: size=245760Kb used=6941Kb max_used=6941Kb free=238818Kb
 bounds [0x00007f9435000000, 0x00007f94356e0000, 0x00007f9444000000]
 total_blobs=2479 nmethods=2048 adapters=344
 compilation: enabled

Compilation events (10 events):
Event: 146.770 Thread 0x00007f944413f000 2179       2       org.evosuite.utils.generic.GenericConstructor::readObject (113 bytes)
Event: 146.771 Thread 0x00007f944413f000 nmethod 2179 0x00007f943511c410 code [0x00007f943511c660, 0x00007f943511cd48]
Event: 146.771 Thread 0x00007f944413f000 2178   !   2       sun.reflect.GeneratedSerializationConstructorAccessor70::newInstance (49 bytes)
Event: 146.771 Thread 0x00007f944413f000 nmethod 2178 0x00007f943519c110 code [0x00007f943519c2a0, 0x00007f943519c5e8]
Event: 147.260 Thread 0x00007f944413f000 2180 %     3       java.util.HashMap::readObject @ 225 (266 bytes)
Event: 147.407 Thread 0x00007f944413f000 nmethod 2180% 0x00007f94356cc850 code [0x00007f94356ccc80, 0x00007f94356cee18]
Event: 147.469 Thread 0x00007f944413f000 2182   !   2       sun.reflect.GeneratedMethodAccessor10::invoke (66 bytes)
Event: 147.469 Thread 0x00007f944413f000 nmethod 2182 0x00007f94351a0410 code [0x00007f94351a0600, 0x00007f94351a0b68]
Event: 147.469 Thread 0x00007f944413f000 2181   !   2       sun.reflect.GeneratedMethodAccessor12::invoke (66 bytes)
Event: 147.470 Thread 0x00007f944413f000 nmethod 2181 0x00007f94351752d0 code [0x00007f94351754a0, 0x00007f94351759b8]

GC Heap History (10 events):
Event: 131.632 GC heap after
Heap after GC invocations=4 (full 1):
 PSYoungGen      total 37888K, used 4257K [0x00000000d6900000, 0x00000000d9300000, 0x0000000100000000)
  eden space 32768K, 0% used [0x00000000d6900000,0x00000000d6900000,0x00000000d8900000)
  from space 5120K, 83% used [0x00000000d8900000,0x00000000d8d28688,0x00000000d8e00000)
  to   space 5120K, 0% used [0x00000000d8e00000,0x00000000d8e00000,0x00000000d9300000)
 ParOldGen       total 86016K, used 4063K [0x0000000083a00000, 0x0000000088e00000, 0x00000000d6900000)
  object space 86016K, 4% used [0x0000000083a00000,0x0000000083df7df8,0x0000000088e00000)
 Metaspace       used 13981K, capacity 14422K, committed 14592K, reserved 1062912K
  class space    used 1596K, capacity 1704K, committed 1792K, reserved 1048576K
}
Event: 132.307 GC heap before
{Heap before GC invocations=5 (full 1):
 PSYoungGen      total 37888K, used 37025K [0x00000000d6900000, 0x00000000d9300000, 0x0000000100000000)
  eden space 32768K, 100% used [0x00000000d6900000,0x00000000d8900000,0x00000000d8900000)
  from space 5120K, 83% used [0x00000000d8900000,0x00000000d8d28688,0x00000000d8e00000)
  to   space 5120K, 0% used [0x00000000d8e00000,0x00000000d8e00000,0x00000000d9300000)
 ParOldGen       total 86016K, used 4063K [0x0000000083a00000, 0x0000000088e00000, 0x00000000d6900000)
  object space 86016K, 4% used [0x0000000083a00000,0x0000000083df7df8,0x0000000088e00000)
 Metaspace       used 14006K, capacity 14422K, committed 14592K, reserved 1062912K
  class space    used 1596K, capacity 1704K, committed 1792K, reserved 1048576K
Event: 132.317 GC heap after
Heap after GC invocations=5 (full 1):
 PSYoungGen      total 37888K, used 4347K [0x00000000d6900000, 0x00000000db300000, 0x0000000100000000)
  eden space 32768K, 0% used [0x00000000d6900000,0x00000000d6900000,0x00000000d8900000)
  from space 5120K, 84% used [0x00000000d8e00000,0x00000000d923ee88,0x00000000d9300000)
  to   space 5120K, 0% used [0x00000000d8900000,0x00000000d8900000,0x00000000d8e00000)
 ParOldGen       total 86016K, used 4071K [0x0000000083a00000, 0x0000000088e00000, 0x00000000d6900000)
  object space 86016K, 4% used [0x0000000083a00000,0x0000000083df9df8,0x0000000088e00000)
 Metaspace       used 14006K, capacity 14422K, committed 14592K, reserved 1062912K
  class space    used 1596K, capacity 1704K, committed 1792K, reserved 1048576K
}
Event: 132.779 GC heap before
{Heap before GC invocations=6 (full 1):
 PSYoungGen      total 37888K, used 37115K [0x00000000d6900000, 0x00000000db300000, 0x0000000100000000)
  eden space 32768K, 100% used [0x00000000d6900000,0x00000000d8900000,0x00000000d8900000)
  from space 5120K, 84% used [0x00000000d8e00000,0x00000000d923ee88,0x00000000d9300000)
  to   space 5120K, 0% used [0x00000000d8900000,0x00000000d8900000,0x00000000d8e00000)
 ParOldGen       total 86016K, used 4071K [0x0000000083a00000, 0x0000000088e00000, 0x00000000d6900000)
  object space 86016K, 4% used [0x0000000083a00000,0x0000000083df9df8,0x0000000088e00000)
 Metaspace       used 14036K, capacity 14486K, committed 14848K, reserved 1062912K
  class space    used 1596K, capacity 1704K, committed 1792K, reserved 1048576K
Event: 132.802 GC heap after
Heap after GC invocations=6 (full 1):
 PSYoungGen      total 37888K, used 4843K [0x00000000d6900000, 0x00000000db300000, 0x0000000100000000)
  eden space 32768K, 0% used [0x00000000d6900000,0x00000000d6900000,0x00000000d8900000)
  from space 5120K, 94% used [0x00000000d8900000,0x00000000d8dbaed8,0x00000000d8e00000)
  to   space 5120K, 0% used [0x00000000dae00000,0x00000000dae00000,0x00000000db300000)
 ParOldGen       total 86016K, used 4071K [0x0000000083a00000, 0x0000000088e00000, 0x00000000d6900000)
  object space 86016K, 4% used [0x0000000083a00000,0x0000000083df9df8,0x0000000088e00000)
 Metaspace       used 14036K, capacity 14486K, committed 14848K, reserved 1062912K
  class space    used 1596K, capacity 1704K, committed 1792K, reserved 1048576K
}
Event: 135.062 GC heap before
{Heap before GC invocations=7 (full 1):
 PSYoungGen      total 37888K, used 37611K [0x00000000d6900000, 0x00000000db300000, 0x0000000100000000)
  eden space 32768K, 100% used [0x00000000d6900000,0x00000000d8900000,0x00000000d8900000)
  from space 5120K, 94% used [0x00000000d8900000,0x00000000d8dbaed8,0x00000000d8e00000)
  to   space 5120K, 0% used [0x00000000dae00000,0x00000000dae00000,0x00000000db300000)
 ParOldGen       total 86016K, used 4071K [0x0000000083a00000, 0x0000000088e00000, 0x00000000d6900000)
  object space 86016K, 4% used [0x0000000083a00000,0x0000000083df9df8,0x0000000088e00000)
 Metaspace       used 15121K, capacity 15540K, committed 15744K, reserved 1062912K
  class space    used 1704K, capacity 1826K, committed 1920K, reserved 1048576K
Event: 135.169 GC heap after
Heap after GC invocations=7 (full 1):
 PSYoungGen      total 68096K, used 5103K [0x00000000d6900000, 0x00000000db800000, 0x0000000100000000)
  eden space 62976K, 0% used [0x00000000d6900000,0x00000000d6900000,0x00000000da680000)
  from space 5120K, 99% used [0x00000000dae00000,0x00000000db2fbd40,0x00000000db300000)
  to   space 7680K, 0% used [0x00000000da680000,0x00000000da680000,0x00000000dae00000)
 ParOldGen       total 86016K, used 8152K [0x0000000083a00000, 0x0000000088e00000, 0x00000000d6900000)
  object space 86016K, 9% used [0x0000000083a00000,0x00000000841f6058,0x0000000088e00000)
 Metaspace       used 15121K, capacity 15540K, committed 15744K, reserved 1062912K
  class space    used 1704K, capacity 1826K, committed 1920K, reserved 1048576K
}
Event: 140.788 GC heap before
{Heap before GC invocations=8 (full 1):
 PSYoungGen      total 68096K, used 68079K [0x00000000d6900000, 0x00000000db800000, 0x0000000100000000)
  eden space 62976K, 100% used [0x00000000d6900000,0x00000000da680000,0x00000000da680000)
  from space 5120K, 99% used [0x00000000dae00000,0x00000000db2fbd40,0x00000000db300000)
  to   space 7680K, 0% used [0x00000000da680000,0x00000000da680000,0x00000000dae00000)
 ParOldGen       total 86016K, used 8152K [0x0000000083a00000, 0x0000000088e00000, 0x00000000d6900000)
  object space 86016K, 9% used [0x0000000083a00000,0x00000000841f6058,0x0000000088e00000)
 Metaspace       used 17859K, capacity 18364K, committed 18560K, reserved 1064960K
  class space    used 1990K, capacity 2132K, committed 2176K, reserved 1048576K
Event: 140.951 GC heap after
Heap after GC invocations=8 (full 1):
 PSYoungGen      total 70656K, used 7674K [0x00000000d6900000, 0x00000000df900000, 0x0000000100000000)
  eden space 62976K, 0% used [0x00000000d6900000,0x00000000d6900000,0x00000000da680000)
  from space 7680K, 99% used [0x00000000da680000,0x00000000dadfe9c0,0x00000000dae00000)
  to   space 10752K, 0% used [0x00000000dee80000,0x00000000dee80000,0x00000000df900000)
 ParOldGen       total 86016K, used 12375K [0x0000000083a00000, 0x0000000088e00000, 0x00000000d6900000)
  object space 86016K, 14% used [0x0000000083a00000,0x0000000084615e78,0x0000000088e00000)
 Metaspace       used 17859K, capacity 18364K, committed 18560K, reserved 1064960K
  class space    used 1990K, capacity 2132K, committed 2176K, reserved 1048576K
}
Event: 147.538 GC heap before
{Heap before GC invocations=9 (full 1):
 PSYoungGen      total 70656K, used 70650K [0x00000000d6900000, 0x00000000df900000, 0x0000000100000000)
  eden space 62976K, 100% used [0x00000000d6900000,0x00000000da680000,0x00000000da680000)
  from space 7680K, 99% used [0x00000000da680000,0x00000000dadfe9c0,0x00000000dae00000)
  to   space 10752K, 0% used [0x00000000dee80000,0x00000000dee80000,0x00000000df900000)
 ParOldGen       total 86016K, used 12375K [0x0000000083a00000, 0x0000000088e00000, 0x00000000d6900000)
  object space 86016K, 14% used [0x0000000083a00000,0x0000000084615e78,0x0000000088e00000)
 Metaspace       used 19271K, capacity 19822K, committed 20096K, reserved 1067008K
  class space    used 2214K, capacity 2359K, committed 2432K, reserved 1048576K

Deoptimization events (10 events):
Event: 134.342 Thread 0x0000000001e0a800 Uncommon trap: reason=unstable_if action=reinterpret pc=0x00007f9435508834 method=java.util.HashMap.putVal(ILjava/lang/Object;Ljava/lang/Object;ZZ)Ljava/lang/Object; @ 162
Event: 137.165 Thread 0x0000000001e0a800 Uncommon trap: reason=bimorphic action=maybe_recompile pc=0x00007f943555d930 method=java.util.Collections$UnmodifiableCollection$1.next()Ljava/lang/Object; @ 4
Event: 137.165 Thread 0x0000000001e0a800 Uncommon trap: reason=bimorphic action=maybe_recompile pc=0x00007f943555d930 method=java.util.Collections$UnmodifiableCollection$1.next()Ljava/lang/Object; @ 4
Event: 137.165 Thread 0x0000000001e0a800 Uncommon trap: reason=bimorphic action=maybe_recompile pc=0x00007f943555d930 method=java.util.Collections$UnmodifiableCollection$1.next()Ljava/lang/Object; @ 4
Event: 137.165 Thread 0x0000000001e0a800 Uncommon trap: reason=bimorphic action=maybe_recompile pc=0x00007f943555d930 method=java.util.Collections$UnmodifiableCollection$1.next()Ljava/lang/Object; @ 4
Event: 137.425 Thread 0x0000000001e0a800 Uncommon trap: reason=unstable_if action=reinterpret pc=0x00007f9435627788 method=java.io.ObjectStreamClass.hasReadResolveMethod()Z @ 8
Event: 138.628 Thread 0x0000000001e0a800 Uncommon trap: reason=unstable_if action=reinterpret pc=0x00007f94356669e0 method=java.io.SerialCallbackContext.check()V @ 4
Event: 138.973 Thread 0x0000000001e0c000 Uncommon trap: reason=unstable_if action=reinterpret pc=0x00007f9435638b9c method=java.io.ObjectInputStream.defaultReadFields(Ljava/lang/Object;Ljava/io/ObjectStreamClass;)V @ 49
Event: 144.515 Thread 0x0000000001e0a800 Uncommon trap: reason=unstable_if action=reinterpret pc=0x00007f94355b7708 method=org.evosuite.shaded.org.objectweb.asm.ClassReader.readUTF(II[C)Ljava/lang/String; @ 77
Event: 144.517 Thread 0x0000000001e0a800 Uncommon trap: reason=unstable_if action=reinterpret pc=0x00007f9435634134 method=org.evosuite.shaded.org.objectweb.asm.ByteVector.putUTF8(Ljava/lang/String;)Lorg/evosuite/shaded/org/objectweb/asm/ByteVector; @ 98

Classes redefined (0 events):
No events

Internal exceptions (10 events):
Event: 122.200 Thread 0x00007f94442a2800 Exception <a 'java/net/ConnectException'> (0x00000000d6cac370) thrown at [/HUDSON/workspace/8-2-build-linux-amd64/jdk8u181/11358/hotspot/src/share/vm/prims/jni.cpp, line 709]
Event: 122.200 Thread 0x00007f94442a4000 Exception <a 'java/net/ConnectException'> (0x00000000d6cfe2f0) thrown at [/HUDSON/workspace/8-2-build-linux-amd64/jdk8u181/11358/hotspot/src/share/vm/prims/jni.cpp, line 709]
Event: 125.533 Thread 0x0000000001e0a800 Exception <a 'java/lang/NoSuchMethodError': <clinit>> (0x00000000d7311b98) thrown at [/HUDSON/workspace/8-2-build-linux-amd64/jdk8u181/11358/hotspot/src/share/vm/prims/jni.cpp, line 1613]
Event: 132.169 Thread 0x00007f94442a1000 Exception <a 'java/net/ConnectException'> (0x00000000d7dfa438) thrown at [/HUDSON/workspace/8-2-build-linux-amd64/jdk8u181/11358/hotspot/src/share/vm/prims/jni.cpp, line 709]
Event: 132.200 Thread 0x00007f94442a2800 Exception <a 'java/net/ConnectException'> (0x00000000d7ff4a58) thrown at [/HUDSON/workspace/8-2-build-linux-amd64/jdk8u181/11358/hotspot/src/share/vm/prims/jni.cpp, line 709]
Event: 132.200 Thread 0x00007f94442a4000 Exception <a 'java/net/ConnectException'> (0x00000000d8029f18) thrown at [/HUDSON/workspace/8-2-build-linux-amd64/jdk8u181/11358/hotspot/src/share/vm/prims/jni.cpp, line 709]
Event: 132.491 Thread 0x0000000001e0a800 Implicit null exception at 0x00007f9435555b82 to 0x00007f9435556b15
Event: 142.170 Thread 0x00007f94442a1000 Exception <a 'java/net/ConnectException'> (0x00000000d72ec8a0) thrown at [/HUDSON/workspace/8-2-build-linux-amd64/jdk8u181/11358/hotspot/src/share/vm/prims/jni.cpp, line 709]
Event: 142.202 Thread 0x00007f94442a2800 Exception <a 'java/net/ConnectException'> (0x00000000d732f1b0) thrown at [/HUDSON/workspace/8-2-build-linux-amd64/jdk8u181/11358/hotspot/src/share/vm/prims/jni.cpp, line 709]
Event: 142.203 Thread 0x00007f94442a4000 Exception <a 'java/net/ConnectException'> (0x00000000d7371ac8) thrown at [/HUDSON/workspace/8-2-build-linux-amd64/jdk8u181/11358/hotspot/src/share/vm/prims/jni.cpp, line 709]

Events (10 events):
Event: 145.344 loading class javax/swing/JTabbedPane$Page done
Event: 145.352 Thread 0x0000000001e0a800 DEOPT PACKING pc=0x00007f94356785c5 sp=0x00007f94257dc2e0
Event: 145.352 Thread 0x0000000001e0a800 DEOPT UNPACKING pc=0x00007f9435047784 sp=0x00007f94257dc048 mode 0
Event: 146.660 Executing VM operation: RevokeBias
Event: 146.660 Executing VM operation: RevokeBias done
Event: 146.662 Executing VM operation: RevokeBias
Event: 146.662 Executing VM operation: RevokeBias done
Event: 146.754 Executing VM operation: BulkRevokeBias
Event: 146.770 Executing VM operation: BulkRevokeBias done
Event: 147.472 Executing VM operation: ParallelGCFailedAllocation


Dynamic libraries:
00400000-00401000 r-xp 00000000 08:01 1448396                            /usr/lib/jvm/jdk1.8.0_181/bin/java
00600000-00601000 rw-p 00000000 08:01 1448396                            /usr/lib/jvm/jdk1.8.0_181/bin/java
01e08000-01e29000 rw-p 00000000 00:00 0                                  [heap]
83a00000-88e00000 rw-p 00000000 00:00 0 
88e00000-d6900000 ---p 00000000 00:00 0 
d6900000-df900000 rw-p 00000000 00:00 0 
e0700000-100000000 ---p 00000000 00:00 0 
100000000-100260000 rw-p 00000000 00:00 0 
100260000-140000000 ---p 00000000 00:00 0 
7f93ec000000-7f93ec021000 rw-p 00000000 00:00 0 
7f93ec021000-7f93f0000000 ---p 00000000 00:00 0 
7f93f4000000-7f93f4021000 rw-p 00000000 00:00 0 
7f93f4021000-7f93f8000000 ---p 00000000 00:00 0 
7f93f8000000-7f93f8021000 rw-p 00000000 00:00 0 
7f93f8021000-7f93fc000000 ---p 00000000 00:00 0 
7f93fc000000-7f93fc021000 rw-p 00000000 00:00 0 
7f93fc021000-7f9400000000 ---p 00000000 00:00 0 
7f9400000000-7f9400021000 rw-p 00000000 00:00 0 
7f9400021000-7f9404000000 ---p 00000000 00:00 0 
7f9404fff000-7f9408000000 rw-p 00000000 00:00 0 
7f9408000000-7f9408976000 rw-p 00000000 00:00 0 
7f9408976000-7f940c000000 ---p 00000000 00:00 0 
7f940c000000-7f940c021000 rw-p 00000000 00:00 0 
7f940c021000-7f9410000000 ---p 00000000 00:00 0 
7f9410000000-7f9410021000 rw-p 00000000 00:00 0 
7f9410021000-7f9414000000 ---p 00000000 00:00 0 
7f9414000000-7f9414d38000 rw-p 00000000 00:00 0 
7f9414d38000-7f9418000000 ---p 00000000 00:00 0 
7f9418000000-7f9418021000 rw-p 00000000 00:00 0 
7f9418021000-7f941c000000 ---p 00000000 00:00 0 
7f941c000000-7f941c05b000 rw-p 00000000 00:00 0 
7f941c05b000-7f9420000000 ---p 00000000 00:00 0 
7f9420000000-7f9420292000 rw-p 00000000 00:00 0 
7f9420292000-7f9424000000 ---p 00000000 00:00 0 
7f9424ddf000-7f9424f1f000 rw-p 00000000 00:00 0 
7f9424f1f000-7f9424fdf000 ---p 00000000 00:00 0 
7f9424fdf000-7f9424fe2000 ---p 00000000 00:00 0 
7f9424fe2000-7f94252e0000 rw-p 00000000 00:00 0 
7f94252e0000-7f94254e0000 rw-p 00000000 00:00 0 
7f94254e0000-7f94256e0000 rw-p 00000000 00:00 0 
7f94256e0000-7f94256e3000 ---p 00000000 00:00 0 
7f94256e3000-7f94257e1000 rw-p 00000000 00:00 0 
7f94257e1000-7f94257e4000 ---p 00000000 00:00 0 
7f94257e4000-7f94258e2000 rw-p 00000000 00:00 0 
7f94258e2000-7f94258e5000 ---p 00000000 00:00 0 
7f94258e5000-7f94259e3000 rw-p 00000000 00:00 0 
7f94259e3000-7f94259e6000 ---p 00000000 00:00 0 
7f94259e6000-7f9425ae4000 rw-p 00000000 00:00 0 
7f9425ae4000-7f9425ae7000 ---p 00000000 00:00 0 
7f9425ae7000-7f9425be5000 rw-p 00000000 00:00 0 
7f9425be5000-7f9425be8000 ---p 00000000 00:00 0 
7f9425be8000-7f9425ce6000 rw-p 00000000 00:00 0 
7f9425ce6000-7f9425ce9000 ---p 00000000 00:00 0 
7f9425ce9000-7f9425de7000 rw-p 00000000 00:00 0 
7f9425de7000-7f9425dea000 ---p 00000000 00:00 0 
7f9425dea000-7f9425ee8000 rw-p 00000000 00:00 0 
7f9425ee8000-7f9425eeb000 ---p 00000000 00:00 0 
7f9425eeb000-7f9425fe9000 rw-p 00000000 00:00 0 
7f9425fe9000-7f9425fec000 ---p 00000000 00:00 0 
7f9425fec000-7f94260ea000 rw-p 00000000 00:00 0 
7f94260ea000-7f94260ed000 ---p 00000000 00:00 0 
7f94260ed000-7f94261eb000 rw-p 00000000 00:00 0 
7f94261eb000-7f94261ee000 ---p 00000000 00:00 0 
7f94261ee000-7f94262ec000 rw-p 00000000 00:00 0 
7f94262ec000-7f94262ef000 ---p 00000000 00:00 0 
7f94262ef000-7f94263ed000 rw-p 00000000 00:00 0 
7f94263ed000-7f94263f0000 ---p 00000000 00:00 0 
7f94263f0000-7f94266ee000 rw-p 00000000 00:00 0 
7f94266ee000-7f94266f1000 ---p 00000000 00:00 0 
7f94266f1000-7f94267ef000 rw-p 00000000 00:00 0 
7f94267ef000-7f94267f2000 ---p 00000000 00:00 0 
7f94267f2000-7f94268f0000 rw-p 00000000 00:00 0 
7f94268f0000-7f94268f3000 ---p 00000000 00:00 0 
7f94268f3000-7f94269f1000 rw-p 00000000 00:00 0 
7f94269f1000-7f9426a07000 r-xp 00000000 08:01 2756237                    /usr/lib/jvm/jdk1.8.0_181/jre/lib/amd64/libnet.so
7f9426a07000-7f9426c07000 ---p 00016000 08:01 2756237                    /usr/lib/jvm/jdk1.8.0_181/jre/lib/amd64/libnet.so
7f9426c07000-7f9426c08000 rw-p 00016000 08:01 2756237                    /usr/lib/jvm/jdk1.8.0_181/jre/lib/amd64/libnet.so
7f9426c08000-7f9426e39000 r--s 01bb1000 08:01 1706762                    /home/whj/dowork/DiffTGen/lib/evosuite-1.0.6.jar
7f9426e39000-7f9426e3a000 ---p 00000000 00:00 0 
7f9426e3a000-7f9426f3a000 rw-p 00000000 00:00 0 
7f9426f3a000-7f9426f3d000 ---p 00000000 00:00 0 
7f9426f3d000-7f942703b000 rw-p 00000000 00:00 0 
7f942703b000-7f942703e000 ---p 00000000 00:00 0 
7f942703e000-7f942713c000 rw-p 00000000 00:00 0 
7f942713c000-7f942713f000 ---p 00000000 00:00 0 
7f942713f000-7f942723d000 rw-p 00000000 00:00 0 
7f942723d000-7f9427240000 ---p 00000000 00:00 0 
7f9427240000-7f942733e000 rw-p 00000000 00:00 0 
7f942733e000-7f9427cfd000 r--p 00000000 08:01 1316108                    /usr/lib/locale/locale-archive
7f9427cfd000-7f9427d00000 ---p 00000000 00:00 0 
7f9427d00000-7f9427dfe000 rw-p 00000000 00:00 0 
7f9427dfe000-7f9427e01000 ---p 00000000 00:00 0 
7f9427e01000-7f9427eff000 rw-p 00000000 00:00 0 
7f9427eff000-7f9427f00000 ---p 00000000 00:00 0 
7f9427f00000-7f9428000000 rw-p 00000000 00:00 0 
7f9428000000-7f942842f000 rw-p 00000000 00:00 0 
7f942842f000-7f942c000000 ---p 00000000 00:00 0 
7f942c0cf000-7f9430000000 rw-p 00000000 00:00 0 
7f9430000000-7f9430021000 rw-p 00000000 00:00 0 
7f9430021000-7f9434000000 ---p 00000000 00:00 0 
7f94340ad000-7f94340c0000 r--s 00345000 08:01 2756119                    /usr/lib/jvm/jdk1.8.0_181/jre/lib/resources.jar
7f94340c0000-7f94340c3000 ---p 00000000 00:00 0 
7f94340c3000-7f9435000000 rw-p 00000000 00:00 0 
7f9435000000-7f94356e0000 rwxp 00000000 00:00 0 
7f94356e0000-7f9444000000 ---p 00000000 00:00 0 
7f9444000000-7f944447c000 rw-p 00000000 00:00 0 
7f944447c000-7f9448000000 ---p 00000000 00:00 0 
7f9448011000-7f944801b000 r--s 00116000 08:01 2756143                    /usr/lib/jvm/jdk1.8.0_181/jre/lib/ext/localedata.jar
7f944801b000-7f9448037000 r--s 00393000 08:01 2756136                    /usr/lib/jvm/jdk1.8.0_181/jre/lib/ext/cldrdata.jar
7f9448037000-7f94480b0000 r--s 010f9000 08:01 1448503                    /usr/lib/jvm/jdk1.8.0_181/lib/tools.jar
7f94480b0000-7f94481b1000 rw-p 00000000 00:00 0 
7f94481b1000-7f944838b000 r--s 03d6b000 08:01 2756084                    /usr/lib/jvm/jdk1.8.0_181/jre/lib/rt.jar
7f944838b000-7f94487e4000 rw-p 00000000 00:00 0 
7f94487e4000-7f94487e5000 ---p 00000000 00:00 0 
7f94487e5000-7f94488e5000 rw-p 00000000 00:00 0 
7f94488e5000-7f94488e6000 ---p 00000000 00:00 0 
7f94488e6000-7f9448a10000 rw-p 00000000 00:00 0 
7f9448a10000-7f9448c7e000 ---p 00000000 00:00 0 
7f9448c7e000-7f9448ca8000 rw-p 00000000 00:00 0 
7f9448ca8000-7f9448f15000 ---p 00000000 00:00 0 
7f9448f15000-7f9448f5e000 rw-p 00000000 00:00 0 
7f9448f5e000-7f9449061000 ---p 00000000 00:00 0 
7f9449061000-7f944907e000 rw-p 00000000 00:00 0 
7f944907e000-7f9449422000 ---p 00000000 00:00 0 
7f9449422000-7f944943d000 r-xp 00000000 08:01 2756233                    /usr/lib/jvm/jdk1.8.0_181/jre/lib/amd64/libzip.so
7f944943d000-7f944963d000 ---p 0001b000 08:01 2756233                    /usr/lib/jvm/jdk1.8.0_181/jre/lib/amd64/libzip.so
7f944963d000-7f944963e000 rw-p 0001b000 08:01 2756233                    /usr/lib/jvm/jdk1.8.0_181/jre/lib/amd64/libzip.so
7f944963e000-7f9449649000 r-xp 00000000 08:01 1054188                    /lib/x86_64-linux-gnu/libnss_files-2.23.so
7f9449649000-7f9449848000 ---p 0000b000 08:01 1054188                    /lib/x86_64-linux-gnu/libnss_files-2.23.so
7f9449848000-7f9449849000 r--p 0000a000 08:01 1054188                    /lib/x86_64-linux-gnu/libnss_files-2.23.so
7f9449849000-7f944984a000 rw-p 0000b000 08:01 1054188                    /lib/x86_64-linux-gnu/libnss_files-2.23.so
7f944984a000-7f9449850000 rw-p 00000000 00:00 0 
7f9449850000-7f944985b000 r-xp 00000000 08:01 1054198                    /lib/x86_64-linux-gnu/libnss_nis-2.23.so
7f944985b000-7f9449a5a000 ---p 0000b000 08:01 1054198                    /lib/x86_64-linux-gnu/libnss_nis-2.23.so
7f9449a5a000-7f9449a5b000 r--p 0000a000 08:01 1054198                    /lib/x86_64-linux-gnu/libnss_nis-2.23.so
7f9449a5b000-7f9449a5c000 rw-p 0000b000 08:01 1054198                    /lib/x86_64-linux-gnu/libnss_nis-2.23.so
7f9449a5c000-7f9449a72000 r-xp 00000000 08:01 1054182                    /lib/x86_64-linux-gnu/libnsl-2.23.so
7f9449a72000-7f9449c71000 ---p 00016000 08:01 1054182                    /lib/x86_64-linux-gnu/libnsl-2.23.so
7f9449c71000-7f9449c72000 r--p 00015000 08:01 1054182                    /lib/x86_64-linux-gnu/libnsl-2.23.so
7f9449c72000-7f9449c73000 rw-p 00016000 08:01 1054182                    /lib/x86_64-linux-gnu/libnsl-2.23.so
7f9449c73000-7f9449c75000 rw-p 00000000 00:00 0 
7f9449c75000-7f9449c7d000 r-xp 00000000 08:01 1054184                    /lib/x86_64-linux-gnu/libnss_compat-2.23.so
7f9449c7d000-7f9449e7c000 ---p 00008000 08:01 1054184                    /lib/x86_64-linux-gnu/libnss_compat-2.23.so
7f9449e7c000-7f9449e7d000 r--p 00007000 08:01 1054184                    /lib/x86_64-linux-gnu/libnss_compat-2.23.so
7f9449e7d000-7f9449e7e000 rw-p 00008000 08:01 1054184                    /lib/x86_64-linux-gnu/libnss_compat-2.23.so
7f9449e7e000-7f9449ea9000 r-xp 00000000 08:01 2756227                    /usr/lib/jvm/jdk1.8.0_181/jre/lib/amd64/libjava.so
7f9449ea9000-7f944a0a8000 ---p 0002b000 08:01 2756227                    /usr/lib/jvm/jdk1.8.0_181/jre/lib/amd64/libjava.so
7f944a0a8000-7f944a0aa000 rw-p 0002a000 08:01 2756227                    /usr/lib/jvm/jdk1.8.0_181/jre/lib/amd64/libjava.so
7f944a0aa000-7f944a0b7000 r-xp 00000000 08:01 2756232                    /usr/lib/jvm/jdk1.8.0_181/jre/lib/amd64/libverify.so
7f944a0b7000-7f944a2b7000 ---p 0000d000 08:01 2756232                    /usr/lib/jvm/jdk1.8.0_181/jre/lib/amd64/libverify.so
7f944a2b7000-7f944a2b9000 rw-p 0000d000 08:01 2756232                    /usr/lib/jvm/jdk1.8.0_181/jre/lib/amd64/libverify.so
7f944a2b9000-7f944a2c0000 r-xp 00000000 08:01 1054243                    /lib/x86_64-linux-gnu/librt-2.23.so
7f944a2c0000-7f944a4bf000 ---p 00007000 08:01 1054243                    /lib/x86_64-linux-gnu/librt-2.23.so
7f944a4bf000-7f944a4c0000 r--p 00006000 08:01 1054243                    /lib/x86_64-linux-gnu/librt-2.23.so
7f944a4c0000-7f944a4c1000 rw-p 00007000 08:01 1054243                    /lib/x86_64-linux-gnu/librt-2.23.so
7f944a4c1000-7f944a5c9000 r-xp 00000000 08:01 1054159                    /lib/x86_64-linux-gnu/libm-2.23.so
7f944a5c9000-7f944a7c8000 ---p 00108000 08:01 1054159                    /lib/x86_64-linux-gnu/libm-2.23.so
7f944a7c8000-7f944a7c9000 r--p 00107000 08:01 1054159                    /lib/x86_64-linux-gnu/libm-2.23.so
7f944a7c9000-7f944a7ca000 rw-p 00108000 08:01 1054159                    /lib/x86_64-linux-gnu/libm-2.23.so
7f944a7ca000-7f944b4a6000 r-xp 00000000 08:01 2756209                    /usr/lib/jvm/jdk1.8.0_181/jre/lib/amd64/server/libjvm.so
7f944b4a6000-7f944b6a6000 ---p 00cdc000 08:01 2756209                    /usr/lib/jvm/jdk1.8.0_181/jre/lib/amd64/server/libjvm.so
7f944b6a6000-7f944b780000 rw-p 00cdc000 08:01 2756209                    /usr/lib/jvm/jdk1.8.0_181/jre/lib/amd64/server/libjvm.so
7f944b780000-7f944b7cb000 rw-p 00000000 00:00 0 
7f944b7cb000-7f944b98b000 r-xp 00000000 08:01 1054089                    /lib/x86_64-linux-gnu/libc-2.23.so
7f944b98b000-7f944bb8b000 ---p 001c0000 08:01 1054089                    /lib/x86_64-linux-gnu/libc-2.23.so
7f944bb8b000-7f944bb8f000 r--p 001c0000 08:01 1054089                    /lib/x86_64-linux-gnu/libc-2.23.so
7f944bb8f000-7f944bb91000 rw-p 001c4000 08:01 1054089                    /lib/x86_64-linux-gnu/libc-2.23.so
7f944bb91000-7f944bb95000 rw-p 00000000 00:00 0 
7f944bb95000-7f944bb98000 r-xp 00000000 08:01 1054113                    /lib/x86_64-linux-gnu/libdl-2.23.so
7f944bb98000-7f944bd97000 ---p 00003000 08:01 1054113                    /lib/x86_64-linux-gnu/libdl-2.23.so
7f944bd97000-7f944bd98000 r--p 00002000 08:01 1054113                    /lib/x86_64-linux-gnu/libdl-2.23.so
7f944bd98000-7f944bd99000 rw-p 00003000 08:01 1054113                    /lib/x86_64-linux-gnu/libdl-2.23.so
7f944bd99000-7f944bdaf000 r-xp 00000000 08:01 1449032                    /usr/lib/jvm/jdk1.8.0_181/lib/amd64/jli/libjli.so
7f944bdaf000-7f944bfae000 ---p 00016000 08:01 1449032                    /usr/lib/jvm/jdk1.8.0_181/lib/amd64/jli/libjli.so
7f944bfae000-7f944bfaf000 rw-p 00015000 08:01 1449032                    /usr/lib/jvm/jdk1.8.0_181/lib/amd64/jli/libjli.so
7f944bfaf000-7f944bfc7000 r-xp 00000000 08:01 1054235                    /lib/x86_64-linux-gnu/libpthread-2.23.so
7f944bfc7000-7f944c1c6000 ---p 00018000 08:01 1054235                    /lib/x86_64-linux-gnu/libpthread-2.23.so
7f944c1c6000-7f944c1c7000 r--p 00017000 08:01 1054235                    /lib/x86_64-linux-gnu/libpthread-2.23.so
7f944c1c7000-7f944c1c8000 rw-p 00018000 08:01 1054235                    /lib/x86_64-linux-gnu/libpthread-2.23.so
7f944c1c8000-7f944c1cc000 rw-p 00000000 00:00 0 
7f944c1cc000-7f944c1f2000 r-xp 00000000 08:01 1054061                    /lib/x86_64-linux-gnu/ld-2.23.so
7f944c1f2000-7f944c202000 r--s 00139000 08:01 139022                     /home/whj/dowork/DiffTGen/extra_output/Chart_26_2_jaid/target/build/classes/all0.jar
7f944c202000-7f944c2d3000 rw-p 00000000 00:00 0 
7f944c2d3000-7f944c2d6000 ---p 00000000 00:00 0 
7f944c2d6000-7f944c3d9000 rw-p 00000000 00:00 0 
7f944c3d9000-7f944c3de000 r--s 0009d000 08:01 2756133                    /usr/lib/jvm/jdk1.8.0_181/jre/lib/jsse.jar
7f944c3de000-7f944c3e6000 r--s 0006e000 08:01 2248917                    /home/whj/dowork/DiffTGen/lib/commons-lang3-3.5.jar
7f944c3e6000-7f944c3e7000 r--s 00000000 08:01 2248922                    /home/whj/dowork/DiffTGen/lib/myprinter.jar
7f944c3e7000-7f944c3ef000 rw-s 00000000 08:01 1984686                    /tmp/hsperfdata_whj/64469
7f944c3ef000-7f944c3f0000 rw-p 00000000 00:00 0 
7f944c3f0000-7f944c3f1000 ---p 00000000 00:00 0 
7f944c3f1000-7f944c3f2000 r--p 00025000 08:01 1054061                    /lib/x86_64-linux-gnu/ld-2.23.so
7f944c3f2000-7f944c3f3000 rw-p 00026000 08:01 1054061                    /lib/x86_64-linux-gnu/ld-2.23.so
7f944c3f3000-7f944c3f4000 rw-p 00000000 00:00 0 
7ffd97fd8000-7ffd97ffa000 rw-p 00000000 00:00 0                          [stack]
7ffd97ffa000-7ffd97ffd000 r--p 00000000 00:00 0                          [vvar]
7ffd97ffd000-7ffd97fff000 r-xp 00000000 00:00 0                          [vdso]
ffffffffff600000-ffffffffff601000 r-xp 00000000 00:00 0                  [vsyscall]

VM Arguments:
java_command: /home/whj/dowork/DiffTGen/lib/evosuite-1.0.6.jar -base_dir /home/whj/dowork/DiffTGen/extra_output/Chart_26_2_jaid/target/0/18 -projectCP /home/whj/dowork/DiffTGen/extra_output/Chart_26_2_jaid/target/build/classes/all0.jar:/home/whj/dowork/DiffTGen/lib/myprinter.jar:/home/whj/dowork/DiffTGen/lib/commons-lang3-3.5.jar -class org.jfree.chart.axis.Axis -Dassertions=false -Dsearch_budget=60
java_class_path (initial): /home/whj/dowork/DiffTGen/lib/evosuite-1.0.6.jar
Launcher Type: SUN_STANDARD

Environment Variables:
JAVA_HOME=/usr/lib/jvm/jdk1.8.0_181
JRE_HOME=/usr/lib/jvm/jdk1.8.0_181/jre
CLASSPATH=.:/usr/lib/jvm/jdk1.8.0_181/lib:/usr/lib/jvm/jdk1.8.0_181/jre/lib
PATH=/home/whj/perl5/bin:/home/whj/dowork/defects4j-1.2.0/framework/bin:/usr/lib/jvm/jdk1.8.0_181/bin:/usr/lib/jvm/jdk1.8.0_181/jre/bin:/home/whj/bin:/home/whj/.local/bin:/usr/local/sbin:/usr/local/bin:/usr/sbin:/usr/bin:/sbin:/bin:/usr/games:/usr/local/games" :/snap/bin:/home/whj/bin
SHELL=/bin/bash
DISPLAY=:0

Signal Handlers:
SIGSEGV: [libjvm.so+0xad2a40], sa_mask[0]=11111111011111111101111111111110, sa_flags=SA_RESTART|SA_SIGINFO
SIGBUS: [libjvm.so+0xad2a40], sa_mask[0]=11111111011111111101111111111110, sa_flags=SA_RESTART|SA_SIGINFO
SIGFPE: [libjvm.so+0x92a610], sa_mask[0]=11111111011111111101111111111110, sa_flags=SA_RESTART|SA_SIGINFO
SIGPIPE: [libjvm.so+0x92a610], sa_mask[0]=11111111011111111101111111111110, sa_flags=SA_RESTART|SA_SIGINFO
SIGXFSZ: [libjvm.so+0x92a610], sa_mask[0]=11111111011111111101111111111110, sa_flags=SA_RESTART|SA_SIGINFO
SIGILL: [libjvm.so+0x92a610], sa_mask[0]=11111111011111111101111111111110, sa_flags=SA_RESTART|SA_SIGINFO
SIGUSR1: SIG_DFL, sa_mask[0]=00000000000000000000000000000000, sa_flags=none
SIGUSR2: [libjvm.so+0x92be70], sa_mask[0]=00100000000000000000000000000000, sa_flags=SA_RESTART|SA_SIGINFO
SIGHUP: [libjvm.so+0x92d270], sa_mask[0]=11111111011111111101111111111110, sa_flags=SA_RESTART|SA_SIGINFO
SIGINT: [libjvm.so+0x92d270], sa_mask[0]=11111111011111111101111111111110, sa_flags=SA_RESTART|SA_SIGINFO
SIGTERM: [libjvm.so+0x92d270], sa_mask[0]=11111111011111111101111111111110, sa_flags=SA_RESTART|SA_SIGINFO
SIGQUIT: [libjvm.so+0x92d270], sa_mask[0]=11111111011111111101111111111110, sa_flags=SA_RESTART|SA_SIGINFO


---------------  S Y S T E M  ---------------

OS:DISTRIB_ID=Ubuntu
DISTRIB_RELEASE=16.04
DISTRIB_CODENAME=xenial
DISTRIB_DESCRIPTION="Ubuntu 16.04.6 LTS"

uname:Linux 4.15.0-91-generic #92~16.04.1-Ubuntu SMP Fri Feb 28 14:57:22 UTC 2020 x86_64
libc:glibc 2.23 NPTL 2.23 
rlimit: STACK 8192k, CORE 0k, NPROC 31576, NOFILE 1048576, AS infinity
load average:20.58 16.88 15.85

/proc/meminfo:
MemTotal:        8144704 kB
MemFree:          949488 kB
MemAvailable:     845956 kB
Buffers:             552 kB
Cached:            36756 kB
SwapCached:         1064 kB
Active:          5923640 kB
Inactive:         783156 kB
Active(anon):    5905368 kB
Inactive(anon):   766556 kB
Active(file):      18272 kB
Inactive(file):    16600 kB
Unevictable:          32 kB
Mlocked:              32 kB
SwapTotal:        998396 kB
SwapFree:              0 kB
Dirty:               160 kB
Writeback:           188 kB
AnonPages:       6668824 kB
Mapped:            31104 kB
Shmem:              2192 kB
Slab:              93936 kB
SReclaimable:      31712 kB
SUnreclaim:        62224 kB
KernelStack:       16080 kB
PageTables:        46792 kB
NFS_Unstable:          0 kB
Bounce:                0 kB
WritebackTmp:          0 kB
CommitLimit:     5070748 kB
Committed_AS:   14038516 kB
VmallocTotal:   34359738367 kB
VmallocUsed:           0 kB
VmallocChunk:          0 kB
HardwareCorrupted:     0 kB
AnonHugePages:         0 kB
ShmemHugePages:        0 kB
ShmemPmdMapped:        0 kB
CmaTotal:              0 kB
CmaFree:               0 kB
HugePages_Total:       0
HugePages_Free:        0
HugePages_Rsvd:        0
HugePages_Surp:        0
Hugepagesize:       2048 kB
DirectMap4k:      143168 kB
DirectMap2M:     8245248 kB
DirectMap1G:     2097152 kB


CPU:total 2 (initial active 2) (2 cores per cpu, 1 threads per core) family 6 model 158 stepping 10, cmov, cx8, fxsr, mmx, sse, sse2, sse3, ssse3, sse4.1, sse4.2, popcnt, avx, avx2, aes, clmul, erms, 3dnowpref, lzcnt, tsc, tscinvbit, bmi1, bmi2, adx

/proc/cpuinfo:
processor	: 0
vendor_id	: GenuineIntel
cpu family	: 6
model		: 158
model name	: Intel(R) Core(TM) i7-8750H CPU @ 2.20GHz
stepping	: 10
microcode	: 0x96
cpu MHz		: 2207.999
cache size	: 9216 KB
physical id	: 0
siblings	: 2
core id		: 0
cpu cores	: 2
apicid		: 0
initial apicid	: 0
fpu		: yes
fpu_exception	: yes
cpuid level	: 22
wp		: yes
flags		: fpu vme de pse tsc msr pae mce cx8 apic sep mtrr pge mca cmov pat pse36 clflush mmx fxsr sse sse2 ss ht syscall nx pdpe1gb rdtscp lm constant_tsc arch_perfmon nopl xtopology tsc_reliable nonstop_tsc cpuid pni pclmulqdq ssse3 fma cx16 pcid sse4_1 sse4_2 x2apic movbe popcnt tsc_deadline_timer aes xsave avx f16c rdrand hypervisor lahf_lm abm 3dnowprefetch cpuid_fault invpcid_single pti ssbd ibrs ibpb stibp fsgsbase tsc_adjust bmi1 avx2 smep bmi2 invpcid rdseed adx smap xsaveopt arat flush_l1d arch_capabilities
bugs		: cpu_meltdown spectre_v1 spectre_v2 spec_store_bypass l1tf mds swapgs itlb_multihit
bogomips	: 4415.99
clflush size	: 64
cache_alignment	: 64
address sizes	: 42 bits physical, 48 bits virtual
power management:

processor	: 1
vendor_id	: GenuineIntel
cpu family	: 6
model		: 158
model name	: Intel(R) Core(TM) i7-8750H CPU @ 2.20GHz
stepping	: 10
microcode	: 0x96
cpu MHz		: 2207.999
cache size	: 9216 KB
physical id	: 0
siblings	: 2
core id		: 1
cpu cores	: 2
apicid		: 1
initial apicid	: 1
fpu		: yes
fpu_exception	: yes
cpuid level	: 22
wp		: yes
flags		: fpu vme de pse tsc msr pae mce cx8 apic sep mtrr pge mca cmov pat pse36 clflush mmx fxsr sse sse2 ss ht syscall nx pdpe1gb rdtscp lm constant_tsc arch_perfmon nopl xtopology tsc_reliable nonstop_tsc cpuid pni pclmulqdq ssse3 fma cx16 pcid sse4_1 sse4_2 x2apic movbe popcnt tsc_deadline_timer aes xsave avx f16c rdrand hypervisor lahf_lm abm 3dnowprefetch cpuid_fault invpcid_single pti ssbd ibrs ibpb stibp fsgsbase tsc_adjust bmi1 avx2 smep bmi2 invpcid rdseed adx smap xsaveopt arat flush_l1d arch_capabilities
bugs		: cpu_meltdown spectre_v1 spectre_v2 spec_store_bypass l1tf mds swapgs itlb_multihit
bogomips	: 4415.99
clflush size	: 64
cache_alignment	: 64
address sizes	: 42 bits physical, 48 bits virtual
power management:



Memory: 4k page, physical 8144704k(949488k free), swap 998396k(0k free)

vm_info: Java HotSpot(TM) 64-Bit Server VM (25.181-b13) for linux-amd64 JRE (1.8.0_181-b13), built on Jul  7 2018 00:56:38 by "java_re" with gcc 4.3.0 20080428 (Red Hat 4.3.0-8)

time: Sat Mar 28 21:15:53 2020
elapsed time: 151 seconds (0d 0h 2m 31s)

